[2023-08-09T03:46:53.474+0000] {taskinstance.py:1103} INFO - Dependencies all met for dep_context=non-requeueable deps ti=<TaskInstance: taskflow_dag.execute_task3 scheduled__2023-08-08T00:00:00+00:00 [queued]>
[2023-08-09T03:46:53.483+0000] {taskinstance.py:1103} INFO - Dependencies all met for dep_context=requeueable deps ti=<TaskInstance: taskflow_dag.execute_task3 scheduled__2023-08-08T00:00:00+00:00 [queued]>
[2023-08-09T03:46:53.483+0000] {taskinstance.py:1308} INFO - Starting attempt 1 of 1
[2023-08-09T03:46:53.500+0000] {taskinstance.py:1327} INFO - Executing <Task(_PythonDecoratedOperator): execute_task3> on 2023-08-08 00:00:00+00:00
[2023-08-09T03:46:53.506+0000] {standard_task_runner.py:57} INFO - Started process 6003 to run task
[2023-08-09T03:46:53.515+0000] {standard_task_runner.py:84} INFO - Running: ['***', 'tasks', 'run', 'taskflow_dag', 'execute_task3', 'scheduled__2023-08-08T00:00:00+00:00', '--job-id', '71', '--raw', '--subdir', 'DAGS_FOLDER/5_taskflow_api/taskflowoo.py', '--cfg-path', '/tmp/tmp8df8v42k']
[2023-08-09T03:46:53.518+0000] {standard_task_runner.py:85} INFO - Job 71: Subtask execute_task3
[2023-08-09T03:46:53.621+0000] {task_command.py:410} INFO - Running <TaskInstance: taskflow_dag.execute_task3 scheduled__2023-08-08T00:00:00+00:00 [running]> on host ce583f477705
[2023-08-09T03:46:53.773+0000] {taskinstance.py:1547} INFO - Exporting env vars: AIRFLOW_CTX_DAG_OWNER='Willis' AIRFLOW_CTX_DAG_ID='taskflow_dag' AIRFLOW_CTX_TASK_ID='execute_task3' AIRFLOW_CTX_EXECUTION_DATE='2023-08-08T00:00:00+00:00' AIRFLOW_CTX_TRY_NUMBER='1' AIRFLOW_CTX_DAG_RUN_ID='scheduled__2023-08-08T00:00:00+00:00'
[2023-08-09T03:46:53.778+0000] {logging_mixin.py:150} INFO - Task 3
[2023-08-09T03:46:53.779+0000] {python.py:183} INFO - Done. Returned value was: Output of Task 3
[2023-08-09T03:46:53.815+0000] {taskinstance.py:1350} INFO - Marking task as SUCCESS. dag_id=taskflow_dag, task_id=execute_task3, execution_date=20230808T000000, start_date=20230809T034653, end_date=20230809T034653
[2023-08-09T03:46:53.849+0000] {local_task_job_runner.py:225} INFO - Task exited with return code 0
[2023-08-09T03:46:53.876+0000] {taskinstance.py:2653} INFO - 0 downstream tasks scheduled from follow-on schedule check
[2023-08-09T04:35:31.957+0000] {taskinstance.py:1103} INFO - Dependencies all met for dep_context=non-requeueable deps ti=<TaskInstance: taskflow_dag.execute_task3 scheduled__2023-08-08T00:00:00+00:00 [queued]>
[2023-08-09T04:35:31.969+0000] {taskinstance.py:1103} INFO - Dependencies all met for dep_context=requeueable deps ti=<TaskInstance: taskflow_dag.execute_task3 scheduled__2023-08-08T00:00:00+00:00 [queued]>
[2023-08-09T04:35:31.970+0000] {taskinstance.py:1308} INFO - Starting attempt 1 of 1
[2023-08-09T04:35:31.985+0000] {taskinstance.py:1327} INFO - Executing <Task(_PythonDecoratedOperator): execute_task3> on 2023-08-08 00:00:00+00:00
[2023-08-09T04:35:31.992+0000] {standard_task_runner.py:57} INFO - Started process 6890 to run task
[2023-08-09T04:35:32.000+0000] {standard_task_runner.py:84} INFO - Running: ['***', 'tasks', 'run', 'taskflow_dag', 'execute_task3', 'scheduled__2023-08-08T00:00:00+00:00', '--job-id', '85', '--raw', '--subdir', 'DAGS_FOLDER/5_taskflow_api/taskflow_dag.py', '--cfg-path', '/tmp/tmp83wqrzml']
[2023-08-09T04:35:32.002+0000] {standard_task_runner.py:85} INFO - Job 85: Subtask execute_task3
[2023-08-09T04:35:32.107+0000] {task_command.py:410} INFO - Running <TaskInstance: taskflow_dag.execute_task3 scheduled__2023-08-08T00:00:00+00:00 [running]> on host ce583f477705
[2023-08-09T04:35:32.188+0000] {taskinstance.py:1547} INFO - Exporting env vars: AIRFLOW_CTX_DAG_OWNER='Willis' AIRFLOW_CTX_DAG_ID='taskflow_dag' AIRFLOW_CTX_TASK_ID='execute_task3' AIRFLOW_CTX_EXECUTION_DATE='2023-08-08T00:00:00+00:00' AIRFLOW_CTX_TRY_NUMBER='1' AIRFLOW_CTX_DAG_RUN_ID='scheduled__2023-08-08T00:00:00+00:00'
[2023-08-09T04:35:32.189+0000] {logging_mixin.py:150} INFO - Task 3
[2023-08-09T04:35:32.189+0000] {python.py:183} INFO - Done. Returned value was: Output of Task 3
[2023-08-09T04:35:32.215+0000] {taskinstance.py:1350} INFO - Marking task as SUCCESS. dag_id=taskflow_dag, task_id=execute_task3, execution_date=20230808T000000, start_date=20230809T043531, end_date=20230809T043532
[2023-08-09T04:35:32.248+0000] {local_task_job_runner.py:225} INFO - Task exited with return code 0
[2023-08-09T04:35:32.273+0000] {taskinstance.py:2653} INFO - 1 downstream tasks scheduled from follow-on schedule check
