[2023-08-25T00:40:43.283+0000] {processor.py:157} INFO - Started process (PID=5079) to work on /opt/airflow/dags/1_first_dag/first_dag.py
[2023-08-25T00:40:43.287+0000] {processor.py:829} INFO - Processing file /opt/airflow/dags/1_first_dag/first_dag.py for tasks to queue
[2023-08-25T00:40:43.288+0000] {logging_mixin.py:151} INFO - [2023-08-25T00:40:43.287+0000] {dagbag.py:539} INFO - Filling up the DagBag from /opt/airflow/dags/1_first_dag/first_dag.py
[2023-08-25T00:40:43.305+0000] {processor.py:839} INFO - DAG(s) dict_keys(['your_first_dag']) retrieved from /opt/airflow/dags/1_first_dag/first_dag.py
[2023-08-25T00:40:43.385+0000] {logging_mixin.py:151} INFO - [2023-08-25T00:40:43.385+0000] {dag.py:2907} INFO - Sync 1 DAGs
[2023-08-25T00:40:43.414+0000] {logging_mixin.py:151} INFO - [2023-08-25T00:40:43.414+0000] {dag.py:3677} INFO - Setting next_dagrun for your_first_dag to 2023-08-25T00:00:00+00:00, run_after=2023-08-26T00:00:00+00:00
[2023-08-25T00:40:43.456+0000] {processor.py:179} INFO - Processing /opt/airflow/dags/1_first_dag/first_dag.py took 0.177 seconds
[2023-08-25T01:34:28.245+0000] {processor.py:157} INFO - Started process (PID=5099) to work on /opt/airflow/dags/1_first_dag/first_dag.py
[2023-08-25T01:34:28.247+0000] {processor.py:829} INFO - Processing file /opt/airflow/dags/1_first_dag/first_dag.py for tasks to queue
[2023-08-25T01:34:28.248+0000] {logging_mixin.py:151} INFO - [2023-08-25T01:34:28.247+0000] {dagbag.py:539} INFO - Filling up the DagBag from /opt/airflow/dags/1_first_dag/first_dag.py
[2023-08-25T01:34:28.261+0000] {processor.py:839} INFO - DAG(s) dict_keys(['your_first_dag']) retrieved from /opt/airflow/dags/1_first_dag/first_dag.py
[2023-08-25T01:34:28.285+0000] {logging_mixin.py:151} INFO - [2023-08-25T01:34:28.285+0000] {dag.py:2907} INFO - Sync 1 DAGs
[2023-08-25T01:34:28.317+0000] {logging_mixin.py:151} INFO - [2023-08-25T01:34:28.316+0000] {dag.py:3677} INFO - Setting next_dagrun for your_first_dag to 2023-08-25T00:00:00+00:00, run_after=2023-08-26T00:00:00+00:00
[2023-08-25T01:34:28.343+0000] {processor.py:179} INFO - Processing /opt/airflow/dags/1_first_dag/first_dag.py took 0.101 seconds
[2023-08-25T02:17:12.121+0000] {processor.py:157} INFO - Started process (PID=5115) to work on /opt/airflow/dags/1_first_dag/first_dag.py
[2023-08-25T02:17:12.124+0000] {processor.py:829} INFO - Processing file /opt/airflow/dags/1_first_dag/first_dag.py for tasks to queue
[2023-08-25T02:17:12.127+0000] {logging_mixin.py:151} INFO - [2023-08-25T02:17:12.127+0000] {dagbag.py:539} INFO - Filling up the DagBag from /opt/airflow/dags/1_first_dag/first_dag.py
[2023-08-25T02:17:12.158+0000] {processor.py:839} INFO - DAG(s) dict_keys(['your_first_dag']) retrieved from /opt/airflow/dags/1_first_dag/first_dag.py
[2023-08-25T02:17:12.207+0000] {logging_mixin.py:151} INFO - [2023-08-25T02:17:12.207+0000] {dag.py:2907} INFO - Sync 1 DAGs
[2023-08-25T02:17:12.235+0000] {logging_mixin.py:151} INFO - [2023-08-25T02:17:12.235+0000] {dag.py:3677} INFO - Setting next_dagrun for your_first_dag to 2023-08-25T00:00:00+00:00, run_after=2023-08-26T00:00:00+00:00
[2023-08-25T02:17:12.258+0000] {processor.py:179} INFO - Processing /opt/airflow/dags/1_first_dag/first_dag.py took 0.140 seconds
[2023-08-25T02:50:46.216+0000] {processor.py:157} INFO - Started process (PID=5131) to work on /opt/airflow/dags/1_first_dag/first_dag.py
[2023-08-25T02:50:46.218+0000] {processor.py:829} INFO - Processing file /opt/airflow/dags/1_first_dag/first_dag.py for tasks to queue
[2023-08-25T02:50:46.220+0000] {logging_mixin.py:151} INFO - [2023-08-25T02:50:46.219+0000] {dagbag.py:539} INFO - Filling up the DagBag from /opt/airflow/dags/1_first_dag/first_dag.py
[2023-08-25T02:50:46.232+0000] {processor.py:839} INFO - DAG(s) dict_keys(['your_first_dag']) retrieved from /opt/airflow/dags/1_first_dag/first_dag.py
[2023-08-25T02:50:46.548+0000] {logging_mixin.py:151} INFO - [2023-08-25T02:50:46.548+0000] {dag.py:2907} INFO - Sync 1 DAGs
[2023-08-25T02:50:46.579+0000] {logging_mixin.py:151} INFO - [2023-08-25T02:50:46.579+0000] {dag.py:3677} INFO - Setting next_dagrun for your_first_dag to 2023-08-25T00:00:00+00:00, run_after=2023-08-26T00:00:00+00:00
[2023-08-25T02:50:46.626+0000] {processor.py:179} INFO - Processing /opt/airflow/dags/1_first_dag/first_dag.py took 0.413 seconds
[2023-08-25T03:15:22.588+0000] {processor.py:157} INFO - Started process (PID=5147) to work on /opt/airflow/dags/1_first_dag/first_dag.py
[2023-08-25T03:15:22.590+0000] {processor.py:829} INFO - Processing file /opt/airflow/dags/1_first_dag/first_dag.py for tasks to queue
[2023-08-25T03:15:22.591+0000] {logging_mixin.py:151} INFO - [2023-08-25T03:15:22.590+0000] {dagbag.py:539} INFO - Filling up the DagBag from /opt/airflow/dags/1_first_dag/first_dag.py
[2023-08-25T03:15:22.604+0000] {processor.py:839} INFO - DAG(s) dict_keys(['your_first_dag']) retrieved from /opt/airflow/dags/1_first_dag/first_dag.py
[2023-08-25T03:15:22.652+0000] {logging_mixin.py:151} INFO - [2023-08-25T03:15:22.652+0000] {dag.py:2907} INFO - Sync 1 DAGs
[2023-08-25T03:15:22.675+0000] {logging_mixin.py:151} INFO - [2023-08-25T03:15:22.675+0000] {dag.py:3677} INFO - Setting next_dagrun for your_first_dag to 2023-08-25T00:00:00+00:00, run_after=2023-08-26T00:00:00+00:00
[2023-08-25T03:15:22.701+0000] {processor.py:179} INFO - Processing /opt/airflow/dags/1_first_dag/first_dag.py took 0.116 seconds
[2023-08-25T03:22:30.713+0000] {processor.py:157} INFO - Started process (PID=5163) to work on /opt/airflow/dags/1_first_dag/first_dag.py
[2023-08-25T03:22:30.714+0000] {processor.py:829} INFO - Processing file /opt/airflow/dags/1_first_dag/first_dag.py for tasks to queue
[2023-08-25T03:22:30.715+0000] {logging_mixin.py:151} INFO - [2023-08-25T03:22:30.715+0000] {dagbag.py:539} INFO - Filling up the DagBag from /opt/airflow/dags/1_first_dag/first_dag.py
[2023-08-25T03:22:30.725+0000] {processor.py:839} INFO - DAG(s) dict_keys(['your_first_dag']) retrieved from /opt/airflow/dags/1_first_dag/first_dag.py
[2023-08-25T03:22:30.746+0000] {logging_mixin.py:151} INFO - [2023-08-25T03:22:30.746+0000] {dag.py:2907} INFO - Sync 1 DAGs
[2023-08-25T03:22:30.759+0000] {logging_mixin.py:151} INFO - [2023-08-25T03:22:30.759+0000] {dag.py:3677} INFO - Setting next_dagrun for your_first_dag to 2023-08-25T00:00:00+00:00, run_after=2023-08-26T00:00:00+00:00
[2023-08-25T03:22:30.769+0000] {processor.py:179} INFO - Processing /opt/airflow/dags/1_first_dag/first_dag.py took 0.059 seconds
[2023-08-25T03:27:07.858+0000] {processor.py:157} INFO - Started process (PID=5179) to work on /opt/airflow/dags/1_first_dag/first_dag.py
[2023-08-25T03:27:07.861+0000] {processor.py:829} INFO - Processing file /opt/airflow/dags/1_first_dag/first_dag.py for tasks to queue
[2023-08-25T03:27:07.863+0000] {logging_mixin.py:151} INFO - [2023-08-25T03:27:07.863+0000] {dagbag.py:539} INFO - Filling up the DagBag from /opt/airflow/dags/1_first_dag/first_dag.py
[2023-08-25T03:27:07.881+0000] {processor.py:839} INFO - DAG(s) dict_keys(['your_first_dag']) retrieved from /opt/airflow/dags/1_first_dag/first_dag.py
[2023-08-25T03:27:07.905+0000] {logging_mixin.py:151} INFO - [2023-08-25T03:27:07.905+0000] {dag.py:2907} INFO - Sync 1 DAGs
[2023-08-25T03:27:07.919+0000] {logging_mixin.py:151} INFO - [2023-08-25T03:27:07.919+0000] {dag.py:3677} INFO - Setting next_dagrun for your_first_dag to 2023-08-25T00:00:00+00:00, run_after=2023-08-26T00:00:00+00:00
[2023-08-25T03:27:07.930+0000] {processor.py:179} INFO - Processing /opt/airflow/dags/1_first_dag/first_dag.py took 0.078 seconds
[2023-08-25T04:02:00.311+0000] {processor.py:157} INFO - Started process (PID=5195) to work on /opt/airflow/dags/1_first_dag/first_dag.py
[2023-08-25T04:02:00.313+0000] {processor.py:829} INFO - Processing file /opt/airflow/dags/1_first_dag/first_dag.py for tasks to queue
[2023-08-25T04:02:00.318+0000] {logging_mixin.py:151} INFO - [2023-08-25T04:02:00.314+0000] {dagbag.py:539} INFO - Filling up the DagBag from /opt/airflow/dags/1_first_dag/first_dag.py
[2023-08-25T04:02:00.349+0000] {processor.py:839} INFO - DAG(s) dict_keys(['your_first_dag']) retrieved from /opt/airflow/dags/1_first_dag/first_dag.py
[2023-08-25T04:02:00.383+0000] {logging_mixin.py:151} INFO - [2023-08-25T04:02:00.383+0000] {dag.py:2907} INFO - Sync 1 DAGs
[2023-08-25T04:02:00.398+0000] {logging_mixin.py:151} INFO - [2023-08-25T04:02:00.398+0000] {dag.py:3677} INFO - Setting next_dagrun for your_first_dag to 2023-08-25T00:00:00+00:00, run_after=2023-08-26T00:00:00+00:00
[2023-08-25T04:02:00.409+0000] {processor.py:179} INFO - Processing /opt/airflow/dags/1_first_dag/first_dag.py took 0.105 seconds
[2023-08-25T04:59:15.213+0000] {processor.py:157} INFO - Started process (PID=5211) to work on /opt/airflow/dags/1_first_dag/first_dag.py
[2023-08-25T04:59:15.214+0000] {processor.py:829} INFO - Processing file /opt/airflow/dags/1_first_dag/first_dag.py for tasks to queue
[2023-08-25T04:59:15.219+0000] {logging_mixin.py:151} INFO - [2023-08-25T04:59:15.218+0000] {dagbag.py:539} INFO - Filling up the DagBag from /opt/airflow/dags/1_first_dag/first_dag.py
[2023-08-25T04:59:15.232+0000] {processor.py:839} INFO - DAG(s) dict_keys(['your_first_dag']) retrieved from /opt/airflow/dags/1_first_dag/first_dag.py
[2023-08-25T04:59:15.255+0000] {logging_mixin.py:151} INFO - [2023-08-25T04:59:15.255+0000] {dag.py:2907} INFO - Sync 1 DAGs
[2023-08-25T04:59:15.269+0000] {logging_mixin.py:151} INFO - [2023-08-25T04:59:15.269+0000] {dag.py:3677} INFO - Setting next_dagrun for your_first_dag to 2023-08-25T00:00:00+00:00, run_after=2023-08-26T00:00:00+00:00
[2023-08-25T04:59:15.279+0000] {processor.py:179} INFO - Processing /opt/airflow/dags/1_first_dag/first_dag.py took 0.069 seconds
[2023-08-25T05:17:13.037+0000] {processor.py:157} INFO - Started process (PID=5227) to work on /opt/airflow/dags/1_first_dag/first_dag.py
[2023-08-25T05:17:13.038+0000] {processor.py:829} INFO - Processing file /opt/airflow/dags/1_first_dag/first_dag.py for tasks to queue
[2023-08-25T05:17:13.039+0000] {logging_mixin.py:151} INFO - [2023-08-25T05:17:13.039+0000] {dagbag.py:539} INFO - Filling up the DagBag from /opt/airflow/dags/1_first_dag/first_dag.py
[2023-08-25T05:17:13.051+0000] {processor.py:839} INFO - DAG(s) dict_keys(['your_first_dag']) retrieved from /opt/airflow/dags/1_first_dag/first_dag.py
[2023-08-25T05:17:13.073+0000] {logging_mixin.py:151} INFO - [2023-08-25T05:17:13.073+0000] {dag.py:2907} INFO - Sync 1 DAGs
[2023-08-25T05:17:13.087+0000] {logging_mixin.py:151} INFO - [2023-08-25T05:17:13.087+0000] {dag.py:3677} INFO - Setting next_dagrun for your_first_dag to 2023-08-25T00:00:00+00:00, run_after=2023-08-26T00:00:00+00:00
[2023-08-25T05:17:13.097+0000] {processor.py:179} INFO - Processing /opt/airflow/dags/1_first_dag/first_dag.py took 0.064 seconds
[2023-08-25T06:21:48.075+0000] {processor.py:157} INFO - Started process (PID=5243) to work on /opt/airflow/dags/1_first_dag/first_dag.py
[2023-08-25T06:21:48.076+0000] {processor.py:829} INFO - Processing file /opt/airflow/dags/1_first_dag/first_dag.py for tasks to queue
[2023-08-25T06:21:48.077+0000] {logging_mixin.py:151} INFO - [2023-08-25T06:21:48.077+0000] {dagbag.py:539} INFO - Filling up the DagBag from /opt/airflow/dags/1_first_dag/first_dag.py
[2023-08-25T06:21:48.099+0000] {processor.py:839} INFO - DAG(s) dict_keys(['your_first_dag']) retrieved from /opt/airflow/dags/1_first_dag/first_dag.py
[2023-08-25T06:21:48.143+0000] {logging_mixin.py:151} INFO - [2023-08-25T06:21:48.143+0000] {dag.py:2907} INFO - Sync 1 DAGs
[2023-08-25T06:21:48.167+0000] {logging_mixin.py:151} INFO - [2023-08-25T06:21:48.167+0000] {dag.py:3677} INFO - Setting next_dagrun for your_first_dag to 2023-08-25T00:00:00+00:00, run_after=2023-08-26T00:00:00+00:00
[2023-08-25T06:21:48.200+0000] {processor.py:179} INFO - Processing /opt/airflow/dags/1_first_dag/first_dag.py took 0.128 seconds
[2023-08-25T07:27:12.161+0000] {processor.py:157} INFO - Started process (PID=5259) to work on /opt/airflow/dags/1_first_dag/first_dag.py
[2023-08-25T07:27:12.162+0000] {processor.py:829} INFO - Processing file /opt/airflow/dags/1_first_dag/first_dag.py for tasks to queue
[2023-08-25T07:27:12.163+0000] {logging_mixin.py:151} INFO - [2023-08-25T07:27:12.163+0000] {dagbag.py:539} INFO - Filling up the DagBag from /opt/airflow/dags/1_first_dag/first_dag.py
[2023-08-25T07:27:12.174+0000] {processor.py:839} INFO - DAG(s) dict_keys(['your_first_dag']) retrieved from /opt/airflow/dags/1_first_dag/first_dag.py
[2023-08-25T07:27:12.196+0000] {logging_mixin.py:151} INFO - [2023-08-25T07:27:12.196+0000] {dag.py:2907} INFO - Sync 1 DAGs
[2023-08-25T07:27:12.210+0000] {logging_mixin.py:151} INFO - [2023-08-25T07:27:12.210+0000] {dag.py:3677} INFO - Setting next_dagrun for your_first_dag to 2023-08-25T00:00:00+00:00, run_after=2023-08-26T00:00:00+00:00
[2023-08-25T07:27:12.235+0000] {processor.py:179} INFO - Processing /opt/airflow/dags/1_first_dag/first_dag.py took 0.076 seconds
[2023-08-25T08:35:30.274+0000] {processor.py:157} INFO - Started process (PID=5275) to work on /opt/airflow/dags/1_first_dag/first_dag.py
[2023-08-25T08:35:30.276+0000] {processor.py:829} INFO - Processing file /opt/airflow/dags/1_first_dag/first_dag.py for tasks to queue
[2023-08-25T08:35:30.278+0000] {logging_mixin.py:151} INFO - [2023-08-25T08:35:30.277+0000] {dagbag.py:539} INFO - Filling up the DagBag from /opt/airflow/dags/1_first_dag/first_dag.py
[2023-08-25T08:35:30.295+0000] {processor.py:839} INFO - DAG(s) dict_keys(['your_first_dag']) retrieved from /opt/airflow/dags/1_first_dag/first_dag.py
[2023-08-25T08:35:30.349+0000] {logging_mixin.py:151} INFO - [2023-08-25T08:35:30.349+0000] {dag.py:2907} INFO - Sync 1 DAGs
[2023-08-25T08:35:30.378+0000] {logging_mixin.py:151} INFO - [2023-08-25T08:35:30.378+0000] {dag.py:3677} INFO - Setting next_dagrun for your_first_dag to 2023-08-25T00:00:00+00:00, run_after=2023-08-26T00:00:00+00:00
[2023-08-25T08:35:30.399+0000] {processor.py:179} INFO - Processing /opt/airflow/dags/1_first_dag/first_dag.py took 0.129 seconds
[2023-08-25T09:12:14.326+0000] {processor.py:157} INFO - Started process (PID=5291) to work on /opt/airflow/dags/1_first_dag/first_dag.py
[2023-08-25T09:12:14.330+0000] {processor.py:829} INFO - Processing file /opt/airflow/dags/1_first_dag/first_dag.py for tasks to queue
[2023-08-25T09:12:14.332+0000] {logging_mixin.py:151} INFO - [2023-08-25T09:12:14.331+0000] {dagbag.py:539} INFO - Filling up the DagBag from /opt/airflow/dags/1_first_dag/first_dag.py
[2023-08-25T09:12:14.358+0000] {processor.py:839} INFO - DAG(s) dict_keys(['your_first_dag']) retrieved from /opt/airflow/dags/1_first_dag/first_dag.py
[2023-08-25T09:12:14.416+0000] {logging_mixin.py:151} INFO - [2023-08-25T09:12:14.416+0000] {dag.py:2907} INFO - Sync 1 DAGs
[2023-08-25T09:12:14.443+0000] {logging_mixin.py:151} INFO - [2023-08-25T09:12:14.443+0000] {dag.py:3677} INFO - Setting next_dagrun for your_first_dag to 2023-08-25T00:00:00+00:00, run_after=2023-08-26T00:00:00+00:00
[2023-08-25T09:12:14.460+0000] {processor.py:179} INFO - Processing /opt/airflow/dags/1_first_dag/first_dag.py took 0.137 seconds
[2023-08-25T09:12:45.274+0000] {processor.py:157} INFO - Started process (PID=5307) to work on /opt/airflow/dags/1_first_dag/first_dag.py
[2023-08-25T09:12:45.278+0000] {processor.py:829} INFO - Processing file /opt/airflow/dags/1_first_dag/first_dag.py for tasks to queue
[2023-08-25T09:12:45.280+0000] {logging_mixin.py:151} INFO - [2023-08-25T09:12:45.279+0000] {dagbag.py:539} INFO - Filling up the DagBag from /opt/airflow/dags/1_first_dag/first_dag.py
[2023-08-25T09:12:45.298+0000] {processor.py:839} INFO - DAG(s) dict_keys(['your_first_dag']) retrieved from /opt/airflow/dags/1_first_dag/first_dag.py
[2023-08-25T09:12:45.329+0000] {logging_mixin.py:151} INFO - [2023-08-25T09:12:45.329+0000] {dag.py:2907} INFO - Sync 1 DAGs
[2023-08-25T09:12:45.345+0000] {logging_mixin.py:151} INFO - [2023-08-25T09:12:45.345+0000] {dag.py:3677} INFO - Setting next_dagrun for your_first_dag to 2023-08-25T00:00:00+00:00, run_after=2023-08-26T00:00:00+00:00
[2023-08-25T09:12:45.356+0000] {processor.py:179} INFO - Processing /opt/airflow/dags/1_first_dag/first_dag.py took 0.087 seconds
[2023-08-25T09:13:16.056+0000] {processor.py:157} INFO - Started process (PID=5323) to work on /opt/airflow/dags/1_first_dag/first_dag.py
[2023-08-25T09:13:16.059+0000] {processor.py:829} INFO - Processing file /opt/airflow/dags/1_first_dag/first_dag.py for tasks to queue
[2023-08-25T09:13:16.061+0000] {logging_mixin.py:151} INFO - [2023-08-25T09:13:16.061+0000] {dagbag.py:539} INFO - Filling up the DagBag from /opt/airflow/dags/1_first_dag/first_dag.py
[2023-08-25T09:13:16.076+0000] {processor.py:839} INFO - DAG(s) dict_keys(['your_first_dag']) retrieved from /opt/airflow/dags/1_first_dag/first_dag.py
[2023-08-25T09:13:16.100+0000] {logging_mixin.py:151} INFO - [2023-08-25T09:13:16.100+0000] {dag.py:2907} INFO - Sync 1 DAGs
[2023-08-25T09:13:16.113+0000] {logging_mixin.py:151} INFO - [2023-08-25T09:13:16.113+0000] {dag.py:3677} INFO - Setting next_dagrun for your_first_dag to 2023-08-25T00:00:00+00:00, run_after=2023-08-26T00:00:00+00:00
[2023-08-25T09:13:16.123+0000] {processor.py:179} INFO - Processing /opt/airflow/dags/1_first_dag/first_dag.py took 0.073 seconds
[2023-08-25T09:13:46.793+0000] {processor.py:157} INFO - Started process (PID=5339) to work on /opt/airflow/dags/1_first_dag/first_dag.py
[2023-08-25T09:13:46.796+0000] {processor.py:829} INFO - Processing file /opt/airflow/dags/1_first_dag/first_dag.py for tasks to queue
[2023-08-25T09:13:46.798+0000] {logging_mixin.py:151} INFO - [2023-08-25T09:13:46.798+0000] {dagbag.py:539} INFO - Filling up the DagBag from /opt/airflow/dags/1_first_dag/first_dag.py
[2023-08-25T09:13:46.815+0000] {processor.py:839} INFO - DAG(s) dict_keys(['your_first_dag']) retrieved from /opt/airflow/dags/1_first_dag/first_dag.py
[2023-08-25T09:13:46.840+0000] {logging_mixin.py:151} INFO - [2023-08-25T09:13:46.840+0000] {dag.py:2907} INFO - Sync 1 DAGs
[2023-08-25T09:13:46.854+0000] {logging_mixin.py:151} INFO - [2023-08-25T09:13:46.854+0000] {dag.py:3677} INFO - Setting next_dagrun for your_first_dag to 2023-08-25T00:00:00+00:00, run_after=2023-08-26T00:00:00+00:00
[2023-08-25T09:13:46.865+0000] {processor.py:179} INFO - Processing /opt/airflow/dags/1_first_dag/first_dag.py took 0.078 seconds
[2023-08-25T09:14:17.530+0000] {processor.py:157} INFO - Started process (PID=5355) to work on /opt/airflow/dags/1_first_dag/first_dag.py
[2023-08-25T09:14:17.532+0000] {processor.py:829} INFO - Processing file /opt/airflow/dags/1_first_dag/first_dag.py for tasks to queue
[2023-08-25T09:14:17.534+0000] {logging_mixin.py:151} INFO - [2023-08-25T09:14:17.533+0000] {dagbag.py:539} INFO - Filling up the DagBag from /opt/airflow/dags/1_first_dag/first_dag.py
[2023-08-25T09:14:17.550+0000] {processor.py:839} INFO - DAG(s) dict_keys(['your_first_dag']) retrieved from /opt/airflow/dags/1_first_dag/first_dag.py
[2023-08-25T09:14:17.578+0000] {logging_mixin.py:151} INFO - [2023-08-25T09:14:17.578+0000] {dag.py:2907} INFO - Sync 1 DAGs
[2023-08-25T09:14:17.594+0000] {logging_mixin.py:151} INFO - [2023-08-25T09:14:17.594+0000] {dag.py:3677} INFO - Setting next_dagrun for your_first_dag to 2023-08-25T00:00:00+00:00, run_after=2023-08-26T00:00:00+00:00
[2023-08-25T09:14:17.605+0000] {processor.py:179} INFO - Processing /opt/airflow/dags/1_first_dag/first_dag.py took 0.079 seconds
[2023-08-25T09:14:48.368+0000] {processor.py:157} INFO - Started process (PID=5371) to work on /opt/airflow/dags/1_first_dag/first_dag.py
[2023-08-25T09:14:48.371+0000] {processor.py:829} INFO - Processing file /opt/airflow/dags/1_first_dag/first_dag.py for tasks to queue
[2023-08-25T09:14:48.373+0000] {logging_mixin.py:151} INFO - [2023-08-25T09:14:48.372+0000] {dagbag.py:539} INFO - Filling up the DagBag from /opt/airflow/dags/1_first_dag/first_dag.py
[2023-08-25T09:14:48.389+0000] {processor.py:839} INFO - DAG(s) dict_keys(['your_first_dag']) retrieved from /opt/airflow/dags/1_first_dag/first_dag.py
[2023-08-25T09:14:48.414+0000] {logging_mixin.py:151} INFO - [2023-08-25T09:14:48.414+0000] {dag.py:2907} INFO - Sync 1 DAGs
[2023-08-25T09:14:48.428+0000] {logging_mixin.py:151} INFO - [2023-08-25T09:14:48.428+0000] {dag.py:3677} INFO - Setting next_dagrun for your_first_dag to 2023-08-25T00:00:00+00:00, run_after=2023-08-26T00:00:00+00:00
[2023-08-25T09:14:48.438+0000] {processor.py:179} INFO - Processing /opt/airflow/dags/1_first_dag/first_dag.py took 0.075 seconds
[2023-08-25T09:15:19.175+0000] {processor.py:157} INFO - Started process (PID=5387) to work on /opt/airflow/dags/1_first_dag/first_dag.py
[2023-08-25T09:15:19.176+0000] {processor.py:829} INFO - Processing file /opt/airflow/dags/1_first_dag/first_dag.py for tasks to queue
[2023-08-25T09:15:19.178+0000] {logging_mixin.py:151} INFO - [2023-08-25T09:15:19.177+0000] {dagbag.py:539} INFO - Filling up the DagBag from /opt/airflow/dags/1_first_dag/first_dag.py
[2023-08-25T09:15:19.192+0000] {processor.py:839} INFO - DAG(s) dict_keys(['your_first_dag']) retrieved from /opt/airflow/dags/1_first_dag/first_dag.py
[2023-08-25T09:15:19.217+0000] {logging_mixin.py:151} INFO - [2023-08-25T09:15:19.216+0000] {dag.py:2907} INFO - Sync 1 DAGs
[2023-08-25T09:15:19.230+0000] {logging_mixin.py:151} INFO - [2023-08-25T09:15:19.230+0000] {dag.py:3677} INFO - Setting next_dagrun for your_first_dag to 2023-08-25T00:00:00+00:00, run_after=2023-08-26T00:00:00+00:00
[2023-08-25T09:15:19.240+0000] {processor.py:179} INFO - Processing /opt/airflow/dags/1_first_dag/first_dag.py took 0.070 seconds
[2023-08-25T09:15:49.919+0000] {processor.py:157} INFO - Started process (PID=5403) to work on /opt/airflow/dags/1_first_dag/first_dag.py
[2023-08-25T09:15:49.921+0000] {processor.py:829} INFO - Processing file /opt/airflow/dags/1_first_dag/first_dag.py for tasks to queue
[2023-08-25T09:15:49.922+0000] {logging_mixin.py:151} INFO - [2023-08-25T09:15:49.922+0000] {dagbag.py:539} INFO - Filling up the DagBag from /opt/airflow/dags/1_first_dag/first_dag.py
[2023-08-25T09:15:49.933+0000] {processor.py:839} INFO - DAG(s) dict_keys(['your_first_dag']) retrieved from /opt/airflow/dags/1_first_dag/first_dag.py
[2023-08-25T09:15:49.959+0000] {logging_mixin.py:151} INFO - [2023-08-25T09:15:49.959+0000] {dag.py:2907} INFO - Sync 1 DAGs
[2023-08-25T09:15:49.973+0000] {logging_mixin.py:151} INFO - [2023-08-25T09:15:49.973+0000] {dag.py:3677} INFO - Setting next_dagrun for your_first_dag to 2023-08-25T00:00:00+00:00, run_after=2023-08-26T00:00:00+00:00
[2023-08-25T09:15:49.984+0000] {processor.py:179} INFO - Processing /opt/airflow/dags/1_first_dag/first_dag.py took 0.069 seconds
[2023-08-25T09:16:20.689+0000] {processor.py:157} INFO - Started process (PID=5425) to work on /opt/airflow/dags/1_first_dag/first_dag.py
[2023-08-25T09:16:20.691+0000] {processor.py:829} INFO - Processing file /opt/airflow/dags/1_first_dag/first_dag.py for tasks to queue
[2023-08-25T09:16:20.693+0000] {logging_mixin.py:151} INFO - [2023-08-25T09:16:20.692+0000] {dagbag.py:539} INFO - Filling up the DagBag from /opt/airflow/dags/1_first_dag/first_dag.py
[2023-08-25T09:16:20.712+0000] {processor.py:839} INFO - DAG(s) dict_keys(['your_first_dag']) retrieved from /opt/airflow/dags/1_first_dag/first_dag.py
[2023-08-25T09:16:20.739+0000] {logging_mixin.py:151} INFO - [2023-08-25T09:16:20.739+0000] {dag.py:2907} INFO - Sync 1 DAGs
[2023-08-25T09:16:20.753+0000] {logging_mixin.py:151} INFO - [2023-08-25T09:16:20.753+0000] {dag.py:3677} INFO - Setting next_dagrun for your_first_dag to 2023-08-25T00:00:00+00:00, run_after=2023-08-26T00:00:00+00:00
[2023-08-25T09:16:20.763+0000] {processor.py:179} INFO - Processing /opt/airflow/dags/1_first_dag/first_dag.py took 0.080 seconds
[2023-08-25T09:16:51.468+0000] {processor.py:157} INFO - Started process (PID=5441) to work on /opt/airflow/dags/1_first_dag/first_dag.py
[2023-08-25T09:16:51.470+0000] {processor.py:829} INFO - Processing file /opt/airflow/dags/1_first_dag/first_dag.py for tasks to queue
[2023-08-25T09:16:51.471+0000] {logging_mixin.py:151} INFO - [2023-08-25T09:16:51.471+0000] {dagbag.py:539} INFO - Filling up the DagBag from /opt/airflow/dags/1_first_dag/first_dag.py
[2023-08-25T09:16:51.486+0000] {processor.py:839} INFO - DAG(s) dict_keys(['your_first_dag']) retrieved from /opt/airflow/dags/1_first_dag/first_dag.py
[2023-08-25T09:16:51.512+0000] {logging_mixin.py:151} INFO - [2023-08-25T09:16:51.512+0000] {dag.py:2907} INFO - Sync 1 DAGs
[2023-08-25T09:16:51.526+0000] {logging_mixin.py:151} INFO - [2023-08-25T09:16:51.526+0000] {dag.py:3677} INFO - Setting next_dagrun for your_first_dag to 2023-08-25T00:00:00+00:00, run_after=2023-08-26T00:00:00+00:00
[2023-08-25T09:16:51.536+0000] {processor.py:179} INFO - Processing /opt/airflow/dags/1_first_dag/first_dag.py took 0.073 seconds
[2023-08-25T09:17:22.295+0000] {processor.py:157} INFO - Started process (PID=5457) to work on /opt/airflow/dags/1_first_dag/first_dag.py
[2023-08-25T09:17:22.298+0000] {processor.py:829} INFO - Processing file /opt/airflow/dags/1_first_dag/first_dag.py for tasks to queue
[2023-08-25T09:17:22.299+0000] {logging_mixin.py:151} INFO - [2023-08-25T09:17:22.299+0000] {dagbag.py:539} INFO - Filling up the DagBag from /opt/airflow/dags/1_first_dag/first_dag.py
[2023-08-25T09:17:22.313+0000] {processor.py:839} INFO - DAG(s) dict_keys(['your_first_dag']) retrieved from /opt/airflow/dags/1_first_dag/first_dag.py
[2023-08-25T09:17:22.338+0000] {logging_mixin.py:151} INFO - [2023-08-25T09:17:22.338+0000] {dag.py:2907} INFO - Sync 1 DAGs
[2023-08-25T09:17:22.353+0000] {logging_mixin.py:151} INFO - [2023-08-25T09:17:22.353+0000] {dag.py:3677} INFO - Setting next_dagrun for your_first_dag to 2023-08-25T00:00:00+00:00, run_after=2023-08-26T00:00:00+00:00
[2023-08-25T09:17:22.363+0000] {processor.py:179} INFO - Processing /opt/airflow/dags/1_first_dag/first_dag.py took 0.073 seconds
[2023-08-25T09:17:53.052+0000] {processor.py:157} INFO - Started process (PID=5473) to work on /opt/airflow/dags/1_first_dag/first_dag.py
[2023-08-25T09:17:53.055+0000] {processor.py:829} INFO - Processing file /opt/airflow/dags/1_first_dag/first_dag.py for tasks to queue
[2023-08-25T09:17:53.057+0000] {logging_mixin.py:151} INFO - [2023-08-25T09:17:53.056+0000] {dagbag.py:539} INFO - Filling up the DagBag from /opt/airflow/dags/1_first_dag/first_dag.py
[2023-08-25T09:17:53.070+0000] {processor.py:839} INFO - DAG(s) dict_keys(['your_first_dag']) retrieved from /opt/airflow/dags/1_first_dag/first_dag.py
[2023-08-25T09:17:53.099+0000] {logging_mixin.py:151} INFO - [2023-08-25T09:17:53.099+0000] {dag.py:2907} INFO - Sync 1 DAGs
[2023-08-25T09:17:53.114+0000] {logging_mixin.py:151} INFO - [2023-08-25T09:17:53.114+0000] {dag.py:3677} INFO - Setting next_dagrun for your_first_dag to 2023-08-25T00:00:00+00:00, run_after=2023-08-26T00:00:00+00:00
[2023-08-25T09:17:53.125+0000] {processor.py:179} INFO - Processing /opt/airflow/dags/1_first_dag/first_dag.py took 0.077 seconds
[2023-08-25T09:18:23.841+0000] {processor.py:157} INFO - Started process (PID=5489) to work on /opt/airflow/dags/1_first_dag/first_dag.py
[2023-08-25T09:18:23.844+0000] {processor.py:829} INFO - Processing file /opt/airflow/dags/1_first_dag/first_dag.py for tasks to queue
[2023-08-25T09:18:23.845+0000] {logging_mixin.py:151} INFO - [2023-08-25T09:18:23.845+0000] {dagbag.py:539} INFO - Filling up the DagBag from /opt/airflow/dags/1_first_dag/first_dag.py
[2023-08-25T09:18:23.859+0000] {processor.py:839} INFO - DAG(s) dict_keys(['your_first_dag']) retrieved from /opt/airflow/dags/1_first_dag/first_dag.py
[2023-08-25T09:18:23.884+0000] {logging_mixin.py:151} INFO - [2023-08-25T09:18:23.884+0000] {dag.py:2907} INFO - Sync 1 DAGs
[2023-08-25T09:18:23.897+0000] {logging_mixin.py:151} INFO - [2023-08-25T09:18:23.897+0000] {dag.py:3677} INFO - Setting next_dagrun for your_first_dag to 2023-08-25T00:00:00+00:00, run_after=2023-08-26T00:00:00+00:00
[2023-08-25T09:18:23.907+0000] {processor.py:179} INFO - Processing /opt/airflow/dags/1_first_dag/first_dag.py took 0.072 seconds
[2023-08-25T09:18:54.705+0000] {processor.py:157} INFO - Started process (PID=5505) to work on /opt/airflow/dags/1_first_dag/first_dag.py
[2023-08-25T09:18:54.707+0000] {processor.py:829} INFO - Processing file /opt/airflow/dags/1_first_dag/first_dag.py for tasks to queue
[2023-08-25T09:18:54.708+0000] {logging_mixin.py:151} INFO - [2023-08-25T09:18:54.708+0000] {dagbag.py:539} INFO - Filling up the DagBag from /opt/airflow/dags/1_first_dag/first_dag.py
[2023-08-25T09:18:54.721+0000] {processor.py:839} INFO - DAG(s) dict_keys(['your_first_dag']) retrieved from /opt/airflow/dags/1_first_dag/first_dag.py
[2023-08-25T09:18:54.746+0000] {logging_mixin.py:151} INFO - [2023-08-25T09:18:54.746+0000] {dag.py:2907} INFO - Sync 1 DAGs
[2023-08-25T09:18:54.759+0000] {logging_mixin.py:151} INFO - [2023-08-25T09:18:54.759+0000] {dag.py:3677} INFO - Setting next_dagrun for your_first_dag to 2023-08-25T00:00:00+00:00, run_after=2023-08-26T00:00:00+00:00
[2023-08-25T09:18:54.769+0000] {processor.py:179} INFO - Processing /opt/airflow/dags/1_first_dag/first_dag.py took 0.070 seconds
[2023-08-25T09:19:25.425+0000] {processor.py:157} INFO - Started process (PID=5521) to work on /opt/airflow/dags/1_first_dag/first_dag.py
[2023-08-25T09:19:25.427+0000] {processor.py:829} INFO - Processing file /opt/airflow/dags/1_first_dag/first_dag.py for tasks to queue
[2023-08-25T09:19:25.428+0000] {logging_mixin.py:151} INFO - [2023-08-25T09:19:25.428+0000] {dagbag.py:539} INFO - Filling up the DagBag from /opt/airflow/dags/1_first_dag/first_dag.py
[2023-08-25T09:19:25.441+0000] {processor.py:839} INFO - DAG(s) dict_keys(['your_first_dag']) retrieved from /opt/airflow/dags/1_first_dag/first_dag.py
[2023-08-25T09:19:25.469+0000] {logging_mixin.py:151} INFO - [2023-08-25T09:19:25.468+0000] {dag.py:2907} INFO - Sync 1 DAGs
[2023-08-25T09:19:25.483+0000] {logging_mixin.py:151} INFO - [2023-08-25T09:19:25.483+0000] {dag.py:3677} INFO - Setting next_dagrun for your_first_dag to 2023-08-25T00:00:00+00:00, run_after=2023-08-26T00:00:00+00:00
[2023-08-25T09:19:25.495+0000] {processor.py:179} INFO - Processing /opt/airflow/dags/1_first_dag/first_dag.py took 0.074 seconds
[2023-08-25T09:19:56.131+0000] {processor.py:157} INFO - Started process (PID=5537) to work on /opt/airflow/dags/1_first_dag/first_dag.py
[2023-08-25T09:19:56.133+0000] {processor.py:829} INFO - Processing file /opt/airflow/dags/1_first_dag/first_dag.py for tasks to queue
[2023-08-25T09:19:56.134+0000] {logging_mixin.py:151} INFO - [2023-08-25T09:19:56.133+0000] {dagbag.py:539} INFO - Filling up the DagBag from /opt/airflow/dags/1_first_dag/first_dag.py
[2023-08-25T09:19:56.148+0000] {processor.py:839} INFO - DAG(s) dict_keys(['your_first_dag']) retrieved from /opt/airflow/dags/1_first_dag/first_dag.py
[2023-08-25T09:19:56.177+0000] {logging_mixin.py:151} INFO - [2023-08-25T09:19:56.177+0000] {dag.py:2907} INFO - Sync 1 DAGs
[2023-08-25T09:19:56.191+0000] {logging_mixin.py:151} INFO - [2023-08-25T09:19:56.191+0000] {dag.py:3677} INFO - Setting next_dagrun for your_first_dag to 2023-08-25T00:00:00+00:00, run_after=2023-08-26T00:00:00+00:00
[2023-08-25T09:19:56.203+0000] {processor.py:179} INFO - Processing /opt/airflow/dags/1_first_dag/first_dag.py took 0.075 seconds
[2023-08-25T09:20:26.878+0000] {processor.py:157} INFO - Started process (PID=5553) to work on /opt/airflow/dags/1_first_dag/first_dag.py
[2023-08-25T09:20:26.879+0000] {processor.py:829} INFO - Processing file /opt/airflow/dags/1_first_dag/first_dag.py for tasks to queue
[2023-08-25T09:20:26.880+0000] {logging_mixin.py:151} INFO - [2023-08-25T09:20:26.880+0000] {dagbag.py:539} INFO - Filling up the DagBag from /opt/airflow/dags/1_first_dag/first_dag.py
[2023-08-25T09:20:26.893+0000] {processor.py:839} INFO - DAG(s) dict_keys(['your_first_dag']) retrieved from /opt/airflow/dags/1_first_dag/first_dag.py
[2023-08-25T09:20:26.917+0000] {logging_mixin.py:151} INFO - [2023-08-25T09:20:26.917+0000] {dag.py:2907} INFO - Sync 1 DAGs
[2023-08-25T09:20:26.933+0000] {logging_mixin.py:151} INFO - [2023-08-25T09:20:26.933+0000] {dag.py:3677} INFO - Setting next_dagrun for your_first_dag to 2023-08-25T00:00:00+00:00, run_after=2023-08-26T00:00:00+00:00
[2023-08-25T09:20:26.945+0000] {processor.py:179} INFO - Processing /opt/airflow/dags/1_first_dag/first_dag.py took 0.070 seconds
[2023-08-25T09:20:57.637+0000] {processor.py:157} INFO - Started process (PID=5569) to work on /opt/airflow/dags/1_first_dag/first_dag.py
[2023-08-25T09:20:57.639+0000] {processor.py:829} INFO - Processing file /opt/airflow/dags/1_first_dag/first_dag.py for tasks to queue
[2023-08-25T09:20:57.640+0000] {logging_mixin.py:151} INFO - [2023-08-25T09:20:57.640+0000] {dagbag.py:539} INFO - Filling up the DagBag from /opt/airflow/dags/1_first_dag/first_dag.py
[2023-08-25T09:20:57.653+0000] {processor.py:839} INFO - DAG(s) dict_keys(['your_first_dag']) retrieved from /opt/airflow/dags/1_first_dag/first_dag.py
[2023-08-25T09:20:57.678+0000] {logging_mixin.py:151} INFO - [2023-08-25T09:20:57.677+0000] {dag.py:2907} INFO - Sync 1 DAGs
[2023-08-25T09:20:57.691+0000] {logging_mixin.py:151} INFO - [2023-08-25T09:20:57.691+0000] {dag.py:3677} INFO - Setting next_dagrun for your_first_dag to 2023-08-25T00:00:00+00:00, run_after=2023-08-26T00:00:00+00:00
[2023-08-25T09:20:57.700+0000] {processor.py:179} INFO - Processing /opt/airflow/dags/1_first_dag/first_dag.py took 0.068 seconds
[2023-08-25T09:21:28.402+0000] {processor.py:157} INFO - Started process (PID=5585) to work on /opt/airflow/dags/1_first_dag/first_dag.py
[2023-08-25T09:21:28.404+0000] {processor.py:829} INFO - Processing file /opt/airflow/dags/1_first_dag/first_dag.py for tasks to queue
[2023-08-25T09:21:28.405+0000] {logging_mixin.py:151} INFO - [2023-08-25T09:21:28.405+0000] {dagbag.py:539} INFO - Filling up the DagBag from /opt/airflow/dags/1_first_dag/first_dag.py
[2023-08-25T09:21:28.419+0000] {processor.py:839} INFO - DAG(s) dict_keys(['your_first_dag']) retrieved from /opt/airflow/dags/1_first_dag/first_dag.py
[2023-08-25T09:21:28.443+0000] {logging_mixin.py:151} INFO - [2023-08-25T09:21:28.443+0000] {dag.py:2907} INFO - Sync 1 DAGs
[2023-08-25T09:21:28.456+0000] {logging_mixin.py:151} INFO - [2023-08-25T09:21:28.456+0000] {dag.py:3677} INFO - Setting next_dagrun for your_first_dag to 2023-08-25T00:00:00+00:00, run_after=2023-08-26T00:00:00+00:00
[2023-08-25T09:21:28.465+0000] {processor.py:179} INFO - Processing /opt/airflow/dags/1_first_dag/first_dag.py took 0.069 seconds
[2023-08-25T09:21:59.081+0000] {processor.py:157} INFO - Started process (PID=5601) to work on /opt/airflow/dags/1_first_dag/first_dag.py
[2023-08-25T09:21:59.083+0000] {processor.py:829} INFO - Processing file /opt/airflow/dags/1_first_dag/first_dag.py for tasks to queue
[2023-08-25T09:21:59.085+0000] {logging_mixin.py:151} INFO - [2023-08-25T09:21:59.084+0000] {dagbag.py:539} INFO - Filling up the DagBag from /opt/airflow/dags/1_first_dag/first_dag.py
[2023-08-25T09:21:59.098+0000] {processor.py:839} INFO - DAG(s) dict_keys(['your_first_dag']) retrieved from /opt/airflow/dags/1_first_dag/first_dag.py
[2023-08-25T09:21:59.122+0000] {logging_mixin.py:151} INFO - [2023-08-25T09:21:59.122+0000] {dag.py:2907} INFO - Sync 1 DAGs
[2023-08-25T09:21:59.135+0000] {logging_mixin.py:151} INFO - [2023-08-25T09:21:59.135+0000] {dag.py:3677} INFO - Setting next_dagrun for your_first_dag to 2023-08-25T00:00:00+00:00, run_after=2023-08-26T00:00:00+00:00
[2023-08-25T09:21:59.145+0000] {processor.py:179} INFO - Processing /opt/airflow/dags/1_first_dag/first_dag.py took 0.071 seconds
[2023-08-25T09:22:29.861+0000] {processor.py:157} INFO - Started process (PID=5616) to work on /opt/airflow/dags/1_first_dag/first_dag.py
[2023-08-25T09:22:29.864+0000] {processor.py:829} INFO - Processing file /opt/airflow/dags/1_first_dag/first_dag.py for tasks to queue
[2023-08-25T09:22:29.866+0000] {logging_mixin.py:151} INFO - [2023-08-25T09:22:29.865+0000] {dagbag.py:539} INFO - Filling up the DagBag from /opt/airflow/dags/1_first_dag/first_dag.py
[2023-08-25T09:22:29.881+0000] {processor.py:839} INFO - DAG(s) dict_keys(['your_first_dag']) retrieved from /opt/airflow/dags/1_first_dag/first_dag.py
[2023-08-25T09:22:29.906+0000] {logging_mixin.py:151} INFO - [2023-08-25T09:22:29.906+0000] {dag.py:2907} INFO - Sync 1 DAGs
[2023-08-25T09:22:29.920+0000] {logging_mixin.py:151} INFO - [2023-08-25T09:22:29.920+0000] {dag.py:3677} INFO - Setting next_dagrun for your_first_dag to 2023-08-25T00:00:00+00:00, run_after=2023-08-26T00:00:00+00:00
[2023-08-25T09:22:29.929+0000] {processor.py:179} INFO - Processing /opt/airflow/dags/1_first_dag/first_dag.py took 0.075 seconds
[2023-08-25T09:23:00.606+0000] {processor.py:157} INFO - Started process (PID=5632) to work on /opt/airflow/dags/1_first_dag/first_dag.py
[2023-08-25T09:23:00.608+0000] {processor.py:829} INFO - Processing file /opt/airflow/dags/1_first_dag/first_dag.py for tasks to queue
[2023-08-25T09:23:00.610+0000] {logging_mixin.py:151} INFO - [2023-08-25T09:23:00.610+0000] {dagbag.py:539} INFO - Filling up the DagBag from /opt/airflow/dags/1_first_dag/first_dag.py
[2023-08-25T09:23:00.625+0000] {processor.py:839} INFO - DAG(s) dict_keys(['your_first_dag']) retrieved from /opt/airflow/dags/1_first_dag/first_dag.py
[2023-08-25T09:23:00.652+0000] {logging_mixin.py:151} INFO - [2023-08-25T09:23:00.652+0000] {dag.py:2907} INFO - Sync 1 DAGs
[2023-08-25T09:23:00.665+0000] {logging_mixin.py:151} INFO - [2023-08-25T09:23:00.665+0000] {dag.py:3677} INFO - Setting next_dagrun for your_first_dag to 2023-08-25T00:00:00+00:00, run_after=2023-08-26T00:00:00+00:00
[2023-08-25T09:23:00.674+0000] {processor.py:179} INFO - Processing /opt/airflow/dags/1_first_dag/first_dag.py took 0.074 seconds
[2023-08-25T09:23:31.328+0000] {processor.py:157} INFO - Started process (PID=5648) to work on /opt/airflow/dags/1_first_dag/first_dag.py
[2023-08-25T09:23:31.329+0000] {processor.py:829} INFO - Processing file /opt/airflow/dags/1_first_dag/first_dag.py for tasks to queue
[2023-08-25T09:23:31.331+0000] {logging_mixin.py:151} INFO - [2023-08-25T09:23:31.330+0000] {dagbag.py:539} INFO - Filling up the DagBag from /opt/airflow/dags/1_first_dag/first_dag.py
[2023-08-25T09:23:31.345+0000] {processor.py:839} INFO - DAG(s) dict_keys(['your_first_dag']) retrieved from /opt/airflow/dags/1_first_dag/first_dag.py
[2023-08-25T09:23:31.369+0000] {logging_mixin.py:151} INFO - [2023-08-25T09:23:31.369+0000] {dag.py:2907} INFO - Sync 1 DAGs
[2023-08-25T09:23:31.382+0000] {logging_mixin.py:151} INFO - [2023-08-25T09:23:31.382+0000] {dag.py:3677} INFO - Setting next_dagrun for your_first_dag to 2023-08-25T00:00:00+00:00, run_after=2023-08-26T00:00:00+00:00
[2023-08-25T09:23:31.392+0000] {processor.py:179} INFO - Processing /opt/airflow/dags/1_first_dag/first_dag.py took 0.069 seconds
[2023-08-25T09:24:02.136+0000] {processor.py:157} INFO - Started process (PID=5664) to work on /opt/airflow/dags/1_first_dag/first_dag.py
[2023-08-25T09:24:02.137+0000] {processor.py:829} INFO - Processing file /opt/airflow/dags/1_first_dag/first_dag.py for tasks to queue
[2023-08-25T09:24:02.138+0000] {logging_mixin.py:151} INFO - [2023-08-25T09:24:02.138+0000] {dagbag.py:539} INFO - Filling up the DagBag from /opt/airflow/dags/1_first_dag/first_dag.py
[2023-08-25T09:24:02.149+0000] {processor.py:839} INFO - DAG(s) dict_keys(['your_first_dag']) retrieved from /opt/airflow/dags/1_first_dag/first_dag.py
[2023-08-25T09:24:02.173+0000] {logging_mixin.py:151} INFO - [2023-08-25T09:24:02.173+0000] {dag.py:2907} INFO - Sync 1 DAGs
[2023-08-25T09:24:02.186+0000] {logging_mixin.py:151} INFO - [2023-08-25T09:24:02.186+0000] {dag.py:3677} INFO - Setting next_dagrun for your_first_dag to 2023-08-25T00:00:00+00:00, run_after=2023-08-26T00:00:00+00:00
[2023-08-25T09:24:02.197+0000] {processor.py:179} INFO - Processing /opt/airflow/dags/1_first_dag/first_dag.py took 0.064 seconds
[2023-08-25T09:24:32.889+0000] {processor.py:157} INFO - Started process (PID=5680) to work on /opt/airflow/dags/1_first_dag/first_dag.py
[2023-08-25T09:24:32.891+0000] {processor.py:829} INFO - Processing file /opt/airflow/dags/1_first_dag/first_dag.py for tasks to queue
[2023-08-25T09:24:32.893+0000] {logging_mixin.py:151} INFO - [2023-08-25T09:24:32.893+0000] {dagbag.py:539} INFO - Filling up the DagBag from /opt/airflow/dags/1_first_dag/first_dag.py
[2023-08-25T09:24:32.909+0000] {processor.py:839} INFO - DAG(s) dict_keys(['your_first_dag']) retrieved from /opt/airflow/dags/1_first_dag/first_dag.py
[2023-08-25T09:24:32.938+0000] {logging_mixin.py:151} INFO - [2023-08-25T09:24:32.938+0000] {dag.py:2907} INFO - Sync 1 DAGs
[2023-08-25T09:24:32.952+0000] {logging_mixin.py:151} INFO - [2023-08-25T09:24:32.952+0000] {dag.py:3677} INFO - Setting next_dagrun for your_first_dag to 2023-08-25T00:00:00+00:00, run_after=2023-08-26T00:00:00+00:00
[2023-08-25T09:24:32.962+0000] {processor.py:179} INFO - Processing /opt/airflow/dags/1_first_dag/first_dag.py took 0.079 seconds
[2023-08-25T09:25:03.656+0000] {processor.py:157} INFO - Started process (PID=5696) to work on /opt/airflow/dags/1_first_dag/first_dag.py
[2023-08-25T09:25:03.659+0000] {processor.py:829} INFO - Processing file /opt/airflow/dags/1_first_dag/first_dag.py for tasks to queue
[2023-08-25T09:25:03.661+0000] {logging_mixin.py:151} INFO - [2023-08-25T09:25:03.660+0000] {dagbag.py:539} INFO - Filling up the DagBag from /opt/airflow/dags/1_first_dag/first_dag.py
[2023-08-25T09:25:03.677+0000] {processor.py:839} INFO - DAG(s) dict_keys(['your_first_dag']) retrieved from /opt/airflow/dags/1_first_dag/first_dag.py
[2023-08-25T09:25:03.703+0000] {logging_mixin.py:151} INFO - [2023-08-25T09:25:03.703+0000] {dag.py:2907} INFO - Sync 1 DAGs
[2023-08-25T09:25:03.718+0000] {logging_mixin.py:151} INFO - [2023-08-25T09:25:03.718+0000] {dag.py:3677} INFO - Setting next_dagrun for your_first_dag to 2023-08-25T00:00:00+00:00, run_after=2023-08-26T00:00:00+00:00
[2023-08-25T09:25:03.730+0000] {processor.py:179} INFO - Processing /opt/airflow/dags/1_first_dag/first_dag.py took 0.077 seconds
[2023-08-25T09:25:34.509+0000] {processor.py:157} INFO - Started process (PID=5712) to work on /opt/airflow/dags/1_first_dag/first_dag.py
[2023-08-25T09:25:34.512+0000] {processor.py:829} INFO - Processing file /opt/airflow/dags/1_first_dag/first_dag.py for tasks to queue
[2023-08-25T09:25:34.514+0000] {logging_mixin.py:151} INFO - [2023-08-25T09:25:34.513+0000] {dagbag.py:539} INFO - Filling up the DagBag from /opt/airflow/dags/1_first_dag/first_dag.py
[2023-08-25T09:25:34.529+0000] {processor.py:839} INFO - DAG(s) dict_keys(['your_first_dag']) retrieved from /opt/airflow/dags/1_first_dag/first_dag.py
[2023-08-25T09:25:34.556+0000] {logging_mixin.py:151} INFO - [2023-08-25T09:25:34.556+0000] {dag.py:2907} INFO - Sync 1 DAGs
[2023-08-25T09:25:34.570+0000] {logging_mixin.py:151} INFO - [2023-08-25T09:25:34.570+0000] {dag.py:3677} INFO - Setting next_dagrun for your_first_dag to 2023-08-25T00:00:00+00:00, run_after=2023-08-26T00:00:00+00:00
[2023-08-25T09:25:34.580+0000] {processor.py:179} INFO - Processing /opt/airflow/dags/1_first_dag/first_dag.py took 0.077 seconds
[2023-08-25T09:26:05.248+0000] {processor.py:157} INFO - Started process (PID=5728) to work on /opt/airflow/dags/1_first_dag/first_dag.py
[2023-08-25T09:26:05.250+0000] {processor.py:829} INFO - Processing file /opt/airflow/dags/1_first_dag/first_dag.py for tasks to queue
[2023-08-25T09:26:05.252+0000] {logging_mixin.py:151} INFO - [2023-08-25T09:26:05.251+0000] {dagbag.py:539} INFO - Filling up the DagBag from /opt/airflow/dags/1_first_dag/first_dag.py
[2023-08-25T09:26:05.267+0000] {processor.py:839} INFO - DAG(s) dict_keys(['your_first_dag']) retrieved from /opt/airflow/dags/1_first_dag/first_dag.py
[2023-08-25T09:26:05.293+0000] {logging_mixin.py:151} INFO - [2023-08-25T09:26:05.293+0000] {dag.py:2907} INFO - Sync 1 DAGs
[2023-08-25T09:26:05.307+0000] {logging_mixin.py:151} INFO - [2023-08-25T09:26:05.307+0000] {dag.py:3677} INFO - Setting next_dagrun for your_first_dag to 2023-08-25T00:00:00+00:00, run_after=2023-08-26T00:00:00+00:00
[2023-08-25T09:26:05.318+0000] {processor.py:179} INFO - Processing /opt/airflow/dags/1_first_dag/first_dag.py took 0.075 seconds
[2023-08-25T09:26:36.024+0000] {processor.py:157} INFO - Started process (PID=5744) to work on /opt/airflow/dags/1_first_dag/first_dag.py
[2023-08-25T09:26:36.027+0000] {processor.py:829} INFO - Processing file /opt/airflow/dags/1_first_dag/first_dag.py for tasks to queue
[2023-08-25T09:26:36.028+0000] {logging_mixin.py:151} INFO - [2023-08-25T09:26:36.028+0000] {dagbag.py:539} INFO - Filling up the DagBag from /opt/airflow/dags/1_first_dag/first_dag.py
[2023-08-25T09:26:36.042+0000] {processor.py:839} INFO - DAG(s) dict_keys(['your_first_dag']) retrieved from /opt/airflow/dags/1_first_dag/first_dag.py
[2023-08-25T09:26:36.068+0000] {logging_mixin.py:151} INFO - [2023-08-25T09:26:36.068+0000] {dag.py:2907} INFO - Sync 1 DAGs
[2023-08-25T09:26:36.082+0000] {logging_mixin.py:151} INFO - [2023-08-25T09:26:36.082+0000] {dag.py:3677} INFO - Setting next_dagrun for your_first_dag to 2023-08-25T00:00:00+00:00, run_after=2023-08-26T00:00:00+00:00
[2023-08-25T09:26:36.092+0000] {processor.py:179} INFO - Processing /opt/airflow/dags/1_first_dag/first_dag.py took 0.073 seconds
[2023-08-25T09:27:06.861+0000] {processor.py:157} INFO - Started process (PID=5760) to work on /opt/airflow/dags/1_first_dag/first_dag.py
[2023-08-25T09:27:06.863+0000] {processor.py:829} INFO - Processing file /opt/airflow/dags/1_first_dag/first_dag.py for tasks to queue
[2023-08-25T09:27:06.865+0000] {logging_mixin.py:151} INFO - [2023-08-25T09:27:06.865+0000] {dagbag.py:539} INFO - Filling up the DagBag from /opt/airflow/dags/1_first_dag/first_dag.py
[2023-08-25T09:27:06.879+0000] {processor.py:839} INFO - DAG(s) dict_keys(['your_first_dag']) retrieved from /opt/airflow/dags/1_first_dag/first_dag.py
[2023-08-25T09:27:06.905+0000] {logging_mixin.py:151} INFO - [2023-08-25T09:27:06.905+0000] {dag.py:2907} INFO - Sync 1 DAGs
[2023-08-25T09:27:06.919+0000] {logging_mixin.py:151} INFO - [2023-08-25T09:27:06.919+0000] {dag.py:3677} INFO - Setting next_dagrun for your_first_dag to 2023-08-25T00:00:00+00:00, run_after=2023-08-26T00:00:00+00:00
[2023-08-25T09:27:06.929+0000] {processor.py:179} INFO - Processing /opt/airflow/dags/1_first_dag/first_dag.py took 0.074 seconds
[2023-08-25T09:27:37.791+0000] {processor.py:157} INFO - Started process (PID=5775) to work on /opt/airflow/dags/1_first_dag/first_dag.py
[2023-08-25T09:27:37.793+0000] {processor.py:829} INFO - Processing file /opt/airflow/dags/1_first_dag/first_dag.py for tasks to queue
[2023-08-25T09:27:37.794+0000] {logging_mixin.py:151} INFO - [2023-08-25T09:27:37.794+0000] {dagbag.py:539} INFO - Filling up the DagBag from /opt/airflow/dags/1_first_dag/first_dag.py
[2023-08-25T09:27:37.809+0000] {processor.py:839} INFO - DAG(s) dict_keys(['your_first_dag']) retrieved from /opt/airflow/dags/1_first_dag/first_dag.py
[2023-08-25T09:27:37.835+0000] {logging_mixin.py:151} INFO - [2023-08-25T09:27:37.835+0000] {dag.py:2907} INFO - Sync 1 DAGs
[2023-08-25T09:27:37.848+0000] {logging_mixin.py:151} INFO - [2023-08-25T09:27:37.848+0000] {dag.py:3677} INFO - Setting next_dagrun for your_first_dag to 2023-08-25T00:00:00+00:00, run_after=2023-08-26T00:00:00+00:00
[2023-08-25T09:27:37.859+0000] {processor.py:179} INFO - Processing /opt/airflow/dags/1_first_dag/first_dag.py took 0.073 seconds
[2023-08-25T09:28:08.545+0000] {processor.py:157} INFO - Started process (PID=5791) to work on /opt/airflow/dags/1_first_dag/first_dag.py
[2023-08-25T09:28:08.547+0000] {processor.py:829} INFO - Processing file /opt/airflow/dags/1_first_dag/first_dag.py for tasks to queue
[2023-08-25T09:28:08.548+0000] {logging_mixin.py:151} INFO - [2023-08-25T09:28:08.548+0000] {dagbag.py:539} INFO - Filling up the DagBag from /opt/airflow/dags/1_first_dag/first_dag.py
[2023-08-25T09:28:08.560+0000] {processor.py:839} INFO - DAG(s) dict_keys(['your_first_dag']) retrieved from /opt/airflow/dags/1_first_dag/first_dag.py
[2023-08-25T09:28:08.585+0000] {logging_mixin.py:151} INFO - [2023-08-25T09:28:08.585+0000] {dag.py:2907} INFO - Sync 1 DAGs
[2023-08-25T09:28:08.600+0000] {logging_mixin.py:151} INFO - [2023-08-25T09:28:08.599+0000] {dag.py:3677} INFO - Setting next_dagrun for your_first_dag to 2023-08-25T00:00:00+00:00, run_after=2023-08-26T00:00:00+00:00
[2023-08-25T09:28:08.612+0000] {processor.py:179} INFO - Processing /opt/airflow/dags/1_first_dag/first_dag.py took 0.070 seconds
[2023-08-25T09:28:39.323+0000] {processor.py:157} INFO - Started process (PID=5807) to work on /opt/airflow/dags/1_first_dag/first_dag.py
[2023-08-25T09:28:39.324+0000] {processor.py:829} INFO - Processing file /opt/airflow/dags/1_first_dag/first_dag.py for tasks to queue
[2023-08-25T09:28:39.325+0000] {logging_mixin.py:151} INFO - [2023-08-25T09:28:39.325+0000] {dagbag.py:539} INFO - Filling up the DagBag from /opt/airflow/dags/1_first_dag/first_dag.py
[2023-08-25T09:28:39.337+0000] {processor.py:839} INFO - DAG(s) dict_keys(['your_first_dag']) retrieved from /opt/airflow/dags/1_first_dag/first_dag.py
[2023-08-25T09:28:39.361+0000] {logging_mixin.py:151} INFO - [2023-08-25T09:28:39.361+0000] {dag.py:2907} INFO - Sync 1 DAGs
[2023-08-25T09:28:39.376+0000] {logging_mixin.py:151} INFO - [2023-08-25T09:28:39.376+0000] {dag.py:3677} INFO - Setting next_dagrun for your_first_dag to 2023-08-25T00:00:00+00:00, run_after=2023-08-26T00:00:00+00:00
[2023-08-25T09:28:39.387+0000] {processor.py:179} INFO - Processing /opt/airflow/dags/1_first_dag/first_dag.py took 0.067 seconds
[2023-08-25T09:29:10.107+0000] {processor.py:157} INFO - Started process (PID=5823) to work on /opt/airflow/dags/1_first_dag/first_dag.py
[2023-08-25T09:29:10.109+0000] {processor.py:829} INFO - Processing file /opt/airflow/dags/1_first_dag/first_dag.py for tasks to queue
[2023-08-25T09:29:10.110+0000] {logging_mixin.py:151} INFO - [2023-08-25T09:29:10.109+0000] {dagbag.py:539} INFO - Filling up the DagBag from /opt/airflow/dags/1_first_dag/first_dag.py
[2023-08-25T09:29:10.121+0000] {processor.py:839} INFO - DAG(s) dict_keys(['your_first_dag']) retrieved from /opt/airflow/dags/1_first_dag/first_dag.py
[2023-08-25T09:29:10.147+0000] {logging_mixin.py:151} INFO - [2023-08-25T09:29:10.146+0000] {dag.py:2907} INFO - Sync 1 DAGs
[2023-08-25T09:29:10.160+0000] {logging_mixin.py:151} INFO - [2023-08-25T09:29:10.159+0000] {dag.py:3677} INFO - Setting next_dagrun for your_first_dag to 2023-08-25T00:00:00+00:00, run_after=2023-08-26T00:00:00+00:00
[2023-08-25T09:29:10.169+0000] {processor.py:179} INFO - Processing /opt/airflow/dags/1_first_dag/first_dag.py took 0.069 seconds
[2023-08-25T09:29:40.901+0000] {processor.py:157} INFO - Started process (PID=5839) to work on /opt/airflow/dags/1_first_dag/first_dag.py
[2023-08-25T09:29:40.903+0000] {processor.py:829} INFO - Processing file /opt/airflow/dags/1_first_dag/first_dag.py for tasks to queue
[2023-08-25T09:29:40.905+0000] {logging_mixin.py:151} INFO - [2023-08-25T09:29:40.904+0000] {dagbag.py:539} INFO - Filling up the DagBag from /opt/airflow/dags/1_first_dag/first_dag.py
[2023-08-25T09:29:40.918+0000] {processor.py:839} INFO - DAG(s) dict_keys(['your_first_dag']) retrieved from /opt/airflow/dags/1_first_dag/first_dag.py
[2023-08-25T09:29:40.942+0000] {logging_mixin.py:151} INFO - [2023-08-25T09:29:40.942+0000] {dag.py:2907} INFO - Sync 1 DAGs
[2023-08-25T09:29:40.956+0000] {logging_mixin.py:151} INFO - [2023-08-25T09:29:40.956+0000] {dag.py:3677} INFO - Setting next_dagrun for your_first_dag to 2023-08-25T00:00:00+00:00, run_after=2023-08-26T00:00:00+00:00
[2023-08-25T09:29:40.965+0000] {processor.py:179} INFO - Processing /opt/airflow/dags/1_first_dag/first_dag.py took 0.070 seconds
[2023-08-25T09:30:11.667+0000] {processor.py:157} INFO - Started process (PID=5855) to work on /opt/airflow/dags/1_first_dag/first_dag.py
[2023-08-25T09:30:11.668+0000] {processor.py:829} INFO - Processing file /opt/airflow/dags/1_first_dag/first_dag.py for tasks to queue
[2023-08-25T09:30:11.670+0000] {logging_mixin.py:151} INFO - [2023-08-25T09:30:11.670+0000] {dagbag.py:539} INFO - Filling up the DagBag from /opt/airflow/dags/1_first_dag/first_dag.py
[2023-08-25T09:30:11.683+0000] {processor.py:839} INFO - DAG(s) dict_keys(['your_first_dag']) retrieved from /opt/airflow/dags/1_first_dag/first_dag.py
[2023-08-25T09:30:11.709+0000] {logging_mixin.py:151} INFO - [2023-08-25T09:30:11.709+0000] {dag.py:2907} INFO - Sync 1 DAGs
[2023-08-25T09:30:11.722+0000] {logging_mixin.py:151} INFO - [2023-08-25T09:30:11.722+0000] {dag.py:3677} INFO - Setting next_dagrun for your_first_dag to 2023-08-25T00:00:00+00:00, run_after=2023-08-26T00:00:00+00:00
[2023-08-25T09:30:11.732+0000] {processor.py:179} INFO - Processing /opt/airflow/dags/1_first_dag/first_dag.py took 0.072 seconds
[2023-08-25T09:30:42.494+0000] {processor.py:157} INFO - Started process (PID=5871) to work on /opt/airflow/dags/1_first_dag/first_dag.py
[2023-08-25T09:30:42.496+0000] {processor.py:829} INFO - Processing file /opt/airflow/dags/1_first_dag/first_dag.py for tasks to queue
[2023-08-25T09:30:42.498+0000] {logging_mixin.py:151} INFO - [2023-08-25T09:30:42.498+0000] {dagbag.py:539} INFO - Filling up the DagBag from /opt/airflow/dags/1_first_dag/first_dag.py
[2023-08-25T09:30:42.512+0000] {processor.py:839} INFO - DAG(s) dict_keys(['your_first_dag']) retrieved from /opt/airflow/dags/1_first_dag/first_dag.py
[2023-08-25T09:30:42.537+0000] {logging_mixin.py:151} INFO - [2023-08-25T09:30:42.537+0000] {dag.py:2907} INFO - Sync 1 DAGs
[2023-08-25T09:30:42.550+0000] {logging_mixin.py:151} INFO - [2023-08-25T09:30:42.550+0000] {dag.py:3677} INFO - Setting next_dagrun for your_first_dag to 2023-08-25T00:00:00+00:00, run_after=2023-08-26T00:00:00+00:00
[2023-08-25T09:30:42.560+0000] {processor.py:179} INFO - Processing /opt/airflow/dags/1_first_dag/first_dag.py took 0.073 seconds
[2023-08-25T09:31:13.240+0000] {processor.py:157} INFO - Started process (PID=5887) to work on /opt/airflow/dags/1_first_dag/first_dag.py
[2023-08-25T09:31:13.242+0000] {processor.py:829} INFO - Processing file /opt/airflow/dags/1_first_dag/first_dag.py for tasks to queue
[2023-08-25T09:31:13.243+0000] {logging_mixin.py:151} INFO - [2023-08-25T09:31:13.243+0000] {dagbag.py:539} INFO - Filling up the DagBag from /opt/airflow/dags/1_first_dag/first_dag.py
[2023-08-25T09:31:13.255+0000] {processor.py:839} INFO - DAG(s) dict_keys(['your_first_dag']) retrieved from /opt/airflow/dags/1_first_dag/first_dag.py
[2023-08-25T09:31:13.278+0000] {logging_mixin.py:151} INFO - [2023-08-25T09:31:13.278+0000] {dag.py:2907} INFO - Sync 1 DAGs
[2023-08-25T09:31:13.291+0000] {logging_mixin.py:151} INFO - [2023-08-25T09:31:13.291+0000] {dag.py:3677} INFO - Setting next_dagrun for your_first_dag to 2023-08-25T00:00:00+00:00, run_after=2023-08-26T00:00:00+00:00
[2023-08-25T09:31:13.301+0000] {processor.py:179} INFO - Processing /opt/airflow/dags/1_first_dag/first_dag.py took 0.065 seconds
[2023-08-25T09:31:43.994+0000] {processor.py:157} INFO - Started process (PID=5903) to work on /opt/airflow/dags/1_first_dag/first_dag.py
[2023-08-25T09:31:43.996+0000] {processor.py:829} INFO - Processing file /opt/airflow/dags/1_first_dag/first_dag.py for tasks to queue
[2023-08-25T09:31:43.997+0000] {logging_mixin.py:151} INFO - [2023-08-25T09:31:43.997+0000] {dagbag.py:539} INFO - Filling up the DagBag from /opt/airflow/dags/1_first_dag/first_dag.py
[2023-08-25T09:31:44.012+0000] {processor.py:839} INFO - DAG(s) dict_keys(['your_first_dag']) retrieved from /opt/airflow/dags/1_first_dag/first_dag.py
[2023-08-25T09:31:44.036+0000] {logging_mixin.py:151} INFO - [2023-08-25T09:31:44.036+0000] {dag.py:2907} INFO - Sync 1 DAGs
[2023-08-25T09:31:44.050+0000] {logging_mixin.py:151} INFO - [2023-08-25T09:31:44.050+0000] {dag.py:3677} INFO - Setting next_dagrun for your_first_dag to 2023-08-25T00:00:00+00:00, run_after=2023-08-26T00:00:00+00:00
[2023-08-25T09:31:44.060+0000] {processor.py:179} INFO - Processing /opt/airflow/dags/1_first_dag/first_dag.py took 0.072 seconds
[2023-08-25T09:32:14.736+0000] {processor.py:157} INFO - Started process (PID=5919) to work on /opt/airflow/dags/1_first_dag/first_dag.py
[2023-08-25T09:32:14.739+0000] {processor.py:829} INFO - Processing file /opt/airflow/dags/1_first_dag/first_dag.py for tasks to queue
[2023-08-25T09:32:14.741+0000] {logging_mixin.py:151} INFO - [2023-08-25T09:32:14.741+0000] {dagbag.py:539} INFO - Filling up the DagBag from /opt/airflow/dags/1_first_dag/first_dag.py
[2023-08-25T09:32:14.760+0000] {processor.py:839} INFO - DAG(s) dict_keys(['your_first_dag']) retrieved from /opt/airflow/dags/1_first_dag/first_dag.py
[2023-08-25T09:32:14.789+0000] {logging_mixin.py:151} INFO - [2023-08-25T09:32:14.789+0000] {dag.py:2907} INFO - Sync 1 DAGs
[2023-08-25T09:32:14.805+0000] {logging_mixin.py:151} INFO - [2023-08-25T09:32:14.805+0000] {dag.py:3677} INFO - Setting next_dagrun for your_first_dag to 2023-08-25T00:00:00+00:00, run_after=2023-08-26T00:00:00+00:00
[2023-08-25T09:32:14.816+0000] {processor.py:179} INFO - Processing /opt/airflow/dags/1_first_dag/first_dag.py took 0.086 seconds
[2023-08-25T09:32:45.519+0000] {processor.py:157} INFO - Started process (PID=5935) to work on /opt/airflow/dags/1_first_dag/first_dag.py
[2023-08-25T09:32:45.522+0000] {processor.py:829} INFO - Processing file /opt/airflow/dags/1_first_dag/first_dag.py for tasks to queue
[2023-08-25T09:32:45.524+0000] {logging_mixin.py:151} INFO - [2023-08-25T09:32:45.523+0000] {dagbag.py:539} INFO - Filling up the DagBag from /opt/airflow/dags/1_first_dag/first_dag.py
[2023-08-25T09:32:45.539+0000] {processor.py:839} INFO - DAG(s) dict_keys(['your_first_dag']) retrieved from /opt/airflow/dags/1_first_dag/first_dag.py
[2023-08-25T09:32:45.565+0000] {logging_mixin.py:151} INFO - [2023-08-25T09:32:45.565+0000] {dag.py:2907} INFO - Sync 1 DAGs
[2023-08-25T09:32:45.579+0000] {logging_mixin.py:151} INFO - [2023-08-25T09:32:45.579+0000] {dag.py:3677} INFO - Setting next_dagrun for your_first_dag to 2023-08-25T00:00:00+00:00, run_after=2023-08-26T00:00:00+00:00
[2023-08-25T09:32:45.590+0000] {processor.py:179} INFO - Processing /opt/airflow/dags/1_first_dag/first_dag.py took 0.076 seconds
[2023-08-25T09:33:16.281+0000] {processor.py:157} INFO - Started process (PID=5951) to work on /opt/airflow/dags/1_first_dag/first_dag.py
[2023-08-25T09:33:16.283+0000] {processor.py:829} INFO - Processing file /opt/airflow/dags/1_first_dag/first_dag.py for tasks to queue
[2023-08-25T09:33:16.284+0000] {logging_mixin.py:151} INFO - [2023-08-25T09:33:16.284+0000] {dagbag.py:539} INFO - Filling up the DagBag from /opt/airflow/dags/1_first_dag/first_dag.py
[2023-08-25T09:33:16.300+0000] {processor.py:839} INFO - DAG(s) dict_keys(['your_first_dag']) retrieved from /opt/airflow/dags/1_first_dag/first_dag.py
[2023-08-25T09:33:16.328+0000] {logging_mixin.py:151} INFO - [2023-08-25T09:33:16.328+0000] {dag.py:2907} INFO - Sync 1 DAGs
[2023-08-25T09:33:16.345+0000] {logging_mixin.py:151} INFO - [2023-08-25T09:33:16.344+0000] {dag.py:3677} INFO - Setting next_dagrun for your_first_dag to 2023-08-25T00:00:00+00:00, run_after=2023-08-26T00:00:00+00:00
[2023-08-25T09:33:16.355+0000] {processor.py:179} INFO - Processing /opt/airflow/dags/1_first_dag/first_dag.py took 0.079 seconds
[2023-08-25T09:33:47.047+0000] {processor.py:157} INFO - Started process (PID=5978) to work on /opt/airflow/dags/1_first_dag/first_dag.py
[2023-08-25T09:33:47.048+0000] {processor.py:829} INFO - Processing file /opt/airflow/dags/1_first_dag/first_dag.py for tasks to queue
[2023-08-25T09:33:47.050+0000] {logging_mixin.py:151} INFO - [2023-08-25T09:33:47.049+0000] {dagbag.py:539} INFO - Filling up the DagBag from /opt/airflow/dags/1_first_dag/first_dag.py
[2023-08-25T09:33:47.062+0000] {processor.py:839} INFO - DAG(s) dict_keys(['your_first_dag']) retrieved from /opt/airflow/dags/1_first_dag/first_dag.py
[2023-08-25T09:33:47.085+0000] {logging_mixin.py:151} INFO - [2023-08-25T09:33:47.085+0000] {dag.py:2907} INFO - Sync 1 DAGs
[2023-08-25T09:33:47.099+0000] {logging_mixin.py:151} INFO - [2023-08-25T09:33:47.099+0000] {dag.py:3677} INFO - Setting next_dagrun for your_first_dag to 2023-08-25T00:00:00+00:00, run_after=2023-08-26T00:00:00+00:00
[2023-08-25T09:33:47.109+0000] {processor.py:179} INFO - Processing /opt/airflow/dags/1_first_dag/first_dag.py took 0.067 seconds
[2023-08-25T09:34:17.854+0000] {processor.py:157} INFO - Started process (PID=5994) to work on /opt/airflow/dags/1_first_dag/first_dag.py
[2023-08-25T09:34:17.857+0000] {processor.py:829} INFO - Processing file /opt/airflow/dags/1_first_dag/first_dag.py for tasks to queue
[2023-08-25T09:34:17.858+0000] {logging_mixin.py:151} INFO - [2023-08-25T09:34:17.858+0000] {dagbag.py:539} INFO - Filling up the DagBag from /opt/airflow/dags/1_first_dag/first_dag.py
[2023-08-25T09:34:17.875+0000] {processor.py:839} INFO - DAG(s) dict_keys(['your_first_dag']) retrieved from /opt/airflow/dags/1_first_dag/first_dag.py
[2023-08-25T09:34:17.900+0000] {logging_mixin.py:151} INFO - [2023-08-25T09:34:17.900+0000] {dag.py:2907} INFO - Sync 1 DAGs
[2023-08-25T09:34:17.915+0000] {logging_mixin.py:151} INFO - [2023-08-25T09:34:17.915+0000] {dag.py:3677} INFO - Setting next_dagrun for your_first_dag to 2023-08-25T00:00:00+00:00, run_after=2023-08-26T00:00:00+00:00
[2023-08-25T09:34:17.926+0000] {processor.py:179} INFO - Processing /opt/airflow/dags/1_first_dag/first_dag.py took 0.078 seconds
[2023-08-25T09:34:48.602+0000] {processor.py:157} INFO - Started process (PID=6010) to work on /opt/airflow/dags/1_first_dag/first_dag.py
[2023-08-25T09:34:48.604+0000] {processor.py:829} INFO - Processing file /opt/airflow/dags/1_first_dag/first_dag.py for tasks to queue
[2023-08-25T09:34:48.606+0000] {logging_mixin.py:151} INFO - [2023-08-25T09:34:48.606+0000] {dagbag.py:539} INFO - Filling up the DagBag from /opt/airflow/dags/1_first_dag/first_dag.py
[2023-08-25T09:34:48.623+0000] {processor.py:839} INFO - DAG(s) dict_keys(['your_first_dag']) retrieved from /opt/airflow/dags/1_first_dag/first_dag.py
[2023-08-25T09:34:48.649+0000] {logging_mixin.py:151} INFO - [2023-08-25T09:34:48.649+0000] {dag.py:2907} INFO - Sync 1 DAGs
[2023-08-25T09:34:48.663+0000] {logging_mixin.py:151} INFO - [2023-08-25T09:34:48.663+0000] {dag.py:3677} INFO - Setting next_dagrun for your_first_dag to 2023-08-25T00:00:00+00:00, run_after=2023-08-26T00:00:00+00:00
[2023-08-25T09:34:48.673+0000] {processor.py:179} INFO - Processing /opt/airflow/dags/1_first_dag/first_dag.py took 0.078 seconds
[2023-08-25T09:35:19.426+0000] {processor.py:157} INFO - Started process (PID=6026) to work on /opt/airflow/dags/1_first_dag/first_dag.py
[2023-08-25T09:35:19.428+0000] {processor.py:829} INFO - Processing file /opt/airflow/dags/1_first_dag/first_dag.py for tasks to queue
[2023-08-25T09:35:19.430+0000] {logging_mixin.py:151} INFO - [2023-08-25T09:35:19.430+0000] {dagbag.py:539} INFO - Filling up the DagBag from /opt/airflow/dags/1_first_dag/first_dag.py
[2023-08-25T09:35:19.448+0000] {processor.py:839} INFO - DAG(s) dict_keys(['your_first_dag']) retrieved from /opt/airflow/dags/1_first_dag/first_dag.py
[2023-08-25T09:35:19.475+0000] {logging_mixin.py:151} INFO - [2023-08-25T09:35:19.475+0000] {dag.py:2907} INFO - Sync 1 DAGs
[2023-08-25T09:35:19.491+0000] {logging_mixin.py:151} INFO - [2023-08-25T09:35:19.491+0000] {dag.py:3677} INFO - Setting next_dagrun for your_first_dag to 2023-08-25T00:00:00+00:00, run_after=2023-08-26T00:00:00+00:00
[2023-08-25T09:35:19.501+0000] {processor.py:179} INFO - Processing /opt/airflow/dags/1_first_dag/first_dag.py took 0.081 seconds
[2023-08-25T09:35:50.124+0000] {processor.py:157} INFO - Started process (PID=6042) to work on /opt/airflow/dags/1_first_dag/first_dag.py
[2023-08-25T09:35:50.126+0000] {processor.py:829} INFO - Processing file /opt/airflow/dags/1_first_dag/first_dag.py for tasks to queue
[2023-08-25T09:35:50.128+0000] {logging_mixin.py:151} INFO - [2023-08-25T09:35:50.127+0000] {dagbag.py:539} INFO - Filling up the DagBag from /opt/airflow/dags/1_first_dag/first_dag.py
[2023-08-25T09:35:50.144+0000] {processor.py:839} INFO - DAG(s) dict_keys(['your_first_dag']) retrieved from /opt/airflow/dags/1_first_dag/first_dag.py
[2023-08-25T09:35:50.173+0000] {logging_mixin.py:151} INFO - [2023-08-25T09:35:50.173+0000] {dag.py:2907} INFO - Sync 1 DAGs
[2023-08-25T09:35:50.187+0000] {logging_mixin.py:151} INFO - [2023-08-25T09:35:50.187+0000] {dag.py:3677} INFO - Setting next_dagrun for your_first_dag to 2023-08-25T00:00:00+00:00, run_after=2023-08-26T00:00:00+00:00
[2023-08-25T09:35:50.198+0000] {processor.py:179} INFO - Processing /opt/airflow/dags/1_first_dag/first_dag.py took 0.079 seconds
[2023-08-25T09:36:20.891+0000] {processor.py:157} INFO - Started process (PID=6058) to work on /opt/airflow/dags/1_first_dag/first_dag.py
[2023-08-25T09:36:20.893+0000] {processor.py:829} INFO - Processing file /opt/airflow/dags/1_first_dag/first_dag.py for tasks to queue
[2023-08-25T09:36:20.894+0000] {logging_mixin.py:151} INFO - [2023-08-25T09:36:20.894+0000] {dagbag.py:539} INFO - Filling up the DagBag from /opt/airflow/dags/1_first_dag/first_dag.py
[2023-08-25T09:36:20.909+0000] {processor.py:839} INFO - DAG(s) dict_keys(['your_first_dag']) retrieved from /opt/airflow/dags/1_first_dag/first_dag.py
[2023-08-25T09:36:20.935+0000] {logging_mixin.py:151} INFO - [2023-08-25T09:36:20.935+0000] {dag.py:2907} INFO - Sync 1 DAGs
[2023-08-25T09:36:20.949+0000] {logging_mixin.py:151} INFO - [2023-08-25T09:36:20.949+0000] {dag.py:3677} INFO - Setting next_dagrun for your_first_dag to 2023-08-25T00:00:00+00:00, run_after=2023-08-26T00:00:00+00:00
[2023-08-25T09:36:20.960+0000] {processor.py:179} INFO - Processing /opt/airflow/dags/1_first_dag/first_dag.py took 0.075 seconds
[2023-08-25T09:36:51.587+0000] {processor.py:157} INFO - Started process (PID=6074) to work on /opt/airflow/dags/1_first_dag/first_dag.py
[2023-08-25T09:36:51.589+0000] {processor.py:829} INFO - Processing file /opt/airflow/dags/1_first_dag/first_dag.py for tasks to queue
[2023-08-25T09:36:51.591+0000] {logging_mixin.py:151} INFO - [2023-08-25T09:36:51.590+0000] {dagbag.py:539} INFO - Filling up the DagBag from /opt/airflow/dags/1_first_dag/first_dag.py
[2023-08-25T09:36:51.603+0000] {processor.py:839} INFO - DAG(s) dict_keys(['your_first_dag']) retrieved from /opt/airflow/dags/1_first_dag/first_dag.py
[2023-08-25T09:36:51.626+0000] {logging_mixin.py:151} INFO - [2023-08-25T09:36:51.626+0000] {dag.py:2907} INFO - Sync 1 DAGs
[2023-08-25T09:36:51.641+0000] {logging_mixin.py:151} INFO - [2023-08-25T09:36:51.641+0000] {dag.py:3677} INFO - Setting next_dagrun for your_first_dag to 2023-08-25T00:00:00+00:00, run_after=2023-08-26T00:00:00+00:00
[2023-08-25T09:36:51.650+0000] {processor.py:179} INFO - Processing /opt/airflow/dags/1_first_dag/first_dag.py took 0.067 seconds
[2023-08-25T09:37:22.459+0000] {processor.py:157} INFO - Started process (PID=6090) to work on /opt/airflow/dags/1_first_dag/first_dag.py
[2023-08-25T09:37:22.461+0000] {processor.py:829} INFO - Processing file /opt/airflow/dags/1_first_dag/first_dag.py for tasks to queue
[2023-08-25T09:37:22.463+0000] {logging_mixin.py:151} INFO - [2023-08-25T09:37:22.462+0000] {dagbag.py:539} INFO - Filling up the DagBag from /opt/airflow/dags/1_first_dag/first_dag.py
[2023-08-25T09:37:22.482+0000] {processor.py:839} INFO - DAG(s) dict_keys(['your_first_dag']) retrieved from /opt/airflow/dags/1_first_dag/first_dag.py
[2023-08-25T09:37:22.509+0000] {logging_mixin.py:151} INFO - [2023-08-25T09:37:22.508+0000] {dag.py:2907} INFO - Sync 1 DAGs
[2023-08-25T09:37:22.524+0000] {logging_mixin.py:151} INFO - [2023-08-25T09:37:22.524+0000] {dag.py:3677} INFO - Setting next_dagrun for your_first_dag to 2023-08-25T00:00:00+00:00, run_after=2023-08-26T00:00:00+00:00
[2023-08-25T09:37:22.536+0000] {processor.py:179} INFO - Processing /opt/airflow/dags/1_first_dag/first_dag.py took 0.084 seconds
[2023-08-25T09:37:53.221+0000] {processor.py:157} INFO - Started process (PID=6106) to work on /opt/airflow/dags/1_first_dag/first_dag.py
[2023-08-25T09:37:53.223+0000] {processor.py:829} INFO - Processing file /opt/airflow/dags/1_first_dag/first_dag.py for tasks to queue
[2023-08-25T09:37:53.225+0000] {logging_mixin.py:151} INFO - [2023-08-25T09:37:53.224+0000] {dagbag.py:539} INFO - Filling up the DagBag from /opt/airflow/dags/1_first_dag/first_dag.py
[2023-08-25T09:37:53.240+0000] {processor.py:839} INFO - DAG(s) dict_keys(['your_first_dag']) retrieved from /opt/airflow/dags/1_first_dag/first_dag.py
[2023-08-25T09:37:53.266+0000] {logging_mixin.py:151} INFO - [2023-08-25T09:37:53.266+0000] {dag.py:2907} INFO - Sync 1 DAGs
[2023-08-25T09:37:53.280+0000] {logging_mixin.py:151} INFO - [2023-08-25T09:37:53.280+0000] {dag.py:3677} INFO - Setting next_dagrun for your_first_dag to 2023-08-25T00:00:00+00:00, run_after=2023-08-26T00:00:00+00:00
[2023-08-25T09:37:53.290+0000] {processor.py:179} INFO - Processing /opt/airflow/dags/1_first_dag/first_dag.py took 0.074 seconds
[2023-08-25T09:38:24.000+0000] {processor.py:157} INFO - Started process (PID=6122) to work on /opt/airflow/dags/1_first_dag/first_dag.py
[2023-08-25T09:38:24.002+0000] {processor.py:829} INFO - Processing file /opt/airflow/dags/1_first_dag/first_dag.py for tasks to queue
[2023-08-25T09:38:24.004+0000] {logging_mixin.py:151} INFO - [2023-08-25T09:38:24.003+0000] {dagbag.py:539} INFO - Filling up the DagBag from /opt/airflow/dags/1_first_dag/first_dag.py
[2023-08-25T09:38:24.018+0000] {processor.py:839} INFO - DAG(s) dict_keys(['your_first_dag']) retrieved from /opt/airflow/dags/1_first_dag/first_dag.py
[2023-08-25T09:38:24.050+0000] {logging_mixin.py:151} INFO - [2023-08-25T09:38:24.050+0000] {dag.py:2907} INFO - Sync 1 DAGs
[2023-08-25T09:38:24.065+0000] {logging_mixin.py:151} INFO - [2023-08-25T09:38:24.065+0000] {dag.py:3677} INFO - Setting next_dagrun for your_first_dag to 2023-08-25T00:00:00+00:00, run_after=2023-08-26T00:00:00+00:00
[2023-08-25T09:38:24.076+0000] {processor.py:179} INFO - Processing /opt/airflow/dags/1_first_dag/first_dag.py took 0.083 seconds
[2023-08-25T09:38:54.702+0000] {processor.py:157} INFO - Started process (PID=6144) to work on /opt/airflow/dags/1_first_dag/first_dag.py
[2023-08-25T09:38:54.704+0000] {processor.py:829} INFO - Processing file /opt/airflow/dags/1_first_dag/first_dag.py for tasks to queue
[2023-08-25T09:38:54.705+0000] {logging_mixin.py:151} INFO - [2023-08-25T09:38:54.705+0000] {dagbag.py:539} INFO - Filling up the DagBag from /opt/airflow/dags/1_first_dag/first_dag.py
[2023-08-25T09:38:54.717+0000] {processor.py:839} INFO - DAG(s) dict_keys(['your_first_dag']) retrieved from /opt/airflow/dags/1_first_dag/first_dag.py
[2023-08-25T09:38:54.741+0000] {logging_mixin.py:151} INFO - [2023-08-25T09:38:54.741+0000] {dag.py:2907} INFO - Sync 1 DAGs
[2023-08-25T09:38:54.755+0000] {logging_mixin.py:151} INFO - [2023-08-25T09:38:54.755+0000] {dag.py:3677} INFO - Setting next_dagrun for your_first_dag to 2023-08-25T00:00:00+00:00, run_after=2023-08-26T00:00:00+00:00
[2023-08-25T09:38:54.766+0000] {processor.py:179} INFO - Processing /opt/airflow/dags/1_first_dag/first_dag.py took 0.066 seconds
[2023-08-25T09:39:25.382+0000] {processor.py:157} INFO - Started process (PID=6160) to work on /opt/airflow/dags/1_first_dag/first_dag.py
[2023-08-25T09:39:25.383+0000] {processor.py:829} INFO - Processing file /opt/airflow/dags/1_first_dag/first_dag.py for tasks to queue
[2023-08-25T09:39:25.384+0000] {logging_mixin.py:151} INFO - [2023-08-25T09:39:25.384+0000] {dagbag.py:539} INFO - Filling up the DagBag from /opt/airflow/dags/1_first_dag/first_dag.py
[2023-08-25T09:39:25.395+0000] {processor.py:839} INFO - DAG(s) dict_keys(['your_first_dag']) retrieved from /opt/airflow/dags/1_first_dag/first_dag.py
[2023-08-25T09:39:25.421+0000] {logging_mixin.py:151} INFO - [2023-08-25T09:39:25.421+0000] {dag.py:2907} INFO - Sync 1 DAGs
[2023-08-25T09:39:25.435+0000] {logging_mixin.py:151} INFO - [2023-08-25T09:39:25.434+0000] {dag.py:3677} INFO - Setting next_dagrun for your_first_dag to 2023-08-25T00:00:00+00:00, run_after=2023-08-26T00:00:00+00:00
[2023-08-25T09:39:25.447+0000] {processor.py:179} INFO - Processing /opt/airflow/dags/1_first_dag/first_dag.py took 0.068 seconds
[2023-08-25T09:39:56.143+0000] {processor.py:157} INFO - Started process (PID=6176) to work on /opt/airflow/dags/1_first_dag/first_dag.py
[2023-08-25T09:39:56.145+0000] {processor.py:829} INFO - Processing file /opt/airflow/dags/1_first_dag/first_dag.py for tasks to queue
[2023-08-25T09:39:56.146+0000] {logging_mixin.py:151} INFO - [2023-08-25T09:39:56.145+0000] {dagbag.py:539} INFO - Filling up the DagBag from /opt/airflow/dags/1_first_dag/first_dag.py
[2023-08-25T09:39:56.160+0000] {processor.py:839} INFO - DAG(s) dict_keys(['your_first_dag']) retrieved from /opt/airflow/dags/1_first_dag/first_dag.py
[2023-08-25T09:39:56.186+0000] {logging_mixin.py:151} INFO - [2023-08-25T09:39:56.186+0000] {dag.py:2907} INFO - Sync 1 DAGs
[2023-08-25T09:39:56.201+0000] {logging_mixin.py:151} INFO - [2023-08-25T09:39:56.201+0000] {dag.py:3677} INFO - Setting next_dagrun for your_first_dag to 2023-08-25T00:00:00+00:00, run_after=2023-08-26T00:00:00+00:00
[2023-08-25T09:39:56.213+0000] {processor.py:179} INFO - Processing /opt/airflow/dags/1_first_dag/first_dag.py took 0.072 seconds
[2023-08-25T09:40:26.897+0000] {processor.py:157} INFO - Started process (PID=6192) to work on /opt/airflow/dags/1_first_dag/first_dag.py
[2023-08-25T09:40:26.899+0000] {processor.py:829} INFO - Processing file /opt/airflow/dags/1_first_dag/first_dag.py for tasks to queue
[2023-08-25T09:40:26.901+0000] {logging_mixin.py:151} INFO - [2023-08-25T09:40:26.900+0000] {dagbag.py:539} INFO - Filling up the DagBag from /opt/airflow/dags/1_first_dag/first_dag.py
[2023-08-25T09:40:26.916+0000] {processor.py:839} INFO - DAG(s) dict_keys(['your_first_dag']) retrieved from /opt/airflow/dags/1_first_dag/first_dag.py
[2023-08-25T09:40:26.952+0000] {logging_mixin.py:151} INFO - [2023-08-25T09:40:26.951+0000] {dag.py:2907} INFO - Sync 1 DAGs
[2023-08-25T09:40:26.968+0000] {logging_mixin.py:151} INFO - [2023-08-25T09:40:26.968+0000] {dag.py:3677} INFO - Setting next_dagrun for your_first_dag to 2023-08-25T00:00:00+00:00, run_after=2023-08-26T00:00:00+00:00
[2023-08-25T09:40:26.980+0000] {processor.py:179} INFO - Processing /opt/airflow/dags/1_first_dag/first_dag.py took 0.088 seconds
[2023-08-25T09:40:57.789+0000] {processor.py:157} INFO - Started process (PID=6208) to work on /opt/airflow/dags/1_first_dag/first_dag.py
[2023-08-25T09:40:57.791+0000] {processor.py:829} INFO - Processing file /opt/airflow/dags/1_first_dag/first_dag.py for tasks to queue
[2023-08-25T09:40:57.793+0000] {logging_mixin.py:151} INFO - [2023-08-25T09:40:57.793+0000] {dagbag.py:539} INFO - Filling up the DagBag from /opt/airflow/dags/1_first_dag/first_dag.py
[2023-08-25T09:40:57.810+0000] {processor.py:839} INFO - DAG(s) dict_keys(['your_first_dag']) retrieved from /opt/airflow/dags/1_first_dag/first_dag.py
[2023-08-25T09:40:57.835+0000] {logging_mixin.py:151} INFO - [2023-08-25T09:40:57.835+0000] {dag.py:2907} INFO - Sync 1 DAGs
[2023-08-25T09:40:57.851+0000] {logging_mixin.py:151} INFO - [2023-08-25T09:40:57.850+0000] {dag.py:3677} INFO - Setting next_dagrun for your_first_dag to 2023-08-25T00:00:00+00:00, run_after=2023-08-26T00:00:00+00:00
[2023-08-25T09:40:57.861+0000] {processor.py:179} INFO - Processing /opt/airflow/dags/1_first_dag/first_dag.py took 0.081 seconds
[2023-08-25T09:41:28.616+0000] {processor.py:157} INFO - Started process (PID=6224) to work on /opt/airflow/dags/1_first_dag/first_dag.py
[2023-08-25T09:41:28.618+0000] {processor.py:829} INFO - Processing file /opt/airflow/dags/1_first_dag/first_dag.py for tasks to queue
[2023-08-25T09:41:28.620+0000] {logging_mixin.py:151} INFO - [2023-08-25T09:41:28.619+0000] {dagbag.py:539} INFO - Filling up the DagBag from /opt/airflow/dags/1_first_dag/first_dag.py
[2023-08-25T09:41:28.638+0000] {processor.py:839} INFO - DAG(s) dict_keys(['your_first_dag']) retrieved from /opt/airflow/dags/1_first_dag/first_dag.py
[2023-08-25T09:41:28.666+0000] {logging_mixin.py:151} INFO - [2023-08-25T09:41:28.666+0000] {dag.py:2907} INFO - Sync 1 DAGs
[2023-08-25T09:41:28.682+0000] {logging_mixin.py:151} INFO - [2023-08-25T09:41:28.682+0000] {dag.py:3677} INFO - Setting next_dagrun for your_first_dag to 2023-08-25T00:00:00+00:00, run_after=2023-08-26T00:00:00+00:00
[2023-08-25T09:41:28.693+0000] {processor.py:179} INFO - Processing /opt/airflow/dags/1_first_dag/first_dag.py took 0.081 seconds
