[2023-08-24T03:04:53.047+0000] {processor.py:157} INFO - Started process (PID=42) to work on /home/airflow/.local/lib/python3.8/site-packages/airflow/example_dags/example_latest_only.py
[2023-08-24T03:04:53.048+0000] {processor.py:829} INFO - Processing file /home/airflow/.local/lib/python3.8/site-packages/airflow/example_dags/example_latest_only.py for tasks to queue
[2023-08-24T03:04:53.051+0000] {logging_mixin.py:151} INFO - [2023-08-24T03:04:53.050+0000] {dagbag.py:539} INFO - Filling up the DagBag from /home/airflow/.local/lib/python3.8/site-packages/airflow/example_dags/example_latest_only.py
[2023-08-24T03:04:53.058+0000] {processor.py:839} INFO - DAG(s) dict_keys(['latest_only']) retrieved from /home/airflow/.local/lib/python3.8/site-packages/airflow/example_dags/example_latest_only.py
[2023-08-24T03:04:53.072+0000] {logging_mixin.py:151} INFO - [2023-08-24T03:04:53.072+0000] {dag.py:2907} INFO - Sync 1 DAGs
[2023-08-24T03:04:53.087+0000] {logging_mixin.py:151} INFO - [2023-08-24T03:04:53.087+0000] {dag.py:3677} INFO - Setting next_dagrun for latest_only to 2023-08-23T23:04:53.086892+00:00, run_after=2023-08-24T03:04:53.086892+00:00
[2023-08-24T03:04:53.099+0000] {processor.py:179} INFO - Processing /home/airflow/.local/lib/python3.8/site-packages/airflow/example_dags/example_latest_only.py took 0.056 seconds
[2023-08-24T03:05:23.616+0000] {processor.py:157} INFO - Started process (PID=104) to work on /home/airflow/.local/lib/python3.8/site-packages/airflow/example_dags/example_latest_only.py
[2023-08-24T03:05:23.617+0000] {processor.py:829} INFO - Processing file /home/airflow/.local/lib/python3.8/site-packages/airflow/example_dags/example_latest_only.py for tasks to queue
[2023-08-24T03:05:23.619+0000] {logging_mixin.py:151} INFO - [2023-08-24T03:05:23.619+0000] {dagbag.py:539} INFO - Filling up the DagBag from /home/airflow/.local/lib/python3.8/site-packages/airflow/example_dags/example_latest_only.py
[2023-08-24T03:05:23.624+0000] {processor.py:839} INFO - DAG(s) dict_keys(['latest_only']) retrieved from /home/airflow/.local/lib/python3.8/site-packages/airflow/example_dags/example_latest_only.py
[2023-08-24T03:05:23.640+0000] {logging_mixin.py:151} INFO - [2023-08-24T03:05:23.640+0000] {dag.py:2907} INFO - Sync 1 DAGs
[2023-08-24T03:05:23.653+0000] {logging_mixin.py:151} INFO - [2023-08-24T03:05:23.652+0000] {dag.py:3677} INFO - Setting next_dagrun for latest_only to 2023-08-23T23:05:23.652710+00:00, run_after=2023-08-24T03:05:23.652710+00:00
[2023-08-24T03:05:23.663+0000] {processor.py:179} INFO - Processing /home/airflow/.local/lib/python3.8/site-packages/airflow/example_dags/example_latest_only.py took 0.050 seconds
[2023-08-24T03:05:53.793+0000] {processor.py:157} INFO - Started process (PID=167) to work on /home/airflow/.local/lib/python3.8/site-packages/airflow/example_dags/example_latest_only.py
[2023-08-24T03:05:53.795+0000] {processor.py:829} INFO - Processing file /home/airflow/.local/lib/python3.8/site-packages/airflow/example_dags/example_latest_only.py for tasks to queue
[2023-08-24T03:05:53.797+0000] {logging_mixin.py:151} INFO - [2023-08-24T03:05:53.796+0000] {dagbag.py:539} INFO - Filling up the DagBag from /home/airflow/.local/lib/python3.8/site-packages/airflow/example_dags/example_latest_only.py
[2023-08-24T03:05:53.801+0000] {processor.py:839} INFO - DAG(s) dict_keys(['latest_only']) retrieved from /home/airflow/.local/lib/python3.8/site-packages/airflow/example_dags/example_latest_only.py
[2023-08-24T03:05:53.817+0000] {logging_mixin.py:151} INFO - [2023-08-24T03:05:53.817+0000] {dag.py:2907} INFO - Sync 1 DAGs
[2023-08-24T03:05:53.829+0000] {logging_mixin.py:151} INFO - [2023-08-24T03:05:53.829+0000] {dag.py:3677} INFO - Setting next_dagrun for latest_only to 2023-08-23T23:05:53.829299+00:00, run_after=2023-08-24T03:05:53.829299+00:00
[2023-08-24T03:05:53.839+0000] {processor.py:179} INFO - Processing /home/airflow/.local/lib/python3.8/site-packages/airflow/example_dags/example_latest_only.py took 0.050 seconds
[2023-08-24T03:06:24.753+0000] {processor.py:157} INFO - Started process (PID=230) to work on /home/airflow/.local/lib/python3.8/site-packages/airflow/example_dags/example_latest_only.py
[2023-08-24T03:06:24.754+0000] {processor.py:829} INFO - Processing file /home/airflow/.local/lib/python3.8/site-packages/airflow/example_dags/example_latest_only.py for tasks to queue
[2023-08-24T03:06:24.756+0000] {logging_mixin.py:151} INFO - [2023-08-24T03:06:24.756+0000] {dagbag.py:539} INFO - Filling up the DagBag from /home/airflow/.local/lib/python3.8/site-packages/airflow/example_dags/example_latest_only.py
[2023-08-24T03:06:24.761+0000] {processor.py:839} INFO - DAG(s) dict_keys(['latest_only']) retrieved from /home/airflow/.local/lib/python3.8/site-packages/airflow/example_dags/example_latest_only.py
[2023-08-24T03:06:24.778+0000] {logging_mixin.py:151} INFO - [2023-08-24T03:06:24.778+0000] {dag.py:2907} INFO - Sync 1 DAGs
[2023-08-24T03:06:24.791+0000] {logging_mixin.py:151} INFO - [2023-08-24T03:06:24.791+0000] {dag.py:3677} INFO - Setting next_dagrun for latest_only to 2023-08-23T23:06:24.790881+00:00, run_after=2023-08-24T03:06:24.790881+00:00
[2023-08-24T03:06:24.801+0000] {processor.py:179} INFO - Processing /home/airflow/.local/lib/python3.8/site-packages/airflow/example_dags/example_latest_only.py took 0.051 seconds
[2023-08-24T03:06:55.662+0000] {processor.py:157} INFO - Started process (PID=293) to work on /home/airflow/.local/lib/python3.8/site-packages/airflow/example_dags/example_latest_only.py
[2023-08-24T03:06:55.663+0000] {processor.py:829} INFO - Processing file /home/airflow/.local/lib/python3.8/site-packages/airflow/example_dags/example_latest_only.py for tasks to queue
[2023-08-24T03:06:55.665+0000] {logging_mixin.py:151} INFO - [2023-08-24T03:06:55.665+0000] {dagbag.py:539} INFO - Filling up the DagBag from /home/airflow/.local/lib/python3.8/site-packages/airflow/example_dags/example_latest_only.py
[2023-08-24T03:06:55.670+0000] {processor.py:839} INFO - DAG(s) dict_keys(['latest_only']) retrieved from /home/airflow/.local/lib/python3.8/site-packages/airflow/example_dags/example_latest_only.py
[2023-08-24T03:06:55.686+0000] {logging_mixin.py:151} INFO - [2023-08-24T03:06:55.686+0000] {dag.py:2907} INFO - Sync 1 DAGs
[2023-08-24T03:06:55.698+0000] {logging_mixin.py:151} INFO - [2023-08-24T03:06:55.698+0000] {dag.py:3677} INFO - Setting next_dagrun for latest_only to 2023-08-23T23:06:55.698305+00:00, run_after=2023-08-24T03:06:55.698305+00:00
[2023-08-24T03:06:55.709+0000] {processor.py:179} INFO - Processing /home/airflow/.local/lib/python3.8/site-packages/airflow/example_dags/example_latest_only.py took 0.049 seconds
[2023-08-24T03:07:26.491+0000] {processor.py:157} INFO - Started process (PID=360) to work on /home/airflow/.local/lib/python3.8/site-packages/airflow/example_dags/example_latest_only.py
[2023-08-24T03:07:26.492+0000] {processor.py:829} INFO - Processing file /home/airflow/.local/lib/python3.8/site-packages/airflow/example_dags/example_latest_only.py for tasks to queue
[2023-08-24T03:07:26.494+0000] {logging_mixin.py:151} INFO - [2023-08-24T03:07:26.494+0000] {dagbag.py:539} INFO - Filling up the DagBag from /home/airflow/.local/lib/python3.8/site-packages/airflow/example_dags/example_latest_only.py
[2023-08-24T03:07:26.498+0000] {processor.py:839} INFO - DAG(s) dict_keys(['latest_only']) retrieved from /home/airflow/.local/lib/python3.8/site-packages/airflow/example_dags/example_latest_only.py
[2023-08-24T03:07:26.514+0000] {logging_mixin.py:151} INFO - [2023-08-24T03:07:26.514+0000] {dag.py:2907} INFO - Sync 1 DAGs
[2023-08-24T03:07:26.527+0000] {logging_mixin.py:151} INFO - [2023-08-24T03:07:26.527+0000] {dag.py:3677} INFO - Setting next_dagrun for latest_only to 2023-08-23T23:07:26.527302+00:00, run_after=2023-08-24T03:07:26.527302+00:00
[2023-08-24T03:07:26.538+0000] {processor.py:179} INFO - Processing /home/airflow/.local/lib/python3.8/site-packages/airflow/example_dags/example_latest_only.py took 0.049 seconds
[2023-08-24T03:07:57.129+0000] {processor.py:157} INFO - Started process (PID=423) to work on /home/airflow/.local/lib/python3.8/site-packages/airflow/example_dags/example_latest_only.py
[2023-08-24T03:07:57.134+0000] {processor.py:829} INFO - Processing file /home/airflow/.local/lib/python3.8/site-packages/airflow/example_dags/example_latest_only.py for tasks to queue
[2023-08-24T03:07:57.136+0000] {logging_mixin.py:151} INFO - [2023-08-24T03:07:57.136+0000] {dagbag.py:539} INFO - Filling up the DagBag from /home/airflow/.local/lib/python3.8/site-packages/airflow/example_dags/example_latest_only.py
[2023-08-24T03:07:57.140+0000] {processor.py:839} INFO - DAG(s) dict_keys(['latest_only']) retrieved from /home/airflow/.local/lib/python3.8/site-packages/airflow/example_dags/example_latest_only.py
[2023-08-24T03:07:57.156+0000] {logging_mixin.py:151} INFO - [2023-08-24T03:07:57.156+0000] {dag.py:2907} INFO - Sync 1 DAGs
[2023-08-24T03:07:57.169+0000] {logging_mixin.py:151} INFO - [2023-08-24T03:07:57.169+0000] {dag.py:3677} INFO - Setting next_dagrun for latest_only to 2023-08-23T23:07:57.168869+00:00, run_after=2023-08-24T03:07:57.168869+00:00
[2023-08-24T03:07:57.178+0000] {processor.py:179} INFO - Processing /home/airflow/.local/lib/python3.8/site-packages/airflow/example_dags/example_latest_only.py took 0.052 seconds
[2023-08-24T03:08:27.948+0000] {processor.py:157} INFO - Started process (PID=487) to work on /home/airflow/.local/lib/python3.8/site-packages/airflow/example_dags/example_latest_only.py
[2023-08-24T03:08:27.949+0000] {processor.py:829} INFO - Processing file /home/airflow/.local/lib/python3.8/site-packages/airflow/example_dags/example_latest_only.py for tasks to queue
[2023-08-24T03:08:27.951+0000] {logging_mixin.py:151} INFO - [2023-08-24T03:08:27.950+0000] {dagbag.py:539} INFO - Filling up the DagBag from /home/airflow/.local/lib/python3.8/site-packages/airflow/example_dags/example_latest_only.py
[2023-08-24T03:08:27.955+0000] {processor.py:839} INFO - DAG(s) dict_keys(['latest_only']) retrieved from /home/airflow/.local/lib/python3.8/site-packages/airflow/example_dags/example_latest_only.py
[2023-08-24T03:08:27.972+0000] {logging_mixin.py:151} INFO - [2023-08-24T03:08:27.972+0000] {dag.py:2907} INFO - Sync 1 DAGs
[2023-08-24T03:08:27.985+0000] {logging_mixin.py:151} INFO - [2023-08-24T03:08:27.985+0000] {dag.py:3677} INFO - Setting next_dagrun for latest_only to 2023-08-23T23:08:27.985160+00:00, run_after=2023-08-24T03:08:27.985160+00:00
[2023-08-24T03:08:27.995+0000] {processor.py:179} INFO - Processing /home/airflow/.local/lib/python3.8/site-packages/airflow/example_dags/example_latest_only.py took 0.050 seconds
[2023-08-24T03:08:58.823+0000] {processor.py:157} INFO - Started process (PID=550) to work on /home/airflow/.local/lib/python3.8/site-packages/airflow/example_dags/example_latest_only.py
[2023-08-24T03:08:58.824+0000] {processor.py:829} INFO - Processing file /home/airflow/.local/lib/python3.8/site-packages/airflow/example_dags/example_latest_only.py for tasks to queue
[2023-08-24T03:08:58.826+0000] {logging_mixin.py:151} INFO - [2023-08-24T03:08:58.826+0000] {dagbag.py:539} INFO - Filling up the DagBag from /home/airflow/.local/lib/python3.8/site-packages/airflow/example_dags/example_latest_only.py
[2023-08-24T03:08:58.831+0000] {processor.py:839} INFO - DAG(s) dict_keys(['latest_only']) retrieved from /home/airflow/.local/lib/python3.8/site-packages/airflow/example_dags/example_latest_only.py
[2023-08-24T03:08:58.847+0000] {logging_mixin.py:151} INFO - [2023-08-24T03:08:58.847+0000] {dag.py:2907} INFO - Sync 1 DAGs
[2023-08-24T03:08:58.860+0000] {logging_mixin.py:151} INFO - [2023-08-24T03:08:58.860+0000] {dag.py:3677} INFO - Setting next_dagrun for latest_only to 2023-08-23T23:08:58.859921+00:00, run_after=2023-08-24T03:08:58.859921+00:00
[2023-08-24T03:08:58.870+0000] {processor.py:179} INFO - Processing /home/airflow/.local/lib/python3.8/site-packages/airflow/example_dags/example_latest_only.py took 0.050 seconds
[2023-08-24T03:16:29.076+0000] {processor.py:157} INFO - Started process (PID=43) to work on /home/airflow/.local/lib/python3.8/site-packages/airflow/example_dags/example_latest_only.py
[2023-08-24T03:16:29.077+0000] {processor.py:829} INFO - Processing file /home/airflow/.local/lib/python3.8/site-packages/airflow/example_dags/example_latest_only.py for tasks to queue
[2023-08-24T03:16:29.079+0000] {logging_mixin.py:151} INFO - [2023-08-24T03:16:29.079+0000] {dagbag.py:539} INFO - Filling up the DagBag from /home/airflow/.local/lib/python3.8/site-packages/airflow/example_dags/example_latest_only.py
[2023-08-24T03:16:29.084+0000] {processor.py:839} INFO - DAG(s) dict_keys(['latest_only']) retrieved from /home/airflow/.local/lib/python3.8/site-packages/airflow/example_dags/example_latest_only.py
[2023-08-24T03:16:29.096+0000] {logging_mixin.py:151} INFO - [2023-08-24T03:16:29.096+0000] {dag.py:2907} INFO - Sync 1 DAGs
[2023-08-24T03:16:29.110+0000] {logging_mixin.py:151} INFO - [2023-08-24T03:16:29.110+0000] {dag.py:3677} INFO - Setting next_dagrun for latest_only to 2023-08-23T23:16:29.110212+00:00, run_after=2023-08-24T03:16:29.110212+00:00
[2023-08-24T03:16:29.121+0000] {processor.py:179} INFO - Processing /home/airflow/.local/lib/python3.8/site-packages/airflow/example_dags/example_latest_only.py took 0.175 seconds
[2023-08-24T03:16:59.350+0000] {processor.py:157} INFO - Started process (PID=106) to work on /home/airflow/.local/lib/python3.8/site-packages/airflow/example_dags/example_latest_only.py
[2023-08-24T03:16:59.351+0000] {processor.py:829} INFO - Processing file /home/airflow/.local/lib/python3.8/site-packages/airflow/example_dags/example_latest_only.py for tasks to queue
[2023-08-24T03:16:59.353+0000] {logging_mixin.py:151} INFO - [2023-08-24T03:16:59.352+0000] {dagbag.py:539} INFO - Filling up the DagBag from /home/airflow/.local/lib/python3.8/site-packages/airflow/example_dags/example_latest_only.py
[2023-08-24T03:16:59.357+0000] {processor.py:839} INFO - DAG(s) dict_keys(['latest_only']) retrieved from /home/airflow/.local/lib/python3.8/site-packages/airflow/example_dags/example_latest_only.py
[2023-08-24T03:16:59.372+0000] {logging_mixin.py:151} INFO - [2023-08-24T03:16:59.372+0000] {dag.py:2907} INFO - Sync 1 DAGs
[2023-08-24T03:16:59.385+0000] {logging_mixin.py:151} INFO - [2023-08-24T03:16:59.385+0000] {dag.py:3677} INFO - Setting next_dagrun for latest_only to 2023-08-23T23:16:59.385351+00:00, run_after=2023-08-24T03:16:59.385351+00:00
[2023-08-24T03:16:59.396+0000] {processor.py:179} INFO - Processing /home/airflow/.local/lib/python3.8/site-packages/airflow/example_dags/example_latest_only.py took 0.050 seconds
[2023-08-24T03:17:30.099+0000] {processor.py:157} INFO - Started process (PID=169) to work on /home/airflow/.local/lib/python3.8/site-packages/airflow/example_dags/example_latest_only.py
[2023-08-24T03:17:30.101+0000] {processor.py:829} INFO - Processing file /home/airflow/.local/lib/python3.8/site-packages/airflow/example_dags/example_latest_only.py for tasks to queue
[2023-08-24T03:17:30.103+0000] {logging_mixin.py:151} INFO - [2023-08-24T03:17:30.103+0000] {dagbag.py:539} INFO - Filling up the DagBag from /home/airflow/.local/lib/python3.8/site-packages/airflow/example_dags/example_latest_only.py
[2023-08-24T03:17:30.107+0000] {processor.py:839} INFO - DAG(s) dict_keys(['latest_only']) retrieved from /home/airflow/.local/lib/python3.8/site-packages/airflow/example_dags/example_latest_only.py
[2023-08-24T03:17:30.124+0000] {logging_mixin.py:151} INFO - [2023-08-24T03:17:30.123+0000] {dag.py:2907} INFO - Sync 1 DAGs
[2023-08-24T03:17:30.136+0000] {logging_mixin.py:151} INFO - [2023-08-24T03:17:30.136+0000] {dag.py:3677} INFO - Setting next_dagrun for latest_only to 2023-08-23T23:17:30.136592+00:00, run_after=2023-08-24T03:17:30.136592+00:00
[2023-08-24T03:17:30.146+0000] {processor.py:179} INFO - Processing /home/airflow/.local/lib/python3.8/site-packages/airflow/example_dags/example_latest_only.py took 0.050 seconds
[2023-08-24T03:18:00.911+0000] {processor.py:157} INFO - Started process (PID=232) to work on /home/airflow/.local/lib/python3.8/site-packages/airflow/example_dags/example_latest_only.py
[2023-08-24T03:18:00.912+0000] {processor.py:829} INFO - Processing file /home/airflow/.local/lib/python3.8/site-packages/airflow/example_dags/example_latest_only.py for tasks to queue
[2023-08-24T03:18:00.915+0000] {logging_mixin.py:151} INFO - [2023-08-24T03:18:00.914+0000] {dagbag.py:539} INFO - Filling up the DagBag from /home/airflow/.local/lib/python3.8/site-packages/airflow/example_dags/example_latest_only.py
[2023-08-24T03:18:00.919+0000] {processor.py:839} INFO - DAG(s) dict_keys(['latest_only']) retrieved from /home/airflow/.local/lib/python3.8/site-packages/airflow/example_dags/example_latest_only.py
[2023-08-24T03:18:00.935+0000] {logging_mixin.py:151} INFO - [2023-08-24T03:18:00.934+0000] {dag.py:2907} INFO - Sync 1 DAGs
[2023-08-24T03:18:00.947+0000] {logging_mixin.py:151} INFO - [2023-08-24T03:18:00.947+0000] {dag.py:3677} INFO - Setting next_dagrun for latest_only to 2023-08-23T23:18:00.947488+00:00, run_after=2023-08-24T03:18:00.947488+00:00
[2023-08-24T03:18:00.957+0000] {processor.py:179} INFO - Processing /home/airflow/.local/lib/python3.8/site-packages/airflow/example_dags/example_latest_only.py took 0.048 seconds
[2023-08-24T03:19:15.406+0000] {processor.py:157} INFO - Started process (PID=42) to work on /home/airflow/.local/lib/python3.8/site-packages/airflow/example_dags/example_latest_only.py
[2023-08-24T03:19:15.407+0000] {processor.py:829} INFO - Processing file /home/airflow/.local/lib/python3.8/site-packages/airflow/example_dags/example_latest_only.py for tasks to queue
[2023-08-24T03:19:15.408+0000] {logging_mixin.py:151} INFO - [2023-08-24T03:19:15.408+0000] {dagbag.py:539} INFO - Filling up the DagBag from /home/airflow/.local/lib/python3.8/site-packages/airflow/example_dags/example_latest_only.py
[2023-08-24T03:19:15.413+0000] {processor.py:839} INFO - DAG(s) dict_keys(['latest_only']) retrieved from /home/airflow/.local/lib/python3.8/site-packages/airflow/example_dags/example_latest_only.py
[2023-08-24T03:19:15.425+0000] {logging_mixin.py:151} INFO - [2023-08-24T03:19:15.425+0000] {dag.py:2907} INFO - Sync 1 DAGs
[2023-08-24T03:19:15.443+0000] {logging_mixin.py:151} INFO - [2023-08-24T03:19:15.443+0000] {dag.py:3677} INFO - Setting next_dagrun for latest_only to 2023-08-23T23:19:15.443089+00:00, run_after=2023-08-24T03:19:15.443089+00:00
[2023-08-24T03:19:15.457+0000] {processor.py:179} INFO - Processing /home/airflow/.local/lib/python3.8/site-packages/airflow/example_dags/example_latest_only.py took 0.166 seconds
[2023-08-24T03:22:55.733+0000] {processor.py:157} INFO - Started process (PID=41) to work on /home/airflow/.local/lib/python3.8/site-packages/airflow/example_dags/example_latest_only.py
[2023-08-24T03:22:55.734+0000] {processor.py:829} INFO - Processing file /home/airflow/.local/lib/python3.8/site-packages/airflow/example_dags/example_latest_only.py for tasks to queue
[2023-08-24T03:22:55.738+0000] {logging_mixin.py:151} INFO - [2023-08-24T03:22:55.738+0000] {dagbag.py:539} INFO - Filling up the DagBag from /home/airflow/.local/lib/python3.8/site-packages/airflow/example_dags/example_latest_only.py
[2023-08-24T03:22:55.749+0000] {processor.py:839} INFO - DAG(s) dict_keys(['latest_only']) retrieved from /home/airflow/.local/lib/python3.8/site-packages/airflow/example_dags/example_latest_only.py
[2023-08-24T03:22:55.767+0000] {logging_mixin.py:151} INFO - [2023-08-24T03:22:55.767+0000] {dag.py:2907} INFO - Sync 1 DAGs
[2023-08-24T03:22:55.792+0000] {logging_mixin.py:151} INFO - [2023-08-24T03:22:55.792+0000] {dag.py:3677} INFO - Setting next_dagrun for latest_only to 2023-08-23T23:22:55.791669+00:00, run_after=2023-08-24T03:22:55.791669+00:00
[2023-08-24T03:22:55.812+0000] {processor.py:179} INFO - Processing /home/airflow/.local/lib/python3.8/site-packages/airflow/example_dags/example_latest_only.py took 0.083 seconds
[2023-08-24T03:23:26.305+0000] {processor.py:157} INFO - Started process (PID=104) to work on /home/airflow/.local/lib/python3.8/site-packages/airflow/example_dags/example_latest_only.py
[2023-08-24T03:23:26.306+0000] {processor.py:829} INFO - Processing file /home/airflow/.local/lib/python3.8/site-packages/airflow/example_dags/example_latest_only.py for tasks to queue
[2023-08-24T03:23:26.308+0000] {logging_mixin.py:151} INFO - [2023-08-24T03:23:26.308+0000] {dagbag.py:539} INFO - Filling up the DagBag from /home/airflow/.local/lib/python3.8/site-packages/airflow/example_dags/example_latest_only.py
[2023-08-24T03:23:26.313+0000] {processor.py:839} INFO - DAG(s) dict_keys(['latest_only']) retrieved from /home/airflow/.local/lib/python3.8/site-packages/airflow/example_dags/example_latest_only.py
[2023-08-24T03:23:26.329+0000] {logging_mixin.py:151} INFO - [2023-08-24T03:23:26.329+0000] {dag.py:2907} INFO - Sync 1 DAGs
[2023-08-24T03:23:26.342+0000] {logging_mixin.py:151} INFO - [2023-08-24T03:23:26.342+0000] {dag.py:3677} INFO - Setting next_dagrun for latest_only to 2023-08-23T23:23:26.341841+00:00, run_after=2023-08-24T03:23:26.341841+00:00
[2023-08-24T03:23:26.352+0000] {processor.py:179} INFO - Processing /home/airflow/.local/lib/python3.8/site-packages/airflow/example_dags/example_latest_only.py took 0.050 seconds
[2023-08-24T03:59:48.054+0000] {processor.py:157} INFO - Started process (PID=42) to work on /home/airflow/.local/lib/python3.8/site-packages/airflow/example_dags/example_latest_only.py
[2023-08-24T03:59:48.055+0000] {processor.py:829} INFO - Processing file /home/airflow/.local/lib/python3.8/site-packages/airflow/example_dags/example_latest_only.py for tasks to queue
[2023-08-24T03:59:48.056+0000] {logging_mixin.py:151} INFO - [2023-08-24T03:59:48.056+0000] {dagbag.py:539} INFO - Filling up the DagBag from /home/airflow/.local/lib/python3.8/site-packages/airflow/example_dags/example_latest_only.py
[2023-08-24T03:59:48.061+0000] {processor.py:839} INFO - DAG(s) dict_keys(['latest_only']) retrieved from /home/airflow/.local/lib/python3.8/site-packages/airflow/example_dags/example_latest_only.py
[2023-08-24T03:59:48.075+0000] {logging_mixin.py:151} INFO - [2023-08-24T03:59:48.074+0000] {dag.py:2907} INFO - Sync 1 DAGs
[2023-08-24T03:59:48.090+0000] {logging_mixin.py:151} INFO - [2023-08-24T03:59:48.089+0000] {dag.py:3677} INFO - Setting next_dagrun for latest_only to 2023-08-23T23:59:48.089713+00:00, run_after=2023-08-24T03:59:48.089713+00:00
[2023-08-24T03:59:48.107+0000] {processor.py:179} INFO - Processing /home/airflow/.local/lib/python3.8/site-packages/airflow/example_dags/example_latest_only.py took 0.173 seconds
[2023-08-24T04:00:18.338+0000] {processor.py:157} INFO - Started process (PID=105) to work on /home/airflow/.local/lib/python3.8/site-packages/airflow/example_dags/example_latest_only.py
[2023-08-24T04:00:18.339+0000] {processor.py:829} INFO - Processing file /home/airflow/.local/lib/python3.8/site-packages/airflow/example_dags/example_latest_only.py for tasks to queue
[2023-08-24T04:00:18.341+0000] {logging_mixin.py:151} INFO - [2023-08-24T04:00:18.341+0000] {dagbag.py:539} INFO - Filling up the DagBag from /home/airflow/.local/lib/python3.8/site-packages/airflow/example_dags/example_latest_only.py
[2023-08-24T04:00:18.346+0000] {processor.py:839} INFO - DAG(s) dict_keys(['latest_only']) retrieved from /home/airflow/.local/lib/python3.8/site-packages/airflow/example_dags/example_latest_only.py
[2023-08-24T04:00:18.363+0000] {logging_mixin.py:151} INFO - [2023-08-24T04:00:18.362+0000] {dag.py:2907} INFO - Sync 1 DAGs
[2023-08-24T04:00:18.376+0000] {logging_mixin.py:151} INFO - [2023-08-24T04:00:18.376+0000] {dag.py:3677} INFO - Setting next_dagrun for latest_only to 2023-08-24T00:00:18.376323+00:00, run_after=2023-08-24T04:00:18.376323+00:00
[2023-08-24T04:00:18.386+0000] {processor.py:179} INFO - Processing /home/airflow/.local/lib/python3.8/site-packages/airflow/example_dags/example_latest_only.py took 0.052 seconds
[2023-08-24T04:00:49.213+0000] {processor.py:157} INFO - Started process (PID=168) to work on /home/airflow/.local/lib/python3.8/site-packages/airflow/example_dags/example_latest_only.py
[2023-08-24T04:00:49.214+0000] {processor.py:829} INFO - Processing file /home/airflow/.local/lib/python3.8/site-packages/airflow/example_dags/example_latest_only.py for tasks to queue
[2023-08-24T04:00:49.217+0000] {logging_mixin.py:151} INFO - [2023-08-24T04:00:49.216+0000] {dagbag.py:539} INFO - Filling up the DagBag from /home/airflow/.local/lib/python3.8/site-packages/airflow/example_dags/example_latest_only.py
[2023-08-24T04:00:49.221+0000] {processor.py:839} INFO - DAG(s) dict_keys(['latest_only']) retrieved from /home/airflow/.local/lib/python3.8/site-packages/airflow/example_dags/example_latest_only.py
[2023-08-24T04:00:49.237+0000] {logging_mixin.py:151} INFO - [2023-08-24T04:00:49.236+0000] {dag.py:2907} INFO - Sync 1 DAGs
[2023-08-24T04:00:49.249+0000] {logging_mixin.py:151} INFO - [2023-08-24T04:00:49.249+0000] {dag.py:3677} INFO - Setting next_dagrun for latest_only to 2023-08-24T00:00:49.249546+00:00, run_after=2023-08-24T04:00:49.249546+00:00
[2023-08-24T04:00:49.259+0000] {processor.py:179} INFO - Processing /home/airflow/.local/lib/python3.8/site-packages/airflow/example_dags/example_latest_only.py took 0.049 seconds
[2023-08-24T04:01:19.893+0000] {processor.py:157} INFO - Started process (PID=231) to work on /home/airflow/.local/lib/python3.8/site-packages/airflow/example_dags/example_latest_only.py
[2023-08-24T04:01:19.895+0000] {processor.py:829} INFO - Processing file /home/airflow/.local/lib/python3.8/site-packages/airflow/example_dags/example_latest_only.py for tasks to queue
[2023-08-24T04:01:19.897+0000] {logging_mixin.py:151} INFO - [2023-08-24T04:01:19.896+0000] {dagbag.py:539} INFO - Filling up the DagBag from /home/airflow/.local/lib/python3.8/site-packages/airflow/example_dags/example_latest_only.py
[2023-08-24T04:01:19.901+0000] {processor.py:839} INFO - DAG(s) dict_keys(['latest_only']) retrieved from /home/airflow/.local/lib/python3.8/site-packages/airflow/example_dags/example_latest_only.py
[2023-08-24T04:01:19.919+0000] {logging_mixin.py:151} INFO - [2023-08-24T04:01:19.918+0000] {dag.py:2907} INFO - Sync 1 DAGs
[2023-08-24T04:01:19.931+0000] {logging_mixin.py:151} INFO - [2023-08-24T04:01:19.931+0000] {dag.py:3677} INFO - Setting next_dagrun for latest_only to 2023-08-24T00:01:19.931603+00:00, run_after=2023-08-24T04:01:19.931603+00:00
[2023-08-24T04:01:19.942+0000] {processor.py:179} INFO - Processing /home/airflow/.local/lib/python3.8/site-packages/airflow/example_dags/example_latest_only.py took 0.052 seconds
[2023-08-24T04:01:50.789+0000] {processor.py:157} INFO - Started process (PID=294) to work on /home/airflow/.local/lib/python3.8/site-packages/airflow/example_dags/example_latest_only.py
[2023-08-24T04:01:50.790+0000] {processor.py:829} INFO - Processing file /home/airflow/.local/lib/python3.8/site-packages/airflow/example_dags/example_latest_only.py for tasks to queue
[2023-08-24T04:01:50.792+0000] {logging_mixin.py:151} INFO - [2023-08-24T04:01:50.792+0000] {dagbag.py:539} INFO - Filling up the DagBag from /home/airflow/.local/lib/python3.8/site-packages/airflow/example_dags/example_latest_only.py
[2023-08-24T04:01:50.797+0000] {processor.py:839} INFO - DAG(s) dict_keys(['latest_only']) retrieved from /home/airflow/.local/lib/python3.8/site-packages/airflow/example_dags/example_latest_only.py
[2023-08-24T04:01:50.813+0000] {logging_mixin.py:151} INFO - [2023-08-24T04:01:50.813+0000] {dag.py:2907} INFO - Sync 1 DAGs
[2023-08-24T04:01:50.826+0000] {logging_mixin.py:151} INFO - [2023-08-24T04:01:50.826+0000] {dag.py:3677} INFO - Setting next_dagrun for latest_only to 2023-08-24T00:01:50.825907+00:00, run_after=2023-08-24T04:01:50.825907+00:00
[2023-08-24T04:01:50.835+0000] {processor.py:179} INFO - Processing /home/airflow/.local/lib/python3.8/site-packages/airflow/example_dags/example_latest_only.py took 0.049 seconds
[2023-08-24T04:02:21.708+0000] {processor.py:157} INFO - Started process (PID=357) to work on /home/airflow/.local/lib/python3.8/site-packages/airflow/example_dags/example_latest_only.py
[2023-08-24T04:02:21.709+0000] {processor.py:829} INFO - Processing file /home/airflow/.local/lib/python3.8/site-packages/airflow/example_dags/example_latest_only.py for tasks to queue
[2023-08-24T04:02:21.711+0000] {logging_mixin.py:151} INFO - [2023-08-24T04:02:21.711+0000] {dagbag.py:539} INFO - Filling up the DagBag from /home/airflow/.local/lib/python3.8/site-packages/airflow/example_dags/example_latest_only.py
[2023-08-24T04:02:21.716+0000] {processor.py:839} INFO - DAG(s) dict_keys(['latest_only']) retrieved from /home/airflow/.local/lib/python3.8/site-packages/airflow/example_dags/example_latest_only.py
[2023-08-24T04:02:21.733+0000] {logging_mixin.py:151} INFO - [2023-08-24T04:02:21.733+0000] {dag.py:2907} INFO - Sync 1 DAGs
[2023-08-24T04:02:21.747+0000] {logging_mixin.py:151} INFO - [2023-08-24T04:02:21.747+0000] {dag.py:3677} INFO - Setting next_dagrun for latest_only to 2023-08-24T00:02:21.747405+00:00, run_after=2023-08-24T04:02:21.747405+00:00
[2023-08-24T04:02:21.758+0000] {processor.py:179} INFO - Processing /home/airflow/.local/lib/python3.8/site-packages/airflow/example_dags/example_latest_only.py took 0.053 seconds
[2023-08-24T04:02:52.418+0000] {processor.py:157} INFO - Started process (PID=420) to work on /home/airflow/.local/lib/python3.8/site-packages/airflow/example_dags/example_latest_only.py
[2023-08-24T04:02:52.419+0000] {processor.py:829} INFO - Processing file /home/airflow/.local/lib/python3.8/site-packages/airflow/example_dags/example_latest_only.py for tasks to queue
[2023-08-24T04:02:52.422+0000] {logging_mixin.py:151} INFO - [2023-08-24T04:02:52.421+0000] {dagbag.py:539} INFO - Filling up the DagBag from /home/airflow/.local/lib/python3.8/site-packages/airflow/example_dags/example_latest_only.py
[2023-08-24T04:02:52.426+0000] {processor.py:839} INFO - DAG(s) dict_keys(['latest_only']) retrieved from /home/airflow/.local/lib/python3.8/site-packages/airflow/example_dags/example_latest_only.py
[2023-08-24T04:02:52.442+0000] {logging_mixin.py:151} INFO - [2023-08-24T04:02:52.442+0000] {dag.py:2907} INFO - Sync 1 DAGs
[2023-08-24T04:02:52.455+0000] {logging_mixin.py:151} INFO - [2023-08-24T04:02:52.455+0000] {dag.py:3677} INFO - Setting next_dagrun for latest_only to 2023-08-24T00:02:52.454978+00:00, run_after=2023-08-24T04:02:52.454978+00:00
[2023-08-24T04:02:52.465+0000] {processor.py:179} INFO - Processing /home/airflow/.local/lib/python3.8/site-packages/airflow/example_dags/example_latest_only.py took 0.050 seconds
[2023-08-24T04:03:23.025+0000] {processor.py:157} INFO - Started process (PID=483) to work on /home/airflow/.local/lib/python3.8/site-packages/airflow/example_dags/example_latest_only.py
[2023-08-24T04:03:23.026+0000] {processor.py:829} INFO - Processing file /home/airflow/.local/lib/python3.8/site-packages/airflow/example_dags/example_latest_only.py for tasks to queue
[2023-08-24T04:03:23.028+0000] {logging_mixin.py:151} INFO - [2023-08-24T04:03:23.028+0000] {dagbag.py:539} INFO - Filling up the DagBag from /home/airflow/.local/lib/python3.8/site-packages/airflow/example_dags/example_latest_only.py
[2023-08-24T04:03:23.033+0000] {processor.py:839} INFO - DAG(s) dict_keys(['latest_only']) retrieved from /home/airflow/.local/lib/python3.8/site-packages/airflow/example_dags/example_latest_only.py
[2023-08-24T04:03:23.049+0000] {logging_mixin.py:151} INFO - [2023-08-24T04:03:23.049+0000] {dag.py:2907} INFO - Sync 1 DAGs
[2023-08-24T04:03:23.062+0000] {logging_mixin.py:151} INFO - [2023-08-24T04:03:23.062+0000] {dag.py:3677} INFO - Setting next_dagrun for latest_only to 2023-08-24T00:03:23.062449+00:00, run_after=2023-08-24T04:03:23.062449+00:00
[2023-08-24T04:03:23.073+0000] {processor.py:179} INFO - Processing /home/airflow/.local/lib/python3.8/site-packages/airflow/example_dags/example_latest_only.py took 0.051 seconds
[2023-08-24T04:03:53.728+0000] {processor.py:157} INFO - Started process (PID=546) to work on /home/airflow/.local/lib/python3.8/site-packages/airflow/example_dags/example_latest_only.py
[2023-08-24T04:03:53.730+0000] {processor.py:829} INFO - Processing file /home/airflow/.local/lib/python3.8/site-packages/airflow/example_dags/example_latest_only.py for tasks to queue
[2023-08-24T04:03:53.732+0000] {logging_mixin.py:151} INFO - [2023-08-24T04:03:53.731+0000] {dagbag.py:539} INFO - Filling up the DagBag from /home/airflow/.local/lib/python3.8/site-packages/airflow/example_dags/example_latest_only.py
[2023-08-24T04:03:53.736+0000] {processor.py:839} INFO - DAG(s) dict_keys(['latest_only']) retrieved from /home/airflow/.local/lib/python3.8/site-packages/airflow/example_dags/example_latest_only.py
[2023-08-24T04:03:53.753+0000] {logging_mixin.py:151} INFO - [2023-08-24T04:03:53.753+0000] {dag.py:2907} INFO - Sync 1 DAGs
[2023-08-24T04:03:53.766+0000] {logging_mixin.py:151} INFO - [2023-08-24T04:03:53.766+0000] {dag.py:3677} INFO - Setting next_dagrun for latest_only to 2023-08-24T00:03:53.766083+00:00, run_after=2023-08-24T04:03:53.766083+00:00
[2023-08-24T04:03:53.776+0000] {processor.py:179} INFO - Processing /home/airflow/.local/lib/python3.8/site-packages/airflow/example_dags/example_latest_only.py took 0.051 seconds
[2023-08-24T04:04:24.505+0000] {processor.py:157} INFO - Started process (PID=609) to work on /home/airflow/.local/lib/python3.8/site-packages/airflow/example_dags/example_latest_only.py
[2023-08-24T04:04:24.506+0000] {processor.py:829} INFO - Processing file /home/airflow/.local/lib/python3.8/site-packages/airflow/example_dags/example_latest_only.py for tasks to queue
[2023-08-24T04:04:24.508+0000] {logging_mixin.py:151} INFO - [2023-08-24T04:04:24.508+0000] {dagbag.py:539} INFO - Filling up the DagBag from /home/airflow/.local/lib/python3.8/site-packages/airflow/example_dags/example_latest_only.py
[2023-08-24T04:04:24.512+0000] {processor.py:839} INFO - DAG(s) dict_keys(['latest_only']) retrieved from /home/airflow/.local/lib/python3.8/site-packages/airflow/example_dags/example_latest_only.py
[2023-08-24T04:04:24.528+0000] {logging_mixin.py:151} INFO - [2023-08-24T04:04:24.528+0000] {dag.py:2907} INFO - Sync 1 DAGs
[2023-08-24T04:04:24.541+0000] {logging_mixin.py:151} INFO - [2023-08-24T04:04:24.541+0000] {dag.py:3677} INFO - Setting next_dagrun for latest_only to 2023-08-24T00:04:24.541369+00:00, run_after=2023-08-24T04:04:24.541369+00:00
[2023-08-24T04:04:24.551+0000] {processor.py:179} INFO - Processing /home/airflow/.local/lib/python3.8/site-packages/airflow/example_dags/example_latest_only.py took 0.050 seconds
[2023-08-24T04:04:55.464+0000] {processor.py:157} INFO - Started process (PID=672) to work on /home/airflow/.local/lib/python3.8/site-packages/airflow/example_dags/example_latest_only.py
[2023-08-24T04:04:55.465+0000] {processor.py:829} INFO - Processing file /home/airflow/.local/lib/python3.8/site-packages/airflow/example_dags/example_latest_only.py for tasks to queue
[2023-08-24T04:04:55.467+0000] {logging_mixin.py:151} INFO - [2023-08-24T04:04:55.467+0000] {dagbag.py:539} INFO - Filling up the DagBag from /home/airflow/.local/lib/python3.8/site-packages/airflow/example_dags/example_latest_only.py
[2023-08-24T04:04:55.472+0000] {processor.py:839} INFO - DAG(s) dict_keys(['latest_only']) retrieved from /home/airflow/.local/lib/python3.8/site-packages/airflow/example_dags/example_latest_only.py
[2023-08-24T04:04:55.488+0000] {logging_mixin.py:151} INFO - [2023-08-24T04:04:55.488+0000] {dag.py:2907} INFO - Sync 1 DAGs
[2023-08-24T04:04:55.501+0000] {logging_mixin.py:151} INFO - [2023-08-24T04:04:55.501+0000] {dag.py:3677} INFO - Setting next_dagrun for latest_only to 2023-08-24T00:04:55.501637+00:00, run_after=2023-08-24T04:04:55.501637+00:00
[2023-08-24T04:04:55.513+0000] {processor.py:179} INFO - Processing /home/airflow/.local/lib/python3.8/site-packages/airflow/example_dags/example_latest_only.py took 0.051 seconds
[2023-08-24T04:05:26.218+0000] {processor.py:157} INFO - Started process (PID=735) to work on /home/airflow/.local/lib/python3.8/site-packages/airflow/example_dags/example_latest_only.py
[2023-08-24T04:05:26.219+0000] {processor.py:829} INFO - Processing file /home/airflow/.local/lib/python3.8/site-packages/airflow/example_dags/example_latest_only.py for tasks to queue
[2023-08-24T04:05:26.221+0000] {logging_mixin.py:151} INFO - [2023-08-24T04:05:26.221+0000] {dagbag.py:539} INFO - Filling up the DagBag from /home/airflow/.local/lib/python3.8/site-packages/airflow/example_dags/example_latest_only.py
[2023-08-24T04:05:26.225+0000] {processor.py:839} INFO - DAG(s) dict_keys(['latest_only']) retrieved from /home/airflow/.local/lib/python3.8/site-packages/airflow/example_dags/example_latest_only.py
[2023-08-24T04:05:26.241+0000] {logging_mixin.py:151} INFO - [2023-08-24T04:05:26.241+0000] {dag.py:2907} INFO - Sync 1 DAGs
[2023-08-24T04:05:26.254+0000] {logging_mixin.py:151} INFO - [2023-08-24T04:05:26.254+0000] {dag.py:3677} INFO - Setting next_dagrun for latest_only to 2023-08-24T00:05:26.254002+00:00, run_after=2023-08-24T04:05:26.254002+00:00
[2023-08-24T04:05:26.263+0000] {processor.py:179} INFO - Processing /home/airflow/.local/lib/python3.8/site-packages/airflow/example_dags/example_latest_only.py took 0.048 seconds
[2023-08-24T04:05:56.973+0000] {processor.py:157} INFO - Started process (PID=798) to work on /home/airflow/.local/lib/python3.8/site-packages/airflow/example_dags/example_latest_only.py
[2023-08-24T04:05:56.975+0000] {processor.py:829} INFO - Processing file /home/airflow/.local/lib/python3.8/site-packages/airflow/example_dags/example_latest_only.py for tasks to queue
[2023-08-24T04:05:56.977+0000] {logging_mixin.py:151} INFO - [2023-08-24T04:05:56.976+0000] {dagbag.py:539} INFO - Filling up the DagBag from /home/airflow/.local/lib/python3.8/site-packages/airflow/example_dags/example_latest_only.py
[2023-08-24T04:05:56.981+0000] {processor.py:839} INFO - DAG(s) dict_keys(['latest_only']) retrieved from /home/airflow/.local/lib/python3.8/site-packages/airflow/example_dags/example_latest_only.py
[2023-08-24T04:05:56.997+0000] {logging_mixin.py:151} INFO - [2023-08-24T04:05:56.997+0000] {dag.py:2907} INFO - Sync 1 DAGs
[2023-08-24T04:05:57.010+0000] {logging_mixin.py:151} INFO - [2023-08-24T04:05:57.010+0000] {dag.py:3677} INFO - Setting next_dagrun for latest_only to 2023-08-24T00:05:57.010046+00:00, run_after=2023-08-24T04:05:57.010046+00:00
[2023-08-24T04:05:57.020+0000] {processor.py:179} INFO - Processing /home/airflow/.local/lib/python3.8/site-packages/airflow/example_dags/example_latest_only.py took 0.049 seconds
[2023-08-24T04:06:27.591+0000] {processor.py:157} INFO - Started process (PID=861) to work on /home/airflow/.local/lib/python3.8/site-packages/airflow/example_dags/example_latest_only.py
[2023-08-24T04:06:27.592+0000] {processor.py:829} INFO - Processing file /home/airflow/.local/lib/python3.8/site-packages/airflow/example_dags/example_latest_only.py for tasks to queue
[2023-08-24T04:06:27.595+0000] {logging_mixin.py:151} INFO - [2023-08-24T04:06:27.594+0000] {dagbag.py:539} INFO - Filling up the DagBag from /home/airflow/.local/lib/python3.8/site-packages/airflow/example_dags/example_latest_only.py
[2023-08-24T04:06:27.599+0000] {processor.py:839} INFO - DAG(s) dict_keys(['latest_only']) retrieved from /home/airflow/.local/lib/python3.8/site-packages/airflow/example_dags/example_latest_only.py
[2023-08-24T04:06:27.615+0000] {logging_mixin.py:151} INFO - [2023-08-24T04:06:27.615+0000] {dag.py:2907} INFO - Sync 1 DAGs
[2023-08-24T04:06:27.628+0000] {logging_mixin.py:151} INFO - [2023-08-24T04:06:27.628+0000] {dag.py:3677} INFO - Setting next_dagrun for latest_only to 2023-08-24T00:06:27.627865+00:00, run_after=2023-08-24T04:06:27.627865+00:00
[2023-08-24T04:06:27.638+0000] {processor.py:179} INFO - Processing /home/airflow/.local/lib/python3.8/site-packages/airflow/example_dags/example_latest_only.py took 0.049 seconds
[2023-08-24T04:06:58.277+0000] {processor.py:157} INFO - Started process (PID=923) to work on /home/airflow/.local/lib/python3.8/site-packages/airflow/example_dags/example_latest_only.py
[2023-08-24T04:06:58.278+0000] {processor.py:829} INFO - Processing file /home/airflow/.local/lib/python3.8/site-packages/airflow/example_dags/example_latest_only.py for tasks to queue
[2023-08-24T04:06:58.280+0000] {logging_mixin.py:151} INFO - [2023-08-24T04:06:58.280+0000] {dagbag.py:539} INFO - Filling up the DagBag from /home/airflow/.local/lib/python3.8/site-packages/airflow/example_dags/example_latest_only.py
[2023-08-24T04:06:58.284+0000] {processor.py:839} INFO - DAG(s) dict_keys(['latest_only']) retrieved from /home/airflow/.local/lib/python3.8/site-packages/airflow/example_dags/example_latest_only.py
[2023-08-24T04:06:58.301+0000] {logging_mixin.py:151} INFO - [2023-08-24T04:06:58.301+0000] {dag.py:2907} INFO - Sync 1 DAGs
[2023-08-24T04:06:58.314+0000] {logging_mixin.py:151} INFO - [2023-08-24T04:06:58.314+0000] {dag.py:3677} INFO - Setting next_dagrun for latest_only to 2023-08-24T00:06:58.314395+00:00, run_after=2023-08-24T04:06:58.314395+00:00
[2023-08-24T04:06:58.324+0000] {processor.py:179} INFO - Processing /home/airflow/.local/lib/python3.8/site-packages/airflow/example_dags/example_latest_only.py took 0.050 seconds
[2023-08-24T04:07:28.947+0000] {processor.py:157} INFO - Started process (PID=986) to work on /home/airflow/.local/lib/python3.8/site-packages/airflow/example_dags/example_latest_only.py
[2023-08-24T04:07:28.948+0000] {processor.py:829} INFO - Processing file /home/airflow/.local/lib/python3.8/site-packages/airflow/example_dags/example_latest_only.py for tasks to queue
[2023-08-24T04:07:28.949+0000] {logging_mixin.py:151} INFO - [2023-08-24T04:07:28.949+0000] {dagbag.py:539} INFO - Filling up the DagBag from /home/airflow/.local/lib/python3.8/site-packages/airflow/example_dags/example_latest_only.py
[2023-08-24T04:07:28.954+0000] {processor.py:839} INFO - DAG(s) dict_keys(['latest_only']) retrieved from /home/airflow/.local/lib/python3.8/site-packages/airflow/example_dags/example_latest_only.py
[2023-08-24T04:07:28.970+0000] {logging_mixin.py:151} INFO - [2023-08-24T04:07:28.970+0000] {dag.py:2907} INFO - Sync 1 DAGs
[2023-08-24T04:07:28.983+0000] {logging_mixin.py:151} INFO - [2023-08-24T04:07:28.982+0000] {dag.py:3677} INFO - Setting next_dagrun for latest_only to 2023-08-24T00:07:28.982710+00:00, run_after=2023-08-24T04:07:28.982710+00:00
[2023-08-24T04:07:28.996+0000] {processor.py:179} INFO - Processing /home/airflow/.local/lib/python3.8/site-packages/airflow/example_dags/example_latest_only.py took 0.052 seconds
[2023-08-24T04:07:59.681+0000] {processor.py:157} INFO - Started process (PID=1049) to work on /home/airflow/.local/lib/python3.8/site-packages/airflow/example_dags/example_latest_only.py
[2023-08-24T04:07:59.682+0000] {processor.py:829} INFO - Processing file /home/airflow/.local/lib/python3.8/site-packages/airflow/example_dags/example_latest_only.py for tasks to queue
[2023-08-24T04:07:59.684+0000] {logging_mixin.py:151} INFO - [2023-08-24T04:07:59.684+0000] {dagbag.py:539} INFO - Filling up the DagBag from /home/airflow/.local/lib/python3.8/site-packages/airflow/example_dags/example_latest_only.py
[2023-08-24T04:07:59.688+0000] {processor.py:839} INFO - DAG(s) dict_keys(['latest_only']) retrieved from /home/airflow/.local/lib/python3.8/site-packages/airflow/example_dags/example_latest_only.py
[2023-08-24T04:07:59.705+0000] {logging_mixin.py:151} INFO - [2023-08-24T04:07:59.705+0000] {dag.py:2907} INFO - Sync 1 DAGs
[2023-08-24T04:07:59.717+0000] {logging_mixin.py:151} INFO - [2023-08-24T04:07:59.717+0000] {dag.py:3677} INFO - Setting next_dagrun for latest_only to 2023-08-24T00:07:59.717601+00:00, run_after=2023-08-24T04:07:59.717601+00:00
[2023-08-24T04:07:59.728+0000] {processor.py:179} INFO - Processing /home/airflow/.local/lib/python3.8/site-packages/airflow/example_dags/example_latest_only.py took 0.049 seconds
[2023-08-24T04:08:30.387+0000] {processor.py:157} INFO - Started process (PID=1112) to work on /home/airflow/.local/lib/python3.8/site-packages/airflow/example_dags/example_latest_only.py
[2023-08-24T04:08:30.388+0000] {processor.py:829} INFO - Processing file /home/airflow/.local/lib/python3.8/site-packages/airflow/example_dags/example_latest_only.py for tasks to queue
[2023-08-24T04:08:30.390+0000] {logging_mixin.py:151} INFO - [2023-08-24T04:08:30.390+0000] {dagbag.py:539} INFO - Filling up the DagBag from /home/airflow/.local/lib/python3.8/site-packages/airflow/example_dags/example_latest_only.py
[2023-08-24T04:08:30.394+0000] {processor.py:839} INFO - DAG(s) dict_keys(['latest_only']) retrieved from /home/airflow/.local/lib/python3.8/site-packages/airflow/example_dags/example_latest_only.py
[2023-08-24T04:08:30.410+0000] {logging_mixin.py:151} INFO - [2023-08-24T04:08:30.410+0000] {dag.py:2907} INFO - Sync 1 DAGs
[2023-08-24T04:08:30.423+0000] {logging_mixin.py:151} INFO - [2023-08-24T04:08:30.423+0000] {dag.py:3677} INFO - Setting next_dagrun for latest_only to 2023-08-24T00:08:30.423429+00:00, run_after=2023-08-24T04:08:30.423429+00:00
[2023-08-24T04:08:30.434+0000] {processor.py:179} INFO - Processing /home/airflow/.local/lib/python3.8/site-packages/airflow/example_dags/example_latest_only.py took 0.050 seconds
[2023-08-24T04:09:01.093+0000] {processor.py:157} INFO - Started process (PID=1175) to work on /home/airflow/.local/lib/python3.8/site-packages/airflow/example_dags/example_latest_only.py
[2023-08-24T04:09:01.094+0000] {processor.py:829} INFO - Processing file /home/airflow/.local/lib/python3.8/site-packages/airflow/example_dags/example_latest_only.py for tasks to queue
[2023-08-24T04:09:01.096+0000] {logging_mixin.py:151} INFO - [2023-08-24T04:09:01.096+0000] {dagbag.py:539} INFO - Filling up the DagBag from /home/airflow/.local/lib/python3.8/site-packages/airflow/example_dags/example_latest_only.py
[2023-08-24T04:09:01.100+0000] {processor.py:839} INFO - DAG(s) dict_keys(['latest_only']) retrieved from /home/airflow/.local/lib/python3.8/site-packages/airflow/example_dags/example_latest_only.py
[2023-08-24T04:09:01.116+0000] {logging_mixin.py:151} INFO - [2023-08-24T04:09:01.116+0000] {dag.py:2907} INFO - Sync 1 DAGs
[2023-08-24T04:09:01.130+0000] {logging_mixin.py:151} INFO - [2023-08-24T04:09:01.130+0000] {dag.py:3677} INFO - Setting next_dagrun for latest_only to 2023-08-24T00:09:01.130583+00:00, run_after=2023-08-24T04:09:01.130583+00:00
[2023-08-24T04:09:01.142+0000] {processor.py:179} INFO - Processing /home/airflow/.local/lib/python3.8/site-packages/airflow/example_dags/example_latest_only.py took 0.052 seconds
[2023-08-24T04:09:31.931+0000] {processor.py:157} INFO - Started process (PID=1238) to work on /home/airflow/.local/lib/python3.8/site-packages/airflow/example_dags/example_latest_only.py
[2023-08-24T04:09:31.932+0000] {processor.py:829} INFO - Processing file /home/airflow/.local/lib/python3.8/site-packages/airflow/example_dags/example_latest_only.py for tasks to queue
[2023-08-24T04:09:31.934+0000] {logging_mixin.py:151} INFO - [2023-08-24T04:09:31.934+0000] {dagbag.py:539} INFO - Filling up the DagBag from /home/airflow/.local/lib/python3.8/site-packages/airflow/example_dags/example_latest_only.py
[2023-08-24T04:09:31.938+0000] {processor.py:839} INFO - DAG(s) dict_keys(['latest_only']) retrieved from /home/airflow/.local/lib/python3.8/site-packages/airflow/example_dags/example_latest_only.py
[2023-08-24T04:09:31.955+0000] {logging_mixin.py:151} INFO - [2023-08-24T04:09:31.955+0000] {dag.py:2907} INFO - Sync 1 DAGs
[2023-08-24T04:09:31.968+0000] {logging_mixin.py:151} INFO - [2023-08-24T04:09:31.968+0000] {dag.py:3677} INFO - Setting next_dagrun for latest_only to 2023-08-24T00:09:31.968400+00:00, run_after=2023-08-24T04:09:31.968400+00:00
[2023-08-24T04:09:31.978+0000] {processor.py:179} INFO - Processing /home/airflow/.local/lib/python3.8/site-packages/airflow/example_dags/example_latest_only.py took 0.051 seconds
[2023-08-24T04:10:02.617+0000] {processor.py:157} INFO - Started process (PID=1301) to work on /home/airflow/.local/lib/python3.8/site-packages/airflow/example_dags/example_latest_only.py
[2023-08-24T04:10:02.618+0000] {processor.py:829} INFO - Processing file /home/airflow/.local/lib/python3.8/site-packages/airflow/example_dags/example_latest_only.py for tasks to queue
[2023-08-24T04:10:02.621+0000] {logging_mixin.py:151} INFO - [2023-08-24T04:10:02.620+0000] {dagbag.py:539} INFO - Filling up the DagBag from /home/airflow/.local/lib/python3.8/site-packages/airflow/example_dags/example_latest_only.py
[2023-08-24T04:10:02.625+0000] {processor.py:839} INFO - DAG(s) dict_keys(['latest_only']) retrieved from /home/airflow/.local/lib/python3.8/site-packages/airflow/example_dags/example_latest_only.py
[2023-08-24T04:10:02.640+0000] {logging_mixin.py:151} INFO - [2023-08-24T04:10:02.640+0000] {dag.py:2907} INFO - Sync 1 DAGs
[2023-08-24T04:10:02.654+0000] {logging_mixin.py:151} INFO - [2023-08-24T04:10:02.654+0000] {dag.py:3677} INFO - Setting next_dagrun for latest_only to 2023-08-24T00:10:02.653895+00:00, run_after=2023-08-24T04:10:02.653895+00:00
[2023-08-24T04:10:02.664+0000] {processor.py:179} INFO - Processing /home/airflow/.local/lib/python3.8/site-packages/airflow/example_dags/example_latest_only.py took 0.050 seconds
[2023-08-24T04:10:33.325+0000] {processor.py:157} INFO - Started process (PID=1364) to work on /home/airflow/.local/lib/python3.8/site-packages/airflow/example_dags/example_latest_only.py
[2023-08-24T04:10:33.326+0000] {processor.py:829} INFO - Processing file /home/airflow/.local/lib/python3.8/site-packages/airflow/example_dags/example_latest_only.py for tasks to queue
[2023-08-24T04:10:33.328+0000] {logging_mixin.py:151} INFO - [2023-08-24T04:10:33.328+0000] {dagbag.py:539} INFO - Filling up the DagBag from /home/airflow/.local/lib/python3.8/site-packages/airflow/example_dags/example_latest_only.py
[2023-08-24T04:10:33.332+0000] {processor.py:839} INFO - DAG(s) dict_keys(['latest_only']) retrieved from /home/airflow/.local/lib/python3.8/site-packages/airflow/example_dags/example_latest_only.py
[2023-08-24T04:10:33.348+0000] {logging_mixin.py:151} INFO - [2023-08-24T04:10:33.348+0000] {dag.py:2907} INFO - Sync 1 DAGs
[2023-08-24T04:10:33.360+0000] {logging_mixin.py:151} INFO - [2023-08-24T04:10:33.360+0000] {dag.py:3677} INFO - Setting next_dagrun for latest_only to 2023-08-24T00:10:33.360687+00:00, run_after=2023-08-24T04:10:33.360687+00:00
[2023-08-24T04:10:33.371+0000] {processor.py:179} INFO - Processing /home/airflow/.local/lib/python3.8/site-packages/airflow/example_dags/example_latest_only.py took 0.050 seconds
[2023-08-24T04:11:04.033+0000] {processor.py:157} INFO - Started process (PID=1427) to work on /home/airflow/.local/lib/python3.8/site-packages/airflow/example_dags/example_latest_only.py
[2023-08-24T04:11:04.035+0000] {processor.py:829} INFO - Processing file /home/airflow/.local/lib/python3.8/site-packages/airflow/example_dags/example_latest_only.py for tasks to queue
[2023-08-24T04:11:04.037+0000] {logging_mixin.py:151} INFO - [2023-08-24T04:11:04.037+0000] {dagbag.py:539} INFO - Filling up the DagBag from /home/airflow/.local/lib/python3.8/site-packages/airflow/example_dags/example_latest_only.py
[2023-08-24T04:11:04.041+0000] {processor.py:839} INFO - DAG(s) dict_keys(['latest_only']) retrieved from /home/airflow/.local/lib/python3.8/site-packages/airflow/example_dags/example_latest_only.py
[2023-08-24T04:11:04.059+0000] {logging_mixin.py:151} INFO - [2023-08-24T04:11:04.059+0000] {dag.py:2907} INFO - Sync 1 DAGs
[2023-08-24T04:11:04.072+0000] {logging_mixin.py:151} INFO - [2023-08-24T04:11:04.072+0000] {dag.py:3677} INFO - Setting next_dagrun for latest_only to 2023-08-24T00:11:04.072005+00:00, run_after=2023-08-24T04:11:04.072005+00:00
[2023-08-24T04:11:04.084+0000] {processor.py:179} INFO - Processing /home/airflow/.local/lib/python3.8/site-packages/airflow/example_dags/example_latest_only.py took 0.054 seconds
[2023-08-24T04:11:34.898+0000] {processor.py:157} INFO - Started process (PID=1490) to work on /home/airflow/.local/lib/python3.8/site-packages/airflow/example_dags/example_latest_only.py
[2023-08-24T04:11:34.899+0000] {processor.py:829} INFO - Processing file /home/airflow/.local/lib/python3.8/site-packages/airflow/example_dags/example_latest_only.py for tasks to queue
[2023-08-24T04:11:34.901+0000] {logging_mixin.py:151} INFO - [2023-08-24T04:11:34.901+0000] {dagbag.py:539} INFO - Filling up the DagBag from /home/airflow/.local/lib/python3.8/site-packages/airflow/example_dags/example_latest_only.py
[2023-08-24T04:11:34.906+0000] {processor.py:839} INFO - DAG(s) dict_keys(['latest_only']) retrieved from /home/airflow/.local/lib/python3.8/site-packages/airflow/example_dags/example_latest_only.py
[2023-08-24T04:11:34.923+0000] {logging_mixin.py:151} INFO - [2023-08-24T04:11:34.923+0000] {dag.py:2907} INFO - Sync 1 DAGs
[2023-08-24T04:11:34.937+0000] {logging_mixin.py:151} INFO - [2023-08-24T04:11:34.937+0000] {dag.py:3677} INFO - Setting next_dagrun for latest_only to 2023-08-24T00:11:34.936912+00:00, run_after=2023-08-24T04:11:34.936912+00:00
[2023-08-24T04:11:34.950+0000] {processor.py:179} INFO - Processing /home/airflow/.local/lib/python3.8/site-packages/airflow/example_dags/example_latest_only.py took 0.054 seconds
[2023-08-24T04:12:05.592+0000] {processor.py:157} INFO - Started process (PID=1553) to work on /home/airflow/.local/lib/python3.8/site-packages/airflow/example_dags/example_latest_only.py
[2023-08-24T04:12:05.593+0000] {processor.py:829} INFO - Processing file /home/airflow/.local/lib/python3.8/site-packages/airflow/example_dags/example_latest_only.py for tasks to queue
[2023-08-24T04:12:05.595+0000] {logging_mixin.py:151} INFO - [2023-08-24T04:12:05.595+0000] {dagbag.py:539} INFO - Filling up the DagBag from /home/airflow/.local/lib/python3.8/site-packages/airflow/example_dags/example_latest_only.py
[2023-08-24T04:12:05.602+0000] {processor.py:839} INFO - DAG(s) dict_keys(['latest_only']) retrieved from /home/airflow/.local/lib/python3.8/site-packages/airflow/example_dags/example_latest_only.py
[2023-08-24T04:12:05.627+0000] {logging_mixin.py:151} INFO - [2023-08-24T04:12:05.627+0000] {dag.py:2907} INFO - Sync 1 DAGs
[2023-08-24T04:12:05.646+0000] {logging_mixin.py:151} INFO - [2023-08-24T04:12:05.646+0000] {dag.py:3677} INFO - Setting next_dagrun for latest_only to 2023-08-24T00:12:05.645995+00:00, run_after=2023-08-24T04:12:05.645995+00:00
[2023-08-24T04:12:05.665+0000] {processor.py:179} INFO - Processing /home/airflow/.local/lib/python3.8/site-packages/airflow/example_dags/example_latest_only.py took 0.077 seconds
[2023-08-24T04:12:36.219+0000] {processor.py:157} INFO - Started process (PID=1616) to work on /home/airflow/.local/lib/python3.8/site-packages/airflow/example_dags/example_latest_only.py
[2023-08-24T04:12:36.220+0000] {processor.py:829} INFO - Processing file /home/airflow/.local/lib/python3.8/site-packages/airflow/example_dags/example_latest_only.py for tasks to queue
[2023-08-24T04:12:36.222+0000] {logging_mixin.py:151} INFO - [2023-08-24T04:12:36.222+0000] {dagbag.py:539} INFO - Filling up the DagBag from /home/airflow/.local/lib/python3.8/site-packages/airflow/example_dags/example_latest_only.py
[2023-08-24T04:12:36.227+0000] {processor.py:839} INFO - DAG(s) dict_keys(['latest_only']) retrieved from /home/airflow/.local/lib/python3.8/site-packages/airflow/example_dags/example_latest_only.py
[2023-08-24T04:12:36.243+0000] {logging_mixin.py:151} INFO - [2023-08-24T04:12:36.243+0000] {dag.py:2907} INFO - Sync 1 DAGs
[2023-08-24T04:12:36.258+0000] {logging_mixin.py:151} INFO - [2023-08-24T04:12:36.258+0000] {dag.py:3677} INFO - Setting next_dagrun for latest_only to 2023-08-24T00:12:36.258171+00:00, run_after=2023-08-24T04:12:36.258171+00:00
[2023-08-24T04:12:36.270+0000] {processor.py:179} INFO - Processing /home/airflow/.local/lib/python3.8/site-packages/airflow/example_dags/example_latest_only.py took 0.053 seconds
[2023-08-24T04:13:07.014+0000] {processor.py:157} INFO - Started process (PID=1679) to work on /home/airflow/.local/lib/python3.8/site-packages/airflow/example_dags/example_latest_only.py
[2023-08-24T04:13:07.015+0000] {processor.py:829} INFO - Processing file /home/airflow/.local/lib/python3.8/site-packages/airflow/example_dags/example_latest_only.py for tasks to queue
[2023-08-24T04:13:07.017+0000] {logging_mixin.py:151} INFO - [2023-08-24T04:13:07.017+0000] {dagbag.py:539} INFO - Filling up the DagBag from /home/airflow/.local/lib/python3.8/site-packages/airflow/example_dags/example_latest_only.py
[2023-08-24T04:13:07.021+0000] {processor.py:839} INFO - DAG(s) dict_keys(['latest_only']) retrieved from /home/airflow/.local/lib/python3.8/site-packages/airflow/example_dags/example_latest_only.py
[2023-08-24T04:13:07.037+0000] {logging_mixin.py:151} INFO - [2023-08-24T04:13:07.037+0000] {dag.py:2907} INFO - Sync 1 DAGs
[2023-08-24T04:13:07.050+0000] {logging_mixin.py:151} INFO - [2023-08-24T04:13:07.050+0000] {dag.py:3677} INFO - Setting next_dagrun for latest_only to 2023-08-24T00:13:07.049858+00:00, run_after=2023-08-24T04:13:07.049858+00:00
[2023-08-24T04:13:07.064+0000] {processor.py:179} INFO - Processing /home/airflow/.local/lib/python3.8/site-packages/airflow/example_dags/example_latest_only.py took 0.053 seconds
[2023-08-24T04:13:37.660+0000] {processor.py:157} INFO - Started process (PID=1742) to work on /home/airflow/.local/lib/python3.8/site-packages/airflow/example_dags/example_latest_only.py
[2023-08-24T04:13:37.661+0000] {processor.py:829} INFO - Processing file /home/airflow/.local/lib/python3.8/site-packages/airflow/example_dags/example_latest_only.py for tasks to queue
[2023-08-24T04:13:37.663+0000] {logging_mixin.py:151} INFO - [2023-08-24T04:13:37.663+0000] {dagbag.py:539} INFO - Filling up the DagBag from /home/airflow/.local/lib/python3.8/site-packages/airflow/example_dags/example_latest_only.py
[2023-08-24T04:13:37.667+0000] {processor.py:839} INFO - DAG(s) dict_keys(['latest_only']) retrieved from /home/airflow/.local/lib/python3.8/site-packages/airflow/example_dags/example_latest_only.py
[2023-08-24T04:13:37.684+0000] {logging_mixin.py:151} INFO - [2023-08-24T04:13:37.684+0000] {dag.py:2907} INFO - Sync 1 DAGs
[2023-08-24T04:13:37.697+0000] {logging_mixin.py:151} INFO - [2023-08-24T04:13:37.697+0000] {dag.py:3677} INFO - Setting next_dagrun for latest_only to 2023-08-24T00:13:37.697481+00:00, run_after=2023-08-24T04:13:37.697481+00:00
[2023-08-24T04:13:37.712+0000] {processor.py:179} INFO - Processing /home/airflow/.local/lib/python3.8/site-packages/airflow/example_dags/example_latest_only.py took 0.055 seconds
[2023-08-24T04:14:08.501+0000] {processor.py:157} INFO - Started process (PID=1805) to work on /home/airflow/.local/lib/python3.8/site-packages/airflow/example_dags/example_latest_only.py
[2023-08-24T04:14:08.502+0000] {processor.py:829} INFO - Processing file /home/airflow/.local/lib/python3.8/site-packages/airflow/example_dags/example_latest_only.py for tasks to queue
[2023-08-24T04:14:08.504+0000] {logging_mixin.py:151} INFO - [2023-08-24T04:14:08.503+0000] {dagbag.py:539} INFO - Filling up the DagBag from /home/airflow/.local/lib/python3.8/site-packages/airflow/example_dags/example_latest_only.py
[2023-08-24T04:14:08.508+0000] {processor.py:839} INFO - DAG(s) dict_keys(['latest_only']) retrieved from /home/airflow/.local/lib/python3.8/site-packages/airflow/example_dags/example_latest_only.py
[2023-08-24T04:14:08.524+0000] {logging_mixin.py:151} INFO - [2023-08-24T04:14:08.524+0000] {dag.py:2907} INFO - Sync 1 DAGs
[2023-08-24T04:14:08.537+0000] {logging_mixin.py:151} INFO - [2023-08-24T04:14:08.537+0000] {dag.py:3677} INFO - Setting next_dagrun for latest_only to 2023-08-24T00:14:08.536803+00:00, run_after=2023-08-24T04:14:08.536803+00:00
[2023-08-24T04:14:08.546+0000] {processor.py:179} INFO - Processing /home/airflow/.local/lib/python3.8/site-packages/airflow/example_dags/example_latest_only.py took 0.049 seconds
[2023-08-24T04:14:38.595+0000] {processor.py:157} INFO - Started process (PID=1868) to work on /home/airflow/.local/lib/python3.8/site-packages/airflow/example_dags/example_latest_only.py
[2023-08-24T04:14:38.596+0000] {processor.py:829} INFO - Processing file /home/airflow/.local/lib/python3.8/site-packages/airflow/example_dags/example_latest_only.py for tasks to queue
[2023-08-24T04:14:38.598+0000] {logging_mixin.py:151} INFO - [2023-08-24T04:14:38.598+0000] {dagbag.py:539} INFO - Filling up the DagBag from /home/airflow/.local/lib/python3.8/site-packages/airflow/example_dags/example_latest_only.py
[2023-08-24T04:14:38.602+0000] {processor.py:839} INFO - DAG(s) dict_keys(['latest_only']) retrieved from /home/airflow/.local/lib/python3.8/site-packages/airflow/example_dags/example_latest_only.py
[2023-08-24T04:14:38.619+0000] {logging_mixin.py:151} INFO - [2023-08-24T04:14:38.619+0000] {dag.py:2907} INFO - Sync 1 DAGs
[2023-08-24T04:14:38.631+0000] {logging_mixin.py:151} INFO - [2023-08-24T04:14:38.631+0000] {dag.py:3677} INFO - Setting next_dagrun for latest_only to 2023-08-24T00:14:38.631197+00:00, run_after=2023-08-24T04:14:38.631197+00:00
[2023-08-24T04:14:38.641+0000] {processor.py:179} INFO - Processing /home/airflow/.local/lib/python3.8/site-packages/airflow/example_dags/example_latest_only.py took 0.050 seconds
[2023-08-24T04:15:09.503+0000] {processor.py:157} INFO - Started process (PID=1931) to work on /home/airflow/.local/lib/python3.8/site-packages/airflow/example_dags/example_latest_only.py
[2023-08-24T04:15:09.504+0000] {processor.py:829} INFO - Processing file /home/airflow/.local/lib/python3.8/site-packages/airflow/example_dags/example_latest_only.py for tasks to queue
[2023-08-24T04:15:09.506+0000] {logging_mixin.py:151} INFO - [2023-08-24T04:15:09.505+0000] {dagbag.py:539} INFO - Filling up the DagBag from /home/airflow/.local/lib/python3.8/site-packages/airflow/example_dags/example_latest_only.py
[2023-08-24T04:15:09.510+0000] {processor.py:839} INFO - DAG(s) dict_keys(['latest_only']) retrieved from /home/airflow/.local/lib/python3.8/site-packages/airflow/example_dags/example_latest_only.py
[2023-08-24T04:15:09.526+0000] {logging_mixin.py:151} INFO - [2023-08-24T04:15:09.526+0000] {dag.py:2907} INFO - Sync 1 DAGs
[2023-08-24T04:15:09.538+0000] {logging_mixin.py:151} INFO - [2023-08-24T04:15:09.538+0000] {dag.py:3677} INFO - Setting next_dagrun for latest_only to 2023-08-24T00:15:09.537933+00:00, run_after=2023-08-24T04:15:09.537933+00:00
[2023-08-24T04:15:09.548+0000] {processor.py:179} INFO - Processing /home/airflow/.local/lib/python3.8/site-packages/airflow/example_dags/example_latest_only.py took 0.048 seconds
[2023-08-24T04:15:40.387+0000] {processor.py:157} INFO - Started process (PID=1993) to work on /home/airflow/.local/lib/python3.8/site-packages/airflow/example_dags/example_latest_only.py
[2023-08-24T04:15:40.388+0000] {processor.py:829} INFO - Processing file /home/airflow/.local/lib/python3.8/site-packages/airflow/example_dags/example_latest_only.py for tasks to queue
[2023-08-24T04:15:40.390+0000] {logging_mixin.py:151} INFO - [2023-08-24T04:15:40.389+0000] {dagbag.py:539} INFO - Filling up the DagBag from /home/airflow/.local/lib/python3.8/site-packages/airflow/example_dags/example_latest_only.py
[2023-08-24T04:15:40.394+0000] {processor.py:839} INFO - DAG(s) dict_keys(['latest_only']) retrieved from /home/airflow/.local/lib/python3.8/site-packages/airflow/example_dags/example_latest_only.py
[2023-08-24T04:15:40.411+0000] {logging_mixin.py:151} INFO - [2023-08-24T04:15:40.411+0000] {dag.py:2907} INFO - Sync 1 DAGs
[2023-08-24T04:15:40.424+0000] {logging_mixin.py:151} INFO - [2023-08-24T04:15:40.424+0000] {dag.py:3677} INFO - Setting next_dagrun for latest_only to 2023-08-24T00:15:40.424463+00:00, run_after=2023-08-24T04:15:40.424463+00:00
[2023-08-24T04:15:40.435+0000] {processor.py:179} INFO - Processing /home/airflow/.local/lib/python3.8/site-packages/airflow/example_dags/example_latest_only.py took 0.051 seconds
[2023-08-24T04:16:11.157+0000] {processor.py:157} INFO - Started process (PID=2056) to work on /home/airflow/.local/lib/python3.8/site-packages/airflow/example_dags/example_latest_only.py
[2023-08-24T04:16:11.158+0000] {processor.py:829} INFO - Processing file /home/airflow/.local/lib/python3.8/site-packages/airflow/example_dags/example_latest_only.py for tasks to queue
[2023-08-24T04:16:11.160+0000] {logging_mixin.py:151} INFO - [2023-08-24T04:16:11.160+0000] {dagbag.py:539} INFO - Filling up the DagBag from /home/airflow/.local/lib/python3.8/site-packages/airflow/example_dags/example_latest_only.py
[2023-08-24T04:16:11.164+0000] {processor.py:839} INFO - DAG(s) dict_keys(['latest_only']) retrieved from /home/airflow/.local/lib/python3.8/site-packages/airflow/example_dags/example_latest_only.py
[2023-08-24T04:16:11.179+0000] {logging_mixin.py:151} INFO - [2023-08-24T04:16:11.179+0000] {dag.py:2907} INFO - Sync 1 DAGs
[2023-08-24T04:16:11.192+0000] {logging_mixin.py:151} INFO - [2023-08-24T04:16:11.191+0000] {dag.py:3677} INFO - Setting next_dagrun for latest_only to 2023-08-24T00:16:11.191694+00:00, run_after=2023-08-24T04:16:11.191694+00:00
[2023-08-24T04:16:11.201+0000] {processor.py:179} INFO - Processing /home/airflow/.local/lib/python3.8/site-packages/airflow/example_dags/example_latest_only.py took 0.047 seconds
[2023-08-24T04:16:41.959+0000] {processor.py:157} INFO - Started process (PID=2119) to work on /home/airflow/.local/lib/python3.8/site-packages/airflow/example_dags/example_latest_only.py
[2023-08-24T04:16:41.960+0000] {processor.py:829} INFO - Processing file /home/airflow/.local/lib/python3.8/site-packages/airflow/example_dags/example_latest_only.py for tasks to queue
[2023-08-24T04:16:41.963+0000] {logging_mixin.py:151} INFO - [2023-08-24T04:16:41.963+0000] {dagbag.py:539} INFO - Filling up the DagBag from /home/airflow/.local/lib/python3.8/site-packages/airflow/example_dags/example_latest_only.py
[2023-08-24T04:16:41.967+0000] {processor.py:839} INFO - DAG(s) dict_keys(['latest_only']) retrieved from /home/airflow/.local/lib/python3.8/site-packages/airflow/example_dags/example_latest_only.py
[2023-08-24T04:16:41.986+0000] {logging_mixin.py:151} INFO - [2023-08-24T04:16:41.986+0000] {dag.py:2907} INFO - Sync 1 DAGs
[2023-08-24T04:16:42.003+0000] {logging_mixin.py:151} INFO - [2023-08-24T04:16:42.003+0000] {dag.py:3677} INFO - Setting next_dagrun for latest_only to 2023-08-24T00:16:42.002886+00:00, run_after=2023-08-24T04:16:42.002886+00:00
[2023-08-24T04:16:42.015+0000] {processor.py:179} INFO - Processing /home/airflow/.local/lib/python3.8/site-packages/airflow/example_dags/example_latest_only.py took 0.059 seconds
[2023-08-24T04:17:12.712+0000] {processor.py:157} INFO - Started process (PID=2189) to work on /home/airflow/.local/lib/python3.8/site-packages/airflow/example_dags/example_latest_only.py
[2023-08-24T04:17:12.713+0000] {processor.py:829} INFO - Processing file /home/airflow/.local/lib/python3.8/site-packages/airflow/example_dags/example_latest_only.py for tasks to queue
[2023-08-24T04:17:12.714+0000] {logging_mixin.py:151} INFO - [2023-08-24T04:17:12.714+0000] {dagbag.py:539} INFO - Filling up the DagBag from /home/airflow/.local/lib/python3.8/site-packages/airflow/example_dags/example_latest_only.py
[2023-08-24T04:17:12.719+0000] {processor.py:839} INFO - DAG(s) dict_keys(['latest_only']) retrieved from /home/airflow/.local/lib/python3.8/site-packages/airflow/example_dags/example_latest_only.py
[2023-08-24T04:17:12.735+0000] {logging_mixin.py:151} INFO - [2023-08-24T04:17:12.735+0000] {dag.py:2907} INFO - Sync 1 DAGs
[2023-08-24T04:17:12.748+0000] {logging_mixin.py:151} INFO - [2023-08-24T04:17:12.748+0000] {dag.py:3677} INFO - Setting next_dagrun for latest_only to 2023-08-24T00:17:12.747835+00:00, run_after=2023-08-24T04:17:12.747835+00:00
[2023-08-24T04:17:12.758+0000] {processor.py:179} INFO - Processing /home/airflow/.local/lib/python3.8/site-packages/airflow/example_dags/example_latest_only.py took 0.049 seconds
[2023-08-24T04:17:43.062+0000] {processor.py:157} INFO - Started process (PID=2256) to work on /home/airflow/.local/lib/python3.8/site-packages/airflow/example_dags/example_latest_only.py
[2023-08-24T04:17:43.063+0000] {processor.py:829} INFO - Processing file /home/airflow/.local/lib/python3.8/site-packages/airflow/example_dags/example_latest_only.py for tasks to queue
[2023-08-24T04:17:43.065+0000] {logging_mixin.py:151} INFO - [2023-08-24T04:17:43.065+0000] {dagbag.py:539} INFO - Filling up the DagBag from /home/airflow/.local/lib/python3.8/site-packages/airflow/example_dags/example_latest_only.py
[2023-08-24T04:17:43.069+0000] {processor.py:839} INFO - DAG(s) dict_keys(['latest_only']) retrieved from /home/airflow/.local/lib/python3.8/site-packages/airflow/example_dags/example_latest_only.py
[2023-08-24T04:17:43.085+0000] {logging_mixin.py:151} INFO - [2023-08-24T04:17:43.085+0000] {dag.py:2907} INFO - Sync 1 DAGs
[2023-08-24T04:17:43.097+0000] {logging_mixin.py:151} INFO - [2023-08-24T04:17:43.097+0000] {dag.py:3677} INFO - Setting next_dagrun for latest_only to 2023-08-24T00:17:43.097501+00:00, run_after=2023-08-24T04:17:43.097501+00:00
[2023-08-24T04:17:43.107+0000] {processor.py:179} INFO - Processing /home/airflow/.local/lib/python3.8/site-packages/airflow/example_dags/example_latest_only.py took 0.047 seconds
[2023-08-24T04:18:13.825+0000] {processor.py:157} INFO - Started process (PID=2318) to work on /home/airflow/.local/lib/python3.8/site-packages/airflow/example_dags/example_latest_only.py
[2023-08-24T04:18:13.826+0000] {processor.py:829} INFO - Processing file /home/airflow/.local/lib/python3.8/site-packages/airflow/example_dags/example_latest_only.py for tasks to queue
[2023-08-24T04:18:13.828+0000] {logging_mixin.py:151} INFO - [2023-08-24T04:18:13.828+0000] {dagbag.py:539} INFO - Filling up the DagBag from /home/airflow/.local/lib/python3.8/site-packages/airflow/example_dags/example_latest_only.py
[2023-08-24T04:18:13.832+0000] {processor.py:839} INFO - DAG(s) dict_keys(['latest_only']) retrieved from /home/airflow/.local/lib/python3.8/site-packages/airflow/example_dags/example_latest_only.py
[2023-08-24T04:18:13.849+0000] {logging_mixin.py:151} INFO - [2023-08-24T04:18:13.849+0000] {dag.py:2907} INFO - Sync 1 DAGs
[2023-08-24T04:18:13.861+0000] {logging_mixin.py:151} INFO - [2023-08-24T04:18:13.861+0000] {dag.py:3677} INFO - Setting next_dagrun for latest_only to 2023-08-24T00:18:13.861175+00:00, run_after=2023-08-24T04:18:13.861175+00:00
[2023-08-24T04:18:13.872+0000] {processor.py:179} INFO - Processing /home/airflow/.local/lib/python3.8/site-packages/airflow/example_dags/example_latest_only.py took 0.050 seconds
[2023-08-24T04:24:29.264+0000] {processor.py:157} INFO - Started process (PID=42) to work on /home/airflow/.local/lib/python3.8/site-packages/airflow/example_dags/example_latest_only.py
[2023-08-24T04:24:29.266+0000] {processor.py:829} INFO - Processing file /home/airflow/.local/lib/python3.8/site-packages/airflow/example_dags/example_latest_only.py for tasks to queue
[2023-08-24T04:24:29.268+0000] {logging_mixin.py:151} INFO - [2023-08-24T04:24:29.268+0000] {dagbag.py:539} INFO - Filling up the DagBag from /home/airflow/.local/lib/python3.8/site-packages/airflow/example_dags/example_latest_only.py
[2023-08-24T04:24:29.274+0000] {processor.py:839} INFO - DAG(s) dict_keys(['latest_only']) retrieved from /home/airflow/.local/lib/python3.8/site-packages/airflow/example_dags/example_latest_only.py
[2023-08-24T04:24:29.288+0000] {logging_mixin.py:151} INFO - [2023-08-24T04:24:29.288+0000] {dag.py:2907} INFO - Sync 1 DAGs
[2023-08-24T04:24:29.305+0000] {logging_mixin.py:151} INFO - [2023-08-24T04:24:29.305+0000] {dag.py:3677} INFO - Setting next_dagrun for latest_only to 2023-08-24T00:24:29.305214+00:00, run_after=2023-08-24T04:24:29.305214+00:00
[2023-08-24T04:24:29.318+0000] {processor.py:179} INFO - Processing /home/airflow/.local/lib/python3.8/site-packages/airflow/example_dags/example_latest_only.py took 0.057 seconds
[2023-08-24T04:24:59.398+0000] {processor.py:157} INFO - Started process (PID=105) to work on /home/airflow/.local/lib/python3.8/site-packages/airflow/example_dags/example_latest_only.py
[2023-08-24T04:24:59.400+0000] {processor.py:829} INFO - Processing file /home/airflow/.local/lib/python3.8/site-packages/airflow/example_dags/example_latest_only.py for tasks to queue
[2023-08-24T04:24:59.401+0000] {logging_mixin.py:151} INFO - [2023-08-24T04:24:59.401+0000] {dagbag.py:539} INFO - Filling up the DagBag from /home/airflow/.local/lib/python3.8/site-packages/airflow/example_dags/example_latest_only.py
[2023-08-24T04:24:59.406+0000] {processor.py:839} INFO - DAG(s) dict_keys(['latest_only']) retrieved from /home/airflow/.local/lib/python3.8/site-packages/airflow/example_dags/example_latest_only.py
[2023-08-24T04:24:59.422+0000] {logging_mixin.py:151} INFO - [2023-08-24T04:24:59.422+0000] {dag.py:2907} INFO - Sync 1 DAGs
[2023-08-24T04:24:59.435+0000] {logging_mixin.py:151} INFO - [2023-08-24T04:24:59.435+0000] {dag.py:3677} INFO - Setting next_dagrun for latest_only to 2023-08-24T00:24:59.435219+00:00, run_after=2023-08-24T04:24:59.435219+00:00
[2023-08-24T04:24:59.447+0000] {processor.py:179} INFO - Processing /home/airflow/.local/lib/python3.8/site-packages/airflow/example_dags/example_latest_only.py took 0.051 seconds
[2023-08-24T04:26:39.198+0000] {processor.py:157} INFO - Started process (PID=42) to work on /home/airflow/.local/lib/python3.8/site-packages/airflow/example_dags/example_latest_only.py
[2023-08-24T04:26:39.199+0000] {processor.py:829} INFO - Processing file /home/airflow/.local/lib/python3.8/site-packages/airflow/example_dags/example_latest_only.py for tasks to queue
[2023-08-24T04:26:39.200+0000] {logging_mixin.py:151} INFO - [2023-08-24T04:26:39.200+0000] {dagbag.py:539} INFO - Filling up the DagBag from /home/airflow/.local/lib/python3.8/site-packages/airflow/example_dags/example_latest_only.py
[2023-08-24T04:26:39.205+0000] {processor.py:839} INFO - DAG(s) dict_keys(['latest_only']) retrieved from /home/airflow/.local/lib/python3.8/site-packages/airflow/example_dags/example_latest_only.py
[2023-08-24T04:26:39.221+0000] {logging_mixin.py:151} INFO - [2023-08-24T04:26:39.221+0000] {dag.py:2907} INFO - Sync 1 DAGs
[2023-08-24T04:26:39.239+0000] {logging_mixin.py:151} INFO - [2023-08-24T04:26:39.239+0000] {dag.py:3677} INFO - Setting next_dagrun for latest_only to 2023-08-24T00:26:39.239432+00:00, run_after=2023-08-24T04:26:39.239432+00:00
[2023-08-24T04:26:39.252+0000] {processor.py:179} INFO - Processing /home/airflow/.local/lib/python3.8/site-packages/airflow/example_dags/example_latest_only.py took 0.197 seconds
[2023-08-24T04:27:09.399+0000] {processor.py:157} INFO - Started process (PID=104) to work on /home/airflow/.local/lib/python3.8/site-packages/airflow/example_dags/example_latest_only.py
[2023-08-24T04:27:09.401+0000] {processor.py:829} INFO - Processing file /home/airflow/.local/lib/python3.8/site-packages/airflow/example_dags/example_latest_only.py for tasks to queue
[2023-08-24T04:27:09.402+0000] {logging_mixin.py:151} INFO - [2023-08-24T04:27:09.402+0000] {dagbag.py:539} INFO - Filling up the DagBag from /home/airflow/.local/lib/python3.8/site-packages/airflow/example_dags/example_latest_only.py
[2023-08-24T04:27:09.406+0000] {processor.py:839} INFO - DAG(s) dict_keys(['latest_only']) retrieved from /home/airflow/.local/lib/python3.8/site-packages/airflow/example_dags/example_latest_only.py
[2023-08-24T04:27:09.422+0000] {logging_mixin.py:151} INFO - [2023-08-24T04:27:09.422+0000] {dag.py:2907} INFO - Sync 1 DAGs
[2023-08-24T04:27:09.435+0000] {logging_mixin.py:151} INFO - [2023-08-24T04:27:09.435+0000] {dag.py:3677} INFO - Setting next_dagrun for latest_only to 2023-08-24T00:27:09.435456+00:00, run_after=2023-08-24T04:27:09.435456+00:00
[2023-08-24T04:27:09.446+0000] {processor.py:179} INFO - Processing /home/airflow/.local/lib/python3.8/site-packages/airflow/example_dags/example_latest_only.py took 0.050 seconds
