[2023-08-24T03:04:52.893+0000] {processor.py:157} INFO - Started process (PID=40) to work on /home/airflow/.local/lib/python3.8/site-packages/airflow/example_dags/example_skip_dag.py
[2023-08-24T03:04:52.895+0000] {processor.py:829} INFO - Processing file /home/airflow/.local/lib/python3.8/site-packages/airflow/example_dags/example_skip_dag.py for tasks to queue
[2023-08-24T03:04:52.898+0000] {logging_mixin.py:151} INFO - [2023-08-24T03:04:52.898+0000] {dagbag.py:539} INFO - Filling up the DagBag from /home/airflow/.local/lib/python3.8/site-packages/airflow/example_dags/example_skip_dag.py
[2023-08-24T03:04:52.906+0000] {processor.py:839} INFO - DAG(s) dict_keys(['example_skip_dag']) retrieved from /home/airflow/.local/lib/python3.8/site-packages/airflow/example_dags/example_skip_dag.py
[2023-08-24T03:04:52.919+0000] {logging_mixin.py:151} INFO - [2023-08-24T03:04:52.919+0000] {dag.py:2907} INFO - Sync 1 DAGs
[2023-08-24T03:04:52.934+0000] {logging_mixin.py:151} INFO - [2023-08-24T03:04:52.933+0000] {dag.py:3677} INFO - Setting next_dagrun for example_skip_dag to 2023-08-23T03:04:52.933739+00:00, run_after=2023-08-24T03:04:52.933739+00:00
[2023-08-24T03:04:52.946+0000] {processor.py:179} INFO - Processing /home/airflow/.local/lib/python3.8/site-packages/airflow/example_dags/example_skip_dag.py took 0.056 seconds
[2023-08-24T03:05:23.540+0000] {processor.py:157} INFO - Started process (PID=102) to work on /home/airflow/.local/lib/python3.8/site-packages/airflow/example_dags/example_skip_dag.py
[2023-08-24T03:05:23.541+0000] {processor.py:829} INFO - Processing file /home/airflow/.local/lib/python3.8/site-packages/airflow/example_dags/example_skip_dag.py for tasks to queue
[2023-08-24T03:05:23.543+0000] {logging_mixin.py:151} INFO - [2023-08-24T03:05:23.543+0000] {dagbag.py:539} INFO - Filling up the DagBag from /home/airflow/.local/lib/python3.8/site-packages/airflow/example_dags/example_skip_dag.py
[2023-08-24T03:05:23.549+0000] {processor.py:839} INFO - DAG(s) dict_keys(['example_skip_dag']) retrieved from /home/airflow/.local/lib/python3.8/site-packages/airflow/example_dags/example_skip_dag.py
[2023-08-24T03:05:23.566+0000] {logging_mixin.py:151} INFO - [2023-08-24T03:05:23.566+0000] {dag.py:2907} INFO - Sync 1 DAGs
[2023-08-24T03:05:23.580+0000] {logging_mixin.py:151} INFO - [2023-08-24T03:05:23.580+0000] {dag.py:3677} INFO - Setting next_dagrun for example_skip_dag to 2023-08-23T03:05:23.579758+00:00, run_after=2023-08-24T03:05:23.579758+00:00
[2023-08-24T03:05:23.591+0000] {processor.py:179} INFO - Processing /home/airflow/.local/lib/python3.8/site-packages/airflow/example_dags/example_skip_dag.py took 0.054 seconds
[2023-08-24T03:05:53.727+0000] {processor.py:157} INFO - Started process (PID=165) to work on /home/airflow/.local/lib/python3.8/site-packages/airflow/example_dags/example_skip_dag.py
[2023-08-24T03:05:53.728+0000] {processor.py:829} INFO - Processing file /home/airflow/.local/lib/python3.8/site-packages/airflow/example_dags/example_skip_dag.py for tasks to queue
[2023-08-24T03:05:53.730+0000] {logging_mixin.py:151} INFO - [2023-08-24T03:05:53.730+0000] {dagbag.py:539} INFO - Filling up the DagBag from /home/airflow/.local/lib/python3.8/site-packages/airflow/example_dags/example_skip_dag.py
[2023-08-24T03:05:53.735+0000] {processor.py:839} INFO - DAG(s) dict_keys(['example_skip_dag']) retrieved from /home/airflow/.local/lib/python3.8/site-packages/airflow/example_dags/example_skip_dag.py
[2023-08-24T03:05:53.752+0000] {logging_mixin.py:151} INFO - [2023-08-24T03:05:53.751+0000] {dag.py:2907} INFO - Sync 1 DAGs
[2023-08-24T03:05:53.764+0000] {logging_mixin.py:151} INFO - [2023-08-24T03:05:53.764+0000] {dag.py:3677} INFO - Setting next_dagrun for example_skip_dag to 2023-08-23T03:05:53.764447+00:00, run_after=2023-08-24T03:05:53.764447+00:00
[2023-08-24T03:05:53.774+0000] {processor.py:179} INFO - Processing /home/airflow/.local/lib/python3.8/site-packages/airflow/example_dags/example_skip_dag.py took 0.049 seconds
[2023-08-24T03:06:24.670+0000] {processor.py:157} INFO - Started process (PID=228) to work on /home/airflow/.local/lib/python3.8/site-packages/airflow/example_dags/example_skip_dag.py
[2023-08-24T03:06:24.673+0000] {processor.py:829} INFO - Processing file /home/airflow/.local/lib/python3.8/site-packages/airflow/example_dags/example_skip_dag.py for tasks to queue
[2023-08-24T03:06:24.675+0000] {logging_mixin.py:151} INFO - [2023-08-24T03:06:24.675+0000] {dagbag.py:539} INFO - Filling up the DagBag from /home/airflow/.local/lib/python3.8/site-packages/airflow/example_dags/example_skip_dag.py
[2023-08-24T03:06:24.680+0000] {processor.py:839} INFO - DAG(s) dict_keys(['example_skip_dag']) retrieved from /home/airflow/.local/lib/python3.8/site-packages/airflow/example_dags/example_skip_dag.py
[2023-08-24T03:06:24.697+0000] {logging_mixin.py:151} INFO - [2023-08-24T03:06:24.697+0000] {dag.py:2907} INFO - Sync 1 DAGs
[2023-08-24T03:06:24.711+0000] {logging_mixin.py:151} INFO - [2023-08-24T03:06:24.711+0000] {dag.py:3677} INFO - Setting next_dagrun for example_skip_dag to 2023-08-23T03:06:24.710998+00:00, run_after=2023-08-24T03:06:24.710998+00:00
[2023-08-24T03:06:24.724+0000] {processor.py:179} INFO - Processing /home/airflow/.local/lib/python3.8/site-packages/airflow/example_dags/example_skip_dag.py took 0.057 seconds
[2023-08-24T03:06:55.532+0000] {processor.py:157} INFO - Started process (PID=291) to work on /home/airflow/.local/lib/python3.8/site-packages/airflow/example_dags/example_skip_dag.py
[2023-08-24T03:06:55.534+0000] {processor.py:829} INFO - Processing file /home/airflow/.local/lib/python3.8/site-packages/airflow/example_dags/example_skip_dag.py for tasks to queue
[2023-08-24T03:06:55.535+0000] {logging_mixin.py:151} INFO - [2023-08-24T03:06:55.535+0000] {dagbag.py:539} INFO - Filling up the DagBag from /home/airflow/.local/lib/python3.8/site-packages/airflow/example_dags/example_skip_dag.py
[2023-08-24T03:06:55.540+0000] {processor.py:839} INFO - DAG(s) dict_keys(['example_skip_dag']) retrieved from /home/airflow/.local/lib/python3.8/site-packages/airflow/example_dags/example_skip_dag.py
[2023-08-24T03:06:55.556+0000] {logging_mixin.py:151} INFO - [2023-08-24T03:06:55.556+0000] {dag.py:2907} INFO - Sync 1 DAGs
[2023-08-24T03:06:55.568+0000] {logging_mixin.py:151} INFO - [2023-08-24T03:06:55.568+0000] {dag.py:3677} INFO - Setting next_dagrun for example_skip_dag to 2023-08-23T03:06:55.568252+00:00, run_after=2023-08-24T03:06:55.568252+00:00
[2023-08-24T03:06:55.578+0000] {processor.py:179} INFO - Processing /home/airflow/.local/lib/python3.8/site-packages/airflow/example_dags/example_skip_dag.py took 0.049 seconds
[2023-08-24T03:07:26.419+0000] {processor.py:157} INFO - Started process (PID=358) to work on /home/airflow/.local/lib/python3.8/site-packages/airflow/example_dags/example_skip_dag.py
[2023-08-24T03:07:26.420+0000] {processor.py:829} INFO - Processing file /home/airflow/.local/lib/python3.8/site-packages/airflow/example_dags/example_skip_dag.py for tasks to queue
[2023-08-24T03:07:26.422+0000] {logging_mixin.py:151} INFO - [2023-08-24T03:07:26.422+0000] {dagbag.py:539} INFO - Filling up the DagBag from /home/airflow/.local/lib/python3.8/site-packages/airflow/example_dags/example_skip_dag.py
[2023-08-24T03:07:26.427+0000] {processor.py:839} INFO - DAG(s) dict_keys(['example_skip_dag']) retrieved from /home/airflow/.local/lib/python3.8/site-packages/airflow/example_dags/example_skip_dag.py
[2023-08-24T03:07:26.444+0000] {logging_mixin.py:151} INFO - [2023-08-24T03:07:26.444+0000] {dag.py:2907} INFO - Sync 1 DAGs
[2023-08-24T03:07:26.457+0000] {logging_mixin.py:151} INFO - [2023-08-24T03:07:26.457+0000] {dag.py:3677} INFO - Setting next_dagrun for example_skip_dag to 2023-08-23T03:07:26.456921+00:00, run_after=2023-08-24T03:07:26.456921+00:00
[2023-08-24T03:07:26.466+0000] {processor.py:179} INFO - Processing /home/airflow/.local/lib/python3.8/site-packages/airflow/example_dags/example_skip_dag.py took 0.049 seconds
[2023-08-24T03:07:57.058+0000] {processor.py:157} INFO - Started process (PID=421) to work on /home/airflow/.local/lib/python3.8/site-packages/airflow/example_dags/example_skip_dag.py
[2023-08-24T03:07:57.060+0000] {processor.py:829} INFO - Processing file /home/airflow/.local/lib/python3.8/site-packages/airflow/example_dags/example_skip_dag.py for tasks to queue
[2023-08-24T03:07:57.062+0000] {logging_mixin.py:151} INFO - [2023-08-24T03:07:57.062+0000] {dagbag.py:539} INFO - Filling up the DagBag from /home/airflow/.local/lib/python3.8/site-packages/airflow/example_dags/example_skip_dag.py
[2023-08-24T03:07:57.067+0000] {processor.py:839} INFO - DAG(s) dict_keys(['example_skip_dag']) retrieved from /home/airflow/.local/lib/python3.8/site-packages/airflow/example_dags/example_skip_dag.py
[2023-08-24T03:07:57.083+0000] {logging_mixin.py:151} INFO - [2023-08-24T03:07:57.083+0000] {dag.py:2907} INFO - Sync 1 DAGs
[2023-08-24T03:07:57.095+0000] {logging_mixin.py:151} INFO - [2023-08-24T03:07:57.095+0000] {dag.py:3677} INFO - Setting next_dagrun for example_skip_dag to 2023-08-23T03:07:57.095501+00:00, run_after=2023-08-24T03:07:57.095501+00:00
[2023-08-24T03:07:57.105+0000] {processor.py:179} INFO - Processing /home/airflow/.local/lib/python3.8/site-packages/airflow/example_dags/example_skip_dag.py took 0.049 seconds
[2023-08-24T03:08:27.870+0000] {processor.py:157} INFO - Started process (PID=485) to work on /home/airflow/.local/lib/python3.8/site-packages/airflow/example_dags/example_skip_dag.py
[2023-08-24T03:08:27.871+0000] {processor.py:829} INFO - Processing file /home/airflow/.local/lib/python3.8/site-packages/airflow/example_dags/example_skip_dag.py for tasks to queue
[2023-08-24T03:08:27.873+0000] {logging_mixin.py:151} INFO - [2023-08-24T03:08:27.873+0000] {dagbag.py:539} INFO - Filling up the DagBag from /home/airflow/.local/lib/python3.8/site-packages/airflow/example_dags/example_skip_dag.py
[2023-08-24T03:08:27.879+0000] {processor.py:839} INFO - DAG(s) dict_keys(['example_skip_dag']) retrieved from /home/airflow/.local/lib/python3.8/site-packages/airflow/example_dags/example_skip_dag.py
[2023-08-24T03:08:27.898+0000] {logging_mixin.py:151} INFO - [2023-08-24T03:08:27.897+0000] {dag.py:2907} INFO - Sync 1 DAGs
[2023-08-24T03:08:27.910+0000] {logging_mixin.py:151} INFO - [2023-08-24T03:08:27.910+0000] {dag.py:3677} INFO - Setting next_dagrun for example_skip_dag to 2023-08-23T03:08:27.910681+00:00, run_after=2023-08-24T03:08:27.910681+00:00
[2023-08-24T03:08:27.921+0000] {processor.py:179} INFO - Processing /home/airflow/.local/lib/python3.8/site-packages/airflow/example_dags/example_skip_dag.py took 0.053 seconds
[2023-08-24T03:08:58.739+0000] {processor.py:157} INFO - Started process (PID=548) to work on /home/airflow/.local/lib/python3.8/site-packages/airflow/example_dags/example_skip_dag.py
[2023-08-24T03:08:58.741+0000] {processor.py:829} INFO - Processing file /home/airflow/.local/lib/python3.8/site-packages/airflow/example_dags/example_skip_dag.py for tasks to queue
[2023-08-24T03:08:58.742+0000] {logging_mixin.py:151} INFO - [2023-08-24T03:08:58.742+0000] {dagbag.py:539} INFO - Filling up the DagBag from /home/airflow/.local/lib/python3.8/site-packages/airflow/example_dags/example_skip_dag.py
[2023-08-24T03:08:58.748+0000] {processor.py:839} INFO - DAG(s) dict_keys(['example_skip_dag']) retrieved from /home/airflow/.local/lib/python3.8/site-packages/airflow/example_dags/example_skip_dag.py
[2023-08-24T03:08:58.765+0000] {logging_mixin.py:151} INFO - [2023-08-24T03:08:58.765+0000] {dag.py:2907} INFO - Sync 1 DAGs
[2023-08-24T03:08:58.779+0000] {logging_mixin.py:151} INFO - [2023-08-24T03:08:58.778+0000] {dag.py:3677} INFO - Setting next_dagrun for example_skip_dag to 2023-08-23T03:08:58.778676+00:00, run_after=2023-08-24T03:08:58.778676+00:00
[2023-08-24T03:08:58.793+0000] {processor.py:179} INFO - Processing /home/airflow/.local/lib/python3.8/site-packages/airflow/example_dags/example_skip_dag.py took 0.057 seconds
[2023-08-24T03:16:28.748+0000] {processor.py:157} INFO - Started process (PID=41) to work on /home/airflow/.local/lib/python3.8/site-packages/airflow/example_dags/example_skip_dag.py
[2023-08-24T03:16:28.754+0000] {processor.py:829} INFO - Processing file /home/airflow/.local/lib/python3.8/site-packages/airflow/example_dags/example_skip_dag.py for tasks to queue
[2023-08-24T03:16:28.868+0000] {logging_mixin.py:151} INFO - [2023-08-24T03:16:28.867+0000] {dagbag.py:539} INFO - Filling up the DagBag from /home/airflow/.local/lib/python3.8/site-packages/airflow/example_dags/example_skip_dag.py
[2023-08-24T03:16:28.873+0000] {processor.py:839} INFO - DAG(s) dict_keys(['example_skip_dag']) retrieved from /home/airflow/.local/lib/python3.8/site-packages/airflow/example_dags/example_skip_dag.py
[2023-08-24T03:16:28.883+0000] {logging_mixin.py:151} INFO - [2023-08-24T03:16:28.883+0000] {dag.py:2907} INFO - Sync 1 DAGs
[2023-08-24T03:16:28.901+0000] {logging_mixin.py:151} INFO - [2023-08-24T03:16:28.901+0000] {dag.py:3677} INFO - Setting next_dagrun for example_skip_dag to 2023-08-23T03:16:28.901595+00:00, run_after=2023-08-24T03:16:28.901595+00:00
[2023-08-24T03:16:28.914+0000] {processor.py:179} INFO - Processing /home/airflow/.local/lib/python3.8/site-packages/airflow/example_dags/example_skip_dag.py took 0.169 seconds
[2023-08-24T03:16:59.209+0000] {processor.py:157} INFO - Started process (PID=104) to work on /home/airflow/.local/lib/python3.8/site-packages/airflow/example_dags/example_skip_dag.py
[2023-08-24T03:16:59.211+0000] {processor.py:829} INFO - Processing file /home/airflow/.local/lib/python3.8/site-packages/airflow/example_dags/example_skip_dag.py for tasks to queue
[2023-08-24T03:16:59.214+0000] {logging_mixin.py:151} INFO - [2023-08-24T03:16:59.213+0000] {dagbag.py:539} INFO - Filling up the DagBag from /home/airflow/.local/lib/python3.8/site-packages/airflow/example_dags/example_skip_dag.py
[2023-08-24T03:16:59.221+0000] {processor.py:839} INFO - DAG(s) dict_keys(['example_skip_dag']) retrieved from /home/airflow/.local/lib/python3.8/site-packages/airflow/example_dags/example_skip_dag.py
[2023-08-24T03:16:59.243+0000] {logging_mixin.py:151} INFO - [2023-08-24T03:16:59.243+0000] {dag.py:2907} INFO - Sync 1 DAGs
[2023-08-24T03:16:59.257+0000] {logging_mixin.py:151} INFO - [2023-08-24T03:16:59.257+0000] {dag.py:3677} INFO - Setting next_dagrun for example_skip_dag to 2023-08-23T03:16:59.256945+00:00, run_after=2023-08-24T03:16:59.256945+00:00
[2023-08-24T03:16:59.266+0000] {processor.py:179} INFO - Processing /home/airflow/.local/lib/python3.8/site-packages/airflow/example_dags/example_skip_dag.py took 0.061 seconds
[2023-08-24T03:17:29.958+0000] {processor.py:157} INFO - Started process (PID=167) to work on /home/airflow/.local/lib/python3.8/site-packages/airflow/example_dags/example_skip_dag.py
[2023-08-24T03:17:29.959+0000] {processor.py:829} INFO - Processing file /home/airflow/.local/lib/python3.8/site-packages/airflow/example_dags/example_skip_dag.py for tasks to queue
[2023-08-24T03:17:29.962+0000] {logging_mixin.py:151} INFO - [2023-08-24T03:17:29.961+0000] {dagbag.py:539} INFO - Filling up the DagBag from /home/airflow/.local/lib/python3.8/site-packages/airflow/example_dags/example_skip_dag.py
[2023-08-24T03:17:29.967+0000] {processor.py:839} INFO - DAG(s) dict_keys(['example_skip_dag']) retrieved from /home/airflow/.local/lib/python3.8/site-packages/airflow/example_dags/example_skip_dag.py
[2023-08-24T03:17:29.987+0000] {logging_mixin.py:151} INFO - [2023-08-24T03:17:29.987+0000] {dag.py:2907} INFO - Sync 1 DAGs
[2023-08-24T03:17:30.003+0000] {logging_mixin.py:151} INFO - [2023-08-24T03:17:30.003+0000] {dag.py:3677} INFO - Setting next_dagrun for example_skip_dag to 2023-08-23T03:17:30.002967+00:00, run_after=2023-08-24T03:17:30.002967+00:00
[2023-08-24T03:17:30.014+0000] {processor.py:179} INFO - Processing /home/airflow/.local/lib/python3.8/site-packages/airflow/example_dags/example_skip_dag.py took 0.059 seconds
[2023-08-24T03:18:00.777+0000] {processor.py:157} INFO - Started process (PID=230) to work on /home/airflow/.local/lib/python3.8/site-packages/airflow/example_dags/example_skip_dag.py
[2023-08-24T03:18:00.778+0000] {processor.py:829} INFO - Processing file /home/airflow/.local/lib/python3.8/site-packages/airflow/example_dags/example_skip_dag.py for tasks to queue
[2023-08-24T03:18:00.781+0000] {logging_mixin.py:151} INFO - [2023-08-24T03:18:00.780+0000] {dagbag.py:539} INFO - Filling up the DagBag from /home/airflow/.local/lib/python3.8/site-packages/airflow/example_dags/example_skip_dag.py
[2023-08-24T03:18:00.787+0000] {processor.py:839} INFO - DAG(s) dict_keys(['example_skip_dag']) retrieved from /home/airflow/.local/lib/python3.8/site-packages/airflow/example_dags/example_skip_dag.py
[2023-08-24T03:18:00.807+0000] {logging_mixin.py:151} INFO - [2023-08-24T03:18:00.806+0000] {dag.py:2907} INFO - Sync 1 DAGs
[2023-08-24T03:18:00.819+0000] {logging_mixin.py:151} INFO - [2023-08-24T03:18:00.819+0000] {dag.py:3677} INFO - Setting next_dagrun for example_skip_dag to 2023-08-23T03:18:00.819345+00:00, run_after=2023-08-24T03:18:00.819345+00:00
[2023-08-24T03:18:00.831+0000] {processor.py:179} INFO - Processing /home/airflow/.local/lib/python3.8/site-packages/airflow/example_dags/example_skip_dag.py took 0.057 seconds
[2023-08-24T03:19:15.107+0000] {processor.py:157} INFO - Started process (PID=40) to work on /home/airflow/.local/lib/python3.8/site-packages/airflow/example_dags/example_skip_dag.py
[2023-08-24T03:19:15.108+0000] {processor.py:829} INFO - Processing file /home/airflow/.local/lib/python3.8/site-packages/airflow/example_dags/example_skip_dag.py for tasks to queue
[2023-08-24T03:19:15.217+0000] {logging_mixin.py:151} INFO - [2023-08-24T03:19:15.217+0000] {dagbag.py:539} INFO - Filling up the DagBag from /home/airflow/.local/lib/python3.8/site-packages/airflow/example_dags/example_skip_dag.py
[2023-08-24T03:19:15.223+0000] {processor.py:839} INFO - DAG(s) dict_keys(['example_skip_dag']) retrieved from /home/airflow/.local/lib/python3.8/site-packages/airflow/example_dags/example_skip_dag.py
[2023-08-24T03:19:15.235+0000] {logging_mixin.py:151} INFO - [2023-08-24T03:19:15.234+0000] {dag.py:2907} INFO - Sync 1 DAGs
[2023-08-24T03:19:15.246+0000] {logging_mixin.py:151} INFO - [2023-08-24T03:19:15.246+0000] {dag.py:3677} INFO - Setting next_dagrun for example_skip_dag to 2023-08-23T03:19:15.246725+00:00, run_after=2023-08-24T03:19:15.246725+00:00
[2023-08-24T03:19:15.260+0000] {processor.py:179} INFO - Processing /home/airflow/.local/lib/python3.8/site-packages/airflow/example_dags/example_skip_dag.py took 0.157 seconds
[2023-08-24T03:22:55.537+0000] {processor.py:157} INFO - Started process (PID=39) to work on /home/airflow/.local/lib/python3.8/site-packages/airflow/example_dags/example_skip_dag.py
[2023-08-24T03:22:55.543+0000] {processor.py:829} INFO - Processing file /home/airflow/.local/lib/python3.8/site-packages/airflow/example_dags/example_skip_dag.py for tasks to queue
[2023-08-24T03:22:55.547+0000] {logging_mixin.py:151} INFO - [2023-08-24T03:22:55.547+0000] {dagbag.py:539} INFO - Filling up the DagBag from /home/airflow/.local/lib/python3.8/site-packages/airflow/example_dags/example_skip_dag.py
[2023-08-24T03:22:55.556+0000] {processor.py:839} INFO - DAG(s) dict_keys(['example_skip_dag']) retrieved from /home/airflow/.local/lib/python3.8/site-packages/airflow/example_dags/example_skip_dag.py
[2023-08-24T03:22:55.573+0000] {logging_mixin.py:151} INFO - [2023-08-24T03:22:55.573+0000] {dag.py:2907} INFO - Sync 1 DAGs
[2023-08-24T03:22:55.614+0000] {logging_mixin.py:151} INFO - [2023-08-24T03:22:55.614+0000] {dag.py:3677} INFO - Setting next_dagrun for example_skip_dag to 2023-08-23T03:22:55.613853+00:00, run_after=2023-08-24T03:22:55.613853+00:00
[2023-08-24T03:22:55.641+0000] {processor.py:179} INFO - Processing /home/airflow/.local/lib/python3.8/site-packages/airflow/example_dags/example_skip_dag.py took 0.108 seconds
[2023-08-24T03:23:26.168+0000] {processor.py:157} INFO - Started process (PID=102) to work on /home/airflow/.local/lib/python3.8/site-packages/airflow/example_dags/example_skip_dag.py
[2023-08-24T03:23:26.170+0000] {processor.py:829} INFO - Processing file /home/airflow/.local/lib/python3.8/site-packages/airflow/example_dags/example_skip_dag.py for tasks to queue
[2023-08-24T03:23:26.173+0000] {logging_mixin.py:151} INFO - [2023-08-24T03:23:26.172+0000] {dagbag.py:539} INFO - Filling up the DagBag from /home/airflow/.local/lib/python3.8/site-packages/airflow/example_dags/example_skip_dag.py
[2023-08-24T03:23:26.180+0000] {processor.py:839} INFO - DAG(s) dict_keys(['example_skip_dag']) retrieved from /home/airflow/.local/lib/python3.8/site-packages/airflow/example_dags/example_skip_dag.py
[2023-08-24T03:23:26.200+0000] {logging_mixin.py:151} INFO - [2023-08-24T03:23:26.200+0000] {dag.py:2907} INFO - Sync 1 DAGs
[2023-08-24T03:23:26.213+0000] {logging_mixin.py:151} INFO - [2023-08-24T03:23:26.213+0000] {dag.py:3677} INFO - Setting next_dagrun for example_skip_dag to 2023-08-23T03:23:26.213019+00:00, run_after=2023-08-24T03:23:26.213019+00:00
[2023-08-24T03:23:26.224+0000] {processor.py:179} INFO - Processing /home/airflow/.local/lib/python3.8/site-packages/airflow/example_dags/example_skip_dag.py took 0.060 seconds
[2023-08-24T03:59:47.727+0000] {processor.py:157} INFO - Started process (PID=40) to work on /home/airflow/.local/lib/python3.8/site-packages/airflow/example_dags/example_skip_dag.py
[2023-08-24T03:59:47.729+0000] {processor.py:829} INFO - Processing file /home/airflow/.local/lib/python3.8/site-packages/airflow/example_dags/example_skip_dag.py for tasks to queue
[2023-08-24T03:59:47.843+0000] {logging_mixin.py:151} INFO - [2023-08-24T03:59:47.843+0000] {dagbag.py:539} INFO - Filling up the DagBag from /home/airflow/.local/lib/python3.8/site-packages/airflow/example_dags/example_skip_dag.py
[2023-08-24T03:59:47.850+0000] {processor.py:839} INFO - DAG(s) dict_keys(['example_skip_dag']) retrieved from /home/airflow/.local/lib/python3.8/site-packages/airflow/example_dags/example_skip_dag.py
[2023-08-24T03:59:47.862+0000] {logging_mixin.py:151} INFO - [2023-08-24T03:59:47.862+0000] {dag.py:2907} INFO - Sync 1 DAGs
[2023-08-24T03:59:47.878+0000] {logging_mixin.py:151} INFO - [2023-08-24T03:59:47.878+0000] {dag.py:3677} INFO - Setting next_dagrun for example_skip_dag to 2023-08-23T03:59:47.877968+00:00, run_after=2023-08-24T03:59:47.877968+00:00
[2023-08-24T03:59:47.891+0000] {processor.py:179} INFO - Processing /home/airflow/.local/lib/python3.8/site-packages/airflow/example_dags/example_skip_dag.py took 0.169 seconds
[2023-08-24T04:00:18.188+0000] {processor.py:157} INFO - Started process (PID=103) to work on /home/airflow/.local/lib/python3.8/site-packages/airflow/example_dags/example_skip_dag.py
[2023-08-24T04:00:18.190+0000] {processor.py:829} INFO - Processing file /home/airflow/.local/lib/python3.8/site-packages/airflow/example_dags/example_skip_dag.py for tasks to queue
[2023-08-24T04:00:18.193+0000] {logging_mixin.py:151} INFO - [2023-08-24T04:00:18.192+0000] {dagbag.py:539} INFO - Filling up the DagBag from /home/airflow/.local/lib/python3.8/site-packages/airflow/example_dags/example_skip_dag.py
[2023-08-24T04:00:18.201+0000] {processor.py:839} INFO - DAG(s) dict_keys(['example_skip_dag']) retrieved from /home/airflow/.local/lib/python3.8/site-packages/airflow/example_dags/example_skip_dag.py
[2023-08-24T04:00:18.224+0000] {logging_mixin.py:151} INFO - [2023-08-24T04:00:18.224+0000] {dag.py:2907} INFO - Sync 1 DAGs
[2023-08-24T04:00:18.240+0000] {logging_mixin.py:151} INFO - [2023-08-24T04:00:18.240+0000] {dag.py:3677} INFO - Setting next_dagrun for example_skip_dag to 2023-08-23T04:00:18.239806+00:00, run_after=2023-08-24T04:00:18.239806+00:00
[2023-08-24T04:00:18.251+0000] {processor.py:179} INFO - Processing /home/airflow/.local/lib/python3.8/site-packages/airflow/example_dags/example_skip_dag.py took 0.066 seconds
[2023-08-24T04:00:49.075+0000] {processor.py:157} INFO - Started process (PID=166) to work on /home/airflow/.local/lib/python3.8/site-packages/airflow/example_dags/example_skip_dag.py
[2023-08-24T04:00:49.077+0000] {processor.py:829} INFO - Processing file /home/airflow/.local/lib/python3.8/site-packages/airflow/example_dags/example_skip_dag.py for tasks to queue
[2023-08-24T04:00:49.080+0000] {logging_mixin.py:151} INFO - [2023-08-24T04:00:49.079+0000] {dagbag.py:539} INFO - Filling up the DagBag from /home/airflow/.local/lib/python3.8/site-packages/airflow/example_dags/example_skip_dag.py
[2023-08-24T04:00:49.087+0000] {processor.py:839} INFO - DAG(s) dict_keys(['example_skip_dag']) retrieved from /home/airflow/.local/lib/python3.8/site-packages/airflow/example_dags/example_skip_dag.py
[2023-08-24T04:00:49.106+0000] {logging_mixin.py:151} INFO - [2023-08-24T04:00:49.106+0000] {dag.py:2907} INFO - Sync 1 DAGs
[2023-08-24T04:00:49.119+0000] {logging_mixin.py:151} INFO - [2023-08-24T04:00:49.119+0000] {dag.py:3677} INFO - Setting next_dagrun for example_skip_dag to 2023-08-23T04:00:49.119545+00:00, run_after=2023-08-24T04:00:49.119545+00:00
[2023-08-24T04:00:49.130+0000] {processor.py:179} INFO - Processing /home/airflow/.local/lib/python3.8/site-packages/airflow/example_dags/example_skip_dag.py took 0.059 seconds
[2023-08-24T04:01:19.749+0000] {processor.py:157} INFO - Started process (PID=229) to work on /home/airflow/.local/lib/python3.8/site-packages/airflow/example_dags/example_skip_dag.py
[2023-08-24T04:01:19.751+0000] {processor.py:829} INFO - Processing file /home/airflow/.local/lib/python3.8/site-packages/airflow/example_dags/example_skip_dag.py for tasks to queue
[2023-08-24T04:01:19.754+0000] {logging_mixin.py:151} INFO - [2023-08-24T04:01:19.753+0000] {dagbag.py:539} INFO - Filling up the DagBag from /home/airflow/.local/lib/python3.8/site-packages/airflow/example_dags/example_skip_dag.py
[2023-08-24T04:01:19.760+0000] {processor.py:839} INFO - DAG(s) dict_keys(['example_skip_dag']) retrieved from /home/airflow/.local/lib/python3.8/site-packages/airflow/example_dags/example_skip_dag.py
[2023-08-24T04:01:19.781+0000] {logging_mixin.py:151} INFO - [2023-08-24T04:01:19.780+0000] {dag.py:2907} INFO - Sync 1 DAGs
[2023-08-24T04:01:19.794+0000] {logging_mixin.py:151} INFO - [2023-08-24T04:01:19.794+0000] {dag.py:3677} INFO - Setting next_dagrun for example_skip_dag to 2023-08-23T04:01:19.794252+00:00, run_after=2023-08-24T04:01:19.794252+00:00
[2023-08-24T04:01:19.805+0000] {processor.py:179} INFO - Processing /home/airflow/.local/lib/python3.8/site-packages/airflow/example_dags/example_skip_dag.py took 0.060 seconds
[2023-08-24T04:01:50.641+0000] {processor.py:157} INFO - Started process (PID=292) to work on /home/airflow/.local/lib/python3.8/site-packages/airflow/example_dags/example_skip_dag.py
[2023-08-24T04:01:50.644+0000] {processor.py:829} INFO - Processing file /home/airflow/.local/lib/python3.8/site-packages/airflow/example_dags/example_skip_dag.py for tasks to queue
[2023-08-24T04:01:50.651+0000] {logging_mixin.py:151} INFO - [2023-08-24T04:01:50.651+0000] {dagbag.py:539} INFO - Filling up the DagBag from /home/airflow/.local/lib/python3.8/site-packages/airflow/example_dags/example_skip_dag.py
[2023-08-24T04:01:50.658+0000] {processor.py:839} INFO - DAG(s) dict_keys(['example_skip_dag']) retrieved from /home/airflow/.local/lib/python3.8/site-packages/airflow/example_dags/example_skip_dag.py
[2023-08-24T04:01:50.681+0000] {logging_mixin.py:151} INFO - [2023-08-24T04:01:50.681+0000] {dag.py:2907} INFO - Sync 1 DAGs
[2023-08-24T04:01:50.694+0000] {logging_mixin.py:151} INFO - [2023-08-24T04:01:50.694+0000] {dag.py:3677} INFO - Setting next_dagrun for example_skip_dag to 2023-08-23T04:01:50.694415+00:00, run_after=2023-08-24T04:01:50.694415+00:00
[2023-08-24T04:01:50.706+0000] {processor.py:179} INFO - Processing /home/airflow/.local/lib/python3.8/site-packages/airflow/example_dags/example_skip_dag.py took 0.070 seconds
[2023-08-24T04:02:21.564+0000] {processor.py:157} INFO - Started process (PID=355) to work on /home/airflow/.local/lib/python3.8/site-packages/airflow/example_dags/example_skip_dag.py
[2023-08-24T04:02:21.565+0000] {processor.py:829} INFO - Processing file /home/airflow/.local/lib/python3.8/site-packages/airflow/example_dags/example_skip_dag.py for tasks to queue
[2023-08-24T04:02:21.568+0000] {logging_mixin.py:151} INFO - [2023-08-24T04:02:21.568+0000] {dagbag.py:539} INFO - Filling up the DagBag from /home/airflow/.local/lib/python3.8/site-packages/airflow/example_dags/example_skip_dag.py
[2023-08-24T04:02:21.575+0000] {processor.py:839} INFO - DAG(s) dict_keys(['example_skip_dag']) retrieved from /home/airflow/.local/lib/python3.8/site-packages/airflow/example_dags/example_skip_dag.py
[2023-08-24T04:02:21.595+0000] {logging_mixin.py:151} INFO - [2023-08-24T04:02:21.595+0000] {dag.py:2907} INFO - Sync 1 DAGs
[2023-08-24T04:02:21.608+0000] {logging_mixin.py:151} INFO - [2023-08-24T04:02:21.608+0000] {dag.py:3677} INFO - Setting next_dagrun for example_skip_dag to 2023-08-23T04:02:21.608277+00:00, run_after=2023-08-24T04:02:21.608277+00:00
[2023-08-24T04:02:21.618+0000] {processor.py:179} INFO - Processing /home/airflow/.local/lib/python3.8/site-packages/airflow/example_dags/example_skip_dag.py took 0.059 seconds
[2023-08-24T04:02:52.275+0000] {processor.py:157} INFO - Started process (PID=418) to work on /home/airflow/.local/lib/python3.8/site-packages/airflow/example_dags/example_skip_dag.py
[2023-08-24T04:02:52.277+0000] {processor.py:829} INFO - Processing file /home/airflow/.local/lib/python3.8/site-packages/airflow/example_dags/example_skip_dag.py for tasks to queue
[2023-08-24T04:02:52.279+0000] {logging_mixin.py:151} INFO - [2023-08-24T04:02:52.279+0000] {dagbag.py:539} INFO - Filling up the DagBag from /home/airflow/.local/lib/python3.8/site-packages/airflow/example_dags/example_skip_dag.py
[2023-08-24T04:02:52.286+0000] {processor.py:839} INFO - DAG(s) dict_keys(['example_skip_dag']) retrieved from /home/airflow/.local/lib/python3.8/site-packages/airflow/example_dags/example_skip_dag.py
[2023-08-24T04:02:52.309+0000] {logging_mixin.py:151} INFO - [2023-08-24T04:02:52.309+0000] {dag.py:2907} INFO - Sync 1 DAGs
[2023-08-24T04:02:52.324+0000] {logging_mixin.py:151} INFO - [2023-08-24T04:02:52.324+0000] {dag.py:3677} INFO - Setting next_dagrun for example_skip_dag to 2023-08-23T04:02:52.324151+00:00, run_after=2023-08-24T04:02:52.324151+00:00
[2023-08-24T04:02:52.334+0000] {processor.py:179} INFO - Processing /home/airflow/.local/lib/python3.8/site-packages/airflow/example_dags/example_skip_dag.py took 0.064 seconds
[2023-08-24T04:03:22.878+0000] {processor.py:157} INFO - Started process (PID=481) to work on /home/airflow/.local/lib/python3.8/site-packages/airflow/example_dags/example_skip_dag.py
[2023-08-24T04:03:22.881+0000] {processor.py:829} INFO - Processing file /home/airflow/.local/lib/python3.8/site-packages/airflow/example_dags/example_skip_dag.py for tasks to queue
[2023-08-24T04:03:22.884+0000] {logging_mixin.py:151} INFO - [2023-08-24T04:03:22.884+0000] {dagbag.py:539} INFO - Filling up the DagBag from /home/airflow/.local/lib/python3.8/site-packages/airflow/example_dags/example_skip_dag.py
[2023-08-24T04:03:22.892+0000] {processor.py:839} INFO - DAG(s) dict_keys(['example_skip_dag']) retrieved from /home/airflow/.local/lib/python3.8/site-packages/airflow/example_dags/example_skip_dag.py
[2023-08-24T04:03:22.918+0000] {logging_mixin.py:151} INFO - [2023-08-24T04:03:22.918+0000] {dag.py:2907} INFO - Sync 1 DAGs
[2023-08-24T04:03:22.931+0000] {logging_mixin.py:151} INFO - [2023-08-24T04:03:22.931+0000] {dag.py:3677} INFO - Setting next_dagrun for example_skip_dag to 2023-08-23T04:03:22.931243+00:00, run_after=2023-08-24T04:03:22.931243+00:00
[2023-08-24T04:03:22.942+0000] {processor.py:179} INFO - Processing /home/airflow/.local/lib/python3.8/site-packages/airflow/example_dags/example_skip_dag.py took 0.069 seconds
[2023-08-24T04:03:53.580+0000] {processor.py:157} INFO - Started process (PID=544) to work on /home/airflow/.local/lib/python3.8/site-packages/airflow/example_dags/example_skip_dag.py
[2023-08-24T04:03:53.582+0000] {processor.py:829} INFO - Processing file /home/airflow/.local/lib/python3.8/site-packages/airflow/example_dags/example_skip_dag.py for tasks to queue
[2023-08-24T04:03:53.585+0000] {logging_mixin.py:151} INFO - [2023-08-24T04:03:53.585+0000] {dagbag.py:539} INFO - Filling up the DagBag from /home/airflow/.local/lib/python3.8/site-packages/airflow/example_dags/example_skip_dag.py
[2023-08-24T04:03:53.593+0000] {processor.py:839} INFO - DAG(s) dict_keys(['example_skip_dag']) retrieved from /home/airflow/.local/lib/python3.8/site-packages/airflow/example_dags/example_skip_dag.py
[2023-08-24T04:03:53.616+0000] {logging_mixin.py:151} INFO - [2023-08-24T04:03:53.616+0000] {dag.py:2907} INFO - Sync 1 DAGs
[2023-08-24T04:03:53.631+0000] {logging_mixin.py:151} INFO - [2023-08-24T04:03:53.631+0000] {dag.py:3677} INFO - Setting next_dagrun for example_skip_dag to 2023-08-23T04:03:53.631409+00:00, run_after=2023-08-24T04:03:53.631409+00:00
[2023-08-24T04:03:53.642+0000] {processor.py:179} INFO - Processing /home/airflow/.local/lib/python3.8/site-packages/airflow/example_dags/example_skip_dag.py took 0.066 seconds
[2023-08-24T04:04:24.358+0000] {processor.py:157} INFO - Started process (PID=607) to work on /home/airflow/.local/lib/python3.8/site-packages/airflow/example_dags/example_skip_dag.py
[2023-08-24T04:04:24.359+0000] {processor.py:829} INFO - Processing file /home/airflow/.local/lib/python3.8/site-packages/airflow/example_dags/example_skip_dag.py for tasks to queue
[2023-08-24T04:04:24.361+0000] {logging_mixin.py:151} INFO - [2023-08-24T04:04:24.361+0000] {dagbag.py:539} INFO - Filling up the DagBag from /home/airflow/.local/lib/python3.8/site-packages/airflow/example_dags/example_skip_dag.py
[2023-08-24T04:04:24.369+0000] {processor.py:839} INFO - DAG(s) dict_keys(['example_skip_dag']) retrieved from /home/airflow/.local/lib/python3.8/site-packages/airflow/example_dags/example_skip_dag.py
[2023-08-24T04:04:24.390+0000] {logging_mixin.py:151} INFO - [2023-08-24T04:04:24.390+0000] {dag.py:2907} INFO - Sync 1 DAGs
[2023-08-24T04:04:24.404+0000] {logging_mixin.py:151} INFO - [2023-08-24T04:04:24.404+0000] {dag.py:3677} INFO - Setting next_dagrun for example_skip_dag to 2023-08-23T04:04:24.404485+00:00, run_after=2023-08-24T04:04:24.404485+00:00
[2023-08-24T04:04:24.416+0000] {processor.py:179} INFO - Processing /home/airflow/.local/lib/python3.8/site-packages/airflow/example_dags/example_skip_dag.py took 0.062 seconds
[2023-08-24T04:04:55.313+0000] {processor.py:157} INFO - Started process (PID=670) to work on /home/airflow/.local/lib/python3.8/site-packages/airflow/example_dags/example_skip_dag.py
[2023-08-24T04:04:55.315+0000] {processor.py:829} INFO - Processing file /home/airflow/.local/lib/python3.8/site-packages/airflow/example_dags/example_skip_dag.py for tasks to queue
[2023-08-24T04:04:55.319+0000] {logging_mixin.py:151} INFO - [2023-08-24T04:04:55.319+0000] {dagbag.py:539} INFO - Filling up the DagBag from /home/airflow/.local/lib/python3.8/site-packages/airflow/example_dags/example_skip_dag.py
[2023-08-24T04:04:55.328+0000] {processor.py:839} INFO - DAG(s) dict_keys(['example_skip_dag']) retrieved from /home/airflow/.local/lib/python3.8/site-packages/airflow/example_dags/example_skip_dag.py
[2023-08-24T04:04:55.349+0000] {logging_mixin.py:151} INFO - [2023-08-24T04:04:55.349+0000] {dag.py:2907} INFO - Sync 1 DAGs
[2023-08-24T04:04:55.363+0000] {logging_mixin.py:151} INFO - [2023-08-24T04:04:55.363+0000] {dag.py:3677} INFO - Setting next_dagrun for example_skip_dag to 2023-08-23T04:04:55.363528+00:00, run_after=2023-08-24T04:04:55.363528+00:00
[2023-08-24T04:04:55.376+0000] {processor.py:179} INFO - Processing /home/airflow/.local/lib/python3.8/site-packages/airflow/example_dags/example_skip_dag.py took 0.069 seconds
[2023-08-24T04:05:26.074+0000] {processor.py:157} INFO - Started process (PID=733) to work on /home/airflow/.local/lib/python3.8/site-packages/airflow/example_dags/example_skip_dag.py
[2023-08-24T04:05:26.076+0000] {processor.py:829} INFO - Processing file /home/airflow/.local/lib/python3.8/site-packages/airflow/example_dags/example_skip_dag.py for tasks to queue
[2023-08-24T04:05:26.078+0000] {logging_mixin.py:151} INFO - [2023-08-24T04:05:26.078+0000] {dagbag.py:539} INFO - Filling up the DagBag from /home/airflow/.local/lib/python3.8/site-packages/airflow/example_dags/example_skip_dag.py
[2023-08-24T04:05:26.086+0000] {processor.py:839} INFO - DAG(s) dict_keys(['example_skip_dag']) retrieved from /home/airflow/.local/lib/python3.8/site-packages/airflow/example_dags/example_skip_dag.py
[2023-08-24T04:05:26.107+0000] {logging_mixin.py:151} INFO - [2023-08-24T04:05:26.107+0000] {dag.py:2907} INFO - Sync 1 DAGs
[2023-08-24T04:05:26.121+0000] {logging_mixin.py:151} INFO - [2023-08-24T04:05:26.121+0000] {dag.py:3677} INFO - Setting next_dagrun for example_skip_dag to 2023-08-23T04:05:26.121248+00:00, run_after=2023-08-24T04:05:26.121248+00:00
[2023-08-24T04:05:26.133+0000] {processor.py:179} INFO - Processing /home/airflow/.local/lib/python3.8/site-packages/airflow/example_dags/example_skip_dag.py took 0.063 seconds
[2023-08-24T04:05:56.834+0000] {processor.py:157} INFO - Started process (PID=796) to work on /home/airflow/.local/lib/python3.8/site-packages/airflow/example_dags/example_skip_dag.py
[2023-08-24T04:05:56.835+0000] {processor.py:829} INFO - Processing file /home/airflow/.local/lib/python3.8/site-packages/airflow/example_dags/example_skip_dag.py for tasks to queue
[2023-08-24T04:05:56.837+0000] {logging_mixin.py:151} INFO - [2023-08-24T04:05:56.837+0000] {dagbag.py:539} INFO - Filling up the DagBag from /home/airflow/.local/lib/python3.8/site-packages/airflow/example_dags/example_skip_dag.py
[2023-08-24T04:05:56.843+0000] {processor.py:839} INFO - DAG(s) dict_keys(['example_skip_dag']) retrieved from /home/airflow/.local/lib/python3.8/site-packages/airflow/example_dags/example_skip_dag.py
[2023-08-24T04:05:56.866+0000] {logging_mixin.py:151} INFO - [2023-08-24T04:05:56.866+0000] {dag.py:2907} INFO - Sync 1 DAGs
[2023-08-24T04:05:56.881+0000] {logging_mixin.py:151} INFO - [2023-08-24T04:05:56.881+0000] {dag.py:3677} INFO - Setting next_dagrun for example_skip_dag to 2023-08-23T04:05:56.880898+00:00, run_after=2023-08-24T04:05:56.880898+00:00
[2023-08-24T04:05:56.892+0000] {processor.py:179} INFO - Processing /home/airflow/.local/lib/python3.8/site-packages/airflow/example_dags/example_skip_dag.py took 0.060 seconds
[2023-08-24T04:06:27.448+0000] {processor.py:157} INFO - Started process (PID=859) to work on /home/airflow/.local/lib/python3.8/site-packages/airflow/example_dags/example_skip_dag.py
[2023-08-24T04:06:27.449+0000] {processor.py:829} INFO - Processing file /home/airflow/.local/lib/python3.8/site-packages/airflow/example_dags/example_skip_dag.py for tasks to queue
[2023-08-24T04:06:27.452+0000] {logging_mixin.py:151} INFO - [2023-08-24T04:06:27.451+0000] {dagbag.py:539} INFO - Filling up the DagBag from /home/airflow/.local/lib/python3.8/site-packages/airflow/example_dags/example_skip_dag.py
[2023-08-24T04:06:27.457+0000] {processor.py:839} INFO - DAG(s) dict_keys(['example_skip_dag']) retrieved from /home/airflow/.local/lib/python3.8/site-packages/airflow/example_dags/example_skip_dag.py
[2023-08-24T04:06:27.478+0000] {logging_mixin.py:151} INFO - [2023-08-24T04:06:27.478+0000] {dag.py:2907} INFO - Sync 1 DAGs
[2023-08-24T04:06:27.492+0000] {logging_mixin.py:151} INFO - [2023-08-24T04:06:27.492+0000] {dag.py:3677} INFO - Setting next_dagrun for example_skip_dag to 2023-08-23T04:06:27.492537+00:00, run_after=2023-08-24T04:06:27.492537+00:00
[2023-08-24T04:06:27.504+0000] {processor.py:179} INFO - Processing /home/airflow/.local/lib/python3.8/site-packages/airflow/example_dags/example_skip_dag.py took 0.059 seconds
[2023-08-24T04:06:58.131+0000] {processor.py:157} INFO - Started process (PID=921) to work on /home/airflow/.local/lib/python3.8/site-packages/airflow/example_dags/example_skip_dag.py
[2023-08-24T04:06:58.132+0000] {processor.py:829} INFO - Processing file /home/airflow/.local/lib/python3.8/site-packages/airflow/example_dags/example_skip_dag.py for tasks to queue
[2023-08-24T04:06:58.135+0000] {logging_mixin.py:151} INFO - [2023-08-24T04:06:58.134+0000] {dagbag.py:539} INFO - Filling up the DagBag from /home/airflow/.local/lib/python3.8/site-packages/airflow/example_dags/example_skip_dag.py
[2023-08-24T04:06:58.142+0000] {processor.py:839} INFO - DAG(s) dict_keys(['example_skip_dag']) retrieved from /home/airflow/.local/lib/python3.8/site-packages/airflow/example_dags/example_skip_dag.py
[2023-08-24T04:06:58.165+0000] {logging_mixin.py:151} INFO - [2023-08-24T04:06:58.165+0000] {dag.py:2907} INFO - Sync 1 DAGs
[2023-08-24T04:06:58.180+0000] {logging_mixin.py:151} INFO - [2023-08-24T04:06:58.180+0000] {dag.py:3677} INFO - Setting next_dagrun for example_skip_dag to 2023-08-23T04:06:58.180525+00:00, run_after=2023-08-24T04:06:58.180525+00:00
[2023-08-24T04:06:58.191+0000] {processor.py:179} INFO - Processing /home/airflow/.local/lib/python3.8/site-packages/airflow/example_dags/example_skip_dag.py took 0.064 seconds
[2023-08-24T04:07:28.806+0000] {processor.py:157} INFO - Started process (PID=984) to work on /home/airflow/.local/lib/python3.8/site-packages/airflow/example_dags/example_skip_dag.py
[2023-08-24T04:07:28.808+0000] {processor.py:829} INFO - Processing file /home/airflow/.local/lib/python3.8/site-packages/airflow/example_dags/example_skip_dag.py for tasks to queue
[2023-08-24T04:07:28.810+0000] {logging_mixin.py:151} INFO - [2023-08-24T04:07:28.810+0000] {dagbag.py:539} INFO - Filling up the DagBag from /home/airflow/.local/lib/python3.8/site-packages/airflow/example_dags/example_skip_dag.py
[2023-08-24T04:07:28.817+0000] {processor.py:839} INFO - DAG(s) dict_keys(['example_skip_dag']) retrieved from /home/airflow/.local/lib/python3.8/site-packages/airflow/example_dags/example_skip_dag.py
[2023-08-24T04:07:28.838+0000] {logging_mixin.py:151} INFO - [2023-08-24T04:07:28.838+0000] {dag.py:2907} INFO - Sync 1 DAGs
[2023-08-24T04:07:28.851+0000] {logging_mixin.py:151} INFO - [2023-08-24T04:07:28.851+0000] {dag.py:3677} INFO - Setting next_dagrun for example_skip_dag to 2023-08-23T04:07:28.851268+00:00, run_after=2023-08-24T04:07:28.851268+00:00
[2023-08-24T04:07:28.862+0000] {processor.py:179} INFO - Processing /home/airflow/.local/lib/python3.8/site-packages/airflow/example_dags/example_skip_dag.py took 0.060 seconds
[2023-08-24T04:07:59.533+0000] {processor.py:157} INFO - Started process (PID=1047) to work on /home/airflow/.local/lib/python3.8/site-packages/airflow/example_dags/example_skip_dag.py
[2023-08-24T04:07:59.534+0000] {processor.py:829} INFO - Processing file /home/airflow/.local/lib/python3.8/site-packages/airflow/example_dags/example_skip_dag.py for tasks to queue
[2023-08-24T04:07:59.536+0000] {logging_mixin.py:151} INFO - [2023-08-24T04:07:59.536+0000] {dagbag.py:539} INFO - Filling up the DagBag from /home/airflow/.local/lib/python3.8/site-packages/airflow/example_dags/example_skip_dag.py
[2023-08-24T04:07:59.543+0000] {processor.py:839} INFO - DAG(s) dict_keys(['example_skip_dag']) retrieved from /home/airflow/.local/lib/python3.8/site-packages/airflow/example_dags/example_skip_dag.py
[2023-08-24T04:07:59.567+0000] {logging_mixin.py:151} INFO - [2023-08-24T04:07:59.566+0000] {dag.py:2907} INFO - Sync 1 DAGs
[2023-08-24T04:07:59.582+0000] {logging_mixin.py:151} INFO - [2023-08-24T04:07:59.582+0000] {dag.py:3677} INFO - Setting next_dagrun for example_skip_dag to 2023-08-23T04:07:59.582191+00:00, run_after=2023-08-24T04:07:59.582191+00:00
[2023-08-24T04:07:59.594+0000] {processor.py:179} INFO - Processing /home/airflow/.local/lib/python3.8/site-packages/airflow/example_dags/example_skip_dag.py took 0.066 seconds
[2023-08-24T04:08:30.239+0000] {processor.py:157} INFO - Started process (PID=1110) to work on /home/airflow/.local/lib/python3.8/site-packages/airflow/example_dags/example_skip_dag.py
[2023-08-24T04:08:30.240+0000] {processor.py:829} INFO - Processing file /home/airflow/.local/lib/python3.8/site-packages/airflow/example_dags/example_skip_dag.py for tasks to queue
[2023-08-24T04:08:30.243+0000] {logging_mixin.py:151} INFO - [2023-08-24T04:08:30.242+0000] {dagbag.py:539} INFO - Filling up the DagBag from /home/airflow/.local/lib/python3.8/site-packages/airflow/example_dags/example_skip_dag.py
[2023-08-24T04:08:30.251+0000] {processor.py:839} INFO - DAG(s) dict_keys(['example_skip_dag']) retrieved from /home/airflow/.local/lib/python3.8/site-packages/airflow/example_dags/example_skip_dag.py
[2023-08-24T04:08:30.275+0000] {logging_mixin.py:151} INFO - [2023-08-24T04:08:30.275+0000] {dag.py:2907} INFO - Sync 1 DAGs
[2023-08-24T04:08:30.290+0000] {logging_mixin.py:151} INFO - [2023-08-24T04:08:30.290+0000] {dag.py:3677} INFO - Setting next_dagrun for example_skip_dag to 2023-08-23T04:08:30.289927+00:00, run_after=2023-08-24T04:08:30.289927+00:00
[2023-08-24T04:08:30.302+0000] {processor.py:179} INFO - Processing /home/airflow/.local/lib/python3.8/site-packages/airflow/example_dags/example_skip_dag.py took 0.068 seconds
[2023-08-24T04:09:00.951+0000] {processor.py:157} INFO - Started process (PID=1173) to work on /home/airflow/.local/lib/python3.8/site-packages/airflow/example_dags/example_skip_dag.py
[2023-08-24T04:09:00.953+0000] {processor.py:829} INFO - Processing file /home/airflow/.local/lib/python3.8/site-packages/airflow/example_dags/example_skip_dag.py for tasks to queue
[2023-08-24T04:09:00.956+0000] {logging_mixin.py:151} INFO - [2023-08-24T04:09:00.955+0000] {dagbag.py:539} INFO - Filling up the DagBag from /home/airflow/.local/lib/python3.8/site-packages/airflow/example_dags/example_skip_dag.py
[2023-08-24T04:09:00.963+0000] {processor.py:839} INFO - DAG(s) dict_keys(['example_skip_dag']) retrieved from /home/airflow/.local/lib/python3.8/site-packages/airflow/example_dags/example_skip_dag.py
[2023-08-24T04:09:00.984+0000] {logging_mixin.py:151} INFO - [2023-08-24T04:09:00.983+0000] {dag.py:2907} INFO - Sync 1 DAGs
[2023-08-24T04:09:00.997+0000] {logging_mixin.py:151} INFO - [2023-08-24T04:09:00.997+0000] {dag.py:3677} INFO - Setting next_dagrun for example_skip_dag to 2023-08-23T04:09:00.996867+00:00, run_after=2023-08-24T04:09:00.996867+00:00
[2023-08-24T04:09:01.008+0000] {processor.py:179} INFO - Processing /home/airflow/.local/lib/python3.8/site-packages/airflow/example_dags/example_skip_dag.py took 0.061 seconds
[2023-08-24T04:09:31.795+0000] {processor.py:157} INFO - Started process (PID=1236) to work on /home/airflow/.local/lib/python3.8/site-packages/airflow/example_dags/example_skip_dag.py
[2023-08-24T04:09:31.797+0000] {processor.py:829} INFO - Processing file /home/airflow/.local/lib/python3.8/site-packages/airflow/example_dags/example_skip_dag.py for tasks to queue
[2023-08-24T04:09:31.799+0000] {logging_mixin.py:151} INFO - [2023-08-24T04:09:31.799+0000] {dagbag.py:539} INFO - Filling up the DagBag from /home/airflow/.local/lib/python3.8/site-packages/airflow/example_dags/example_skip_dag.py
[2023-08-24T04:09:31.806+0000] {processor.py:839} INFO - DAG(s) dict_keys(['example_skip_dag']) retrieved from /home/airflow/.local/lib/python3.8/site-packages/airflow/example_dags/example_skip_dag.py
[2023-08-24T04:09:31.826+0000] {logging_mixin.py:151} INFO - [2023-08-24T04:09:31.826+0000] {dag.py:2907} INFO - Sync 1 DAGs
[2023-08-24T04:09:31.839+0000] {logging_mixin.py:151} INFO - [2023-08-24T04:09:31.839+0000] {dag.py:3677} INFO - Setting next_dagrun for example_skip_dag to 2023-08-23T04:09:31.839213+00:00, run_after=2023-08-24T04:09:31.839213+00:00
[2023-08-24T04:09:31.849+0000] {processor.py:179} INFO - Processing /home/airflow/.local/lib/python3.8/site-packages/airflow/example_dags/example_skip_dag.py took 0.059 seconds
[2023-08-24T04:10:02.474+0000] {processor.py:157} INFO - Started process (PID=1299) to work on /home/airflow/.local/lib/python3.8/site-packages/airflow/example_dags/example_skip_dag.py
[2023-08-24T04:10:02.475+0000] {processor.py:829} INFO - Processing file /home/airflow/.local/lib/python3.8/site-packages/airflow/example_dags/example_skip_dag.py for tasks to queue
[2023-08-24T04:10:02.479+0000] {logging_mixin.py:151} INFO - [2023-08-24T04:10:02.478+0000] {dagbag.py:539} INFO - Filling up the DagBag from /home/airflow/.local/lib/python3.8/site-packages/airflow/example_dags/example_skip_dag.py
[2023-08-24T04:10:02.487+0000] {processor.py:839} INFO - DAG(s) dict_keys(['example_skip_dag']) retrieved from /home/airflow/.local/lib/python3.8/site-packages/airflow/example_dags/example_skip_dag.py
[2023-08-24T04:10:02.508+0000] {logging_mixin.py:151} INFO - [2023-08-24T04:10:02.508+0000] {dag.py:2907} INFO - Sync 1 DAGs
[2023-08-24T04:10:02.521+0000] {logging_mixin.py:151} INFO - [2023-08-24T04:10:02.521+0000] {dag.py:3677} INFO - Setting next_dagrun for example_skip_dag to 2023-08-23T04:10:02.521193+00:00, run_after=2023-08-24T04:10:02.521193+00:00
[2023-08-24T04:10:02.534+0000] {processor.py:179} INFO - Processing /home/airflow/.local/lib/python3.8/site-packages/airflow/example_dags/example_skip_dag.py took 0.065 seconds
[2023-08-24T04:10:33.173+0000] {processor.py:157} INFO - Started process (PID=1362) to work on /home/airflow/.local/lib/python3.8/site-packages/airflow/example_dags/example_skip_dag.py
[2023-08-24T04:10:33.175+0000] {processor.py:829} INFO - Processing file /home/airflow/.local/lib/python3.8/site-packages/airflow/example_dags/example_skip_dag.py for tasks to queue
[2023-08-24T04:10:33.179+0000] {logging_mixin.py:151} INFO - [2023-08-24T04:10:33.178+0000] {dagbag.py:539} INFO - Filling up the DagBag from /home/airflow/.local/lib/python3.8/site-packages/airflow/example_dags/example_skip_dag.py
[2023-08-24T04:10:33.188+0000] {processor.py:839} INFO - DAG(s) dict_keys(['example_skip_dag']) retrieved from /home/airflow/.local/lib/python3.8/site-packages/airflow/example_dags/example_skip_dag.py
[2023-08-24T04:10:33.212+0000] {logging_mixin.py:151} INFO - [2023-08-24T04:10:33.211+0000] {dag.py:2907} INFO - Sync 1 DAGs
[2023-08-24T04:10:33.226+0000] {logging_mixin.py:151} INFO - [2023-08-24T04:10:33.226+0000] {dag.py:3677} INFO - Setting next_dagrun for example_skip_dag to 2023-08-23T04:10:33.226185+00:00, run_after=2023-08-24T04:10:33.226185+00:00
[2023-08-24T04:10:33.237+0000] {processor.py:179} INFO - Processing /home/airflow/.local/lib/python3.8/site-packages/airflow/example_dags/example_skip_dag.py took 0.071 seconds
[2023-08-24T04:11:03.888+0000] {processor.py:157} INFO - Started process (PID=1425) to work on /home/airflow/.local/lib/python3.8/site-packages/airflow/example_dags/example_skip_dag.py
[2023-08-24T04:11:03.889+0000] {processor.py:829} INFO - Processing file /home/airflow/.local/lib/python3.8/site-packages/airflow/example_dags/example_skip_dag.py for tasks to queue
[2023-08-24T04:11:03.892+0000] {logging_mixin.py:151} INFO - [2023-08-24T04:11:03.891+0000] {dagbag.py:539} INFO - Filling up the DagBag from /home/airflow/.local/lib/python3.8/site-packages/airflow/example_dags/example_skip_dag.py
[2023-08-24T04:11:03.898+0000] {processor.py:839} INFO - DAG(s) dict_keys(['example_skip_dag']) retrieved from /home/airflow/.local/lib/python3.8/site-packages/airflow/example_dags/example_skip_dag.py
[2023-08-24T04:11:03.921+0000] {logging_mixin.py:151} INFO - [2023-08-24T04:11:03.921+0000] {dag.py:2907} INFO - Sync 1 DAGs
[2023-08-24T04:11:03.934+0000] {logging_mixin.py:151} INFO - [2023-08-24T04:11:03.934+0000] {dag.py:3677} INFO - Setting next_dagrun for example_skip_dag to 2023-08-23T04:11:03.934052+00:00, run_after=2023-08-24T04:11:03.934052+00:00
[2023-08-24T04:11:03.947+0000] {processor.py:179} INFO - Processing /home/airflow/.local/lib/python3.8/site-packages/airflow/example_dags/example_skip_dag.py took 0.062 seconds
[2023-08-24T04:11:34.689+0000] {processor.py:157} INFO - Started process (PID=1488) to work on /home/airflow/.local/lib/python3.8/site-packages/airflow/example_dags/example_skip_dag.py
[2023-08-24T04:11:34.690+0000] {processor.py:829} INFO - Processing file /home/airflow/.local/lib/python3.8/site-packages/airflow/example_dags/example_skip_dag.py for tasks to queue
[2023-08-24T04:11:34.692+0000] {logging_mixin.py:151} INFO - [2023-08-24T04:11:34.691+0000] {dagbag.py:539} INFO - Filling up the DagBag from /home/airflow/.local/lib/python3.8/site-packages/airflow/example_dags/example_skip_dag.py
[2023-08-24T04:11:34.697+0000] {processor.py:839} INFO - DAG(s) dict_keys(['example_skip_dag']) retrieved from /home/airflow/.local/lib/python3.8/site-packages/airflow/example_dags/example_skip_dag.py
[2023-08-24T04:11:34.715+0000] {logging_mixin.py:151} INFO - [2023-08-24T04:11:34.715+0000] {dag.py:2907} INFO - Sync 1 DAGs
[2023-08-24T04:11:34.729+0000] {logging_mixin.py:151} INFO - [2023-08-24T04:11:34.729+0000] {dag.py:3677} INFO - Setting next_dagrun for example_skip_dag to 2023-08-23T04:11:34.729644+00:00, run_after=2023-08-24T04:11:34.729644+00:00
[2023-08-24T04:11:34.741+0000] {processor.py:179} INFO - Processing /home/airflow/.local/lib/python3.8/site-packages/airflow/example_dags/example_skip_dag.py took 0.055 seconds
[2023-08-24T04:12:05.439+0000] {processor.py:157} INFO - Started process (PID=1551) to work on /home/airflow/.local/lib/python3.8/site-packages/airflow/example_dags/example_skip_dag.py
[2023-08-24T04:12:05.440+0000] {processor.py:829} INFO - Processing file /home/airflow/.local/lib/python3.8/site-packages/airflow/example_dags/example_skip_dag.py for tasks to queue
[2023-08-24T04:12:05.442+0000] {logging_mixin.py:151} INFO - [2023-08-24T04:12:05.442+0000] {dagbag.py:539} INFO - Filling up the DagBag from /home/airflow/.local/lib/python3.8/site-packages/airflow/example_dags/example_skip_dag.py
[2023-08-24T04:12:05.447+0000] {processor.py:839} INFO - DAG(s) dict_keys(['example_skip_dag']) retrieved from /home/airflow/.local/lib/python3.8/site-packages/airflow/example_dags/example_skip_dag.py
[2023-08-24T04:12:05.465+0000] {logging_mixin.py:151} INFO - [2023-08-24T04:12:05.465+0000] {dag.py:2907} INFO - Sync 1 DAGs
[2023-08-24T04:12:05.477+0000] {logging_mixin.py:151} INFO - [2023-08-24T04:12:05.477+0000] {dag.py:3677} INFO - Setting next_dagrun for example_skip_dag to 2023-08-23T04:12:05.476977+00:00, run_after=2023-08-24T04:12:05.476977+00:00
[2023-08-24T04:12:05.488+0000] {processor.py:179} INFO - Processing /home/airflow/.local/lib/python3.8/site-packages/airflow/example_dags/example_skip_dag.py took 0.052 seconds
[2023-08-24T04:12:36.082+0000] {processor.py:157} INFO - Started process (PID=1614) to work on /home/airflow/.local/lib/python3.8/site-packages/airflow/example_dags/example_skip_dag.py
[2023-08-24T04:12:36.083+0000] {processor.py:829} INFO - Processing file /home/airflow/.local/lib/python3.8/site-packages/airflow/example_dags/example_skip_dag.py for tasks to queue
[2023-08-24T04:12:36.085+0000] {logging_mixin.py:151} INFO - [2023-08-24T04:12:36.085+0000] {dagbag.py:539} INFO - Filling up the DagBag from /home/airflow/.local/lib/python3.8/site-packages/airflow/example_dags/example_skip_dag.py
[2023-08-24T04:12:36.090+0000] {processor.py:839} INFO - DAG(s) dict_keys(['example_skip_dag']) retrieved from /home/airflow/.local/lib/python3.8/site-packages/airflow/example_dags/example_skip_dag.py
[2023-08-24T04:12:36.108+0000] {logging_mixin.py:151} INFO - [2023-08-24T04:12:36.108+0000] {dag.py:2907} INFO - Sync 1 DAGs
[2023-08-24T04:12:36.120+0000] {logging_mixin.py:151} INFO - [2023-08-24T04:12:36.120+0000] {dag.py:3677} INFO - Setting next_dagrun for example_skip_dag to 2023-08-23T04:12:36.120691+00:00, run_after=2023-08-24T04:12:36.120691+00:00
[2023-08-24T04:12:36.131+0000] {processor.py:179} INFO - Processing /home/airflow/.local/lib/python3.8/site-packages/airflow/example_dags/example_skip_dag.py took 0.052 seconds
[2023-08-24T04:13:06.864+0000] {processor.py:157} INFO - Started process (PID=1677) to work on /home/airflow/.local/lib/python3.8/site-packages/airflow/example_dags/example_skip_dag.py
[2023-08-24T04:13:06.865+0000] {processor.py:829} INFO - Processing file /home/airflow/.local/lib/python3.8/site-packages/airflow/example_dags/example_skip_dag.py for tasks to queue
[2023-08-24T04:13:06.867+0000] {logging_mixin.py:151} INFO - [2023-08-24T04:13:06.867+0000] {dagbag.py:539} INFO - Filling up the DagBag from /home/airflow/.local/lib/python3.8/site-packages/airflow/example_dags/example_skip_dag.py
[2023-08-24T04:13:06.872+0000] {processor.py:839} INFO - DAG(s) dict_keys(['example_skip_dag']) retrieved from /home/airflow/.local/lib/python3.8/site-packages/airflow/example_dags/example_skip_dag.py
[2023-08-24T04:13:06.890+0000] {logging_mixin.py:151} INFO - [2023-08-24T04:13:06.890+0000] {dag.py:2907} INFO - Sync 1 DAGs
[2023-08-24T04:13:06.902+0000] {logging_mixin.py:151} INFO - [2023-08-24T04:13:06.902+0000] {dag.py:3677} INFO - Setting next_dagrun for example_skip_dag to 2023-08-23T04:13:06.902210+00:00, run_after=2023-08-24T04:13:06.902210+00:00
[2023-08-24T04:13:06.920+0000] {processor.py:179} INFO - Processing /home/airflow/.local/lib/python3.8/site-packages/airflow/example_dags/example_skip_dag.py took 0.061 seconds
[2023-08-24T04:13:37.522+0000] {processor.py:157} INFO - Started process (PID=1740) to work on /home/airflow/.local/lib/python3.8/site-packages/airflow/example_dags/example_skip_dag.py
[2023-08-24T04:13:37.523+0000] {processor.py:829} INFO - Processing file /home/airflow/.local/lib/python3.8/site-packages/airflow/example_dags/example_skip_dag.py for tasks to queue
[2023-08-24T04:13:37.525+0000] {logging_mixin.py:151} INFO - [2023-08-24T04:13:37.525+0000] {dagbag.py:539} INFO - Filling up the DagBag from /home/airflow/.local/lib/python3.8/site-packages/airflow/example_dags/example_skip_dag.py
[2023-08-24T04:13:37.532+0000] {processor.py:839} INFO - DAG(s) dict_keys(['example_skip_dag']) retrieved from /home/airflow/.local/lib/python3.8/site-packages/airflow/example_dags/example_skip_dag.py
[2023-08-24T04:13:37.550+0000] {logging_mixin.py:151} INFO - [2023-08-24T04:13:37.550+0000] {dag.py:2907} INFO - Sync 1 DAGs
[2023-08-24T04:13:37.562+0000] {logging_mixin.py:151} INFO - [2023-08-24T04:13:37.562+0000] {dag.py:3677} INFO - Setting next_dagrun for example_skip_dag to 2023-08-23T04:13:37.562455+00:00, run_after=2023-08-24T04:13:37.562455+00:00
[2023-08-24T04:13:37.573+0000] {processor.py:179} INFO - Processing /home/airflow/.local/lib/python3.8/site-packages/airflow/example_dags/example_skip_dag.py took 0.055 seconds
[2023-08-24T04:14:08.365+0000] {processor.py:157} INFO - Started process (PID=1803) to work on /home/airflow/.local/lib/python3.8/site-packages/airflow/example_dags/example_skip_dag.py
[2023-08-24T04:14:08.366+0000] {processor.py:829} INFO - Processing file /home/airflow/.local/lib/python3.8/site-packages/airflow/example_dags/example_skip_dag.py for tasks to queue
[2023-08-24T04:14:08.368+0000] {logging_mixin.py:151} INFO - [2023-08-24T04:14:08.368+0000] {dagbag.py:539} INFO - Filling up the DagBag from /home/airflow/.local/lib/python3.8/site-packages/airflow/example_dags/example_skip_dag.py
[2023-08-24T04:14:08.374+0000] {processor.py:839} INFO - DAG(s) dict_keys(['example_skip_dag']) retrieved from /home/airflow/.local/lib/python3.8/site-packages/airflow/example_dags/example_skip_dag.py
[2023-08-24T04:14:08.393+0000] {logging_mixin.py:151} INFO - [2023-08-24T04:14:08.393+0000] {dag.py:2907} INFO - Sync 1 DAGs
[2023-08-24T04:14:08.406+0000] {logging_mixin.py:151} INFO - [2023-08-24T04:14:08.406+0000] {dag.py:3677} INFO - Setting next_dagrun for example_skip_dag to 2023-08-23T04:14:08.406010+00:00, run_after=2023-08-24T04:14:08.406010+00:00
[2023-08-24T04:14:08.417+0000] {processor.py:179} INFO - Processing /home/airflow/.local/lib/python3.8/site-packages/airflow/example_dags/example_skip_dag.py took 0.056 seconds
[2023-08-24T04:14:38.502+0000] {processor.py:157} INFO - Started process (PID=1865) to work on /home/airflow/.local/lib/python3.8/site-packages/airflow/example_dags/example_skip_dag.py
[2023-08-24T04:14:38.504+0000] {processor.py:829} INFO - Processing file /home/airflow/.local/lib/python3.8/site-packages/airflow/example_dags/example_skip_dag.py for tasks to queue
[2023-08-24T04:14:38.508+0000] {logging_mixin.py:151} INFO - [2023-08-24T04:14:38.508+0000] {dagbag.py:539} INFO - Filling up the DagBag from /home/airflow/.local/lib/python3.8/site-packages/airflow/example_dags/example_skip_dag.py
[2023-08-24T04:14:38.516+0000] {processor.py:839} INFO - DAG(s) dict_keys(['example_skip_dag']) retrieved from /home/airflow/.local/lib/python3.8/site-packages/airflow/example_dags/example_skip_dag.py
[2023-08-24T04:14:38.536+0000] {logging_mixin.py:151} INFO - [2023-08-24T04:14:38.536+0000] {dag.py:2907} INFO - Sync 1 DAGs
[2023-08-24T04:14:38.550+0000] {logging_mixin.py:151} INFO - [2023-08-24T04:14:38.550+0000] {dag.py:3677} INFO - Setting next_dagrun for example_skip_dag to 2023-08-23T04:14:38.549947+00:00, run_after=2023-08-24T04:14:38.549947+00:00
[2023-08-24T04:14:38.561+0000] {processor.py:179} INFO - Processing /home/airflow/.local/lib/python3.8/site-packages/airflow/example_dags/example_skip_dag.py took 0.065 seconds
[2023-08-24T04:15:09.366+0000] {processor.py:157} INFO - Started process (PID=1929) to work on /home/airflow/.local/lib/python3.8/site-packages/airflow/example_dags/example_skip_dag.py
[2023-08-24T04:15:09.368+0000] {processor.py:829} INFO - Processing file /home/airflow/.local/lib/python3.8/site-packages/airflow/example_dags/example_skip_dag.py for tasks to queue
[2023-08-24T04:15:09.370+0000] {logging_mixin.py:151} INFO - [2023-08-24T04:15:09.370+0000] {dagbag.py:539} INFO - Filling up the DagBag from /home/airflow/.local/lib/python3.8/site-packages/airflow/example_dags/example_skip_dag.py
[2023-08-24T04:15:09.377+0000] {processor.py:839} INFO - DAG(s) dict_keys(['example_skip_dag']) retrieved from /home/airflow/.local/lib/python3.8/site-packages/airflow/example_dags/example_skip_dag.py
[2023-08-24T04:15:09.397+0000] {logging_mixin.py:151} INFO - [2023-08-24T04:15:09.397+0000] {dag.py:2907} INFO - Sync 1 DAGs
[2023-08-24T04:15:09.409+0000] {logging_mixin.py:151} INFO - [2023-08-24T04:15:09.409+0000] {dag.py:3677} INFO - Setting next_dagrun for example_skip_dag to 2023-08-23T04:15:09.409400+00:00, run_after=2023-08-24T04:15:09.409400+00:00
[2023-08-24T04:15:09.420+0000] {processor.py:179} INFO - Processing /home/airflow/.local/lib/python3.8/site-packages/airflow/example_dags/example_skip_dag.py took 0.059 seconds
[2023-08-24T04:15:40.247+0000] {processor.py:157} INFO - Started process (PID=1991) to work on /home/airflow/.local/lib/python3.8/site-packages/airflow/example_dags/example_skip_dag.py
[2023-08-24T04:15:40.248+0000] {processor.py:829} INFO - Processing file /home/airflow/.local/lib/python3.8/site-packages/airflow/example_dags/example_skip_dag.py for tasks to queue
[2023-08-24T04:15:40.251+0000] {logging_mixin.py:151} INFO - [2023-08-24T04:15:40.250+0000] {dagbag.py:539} INFO - Filling up the DagBag from /home/airflow/.local/lib/python3.8/site-packages/airflow/example_dags/example_skip_dag.py
[2023-08-24T04:15:40.257+0000] {processor.py:839} INFO - DAG(s) dict_keys(['example_skip_dag']) retrieved from /home/airflow/.local/lib/python3.8/site-packages/airflow/example_dags/example_skip_dag.py
[2023-08-24T04:15:40.276+0000] {logging_mixin.py:151} INFO - [2023-08-24T04:15:40.276+0000] {dag.py:2907} INFO - Sync 1 DAGs
[2023-08-24T04:15:40.289+0000] {logging_mixin.py:151} INFO - [2023-08-24T04:15:40.289+0000] {dag.py:3677} INFO - Setting next_dagrun for example_skip_dag to 2023-08-23T04:15:40.289483+00:00, run_after=2023-08-24T04:15:40.289483+00:00
[2023-08-24T04:15:40.301+0000] {processor.py:179} INFO - Processing /home/airflow/.local/lib/python3.8/site-packages/airflow/example_dags/example_skip_dag.py took 0.058 seconds
[2023-08-24T04:16:11.018+0000] {processor.py:157} INFO - Started process (PID=2054) to work on /home/airflow/.local/lib/python3.8/site-packages/airflow/example_dags/example_skip_dag.py
[2023-08-24T04:16:11.020+0000] {processor.py:829} INFO - Processing file /home/airflow/.local/lib/python3.8/site-packages/airflow/example_dags/example_skip_dag.py for tasks to queue
[2023-08-24T04:16:11.023+0000] {logging_mixin.py:151} INFO - [2023-08-24T04:16:11.022+0000] {dagbag.py:539} INFO - Filling up the DagBag from /home/airflow/.local/lib/python3.8/site-packages/airflow/example_dags/example_skip_dag.py
[2023-08-24T04:16:11.029+0000] {processor.py:839} INFO - DAG(s) dict_keys(['example_skip_dag']) retrieved from /home/airflow/.local/lib/python3.8/site-packages/airflow/example_dags/example_skip_dag.py
[2023-08-24T04:16:11.049+0000] {logging_mixin.py:151} INFO - [2023-08-24T04:16:11.049+0000] {dag.py:2907} INFO - Sync 1 DAGs
[2023-08-24T04:16:11.062+0000] {logging_mixin.py:151} INFO - [2023-08-24T04:16:11.062+0000] {dag.py:3677} INFO - Setting next_dagrun for example_skip_dag to 2023-08-23T04:16:11.061788+00:00, run_after=2023-08-24T04:16:11.061788+00:00
[2023-08-24T04:16:11.072+0000] {processor.py:179} INFO - Processing /home/airflow/.local/lib/python3.8/site-packages/airflow/example_dags/example_skip_dag.py took 0.059 seconds
[2023-08-24T04:16:41.813+0000] {processor.py:157} INFO - Started process (PID=2117) to work on /home/airflow/.local/lib/python3.8/site-packages/airflow/example_dags/example_skip_dag.py
[2023-08-24T04:16:41.815+0000] {processor.py:829} INFO - Processing file /home/airflow/.local/lib/python3.8/site-packages/airflow/example_dags/example_skip_dag.py for tasks to queue
[2023-08-24T04:16:41.816+0000] {logging_mixin.py:151} INFO - [2023-08-24T04:16:41.816+0000] {dagbag.py:539} INFO - Filling up the DagBag from /home/airflow/.local/lib/python3.8/site-packages/airflow/example_dags/example_skip_dag.py
[2023-08-24T04:16:41.821+0000] {processor.py:839} INFO - DAG(s) dict_keys(['example_skip_dag']) retrieved from /home/airflow/.local/lib/python3.8/site-packages/airflow/example_dags/example_skip_dag.py
[2023-08-24T04:16:41.838+0000] {logging_mixin.py:151} INFO - [2023-08-24T04:16:41.838+0000] {dag.py:2907} INFO - Sync 1 DAGs
[2023-08-24T04:16:41.851+0000] {logging_mixin.py:151} INFO - [2023-08-24T04:16:41.851+0000] {dag.py:3677} INFO - Setting next_dagrun for example_skip_dag to 2023-08-23T04:16:41.850866+00:00, run_after=2023-08-24T04:16:41.850866+00:00
[2023-08-24T04:16:41.864+0000] {processor.py:179} INFO - Processing /home/airflow/.local/lib/python3.8/site-packages/airflow/example_dags/example_skip_dag.py took 0.054 seconds
[2023-08-24T04:17:12.575+0000] {processor.py:157} INFO - Started process (PID=2187) to work on /home/airflow/.local/lib/python3.8/site-packages/airflow/example_dags/example_skip_dag.py
[2023-08-24T04:17:12.576+0000] {processor.py:829} INFO - Processing file /home/airflow/.local/lib/python3.8/site-packages/airflow/example_dags/example_skip_dag.py for tasks to queue
[2023-08-24T04:17:12.578+0000] {logging_mixin.py:151} INFO - [2023-08-24T04:17:12.578+0000] {dagbag.py:539} INFO - Filling up the DagBag from /home/airflow/.local/lib/python3.8/site-packages/airflow/example_dags/example_skip_dag.py
[2023-08-24T04:17:12.583+0000] {processor.py:839} INFO - DAG(s) dict_keys(['example_skip_dag']) retrieved from /home/airflow/.local/lib/python3.8/site-packages/airflow/example_dags/example_skip_dag.py
[2023-08-24T04:17:12.601+0000] {logging_mixin.py:151} INFO - [2023-08-24T04:17:12.601+0000] {dag.py:2907} INFO - Sync 1 DAGs
[2023-08-24T04:17:12.614+0000] {logging_mixin.py:151} INFO - [2023-08-24T04:17:12.614+0000] {dag.py:3677} INFO - Setting next_dagrun for example_skip_dag to 2023-08-23T04:17:12.614208+00:00, run_after=2023-08-24T04:17:12.614208+00:00
[2023-08-24T04:17:12.625+0000] {processor.py:179} INFO - Processing /home/airflow/.local/lib/python3.8/site-packages/airflow/example_dags/example_skip_dag.py took 0.054 seconds
[2023-08-24T04:17:42.780+0000] {processor.py:157} INFO - Started process (PID=2253) to work on /home/airflow/.local/lib/python3.8/site-packages/airflow/example_dags/example_skip_dag.py
[2023-08-24T04:17:42.781+0000] {processor.py:829} INFO - Processing file /home/airflow/.local/lib/python3.8/site-packages/airflow/example_dags/example_skip_dag.py for tasks to queue
[2023-08-24T04:17:42.784+0000] {logging_mixin.py:151} INFO - [2023-08-24T04:17:42.784+0000] {dagbag.py:539} INFO - Filling up the DagBag from /home/airflow/.local/lib/python3.8/site-packages/airflow/example_dags/example_skip_dag.py
[2023-08-24T04:17:42.792+0000] {processor.py:839} INFO - DAG(s) dict_keys(['example_skip_dag']) retrieved from /home/airflow/.local/lib/python3.8/site-packages/airflow/example_dags/example_skip_dag.py
[2023-08-24T04:17:42.813+0000] {logging_mixin.py:151} INFO - [2023-08-24T04:17:42.813+0000] {dag.py:2907} INFO - Sync 1 DAGs
[2023-08-24T04:17:42.826+0000] {logging_mixin.py:151} INFO - [2023-08-24T04:17:42.826+0000] {dag.py:3677} INFO - Setting next_dagrun for example_skip_dag to 2023-08-23T04:17:42.826640+00:00, run_after=2023-08-24T04:17:42.826640+00:00
[2023-08-24T04:17:42.837+0000] {processor.py:179} INFO - Processing /home/airflow/.local/lib/python3.8/site-packages/airflow/example_dags/example_skip_dag.py took 0.063 seconds
[2023-08-24T04:18:13.684+0000] {processor.py:157} INFO - Started process (PID=2316) to work on /home/airflow/.local/lib/python3.8/site-packages/airflow/example_dags/example_skip_dag.py
[2023-08-24T04:18:13.686+0000] {processor.py:829} INFO - Processing file /home/airflow/.local/lib/python3.8/site-packages/airflow/example_dags/example_skip_dag.py for tasks to queue
[2023-08-24T04:18:13.690+0000] {logging_mixin.py:151} INFO - [2023-08-24T04:18:13.690+0000] {dagbag.py:539} INFO - Filling up the DagBag from /home/airflow/.local/lib/python3.8/site-packages/airflow/example_dags/example_skip_dag.py
[2023-08-24T04:18:13.697+0000] {processor.py:839} INFO - DAG(s) dict_keys(['example_skip_dag']) retrieved from /home/airflow/.local/lib/python3.8/site-packages/airflow/example_dags/example_skip_dag.py
[2023-08-24T04:18:13.717+0000] {logging_mixin.py:151} INFO - [2023-08-24T04:18:13.717+0000] {dag.py:2907} INFO - Sync 1 DAGs
[2023-08-24T04:18:13.730+0000] {logging_mixin.py:151} INFO - [2023-08-24T04:18:13.730+0000] {dag.py:3677} INFO - Setting next_dagrun for example_skip_dag to 2023-08-23T04:18:13.730314+00:00, run_after=2023-08-24T04:18:13.730314+00:00
[2023-08-24T04:18:13.742+0000] {processor.py:179} INFO - Processing /home/airflow/.local/lib/python3.8/site-packages/airflow/example_dags/example_skip_dag.py took 0.063 seconds
[2023-08-24T04:24:29.177+0000] {processor.py:157} INFO - Started process (PID=40) to work on /home/airflow/.local/lib/python3.8/site-packages/airflow/example_dags/example_skip_dag.py
[2023-08-24T04:24:29.179+0000] {processor.py:829} INFO - Processing file /home/airflow/.local/lib/python3.8/site-packages/airflow/example_dags/example_skip_dag.py for tasks to queue
[2023-08-24T04:24:29.182+0000] {logging_mixin.py:151} INFO - [2023-08-24T04:24:29.181+0000] {dagbag.py:539} INFO - Filling up the DagBag from /home/airflow/.local/lib/python3.8/site-packages/airflow/example_dags/example_skip_dag.py
[2023-08-24T04:24:29.190+0000] {processor.py:839} INFO - DAG(s) dict_keys(['example_skip_dag']) retrieved from /home/airflow/.local/lib/python3.8/site-packages/airflow/example_dags/example_skip_dag.py
[2023-08-24T04:24:29.207+0000] {logging_mixin.py:151} INFO - [2023-08-24T04:24:29.207+0000] {dag.py:2907} INFO - Sync 1 DAGs
[2023-08-24T04:24:29.222+0000] {logging_mixin.py:151} INFO - [2023-08-24T04:24:29.222+0000] {dag.py:3677} INFO - Setting next_dagrun for example_skip_dag to 2023-08-23T04:24:29.222563+00:00, run_after=2023-08-24T04:24:29.222563+00:00
[2023-08-24T04:24:29.235+0000] {processor.py:179} INFO - Processing /home/airflow/.local/lib/python3.8/site-packages/airflow/example_dags/example_skip_dag.py took 0.062 seconds
[2023-08-24T04:24:59.263+0000] {processor.py:157} INFO - Started process (PID=103) to work on /home/airflow/.local/lib/python3.8/site-packages/airflow/example_dags/example_skip_dag.py
[2023-08-24T04:24:59.264+0000] {processor.py:829} INFO - Processing file /home/airflow/.local/lib/python3.8/site-packages/airflow/example_dags/example_skip_dag.py for tasks to queue
[2023-08-24T04:24:59.266+0000] {logging_mixin.py:151} INFO - [2023-08-24T04:24:59.265+0000] {dagbag.py:539} INFO - Filling up the DagBag from /home/airflow/.local/lib/python3.8/site-packages/airflow/example_dags/example_skip_dag.py
[2023-08-24T04:24:59.270+0000] {processor.py:839} INFO - DAG(s) dict_keys(['example_skip_dag']) retrieved from /home/airflow/.local/lib/python3.8/site-packages/airflow/example_dags/example_skip_dag.py
[2023-08-24T04:24:59.287+0000] {logging_mixin.py:151} INFO - [2023-08-24T04:24:59.286+0000] {dag.py:2907} INFO - Sync 1 DAGs
[2023-08-24T04:24:59.299+0000] {logging_mixin.py:151} INFO - [2023-08-24T04:24:59.299+0000] {dag.py:3677} INFO - Setting next_dagrun for example_skip_dag to 2023-08-23T04:24:59.299313+00:00, run_after=2023-08-24T04:24:59.299313+00:00
[2023-08-24T04:24:59.310+0000] {processor.py:179} INFO - Processing /home/airflow/.local/lib/python3.8/site-packages/airflow/example_dags/example_skip_dag.py took 0.051 seconds
[2023-08-24T04:26:38.875+0000] {processor.py:157} INFO - Started process (PID=40) to work on /home/airflow/.local/lib/python3.8/site-packages/airflow/example_dags/example_skip_dag.py
[2023-08-24T04:26:38.877+0000] {processor.py:829} INFO - Processing file /home/airflow/.local/lib/python3.8/site-packages/airflow/example_dags/example_skip_dag.py for tasks to queue
[2023-08-24T04:26:38.981+0000] {logging_mixin.py:151} INFO - [2023-08-24T04:26:38.981+0000] {dagbag.py:539} INFO - Filling up the DagBag from /home/airflow/.local/lib/python3.8/site-packages/airflow/example_dags/example_skip_dag.py
[2023-08-24T04:26:38.985+0000] {processor.py:839} INFO - DAG(s) dict_keys(['example_skip_dag']) retrieved from /home/airflow/.local/lib/python3.8/site-packages/airflow/example_dags/example_skip_dag.py
[2023-08-24T04:26:38.996+0000] {logging_mixin.py:151} INFO - [2023-08-24T04:26:38.996+0000] {dag.py:2907} INFO - Sync 1 DAGs
[2023-08-24T04:26:39.009+0000] {logging_mixin.py:151} INFO - [2023-08-24T04:26:39.008+0000] {dag.py:3677} INFO - Setting next_dagrun for example_skip_dag to 2023-08-23T04:26:39.008792+00:00, run_after=2023-08-24T04:26:39.008792+00:00
[2023-08-24T04:26:39.022+0000] {processor.py:179} INFO - Processing /home/airflow/.local/lib/python3.8/site-packages/airflow/example_dags/example_skip_dag.py took 0.149 seconds
[2023-08-24T04:27:09.263+0000] {processor.py:157} INFO - Started process (PID=102) to work on /home/airflow/.local/lib/python3.8/site-packages/airflow/example_dags/example_skip_dag.py
[2023-08-24T04:27:09.265+0000] {processor.py:829} INFO - Processing file /home/airflow/.local/lib/python3.8/site-packages/airflow/example_dags/example_skip_dag.py for tasks to queue
[2023-08-24T04:27:09.268+0000] {logging_mixin.py:151} INFO - [2023-08-24T04:27:09.267+0000] {dagbag.py:539} INFO - Filling up the DagBag from /home/airflow/.local/lib/python3.8/site-packages/airflow/example_dags/example_skip_dag.py
[2023-08-24T04:27:09.275+0000] {processor.py:839} INFO - DAG(s) dict_keys(['example_skip_dag']) retrieved from /home/airflow/.local/lib/python3.8/site-packages/airflow/example_dags/example_skip_dag.py
[2023-08-24T04:27:09.295+0000] {logging_mixin.py:151} INFO - [2023-08-24T04:27:09.295+0000] {dag.py:2907} INFO - Sync 1 DAGs
[2023-08-24T04:27:09.307+0000] {logging_mixin.py:151} INFO - [2023-08-24T04:27:09.307+0000] {dag.py:3677} INFO - Setting next_dagrun for example_skip_dag to 2023-08-23T04:27:09.307237+00:00, run_after=2023-08-24T04:27:09.307237+00:00
[2023-08-24T04:27:09.317+0000] {processor.py:179} INFO - Processing /home/airflow/.local/lib/python3.8/site-packages/airflow/example_dags/example_skip_dag.py took 0.059 seconds
