[2023-08-24T03:04:54.272+0000] {processor.py:157} INFO - Started process (PID=62) to work on /home/airflow/.local/lib/python3.8/site-packages/airflow/example_dags/example_setup_teardown_taskflow.py
[2023-08-24T03:04:54.273+0000] {processor.py:829} INFO - Processing file /home/airflow/.local/lib/python3.8/site-packages/airflow/example_dags/example_setup_teardown_taskflow.py for tasks to queue
[2023-08-24T03:04:54.275+0000] {logging_mixin.py:151} INFO - [2023-08-24T03:04:54.275+0000] {dagbag.py:539} INFO - Filling up the DagBag from /home/airflow/.local/lib/python3.8/site-packages/airflow/example_dags/example_setup_teardown_taskflow.py
[2023-08-24T03:04:54.283+0000] {processor.py:839} INFO - DAG(s) dict_keys(['example_setup_teardown_taskflow']) retrieved from /home/airflow/.local/lib/python3.8/site-packages/airflow/example_dags/example_setup_teardown_taskflow.py
[2023-08-24T03:04:54.298+0000] {logging_mixin.py:151} INFO - [2023-08-24T03:04:54.298+0000] {dag.py:2907} INFO - Sync 1 DAGs
[2023-08-24T03:04:54.317+0000] {logging_mixin.py:151} INFO - [2023-08-24T03:04:54.317+0000] {dag.py:3677} INFO - Setting next_dagrun for example_setup_teardown_taskflow to 2023-08-23T03:04:54.316948+00:00, run_after=2023-08-24T03:04:54.316948+00:00
[2023-08-24T03:04:54.331+0000] {processor.py:179} INFO - Processing /home/airflow/.local/lib/python3.8/site-packages/airflow/example_dags/example_setup_teardown_taskflow.py took 0.062 seconds
[2023-08-24T03:05:24.796+0000] {processor.py:157} INFO - Started process (PID=125) to work on /home/airflow/.local/lib/python3.8/site-packages/airflow/example_dags/example_setup_teardown_taskflow.py
[2023-08-24T03:05:24.797+0000] {processor.py:829} INFO - Processing file /home/airflow/.local/lib/python3.8/site-packages/airflow/example_dags/example_setup_teardown_taskflow.py for tasks to queue
[2023-08-24T03:05:24.799+0000] {logging_mixin.py:151} INFO - [2023-08-24T03:05:24.799+0000] {dagbag.py:539} INFO - Filling up the DagBag from /home/airflow/.local/lib/python3.8/site-packages/airflow/example_dags/example_setup_teardown_taskflow.py
[2023-08-24T03:05:24.806+0000] {processor.py:839} INFO - DAG(s) dict_keys(['example_setup_teardown_taskflow']) retrieved from /home/airflow/.local/lib/python3.8/site-packages/airflow/example_dags/example_setup_teardown_taskflow.py
[2023-08-24T03:05:24.823+0000] {logging_mixin.py:151} INFO - [2023-08-24T03:05:24.822+0000] {dag.py:2907} INFO - Sync 1 DAGs
[2023-08-24T03:05:24.836+0000] {logging_mixin.py:151} INFO - [2023-08-24T03:05:24.836+0000] {dag.py:3677} INFO - Setting next_dagrun for example_setup_teardown_taskflow to 2023-08-23T03:05:24.836588+00:00, run_after=2023-08-24T03:05:24.836588+00:00
[2023-08-24T03:05:24.847+0000] {processor.py:179} INFO - Processing /home/airflow/.local/lib/python3.8/site-packages/airflow/example_dags/example_setup_teardown_taskflow.py took 0.054 seconds
[2023-08-24T03:05:55.747+0000] {processor.py:157} INFO - Started process (PID=188) to work on /home/airflow/.local/lib/python3.8/site-packages/airflow/example_dags/example_setup_teardown_taskflow.py
[2023-08-24T03:05:55.748+0000] {processor.py:829} INFO - Processing file /home/airflow/.local/lib/python3.8/site-packages/airflow/example_dags/example_setup_teardown_taskflow.py for tasks to queue
[2023-08-24T03:05:55.750+0000] {logging_mixin.py:151} INFO - [2023-08-24T03:05:55.750+0000] {dagbag.py:539} INFO - Filling up the DagBag from /home/airflow/.local/lib/python3.8/site-packages/airflow/example_dags/example_setup_teardown_taskflow.py
[2023-08-24T03:05:55.756+0000] {processor.py:839} INFO - DAG(s) dict_keys(['example_setup_teardown_taskflow']) retrieved from /home/airflow/.local/lib/python3.8/site-packages/airflow/example_dags/example_setup_teardown_taskflow.py
[2023-08-24T03:05:55.773+0000] {logging_mixin.py:151} INFO - [2023-08-24T03:05:55.773+0000] {dag.py:2907} INFO - Sync 1 DAGs
[2023-08-24T03:05:55.787+0000] {logging_mixin.py:151} INFO - [2023-08-24T03:05:55.787+0000] {dag.py:3677} INFO - Setting next_dagrun for example_setup_teardown_taskflow to 2023-08-23T03:05:55.787431+00:00, run_after=2023-08-24T03:05:55.787431+00:00
[2023-08-24T03:05:55.799+0000] {processor.py:179} INFO - Processing /home/airflow/.local/lib/python3.8/site-packages/airflow/example_dags/example_setup_teardown_taskflow.py took 0.056 seconds
[2023-08-24T03:06:26.738+0000] {processor.py:157} INFO - Started process (PID=251) to work on /home/airflow/.local/lib/python3.8/site-packages/airflow/example_dags/example_setup_teardown_taskflow.py
[2023-08-24T03:06:26.739+0000] {processor.py:829} INFO - Processing file /home/airflow/.local/lib/python3.8/site-packages/airflow/example_dags/example_setup_teardown_taskflow.py for tasks to queue
[2023-08-24T03:06:26.741+0000] {logging_mixin.py:151} INFO - [2023-08-24T03:06:26.740+0000] {dagbag.py:539} INFO - Filling up the DagBag from /home/airflow/.local/lib/python3.8/site-packages/airflow/example_dags/example_setup_teardown_taskflow.py
[2023-08-24T03:06:26.748+0000] {processor.py:839} INFO - DAG(s) dict_keys(['example_setup_teardown_taskflow']) retrieved from /home/airflow/.local/lib/python3.8/site-packages/airflow/example_dags/example_setup_teardown_taskflow.py
[2023-08-24T03:06:26.765+0000] {logging_mixin.py:151} INFO - [2023-08-24T03:06:26.765+0000] {dag.py:2907} INFO - Sync 1 DAGs
[2023-08-24T03:06:26.778+0000] {logging_mixin.py:151} INFO - [2023-08-24T03:06:26.778+0000] {dag.py:3677} INFO - Setting next_dagrun for example_setup_teardown_taskflow to 2023-08-23T03:06:26.778301+00:00, run_after=2023-08-24T03:06:26.778301+00:00
[2023-08-24T03:06:26.789+0000] {processor.py:179} INFO - Processing /home/airflow/.local/lib/python3.8/site-packages/airflow/example_dags/example_setup_teardown_taskflow.py took 0.054 seconds
[2023-08-24T03:06:57.542+0000] {processor.py:157} INFO - Started process (PID=314) to work on /home/airflow/.local/lib/python3.8/site-packages/airflow/example_dags/example_setup_teardown_taskflow.py
[2023-08-24T03:06:57.543+0000] {processor.py:829} INFO - Processing file /home/airflow/.local/lib/python3.8/site-packages/airflow/example_dags/example_setup_teardown_taskflow.py for tasks to queue
[2023-08-24T03:06:57.545+0000] {logging_mixin.py:151} INFO - [2023-08-24T03:06:57.545+0000] {dagbag.py:539} INFO - Filling up the DagBag from /home/airflow/.local/lib/python3.8/site-packages/airflow/example_dags/example_setup_teardown_taskflow.py
[2023-08-24T03:06:57.551+0000] {processor.py:839} INFO - DAG(s) dict_keys(['example_setup_teardown_taskflow']) retrieved from /home/airflow/.local/lib/python3.8/site-packages/airflow/example_dags/example_setup_teardown_taskflow.py
[2023-08-24T03:06:57.569+0000] {logging_mixin.py:151} INFO - [2023-08-24T03:06:57.569+0000] {dag.py:2907} INFO - Sync 1 DAGs
[2023-08-24T03:06:57.582+0000] {logging_mixin.py:151} INFO - [2023-08-24T03:06:57.582+0000] {dag.py:3677} INFO - Setting next_dagrun for example_setup_teardown_taskflow to 2023-08-23T03:06:57.581971+00:00, run_after=2023-08-24T03:06:57.581971+00:00
[2023-08-24T03:06:57.593+0000] {processor.py:179} INFO - Processing /home/airflow/.local/lib/python3.8/site-packages/airflow/example_dags/example_setup_teardown_taskflow.py took 0.054 seconds
[2023-08-24T03:07:28.355+0000] {processor.py:157} INFO - Started process (PID=381) to work on /home/airflow/.local/lib/python3.8/site-packages/airflow/example_dags/example_setup_teardown_taskflow.py
[2023-08-24T03:07:28.356+0000] {processor.py:829} INFO - Processing file /home/airflow/.local/lib/python3.8/site-packages/airflow/example_dags/example_setup_teardown_taskflow.py for tasks to queue
[2023-08-24T03:07:28.358+0000] {logging_mixin.py:151} INFO - [2023-08-24T03:07:28.358+0000] {dagbag.py:539} INFO - Filling up the DagBag from /home/airflow/.local/lib/python3.8/site-packages/airflow/example_dags/example_setup_teardown_taskflow.py
[2023-08-24T03:07:28.364+0000] {processor.py:839} INFO - DAG(s) dict_keys(['example_setup_teardown_taskflow']) retrieved from /home/airflow/.local/lib/python3.8/site-packages/airflow/example_dags/example_setup_teardown_taskflow.py
[2023-08-24T03:07:28.381+0000] {logging_mixin.py:151} INFO - [2023-08-24T03:07:28.381+0000] {dag.py:2907} INFO - Sync 1 DAGs
[2023-08-24T03:07:28.394+0000] {logging_mixin.py:151} INFO - [2023-08-24T03:07:28.394+0000] {dag.py:3677} INFO - Setting next_dagrun for example_setup_teardown_taskflow to 2023-08-23T03:07:28.394458+00:00, run_after=2023-08-24T03:07:28.394458+00:00
[2023-08-24T03:07:28.404+0000] {processor.py:179} INFO - Processing /home/airflow/.local/lib/python3.8/site-packages/airflow/example_dags/example_setup_teardown_taskflow.py took 0.051 seconds
[2023-08-24T03:07:59.038+0000] {processor.py:157} INFO - Started process (PID=444) to work on /home/airflow/.local/lib/python3.8/site-packages/airflow/example_dags/example_setup_teardown_taskflow.py
[2023-08-24T03:07:59.039+0000] {processor.py:829} INFO - Processing file /home/airflow/.local/lib/python3.8/site-packages/airflow/example_dags/example_setup_teardown_taskflow.py for tasks to queue
[2023-08-24T03:07:59.041+0000] {logging_mixin.py:151} INFO - [2023-08-24T03:07:59.041+0000] {dagbag.py:539} INFO - Filling up the DagBag from /home/airflow/.local/lib/python3.8/site-packages/airflow/example_dags/example_setup_teardown_taskflow.py
[2023-08-24T03:07:59.047+0000] {processor.py:839} INFO - DAG(s) dict_keys(['example_setup_teardown_taskflow']) retrieved from /home/airflow/.local/lib/python3.8/site-packages/airflow/example_dags/example_setup_teardown_taskflow.py
[2023-08-24T03:07:59.064+0000] {logging_mixin.py:151} INFO - [2023-08-24T03:07:59.064+0000] {dag.py:2907} INFO - Sync 1 DAGs
[2023-08-24T03:07:59.077+0000] {logging_mixin.py:151} INFO - [2023-08-24T03:07:59.077+0000] {dag.py:3677} INFO - Setting next_dagrun for example_setup_teardown_taskflow to 2023-08-23T03:07:59.077502+00:00, run_after=2023-08-24T03:07:59.077502+00:00
[2023-08-24T03:07:59.088+0000] {processor.py:179} INFO - Processing /home/airflow/.local/lib/python3.8/site-packages/airflow/example_dags/example_setup_teardown_taskflow.py took 0.053 seconds
[2023-08-24T03:08:29.883+0000] {processor.py:157} INFO - Started process (PID=508) to work on /home/airflow/.local/lib/python3.8/site-packages/airflow/example_dags/example_setup_teardown_taskflow.py
[2023-08-24T03:08:29.885+0000] {processor.py:829} INFO - Processing file /home/airflow/.local/lib/python3.8/site-packages/airflow/example_dags/example_setup_teardown_taskflow.py for tasks to queue
[2023-08-24T03:08:29.887+0000] {logging_mixin.py:151} INFO - [2023-08-24T03:08:29.886+0000] {dagbag.py:539} INFO - Filling up the DagBag from /home/airflow/.local/lib/python3.8/site-packages/airflow/example_dags/example_setup_teardown_taskflow.py
[2023-08-24T03:08:29.894+0000] {processor.py:839} INFO - DAG(s) dict_keys(['example_setup_teardown_taskflow']) retrieved from /home/airflow/.local/lib/python3.8/site-packages/airflow/example_dags/example_setup_teardown_taskflow.py
[2023-08-24T03:08:29.912+0000] {logging_mixin.py:151} INFO - [2023-08-24T03:08:29.911+0000] {dag.py:2907} INFO - Sync 1 DAGs
[2023-08-24T03:08:29.925+0000] {logging_mixin.py:151} INFO - [2023-08-24T03:08:29.925+0000] {dag.py:3677} INFO - Setting next_dagrun for example_setup_teardown_taskflow to 2023-08-23T03:08:29.925083+00:00, run_after=2023-08-24T03:08:29.925083+00:00
[2023-08-24T03:08:29.936+0000] {processor.py:179} INFO - Processing /home/airflow/.local/lib/python3.8/site-packages/airflow/example_dags/example_setup_teardown_taskflow.py took 0.055 seconds
[2023-08-24T03:09:00.732+0000] {processor.py:157} INFO - Started process (PID=571) to work on /home/airflow/.local/lib/python3.8/site-packages/airflow/example_dags/example_setup_teardown_taskflow.py
[2023-08-24T03:09:00.733+0000] {processor.py:829} INFO - Processing file /home/airflow/.local/lib/python3.8/site-packages/airflow/example_dags/example_setup_teardown_taskflow.py for tasks to queue
[2023-08-24T03:09:00.735+0000] {logging_mixin.py:151} INFO - [2023-08-24T03:09:00.735+0000] {dagbag.py:539} INFO - Filling up the DagBag from /home/airflow/.local/lib/python3.8/site-packages/airflow/example_dags/example_setup_teardown_taskflow.py
[2023-08-24T03:09:00.741+0000] {processor.py:839} INFO - DAG(s) dict_keys(['example_setup_teardown_taskflow']) retrieved from /home/airflow/.local/lib/python3.8/site-packages/airflow/example_dags/example_setup_teardown_taskflow.py
[2023-08-24T03:09:00.759+0000] {logging_mixin.py:151} INFO - [2023-08-24T03:09:00.758+0000] {dag.py:2907} INFO - Sync 1 DAGs
[2023-08-24T03:09:00.773+0000] {logging_mixin.py:151} INFO - [2023-08-24T03:09:00.772+0000] {dag.py:3677} INFO - Setting next_dagrun for example_setup_teardown_taskflow to 2023-08-23T03:09:00.772723+00:00, run_after=2023-08-24T03:09:00.772723+00:00
[2023-08-24T03:09:00.785+0000] {processor.py:179} INFO - Processing /home/airflow/.local/lib/python3.8/site-packages/airflow/example_dags/example_setup_teardown_taskflow.py took 0.056 seconds
[2023-08-24T03:16:30.069+0000] {processor.py:157} INFO - Started process (PID=63) to work on /home/airflow/.local/lib/python3.8/site-packages/airflow/example_dags/example_setup_teardown_taskflow.py
[2023-08-24T03:16:30.070+0000] {processor.py:829} INFO - Processing file /home/airflow/.local/lib/python3.8/site-packages/airflow/example_dags/example_setup_teardown_taskflow.py for tasks to queue
[2023-08-24T03:16:30.072+0000] {logging_mixin.py:151} INFO - [2023-08-24T03:16:30.072+0000] {dagbag.py:539} INFO - Filling up the DagBag from /home/airflow/.local/lib/python3.8/site-packages/airflow/example_dags/example_setup_teardown_taskflow.py
[2023-08-24T03:16:30.079+0000] {processor.py:839} INFO - DAG(s) dict_keys(['example_setup_teardown_taskflow']) retrieved from /home/airflow/.local/lib/python3.8/site-packages/airflow/example_dags/example_setup_teardown_taskflow.py
[2023-08-24T03:16:30.090+0000] {logging_mixin.py:151} INFO - [2023-08-24T03:16:30.090+0000] {dag.py:2907} INFO - Sync 1 DAGs
[2023-08-24T03:16:30.105+0000] {logging_mixin.py:151} INFO - [2023-08-24T03:16:30.105+0000] {dag.py:3677} INFO - Setting next_dagrun for example_setup_teardown_taskflow to 2023-08-23T03:16:30.105064+00:00, run_after=2023-08-24T03:16:30.105064+00:00
[2023-08-24T03:16:30.115+0000] {processor.py:179} INFO - Processing /home/airflow/.local/lib/python3.8/site-packages/airflow/example_dags/example_setup_teardown_taskflow.py took 0.050 seconds
[2023-08-24T03:17:00.211+0000] {processor.py:157} INFO - Started process (PID=126) to work on /home/airflow/.local/lib/python3.8/site-packages/airflow/example_dags/example_setup_teardown_taskflow.py
[2023-08-24T03:17:00.212+0000] {processor.py:829} INFO - Processing file /home/airflow/.local/lib/python3.8/site-packages/airflow/example_dags/example_setup_teardown_taskflow.py for tasks to queue
[2023-08-24T03:17:00.214+0000] {logging_mixin.py:151} INFO - [2023-08-24T03:17:00.214+0000] {dagbag.py:539} INFO - Filling up the DagBag from /home/airflow/.local/lib/python3.8/site-packages/airflow/example_dags/example_setup_teardown_taskflow.py
[2023-08-24T03:17:00.221+0000] {processor.py:839} INFO - DAG(s) dict_keys(['example_setup_teardown_taskflow']) retrieved from /home/airflow/.local/lib/python3.8/site-packages/airflow/example_dags/example_setup_teardown_taskflow.py
[2023-08-24T03:17:00.239+0000] {logging_mixin.py:151} INFO - [2023-08-24T03:17:00.238+0000] {dag.py:2907} INFO - Sync 1 DAGs
[2023-08-24T03:17:00.254+0000] {logging_mixin.py:151} INFO - [2023-08-24T03:17:00.254+0000] {dag.py:3677} INFO - Setting next_dagrun for example_setup_teardown_taskflow to 2023-08-23T03:17:00.254127+00:00, run_after=2023-08-24T03:17:00.254127+00:00
[2023-08-24T03:17:00.264+0000] {processor.py:179} INFO - Processing /home/airflow/.local/lib/python3.8/site-packages/airflow/example_dags/example_setup_teardown_taskflow.py took 0.056 seconds
[2023-08-24T03:17:30.908+0000] {processor.py:157} INFO - Started process (PID=189) to work on /home/airflow/.local/lib/python3.8/site-packages/airflow/example_dags/example_setup_teardown_taskflow.py
[2023-08-24T03:17:30.909+0000] {processor.py:829} INFO - Processing file /home/airflow/.local/lib/python3.8/site-packages/airflow/example_dags/example_setup_teardown_taskflow.py for tasks to queue
[2023-08-24T03:17:30.911+0000] {logging_mixin.py:151} INFO - [2023-08-24T03:17:30.910+0000] {dagbag.py:539} INFO - Filling up the DagBag from /home/airflow/.local/lib/python3.8/site-packages/airflow/example_dags/example_setup_teardown_taskflow.py
[2023-08-24T03:17:30.917+0000] {processor.py:839} INFO - DAG(s) dict_keys(['example_setup_teardown_taskflow']) retrieved from /home/airflow/.local/lib/python3.8/site-packages/airflow/example_dags/example_setup_teardown_taskflow.py
[2023-08-24T03:17:30.934+0000] {logging_mixin.py:151} INFO - [2023-08-24T03:17:30.933+0000] {dag.py:2907} INFO - Sync 1 DAGs
[2023-08-24T03:17:30.946+0000] {logging_mixin.py:151} INFO - [2023-08-24T03:17:30.946+0000] {dag.py:3677} INFO - Setting next_dagrun for example_setup_teardown_taskflow to 2023-08-23T03:17:30.946315+00:00, run_after=2023-08-24T03:17:30.946315+00:00
[2023-08-24T03:17:30.958+0000] {processor.py:179} INFO - Processing /home/airflow/.local/lib/python3.8/site-packages/airflow/example_dags/example_setup_teardown_taskflow.py took 0.053 seconds
[2023-08-24T03:18:01.758+0000] {processor.py:157} INFO - Started process (PID=252) to work on /home/airflow/.local/lib/python3.8/site-packages/airflow/example_dags/example_setup_teardown_taskflow.py
[2023-08-24T03:18:01.759+0000] {processor.py:829} INFO - Processing file /home/airflow/.local/lib/python3.8/site-packages/airflow/example_dags/example_setup_teardown_taskflow.py for tasks to queue
[2023-08-24T03:18:01.762+0000] {logging_mixin.py:151} INFO - [2023-08-24T03:18:01.761+0000] {dagbag.py:539} INFO - Filling up the DagBag from /home/airflow/.local/lib/python3.8/site-packages/airflow/example_dags/example_setup_teardown_taskflow.py
[2023-08-24T03:18:01.769+0000] {processor.py:839} INFO - DAG(s) dict_keys(['example_setup_teardown_taskflow']) retrieved from /home/airflow/.local/lib/python3.8/site-packages/airflow/example_dags/example_setup_teardown_taskflow.py
[2023-08-24T03:18:01.789+0000] {logging_mixin.py:151} INFO - [2023-08-24T03:18:01.789+0000] {dag.py:2907} INFO - Sync 1 DAGs
[2023-08-24T03:18:01.803+0000] {logging_mixin.py:151} INFO - [2023-08-24T03:18:01.803+0000] {dag.py:3677} INFO - Setting next_dagrun for example_setup_teardown_taskflow to 2023-08-23T03:18:01.803590+00:00, run_after=2023-08-24T03:18:01.803590+00:00
[2023-08-24T03:18:01.816+0000] {processor.py:179} INFO - Processing /home/airflow/.local/lib/python3.8/site-packages/airflow/example_dags/example_setup_teardown_taskflow.py took 0.061 seconds
[2023-08-24T03:19:16.291+0000] {processor.py:157} INFO - Started process (PID=62) to work on /home/airflow/.local/lib/python3.8/site-packages/airflow/example_dags/example_setup_teardown_taskflow.py
[2023-08-24T03:19:16.293+0000] {processor.py:829} INFO - Processing file /home/airflow/.local/lib/python3.8/site-packages/airflow/example_dags/example_setup_teardown_taskflow.py for tasks to queue
[2023-08-24T03:19:16.295+0000] {logging_mixin.py:151} INFO - [2023-08-24T03:19:16.295+0000] {dagbag.py:539} INFO - Filling up the DagBag from /home/airflow/.local/lib/python3.8/site-packages/airflow/example_dags/example_setup_teardown_taskflow.py
[2023-08-24T03:19:16.302+0000] {processor.py:839} INFO - DAG(s) dict_keys(['example_setup_teardown_taskflow']) retrieved from /home/airflow/.local/lib/python3.8/site-packages/airflow/example_dags/example_setup_teardown_taskflow.py
[2023-08-24T03:19:16.321+0000] {logging_mixin.py:151} INFO - [2023-08-24T03:19:16.321+0000] {dag.py:2907} INFO - Sync 1 DAGs
[2023-08-24T03:19:16.336+0000] {logging_mixin.py:151} INFO - [2023-08-24T03:19:16.336+0000] {dag.py:3677} INFO - Setting next_dagrun for example_setup_teardown_taskflow to 2023-08-23T03:19:16.336470+00:00, run_after=2023-08-24T03:19:16.336470+00:00
[2023-08-24T03:19:16.348+0000] {processor.py:179} INFO - Processing /home/airflow/.local/lib/python3.8/site-packages/airflow/example_dags/example_setup_teardown_taskflow.py took 0.059 seconds
[2023-08-24T03:22:56.875+0000] {processor.py:157} INFO - Started process (PID=61) to work on /home/airflow/.local/lib/python3.8/site-packages/airflow/example_dags/example_setup_teardown_taskflow.py
[2023-08-24T03:22:56.877+0000] {processor.py:829} INFO - Processing file /home/airflow/.local/lib/python3.8/site-packages/airflow/example_dags/example_setup_teardown_taskflow.py for tasks to queue
[2023-08-24T03:22:56.880+0000] {logging_mixin.py:151} INFO - [2023-08-24T03:22:56.879+0000] {dagbag.py:539} INFO - Filling up the DagBag from /home/airflow/.local/lib/python3.8/site-packages/airflow/example_dags/example_setup_teardown_taskflow.py
[2023-08-24T03:22:56.888+0000] {processor.py:839} INFO - DAG(s) dict_keys(['example_setup_teardown_taskflow']) retrieved from /home/airflow/.local/lib/python3.8/site-packages/airflow/example_dags/example_setup_teardown_taskflow.py
[2023-08-24T03:22:56.906+0000] {logging_mixin.py:151} INFO - [2023-08-24T03:22:56.906+0000] {dag.py:2907} INFO - Sync 1 DAGs
[2023-08-24T03:22:56.941+0000] {logging_mixin.py:151} INFO - [2023-08-24T03:22:56.940+0000] {dag.py:3677} INFO - Setting next_dagrun for example_setup_teardown_taskflow to 2023-08-23T03:22:56.940692+00:00, run_after=2023-08-24T03:22:56.940692+00:00
[2023-08-24T03:22:56.964+0000] {processor.py:179} INFO - Processing /home/airflow/.local/lib/python3.8/site-packages/airflow/example_dags/example_setup_teardown_taskflow.py took 0.093 seconds
[2023-08-24T03:23:27.276+0000] {processor.py:157} INFO - Started process (PID=124) to work on /home/airflow/.local/lib/python3.8/site-packages/airflow/example_dags/example_setup_teardown_taskflow.py
[2023-08-24T03:23:27.277+0000] {processor.py:829} INFO - Processing file /home/airflow/.local/lib/python3.8/site-packages/airflow/example_dags/example_setup_teardown_taskflow.py for tasks to queue
[2023-08-24T03:23:27.279+0000] {logging_mixin.py:151} INFO - [2023-08-24T03:23:27.278+0000] {dagbag.py:539} INFO - Filling up the DagBag from /home/airflow/.local/lib/python3.8/site-packages/airflow/example_dags/example_setup_teardown_taskflow.py
[2023-08-24T03:23:27.285+0000] {processor.py:839} INFO - DAG(s) dict_keys(['example_setup_teardown_taskflow']) retrieved from /home/airflow/.local/lib/python3.8/site-packages/airflow/example_dags/example_setup_teardown_taskflow.py
[2023-08-24T03:23:27.303+0000] {logging_mixin.py:151} INFO - [2023-08-24T03:23:27.303+0000] {dag.py:2907} INFO - Sync 1 DAGs
[2023-08-24T03:23:27.315+0000] {logging_mixin.py:151} INFO - [2023-08-24T03:23:27.315+0000] {dag.py:3677} INFO - Setting next_dagrun for example_setup_teardown_taskflow to 2023-08-23T03:23:27.314998+00:00, run_after=2023-08-24T03:23:27.314998+00:00
[2023-08-24T03:23:27.327+0000] {processor.py:179} INFO - Processing /home/airflow/.local/lib/python3.8/site-packages/airflow/example_dags/example_setup_teardown_taskflow.py took 0.054 seconds
[2023-08-24T03:59:48.970+0000] {processor.py:157} INFO - Started process (PID=62) to work on /home/airflow/.local/lib/python3.8/site-packages/airflow/example_dags/example_setup_teardown_taskflow.py
[2023-08-24T03:59:48.971+0000] {processor.py:829} INFO - Processing file /home/airflow/.local/lib/python3.8/site-packages/airflow/example_dags/example_setup_teardown_taskflow.py for tasks to queue
[2023-08-24T03:59:48.973+0000] {logging_mixin.py:151} INFO - [2023-08-24T03:59:48.973+0000] {dagbag.py:539} INFO - Filling up the DagBag from /home/airflow/.local/lib/python3.8/site-packages/airflow/example_dags/example_setup_teardown_taskflow.py
[2023-08-24T03:59:48.981+0000] {processor.py:839} INFO - DAG(s) dict_keys(['example_setup_teardown_taskflow']) retrieved from /home/airflow/.local/lib/python3.8/site-packages/airflow/example_dags/example_setup_teardown_taskflow.py
[2023-08-24T03:59:48.993+0000] {logging_mixin.py:151} INFO - [2023-08-24T03:59:48.993+0000] {dag.py:2907} INFO - Sync 1 DAGs
[2023-08-24T03:59:49.009+0000] {logging_mixin.py:151} INFO - [2023-08-24T03:59:49.009+0000] {dag.py:3677} INFO - Setting next_dagrun for example_setup_teardown_taskflow to 2023-08-23T03:59:49.008790+00:00, run_after=2023-08-24T03:59:49.008790+00:00
[2023-08-24T03:59:49.021+0000] {processor.py:179} INFO - Processing /home/airflow/.local/lib/python3.8/site-packages/airflow/example_dags/example_setup_teardown_taskflow.py took 0.054 seconds
[2023-08-24T04:00:19.231+0000] {processor.py:157} INFO - Started process (PID=125) to work on /home/airflow/.local/lib/python3.8/site-packages/airflow/example_dags/example_setup_teardown_taskflow.py
[2023-08-24T04:00:19.232+0000] {processor.py:829} INFO - Processing file /home/airflow/.local/lib/python3.8/site-packages/airflow/example_dags/example_setup_teardown_taskflow.py for tasks to queue
[2023-08-24T04:00:19.234+0000] {logging_mixin.py:151} INFO - [2023-08-24T04:00:19.234+0000] {dagbag.py:539} INFO - Filling up the DagBag from /home/airflow/.local/lib/python3.8/site-packages/airflow/example_dags/example_setup_teardown_taskflow.py
[2023-08-24T04:00:19.242+0000] {processor.py:839} INFO - DAG(s) dict_keys(['example_setup_teardown_taskflow']) retrieved from /home/airflow/.local/lib/python3.8/site-packages/airflow/example_dags/example_setup_teardown_taskflow.py
[2023-08-24T04:00:19.258+0000] {logging_mixin.py:151} INFO - [2023-08-24T04:00:19.258+0000] {dag.py:2907} INFO - Sync 1 DAGs
[2023-08-24T04:00:19.270+0000] {logging_mixin.py:151} INFO - [2023-08-24T04:00:19.270+0000] {dag.py:3677} INFO - Setting next_dagrun for example_setup_teardown_taskflow to 2023-08-23T04:00:19.270529+00:00, run_after=2023-08-24T04:00:19.270529+00:00
[2023-08-24T04:00:19.280+0000] {processor.py:179} INFO - Processing /home/airflow/.local/lib/python3.8/site-packages/airflow/example_dags/example_setup_teardown_taskflow.py took 0.052 seconds
[2023-08-24T04:00:50.035+0000] {processor.py:157} INFO - Started process (PID=188) to work on /home/airflow/.local/lib/python3.8/site-packages/airflow/example_dags/example_setup_teardown_taskflow.py
[2023-08-24T04:00:50.036+0000] {processor.py:829} INFO - Processing file /home/airflow/.local/lib/python3.8/site-packages/airflow/example_dags/example_setup_teardown_taskflow.py for tasks to queue
[2023-08-24T04:00:50.038+0000] {logging_mixin.py:151} INFO - [2023-08-24T04:00:50.038+0000] {dagbag.py:539} INFO - Filling up the DagBag from /home/airflow/.local/lib/python3.8/site-packages/airflow/example_dags/example_setup_teardown_taskflow.py
[2023-08-24T04:00:50.045+0000] {processor.py:839} INFO - DAG(s) dict_keys(['example_setup_teardown_taskflow']) retrieved from /home/airflow/.local/lib/python3.8/site-packages/airflow/example_dags/example_setup_teardown_taskflow.py
[2023-08-24T04:00:50.065+0000] {logging_mixin.py:151} INFO - [2023-08-24T04:00:50.065+0000] {dag.py:2907} INFO - Sync 1 DAGs
[2023-08-24T04:00:50.080+0000] {logging_mixin.py:151} INFO - [2023-08-24T04:00:50.079+0000] {dag.py:3677} INFO - Setting next_dagrun for example_setup_teardown_taskflow to 2023-08-23T04:00:50.079738+00:00, run_after=2023-08-24T04:00:50.079738+00:00
[2023-08-24T04:00:50.093+0000] {processor.py:179} INFO - Processing /home/airflow/.local/lib/python3.8/site-packages/airflow/example_dags/example_setup_teardown_taskflow.py took 0.061 seconds
[2023-08-24T04:01:20.732+0000] {processor.py:157} INFO - Started process (PID=251) to work on /home/airflow/.local/lib/python3.8/site-packages/airflow/example_dags/example_setup_teardown_taskflow.py
[2023-08-24T04:01:20.733+0000] {processor.py:829} INFO - Processing file /home/airflow/.local/lib/python3.8/site-packages/airflow/example_dags/example_setup_teardown_taskflow.py for tasks to queue
[2023-08-24T04:01:20.735+0000] {logging_mixin.py:151} INFO - [2023-08-24T04:01:20.735+0000] {dagbag.py:539} INFO - Filling up the DagBag from /home/airflow/.local/lib/python3.8/site-packages/airflow/example_dags/example_setup_teardown_taskflow.py
[2023-08-24T04:01:20.741+0000] {processor.py:839} INFO - DAG(s) dict_keys(['example_setup_teardown_taskflow']) retrieved from /home/airflow/.local/lib/python3.8/site-packages/airflow/example_dags/example_setup_teardown_taskflow.py
[2023-08-24T04:01:20.757+0000] {logging_mixin.py:151} INFO - [2023-08-24T04:01:20.757+0000] {dag.py:2907} INFO - Sync 1 DAGs
[2023-08-24T04:01:20.770+0000] {logging_mixin.py:151} INFO - [2023-08-24T04:01:20.770+0000] {dag.py:3677} INFO - Setting next_dagrun for example_setup_teardown_taskflow to 2023-08-23T04:01:20.770445+00:00, run_after=2023-08-24T04:01:20.770445+00:00
[2023-08-24T04:01:20.781+0000] {processor.py:179} INFO - Processing /home/airflow/.local/lib/python3.8/site-packages/airflow/example_dags/example_setup_teardown_taskflow.py took 0.051 seconds
[2023-08-24T04:01:51.635+0000] {processor.py:157} INFO - Started process (PID=314) to work on /home/airflow/.local/lib/python3.8/site-packages/airflow/example_dags/example_setup_teardown_taskflow.py
[2023-08-24T04:01:51.636+0000] {processor.py:829} INFO - Processing file /home/airflow/.local/lib/python3.8/site-packages/airflow/example_dags/example_setup_teardown_taskflow.py for tasks to queue
[2023-08-24T04:01:51.639+0000] {logging_mixin.py:151} INFO - [2023-08-24T04:01:51.638+0000] {dagbag.py:539} INFO - Filling up the DagBag from /home/airflow/.local/lib/python3.8/site-packages/airflow/example_dags/example_setup_teardown_taskflow.py
[2023-08-24T04:01:51.645+0000] {processor.py:839} INFO - DAG(s) dict_keys(['example_setup_teardown_taskflow']) retrieved from /home/airflow/.local/lib/python3.8/site-packages/airflow/example_dags/example_setup_teardown_taskflow.py
[2023-08-24T04:01:51.662+0000] {logging_mixin.py:151} INFO - [2023-08-24T04:01:51.662+0000] {dag.py:2907} INFO - Sync 1 DAGs
[2023-08-24T04:01:51.675+0000] {logging_mixin.py:151} INFO - [2023-08-24T04:01:51.675+0000] {dag.py:3677} INFO - Setting next_dagrun for example_setup_teardown_taskflow to 2023-08-23T04:01:51.675425+00:00, run_after=2023-08-24T04:01:51.675425+00:00
[2023-08-24T04:01:51.685+0000] {processor.py:179} INFO - Processing /home/airflow/.local/lib/python3.8/site-packages/airflow/example_dags/example_setup_teardown_taskflow.py took 0.053 seconds
[2023-08-24T04:02:22.526+0000] {processor.py:157} INFO - Started process (PID=377) to work on /home/airflow/.local/lib/python3.8/site-packages/airflow/example_dags/example_setup_teardown_taskflow.py
[2023-08-24T04:02:22.527+0000] {processor.py:829} INFO - Processing file /home/airflow/.local/lib/python3.8/site-packages/airflow/example_dags/example_setup_teardown_taskflow.py for tasks to queue
[2023-08-24T04:02:22.529+0000] {logging_mixin.py:151} INFO - [2023-08-24T04:02:22.529+0000] {dagbag.py:539} INFO - Filling up the DagBag from /home/airflow/.local/lib/python3.8/site-packages/airflow/example_dags/example_setup_teardown_taskflow.py
[2023-08-24T04:02:22.535+0000] {processor.py:839} INFO - DAG(s) dict_keys(['example_setup_teardown_taskflow']) retrieved from /home/airflow/.local/lib/python3.8/site-packages/airflow/example_dags/example_setup_teardown_taskflow.py
[2023-08-24T04:02:22.551+0000] {logging_mixin.py:151} INFO - [2023-08-24T04:02:22.551+0000] {dag.py:2907} INFO - Sync 1 DAGs
[2023-08-24T04:02:22.564+0000] {logging_mixin.py:151} INFO - [2023-08-24T04:02:22.564+0000] {dag.py:3677} INFO - Setting next_dagrun for example_setup_teardown_taskflow to 2023-08-23T04:02:22.564315+00:00, run_after=2023-08-24T04:02:22.564315+00:00
[2023-08-24T04:02:22.575+0000] {processor.py:179} INFO - Processing /home/airflow/.local/lib/python3.8/site-packages/airflow/example_dags/example_setup_teardown_taskflow.py took 0.051 seconds
[2023-08-24T04:02:53.177+0000] {processor.py:157} INFO - Started process (PID=440) to work on /home/airflow/.local/lib/python3.8/site-packages/airflow/example_dags/example_setup_teardown_taskflow.py
[2023-08-24T04:02:53.179+0000] {processor.py:829} INFO - Processing file /home/airflow/.local/lib/python3.8/site-packages/airflow/example_dags/example_setup_teardown_taskflow.py for tasks to queue
[2023-08-24T04:02:53.181+0000] {logging_mixin.py:151} INFO - [2023-08-24T04:02:53.180+0000] {dagbag.py:539} INFO - Filling up the DagBag from /home/airflow/.local/lib/python3.8/site-packages/airflow/example_dags/example_setup_teardown_taskflow.py
[2023-08-24T04:02:53.188+0000] {processor.py:839} INFO - DAG(s) dict_keys(['example_setup_teardown_taskflow']) retrieved from /home/airflow/.local/lib/python3.8/site-packages/airflow/example_dags/example_setup_teardown_taskflow.py
[2023-08-24T04:02:53.205+0000] {logging_mixin.py:151} INFO - [2023-08-24T04:02:53.205+0000] {dag.py:2907} INFO - Sync 1 DAGs
[2023-08-24T04:02:53.217+0000] {logging_mixin.py:151} INFO - [2023-08-24T04:02:53.217+0000] {dag.py:3677} INFO - Setting next_dagrun for example_setup_teardown_taskflow to 2023-08-23T04:02:53.217584+00:00, run_after=2023-08-24T04:02:53.217584+00:00
[2023-08-24T04:02:53.228+0000] {processor.py:179} INFO - Processing /home/airflow/.local/lib/python3.8/site-packages/airflow/example_dags/example_setup_teardown_taskflow.py took 0.053 seconds
[2023-08-24T04:03:23.789+0000] {processor.py:157} INFO - Started process (PID=503) to work on /home/airflow/.local/lib/python3.8/site-packages/airflow/example_dags/example_setup_teardown_taskflow.py
[2023-08-24T04:03:23.790+0000] {processor.py:829} INFO - Processing file /home/airflow/.local/lib/python3.8/site-packages/airflow/example_dags/example_setup_teardown_taskflow.py for tasks to queue
[2023-08-24T04:03:23.792+0000] {logging_mixin.py:151} INFO - [2023-08-24T04:03:23.791+0000] {dagbag.py:539} INFO - Filling up the DagBag from /home/airflow/.local/lib/python3.8/site-packages/airflow/example_dags/example_setup_teardown_taskflow.py
[2023-08-24T04:03:23.799+0000] {processor.py:839} INFO - DAG(s) dict_keys(['example_setup_teardown_taskflow']) retrieved from /home/airflow/.local/lib/python3.8/site-packages/airflow/example_dags/example_setup_teardown_taskflow.py
[2023-08-24T04:03:23.817+0000] {logging_mixin.py:151} INFO - [2023-08-24T04:03:23.817+0000] {dag.py:2907} INFO - Sync 1 DAGs
[2023-08-24T04:03:23.830+0000] {logging_mixin.py:151} INFO - [2023-08-24T04:03:23.830+0000] {dag.py:3677} INFO - Setting next_dagrun for example_setup_teardown_taskflow to 2023-08-23T04:03:23.829954+00:00, run_after=2023-08-24T04:03:23.829954+00:00
[2023-08-24T04:03:23.839+0000] {processor.py:179} INFO - Processing /home/airflow/.local/lib/python3.8/site-packages/airflow/example_dags/example_setup_teardown_taskflow.py took 0.053 seconds
[2023-08-24T04:03:54.586+0000] {processor.py:157} INFO - Started process (PID=566) to work on /home/airflow/.local/lib/python3.8/site-packages/airflow/example_dags/example_setup_teardown_taskflow.py
[2023-08-24T04:03:54.587+0000] {processor.py:829} INFO - Processing file /home/airflow/.local/lib/python3.8/site-packages/airflow/example_dags/example_setup_teardown_taskflow.py for tasks to queue
[2023-08-24T04:03:54.590+0000] {logging_mixin.py:151} INFO - [2023-08-24T04:03:54.589+0000] {dagbag.py:539} INFO - Filling up the DagBag from /home/airflow/.local/lib/python3.8/site-packages/airflow/example_dags/example_setup_teardown_taskflow.py
[2023-08-24T04:03:54.596+0000] {processor.py:839} INFO - DAG(s) dict_keys(['example_setup_teardown_taskflow']) retrieved from /home/airflow/.local/lib/python3.8/site-packages/airflow/example_dags/example_setup_teardown_taskflow.py
[2023-08-24T04:03:54.614+0000] {logging_mixin.py:151} INFO - [2023-08-24T04:03:54.613+0000] {dag.py:2907} INFO - Sync 1 DAGs
[2023-08-24T04:03:54.627+0000] {logging_mixin.py:151} INFO - [2023-08-24T04:03:54.627+0000] {dag.py:3677} INFO - Setting next_dagrun for example_setup_teardown_taskflow to 2023-08-23T04:03:54.627330+00:00, run_after=2023-08-24T04:03:54.627330+00:00
[2023-08-24T04:03:54.638+0000] {processor.py:179} INFO - Processing /home/airflow/.local/lib/python3.8/site-packages/airflow/example_dags/example_setup_teardown_taskflow.py took 0.055 seconds
[2023-08-24T04:04:25.284+0000] {processor.py:157} INFO - Started process (PID=629) to work on /home/airflow/.local/lib/python3.8/site-packages/airflow/example_dags/example_setup_teardown_taskflow.py
[2023-08-24T04:04:25.285+0000] {processor.py:829} INFO - Processing file /home/airflow/.local/lib/python3.8/site-packages/airflow/example_dags/example_setup_teardown_taskflow.py for tasks to queue
[2023-08-24T04:04:25.288+0000] {logging_mixin.py:151} INFO - [2023-08-24T04:04:25.287+0000] {dagbag.py:539} INFO - Filling up the DagBag from /home/airflow/.local/lib/python3.8/site-packages/airflow/example_dags/example_setup_teardown_taskflow.py
[2023-08-24T04:04:25.294+0000] {processor.py:839} INFO - DAG(s) dict_keys(['example_setup_teardown_taskflow']) retrieved from /home/airflow/.local/lib/python3.8/site-packages/airflow/example_dags/example_setup_teardown_taskflow.py
[2023-08-24T04:04:25.313+0000] {logging_mixin.py:151} INFO - [2023-08-24T04:04:25.312+0000] {dag.py:2907} INFO - Sync 1 DAGs
[2023-08-24T04:04:25.326+0000] {logging_mixin.py:151} INFO - [2023-08-24T04:04:25.325+0000] {dag.py:3677} INFO - Setting next_dagrun for example_setup_teardown_taskflow to 2023-08-23T04:04:25.325760+00:00, run_after=2023-08-24T04:04:25.325760+00:00
[2023-08-24T04:04:25.335+0000] {processor.py:179} INFO - Processing /home/airflow/.local/lib/python3.8/site-packages/airflow/example_dags/example_setup_teardown_taskflow.py took 0.054 seconds
[2023-08-24T04:04:56.332+0000] {processor.py:157} INFO - Started process (PID=692) to work on /home/airflow/.local/lib/python3.8/site-packages/airflow/example_dags/example_setup_teardown_taskflow.py
[2023-08-24T04:04:56.333+0000] {processor.py:829} INFO - Processing file /home/airflow/.local/lib/python3.8/site-packages/airflow/example_dags/example_setup_teardown_taskflow.py for tasks to queue
[2023-08-24T04:04:56.335+0000] {logging_mixin.py:151} INFO - [2023-08-24T04:04:56.334+0000] {dagbag.py:539} INFO - Filling up the DagBag from /home/airflow/.local/lib/python3.8/site-packages/airflow/example_dags/example_setup_teardown_taskflow.py
[2023-08-24T04:04:56.341+0000] {processor.py:839} INFO - DAG(s) dict_keys(['example_setup_teardown_taskflow']) retrieved from /home/airflow/.local/lib/python3.8/site-packages/airflow/example_dags/example_setup_teardown_taskflow.py
[2023-08-24T04:04:56.358+0000] {logging_mixin.py:151} INFO - [2023-08-24T04:04:56.358+0000] {dag.py:2907} INFO - Sync 1 DAGs
[2023-08-24T04:04:56.371+0000] {logging_mixin.py:151} INFO - [2023-08-24T04:04:56.371+0000] {dag.py:3677} INFO - Setting next_dagrun for example_setup_teardown_taskflow to 2023-08-23T04:04:56.370843+00:00, run_after=2023-08-24T04:04:56.370843+00:00
[2023-08-24T04:04:56.382+0000] {processor.py:179} INFO - Processing /home/airflow/.local/lib/python3.8/site-packages/airflow/example_dags/example_setup_teardown_taskflow.py took 0.053 seconds
[2023-08-24T04:05:26.991+0000] {processor.py:157} INFO - Started process (PID=755) to work on /home/airflow/.local/lib/python3.8/site-packages/airflow/example_dags/example_setup_teardown_taskflow.py
[2023-08-24T04:05:26.992+0000] {processor.py:829} INFO - Processing file /home/airflow/.local/lib/python3.8/site-packages/airflow/example_dags/example_setup_teardown_taskflow.py for tasks to queue
[2023-08-24T04:05:26.994+0000] {logging_mixin.py:151} INFO - [2023-08-24T04:05:26.994+0000] {dagbag.py:539} INFO - Filling up the DagBag from /home/airflow/.local/lib/python3.8/site-packages/airflow/example_dags/example_setup_teardown_taskflow.py
[2023-08-24T04:05:27.001+0000] {processor.py:839} INFO - DAG(s) dict_keys(['example_setup_teardown_taskflow']) retrieved from /home/airflow/.local/lib/python3.8/site-packages/airflow/example_dags/example_setup_teardown_taskflow.py
[2023-08-24T04:05:27.018+0000] {logging_mixin.py:151} INFO - [2023-08-24T04:05:27.018+0000] {dag.py:2907} INFO - Sync 1 DAGs
[2023-08-24T04:05:27.031+0000] {logging_mixin.py:151} INFO - [2023-08-24T04:05:27.030+0000] {dag.py:3677} INFO - Setting next_dagrun for example_setup_teardown_taskflow to 2023-08-23T04:05:27.030754+00:00, run_after=2023-08-24T04:05:27.030754+00:00
[2023-08-24T04:05:27.041+0000] {processor.py:179} INFO - Processing /home/airflow/.local/lib/python3.8/site-packages/airflow/example_dags/example_setup_teardown_taskflow.py took 0.052 seconds
[2023-08-24T04:05:57.762+0000] {processor.py:157} INFO - Started process (PID=818) to work on /home/airflow/.local/lib/python3.8/site-packages/airflow/example_dags/example_setup_teardown_taskflow.py
[2023-08-24T04:05:57.764+0000] {processor.py:829} INFO - Processing file /home/airflow/.local/lib/python3.8/site-packages/airflow/example_dags/example_setup_teardown_taskflow.py for tasks to queue
[2023-08-24T04:05:57.766+0000] {logging_mixin.py:151} INFO - [2023-08-24T04:05:57.765+0000] {dagbag.py:539} INFO - Filling up the DagBag from /home/airflow/.local/lib/python3.8/site-packages/airflow/example_dags/example_setup_teardown_taskflow.py
[2023-08-24T04:05:57.772+0000] {processor.py:839} INFO - DAG(s) dict_keys(['example_setup_teardown_taskflow']) retrieved from /home/airflow/.local/lib/python3.8/site-packages/airflow/example_dags/example_setup_teardown_taskflow.py
[2023-08-24T04:05:57.791+0000] {logging_mixin.py:151} INFO - [2023-08-24T04:05:57.790+0000] {dag.py:2907} INFO - Sync 1 DAGs
[2023-08-24T04:05:57.804+0000] {logging_mixin.py:151} INFO - [2023-08-24T04:05:57.804+0000] {dag.py:3677} INFO - Setting next_dagrun for example_setup_teardown_taskflow to 2023-08-23T04:05:57.804522+00:00, run_after=2023-08-24T04:05:57.804522+00:00
[2023-08-24T04:05:57.815+0000] {processor.py:179} INFO - Processing /home/airflow/.local/lib/python3.8/site-packages/airflow/example_dags/example_setup_teardown_taskflow.py took 0.056 seconds
[2023-08-24T04:06:28.401+0000] {processor.py:157} INFO - Started process (PID=881) to work on /home/airflow/.local/lib/python3.8/site-packages/airflow/example_dags/example_setup_teardown_taskflow.py
[2023-08-24T04:06:28.403+0000] {processor.py:829} INFO - Processing file /home/airflow/.local/lib/python3.8/site-packages/airflow/example_dags/example_setup_teardown_taskflow.py for tasks to queue
[2023-08-24T04:06:28.405+0000] {logging_mixin.py:151} INFO - [2023-08-24T04:06:28.405+0000] {dagbag.py:539} INFO - Filling up the DagBag from /home/airflow/.local/lib/python3.8/site-packages/airflow/example_dags/example_setup_teardown_taskflow.py
[2023-08-24T04:06:28.413+0000] {processor.py:839} INFO - DAG(s) dict_keys(['example_setup_teardown_taskflow']) retrieved from /home/airflow/.local/lib/python3.8/site-packages/airflow/example_dags/example_setup_teardown_taskflow.py
[2023-08-24T04:06:28.432+0000] {logging_mixin.py:151} INFO - [2023-08-24T04:06:28.432+0000] {dag.py:2907} INFO - Sync 1 DAGs
[2023-08-24T04:06:28.446+0000] {logging_mixin.py:151} INFO - [2023-08-24T04:06:28.446+0000] {dag.py:3677} INFO - Setting next_dagrun for example_setup_teardown_taskflow to 2023-08-23T04:06:28.446315+00:00, run_after=2023-08-24T04:06:28.446315+00:00
[2023-08-24T04:06:28.458+0000] {processor.py:179} INFO - Processing /home/airflow/.local/lib/python3.8/site-packages/airflow/example_dags/example_setup_teardown_taskflow.py took 0.059 seconds
[2023-08-24T04:06:59.161+0000] {processor.py:157} INFO - Started process (PID=943) to work on /home/airflow/.local/lib/python3.8/site-packages/airflow/example_dags/example_setup_teardown_taskflow.py
[2023-08-24T04:06:59.162+0000] {processor.py:829} INFO - Processing file /home/airflow/.local/lib/python3.8/site-packages/airflow/example_dags/example_setup_teardown_taskflow.py for tasks to queue
[2023-08-24T04:06:59.164+0000] {logging_mixin.py:151} INFO - [2023-08-24T04:06:59.164+0000] {dagbag.py:539} INFO - Filling up the DagBag from /home/airflow/.local/lib/python3.8/site-packages/airflow/example_dags/example_setup_teardown_taskflow.py
[2023-08-24T04:06:59.171+0000] {processor.py:839} INFO - DAG(s) dict_keys(['example_setup_teardown_taskflow']) retrieved from /home/airflow/.local/lib/python3.8/site-packages/airflow/example_dags/example_setup_teardown_taskflow.py
[2023-08-24T04:06:59.190+0000] {logging_mixin.py:151} INFO - [2023-08-24T04:06:59.190+0000] {dag.py:2907} INFO - Sync 1 DAGs
[2023-08-24T04:06:59.203+0000] {logging_mixin.py:151} INFO - [2023-08-24T04:06:59.203+0000] {dag.py:3677} INFO - Setting next_dagrun for example_setup_teardown_taskflow to 2023-08-23T04:06:59.203139+00:00, run_after=2023-08-24T04:06:59.203139+00:00
[2023-08-24T04:06:59.213+0000] {processor.py:179} INFO - Processing /home/airflow/.local/lib/python3.8/site-packages/airflow/example_dags/example_setup_teardown_taskflow.py took 0.056 seconds
[2023-08-24T04:07:29.771+0000] {processor.py:157} INFO - Started process (PID=1006) to work on /home/airflow/.local/lib/python3.8/site-packages/airflow/example_dags/example_setup_teardown_taskflow.py
[2023-08-24T04:07:29.772+0000] {processor.py:829} INFO - Processing file /home/airflow/.local/lib/python3.8/site-packages/airflow/example_dags/example_setup_teardown_taskflow.py for tasks to queue
[2023-08-24T04:07:29.774+0000] {logging_mixin.py:151} INFO - [2023-08-24T04:07:29.774+0000] {dagbag.py:539} INFO - Filling up the DagBag from /home/airflow/.local/lib/python3.8/site-packages/airflow/example_dags/example_setup_teardown_taskflow.py
[2023-08-24T04:07:29.781+0000] {processor.py:839} INFO - DAG(s) dict_keys(['example_setup_teardown_taskflow']) retrieved from /home/airflow/.local/lib/python3.8/site-packages/airflow/example_dags/example_setup_teardown_taskflow.py
[2023-08-24T04:07:29.798+0000] {logging_mixin.py:151} INFO - [2023-08-24T04:07:29.798+0000] {dag.py:2907} INFO - Sync 1 DAGs
[2023-08-24T04:07:29.812+0000] {logging_mixin.py:151} INFO - [2023-08-24T04:07:29.811+0000] {dag.py:3677} INFO - Setting next_dagrun for example_setup_teardown_taskflow to 2023-08-23T04:07:29.811746+00:00, run_after=2023-08-24T04:07:29.811746+00:00
[2023-08-24T04:07:29.822+0000] {processor.py:179} INFO - Processing /home/airflow/.local/lib/python3.8/site-packages/airflow/example_dags/example_setup_teardown_taskflow.py took 0.053 seconds
[2023-08-24T04:08:00.521+0000] {processor.py:157} INFO - Started process (PID=1069) to work on /home/airflow/.local/lib/python3.8/site-packages/airflow/example_dags/example_setup_teardown_taskflow.py
[2023-08-24T04:08:00.522+0000] {processor.py:829} INFO - Processing file /home/airflow/.local/lib/python3.8/site-packages/airflow/example_dags/example_setup_teardown_taskflow.py for tasks to queue
[2023-08-24T04:08:00.524+0000] {logging_mixin.py:151} INFO - [2023-08-24T04:08:00.524+0000] {dagbag.py:539} INFO - Filling up the DagBag from /home/airflow/.local/lib/python3.8/site-packages/airflow/example_dags/example_setup_teardown_taskflow.py
[2023-08-24T04:08:00.530+0000] {processor.py:839} INFO - DAG(s) dict_keys(['example_setup_teardown_taskflow']) retrieved from /home/airflow/.local/lib/python3.8/site-packages/airflow/example_dags/example_setup_teardown_taskflow.py
[2023-08-24T04:08:00.547+0000] {logging_mixin.py:151} INFO - [2023-08-24T04:08:00.547+0000] {dag.py:2907} INFO - Sync 1 DAGs
[2023-08-24T04:08:00.561+0000] {logging_mixin.py:151} INFO - [2023-08-24T04:08:00.561+0000] {dag.py:3677} INFO - Setting next_dagrun for example_setup_teardown_taskflow to 2023-08-23T04:08:00.561297+00:00, run_after=2023-08-24T04:08:00.561297+00:00
[2023-08-24T04:08:00.572+0000] {processor.py:179} INFO - Processing /home/airflow/.local/lib/python3.8/site-packages/airflow/example_dags/example_setup_teardown_taskflow.py took 0.054 seconds
[2023-08-24T04:08:31.261+0000] {processor.py:157} INFO - Started process (PID=1132) to work on /home/airflow/.local/lib/python3.8/site-packages/airflow/example_dags/example_setup_teardown_taskflow.py
[2023-08-24T04:08:31.262+0000] {processor.py:829} INFO - Processing file /home/airflow/.local/lib/python3.8/site-packages/airflow/example_dags/example_setup_teardown_taskflow.py for tasks to queue
[2023-08-24T04:08:31.264+0000] {logging_mixin.py:151} INFO - [2023-08-24T04:08:31.263+0000] {dagbag.py:539} INFO - Filling up the DagBag from /home/airflow/.local/lib/python3.8/site-packages/airflow/example_dags/example_setup_teardown_taskflow.py
[2023-08-24T04:08:31.270+0000] {processor.py:839} INFO - DAG(s) dict_keys(['example_setup_teardown_taskflow']) retrieved from /home/airflow/.local/lib/python3.8/site-packages/airflow/example_dags/example_setup_teardown_taskflow.py
[2023-08-24T04:08:31.285+0000] {logging_mixin.py:151} INFO - [2023-08-24T04:08:31.285+0000] {dag.py:2907} INFO - Sync 1 DAGs
[2023-08-24T04:08:31.298+0000] {logging_mixin.py:151} INFO - [2023-08-24T04:08:31.298+0000] {dag.py:3677} INFO - Setting next_dagrun for example_setup_teardown_taskflow to 2023-08-23T04:08:31.298093+00:00, run_after=2023-08-24T04:08:31.298093+00:00
[2023-08-24T04:08:31.308+0000] {processor.py:179} INFO - Processing /home/airflow/.local/lib/python3.8/site-packages/airflow/example_dags/example_setup_teardown_taskflow.py took 0.050 seconds
[2023-08-24T04:09:02.051+0000] {processor.py:157} INFO - Started process (PID=1195) to work on /home/airflow/.local/lib/python3.8/site-packages/airflow/example_dags/example_setup_teardown_taskflow.py
[2023-08-24T04:09:02.052+0000] {processor.py:829} INFO - Processing file /home/airflow/.local/lib/python3.8/site-packages/airflow/example_dags/example_setup_teardown_taskflow.py for tasks to queue
[2023-08-24T04:09:02.054+0000] {logging_mixin.py:151} INFO - [2023-08-24T04:09:02.053+0000] {dagbag.py:539} INFO - Filling up the DagBag from /home/airflow/.local/lib/python3.8/site-packages/airflow/example_dags/example_setup_teardown_taskflow.py
[2023-08-24T04:09:02.060+0000] {processor.py:839} INFO - DAG(s) dict_keys(['example_setup_teardown_taskflow']) retrieved from /home/airflow/.local/lib/python3.8/site-packages/airflow/example_dags/example_setup_teardown_taskflow.py
[2023-08-24T04:09:02.080+0000] {logging_mixin.py:151} INFO - [2023-08-24T04:09:02.080+0000] {dag.py:2907} INFO - Sync 1 DAGs
[2023-08-24T04:09:02.093+0000] {logging_mixin.py:151} INFO - [2023-08-24T04:09:02.093+0000] {dag.py:3677} INFO - Setting next_dagrun for example_setup_teardown_taskflow to 2023-08-23T04:09:02.093065+00:00, run_after=2023-08-24T04:09:02.093065+00:00
[2023-08-24T04:09:02.103+0000] {processor.py:179} INFO - Processing /home/airflow/.local/lib/python3.8/site-packages/airflow/example_dags/example_setup_teardown_taskflow.py took 0.055 seconds
[2023-08-24T04:09:32.685+0000] {processor.py:157} INFO - Started process (PID=1258) to work on /home/airflow/.local/lib/python3.8/site-packages/airflow/example_dags/example_setup_teardown_taskflow.py
[2023-08-24T04:09:32.687+0000] {processor.py:829} INFO - Processing file /home/airflow/.local/lib/python3.8/site-packages/airflow/example_dags/example_setup_teardown_taskflow.py for tasks to queue
[2023-08-24T04:09:32.688+0000] {logging_mixin.py:151} INFO - [2023-08-24T04:09:32.688+0000] {dagbag.py:539} INFO - Filling up the DagBag from /home/airflow/.local/lib/python3.8/site-packages/airflow/example_dags/example_setup_teardown_taskflow.py
[2023-08-24T04:09:32.694+0000] {processor.py:839} INFO - DAG(s) dict_keys(['example_setup_teardown_taskflow']) retrieved from /home/airflow/.local/lib/python3.8/site-packages/airflow/example_dags/example_setup_teardown_taskflow.py
[2023-08-24T04:09:32.713+0000] {logging_mixin.py:151} INFO - [2023-08-24T04:09:32.713+0000] {dag.py:2907} INFO - Sync 1 DAGs
[2023-08-24T04:09:32.725+0000] {logging_mixin.py:151} INFO - [2023-08-24T04:09:32.725+0000] {dag.py:3677} INFO - Setting next_dagrun for example_setup_teardown_taskflow to 2023-08-23T04:09:32.725264+00:00, run_after=2023-08-24T04:09:32.725264+00:00
[2023-08-24T04:09:32.734+0000] {processor.py:179} INFO - Processing /home/airflow/.local/lib/python3.8/site-packages/airflow/example_dags/example_setup_teardown_taskflow.py took 0.052 seconds
[2023-08-24T04:10:03.416+0000] {processor.py:157} INFO - Started process (PID=1321) to work on /home/airflow/.local/lib/python3.8/site-packages/airflow/example_dags/example_setup_teardown_taskflow.py
[2023-08-24T04:10:03.417+0000] {processor.py:829} INFO - Processing file /home/airflow/.local/lib/python3.8/site-packages/airflow/example_dags/example_setup_teardown_taskflow.py for tasks to queue
[2023-08-24T04:10:03.419+0000] {logging_mixin.py:151} INFO - [2023-08-24T04:10:03.419+0000] {dagbag.py:539} INFO - Filling up the DagBag from /home/airflow/.local/lib/python3.8/site-packages/airflow/example_dags/example_setup_teardown_taskflow.py
[2023-08-24T04:10:03.426+0000] {processor.py:839} INFO - DAG(s) dict_keys(['example_setup_teardown_taskflow']) retrieved from /home/airflow/.local/lib/python3.8/site-packages/airflow/example_dags/example_setup_teardown_taskflow.py
[2023-08-24T04:10:03.446+0000] {logging_mixin.py:151} INFO - [2023-08-24T04:10:03.446+0000] {dag.py:2907} INFO - Sync 1 DAGs
[2023-08-24T04:10:03.459+0000] {logging_mixin.py:151} INFO - [2023-08-24T04:10:03.458+0000] {dag.py:3677} INFO - Setting next_dagrun for example_setup_teardown_taskflow to 2023-08-23T04:10:03.458769+00:00, run_after=2023-08-24T04:10:03.458769+00:00
[2023-08-24T04:10:03.469+0000] {processor.py:179} INFO - Processing /home/airflow/.local/lib/python3.8/site-packages/airflow/example_dags/example_setup_teardown_taskflow.py took 0.056 seconds
[2023-08-24T04:10:34.157+0000] {processor.py:157} INFO - Started process (PID=1384) to work on /home/airflow/.local/lib/python3.8/site-packages/airflow/example_dags/example_setup_teardown_taskflow.py
[2023-08-24T04:10:34.158+0000] {processor.py:829} INFO - Processing file /home/airflow/.local/lib/python3.8/site-packages/airflow/example_dags/example_setup_teardown_taskflow.py for tasks to queue
[2023-08-24T04:10:34.160+0000] {logging_mixin.py:151} INFO - [2023-08-24T04:10:34.160+0000] {dagbag.py:539} INFO - Filling up the DagBag from /home/airflow/.local/lib/python3.8/site-packages/airflow/example_dags/example_setup_teardown_taskflow.py
[2023-08-24T04:10:34.167+0000] {processor.py:839} INFO - DAG(s) dict_keys(['example_setup_teardown_taskflow']) retrieved from /home/airflow/.local/lib/python3.8/site-packages/airflow/example_dags/example_setup_teardown_taskflow.py
[2023-08-24T04:10:34.186+0000] {logging_mixin.py:151} INFO - [2023-08-24T04:10:34.185+0000] {dag.py:2907} INFO - Sync 1 DAGs
[2023-08-24T04:10:34.200+0000] {logging_mixin.py:151} INFO - [2023-08-24T04:10:34.200+0000] {dag.py:3677} INFO - Setting next_dagrun for example_setup_teardown_taskflow to 2023-08-23T04:10:34.200059+00:00, run_after=2023-08-24T04:10:34.200059+00:00
[2023-08-24T04:10:34.210+0000] {processor.py:179} INFO - Processing /home/airflow/.local/lib/python3.8/site-packages/airflow/example_dags/example_setup_teardown_taskflow.py took 0.055 seconds
[2023-08-24T04:11:04.899+0000] {processor.py:157} INFO - Started process (PID=1447) to work on /home/airflow/.local/lib/python3.8/site-packages/airflow/example_dags/example_setup_teardown_taskflow.py
[2023-08-24T04:11:04.900+0000] {processor.py:829} INFO - Processing file /home/airflow/.local/lib/python3.8/site-packages/airflow/example_dags/example_setup_teardown_taskflow.py for tasks to queue
[2023-08-24T04:11:04.902+0000] {logging_mixin.py:151} INFO - [2023-08-24T04:11:04.902+0000] {dagbag.py:539} INFO - Filling up the DagBag from /home/airflow/.local/lib/python3.8/site-packages/airflow/example_dags/example_setup_teardown_taskflow.py
[2023-08-24T04:11:04.908+0000] {processor.py:839} INFO - DAG(s) dict_keys(['example_setup_teardown_taskflow']) retrieved from /home/airflow/.local/lib/python3.8/site-packages/airflow/example_dags/example_setup_teardown_taskflow.py
[2023-08-24T04:11:04.924+0000] {logging_mixin.py:151} INFO - [2023-08-24T04:11:04.924+0000] {dag.py:2907} INFO - Sync 1 DAGs
[2023-08-24T04:11:04.937+0000] {logging_mixin.py:151} INFO - [2023-08-24T04:11:04.937+0000] {dag.py:3677} INFO - Setting next_dagrun for example_setup_teardown_taskflow to 2023-08-23T04:11:04.937125+00:00, run_after=2023-08-24T04:11:04.937125+00:00
[2023-08-24T04:11:04.947+0000] {processor.py:179} INFO - Processing /home/airflow/.local/lib/python3.8/site-packages/airflow/example_dags/example_setup_teardown_taskflow.py took 0.051 seconds
[2023-08-24T04:11:35.705+0000] {processor.py:157} INFO - Started process (PID=1510) to work on /home/airflow/.local/lib/python3.8/site-packages/airflow/example_dags/example_setup_teardown_taskflow.py
[2023-08-24T04:11:35.706+0000] {processor.py:829} INFO - Processing file /home/airflow/.local/lib/python3.8/site-packages/airflow/example_dags/example_setup_teardown_taskflow.py for tasks to queue
[2023-08-24T04:11:35.708+0000] {logging_mixin.py:151} INFO - [2023-08-24T04:11:35.708+0000] {dagbag.py:539} INFO - Filling up the DagBag from /home/airflow/.local/lib/python3.8/site-packages/airflow/example_dags/example_setup_teardown_taskflow.py
[2023-08-24T04:11:35.714+0000] {processor.py:839} INFO - DAG(s) dict_keys(['example_setup_teardown_taskflow']) retrieved from /home/airflow/.local/lib/python3.8/site-packages/airflow/example_dags/example_setup_teardown_taskflow.py
[2023-08-24T04:11:35.735+0000] {logging_mixin.py:151} INFO - [2023-08-24T04:11:35.735+0000] {dag.py:2907} INFO - Sync 1 DAGs
[2023-08-24T04:11:35.750+0000] {logging_mixin.py:151} INFO - [2023-08-24T04:11:35.749+0000] {dag.py:3677} INFO - Setting next_dagrun for example_setup_teardown_taskflow to 2023-08-23T04:11:35.749672+00:00, run_after=2023-08-24T04:11:35.749672+00:00
[2023-08-24T04:11:35.761+0000] {processor.py:179} INFO - Processing /home/airflow/.local/lib/python3.8/site-packages/airflow/example_dags/example_setup_teardown_taskflow.py took 0.059 seconds
[2023-08-24T04:12:06.454+0000] {processor.py:157} INFO - Started process (PID=1573) to work on /home/airflow/.local/lib/python3.8/site-packages/airflow/example_dags/example_setup_teardown_taskflow.py
[2023-08-24T04:12:06.455+0000] {processor.py:829} INFO - Processing file /home/airflow/.local/lib/python3.8/site-packages/airflow/example_dags/example_setup_teardown_taskflow.py for tasks to queue
[2023-08-24T04:12:06.457+0000] {logging_mixin.py:151} INFO - [2023-08-24T04:12:06.456+0000] {dagbag.py:539} INFO - Filling up the DagBag from /home/airflow/.local/lib/python3.8/site-packages/airflow/example_dags/example_setup_teardown_taskflow.py
[2023-08-24T04:12:06.463+0000] {processor.py:839} INFO - DAG(s) dict_keys(['example_setup_teardown_taskflow']) retrieved from /home/airflow/.local/lib/python3.8/site-packages/airflow/example_dags/example_setup_teardown_taskflow.py
[2023-08-24T04:12:06.479+0000] {logging_mixin.py:151} INFO - [2023-08-24T04:12:06.479+0000] {dag.py:2907} INFO - Sync 1 DAGs
[2023-08-24T04:12:06.491+0000] {logging_mixin.py:151} INFO - [2023-08-24T04:12:06.491+0000] {dag.py:3677} INFO - Setting next_dagrun for example_setup_teardown_taskflow to 2023-08-23T04:12:06.491270+00:00, run_after=2023-08-24T04:12:06.491270+00:00
[2023-08-24T04:12:06.502+0000] {processor.py:179} INFO - Processing /home/airflow/.local/lib/python3.8/site-packages/airflow/example_dags/example_setup_teardown_taskflow.py took 0.051 seconds
[2023-08-24T04:12:37.033+0000] {processor.py:157} INFO - Started process (PID=1636) to work on /home/airflow/.local/lib/python3.8/site-packages/airflow/example_dags/example_setup_teardown_taskflow.py
[2023-08-24T04:12:37.034+0000] {processor.py:829} INFO - Processing file /home/airflow/.local/lib/python3.8/site-packages/airflow/example_dags/example_setup_teardown_taskflow.py for tasks to queue
[2023-08-24T04:12:37.036+0000] {logging_mixin.py:151} INFO - [2023-08-24T04:12:37.035+0000] {dagbag.py:539} INFO - Filling up the DagBag from /home/airflow/.local/lib/python3.8/site-packages/airflow/example_dags/example_setup_teardown_taskflow.py
[2023-08-24T04:12:37.042+0000] {processor.py:839} INFO - DAG(s) dict_keys(['example_setup_teardown_taskflow']) retrieved from /home/airflow/.local/lib/python3.8/site-packages/airflow/example_dags/example_setup_teardown_taskflow.py
[2023-08-24T04:12:37.059+0000] {logging_mixin.py:151} INFO - [2023-08-24T04:12:37.058+0000] {dag.py:2907} INFO - Sync 1 DAGs
[2023-08-24T04:12:37.070+0000] {logging_mixin.py:151} INFO - [2023-08-24T04:12:37.070+0000] {dag.py:3677} INFO - Setting next_dagrun for example_setup_teardown_taskflow to 2023-08-23T04:12:37.070695+00:00, run_after=2023-08-24T04:12:37.070695+00:00
[2023-08-24T04:12:37.082+0000] {processor.py:179} INFO - Processing /home/airflow/.local/lib/python3.8/site-packages/airflow/example_dags/example_setup_teardown_taskflow.py took 0.052 seconds
[2023-08-24T04:13:07.942+0000] {processor.py:157} INFO - Started process (PID=1699) to work on /home/airflow/.local/lib/python3.8/site-packages/airflow/example_dags/example_setup_teardown_taskflow.py
[2023-08-24T04:13:07.943+0000] {processor.py:829} INFO - Processing file /home/airflow/.local/lib/python3.8/site-packages/airflow/example_dags/example_setup_teardown_taskflow.py for tasks to queue
[2023-08-24T04:13:07.946+0000] {logging_mixin.py:151} INFO - [2023-08-24T04:13:07.945+0000] {dagbag.py:539} INFO - Filling up the DagBag from /home/airflow/.local/lib/python3.8/site-packages/airflow/example_dags/example_setup_teardown_taskflow.py
[2023-08-24T04:13:07.952+0000] {processor.py:839} INFO - DAG(s) dict_keys(['example_setup_teardown_taskflow']) retrieved from /home/airflow/.local/lib/python3.8/site-packages/airflow/example_dags/example_setup_teardown_taskflow.py
[2023-08-24T04:13:07.968+0000] {logging_mixin.py:151} INFO - [2023-08-24T04:13:07.968+0000] {dag.py:2907} INFO - Sync 1 DAGs
[2023-08-24T04:13:07.981+0000] {logging_mixin.py:151} INFO - [2023-08-24T04:13:07.981+0000] {dag.py:3677} INFO - Setting next_dagrun for example_setup_teardown_taskflow to 2023-08-23T04:13:07.981496+00:00, run_after=2023-08-24T04:13:07.981496+00:00
[2023-08-24T04:13:07.991+0000] {processor.py:179} INFO - Processing /home/airflow/.local/lib/python3.8/site-packages/airflow/example_dags/example_setup_teardown_taskflow.py took 0.053 seconds
[2023-08-24T04:13:38.518+0000] {processor.py:157} INFO - Started process (PID=1762) to work on /home/airflow/.local/lib/python3.8/site-packages/airflow/example_dags/example_setup_teardown_taskflow.py
[2023-08-24T04:13:38.520+0000] {processor.py:829} INFO - Processing file /home/airflow/.local/lib/python3.8/site-packages/airflow/example_dags/example_setup_teardown_taskflow.py for tasks to queue
[2023-08-24T04:13:38.522+0000] {logging_mixin.py:151} INFO - [2023-08-24T04:13:38.521+0000] {dagbag.py:539} INFO - Filling up the DagBag from /home/airflow/.local/lib/python3.8/site-packages/airflow/example_dags/example_setup_teardown_taskflow.py
[2023-08-24T04:13:38.528+0000] {processor.py:839} INFO - DAG(s) dict_keys(['example_setup_teardown_taskflow']) retrieved from /home/airflow/.local/lib/python3.8/site-packages/airflow/example_dags/example_setup_teardown_taskflow.py
[2023-08-24T04:13:38.549+0000] {logging_mixin.py:151} INFO - [2023-08-24T04:13:38.549+0000] {dag.py:2907} INFO - Sync 1 DAGs
[2023-08-24T04:13:38.562+0000] {logging_mixin.py:151} INFO - [2023-08-24T04:13:38.562+0000] {dag.py:3677} INFO - Setting next_dagrun for example_setup_teardown_taskflow to 2023-08-23T04:13:38.562105+00:00, run_after=2023-08-24T04:13:38.562105+00:00
[2023-08-24T04:13:38.572+0000] {processor.py:179} INFO - Processing /home/airflow/.local/lib/python3.8/site-packages/airflow/example_dags/example_setup_teardown_taskflow.py took 0.057 seconds
[2023-08-24T04:14:09.504+0000] {processor.py:157} INFO - Started process (PID=1825) to work on /home/airflow/.local/lib/python3.8/site-packages/airflow/example_dags/example_setup_teardown_taskflow.py
[2023-08-24T04:14:09.505+0000] {processor.py:829} INFO - Processing file /home/airflow/.local/lib/python3.8/site-packages/airflow/example_dags/example_setup_teardown_taskflow.py for tasks to queue
[2023-08-24T04:14:09.507+0000] {logging_mixin.py:151} INFO - [2023-08-24T04:14:09.507+0000] {dagbag.py:539} INFO - Filling up the DagBag from /home/airflow/.local/lib/python3.8/site-packages/airflow/example_dags/example_setup_teardown_taskflow.py
[2023-08-24T04:14:09.514+0000] {processor.py:839} INFO - DAG(s) dict_keys(['example_setup_teardown_taskflow']) retrieved from /home/airflow/.local/lib/python3.8/site-packages/airflow/example_dags/example_setup_teardown_taskflow.py
[2023-08-24T04:14:09.533+0000] {logging_mixin.py:151} INFO - [2023-08-24T04:14:09.533+0000] {dag.py:2907} INFO - Sync 1 DAGs
[2023-08-24T04:14:09.547+0000] {logging_mixin.py:151} INFO - [2023-08-24T04:14:09.547+0000] {dag.py:3677} INFO - Setting next_dagrun for example_setup_teardown_taskflow to 2023-08-23T04:14:09.546985+00:00, run_after=2023-08-24T04:14:09.546985+00:00
[2023-08-24T04:14:09.560+0000] {processor.py:179} INFO - Processing /home/airflow/.local/lib/python3.8/site-packages/airflow/example_dags/example_setup_teardown_taskflow.py took 0.059 seconds
[2023-08-24T04:14:40.512+0000] {processor.py:157} INFO - Started process (PID=1888) to work on /home/airflow/.local/lib/python3.8/site-packages/airflow/example_dags/example_setup_teardown_taskflow.py
[2023-08-24T04:14:40.513+0000] {processor.py:829} INFO - Processing file /home/airflow/.local/lib/python3.8/site-packages/airflow/example_dags/example_setup_teardown_taskflow.py for tasks to queue
[2023-08-24T04:14:40.515+0000] {logging_mixin.py:151} INFO - [2023-08-24T04:14:40.514+0000] {dagbag.py:539} INFO - Filling up the DagBag from /home/airflow/.local/lib/python3.8/site-packages/airflow/example_dags/example_setup_teardown_taskflow.py
[2023-08-24T04:14:40.521+0000] {processor.py:839} INFO - DAG(s) dict_keys(['example_setup_teardown_taskflow']) retrieved from /home/airflow/.local/lib/python3.8/site-packages/airflow/example_dags/example_setup_teardown_taskflow.py
[2023-08-24T04:14:40.542+0000] {logging_mixin.py:151} INFO - [2023-08-24T04:14:40.542+0000] {dag.py:2907} INFO - Sync 1 DAGs
[2023-08-24T04:14:40.556+0000] {logging_mixin.py:151} INFO - [2023-08-24T04:14:40.555+0000] {dag.py:3677} INFO - Setting next_dagrun for example_setup_teardown_taskflow to 2023-08-23T04:14:40.555788+00:00, run_after=2023-08-24T04:14:40.555788+00:00
[2023-08-24T04:14:40.567+0000] {processor.py:179} INFO - Processing /home/airflow/.local/lib/python3.8/site-packages/airflow/example_dags/example_setup_teardown_taskflow.py took 0.058 seconds
[2023-08-24T04:15:11.359+0000] {processor.py:157} INFO - Started process (PID=1951) to work on /home/airflow/.local/lib/python3.8/site-packages/airflow/example_dags/example_setup_teardown_taskflow.py
[2023-08-24T04:15:11.361+0000] {processor.py:829} INFO - Processing file /home/airflow/.local/lib/python3.8/site-packages/airflow/example_dags/example_setup_teardown_taskflow.py for tasks to queue
[2023-08-24T04:15:11.363+0000] {logging_mixin.py:151} INFO - [2023-08-24T04:15:11.362+0000] {dagbag.py:539} INFO - Filling up the DagBag from /home/airflow/.local/lib/python3.8/site-packages/airflow/example_dags/example_setup_teardown_taskflow.py
[2023-08-24T04:15:11.370+0000] {processor.py:839} INFO - DAG(s) dict_keys(['example_setup_teardown_taskflow']) retrieved from /home/airflow/.local/lib/python3.8/site-packages/airflow/example_dags/example_setup_teardown_taskflow.py
[2023-08-24T04:15:11.391+0000] {logging_mixin.py:151} INFO - [2023-08-24T04:15:11.390+0000] {dag.py:2907} INFO - Sync 1 DAGs
[2023-08-24T04:15:11.405+0000] {logging_mixin.py:151} INFO - [2023-08-24T04:15:11.405+0000] {dag.py:3677} INFO - Setting next_dagrun for example_setup_teardown_taskflow to 2023-08-23T04:15:11.405407+00:00, run_after=2023-08-24T04:15:11.405407+00:00
[2023-08-24T04:15:11.417+0000] {processor.py:179} INFO - Processing /home/airflow/.local/lib/python3.8/site-packages/airflow/example_dags/example_setup_teardown_taskflow.py took 0.061 seconds
[2023-08-24T04:15:42.262+0000] {processor.py:157} INFO - Started process (PID=2020) to work on /home/airflow/.local/lib/python3.8/site-packages/airflow/example_dags/example_setup_teardown_taskflow.py
[2023-08-24T04:15:42.263+0000] {processor.py:829} INFO - Processing file /home/airflow/.local/lib/python3.8/site-packages/airflow/example_dags/example_setup_teardown_taskflow.py for tasks to queue
[2023-08-24T04:15:42.266+0000] {logging_mixin.py:151} INFO - [2023-08-24T04:15:42.265+0000] {dagbag.py:539} INFO - Filling up the DagBag from /home/airflow/.local/lib/python3.8/site-packages/airflow/example_dags/example_setup_teardown_taskflow.py
[2023-08-24T04:15:42.274+0000] {processor.py:839} INFO - DAG(s) dict_keys(['example_setup_teardown_taskflow']) retrieved from /home/airflow/.local/lib/python3.8/site-packages/airflow/example_dags/example_setup_teardown_taskflow.py
[2023-08-24T04:15:42.296+0000] {logging_mixin.py:151} INFO - [2023-08-24T04:15:42.296+0000] {dag.py:2907} INFO - Sync 1 DAGs
[2023-08-24T04:15:42.309+0000] {logging_mixin.py:151} INFO - [2023-08-24T04:15:42.309+0000] {dag.py:3677} INFO - Setting next_dagrun for example_setup_teardown_taskflow to 2023-08-23T04:15:42.309586+00:00, run_after=2023-08-24T04:15:42.309586+00:00
[2023-08-24T04:15:42.320+0000] {processor.py:179} INFO - Processing /home/airflow/.local/lib/python3.8/site-packages/airflow/example_dags/example_setup_teardown_taskflow.py took 0.062 seconds
[2023-08-24T04:16:12.985+0000] {processor.py:157} INFO - Started process (PID=2083) to work on /home/airflow/.local/lib/python3.8/site-packages/airflow/example_dags/example_setup_teardown_taskflow.py
[2023-08-24T04:16:12.986+0000] {processor.py:829} INFO - Processing file /home/airflow/.local/lib/python3.8/site-packages/airflow/example_dags/example_setup_teardown_taskflow.py for tasks to queue
[2023-08-24T04:16:12.989+0000] {logging_mixin.py:151} INFO - [2023-08-24T04:16:12.988+0000] {dagbag.py:539} INFO - Filling up the DagBag from /home/airflow/.local/lib/python3.8/site-packages/airflow/example_dags/example_setup_teardown_taskflow.py
[2023-08-24T04:16:12.995+0000] {processor.py:839} INFO - DAG(s) dict_keys(['example_setup_teardown_taskflow']) retrieved from /home/airflow/.local/lib/python3.8/site-packages/airflow/example_dags/example_setup_teardown_taskflow.py
[2023-08-24T04:16:13.014+0000] {logging_mixin.py:151} INFO - [2023-08-24T04:16:13.014+0000] {dag.py:2907} INFO - Sync 1 DAGs
[2023-08-24T04:16:13.027+0000] {logging_mixin.py:151} INFO - [2023-08-24T04:16:13.027+0000] {dag.py:3677} INFO - Setting next_dagrun for example_setup_teardown_taskflow to 2023-08-23T04:16:13.027555+00:00, run_after=2023-08-24T04:16:13.027555+00:00
[2023-08-24T04:16:13.037+0000] {processor.py:179} INFO - Processing /home/airflow/.local/lib/python3.8/site-packages/airflow/example_dags/example_setup_teardown_taskflow.py took 0.055 seconds
[2023-08-24T04:16:43.761+0000] {processor.py:157} INFO - Started process (PID=2146) to work on /home/airflow/.local/lib/python3.8/site-packages/airflow/example_dags/example_setup_teardown_taskflow.py
[2023-08-24T04:16:43.762+0000] {processor.py:829} INFO - Processing file /home/airflow/.local/lib/python3.8/site-packages/airflow/example_dags/example_setup_teardown_taskflow.py for tasks to queue
[2023-08-24T04:16:43.764+0000] {logging_mixin.py:151} INFO - [2023-08-24T04:16:43.764+0000] {dagbag.py:539} INFO - Filling up the DagBag from /home/airflow/.local/lib/python3.8/site-packages/airflow/example_dags/example_setup_teardown_taskflow.py
[2023-08-24T04:16:43.771+0000] {processor.py:839} INFO - DAG(s) dict_keys(['example_setup_teardown_taskflow']) retrieved from /home/airflow/.local/lib/python3.8/site-packages/airflow/example_dags/example_setup_teardown_taskflow.py
[2023-08-24T04:16:43.788+0000] {logging_mixin.py:151} INFO - [2023-08-24T04:16:43.788+0000] {dag.py:2907} INFO - Sync 1 DAGs
[2023-08-24T04:16:43.801+0000] {logging_mixin.py:151} INFO - [2023-08-24T04:16:43.801+0000] {dag.py:3677} INFO - Setting next_dagrun for example_setup_teardown_taskflow to 2023-08-23T04:16:43.801229+00:00, run_after=2023-08-24T04:16:43.801229+00:00
[2023-08-24T04:16:43.811+0000] {processor.py:179} INFO - Processing /home/airflow/.local/lib/python3.8/site-packages/airflow/example_dags/example_setup_teardown_taskflow.py took 0.053 seconds
[2023-08-24T04:17:14.687+0000] {processor.py:157} INFO - Started process (PID=2209) to work on /home/airflow/.local/lib/python3.8/site-packages/airflow/example_dags/example_setup_teardown_taskflow.py
[2023-08-24T04:17:14.689+0000] {processor.py:829} INFO - Processing file /home/airflow/.local/lib/python3.8/site-packages/airflow/example_dags/example_setup_teardown_taskflow.py for tasks to queue
[2023-08-24T04:17:14.691+0000] {logging_mixin.py:151} INFO - [2023-08-24T04:17:14.690+0000] {dagbag.py:539} INFO - Filling up the DagBag from /home/airflow/.local/lib/python3.8/site-packages/airflow/example_dags/example_setup_teardown_taskflow.py
[2023-08-24T04:17:14.698+0000] {processor.py:839} INFO - DAG(s) dict_keys(['example_setup_teardown_taskflow']) retrieved from /home/airflow/.local/lib/python3.8/site-packages/airflow/example_dags/example_setup_teardown_taskflow.py
[2023-08-24T04:17:14.716+0000] {logging_mixin.py:151} INFO - [2023-08-24T04:17:14.716+0000] {dag.py:2907} INFO - Sync 1 DAGs
[2023-08-24T04:17:14.729+0000] {logging_mixin.py:151} INFO - [2023-08-24T04:17:14.729+0000] {dag.py:3677} INFO - Setting next_dagrun for example_setup_teardown_taskflow to 2023-08-23T04:17:14.729658+00:00, run_after=2023-08-24T04:17:14.729658+00:00
[2023-08-24T04:17:14.741+0000] {processor.py:179} INFO - Processing /home/airflow/.local/lib/python3.8/site-packages/airflow/example_dags/example_setup_teardown_taskflow.py took 0.057 seconds
[2023-08-24T04:17:44.888+0000] {processor.py:157} INFO - Started process (PID=2276) to work on /home/airflow/.local/lib/python3.8/site-packages/airflow/example_dags/example_setup_teardown_taskflow.py
[2023-08-24T04:17:44.889+0000] {processor.py:829} INFO - Processing file /home/airflow/.local/lib/python3.8/site-packages/airflow/example_dags/example_setup_teardown_taskflow.py for tasks to queue
[2023-08-24T04:17:44.892+0000] {logging_mixin.py:151} INFO - [2023-08-24T04:17:44.891+0000] {dagbag.py:539} INFO - Filling up the DagBag from /home/airflow/.local/lib/python3.8/site-packages/airflow/example_dags/example_setup_teardown_taskflow.py
[2023-08-24T04:17:44.897+0000] {processor.py:839} INFO - DAG(s) dict_keys(['example_setup_teardown_taskflow']) retrieved from /home/airflow/.local/lib/python3.8/site-packages/airflow/example_dags/example_setup_teardown_taskflow.py
[2023-08-24T04:17:44.914+0000] {logging_mixin.py:151} INFO - [2023-08-24T04:17:44.914+0000] {dag.py:2907} INFO - Sync 1 DAGs
[2023-08-24T04:17:44.927+0000] {logging_mixin.py:151} INFO - [2023-08-24T04:17:44.927+0000] {dag.py:3677} INFO - Setting next_dagrun for example_setup_teardown_taskflow to 2023-08-23T04:17:44.927147+00:00, run_after=2023-08-24T04:17:44.927147+00:00
[2023-08-24T04:17:44.937+0000] {processor.py:179} INFO - Processing /home/airflow/.local/lib/python3.8/site-packages/airflow/example_dags/example_setup_teardown_taskflow.py took 0.052 seconds
[2023-08-24T04:18:15.641+0000] {processor.py:157} INFO - Started process (PID=2338) to work on /home/airflow/.local/lib/python3.8/site-packages/airflow/example_dags/example_setup_teardown_taskflow.py
[2023-08-24T04:18:15.642+0000] {processor.py:829} INFO - Processing file /home/airflow/.local/lib/python3.8/site-packages/airflow/example_dags/example_setup_teardown_taskflow.py for tasks to queue
[2023-08-24T04:18:15.645+0000] {logging_mixin.py:151} INFO - [2023-08-24T04:18:15.644+0000] {dagbag.py:539} INFO - Filling up the DagBag from /home/airflow/.local/lib/python3.8/site-packages/airflow/example_dags/example_setup_teardown_taskflow.py
[2023-08-24T04:18:15.650+0000] {processor.py:839} INFO - DAG(s) dict_keys(['example_setup_teardown_taskflow']) retrieved from /home/airflow/.local/lib/python3.8/site-packages/airflow/example_dags/example_setup_teardown_taskflow.py
[2023-08-24T04:18:15.668+0000] {logging_mixin.py:151} INFO - [2023-08-24T04:18:15.668+0000] {dag.py:2907} INFO - Sync 1 DAGs
[2023-08-24T04:18:15.682+0000] {logging_mixin.py:151} INFO - [2023-08-24T04:18:15.681+0000] {dag.py:3677} INFO - Setting next_dagrun for example_setup_teardown_taskflow to 2023-08-23T04:18:15.681720+00:00, run_after=2023-08-24T04:18:15.681720+00:00
[2023-08-24T04:18:15.692+0000] {processor.py:179} INFO - Processing /home/airflow/.local/lib/python3.8/site-packages/airflow/example_dags/example_setup_teardown_taskflow.py took 0.053 seconds
[2023-08-24T04:24:30.174+0000] {processor.py:157} INFO - Started process (PID=62) to work on /home/airflow/.local/lib/python3.8/site-packages/airflow/example_dags/example_setup_teardown_taskflow.py
[2023-08-24T04:24:30.176+0000] {processor.py:829} INFO - Processing file /home/airflow/.local/lib/python3.8/site-packages/airflow/example_dags/example_setup_teardown_taskflow.py for tasks to queue
[2023-08-24T04:24:30.179+0000] {logging_mixin.py:151} INFO - [2023-08-24T04:24:30.179+0000] {dagbag.py:539} INFO - Filling up the DagBag from /home/airflow/.local/lib/python3.8/site-packages/airflow/example_dags/example_setup_teardown_taskflow.py
[2023-08-24T04:24:30.190+0000] {processor.py:839} INFO - DAG(s) dict_keys(['example_setup_teardown_taskflow']) retrieved from /home/airflow/.local/lib/python3.8/site-packages/airflow/example_dags/example_setup_teardown_taskflow.py
[2023-08-24T04:24:30.206+0000] {logging_mixin.py:151} INFO - [2023-08-24T04:24:30.206+0000] {dag.py:2907} INFO - Sync 1 DAGs
[2023-08-24T04:24:30.223+0000] {logging_mixin.py:151} INFO - [2023-08-24T04:24:30.223+0000] {dag.py:3677} INFO - Setting next_dagrun for example_setup_teardown_taskflow to 2023-08-23T04:24:30.223098+00:00, run_after=2023-08-24T04:24:30.223098+00:00
[2023-08-24T04:24:30.235+0000] {processor.py:179} INFO - Processing /home/airflow/.local/lib/python3.8/site-packages/airflow/example_dags/example_setup_teardown_taskflow.py took 0.067 seconds
[2023-08-24T04:25:00.308+0000] {processor.py:157} INFO - Started process (PID=125) to work on /home/airflow/.local/lib/python3.8/site-packages/airflow/example_dags/example_setup_teardown_taskflow.py
[2023-08-24T04:25:00.310+0000] {processor.py:829} INFO - Processing file /home/airflow/.local/lib/python3.8/site-packages/airflow/example_dags/example_setup_teardown_taskflow.py for tasks to queue
[2023-08-24T04:25:00.312+0000] {logging_mixin.py:151} INFO - [2023-08-24T04:25:00.312+0000] {dagbag.py:539} INFO - Filling up the DagBag from /home/airflow/.local/lib/python3.8/site-packages/airflow/example_dags/example_setup_teardown_taskflow.py
[2023-08-24T04:25:00.318+0000] {processor.py:839} INFO - DAG(s) dict_keys(['example_setup_teardown_taskflow']) retrieved from /home/airflow/.local/lib/python3.8/site-packages/airflow/example_dags/example_setup_teardown_taskflow.py
[2023-08-24T04:25:00.334+0000] {logging_mixin.py:151} INFO - [2023-08-24T04:25:00.334+0000] {dag.py:2907} INFO - Sync 1 DAGs
[2023-08-24T04:25:00.347+0000] {logging_mixin.py:151} INFO - [2023-08-24T04:25:00.347+0000] {dag.py:3677} INFO - Setting next_dagrun for example_setup_teardown_taskflow to 2023-08-23T04:25:00.347139+00:00, run_after=2023-08-24T04:25:00.347139+00:00
[2023-08-24T04:25:00.357+0000] {processor.py:179} INFO - Processing /home/airflow/.local/lib/python3.8/site-packages/airflow/example_dags/example_setup_teardown_taskflow.py took 0.052 seconds
[2023-08-24T04:26:40.185+0000] {processor.py:157} INFO - Started process (PID=62) to work on /home/airflow/.local/lib/python3.8/site-packages/airflow/example_dags/example_setup_teardown_taskflow.py
[2023-08-24T04:26:40.186+0000] {processor.py:829} INFO - Processing file /home/airflow/.local/lib/python3.8/site-packages/airflow/example_dags/example_setup_teardown_taskflow.py for tasks to queue
[2023-08-24T04:26:40.188+0000] {logging_mixin.py:151} INFO - [2023-08-24T04:26:40.187+0000] {dagbag.py:539} INFO - Filling up the DagBag from /home/airflow/.local/lib/python3.8/site-packages/airflow/example_dags/example_setup_teardown_taskflow.py
[2023-08-24T04:26:40.194+0000] {processor.py:839} INFO - DAG(s) dict_keys(['example_setup_teardown_taskflow']) retrieved from /home/airflow/.local/lib/python3.8/site-packages/airflow/example_dags/example_setup_teardown_taskflow.py
[2023-08-24T04:26:40.205+0000] {logging_mixin.py:151} INFO - [2023-08-24T04:26:40.205+0000] {dag.py:2907} INFO - Sync 1 DAGs
[2023-08-24T04:26:40.220+0000] {logging_mixin.py:151} INFO - [2023-08-24T04:26:40.220+0000] {dag.py:3677} INFO - Setting next_dagrun for example_setup_teardown_taskflow to 2023-08-23T04:26:40.220630+00:00, run_after=2023-08-24T04:26:40.220630+00:00
[2023-08-24T04:26:40.232+0000] {processor.py:179} INFO - Processing /home/airflow/.local/lib/python3.8/site-packages/airflow/example_dags/example_setup_teardown_taskflow.py took 0.050 seconds
[2023-08-24T04:27:10.357+0000] {processor.py:157} INFO - Started process (PID=124) to work on /home/airflow/.local/lib/python3.8/site-packages/airflow/example_dags/example_setup_teardown_taskflow.py
[2023-08-24T04:27:10.358+0000] {processor.py:829} INFO - Processing file /home/airflow/.local/lib/python3.8/site-packages/airflow/example_dags/example_setup_teardown_taskflow.py for tasks to queue
[2023-08-24T04:27:10.360+0000] {logging_mixin.py:151} INFO - [2023-08-24T04:27:10.360+0000] {dagbag.py:539} INFO - Filling up the DagBag from /home/airflow/.local/lib/python3.8/site-packages/airflow/example_dags/example_setup_teardown_taskflow.py
[2023-08-24T04:27:10.366+0000] {processor.py:839} INFO - DAG(s) dict_keys(['example_setup_teardown_taskflow']) retrieved from /home/airflow/.local/lib/python3.8/site-packages/airflow/example_dags/example_setup_teardown_taskflow.py
[2023-08-24T04:27:10.382+0000] {logging_mixin.py:151} INFO - [2023-08-24T04:27:10.382+0000] {dag.py:2907} INFO - Sync 1 DAGs
[2023-08-24T04:27:10.394+0000] {logging_mixin.py:151} INFO - [2023-08-24T04:27:10.394+0000] {dag.py:3677} INFO - Setting next_dagrun for example_setup_teardown_taskflow to 2023-08-23T04:27:10.394372+00:00, run_after=2023-08-24T04:27:10.394372+00:00
[2023-08-24T04:27:10.403+0000] {processor.py:179} INFO - Processing /home/airflow/.local/lib/python3.8/site-packages/airflow/example_dags/example_setup_teardown_taskflow.py took 0.049 seconds
