[2023-08-24T03:04:54.553+0000] {processor.py:157} INFO - Started process (PID=67) to work on /home/airflow/.local/lib/python3.8/site-packages/airflow/example_dags/example_nested_branch_dag.py
[2023-08-24T03:04:54.555+0000] {processor.py:829} INFO - Processing file /home/airflow/.local/lib/python3.8/site-packages/airflow/example_dags/example_nested_branch_dag.py for tasks to queue
[2023-08-24T03:04:54.557+0000] {logging_mixin.py:151} INFO - [2023-08-24T03:04:54.557+0000] {dagbag.py:539} INFO - Filling up the DagBag from /home/airflow/.local/lib/python3.8/site-packages/airflow/example_dags/example_nested_branch_dag.py
[2023-08-24T03:04:54.570+0000] {processor.py:839} INFO - DAG(s) dict_keys(['example_nested_branch_dag']) retrieved from /home/airflow/.local/lib/python3.8/site-packages/airflow/example_dags/example_nested_branch_dag.py
[2023-08-24T03:04:54.585+0000] {logging_mixin.py:151} INFO - [2023-08-24T03:04:54.585+0000] {dag.py:2907} INFO - Sync 1 DAGs
[2023-08-24T03:04:54.614+0000] {logging_mixin.py:151} INFO - [2023-08-24T03:04:54.613+0000] {dag.py:3677} INFO - Setting next_dagrun for example_nested_branch_dag to 2023-08-23T00:00:00+00:00, run_after=2023-08-24T00:00:00+00:00
[2023-08-24T03:04:54.628+0000] {processor.py:179} INFO - Processing /home/airflow/.local/lib/python3.8/site-packages/airflow/example_dags/example_nested_branch_dag.py took 0.078 seconds
[2023-08-24T03:05:24.962+0000] {processor.py:157} INFO - Started process (PID=130) to work on /home/airflow/.local/lib/python3.8/site-packages/airflow/example_dags/example_nested_branch_dag.py
[2023-08-24T03:05:24.964+0000] {processor.py:829} INFO - Processing file /home/airflow/.local/lib/python3.8/site-packages/airflow/example_dags/example_nested_branch_dag.py for tasks to queue
[2023-08-24T03:05:24.966+0000] {logging_mixin.py:151} INFO - [2023-08-24T03:05:24.965+0000] {dagbag.py:539} INFO - Filling up the DagBag from /home/airflow/.local/lib/python3.8/site-packages/airflow/example_dags/example_nested_branch_dag.py
[2023-08-24T03:05:24.973+0000] {processor.py:839} INFO - DAG(s) dict_keys(['example_nested_branch_dag']) retrieved from /home/airflow/.local/lib/python3.8/site-packages/airflow/example_dags/example_nested_branch_dag.py
[2023-08-24T03:05:24.991+0000] {logging_mixin.py:151} INFO - [2023-08-24T03:05:24.991+0000] {dag.py:2907} INFO - Sync 1 DAGs
[2023-08-24T03:05:25.005+0000] {logging_mixin.py:151} INFO - [2023-08-24T03:05:25.005+0000] {dag.py:3677} INFO - Setting next_dagrun for example_nested_branch_dag to 2023-08-23T00:00:00+00:00, run_after=2023-08-24T00:00:00+00:00
[2023-08-24T03:05:25.016+0000] {processor.py:179} INFO - Processing /home/airflow/.local/lib/python3.8/site-packages/airflow/example_dags/example_nested_branch_dag.py took 0.056 seconds
[2023-08-24T03:05:55.944+0000] {processor.py:157} INFO - Started process (PID=193) to work on /home/airflow/.local/lib/python3.8/site-packages/airflow/example_dags/example_nested_branch_dag.py
[2023-08-24T03:05:55.945+0000] {processor.py:829} INFO - Processing file /home/airflow/.local/lib/python3.8/site-packages/airflow/example_dags/example_nested_branch_dag.py for tasks to queue
[2023-08-24T03:05:55.947+0000] {logging_mixin.py:151} INFO - [2023-08-24T03:05:55.947+0000] {dagbag.py:539} INFO - Filling up the DagBag from /home/airflow/.local/lib/python3.8/site-packages/airflow/example_dags/example_nested_branch_dag.py
[2023-08-24T03:05:55.954+0000] {processor.py:839} INFO - DAG(s) dict_keys(['example_nested_branch_dag']) retrieved from /home/airflow/.local/lib/python3.8/site-packages/airflow/example_dags/example_nested_branch_dag.py
[2023-08-24T03:05:55.971+0000] {logging_mixin.py:151} INFO - [2023-08-24T03:05:55.971+0000] {dag.py:2907} INFO - Sync 1 DAGs
[2023-08-24T03:05:55.986+0000] {logging_mixin.py:151} INFO - [2023-08-24T03:05:55.986+0000] {dag.py:3677} INFO - Setting next_dagrun for example_nested_branch_dag to 2023-08-23T00:00:00+00:00, run_after=2023-08-24T00:00:00+00:00
[2023-08-24T03:05:55.997+0000] {processor.py:179} INFO - Processing /home/airflow/.local/lib/python3.8/site-packages/airflow/example_dags/example_nested_branch_dag.py took 0.056 seconds
[2023-08-24T03:06:26.927+0000] {processor.py:157} INFO - Started process (PID=256) to work on /home/airflow/.local/lib/python3.8/site-packages/airflow/example_dags/example_nested_branch_dag.py
[2023-08-24T03:06:26.928+0000] {processor.py:829} INFO - Processing file /home/airflow/.local/lib/python3.8/site-packages/airflow/example_dags/example_nested_branch_dag.py for tasks to queue
[2023-08-24T03:06:26.930+0000] {logging_mixin.py:151} INFO - [2023-08-24T03:06:26.930+0000] {dagbag.py:539} INFO - Filling up the DagBag from /home/airflow/.local/lib/python3.8/site-packages/airflow/example_dags/example_nested_branch_dag.py
[2023-08-24T03:06:26.938+0000] {processor.py:839} INFO - DAG(s) dict_keys(['example_nested_branch_dag']) retrieved from /home/airflow/.local/lib/python3.8/site-packages/airflow/example_dags/example_nested_branch_dag.py
[2023-08-24T03:06:26.955+0000] {logging_mixin.py:151} INFO - [2023-08-24T03:06:26.955+0000] {dag.py:2907} INFO - Sync 1 DAGs
[2023-08-24T03:06:26.968+0000] {logging_mixin.py:151} INFO - [2023-08-24T03:06:26.968+0000] {dag.py:3677} INFO - Setting next_dagrun for example_nested_branch_dag to 2023-08-23T00:00:00+00:00, run_after=2023-08-24T00:00:00+00:00
[2023-08-24T03:06:26.979+0000] {processor.py:179} INFO - Processing /home/airflow/.local/lib/python3.8/site-packages/airflow/example_dags/example_nested_branch_dag.py took 0.055 seconds
[2023-08-24T03:06:57.772+0000] {processor.py:157} INFO - Started process (PID=319) to work on /home/airflow/.local/lib/python3.8/site-packages/airflow/example_dags/example_nested_branch_dag.py
[2023-08-24T03:06:57.773+0000] {processor.py:829} INFO - Processing file /home/airflow/.local/lib/python3.8/site-packages/airflow/example_dags/example_nested_branch_dag.py for tasks to queue
[2023-08-24T03:06:57.777+0000] {logging_mixin.py:151} INFO - [2023-08-24T03:06:57.776+0000] {dagbag.py:539} INFO - Filling up the DagBag from /home/airflow/.local/lib/python3.8/site-packages/airflow/example_dags/example_nested_branch_dag.py
[2023-08-24T03:06:57.788+0000] {processor.py:839} INFO - DAG(s) dict_keys(['example_nested_branch_dag']) retrieved from /home/airflow/.local/lib/python3.8/site-packages/airflow/example_dags/example_nested_branch_dag.py
[2023-08-24T03:06:57.826+0000] {logging_mixin.py:151} INFO - [2023-08-24T03:06:57.826+0000] {dag.py:2907} INFO - Sync 1 DAGs
[2023-08-24T03:06:57.842+0000] {logging_mixin.py:151} INFO - [2023-08-24T03:06:57.842+0000] {dag.py:3677} INFO - Setting next_dagrun for example_nested_branch_dag to 2023-08-23T00:00:00+00:00, run_after=2023-08-24T00:00:00+00:00
[2023-08-24T03:06:57.853+0000] {processor.py:179} INFO - Processing /home/airflow/.local/lib/python3.8/site-packages/airflow/example_dags/example_nested_branch_dag.py took 0.084 seconds
[2023-08-24T03:07:28.550+0000] {processor.py:157} INFO - Started process (PID=386) to work on /home/airflow/.local/lib/python3.8/site-packages/airflow/example_dags/example_nested_branch_dag.py
[2023-08-24T03:07:28.551+0000] {processor.py:829} INFO - Processing file /home/airflow/.local/lib/python3.8/site-packages/airflow/example_dags/example_nested_branch_dag.py for tasks to queue
[2023-08-24T03:07:28.553+0000] {logging_mixin.py:151} INFO - [2023-08-24T03:07:28.553+0000] {dagbag.py:539} INFO - Filling up the DagBag from /home/airflow/.local/lib/python3.8/site-packages/airflow/example_dags/example_nested_branch_dag.py
[2023-08-24T03:07:28.561+0000] {processor.py:839} INFO - DAG(s) dict_keys(['example_nested_branch_dag']) retrieved from /home/airflow/.local/lib/python3.8/site-packages/airflow/example_dags/example_nested_branch_dag.py
[2023-08-24T03:07:28.578+0000] {logging_mixin.py:151} INFO - [2023-08-24T03:07:28.578+0000] {dag.py:2907} INFO - Sync 1 DAGs
[2023-08-24T03:07:28.591+0000] {logging_mixin.py:151} INFO - [2023-08-24T03:07:28.591+0000] {dag.py:3677} INFO - Setting next_dagrun for example_nested_branch_dag to 2023-08-23T00:00:00+00:00, run_after=2023-08-24T00:00:00+00:00
[2023-08-24T03:07:28.600+0000] {processor.py:179} INFO - Processing /home/airflow/.local/lib/python3.8/site-packages/airflow/example_dags/example_nested_branch_dag.py took 0.053 seconds
[2023-08-24T03:07:59.215+0000] {processor.py:157} INFO - Started process (PID=449) to work on /home/airflow/.local/lib/python3.8/site-packages/airflow/example_dags/example_nested_branch_dag.py
[2023-08-24T03:07:59.216+0000] {processor.py:829} INFO - Processing file /home/airflow/.local/lib/python3.8/site-packages/airflow/example_dags/example_nested_branch_dag.py for tasks to queue
[2023-08-24T03:07:59.219+0000] {logging_mixin.py:151} INFO - [2023-08-24T03:07:59.218+0000] {dagbag.py:539} INFO - Filling up the DagBag from /home/airflow/.local/lib/python3.8/site-packages/airflow/example_dags/example_nested_branch_dag.py
[2023-08-24T03:07:59.225+0000] {processor.py:839} INFO - DAG(s) dict_keys(['example_nested_branch_dag']) retrieved from /home/airflow/.local/lib/python3.8/site-packages/airflow/example_dags/example_nested_branch_dag.py
[2023-08-24T03:07:59.243+0000] {logging_mixin.py:151} INFO - [2023-08-24T03:07:59.243+0000] {dag.py:2907} INFO - Sync 1 DAGs
[2023-08-24T03:07:59.255+0000] {logging_mixin.py:151} INFO - [2023-08-24T03:07:59.255+0000] {dag.py:3677} INFO - Setting next_dagrun for example_nested_branch_dag to 2023-08-23T00:00:00+00:00, run_after=2023-08-24T00:00:00+00:00
[2023-08-24T03:07:59.265+0000] {processor.py:179} INFO - Processing /home/airflow/.local/lib/python3.8/site-packages/airflow/example_dags/example_nested_branch_dag.py took 0.052 seconds
[2023-08-24T03:08:30.094+0000] {processor.py:157} INFO - Started process (PID=513) to work on /home/airflow/.local/lib/python3.8/site-packages/airflow/example_dags/example_nested_branch_dag.py
[2023-08-24T03:08:30.100+0000] {processor.py:829} INFO - Processing file /home/airflow/.local/lib/python3.8/site-packages/airflow/example_dags/example_nested_branch_dag.py for tasks to queue
[2023-08-24T03:08:30.102+0000] {logging_mixin.py:151} INFO - [2023-08-24T03:08:30.102+0000] {dagbag.py:539} INFO - Filling up the DagBag from /home/airflow/.local/lib/python3.8/site-packages/airflow/example_dags/example_nested_branch_dag.py
[2023-08-24T03:08:30.109+0000] {processor.py:839} INFO - DAG(s) dict_keys(['example_nested_branch_dag']) retrieved from /home/airflow/.local/lib/python3.8/site-packages/airflow/example_dags/example_nested_branch_dag.py
[2023-08-24T03:08:30.127+0000] {logging_mixin.py:151} INFO - [2023-08-24T03:08:30.127+0000] {dag.py:2907} INFO - Sync 1 DAGs
[2023-08-24T03:08:30.141+0000] {logging_mixin.py:151} INFO - [2023-08-24T03:08:30.141+0000] {dag.py:3677} INFO - Setting next_dagrun for example_nested_branch_dag to 2023-08-23T00:00:00+00:00, run_after=2023-08-24T00:00:00+00:00
[2023-08-24T03:08:30.151+0000] {processor.py:179} INFO - Processing /home/airflow/.local/lib/python3.8/site-packages/airflow/example_dags/example_nested_branch_dag.py took 0.060 seconds
[2023-08-24T03:09:00.929+0000] {processor.py:157} INFO - Started process (PID=576) to work on /home/airflow/.local/lib/python3.8/site-packages/airflow/example_dags/example_nested_branch_dag.py
[2023-08-24T03:09:00.931+0000] {processor.py:829} INFO - Processing file /home/airflow/.local/lib/python3.8/site-packages/airflow/example_dags/example_nested_branch_dag.py for tasks to queue
[2023-08-24T03:09:00.933+0000] {logging_mixin.py:151} INFO - [2023-08-24T03:09:00.933+0000] {dagbag.py:539} INFO - Filling up the DagBag from /home/airflow/.local/lib/python3.8/site-packages/airflow/example_dags/example_nested_branch_dag.py
[2023-08-24T03:09:00.939+0000] {processor.py:839} INFO - DAG(s) dict_keys(['example_nested_branch_dag']) retrieved from /home/airflow/.local/lib/python3.8/site-packages/airflow/example_dags/example_nested_branch_dag.py
[2023-08-24T03:09:00.956+0000] {logging_mixin.py:151} INFO - [2023-08-24T03:09:00.956+0000] {dag.py:2907} INFO - Sync 1 DAGs
[2023-08-24T03:09:00.969+0000] {logging_mixin.py:151} INFO - [2023-08-24T03:09:00.969+0000] {dag.py:3677} INFO - Setting next_dagrun for example_nested_branch_dag to 2023-08-23T00:00:00+00:00, run_after=2023-08-24T00:00:00+00:00
[2023-08-24T03:09:00.979+0000] {processor.py:179} INFO - Processing /home/airflow/.local/lib/python3.8/site-packages/airflow/example_dags/example_nested_branch_dag.py took 0.053 seconds
[2023-08-24T03:16:30.225+0000] {processor.py:157} INFO - Started process (PID=68) to work on /home/airflow/.local/lib/python3.8/site-packages/airflow/example_dags/example_nested_branch_dag.py
[2023-08-24T03:16:30.226+0000] {processor.py:829} INFO - Processing file /home/airflow/.local/lib/python3.8/site-packages/airflow/example_dags/example_nested_branch_dag.py for tasks to queue
[2023-08-24T03:16:30.228+0000] {logging_mixin.py:151} INFO - [2023-08-24T03:16:30.228+0000] {dagbag.py:539} INFO - Filling up the DagBag from /home/airflow/.local/lib/python3.8/site-packages/airflow/example_dags/example_nested_branch_dag.py
[2023-08-24T03:16:30.238+0000] {processor.py:839} INFO - DAG(s) dict_keys(['example_nested_branch_dag']) retrieved from /home/airflow/.local/lib/python3.8/site-packages/airflow/example_dags/example_nested_branch_dag.py
[2023-08-24T03:16:30.252+0000] {logging_mixin.py:151} INFO - [2023-08-24T03:16:30.252+0000] {dag.py:2907} INFO - Sync 1 DAGs
[2023-08-24T03:16:30.269+0000] {logging_mixin.py:151} INFO - [2023-08-24T03:16:30.269+0000] {dag.py:3677} INFO - Setting next_dagrun for example_nested_branch_dag to 2023-08-23T00:00:00+00:00, run_after=2023-08-24T00:00:00+00:00
[2023-08-24T03:16:30.280+0000] {processor.py:179} INFO - Processing /home/airflow/.local/lib/python3.8/site-packages/airflow/example_dags/example_nested_branch_dag.py took 0.059 seconds
[2023-08-24T03:17:00.406+0000] {processor.py:157} INFO - Started process (PID=131) to work on /home/airflow/.local/lib/python3.8/site-packages/airflow/example_dags/example_nested_branch_dag.py
[2023-08-24T03:17:00.407+0000] {processor.py:829} INFO - Processing file /home/airflow/.local/lib/python3.8/site-packages/airflow/example_dags/example_nested_branch_dag.py for tasks to queue
[2023-08-24T03:17:00.409+0000] {logging_mixin.py:151} INFO - [2023-08-24T03:17:00.409+0000] {dagbag.py:539} INFO - Filling up the DagBag from /home/airflow/.local/lib/python3.8/site-packages/airflow/example_dags/example_nested_branch_dag.py
[2023-08-24T03:17:00.416+0000] {processor.py:839} INFO - DAG(s) dict_keys(['example_nested_branch_dag']) retrieved from /home/airflow/.local/lib/python3.8/site-packages/airflow/example_dags/example_nested_branch_dag.py
[2023-08-24T03:17:00.433+0000] {logging_mixin.py:151} INFO - [2023-08-24T03:17:00.433+0000] {dag.py:2907} INFO - Sync 1 DAGs
[2023-08-24T03:17:00.446+0000] {logging_mixin.py:151} INFO - [2023-08-24T03:17:00.446+0000] {dag.py:3677} INFO - Setting next_dagrun for example_nested_branch_dag to 2023-08-23T00:00:00+00:00, run_after=2023-08-24T00:00:00+00:00
[2023-08-24T03:17:00.456+0000] {processor.py:179} INFO - Processing /home/airflow/.local/lib/python3.8/site-packages/airflow/example_dags/example_nested_branch_dag.py took 0.053 seconds
[2023-08-24T03:17:31.114+0000] {processor.py:157} INFO - Started process (PID=194) to work on /home/airflow/.local/lib/python3.8/site-packages/airflow/example_dags/example_nested_branch_dag.py
[2023-08-24T03:17:31.115+0000] {processor.py:829} INFO - Processing file /home/airflow/.local/lib/python3.8/site-packages/airflow/example_dags/example_nested_branch_dag.py for tasks to queue
[2023-08-24T03:17:31.117+0000] {logging_mixin.py:151} INFO - [2023-08-24T03:17:31.117+0000] {dagbag.py:539} INFO - Filling up the DagBag from /home/airflow/.local/lib/python3.8/site-packages/airflow/example_dags/example_nested_branch_dag.py
[2023-08-24T03:17:31.124+0000] {processor.py:839} INFO - DAG(s) dict_keys(['example_nested_branch_dag']) retrieved from /home/airflow/.local/lib/python3.8/site-packages/airflow/example_dags/example_nested_branch_dag.py
[2023-08-24T03:17:31.140+0000] {logging_mixin.py:151} INFO - [2023-08-24T03:17:31.140+0000] {dag.py:2907} INFO - Sync 1 DAGs
[2023-08-24T03:17:31.153+0000] {logging_mixin.py:151} INFO - [2023-08-24T03:17:31.153+0000] {dag.py:3677} INFO - Setting next_dagrun for example_nested_branch_dag to 2023-08-23T00:00:00+00:00, run_after=2023-08-24T00:00:00+00:00
[2023-08-24T03:17:31.163+0000] {processor.py:179} INFO - Processing /home/airflow/.local/lib/python3.8/site-packages/airflow/example_dags/example_nested_branch_dag.py took 0.052 seconds
[2023-08-24T03:18:02.107+0000] {processor.py:157} INFO - Started process (PID=257) to work on /home/airflow/.local/lib/python3.8/site-packages/airflow/example_dags/example_nested_branch_dag.py
[2023-08-24T03:18:02.109+0000] {processor.py:829} INFO - Processing file /home/airflow/.local/lib/python3.8/site-packages/airflow/example_dags/example_nested_branch_dag.py for tasks to queue
[2023-08-24T03:18:02.112+0000] {logging_mixin.py:151} INFO - [2023-08-24T03:18:02.112+0000] {dagbag.py:539} INFO - Filling up the DagBag from /home/airflow/.local/lib/python3.8/site-packages/airflow/example_dags/example_nested_branch_dag.py
[2023-08-24T03:18:02.122+0000] {processor.py:839} INFO - DAG(s) dict_keys(['example_nested_branch_dag']) retrieved from /home/airflow/.local/lib/python3.8/site-packages/airflow/example_dags/example_nested_branch_dag.py
[2023-08-24T03:18:02.155+0000] {logging_mixin.py:151} INFO - [2023-08-24T03:18:02.155+0000] {dag.py:2907} INFO - Sync 1 DAGs
[2023-08-24T03:18:02.174+0000] {logging_mixin.py:151} INFO - [2023-08-24T03:18:02.174+0000] {dag.py:3677} INFO - Setting next_dagrun for example_nested_branch_dag to 2023-08-23T00:00:00+00:00, run_after=2023-08-24T00:00:00+00:00
[2023-08-24T03:18:02.215+0000] {processor.py:179} INFO - Processing /home/airflow/.local/lib/python3.8/site-packages/airflow/example_dags/example_nested_branch_dag.py took 0.111 seconds
[2023-08-24T03:19:16.461+0000] {processor.py:157} INFO - Started process (PID=67) to work on /home/airflow/.local/lib/python3.8/site-packages/airflow/example_dags/example_nested_branch_dag.py
[2023-08-24T03:19:16.462+0000] {processor.py:829} INFO - Processing file /home/airflow/.local/lib/python3.8/site-packages/airflow/example_dags/example_nested_branch_dag.py for tasks to queue
[2023-08-24T03:19:16.465+0000] {logging_mixin.py:151} INFO - [2023-08-24T03:19:16.465+0000] {dagbag.py:539} INFO - Filling up the DagBag from /home/airflow/.local/lib/python3.8/site-packages/airflow/example_dags/example_nested_branch_dag.py
[2023-08-24T03:19:16.473+0000] {processor.py:839} INFO - DAG(s) dict_keys(['example_nested_branch_dag']) retrieved from /home/airflow/.local/lib/python3.8/site-packages/airflow/example_dags/example_nested_branch_dag.py
[2023-08-24T03:19:16.485+0000] {logging_mixin.py:151} INFO - [2023-08-24T03:19:16.484+0000] {dag.py:2907} INFO - Sync 1 DAGs
[2023-08-24T03:19:16.500+0000] {logging_mixin.py:151} INFO - [2023-08-24T03:19:16.500+0000] {dag.py:3677} INFO - Setting next_dagrun for example_nested_branch_dag to 2023-08-23T00:00:00+00:00, run_after=2023-08-24T00:00:00+00:00
[2023-08-24T03:19:16.510+0000] {processor.py:179} INFO - Processing /home/airflow/.local/lib/python3.8/site-packages/airflow/example_dags/example_nested_branch_dag.py took 0.052 seconds
[2023-08-24T03:22:57.121+0000] {processor.py:157} INFO - Started process (PID=66) to work on /home/airflow/.local/lib/python3.8/site-packages/airflow/example_dags/example_nested_branch_dag.py
[2023-08-24T03:22:57.122+0000] {processor.py:829} INFO - Processing file /home/airflow/.local/lib/python3.8/site-packages/airflow/example_dags/example_nested_branch_dag.py for tasks to queue
[2023-08-24T03:22:57.124+0000] {logging_mixin.py:151} INFO - [2023-08-24T03:22:57.124+0000] {dagbag.py:539} INFO - Filling up the DagBag from /home/airflow/.local/lib/python3.8/site-packages/airflow/example_dags/example_nested_branch_dag.py
[2023-08-24T03:22:57.132+0000] {processor.py:839} INFO - DAG(s) dict_keys(['example_nested_branch_dag']) retrieved from /home/airflow/.local/lib/python3.8/site-packages/airflow/example_dags/example_nested_branch_dag.py
[2023-08-24T03:22:57.145+0000] {logging_mixin.py:151} INFO - [2023-08-24T03:22:57.145+0000] {dag.py:2907} INFO - Sync 1 DAGs
[2023-08-24T03:22:57.163+0000] {logging_mixin.py:151} INFO - [2023-08-24T03:22:57.163+0000] {dag.py:3677} INFO - Setting next_dagrun for example_nested_branch_dag to 2023-08-23T00:00:00+00:00, run_after=2023-08-24T00:00:00+00:00
[2023-08-24T03:22:57.177+0000] {processor.py:179} INFO - Processing /home/airflow/.local/lib/python3.8/site-packages/airflow/example_dags/example_nested_branch_dag.py took 0.059 seconds
[2023-08-24T03:23:27.582+0000] {processor.py:157} INFO - Started process (PID=129) to work on /home/airflow/.local/lib/python3.8/site-packages/airflow/example_dags/example_nested_branch_dag.py
[2023-08-24T03:23:27.584+0000] {processor.py:829} INFO - Processing file /home/airflow/.local/lib/python3.8/site-packages/airflow/example_dags/example_nested_branch_dag.py for tasks to queue
[2023-08-24T03:23:27.587+0000] {logging_mixin.py:151} INFO - [2023-08-24T03:23:27.586+0000] {dagbag.py:539} INFO - Filling up the DagBag from /home/airflow/.local/lib/python3.8/site-packages/airflow/example_dags/example_nested_branch_dag.py
[2023-08-24T03:23:27.595+0000] {processor.py:839} INFO - DAG(s) dict_keys(['example_nested_branch_dag']) retrieved from /home/airflow/.local/lib/python3.8/site-packages/airflow/example_dags/example_nested_branch_dag.py
[2023-08-24T03:23:27.614+0000] {logging_mixin.py:151} INFO - [2023-08-24T03:23:27.614+0000] {dag.py:2907} INFO - Sync 1 DAGs
[2023-08-24T03:23:27.629+0000] {logging_mixin.py:151} INFO - [2023-08-24T03:23:27.628+0000] {dag.py:3677} INFO - Setting next_dagrun for example_nested_branch_dag to 2023-08-23T00:00:00+00:00, run_after=2023-08-24T00:00:00+00:00
[2023-08-24T03:23:27.639+0000] {processor.py:179} INFO - Processing /home/airflow/.local/lib/python3.8/site-packages/airflow/example_dags/example_nested_branch_dag.py took 0.060 seconds
[2023-08-24T03:59:49.163+0000] {processor.py:157} INFO - Started process (PID=67) to work on /home/airflow/.local/lib/python3.8/site-packages/airflow/example_dags/example_nested_branch_dag.py
[2023-08-24T03:59:49.165+0000] {processor.py:829} INFO - Processing file /home/airflow/.local/lib/python3.8/site-packages/airflow/example_dags/example_nested_branch_dag.py for tasks to queue
[2023-08-24T03:59:49.167+0000] {logging_mixin.py:151} INFO - [2023-08-24T03:59:49.167+0000] {dagbag.py:539} INFO - Filling up the DagBag from /home/airflow/.local/lib/python3.8/site-packages/airflow/example_dags/example_nested_branch_dag.py
[2023-08-24T03:59:49.176+0000] {processor.py:839} INFO - DAG(s) dict_keys(['example_nested_branch_dag']) retrieved from /home/airflow/.local/lib/python3.8/site-packages/airflow/example_dags/example_nested_branch_dag.py
[2023-08-24T03:59:49.192+0000] {logging_mixin.py:151} INFO - [2023-08-24T03:59:49.192+0000] {dag.py:2907} INFO - Sync 1 DAGs
[2023-08-24T03:59:49.212+0000] {logging_mixin.py:151} INFO - [2023-08-24T03:59:49.212+0000] {dag.py:3677} INFO - Setting next_dagrun for example_nested_branch_dag to 2023-08-23T00:00:00+00:00, run_after=2023-08-24T00:00:00+00:00
[2023-08-24T03:59:49.224+0000] {processor.py:179} INFO - Processing /home/airflow/.local/lib/python3.8/site-packages/airflow/example_dags/example_nested_branch_dag.py took 0.064 seconds
[2023-08-24T04:00:19.401+0000] {processor.py:157} INFO - Started process (PID=130) to work on /home/airflow/.local/lib/python3.8/site-packages/airflow/example_dags/example_nested_branch_dag.py
[2023-08-24T04:00:19.402+0000] {processor.py:829} INFO - Processing file /home/airflow/.local/lib/python3.8/site-packages/airflow/example_dags/example_nested_branch_dag.py for tasks to queue
[2023-08-24T04:00:19.404+0000] {logging_mixin.py:151} INFO - [2023-08-24T04:00:19.404+0000] {dagbag.py:539} INFO - Filling up the DagBag from /home/airflow/.local/lib/python3.8/site-packages/airflow/example_dags/example_nested_branch_dag.py
[2023-08-24T04:00:19.411+0000] {processor.py:839} INFO - DAG(s) dict_keys(['example_nested_branch_dag']) retrieved from /home/airflow/.local/lib/python3.8/site-packages/airflow/example_dags/example_nested_branch_dag.py
[2023-08-24T04:00:19.427+0000] {logging_mixin.py:151} INFO - [2023-08-24T04:00:19.427+0000] {dag.py:2907} INFO - Sync 1 DAGs
[2023-08-24T04:00:19.441+0000] {logging_mixin.py:151} INFO - [2023-08-24T04:00:19.441+0000] {dag.py:3677} INFO - Setting next_dagrun for example_nested_branch_dag to 2023-08-23T00:00:00+00:00, run_after=2023-08-24T00:00:00+00:00
[2023-08-24T04:00:19.452+0000] {processor.py:179} INFO - Processing /home/airflow/.local/lib/python3.8/site-packages/airflow/example_dags/example_nested_branch_dag.py took 0.054 seconds
[2023-08-24T04:00:50.226+0000] {processor.py:157} INFO - Started process (PID=193) to work on /home/airflow/.local/lib/python3.8/site-packages/airflow/example_dags/example_nested_branch_dag.py
[2023-08-24T04:00:50.227+0000] {processor.py:829} INFO - Processing file /home/airflow/.local/lib/python3.8/site-packages/airflow/example_dags/example_nested_branch_dag.py for tasks to queue
[2023-08-24T04:00:50.229+0000] {logging_mixin.py:151} INFO - [2023-08-24T04:00:50.229+0000] {dagbag.py:539} INFO - Filling up the DagBag from /home/airflow/.local/lib/python3.8/site-packages/airflow/example_dags/example_nested_branch_dag.py
[2023-08-24T04:00:50.236+0000] {processor.py:839} INFO - DAG(s) dict_keys(['example_nested_branch_dag']) retrieved from /home/airflow/.local/lib/python3.8/site-packages/airflow/example_dags/example_nested_branch_dag.py
[2023-08-24T04:00:50.253+0000] {logging_mixin.py:151} INFO - [2023-08-24T04:00:50.253+0000] {dag.py:2907} INFO - Sync 1 DAGs
[2023-08-24T04:00:50.267+0000] {logging_mixin.py:151} INFO - [2023-08-24T04:00:50.267+0000] {dag.py:3677} INFO - Setting next_dagrun for example_nested_branch_dag to 2023-08-23T00:00:00+00:00, run_after=2023-08-24T00:00:00+00:00
[2023-08-24T04:00:50.278+0000] {processor.py:179} INFO - Processing /home/airflow/.local/lib/python3.8/site-packages/airflow/example_dags/example_nested_branch_dag.py took 0.055 seconds
[2023-08-24T04:01:20.946+0000] {processor.py:157} INFO - Started process (PID=256) to work on /home/airflow/.local/lib/python3.8/site-packages/airflow/example_dags/example_nested_branch_dag.py
[2023-08-24T04:01:20.947+0000] {processor.py:829} INFO - Processing file /home/airflow/.local/lib/python3.8/site-packages/airflow/example_dags/example_nested_branch_dag.py for tasks to queue
[2023-08-24T04:01:20.949+0000] {logging_mixin.py:151} INFO - [2023-08-24T04:01:20.949+0000] {dagbag.py:539} INFO - Filling up the DagBag from /home/airflow/.local/lib/python3.8/site-packages/airflow/example_dags/example_nested_branch_dag.py
[2023-08-24T04:01:20.956+0000] {processor.py:839} INFO - DAG(s) dict_keys(['example_nested_branch_dag']) retrieved from /home/airflow/.local/lib/python3.8/site-packages/airflow/example_dags/example_nested_branch_dag.py
[2023-08-24T04:01:20.974+0000] {logging_mixin.py:151} INFO - [2023-08-24T04:01:20.974+0000] {dag.py:2907} INFO - Sync 1 DAGs
[2023-08-24T04:01:20.988+0000] {logging_mixin.py:151} INFO - [2023-08-24T04:01:20.988+0000] {dag.py:3677} INFO - Setting next_dagrun for example_nested_branch_dag to 2023-08-23T00:00:00+00:00, run_after=2023-08-24T00:00:00+00:00
[2023-08-24T04:01:20.998+0000] {processor.py:179} INFO - Processing /home/airflow/.local/lib/python3.8/site-packages/airflow/example_dags/example_nested_branch_dag.py took 0.055 seconds
[2023-08-24T04:01:51.802+0000] {processor.py:157} INFO - Started process (PID=319) to work on /home/airflow/.local/lib/python3.8/site-packages/airflow/example_dags/example_nested_branch_dag.py
[2023-08-24T04:01:51.803+0000] {processor.py:829} INFO - Processing file /home/airflow/.local/lib/python3.8/site-packages/airflow/example_dags/example_nested_branch_dag.py for tasks to queue
[2023-08-24T04:01:51.805+0000] {logging_mixin.py:151} INFO - [2023-08-24T04:01:51.805+0000] {dagbag.py:539} INFO - Filling up the DagBag from /home/airflow/.local/lib/python3.8/site-packages/airflow/example_dags/example_nested_branch_dag.py
[2023-08-24T04:01:51.812+0000] {processor.py:839} INFO - DAG(s) dict_keys(['example_nested_branch_dag']) retrieved from /home/airflow/.local/lib/python3.8/site-packages/airflow/example_dags/example_nested_branch_dag.py
[2023-08-24T04:01:51.829+0000] {logging_mixin.py:151} INFO - [2023-08-24T04:01:51.829+0000] {dag.py:2907} INFO - Sync 1 DAGs
[2023-08-24T04:01:51.843+0000] {logging_mixin.py:151} INFO - [2023-08-24T04:01:51.842+0000] {dag.py:3677} INFO - Setting next_dagrun for example_nested_branch_dag to 2023-08-23T00:00:00+00:00, run_after=2023-08-24T00:00:00+00:00
[2023-08-24T04:01:51.853+0000] {processor.py:179} INFO - Processing /home/airflow/.local/lib/python3.8/site-packages/airflow/example_dags/example_nested_branch_dag.py took 0.054 seconds
[2023-08-24T04:02:22.718+0000] {processor.py:157} INFO - Started process (PID=382) to work on /home/airflow/.local/lib/python3.8/site-packages/airflow/example_dags/example_nested_branch_dag.py
[2023-08-24T04:02:22.719+0000] {processor.py:829} INFO - Processing file /home/airflow/.local/lib/python3.8/site-packages/airflow/example_dags/example_nested_branch_dag.py for tasks to queue
[2023-08-24T04:02:22.721+0000] {logging_mixin.py:151} INFO - [2023-08-24T04:02:22.721+0000] {dagbag.py:539} INFO - Filling up the DagBag from /home/airflow/.local/lib/python3.8/site-packages/airflow/example_dags/example_nested_branch_dag.py
[2023-08-24T04:02:22.730+0000] {processor.py:839} INFO - DAG(s) dict_keys(['example_nested_branch_dag']) retrieved from /home/airflow/.local/lib/python3.8/site-packages/airflow/example_dags/example_nested_branch_dag.py
[2023-08-24T04:02:22.747+0000] {logging_mixin.py:151} INFO - [2023-08-24T04:02:22.747+0000] {dag.py:2907} INFO - Sync 1 DAGs
[2023-08-24T04:02:22.760+0000] {logging_mixin.py:151} INFO - [2023-08-24T04:02:22.760+0000] {dag.py:3677} INFO - Setting next_dagrun for example_nested_branch_dag to 2023-08-23T00:00:00+00:00, run_after=2023-08-24T00:00:00+00:00
[2023-08-24T04:02:22.770+0000] {processor.py:179} INFO - Processing /home/airflow/.local/lib/python3.8/site-packages/airflow/example_dags/example_nested_branch_dag.py took 0.055 seconds
[2023-08-24T04:02:53.357+0000] {processor.py:157} INFO - Started process (PID=445) to work on /home/airflow/.local/lib/python3.8/site-packages/airflow/example_dags/example_nested_branch_dag.py
[2023-08-24T04:02:53.358+0000] {processor.py:829} INFO - Processing file /home/airflow/.local/lib/python3.8/site-packages/airflow/example_dags/example_nested_branch_dag.py for tasks to queue
[2023-08-24T04:02:53.360+0000] {logging_mixin.py:151} INFO - [2023-08-24T04:02:53.360+0000] {dagbag.py:539} INFO - Filling up the DagBag from /home/airflow/.local/lib/python3.8/site-packages/airflow/example_dags/example_nested_branch_dag.py
[2023-08-24T04:02:53.367+0000] {processor.py:839} INFO - DAG(s) dict_keys(['example_nested_branch_dag']) retrieved from /home/airflow/.local/lib/python3.8/site-packages/airflow/example_dags/example_nested_branch_dag.py
[2023-08-24T04:02:53.386+0000] {logging_mixin.py:151} INFO - [2023-08-24T04:02:53.386+0000] {dag.py:2907} INFO - Sync 1 DAGs
[2023-08-24T04:02:53.400+0000] {logging_mixin.py:151} INFO - [2023-08-24T04:02:53.400+0000] {dag.py:3677} INFO - Setting next_dagrun for example_nested_branch_dag to 2023-08-23T00:00:00+00:00, run_after=2023-08-24T00:00:00+00:00
[2023-08-24T04:02:53.410+0000] {processor.py:179} INFO - Processing /home/airflow/.local/lib/python3.8/site-packages/airflow/example_dags/example_nested_branch_dag.py took 0.056 seconds
[2023-08-24T04:03:23.977+0000] {processor.py:157} INFO - Started process (PID=508) to work on /home/airflow/.local/lib/python3.8/site-packages/airflow/example_dags/example_nested_branch_dag.py
[2023-08-24T04:03:23.978+0000] {processor.py:829} INFO - Processing file /home/airflow/.local/lib/python3.8/site-packages/airflow/example_dags/example_nested_branch_dag.py for tasks to queue
[2023-08-24T04:03:23.980+0000] {logging_mixin.py:151} INFO - [2023-08-24T04:03:23.980+0000] {dagbag.py:539} INFO - Filling up the DagBag from /home/airflow/.local/lib/python3.8/site-packages/airflow/example_dags/example_nested_branch_dag.py
[2023-08-24T04:03:23.987+0000] {processor.py:839} INFO - DAG(s) dict_keys(['example_nested_branch_dag']) retrieved from /home/airflow/.local/lib/python3.8/site-packages/airflow/example_dags/example_nested_branch_dag.py
[2023-08-24T04:03:24.005+0000] {logging_mixin.py:151} INFO - [2023-08-24T04:03:24.005+0000] {dag.py:2907} INFO - Sync 1 DAGs
[2023-08-24T04:03:24.019+0000] {logging_mixin.py:151} INFO - [2023-08-24T04:03:24.018+0000] {dag.py:3677} INFO - Setting next_dagrun for example_nested_branch_dag to 2023-08-23T00:00:00+00:00, run_after=2023-08-24T00:00:00+00:00
[2023-08-24T04:03:24.029+0000] {processor.py:179} INFO - Processing /home/airflow/.local/lib/python3.8/site-packages/airflow/example_dags/example_nested_branch_dag.py took 0.055 seconds
[2023-08-24T04:03:54.792+0000] {processor.py:157} INFO - Started process (PID=571) to work on /home/airflow/.local/lib/python3.8/site-packages/airflow/example_dags/example_nested_branch_dag.py
[2023-08-24T04:03:54.793+0000] {processor.py:829} INFO - Processing file /home/airflow/.local/lib/python3.8/site-packages/airflow/example_dags/example_nested_branch_dag.py for tasks to queue
[2023-08-24T04:03:54.795+0000] {logging_mixin.py:151} INFO - [2023-08-24T04:03:54.795+0000] {dagbag.py:539} INFO - Filling up the DagBag from /home/airflow/.local/lib/python3.8/site-packages/airflow/example_dags/example_nested_branch_dag.py
[2023-08-24T04:03:54.804+0000] {processor.py:839} INFO - DAG(s) dict_keys(['example_nested_branch_dag']) retrieved from /home/airflow/.local/lib/python3.8/site-packages/airflow/example_dags/example_nested_branch_dag.py
[2023-08-24T04:03:54.821+0000] {logging_mixin.py:151} INFO - [2023-08-24T04:03:54.821+0000] {dag.py:2907} INFO - Sync 1 DAGs
[2023-08-24T04:03:54.834+0000] {logging_mixin.py:151} INFO - [2023-08-24T04:03:54.834+0000] {dag.py:3677} INFO - Setting next_dagrun for example_nested_branch_dag to 2023-08-23T00:00:00+00:00, run_after=2023-08-24T00:00:00+00:00
[2023-08-24T04:03:54.845+0000] {processor.py:179} INFO - Processing /home/airflow/.local/lib/python3.8/site-packages/airflow/example_dags/example_nested_branch_dag.py took 0.055 seconds
[2023-08-24T04:04:25.496+0000] {processor.py:157} INFO - Started process (PID=634) to work on /home/airflow/.local/lib/python3.8/site-packages/airflow/example_dags/example_nested_branch_dag.py
[2023-08-24T04:04:25.497+0000] {processor.py:829} INFO - Processing file /home/airflow/.local/lib/python3.8/site-packages/airflow/example_dags/example_nested_branch_dag.py for tasks to queue
[2023-08-24T04:04:25.499+0000] {logging_mixin.py:151} INFO - [2023-08-24T04:04:25.499+0000] {dagbag.py:539} INFO - Filling up the DagBag from /home/airflow/.local/lib/python3.8/site-packages/airflow/example_dags/example_nested_branch_dag.py
[2023-08-24T04:04:25.507+0000] {processor.py:839} INFO - DAG(s) dict_keys(['example_nested_branch_dag']) retrieved from /home/airflow/.local/lib/python3.8/site-packages/airflow/example_dags/example_nested_branch_dag.py
[2023-08-24T04:04:25.525+0000] {logging_mixin.py:151} INFO - [2023-08-24T04:04:25.525+0000] {dag.py:2907} INFO - Sync 1 DAGs
[2023-08-24T04:04:25.541+0000] {logging_mixin.py:151} INFO - [2023-08-24T04:04:25.541+0000] {dag.py:3677} INFO - Setting next_dagrun for example_nested_branch_dag to 2023-08-23T00:00:00+00:00, run_after=2023-08-24T00:00:00+00:00
[2023-08-24T04:04:25.552+0000] {processor.py:179} INFO - Processing /home/airflow/.local/lib/python3.8/site-packages/airflow/example_dags/example_nested_branch_dag.py took 0.059 seconds
[2023-08-24T04:04:56.529+0000] {processor.py:157} INFO - Started process (PID=697) to work on /home/airflow/.local/lib/python3.8/site-packages/airflow/example_dags/example_nested_branch_dag.py
[2023-08-24T04:04:56.530+0000] {processor.py:829} INFO - Processing file /home/airflow/.local/lib/python3.8/site-packages/airflow/example_dags/example_nested_branch_dag.py for tasks to queue
[2023-08-24T04:04:56.532+0000] {logging_mixin.py:151} INFO - [2023-08-24T04:04:56.532+0000] {dagbag.py:539} INFO - Filling up the DagBag from /home/airflow/.local/lib/python3.8/site-packages/airflow/example_dags/example_nested_branch_dag.py
[2023-08-24T04:04:56.540+0000] {processor.py:839} INFO - DAG(s) dict_keys(['example_nested_branch_dag']) retrieved from /home/airflow/.local/lib/python3.8/site-packages/airflow/example_dags/example_nested_branch_dag.py
[2023-08-24T04:04:56.559+0000] {logging_mixin.py:151} INFO - [2023-08-24T04:04:56.559+0000] {dag.py:2907} INFO - Sync 1 DAGs
[2023-08-24T04:04:56.572+0000] {logging_mixin.py:151} INFO - [2023-08-24T04:04:56.572+0000] {dag.py:3677} INFO - Setting next_dagrun for example_nested_branch_dag to 2023-08-23T00:00:00+00:00, run_after=2023-08-24T00:00:00+00:00
[2023-08-24T04:04:56.583+0000] {processor.py:179} INFO - Processing /home/airflow/.local/lib/python3.8/site-packages/airflow/example_dags/example_nested_branch_dag.py took 0.057 seconds
[2023-08-24T04:05:27.168+0000] {processor.py:157} INFO - Started process (PID=760) to work on /home/airflow/.local/lib/python3.8/site-packages/airflow/example_dags/example_nested_branch_dag.py
[2023-08-24T04:05:27.169+0000] {processor.py:829} INFO - Processing file /home/airflow/.local/lib/python3.8/site-packages/airflow/example_dags/example_nested_branch_dag.py for tasks to queue
[2023-08-24T04:05:27.171+0000] {logging_mixin.py:151} INFO - [2023-08-24T04:05:27.171+0000] {dagbag.py:539} INFO - Filling up the DagBag from /home/airflow/.local/lib/python3.8/site-packages/airflow/example_dags/example_nested_branch_dag.py
[2023-08-24T04:05:27.178+0000] {processor.py:839} INFO - DAG(s) dict_keys(['example_nested_branch_dag']) retrieved from /home/airflow/.local/lib/python3.8/site-packages/airflow/example_dags/example_nested_branch_dag.py
[2023-08-24T04:05:27.195+0000] {logging_mixin.py:151} INFO - [2023-08-24T04:05:27.195+0000] {dag.py:2907} INFO - Sync 1 DAGs
[2023-08-24T04:05:27.210+0000] {logging_mixin.py:151} INFO - [2023-08-24T04:05:27.209+0000] {dag.py:3677} INFO - Setting next_dagrun for example_nested_branch_dag to 2023-08-23T00:00:00+00:00, run_after=2023-08-24T00:00:00+00:00
[2023-08-24T04:05:27.220+0000] {processor.py:179} INFO - Processing /home/airflow/.local/lib/python3.8/site-packages/airflow/example_dags/example_nested_branch_dag.py took 0.054 seconds
[2023-08-24T04:05:57.957+0000] {processor.py:157} INFO - Started process (PID=823) to work on /home/airflow/.local/lib/python3.8/site-packages/airflow/example_dags/example_nested_branch_dag.py
[2023-08-24T04:05:57.959+0000] {processor.py:829} INFO - Processing file /home/airflow/.local/lib/python3.8/site-packages/airflow/example_dags/example_nested_branch_dag.py for tasks to queue
[2023-08-24T04:05:57.961+0000] {logging_mixin.py:151} INFO - [2023-08-24T04:05:57.960+0000] {dagbag.py:539} INFO - Filling up the DagBag from /home/airflow/.local/lib/python3.8/site-packages/airflow/example_dags/example_nested_branch_dag.py
[2023-08-24T04:05:57.968+0000] {processor.py:839} INFO - DAG(s) dict_keys(['example_nested_branch_dag']) retrieved from /home/airflow/.local/lib/python3.8/site-packages/airflow/example_dags/example_nested_branch_dag.py
[2023-08-24T04:05:57.985+0000] {logging_mixin.py:151} INFO - [2023-08-24T04:05:57.985+0000] {dag.py:2907} INFO - Sync 1 DAGs
[2023-08-24T04:05:57.998+0000] {logging_mixin.py:151} INFO - [2023-08-24T04:05:57.998+0000] {dag.py:3677} INFO - Setting next_dagrun for example_nested_branch_dag to 2023-08-23T00:00:00+00:00, run_after=2023-08-24T00:00:00+00:00
[2023-08-24T04:05:58.008+0000] {processor.py:179} INFO - Processing /home/airflow/.local/lib/python3.8/site-packages/airflow/example_dags/example_nested_branch_dag.py took 0.053 seconds
[2023-08-24T04:06:28.597+0000] {processor.py:157} INFO - Started process (PID=886) to work on /home/airflow/.local/lib/python3.8/site-packages/airflow/example_dags/example_nested_branch_dag.py
[2023-08-24T04:06:28.598+0000] {processor.py:829} INFO - Processing file /home/airflow/.local/lib/python3.8/site-packages/airflow/example_dags/example_nested_branch_dag.py for tasks to queue
[2023-08-24T04:06:28.601+0000] {logging_mixin.py:151} INFO - [2023-08-24T04:06:28.600+0000] {dagbag.py:539} INFO - Filling up the DagBag from /home/airflow/.local/lib/python3.8/site-packages/airflow/example_dags/example_nested_branch_dag.py
[2023-08-24T04:06:28.608+0000] {processor.py:839} INFO - DAG(s) dict_keys(['example_nested_branch_dag']) retrieved from /home/airflow/.local/lib/python3.8/site-packages/airflow/example_dags/example_nested_branch_dag.py
[2023-08-24T04:06:28.626+0000] {logging_mixin.py:151} INFO - [2023-08-24T04:06:28.626+0000] {dag.py:2907} INFO - Sync 1 DAGs
[2023-08-24T04:06:28.640+0000] {logging_mixin.py:151} INFO - [2023-08-24T04:06:28.640+0000] {dag.py:3677} INFO - Setting next_dagrun for example_nested_branch_dag to 2023-08-23T00:00:00+00:00, run_after=2023-08-24T00:00:00+00:00
[2023-08-24T04:06:28.653+0000] {processor.py:179} INFO - Processing /home/airflow/.local/lib/python3.8/site-packages/airflow/example_dags/example_nested_branch_dag.py took 0.059 seconds
[2023-08-24T04:06:59.344+0000] {processor.py:157} INFO - Started process (PID=948) to work on /home/airflow/.local/lib/python3.8/site-packages/airflow/example_dags/example_nested_branch_dag.py
[2023-08-24T04:06:59.345+0000] {processor.py:829} INFO - Processing file /home/airflow/.local/lib/python3.8/site-packages/airflow/example_dags/example_nested_branch_dag.py for tasks to queue
[2023-08-24T04:06:59.347+0000] {logging_mixin.py:151} INFO - [2023-08-24T04:06:59.347+0000] {dagbag.py:539} INFO - Filling up the DagBag from /home/airflow/.local/lib/python3.8/site-packages/airflow/example_dags/example_nested_branch_dag.py
[2023-08-24T04:06:59.354+0000] {processor.py:839} INFO - DAG(s) dict_keys(['example_nested_branch_dag']) retrieved from /home/airflow/.local/lib/python3.8/site-packages/airflow/example_dags/example_nested_branch_dag.py
[2023-08-24T04:06:59.372+0000] {logging_mixin.py:151} INFO - [2023-08-24T04:06:59.372+0000] {dag.py:2907} INFO - Sync 1 DAGs
[2023-08-24T04:06:59.385+0000] {logging_mixin.py:151} INFO - [2023-08-24T04:06:59.385+0000] {dag.py:3677} INFO - Setting next_dagrun for example_nested_branch_dag to 2023-08-23T00:00:00+00:00, run_after=2023-08-24T00:00:00+00:00
[2023-08-24T04:06:59.396+0000] {processor.py:179} INFO - Processing /home/airflow/.local/lib/python3.8/site-packages/airflow/example_dags/example_nested_branch_dag.py took 0.055 seconds
[2023-08-24T04:07:29.968+0000] {processor.py:157} INFO - Started process (PID=1011) to work on /home/airflow/.local/lib/python3.8/site-packages/airflow/example_dags/example_nested_branch_dag.py
[2023-08-24T04:07:29.969+0000] {processor.py:829} INFO - Processing file /home/airflow/.local/lib/python3.8/site-packages/airflow/example_dags/example_nested_branch_dag.py for tasks to queue
[2023-08-24T04:07:29.971+0000] {logging_mixin.py:151} INFO - [2023-08-24T04:07:29.971+0000] {dagbag.py:539} INFO - Filling up the DagBag from /home/airflow/.local/lib/python3.8/site-packages/airflow/example_dags/example_nested_branch_dag.py
[2023-08-24T04:07:29.979+0000] {processor.py:839} INFO - DAG(s) dict_keys(['example_nested_branch_dag']) retrieved from /home/airflow/.local/lib/python3.8/site-packages/airflow/example_dags/example_nested_branch_dag.py
[2023-08-24T04:07:29.997+0000] {logging_mixin.py:151} INFO - [2023-08-24T04:07:29.997+0000] {dag.py:2907} INFO - Sync 1 DAGs
[2023-08-24T04:07:30.009+0000] {logging_mixin.py:151} INFO - [2023-08-24T04:07:30.009+0000] {dag.py:3677} INFO - Setting next_dagrun for example_nested_branch_dag to 2023-08-23T00:00:00+00:00, run_after=2023-08-24T00:00:00+00:00
[2023-08-24T04:07:30.020+0000] {processor.py:179} INFO - Processing /home/airflow/.local/lib/python3.8/site-packages/airflow/example_dags/example_nested_branch_dag.py took 0.054 seconds
[2023-08-24T04:08:00.725+0000] {processor.py:157} INFO - Started process (PID=1074) to work on /home/airflow/.local/lib/python3.8/site-packages/airflow/example_dags/example_nested_branch_dag.py
[2023-08-24T04:08:00.726+0000] {processor.py:829} INFO - Processing file /home/airflow/.local/lib/python3.8/site-packages/airflow/example_dags/example_nested_branch_dag.py for tasks to queue
[2023-08-24T04:08:00.728+0000] {logging_mixin.py:151} INFO - [2023-08-24T04:08:00.728+0000] {dagbag.py:539} INFO - Filling up the DagBag from /home/airflow/.local/lib/python3.8/site-packages/airflow/example_dags/example_nested_branch_dag.py
[2023-08-24T04:08:00.736+0000] {processor.py:839} INFO - DAG(s) dict_keys(['example_nested_branch_dag']) retrieved from /home/airflow/.local/lib/python3.8/site-packages/airflow/example_dags/example_nested_branch_dag.py
[2023-08-24T04:08:00.756+0000] {logging_mixin.py:151} INFO - [2023-08-24T04:08:00.756+0000] {dag.py:2907} INFO - Sync 1 DAGs
[2023-08-24T04:08:00.770+0000] {logging_mixin.py:151} INFO - [2023-08-24T04:08:00.770+0000] {dag.py:3677} INFO - Setting next_dagrun for example_nested_branch_dag to 2023-08-23T00:00:00+00:00, run_after=2023-08-24T00:00:00+00:00
[2023-08-24T04:08:00.782+0000] {processor.py:179} INFO - Processing /home/airflow/.local/lib/python3.8/site-packages/airflow/example_dags/example_nested_branch_dag.py took 0.060 seconds
[2023-08-24T04:08:31.426+0000] {processor.py:157} INFO - Started process (PID=1137) to work on /home/airflow/.local/lib/python3.8/site-packages/airflow/example_dags/example_nested_branch_dag.py
[2023-08-24T04:08:31.427+0000] {processor.py:829} INFO - Processing file /home/airflow/.local/lib/python3.8/site-packages/airflow/example_dags/example_nested_branch_dag.py for tasks to queue
[2023-08-24T04:08:31.429+0000] {logging_mixin.py:151} INFO - [2023-08-24T04:08:31.429+0000] {dagbag.py:539} INFO - Filling up the DagBag from /home/airflow/.local/lib/python3.8/site-packages/airflow/example_dags/example_nested_branch_dag.py
[2023-08-24T04:08:31.436+0000] {processor.py:839} INFO - DAG(s) dict_keys(['example_nested_branch_dag']) retrieved from /home/airflow/.local/lib/python3.8/site-packages/airflow/example_dags/example_nested_branch_dag.py
[2023-08-24T04:08:31.452+0000] {logging_mixin.py:151} INFO - [2023-08-24T04:08:31.452+0000] {dag.py:2907} INFO - Sync 1 DAGs
[2023-08-24T04:08:31.465+0000] {logging_mixin.py:151} INFO - [2023-08-24T04:08:31.465+0000] {dag.py:3677} INFO - Setting next_dagrun for example_nested_branch_dag to 2023-08-23T00:00:00+00:00, run_after=2023-08-24T00:00:00+00:00
[2023-08-24T04:08:31.477+0000] {processor.py:179} INFO - Processing /home/airflow/.local/lib/python3.8/site-packages/airflow/example_dags/example_nested_branch_dag.py took 0.054 seconds
[2023-08-24T04:09:02.216+0000] {processor.py:157} INFO - Started process (PID=1200) to work on /home/airflow/.local/lib/python3.8/site-packages/airflow/example_dags/example_nested_branch_dag.py
[2023-08-24T04:09:02.217+0000] {processor.py:829} INFO - Processing file /home/airflow/.local/lib/python3.8/site-packages/airflow/example_dags/example_nested_branch_dag.py for tasks to queue
[2023-08-24T04:09:02.219+0000] {logging_mixin.py:151} INFO - [2023-08-24T04:09:02.219+0000] {dagbag.py:539} INFO - Filling up the DagBag from /home/airflow/.local/lib/python3.8/site-packages/airflow/example_dags/example_nested_branch_dag.py
[2023-08-24T04:09:02.226+0000] {processor.py:839} INFO - DAG(s) dict_keys(['example_nested_branch_dag']) retrieved from /home/airflow/.local/lib/python3.8/site-packages/airflow/example_dags/example_nested_branch_dag.py
[2023-08-24T04:09:02.243+0000] {logging_mixin.py:151} INFO - [2023-08-24T04:09:02.243+0000] {dag.py:2907} INFO - Sync 1 DAGs
[2023-08-24T04:09:02.256+0000] {logging_mixin.py:151} INFO - [2023-08-24T04:09:02.256+0000] {dag.py:3677} INFO - Setting next_dagrun for example_nested_branch_dag to 2023-08-23T00:00:00+00:00, run_after=2023-08-24T00:00:00+00:00
[2023-08-24T04:09:02.267+0000] {processor.py:179} INFO - Processing /home/airflow/.local/lib/python3.8/site-packages/airflow/example_dags/example_nested_branch_dag.py took 0.053 seconds
[2023-08-24T04:09:32.877+0000] {processor.py:157} INFO - Started process (PID=1263) to work on /home/airflow/.local/lib/python3.8/site-packages/airflow/example_dags/example_nested_branch_dag.py
[2023-08-24T04:09:32.878+0000] {processor.py:829} INFO - Processing file /home/airflow/.local/lib/python3.8/site-packages/airflow/example_dags/example_nested_branch_dag.py for tasks to queue
[2023-08-24T04:09:32.880+0000] {logging_mixin.py:151} INFO - [2023-08-24T04:09:32.880+0000] {dagbag.py:539} INFO - Filling up the DagBag from /home/airflow/.local/lib/python3.8/site-packages/airflow/example_dags/example_nested_branch_dag.py
[2023-08-24T04:09:32.888+0000] {processor.py:839} INFO - DAG(s) dict_keys(['example_nested_branch_dag']) retrieved from /home/airflow/.local/lib/python3.8/site-packages/airflow/example_dags/example_nested_branch_dag.py
[2023-08-24T04:09:32.907+0000] {logging_mixin.py:151} INFO - [2023-08-24T04:09:32.907+0000] {dag.py:2907} INFO - Sync 1 DAGs
[2023-08-24T04:09:32.920+0000] {logging_mixin.py:151} INFO - [2023-08-24T04:09:32.920+0000] {dag.py:3677} INFO - Setting next_dagrun for example_nested_branch_dag to 2023-08-23T00:00:00+00:00, run_after=2023-08-24T00:00:00+00:00
[2023-08-24T04:09:32.930+0000] {processor.py:179} INFO - Processing /home/airflow/.local/lib/python3.8/site-packages/airflow/example_dags/example_nested_branch_dag.py took 0.056 seconds
[2023-08-24T04:10:03.608+0000] {processor.py:157} INFO - Started process (PID=1326) to work on /home/airflow/.local/lib/python3.8/site-packages/airflow/example_dags/example_nested_branch_dag.py
[2023-08-24T04:10:03.609+0000] {processor.py:829} INFO - Processing file /home/airflow/.local/lib/python3.8/site-packages/airflow/example_dags/example_nested_branch_dag.py for tasks to queue
[2023-08-24T04:10:03.611+0000] {logging_mixin.py:151} INFO - [2023-08-24T04:10:03.611+0000] {dagbag.py:539} INFO - Filling up the DagBag from /home/airflow/.local/lib/python3.8/site-packages/airflow/example_dags/example_nested_branch_dag.py
[2023-08-24T04:10:03.618+0000] {processor.py:839} INFO - DAG(s) dict_keys(['example_nested_branch_dag']) retrieved from /home/airflow/.local/lib/python3.8/site-packages/airflow/example_dags/example_nested_branch_dag.py
[2023-08-24T04:10:03.635+0000] {logging_mixin.py:151} INFO - [2023-08-24T04:10:03.635+0000] {dag.py:2907} INFO - Sync 1 DAGs
[2023-08-24T04:10:03.649+0000] {logging_mixin.py:151} INFO - [2023-08-24T04:10:03.649+0000] {dag.py:3677} INFO - Setting next_dagrun for example_nested_branch_dag to 2023-08-23T00:00:00+00:00, run_after=2023-08-24T00:00:00+00:00
[2023-08-24T04:10:03.661+0000] {processor.py:179} INFO - Processing /home/airflow/.local/lib/python3.8/site-packages/airflow/example_dags/example_nested_branch_dag.py took 0.056 seconds
[2023-08-24T04:10:34.356+0000] {processor.py:157} INFO - Started process (PID=1389) to work on /home/airflow/.local/lib/python3.8/site-packages/airflow/example_dags/example_nested_branch_dag.py
[2023-08-24T04:10:34.357+0000] {processor.py:829} INFO - Processing file /home/airflow/.local/lib/python3.8/site-packages/airflow/example_dags/example_nested_branch_dag.py for tasks to queue
[2023-08-24T04:10:34.359+0000] {logging_mixin.py:151} INFO - [2023-08-24T04:10:34.359+0000] {dagbag.py:539} INFO - Filling up the DagBag from /home/airflow/.local/lib/python3.8/site-packages/airflow/example_dags/example_nested_branch_dag.py
[2023-08-24T04:10:34.367+0000] {processor.py:839} INFO - DAG(s) dict_keys(['example_nested_branch_dag']) retrieved from /home/airflow/.local/lib/python3.8/site-packages/airflow/example_dags/example_nested_branch_dag.py
[2023-08-24T04:10:34.386+0000] {logging_mixin.py:151} INFO - [2023-08-24T04:10:34.386+0000] {dag.py:2907} INFO - Sync 1 DAGs
[2023-08-24T04:10:34.400+0000] {logging_mixin.py:151} INFO - [2023-08-24T04:10:34.400+0000] {dag.py:3677} INFO - Setting next_dagrun for example_nested_branch_dag to 2023-08-23T00:00:00+00:00, run_after=2023-08-24T00:00:00+00:00
[2023-08-24T04:10:34.411+0000] {processor.py:179} INFO - Processing /home/airflow/.local/lib/python3.8/site-packages/airflow/example_dags/example_nested_branch_dag.py took 0.059 seconds
[2023-08-24T04:11:05.113+0000] {processor.py:157} INFO - Started process (PID=1452) to work on /home/airflow/.local/lib/python3.8/site-packages/airflow/example_dags/example_nested_branch_dag.py
[2023-08-24T04:11:05.114+0000] {processor.py:829} INFO - Processing file /home/airflow/.local/lib/python3.8/site-packages/airflow/example_dags/example_nested_branch_dag.py for tasks to queue
[2023-08-24T04:11:05.116+0000] {logging_mixin.py:151} INFO - [2023-08-24T04:11:05.115+0000] {dagbag.py:539} INFO - Filling up the DagBag from /home/airflow/.local/lib/python3.8/site-packages/airflow/example_dags/example_nested_branch_dag.py
[2023-08-24T04:11:05.123+0000] {processor.py:839} INFO - DAG(s) dict_keys(['example_nested_branch_dag']) retrieved from /home/airflow/.local/lib/python3.8/site-packages/airflow/example_dags/example_nested_branch_dag.py
[2023-08-24T04:11:05.140+0000] {logging_mixin.py:151} INFO - [2023-08-24T04:11:05.140+0000] {dag.py:2907} INFO - Sync 1 DAGs
[2023-08-24T04:11:05.153+0000] {logging_mixin.py:151} INFO - [2023-08-24T04:11:05.153+0000] {dag.py:3677} INFO - Setting next_dagrun for example_nested_branch_dag to 2023-08-23T00:00:00+00:00, run_after=2023-08-24T00:00:00+00:00
[2023-08-24T04:11:05.163+0000] {processor.py:179} INFO - Processing /home/airflow/.local/lib/python3.8/site-packages/airflow/example_dags/example_nested_branch_dag.py took 0.053 seconds
[2023-08-24T04:11:35.897+0000] {processor.py:157} INFO - Started process (PID=1515) to work on /home/airflow/.local/lib/python3.8/site-packages/airflow/example_dags/example_nested_branch_dag.py
[2023-08-24T04:11:35.898+0000] {processor.py:829} INFO - Processing file /home/airflow/.local/lib/python3.8/site-packages/airflow/example_dags/example_nested_branch_dag.py for tasks to queue
[2023-08-24T04:11:35.900+0000] {logging_mixin.py:151} INFO - [2023-08-24T04:11:35.900+0000] {dagbag.py:539} INFO - Filling up the DagBag from /home/airflow/.local/lib/python3.8/site-packages/airflow/example_dags/example_nested_branch_dag.py
[2023-08-24T04:11:35.908+0000] {processor.py:839} INFO - DAG(s) dict_keys(['example_nested_branch_dag']) retrieved from /home/airflow/.local/lib/python3.8/site-packages/airflow/example_dags/example_nested_branch_dag.py
[2023-08-24T04:11:35.927+0000] {logging_mixin.py:151} INFO - [2023-08-24T04:11:35.927+0000] {dag.py:2907} INFO - Sync 1 DAGs
[2023-08-24T04:11:35.942+0000] {logging_mixin.py:151} INFO - [2023-08-24T04:11:35.941+0000] {dag.py:3677} INFO - Setting next_dagrun for example_nested_branch_dag to 2023-08-23T00:00:00+00:00, run_after=2023-08-24T00:00:00+00:00
[2023-08-24T04:11:35.951+0000] {processor.py:179} INFO - Processing /home/airflow/.local/lib/python3.8/site-packages/airflow/example_dags/example_nested_branch_dag.py took 0.057 seconds
[2023-08-24T04:12:06.615+0000] {processor.py:157} INFO - Started process (PID=1578) to work on /home/airflow/.local/lib/python3.8/site-packages/airflow/example_dags/example_nested_branch_dag.py
[2023-08-24T04:12:06.616+0000] {processor.py:829} INFO - Processing file /home/airflow/.local/lib/python3.8/site-packages/airflow/example_dags/example_nested_branch_dag.py for tasks to queue
[2023-08-24T04:12:06.618+0000] {logging_mixin.py:151} INFO - [2023-08-24T04:12:06.618+0000] {dagbag.py:539} INFO - Filling up the DagBag from /home/airflow/.local/lib/python3.8/site-packages/airflow/example_dags/example_nested_branch_dag.py
[2023-08-24T04:12:06.625+0000] {processor.py:839} INFO - DAG(s) dict_keys(['example_nested_branch_dag']) retrieved from /home/airflow/.local/lib/python3.8/site-packages/airflow/example_dags/example_nested_branch_dag.py
[2023-08-24T04:12:06.642+0000] {logging_mixin.py:151} INFO - [2023-08-24T04:12:06.642+0000] {dag.py:2907} INFO - Sync 1 DAGs
[2023-08-24T04:12:06.656+0000] {logging_mixin.py:151} INFO - [2023-08-24T04:12:06.656+0000] {dag.py:3677} INFO - Setting next_dagrun for example_nested_branch_dag to 2023-08-23T00:00:00+00:00, run_after=2023-08-24T00:00:00+00:00
[2023-08-24T04:12:06.666+0000] {processor.py:179} INFO - Processing /home/airflow/.local/lib/python3.8/site-packages/airflow/example_dags/example_nested_branch_dag.py took 0.054 seconds
[2023-08-24T04:12:37.241+0000] {processor.py:157} INFO - Started process (PID=1641) to work on /home/airflow/.local/lib/python3.8/site-packages/airflow/example_dags/example_nested_branch_dag.py
[2023-08-24T04:12:37.242+0000] {processor.py:829} INFO - Processing file /home/airflow/.local/lib/python3.8/site-packages/airflow/example_dags/example_nested_branch_dag.py for tasks to queue
[2023-08-24T04:12:37.244+0000] {logging_mixin.py:151} INFO - [2023-08-24T04:12:37.244+0000] {dagbag.py:539} INFO - Filling up the DagBag from /home/airflow/.local/lib/python3.8/site-packages/airflow/example_dags/example_nested_branch_dag.py
[2023-08-24T04:12:37.251+0000] {processor.py:839} INFO - DAG(s) dict_keys(['example_nested_branch_dag']) retrieved from /home/airflow/.local/lib/python3.8/site-packages/airflow/example_dags/example_nested_branch_dag.py
[2023-08-24T04:12:37.268+0000] {logging_mixin.py:151} INFO - [2023-08-24T04:12:37.268+0000] {dag.py:2907} INFO - Sync 1 DAGs
[2023-08-24T04:12:37.281+0000] {logging_mixin.py:151} INFO - [2023-08-24T04:12:37.280+0000] {dag.py:3677} INFO - Setting next_dagrun for example_nested_branch_dag to 2023-08-23T00:00:00+00:00, run_after=2023-08-24T00:00:00+00:00
[2023-08-24T04:12:37.291+0000] {processor.py:179} INFO - Processing /home/airflow/.local/lib/python3.8/site-packages/airflow/example_dags/example_nested_branch_dag.py took 0.052 seconds
[2023-08-24T04:13:08.109+0000] {processor.py:157} INFO - Started process (PID=1704) to work on /home/airflow/.local/lib/python3.8/site-packages/airflow/example_dags/example_nested_branch_dag.py
[2023-08-24T04:13:08.110+0000] {processor.py:829} INFO - Processing file /home/airflow/.local/lib/python3.8/site-packages/airflow/example_dags/example_nested_branch_dag.py for tasks to queue
[2023-08-24T04:13:08.112+0000] {logging_mixin.py:151} INFO - [2023-08-24T04:13:08.112+0000] {dagbag.py:539} INFO - Filling up the DagBag from /home/airflow/.local/lib/python3.8/site-packages/airflow/example_dags/example_nested_branch_dag.py
[2023-08-24T04:13:08.120+0000] {processor.py:839} INFO - DAG(s) dict_keys(['example_nested_branch_dag']) retrieved from /home/airflow/.local/lib/python3.8/site-packages/airflow/example_dags/example_nested_branch_dag.py
[2023-08-24T04:13:08.136+0000] {logging_mixin.py:151} INFO - [2023-08-24T04:13:08.136+0000] {dag.py:2907} INFO - Sync 1 DAGs
[2023-08-24T04:13:08.149+0000] {logging_mixin.py:151} INFO - [2023-08-24T04:13:08.149+0000] {dag.py:3677} INFO - Setting next_dagrun for example_nested_branch_dag to 2023-08-23T00:00:00+00:00, run_after=2023-08-24T00:00:00+00:00
[2023-08-24T04:13:08.160+0000] {processor.py:179} INFO - Processing /home/airflow/.local/lib/python3.8/site-packages/airflow/example_dags/example_nested_branch_dag.py took 0.054 seconds
[2023-08-24T04:13:38.723+0000] {processor.py:157} INFO - Started process (PID=1767) to work on /home/airflow/.local/lib/python3.8/site-packages/airflow/example_dags/example_nested_branch_dag.py
[2023-08-24T04:13:38.724+0000] {processor.py:829} INFO - Processing file /home/airflow/.local/lib/python3.8/site-packages/airflow/example_dags/example_nested_branch_dag.py for tasks to queue
[2023-08-24T04:13:38.726+0000] {logging_mixin.py:151} INFO - [2023-08-24T04:13:38.726+0000] {dagbag.py:539} INFO - Filling up the DagBag from /home/airflow/.local/lib/python3.8/site-packages/airflow/example_dags/example_nested_branch_dag.py
[2023-08-24T04:13:38.734+0000] {processor.py:839} INFO - DAG(s) dict_keys(['example_nested_branch_dag']) retrieved from /home/airflow/.local/lib/python3.8/site-packages/airflow/example_dags/example_nested_branch_dag.py
[2023-08-24T04:13:38.752+0000] {logging_mixin.py:151} INFO - [2023-08-24T04:13:38.751+0000] {dag.py:2907} INFO - Sync 1 DAGs
[2023-08-24T04:13:38.767+0000] {logging_mixin.py:151} INFO - [2023-08-24T04:13:38.766+0000] {dag.py:3677} INFO - Setting next_dagrun for example_nested_branch_dag to 2023-08-23T00:00:00+00:00, run_after=2023-08-24T00:00:00+00:00
[2023-08-24T04:13:38.778+0000] {processor.py:179} INFO - Processing /home/airflow/.local/lib/python3.8/site-packages/airflow/example_dags/example_nested_branch_dag.py took 0.058 seconds
[2023-08-24T04:14:09.749+0000] {processor.py:157} INFO - Started process (PID=1830) to work on /home/airflow/.local/lib/python3.8/site-packages/airflow/example_dags/example_nested_branch_dag.py
[2023-08-24T04:14:09.750+0000] {processor.py:829} INFO - Processing file /home/airflow/.local/lib/python3.8/site-packages/airflow/example_dags/example_nested_branch_dag.py for tasks to queue
[2023-08-24T04:14:09.752+0000] {logging_mixin.py:151} INFO - [2023-08-24T04:14:09.752+0000] {dagbag.py:539} INFO - Filling up the DagBag from /home/airflow/.local/lib/python3.8/site-packages/airflow/example_dags/example_nested_branch_dag.py
[2023-08-24T04:14:09.761+0000] {processor.py:839} INFO - DAG(s) dict_keys(['example_nested_branch_dag']) retrieved from /home/airflow/.local/lib/python3.8/site-packages/airflow/example_dags/example_nested_branch_dag.py
[2023-08-24T04:14:09.780+0000] {logging_mixin.py:151} INFO - [2023-08-24T04:14:09.780+0000] {dag.py:2907} INFO - Sync 1 DAGs
[2023-08-24T04:14:09.795+0000] {logging_mixin.py:151} INFO - [2023-08-24T04:14:09.795+0000] {dag.py:3677} INFO - Setting next_dagrun for example_nested_branch_dag to 2023-08-23T00:00:00+00:00, run_after=2023-08-24T00:00:00+00:00
[2023-08-24T04:14:09.807+0000] {processor.py:179} INFO - Processing /home/airflow/.local/lib/python3.8/site-packages/airflow/example_dags/example_nested_branch_dag.py took 0.062 seconds
[2023-08-24T04:14:40.730+0000] {processor.py:157} INFO - Started process (PID=1893) to work on /home/airflow/.local/lib/python3.8/site-packages/airflow/example_dags/example_nested_branch_dag.py
[2023-08-24T04:14:40.731+0000] {processor.py:829} INFO - Processing file /home/airflow/.local/lib/python3.8/site-packages/airflow/example_dags/example_nested_branch_dag.py for tasks to queue
[2023-08-24T04:14:40.734+0000] {logging_mixin.py:151} INFO - [2023-08-24T04:14:40.733+0000] {dagbag.py:539} INFO - Filling up the DagBag from /home/airflow/.local/lib/python3.8/site-packages/airflow/example_dags/example_nested_branch_dag.py
[2023-08-24T04:14:40.741+0000] {processor.py:839} INFO - DAG(s) dict_keys(['example_nested_branch_dag']) retrieved from /home/airflow/.local/lib/python3.8/site-packages/airflow/example_dags/example_nested_branch_dag.py
[2023-08-24T04:14:40.765+0000] {logging_mixin.py:151} INFO - [2023-08-24T04:14:40.765+0000] {dag.py:2907} INFO - Sync 1 DAGs
[2023-08-24T04:14:40.780+0000] {logging_mixin.py:151} INFO - [2023-08-24T04:14:40.780+0000] {dag.py:3677} INFO - Setting next_dagrun for example_nested_branch_dag to 2023-08-23T00:00:00+00:00, run_after=2023-08-24T00:00:00+00:00
[2023-08-24T04:14:40.791+0000] {processor.py:179} INFO - Processing /home/airflow/.local/lib/python3.8/site-packages/airflow/example_dags/example_nested_branch_dag.py took 0.064 seconds
[2023-08-24T04:15:11.578+0000] {processor.py:157} INFO - Started process (PID=1956) to work on /home/airflow/.local/lib/python3.8/site-packages/airflow/example_dags/example_nested_branch_dag.py
[2023-08-24T04:15:11.579+0000] {processor.py:829} INFO - Processing file /home/airflow/.local/lib/python3.8/site-packages/airflow/example_dags/example_nested_branch_dag.py for tasks to queue
[2023-08-24T04:15:11.581+0000] {logging_mixin.py:151} INFO - [2023-08-24T04:15:11.581+0000] {dagbag.py:539} INFO - Filling up the DagBag from /home/airflow/.local/lib/python3.8/site-packages/airflow/example_dags/example_nested_branch_dag.py
[2023-08-24T04:15:11.590+0000] {processor.py:839} INFO - DAG(s) dict_keys(['example_nested_branch_dag']) retrieved from /home/airflow/.local/lib/python3.8/site-packages/airflow/example_dags/example_nested_branch_dag.py
[2023-08-24T04:15:11.607+0000] {logging_mixin.py:151} INFO - [2023-08-24T04:15:11.607+0000] {dag.py:2907} INFO - Sync 1 DAGs
[2023-08-24T04:15:11.621+0000] {logging_mixin.py:151} INFO - [2023-08-24T04:15:11.621+0000] {dag.py:3677} INFO - Setting next_dagrun for example_nested_branch_dag to 2023-08-23T00:00:00+00:00, run_after=2023-08-24T00:00:00+00:00
[2023-08-24T04:15:11.632+0000] {processor.py:179} INFO - Processing /home/airflow/.local/lib/python3.8/site-packages/airflow/example_dags/example_nested_branch_dag.py took 0.056 seconds
[2023-08-24T04:15:42.459+0000] {processor.py:157} INFO - Started process (PID=2025) to work on /home/airflow/.local/lib/python3.8/site-packages/airflow/example_dags/example_nested_branch_dag.py
[2023-08-24T04:15:42.460+0000] {processor.py:829} INFO - Processing file /home/airflow/.local/lib/python3.8/site-packages/airflow/example_dags/example_nested_branch_dag.py for tasks to queue
[2023-08-24T04:15:42.462+0000] {logging_mixin.py:151} INFO - [2023-08-24T04:15:42.462+0000] {dagbag.py:539} INFO - Filling up the DagBag from /home/airflow/.local/lib/python3.8/site-packages/airflow/example_dags/example_nested_branch_dag.py
[2023-08-24T04:15:42.471+0000] {processor.py:839} INFO - DAG(s) dict_keys(['example_nested_branch_dag']) retrieved from /home/airflow/.local/lib/python3.8/site-packages/airflow/example_dags/example_nested_branch_dag.py
[2023-08-24T04:15:42.490+0000] {logging_mixin.py:151} INFO - [2023-08-24T04:15:42.490+0000] {dag.py:2907} INFO - Sync 1 DAGs
[2023-08-24T04:15:42.505+0000] {logging_mixin.py:151} INFO - [2023-08-24T04:15:42.505+0000] {dag.py:3677} INFO - Setting next_dagrun for example_nested_branch_dag to 2023-08-23T00:00:00+00:00, run_after=2023-08-24T00:00:00+00:00
[2023-08-24T04:15:42.516+0000] {processor.py:179} INFO - Processing /home/airflow/.local/lib/python3.8/site-packages/airflow/example_dags/example_nested_branch_dag.py took 0.060 seconds
[2023-08-24T04:16:13.183+0000] {processor.py:157} INFO - Started process (PID=2088) to work on /home/airflow/.local/lib/python3.8/site-packages/airflow/example_dags/example_nested_branch_dag.py
[2023-08-24T04:16:13.184+0000] {processor.py:829} INFO - Processing file /home/airflow/.local/lib/python3.8/site-packages/airflow/example_dags/example_nested_branch_dag.py for tasks to queue
[2023-08-24T04:16:13.186+0000] {logging_mixin.py:151} INFO - [2023-08-24T04:16:13.186+0000] {dagbag.py:539} INFO - Filling up the DagBag from /home/airflow/.local/lib/python3.8/site-packages/airflow/example_dags/example_nested_branch_dag.py
[2023-08-24T04:16:13.194+0000] {processor.py:839} INFO - DAG(s) dict_keys(['example_nested_branch_dag']) retrieved from /home/airflow/.local/lib/python3.8/site-packages/airflow/example_dags/example_nested_branch_dag.py
[2023-08-24T04:16:13.212+0000] {logging_mixin.py:151} INFO - [2023-08-24T04:16:13.212+0000] {dag.py:2907} INFO - Sync 1 DAGs
[2023-08-24T04:16:13.225+0000] {logging_mixin.py:151} INFO - [2023-08-24T04:16:13.225+0000] {dag.py:3677} INFO - Setting next_dagrun for example_nested_branch_dag to 2023-08-23T00:00:00+00:00, run_after=2023-08-24T00:00:00+00:00
[2023-08-24T04:16:13.235+0000] {processor.py:179} INFO - Processing /home/airflow/.local/lib/python3.8/site-packages/airflow/example_dags/example_nested_branch_dag.py took 0.054 seconds
[2023-08-24T04:16:43.960+0000] {processor.py:157} INFO - Started process (PID=2151) to work on /home/airflow/.local/lib/python3.8/site-packages/airflow/example_dags/example_nested_branch_dag.py
[2023-08-24T04:16:43.961+0000] {processor.py:829} INFO - Processing file /home/airflow/.local/lib/python3.8/site-packages/airflow/example_dags/example_nested_branch_dag.py for tasks to queue
[2023-08-24T04:16:43.963+0000] {logging_mixin.py:151} INFO - [2023-08-24T04:16:43.963+0000] {dagbag.py:539} INFO - Filling up the DagBag from /home/airflow/.local/lib/python3.8/site-packages/airflow/example_dags/example_nested_branch_dag.py
[2023-08-24T04:16:43.971+0000] {processor.py:839} INFO - DAG(s) dict_keys(['example_nested_branch_dag']) retrieved from /home/airflow/.local/lib/python3.8/site-packages/airflow/example_dags/example_nested_branch_dag.py
[2023-08-24T04:16:43.989+0000] {logging_mixin.py:151} INFO - [2023-08-24T04:16:43.989+0000] {dag.py:2907} INFO - Sync 1 DAGs
[2023-08-24T04:16:44.003+0000] {logging_mixin.py:151} INFO - [2023-08-24T04:16:44.002+0000] {dag.py:3677} INFO - Setting next_dagrun for example_nested_branch_dag to 2023-08-23T00:00:00+00:00, run_after=2023-08-24T00:00:00+00:00
[2023-08-24T04:16:44.013+0000] {processor.py:179} INFO - Processing /home/airflow/.local/lib/python3.8/site-packages/airflow/example_dags/example_nested_branch_dag.py took 0.056 seconds
[2023-08-24T04:17:14.886+0000] {processor.py:157} INFO - Started process (PID=2214) to work on /home/airflow/.local/lib/python3.8/site-packages/airflow/example_dags/example_nested_branch_dag.py
[2023-08-24T04:17:14.887+0000] {processor.py:829} INFO - Processing file /home/airflow/.local/lib/python3.8/site-packages/airflow/example_dags/example_nested_branch_dag.py for tasks to queue
[2023-08-24T04:17:14.889+0000] {logging_mixin.py:151} INFO - [2023-08-24T04:17:14.889+0000] {dagbag.py:539} INFO - Filling up the DagBag from /home/airflow/.local/lib/python3.8/site-packages/airflow/example_dags/example_nested_branch_dag.py
[2023-08-24T04:17:14.897+0000] {processor.py:839} INFO - DAG(s) dict_keys(['example_nested_branch_dag']) retrieved from /home/airflow/.local/lib/python3.8/site-packages/airflow/example_dags/example_nested_branch_dag.py
[2023-08-24T04:17:14.916+0000] {logging_mixin.py:151} INFO - [2023-08-24T04:17:14.916+0000] {dag.py:2907} INFO - Sync 1 DAGs
[2023-08-24T04:17:14.932+0000] {logging_mixin.py:151} INFO - [2023-08-24T04:17:14.932+0000] {dag.py:3677} INFO - Setting next_dagrun for example_nested_branch_dag to 2023-08-23T00:00:00+00:00, run_after=2023-08-24T00:00:00+00:00
[2023-08-24T04:17:14.945+0000] {processor.py:179} INFO - Processing /home/airflow/.local/lib/python3.8/site-packages/airflow/example_dags/example_nested_branch_dag.py took 0.062 seconds
[2023-08-24T04:17:45.080+0000] {processor.py:157} INFO - Started process (PID=2281) to work on /home/airflow/.local/lib/python3.8/site-packages/airflow/example_dags/example_nested_branch_dag.py
[2023-08-24T04:17:45.081+0000] {processor.py:829} INFO - Processing file /home/airflow/.local/lib/python3.8/site-packages/airflow/example_dags/example_nested_branch_dag.py for tasks to queue
[2023-08-24T04:17:45.083+0000] {logging_mixin.py:151} INFO - [2023-08-24T04:17:45.083+0000] {dagbag.py:539} INFO - Filling up the DagBag from /home/airflow/.local/lib/python3.8/site-packages/airflow/example_dags/example_nested_branch_dag.py
[2023-08-24T04:17:45.091+0000] {processor.py:839} INFO - DAG(s) dict_keys(['example_nested_branch_dag']) retrieved from /home/airflow/.local/lib/python3.8/site-packages/airflow/example_dags/example_nested_branch_dag.py
[2023-08-24T04:17:45.110+0000] {logging_mixin.py:151} INFO - [2023-08-24T04:17:45.109+0000] {dag.py:2907} INFO - Sync 1 DAGs
[2023-08-24T04:17:45.122+0000] {logging_mixin.py:151} INFO - [2023-08-24T04:17:45.122+0000] {dag.py:3677} INFO - Setting next_dagrun for example_nested_branch_dag to 2023-08-23T00:00:00+00:00, run_after=2023-08-24T00:00:00+00:00
[2023-08-24T04:17:45.134+0000] {processor.py:179} INFO - Processing /home/airflow/.local/lib/python3.8/site-packages/airflow/example_dags/example_nested_branch_dag.py took 0.056 seconds
[2023-08-24T04:18:15.833+0000] {processor.py:157} INFO - Started process (PID=2343) to work on /home/airflow/.local/lib/python3.8/site-packages/airflow/example_dags/example_nested_branch_dag.py
[2023-08-24T04:18:15.834+0000] {processor.py:829} INFO - Processing file /home/airflow/.local/lib/python3.8/site-packages/airflow/example_dags/example_nested_branch_dag.py for tasks to queue
[2023-08-24T04:18:15.836+0000] {logging_mixin.py:151} INFO - [2023-08-24T04:18:15.836+0000] {dagbag.py:539} INFO - Filling up the DagBag from /home/airflow/.local/lib/python3.8/site-packages/airflow/example_dags/example_nested_branch_dag.py
[2023-08-24T04:18:15.843+0000] {processor.py:839} INFO - DAG(s) dict_keys(['example_nested_branch_dag']) retrieved from /home/airflow/.local/lib/python3.8/site-packages/airflow/example_dags/example_nested_branch_dag.py
[2023-08-24T04:18:15.861+0000] {logging_mixin.py:151} INFO - [2023-08-24T04:18:15.861+0000] {dag.py:2907} INFO - Sync 1 DAGs
[2023-08-24T04:18:15.874+0000] {logging_mixin.py:151} INFO - [2023-08-24T04:18:15.874+0000] {dag.py:3677} INFO - Setting next_dagrun for example_nested_branch_dag to 2023-08-23T00:00:00+00:00, run_after=2023-08-24T00:00:00+00:00
[2023-08-24T04:18:15.884+0000] {processor.py:179} INFO - Processing /home/airflow/.local/lib/python3.8/site-packages/airflow/example_dags/example_nested_branch_dag.py took 0.054 seconds
[2023-08-24T04:24:30.385+0000] {processor.py:157} INFO - Started process (PID=67) to work on /home/airflow/.local/lib/python3.8/site-packages/airflow/example_dags/example_nested_branch_dag.py
[2023-08-24T04:24:30.387+0000] {processor.py:829} INFO - Processing file /home/airflow/.local/lib/python3.8/site-packages/airflow/example_dags/example_nested_branch_dag.py for tasks to queue
[2023-08-24T04:24:30.389+0000] {logging_mixin.py:151} INFO - [2023-08-24T04:24:30.389+0000] {dagbag.py:539} INFO - Filling up the DagBag from /home/airflow/.local/lib/python3.8/site-packages/airflow/example_dags/example_nested_branch_dag.py
[2023-08-24T04:24:30.397+0000] {processor.py:839} INFO - DAG(s) dict_keys(['example_nested_branch_dag']) retrieved from /home/airflow/.local/lib/python3.8/site-packages/airflow/example_dags/example_nested_branch_dag.py
[2023-08-24T04:24:30.410+0000] {logging_mixin.py:151} INFO - [2023-08-24T04:24:30.409+0000] {dag.py:2907} INFO - Sync 1 DAGs
[2023-08-24T04:24:30.424+0000] {logging_mixin.py:151} INFO - [2023-08-24T04:24:30.424+0000] {dag.py:3677} INFO - Setting next_dagrun for example_nested_branch_dag to 2023-08-23T00:00:00+00:00, run_after=2023-08-24T00:00:00+00:00
[2023-08-24T04:24:30.435+0000] {processor.py:179} INFO - Processing /home/airflow/.local/lib/python3.8/site-packages/airflow/example_dags/example_nested_branch_dag.py took 0.053 seconds
[2023-08-24T04:25:00.519+0000] {processor.py:157} INFO - Started process (PID=130) to work on /home/airflow/.local/lib/python3.8/site-packages/airflow/example_dags/example_nested_branch_dag.py
[2023-08-24T04:25:00.521+0000] {processor.py:829} INFO - Processing file /home/airflow/.local/lib/python3.8/site-packages/airflow/example_dags/example_nested_branch_dag.py for tasks to queue
[2023-08-24T04:25:00.523+0000] {logging_mixin.py:151} INFO - [2023-08-24T04:25:00.523+0000] {dagbag.py:539} INFO - Filling up the DagBag from /home/airflow/.local/lib/python3.8/site-packages/airflow/example_dags/example_nested_branch_dag.py
[2023-08-24T04:25:00.530+0000] {processor.py:839} INFO - DAG(s) dict_keys(['example_nested_branch_dag']) retrieved from /home/airflow/.local/lib/python3.8/site-packages/airflow/example_dags/example_nested_branch_dag.py
[2023-08-24T04:25:00.547+0000] {logging_mixin.py:151} INFO - [2023-08-24T04:25:00.547+0000] {dag.py:2907} INFO - Sync 1 DAGs
[2023-08-24T04:25:00.561+0000] {logging_mixin.py:151} INFO - [2023-08-24T04:25:00.561+0000] {dag.py:3677} INFO - Setting next_dagrun for example_nested_branch_dag to 2023-08-23T00:00:00+00:00, run_after=2023-08-24T00:00:00+00:00
[2023-08-24T04:25:00.571+0000] {processor.py:179} INFO - Processing /home/airflow/.local/lib/python3.8/site-packages/airflow/example_dags/example_nested_branch_dag.py took 0.055 seconds
[2023-08-24T04:26:40.359+0000] {processor.py:157} INFO - Started process (PID=67) to work on /home/airflow/.local/lib/python3.8/site-packages/airflow/example_dags/example_nested_branch_dag.py
[2023-08-24T04:26:40.360+0000] {processor.py:829} INFO - Processing file /home/airflow/.local/lib/python3.8/site-packages/airflow/example_dags/example_nested_branch_dag.py for tasks to queue
[2023-08-24T04:26:40.363+0000] {logging_mixin.py:151} INFO - [2023-08-24T04:26:40.362+0000] {dagbag.py:539} INFO - Filling up the DagBag from /home/airflow/.local/lib/python3.8/site-packages/airflow/example_dags/example_nested_branch_dag.py
[2023-08-24T04:26:40.370+0000] {processor.py:839} INFO - DAG(s) dict_keys(['example_nested_branch_dag']) retrieved from /home/airflow/.local/lib/python3.8/site-packages/airflow/example_dags/example_nested_branch_dag.py
[2023-08-24T04:26:40.382+0000] {logging_mixin.py:151} INFO - [2023-08-24T04:26:40.382+0000] {dag.py:2907} INFO - Sync 1 DAGs
[2023-08-24T04:26:40.398+0000] {logging_mixin.py:151} INFO - [2023-08-24T04:26:40.397+0000] {dag.py:3677} INFO - Setting next_dagrun for example_nested_branch_dag to 2023-08-23T00:00:00+00:00, run_after=2023-08-24T00:00:00+00:00
[2023-08-24T04:26:40.408+0000] {processor.py:179} INFO - Processing /home/airflow/.local/lib/python3.8/site-packages/airflow/example_dags/example_nested_branch_dag.py took 0.051 seconds
[2023-08-24T04:27:10.581+0000] {processor.py:157} INFO - Started process (PID=129) to work on /home/airflow/.local/lib/python3.8/site-packages/airflow/example_dags/example_nested_branch_dag.py
[2023-08-24T04:27:10.582+0000] {processor.py:829} INFO - Processing file /home/airflow/.local/lib/python3.8/site-packages/airflow/example_dags/example_nested_branch_dag.py for tasks to queue
[2023-08-24T04:27:10.584+0000] {logging_mixin.py:151} INFO - [2023-08-24T04:27:10.584+0000] {dagbag.py:539} INFO - Filling up the DagBag from /home/airflow/.local/lib/python3.8/site-packages/airflow/example_dags/example_nested_branch_dag.py
[2023-08-24T04:27:10.592+0000] {processor.py:839} INFO - DAG(s) dict_keys(['example_nested_branch_dag']) retrieved from /home/airflow/.local/lib/python3.8/site-packages/airflow/example_dags/example_nested_branch_dag.py
[2023-08-24T04:27:10.610+0000] {logging_mixin.py:151} INFO - [2023-08-24T04:27:10.610+0000] {dag.py:2907} INFO - Sync 1 DAGs
[2023-08-24T04:27:10.623+0000] {logging_mixin.py:151} INFO - [2023-08-24T04:27:10.623+0000] {dag.py:3677} INFO - Setting next_dagrun for example_nested_branch_dag to 2023-08-23T00:00:00+00:00, run_after=2023-08-24T00:00:00+00:00
[2023-08-24T04:27:10.634+0000] {processor.py:179} INFO - Processing /home/airflow/.local/lib/python3.8/site-packages/airflow/example_dags/example_nested_branch_dag.py took 0.056 seconds
