[2023-08-24T03:04:52.973+0000] {processor.py:157} INFO - Started process (PID=41) to work on /home/airflow/.local/lib/python3.8/site-packages/airflow/example_dags/example_time_delta_sensor_async.py
[2023-08-24T03:04:52.974+0000] {processor.py:829} INFO - Processing file /home/airflow/.local/lib/python3.8/site-packages/airflow/example_dags/example_time_delta_sensor_async.py for tasks to queue
[2023-08-24T03:04:52.977+0000] {logging_mixin.py:151} INFO - [2023-08-24T03:04:52.976+0000] {dagbag.py:539} INFO - Filling up the DagBag from /home/airflow/.local/lib/python3.8/site-packages/airflow/example_dags/example_time_delta_sensor_async.py
[2023-08-24T03:04:52.982+0000] {processor.py:839} INFO - DAG(s) dict_keys(['example_time_delta_sensor_async']) retrieved from /home/airflow/.local/lib/python3.8/site-packages/airflow/example_dags/example_time_delta_sensor_async.py
[2023-08-24T03:04:52.994+0000] {logging_mixin.py:151} INFO - [2023-08-24T03:04:52.994+0000] {dag.py:2907} INFO - Sync 1 DAGs
[2023-08-24T03:04:53.003+0000] {logging_mixin.py:151} INFO - [2023-08-24T03:04:53.003+0000] {dag.py:3677} INFO - Setting next_dagrun for example_time_delta_sensor_async to None, run_after=None
[2023-08-24T03:04:53.015+0000] {processor.py:179} INFO - Processing /home/airflow/.local/lib/python3.8/site-packages/airflow/example_dags/example_time_delta_sensor_async.py took 0.045 seconds
[2023-08-24T03:05:23.614+0000] {processor.py:157} INFO - Started process (PID=103) to work on /home/airflow/.local/lib/python3.8/site-packages/airflow/example_dags/example_time_delta_sensor_async.py
[2023-08-24T03:05:23.615+0000] {processor.py:829} INFO - Processing file /home/airflow/.local/lib/python3.8/site-packages/airflow/example_dags/example_time_delta_sensor_async.py for tasks to queue
[2023-08-24T03:05:23.618+0000] {logging_mixin.py:151} INFO - [2023-08-24T03:05:23.617+0000] {dagbag.py:539} INFO - Filling up the DagBag from /home/airflow/.local/lib/python3.8/site-packages/airflow/example_dags/example_time_delta_sensor_async.py
[2023-08-24T03:05:23.623+0000] {processor.py:839} INFO - DAG(s) dict_keys(['example_time_delta_sensor_async']) retrieved from /home/airflow/.local/lib/python3.8/site-packages/airflow/example_dags/example_time_delta_sensor_async.py
[2023-08-24T03:05:23.640+0000] {logging_mixin.py:151} INFO - [2023-08-24T03:05:23.639+0000] {dag.py:2907} INFO - Sync 1 DAGs
[2023-08-24T03:05:23.647+0000] {logging_mixin.py:151} INFO - [2023-08-24T03:05:23.647+0000] {dag.py:3677} INFO - Setting next_dagrun for example_time_delta_sensor_async to None, run_after=None
[2023-08-24T03:05:23.658+0000] {processor.py:179} INFO - Processing /home/airflow/.local/lib/python3.8/site-packages/airflow/example_dags/example_time_delta_sensor_async.py took 0.047 seconds
[2023-08-24T03:05:53.731+0000] {processor.py:157} INFO - Started process (PID=166) to work on /home/airflow/.local/lib/python3.8/site-packages/airflow/example_dags/example_time_delta_sensor_async.py
[2023-08-24T03:05:53.732+0000] {processor.py:829} INFO - Processing file /home/airflow/.local/lib/python3.8/site-packages/airflow/example_dags/example_time_delta_sensor_async.py for tasks to queue
[2023-08-24T03:05:53.734+0000] {logging_mixin.py:151} INFO - [2023-08-24T03:05:53.734+0000] {dagbag.py:539} INFO - Filling up the DagBag from /home/airflow/.local/lib/python3.8/site-packages/airflow/example_dags/example_time_delta_sensor_async.py
[2023-08-24T03:05:53.737+0000] {processor.py:839} INFO - DAG(s) dict_keys(['example_time_delta_sensor_async']) retrieved from /home/airflow/.local/lib/python3.8/site-packages/airflow/example_dags/example_time_delta_sensor_async.py
[2023-08-24T03:05:53.753+0000] {logging_mixin.py:151} INFO - [2023-08-24T03:05:53.753+0000] {dag.py:2907} INFO - Sync 1 DAGs
[2023-08-24T03:05:53.760+0000] {logging_mixin.py:151} INFO - [2023-08-24T03:05:53.760+0000] {dag.py:3677} INFO - Setting next_dagrun for example_time_delta_sensor_async to None, run_after=None
[2023-08-24T03:05:53.770+0000] {processor.py:179} INFO - Processing /home/airflow/.local/lib/python3.8/site-packages/airflow/example_dags/example_time_delta_sensor_async.py took 0.042 seconds
[2023-08-24T03:06:24.749+0000] {processor.py:157} INFO - Started process (PID=229) to work on /home/airflow/.local/lib/python3.8/site-packages/airflow/example_dags/example_time_delta_sensor_async.py
[2023-08-24T03:06:24.750+0000] {processor.py:829} INFO - Processing file /home/airflow/.local/lib/python3.8/site-packages/airflow/example_dags/example_time_delta_sensor_async.py for tasks to queue
[2023-08-24T03:06:24.753+0000] {logging_mixin.py:151} INFO - [2023-08-24T03:06:24.752+0000] {dagbag.py:539} INFO - Filling up the DagBag from /home/airflow/.local/lib/python3.8/site-packages/airflow/example_dags/example_time_delta_sensor_async.py
[2023-08-24T03:06:24.758+0000] {processor.py:839} INFO - DAG(s) dict_keys(['example_time_delta_sensor_async']) retrieved from /home/airflow/.local/lib/python3.8/site-packages/airflow/example_dags/example_time_delta_sensor_async.py
[2023-08-24T03:06:24.776+0000] {logging_mixin.py:151} INFO - [2023-08-24T03:06:24.776+0000] {dag.py:2907} INFO - Sync 1 DAGs
[2023-08-24T03:06:24.784+0000] {logging_mixin.py:151} INFO - [2023-08-24T03:06:24.784+0000] {dag.py:3677} INFO - Setting next_dagrun for example_time_delta_sensor_async to None, run_after=None
[2023-08-24T03:06:24.796+0000] {processor.py:179} INFO - Processing /home/airflow/.local/lib/python3.8/site-packages/airflow/example_dags/example_time_delta_sensor_async.py took 0.050 seconds
[2023-08-24T03:06:55.602+0000] {processor.py:157} INFO - Started process (PID=292) to work on /home/airflow/.local/lib/python3.8/site-packages/airflow/example_dags/example_time_delta_sensor_async.py
[2023-08-24T03:06:55.602+0000] {processor.py:829} INFO - Processing file /home/airflow/.local/lib/python3.8/site-packages/airflow/example_dags/example_time_delta_sensor_async.py for tasks to queue
[2023-08-24T03:06:55.604+0000] {logging_mixin.py:151} INFO - [2023-08-24T03:06:55.604+0000] {dagbag.py:539} INFO - Filling up the DagBag from /home/airflow/.local/lib/python3.8/site-packages/airflow/example_dags/example_time_delta_sensor_async.py
[2023-08-24T03:06:55.608+0000] {processor.py:839} INFO - DAG(s) dict_keys(['example_time_delta_sensor_async']) retrieved from /home/airflow/.local/lib/python3.8/site-packages/airflow/example_dags/example_time_delta_sensor_async.py
[2023-08-24T03:06:55.625+0000] {logging_mixin.py:151} INFO - [2023-08-24T03:06:55.625+0000] {dag.py:2907} INFO - Sync 1 DAGs
[2023-08-24T03:06:55.632+0000] {logging_mixin.py:151} INFO - [2023-08-24T03:06:55.632+0000] {dag.py:3677} INFO - Setting next_dagrun for example_time_delta_sensor_async to None, run_after=None
[2023-08-24T03:06:55.642+0000] {processor.py:179} INFO - Processing /home/airflow/.local/lib/python3.8/site-packages/airflow/example_dags/example_time_delta_sensor_async.py took 0.042 seconds
[2023-08-24T03:07:26.486+0000] {processor.py:157} INFO - Started process (PID=359) to work on /home/airflow/.local/lib/python3.8/site-packages/airflow/example_dags/example_time_delta_sensor_async.py
[2023-08-24T03:07:26.487+0000] {processor.py:829} INFO - Processing file /home/airflow/.local/lib/python3.8/site-packages/airflow/example_dags/example_time_delta_sensor_async.py for tasks to queue
[2023-08-24T03:07:26.489+0000] {logging_mixin.py:151} INFO - [2023-08-24T03:07:26.489+0000] {dagbag.py:539} INFO - Filling up the DagBag from /home/airflow/.local/lib/python3.8/site-packages/airflow/example_dags/example_time_delta_sensor_async.py
[2023-08-24T03:07:26.493+0000] {processor.py:839} INFO - DAG(s) dict_keys(['example_time_delta_sensor_async']) retrieved from /home/airflow/.local/lib/python3.8/site-packages/airflow/example_dags/example_time_delta_sensor_async.py
[2023-08-24T03:07:26.510+0000] {logging_mixin.py:151} INFO - [2023-08-24T03:07:26.510+0000] {dag.py:2907} INFO - Sync 1 DAGs
[2023-08-24T03:07:26.518+0000] {logging_mixin.py:151} INFO - [2023-08-24T03:07:26.518+0000] {dag.py:3677} INFO - Setting next_dagrun for example_time_delta_sensor_async to None, run_after=None
[2023-08-24T03:07:26.529+0000] {processor.py:179} INFO - Processing /home/airflow/.local/lib/python3.8/site-packages/airflow/example_dags/example_time_delta_sensor_async.py took 0.046 seconds
[2023-08-24T03:07:57.126+0000] {processor.py:157} INFO - Started process (PID=422) to work on /home/airflow/.local/lib/python3.8/site-packages/airflow/example_dags/example_time_delta_sensor_async.py
[2023-08-24T03:07:57.127+0000] {processor.py:829} INFO - Processing file /home/airflow/.local/lib/python3.8/site-packages/airflow/example_dags/example_time_delta_sensor_async.py for tasks to queue
[2023-08-24T03:07:57.129+0000] {logging_mixin.py:151} INFO - [2023-08-24T03:07:57.129+0000] {dagbag.py:539} INFO - Filling up the DagBag from /home/airflow/.local/lib/python3.8/site-packages/airflow/example_dags/example_time_delta_sensor_async.py
[2023-08-24T03:07:57.133+0000] {processor.py:839} INFO - DAG(s) dict_keys(['example_time_delta_sensor_async']) retrieved from /home/airflow/.local/lib/python3.8/site-packages/airflow/example_dags/example_time_delta_sensor_async.py
[2023-08-24T03:07:57.150+0000] {logging_mixin.py:151} INFO - [2023-08-24T03:07:57.150+0000] {dag.py:2907} INFO - Sync 1 DAGs
[2023-08-24T03:07:57.158+0000] {logging_mixin.py:151} INFO - [2023-08-24T03:07:57.157+0000] {dag.py:3677} INFO - Setting next_dagrun for example_time_delta_sensor_async to None, run_after=None
[2023-08-24T03:07:57.168+0000] {processor.py:179} INFO - Processing /home/airflow/.local/lib/python3.8/site-packages/airflow/example_dags/example_time_delta_sensor_async.py took 0.045 seconds
[2023-08-24T03:08:27.944+0000] {processor.py:157} INFO - Started process (PID=486) to work on /home/airflow/.local/lib/python3.8/site-packages/airflow/example_dags/example_time_delta_sensor_async.py
[2023-08-24T03:08:27.946+0000] {processor.py:829} INFO - Processing file /home/airflow/.local/lib/python3.8/site-packages/airflow/example_dags/example_time_delta_sensor_async.py for tasks to queue
[2023-08-24T03:08:27.948+0000] {logging_mixin.py:151} INFO - [2023-08-24T03:08:27.947+0000] {dagbag.py:539} INFO - Filling up the DagBag from /home/airflow/.local/lib/python3.8/site-packages/airflow/example_dags/example_time_delta_sensor_async.py
[2023-08-24T03:08:27.952+0000] {processor.py:839} INFO - DAG(s) dict_keys(['example_time_delta_sensor_async']) retrieved from /home/airflow/.local/lib/python3.8/site-packages/airflow/example_dags/example_time_delta_sensor_async.py
[2023-08-24T03:08:27.970+0000] {logging_mixin.py:151} INFO - [2023-08-24T03:08:27.970+0000] {dag.py:2907} INFO - Sync 1 DAGs
[2023-08-24T03:08:27.978+0000] {logging_mixin.py:151} INFO - [2023-08-24T03:08:27.978+0000] {dag.py:3677} INFO - Setting next_dagrun for example_time_delta_sensor_async to None, run_after=None
[2023-08-24T03:08:27.989+0000] {processor.py:179} INFO - Processing /home/airflow/.local/lib/python3.8/site-packages/airflow/example_dags/example_time_delta_sensor_async.py took 0.048 seconds
[2023-08-24T03:08:58.819+0000] {processor.py:157} INFO - Started process (PID=549) to work on /home/airflow/.local/lib/python3.8/site-packages/airflow/example_dags/example_time_delta_sensor_async.py
[2023-08-24T03:08:58.821+0000] {processor.py:829} INFO - Processing file /home/airflow/.local/lib/python3.8/site-packages/airflow/example_dags/example_time_delta_sensor_async.py for tasks to queue
[2023-08-24T03:08:58.823+0000] {logging_mixin.py:151} INFO - [2023-08-24T03:08:58.823+0000] {dagbag.py:539} INFO - Filling up the DagBag from /home/airflow/.local/lib/python3.8/site-packages/airflow/example_dags/example_time_delta_sensor_async.py
[2023-08-24T03:08:58.828+0000] {processor.py:839} INFO - DAG(s) dict_keys(['example_time_delta_sensor_async']) retrieved from /home/airflow/.local/lib/python3.8/site-packages/airflow/example_dags/example_time_delta_sensor_async.py
[2023-08-24T03:08:58.845+0000] {logging_mixin.py:151} INFO - [2023-08-24T03:08:58.845+0000] {dag.py:2907} INFO - Sync 1 DAGs
[2023-08-24T03:08:58.853+0000] {logging_mixin.py:151} INFO - [2023-08-24T03:08:58.853+0000] {dag.py:3677} INFO - Setting next_dagrun for example_time_delta_sensor_async to None, run_after=None
[2023-08-24T03:08:58.863+0000] {processor.py:179} INFO - Processing /home/airflow/.local/lib/python3.8/site-packages/airflow/example_dags/example_time_delta_sensor_async.py took 0.048 seconds
[2023-08-24T03:16:28.840+0000] {processor.py:157} INFO - Started process (PID=42) to work on /home/airflow/.local/lib/python3.8/site-packages/airflow/example_dags/example_time_delta_sensor_async.py
[2023-08-24T03:16:28.841+0000] {processor.py:829} INFO - Processing file /home/airflow/.local/lib/python3.8/site-packages/airflow/example_dags/example_time_delta_sensor_async.py for tasks to queue
[2023-08-24T03:16:28.967+0000] {logging_mixin.py:151} INFO - [2023-08-24T03:16:28.966+0000] {dagbag.py:539} INFO - Filling up the DagBag from /home/airflow/.local/lib/python3.8/site-packages/airflow/example_dags/example_time_delta_sensor_async.py
[2023-08-24T03:16:28.971+0000] {processor.py:839} INFO - DAG(s) dict_keys(['example_time_delta_sensor_async']) retrieved from /home/airflow/.local/lib/python3.8/site-packages/airflow/example_dags/example_time_delta_sensor_async.py
[2023-08-24T03:16:28.987+0000] {logging_mixin.py:151} INFO - [2023-08-24T03:16:28.987+0000] {dag.py:2907} INFO - Sync 1 DAGs
[2023-08-24T03:16:28.998+0000] {logging_mixin.py:151} INFO - [2023-08-24T03:16:28.998+0000] {dag.py:3677} INFO - Setting next_dagrun for example_time_delta_sensor_async to None, run_after=None
[2023-08-24T03:16:29.011+0000] {processor.py:179} INFO - Processing /home/airflow/.local/lib/python3.8/site-packages/airflow/example_dags/example_time_delta_sensor_async.py took 0.174 seconds
[2023-08-24T03:16:59.285+0000] {processor.py:157} INFO - Started process (PID=105) to work on /home/airflow/.local/lib/python3.8/site-packages/airflow/example_dags/example_time_delta_sensor_async.py
[2023-08-24T03:16:59.286+0000] {processor.py:829} INFO - Processing file /home/airflow/.local/lib/python3.8/site-packages/airflow/example_dags/example_time_delta_sensor_async.py for tasks to queue
[2023-08-24T03:16:59.288+0000] {logging_mixin.py:151} INFO - [2023-08-24T03:16:59.288+0000] {dagbag.py:539} INFO - Filling up the DagBag from /home/airflow/.local/lib/python3.8/site-packages/airflow/example_dags/example_time_delta_sensor_async.py
[2023-08-24T03:16:59.293+0000] {processor.py:839} INFO - DAG(s) dict_keys(['example_time_delta_sensor_async']) retrieved from /home/airflow/.local/lib/python3.8/site-packages/airflow/example_dags/example_time_delta_sensor_async.py
[2023-08-24T03:16:59.309+0000] {logging_mixin.py:151} INFO - [2023-08-24T03:16:59.309+0000] {dag.py:2907} INFO - Sync 1 DAGs
[2023-08-24T03:16:59.316+0000] {logging_mixin.py:151} INFO - [2023-08-24T03:16:59.316+0000] {dag.py:3677} INFO - Setting next_dagrun for example_time_delta_sensor_async to None, run_after=None
[2023-08-24T03:16:59.327+0000] {processor.py:179} INFO - Processing /home/airflow/.local/lib/python3.8/site-packages/airflow/example_dags/example_time_delta_sensor_async.py took 0.044 seconds
[2023-08-24T03:17:30.035+0000] {processor.py:157} INFO - Started process (PID=168) to work on /home/airflow/.local/lib/python3.8/site-packages/airflow/example_dags/example_time_delta_sensor_async.py
[2023-08-24T03:17:30.036+0000] {processor.py:829} INFO - Processing file /home/airflow/.local/lib/python3.8/site-packages/airflow/example_dags/example_time_delta_sensor_async.py for tasks to queue
[2023-08-24T03:17:30.038+0000] {logging_mixin.py:151} INFO - [2023-08-24T03:17:30.037+0000] {dagbag.py:539} INFO - Filling up the DagBag from /home/airflow/.local/lib/python3.8/site-packages/airflow/example_dags/example_time_delta_sensor_async.py
[2023-08-24T03:17:30.042+0000] {processor.py:839} INFO - DAG(s) dict_keys(['example_time_delta_sensor_async']) retrieved from /home/airflow/.local/lib/python3.8/site-packages/airflow/example_dags/example_time_delta_sensor_async.py
[2023-08-24T03:17:30.058+0000] {logging_mixin.py:151} INFO - [2023-08-24T03:17:30.058+0000] {dag.py:2907} INFO - Sync 1 DAGs
[2023-08-24T03:17:30.066+0000] {logging_mixin.py:151} INFO - [2023-08-24T03:17:30.066+0000] {dag.py:3677} INFO - Setting next_dagrun for example_time_delta_sensor_async to None, run_after=None
[2023-08-24T03:17:30.076+0000] {processor.py:179} INFO - Processing /home/airflow/.local/lib/python3.8/site-packages/airflow/example_dags/example_time_delta_sensor_async.py took 0.045 seconds
[2023-08-24T03:18:00.850+0000] {processor.py:157} INFO - Started process (PID=231) to work on /home/airflow/.local/lib/python3.8/site-packages/airflow/example_dags/example_time_delta_sensor_async.py
[2023-08-24T03:18:00.851+0000] {processor.py:829} INFO - Processing file /home/airflow/.local/lib/python3.8/site-packages/airflow/example_dags/example_time_delta_sensor_async.py for tasks to queue
[2023-08-24T03:18:00.853+0000] {logging_mixin.py:151} INFO - [2023-08-24T03:18:00.853+0000] {dagbag.py:539} INFO - Filling up the DagBag from /home/airflow/.local/lib/python3.8/site-packages/airflow/example_dags/example_time_delta_sensor_async.py
[2023-08-24T03:18:00.857+0000] {processor.py:839} INFO - DAG(s) dict_keys(['example_time_delta_sensor_async']) retrieved from /home/airflow/.local/lib/python3.8/site-packages/airflow/example_dags/example_time_delta_sensor_async.py
[2023-08-24T03:18:00.874+0000] {logging_mixin.py:151} INFO - [2023-08-24T03:18:00.874+0000] {dag.py:2907} INFO - Sync 1 DAGs
[2023-08-24T03:18:00.881+0000] {logging_mixin.py:151} INFO - [2023-08-24T03:18:00.881+0000] {dag.py:3677} INFO - Setting next_dagrun for example_time_delta_sensor_async to None, run_after=None
[2023-08-24T03:18:00.891+0000] {processor.py:179} INFO - Processing /home/airflow/.local/lib/python3.8/site-packages/airflow/example_dags/example_time_delta_sensor_async.py took 0.043 seconds
[2023-08-24T03:19:15.128+0000] {processor.py:157} INFO - Started process (PID=41) to work on /home/airflow/.local/lib/python3.8/site-packages/airflow/example_dags/example_time_delta_sensor_async.py
[2023-08-24T03:19:15.129+0000] {processor.py:829} INFO - Processing file /home/airflow/.local/lib/python3.8/site-packages/airflow/example_dags/example_time_delta_sensor_async.py for tasks to queue
[2023-08-24T03:19:15.238+0000] {logging_mixin.py:151} INFO - [2023-08-24T03:19:15.238+0000] {dagbag.py:539} INFO - Filling up the DagBag from /home/airflow/.local/lib/python3.8/site-packages/airflow/example_dags/example_time_delta_sensor_async.py
[2023-08-24T03:19:15.242+0000] {processor.py:839} INFO - DAG(s) dict_keys(['example_time_delta_sensor_async']) retrieved from /home/airflow/.local/lib/python3.8/site-packages/airflow/example_dags/example_time_delta_sensor_async.py
[2023-08-24T03:19:15.254+0000] {logging_mixin.py:151} INFO - [2023-08-24T03:19:15.254+0000] {dag.py:2907} INFO - Sync 1 DAGs
[2023-08-24T03:19:15.265+0000] {logging_mixin.py:151} INFO - [2023-08-24T03:19:15.265+0000] {dag.py:3677} INFO - Setting next_dagrun for example_time_delta_sensor_async to None, run_after=None
[2023-08-24T03:19:15.278+0000] {processor.py:179} INFO - Processing /home/airflow/.local/lib/python3.8/site-packages/airflow/example_dags/example_time_delta_sensor_async.py took 0.153 seconds
[2023-08-24T03:22:55.681+0000] {processor.py:157} INFO - Started process (PID=40) to work on /home/airflow/.local/lib/python3.8/site-packages/airflow/example_dags/example_time_delta_sensor_async.py
[2023-08-24T03:22:55.687+0000] {processor.py:829} INFO - Processing file /home/airflow/.local/lib/python3.8/site-packages/airflow/example_dags/example_time_delta_sensor_async.py for tasks to queue
[2023-08-24T03:22:55.692+0000] {logging_mixin.py:151} INFO - [2023-08-24T03:22:55.691+0000] {dagbag.py:539} INFO - Filling up the DagBag from /home/airflow/.local/lib/python3.8/site-packages/airflow/example_dags/example_time_delta_sensor_async.py
[2023-08-24T03:22:55.700+0000] {processor.py:839} INFO - DAG(s) dict_keys(['example_time_delta_sensor_async']) retrieved from /home/airflow/.local/lib/python3.8/site-packages/airflow/example_dags/example_time_delta_sensor_async.py
[2023-08-24T03:22:55.713+0000] {logging_mixin.py:151} INFO - [2023-08-24T03:22:55.713+0000] {dag.py:2907} INFO - Sync 1 DAGs
[2023-08-24T03:22:55.724+0000] {logging_mixin.py:151} INFO - [2023-08-24T03:22:55.723+0000] {dag.py:3677} INFO - Setting next_dagrun for example_time_delta_sensor_async to None, run_after=None
[2023-08-24T03:22:55.741+0000] {processor.py:179} INFO - Processing /home/airflow/.local/lib/python3.8/site-packages/airflow/example_dags/example_time_delta_sensor_async.py took 0.064 seconds
[2023-08-24T03:23:26.244+0000] {processor.py:157} INFO - Started process (PID=103) to work on /home/airflow/.local/lib/python3.8/site-packages/airflow/example_dags/example_time_delta_sensor_async.py
[2023-08-24T03:23:26.245+0000] {processor.py:829} INFO - Processing file /home/airflow/.local/lib/python3.8/site-packages/airflow/example_dags/example_time_delta_sensor_async.py for tasks to queue
[2023-08-24T03:23:26.246+0000] {logging_mixin.py:151} INFO - [2023-08-24T03:23:26.246+0000] {dagbag.py:539} INFO - Filling up the DagBag from /home/airflow/.local/lib/python3.8/site-packages/airflow/example_dags/example_time_delta_sensor_async.py
[2023-08-24T03:23:26.250+0000] {processor.py:839} INFO - DAG(s) dict_keys(['example_time_delta_sensor_async']) retrieved from /home/airflow/.local/lib/python3.8/site-packages/airflow/example_dags/example_time_delta_sensor_async.py
[2023-08-24T03:23:26.267+0000] {logging_mixin.py:151} INFO - [2023-08-24T03:23:26.266+0000] {dag.py:2907} INFO - Sync 1 DAGs
[2023-08-24T03:23:26.274+0000] {logging_mixin.py:151} INFO - [2023-08-24T03:23:26.274+0000] {dag.py:3677} INFO - Setting next_dagrun for example_time_delta_sensor_async to None, run_after=None
[2023-08-24T03:23:26.284+0000] {processor.py:179} INFO - Processing /home/airflow/.local/lib/python3.8/site-packages/airflow/example_dags/example_time_delta_sensor_async.py took 0.043 seconds
[2023-08-24T03:59:47.805+0000] {processor.py:157} INFO - Started process (PID=41) to work on /home/airflow/.local/lib/python3.8/site-packages/airflow/example_dags/example_time_delta_sensor_async.py
[2023-08-24T03:59:47.807+0000] {processor.py:829} INFO - Processing file /home/airflow/.local/lib/python3.8/site-packages/airflow/example_dags/example_time_delta_sensor_async.py for tasks to queue
[2023-08-24T03:59:47.938+0000] {logging_mixin.py:151} INFO - [2023-08-24T03:59:47.937+0000] {dagbag.py:539} INFO - Filling up the DagBag from /home/airflow/.local/lib/python3.8/site-packages/airflow/example_dags/example_time_delta_sensor_async.py
[2023-08-24T03:59:47.943+0000] {processor.py:839} INFO - DAG(s) dict_keys(['example_time_delta_sensor_async']) retrieved from /home/airflow/.local/lib/python3.8/site-packages/airflow/example_dags/example_time_delta_sensor_async.py
[2023-08-24T03:59:47.954+0000] {logging_mixin.py:151} INFO - [2023-08-24T03:59:47.954+0000] {dag.py:2907} INFO - Sync 1 DAGs
[2023-08-24T03:59:47.961+0000] {logging_mixin.py:151} INFO - [2023-08-24T03:59:47.961+0000] {dag.py:3677} INFO - Setting next_dagrun for example_time_delta_sensor_async to None, run_after=None
[2023-08-24T03:59:47.973+0000] {processor.py:179} INFO - Processing /home/airflow/.local/lib/python3.8/site-packages/airflow/example_dags/example_time_delta_sensor_async.py took 0.171 seconds
[2023-08-24T04:00:18.272+0000] {processor.py:157} INFO - Started process (PID=104) to work on /home/airflow/.local/lib/python3.8/site-packages/airflow/example_dags/example_time_delta_sensor_async.py
[2023-08-24T04:00:18.273+0000] {processor.py:829} INFO - Processing file /home/airflow/.local/lib/python3.8/site-packages/airflow/example_dags/example_time_delta_sensor_async.py for tasks to queue
[2023-08-24T04:00:18.275+0000] {logging_mixin.py:151} INFO - [2023-08-24T04:00:18.275+0000] {dagbag.py:539} INFO - Filling up the DagBag from /home/airflow/.local/lib/python3.8/site-packages/airflow/example_dags/example_time_delta_sensor_async.py
[2023-08-24T04:00:18.279+0000] {processor.py:839} INFO - DAG(s) dict_keys(['example_time_delta_sensor_async']) retrieved from /home/airflow/.local/lib/python3.8/site-packages/airflow/example_dags/example_time_delta_sensor_async.py
[2023-08-24T04:00:18.297+0000] {logging_mixin.py:151} INFO - [2023-08-24T04:00:18.297+0000] {dag.py:2907} INFO - Sync 1 DAGs
[2023-08-24T04:00:18.305+0000] {logging_mixin.py:151} INFO - [2023-08-24T04:00:18.305+0000] {dag.py:3677} INFO - Setting next_dagrun for example_time_delta_sensor_async to None, run_after=None
[2023-08-24T04:00:18.316+0000] {processor.py:179} INFO - Processing /home/airflow/.local/lib/python3.8/site-packages/airflow/example_dags/example_time_delta_sensor_async.py took 0.047 seconds
[2023-08-24T04:00:49.150+0000] {processor.py:157} INFO - Started process (PID=167) to work on /home/airflow/.local/lib/python3.8/site-packages/airflow/example_dags/example_time_delta_sensor_async.py
[2023-08-24T04:00:49.151+0000] {processor.py:829} INFO - Processing file /home/airflow/.local/lib/python3.8/site-packages/airflow/example_dags/example_time_delta_sensor_async.py for tasks to queue
[2023-08-24T04:00:49.154+0000] {logging_mixin.py:151} INFO - [2023-08-24T04:00:49.153+0000] {dagbag.py:539} INFO - Filling up the DagBag from /home/airflow/.local/lib/python3.8/site-packages/airflow/example_dags/example_time_delta_sensor_async.py
[2023-08-24T04:00:49.157+0000] {processor.py:839} INFO - DAG(s) dict_keys(['example_time_delta_sensor_async']) retrieved from /home/airflow/.local/lib/python3.8/site-packages/airflow/example_dags/example_time_delta_sensor_async.py
[2023-08-24T04:00:49.175+0000] {logging_mixin.py:151} INFO - [2023-08-24T04:00:49.175+0000] {dag.py:2907} INFO - Sync 1 DAGs
[2023-08-24T04:00:49.182+0000] {logging_mixin.py:151} INFO - [2023-08-24T04:00:49.182+0000] {dag.py:3677} INFO - Setting next_dagrun for example_time_delta_sensor_async to None, run_after=None
[2023-08-24T04:00:49.193+0000] {processor.py:179} INFO - Processing /home/airflow/.local/lib/python3.8/site-packages/airflow/example_dags/example_time_delta_sensor_async.py took 0.046 seconds
[2023-08-24T04:01:19.826+0000] {processor.py:157} INFO - Started process (PID=230) to work on /home/airflow/.local/lib/python3.8/site-packages/airflow/example_dags/example_time_delta_sensor_async.py
[2023-08-24T04:01:19.827+0000] {processor.py:829} INFO - Processing file /home/airflow/.local/lib/python3.8/site-packages/airflow/example_dags/example_time_delta_sensor_async.py for tasks to queue
[2023-08-24T04:01:19.829+0000] {logging_mixin.py:151} INFO - [2023-08-24T04:01:19.829+0000] {dagbag.py:539} INFO - Filling up the DagBag from /home/airflow/.local/lib/python3.8/site-packages/airflow/example_dags/example_time_delta_sensor_async.py
[2023-08-24T04:01:19.834+0000] {processor.py:839} INFO - DAG(s) dict_keys(['example_time_delta_sensor_async']) retrieved from /home/airflow/.local/lib/python3.8/site-packages/airflow/example_dags/example_time_delta_sensor_async.py
[2023-08-24T04:01:19.851+0000] {logging_mixin.py:151} INFO - [2023-08-24T04:01:19.851+0000] {dag.py:2907} INFO - Sync 1 DAGs
[2023-08-24T04:01:19.860+0000] {logging_mixin.py:151} INFO - [2023-08-24T04:01:19.859+0000] {dag.py:3677} INFO - Setting next_dagrun for example_time_delta_sensor_async to None, run_after=None
[2023-08-24T04:01:19.871+0000] {processor.py:179} INFO - Processing /home/airflow/.local/lib/python3.8/site-packages/airflow/example_dags/example_time_delta_sensor_async.py took 0.048 seconds
[2023-08-24T04:01:50.726+0000] {processor.py:157} INFO - Started process (PID=293) to work on /home/airflow/.local/lib/python3.8/site-packages/airflow/example_dags/example_time_delta_sensor_async.py
[2023-08-24T04:01:50.728+0000] {processor.py:829} INFO - Processing file /home/airflow/.local/lib/python3.8/site-packages/airflow/example_dags/example_time_delta_sensor_async.py for tasks to queue
[2023-08-24T04:01:50.730+0000] {logging_mixin.py:151} INFO - [2023-08-24T04:01:50.730+0000] {dagbag.py:539} INFO - Filling up the DagBag from /home/airflow/.local/lib/python3.8/site-packages/airflow/example_dags/example_time_delta_sensor_async.py
[2023-08-24T04:01:50.734+0000] {processor.py:839} INFO - DAG(s) dict_keys(['example_time_delta_sensor_async']) retrieved from /home/airflow/.local/lib/python3.8/site-packages/airflow/example_dags/example_time_delta_sensor_async.py
[2023-08-24T04:01:50.750+0000] {logging_mixin.py:151} INFO - [2023-08-24T04:01:50.750+0000] {dag.py:2907} INFO - Sync 1 DAGs
[2023-08-24T04:01:50.759+0000] {logging_mixin.py:151} INFO - [2023-08-24T04:01:50.759+0000] {dag.py:3677} INFO - Setting next_dagrun for example_time_delta_sensor_async to None, run_after=None
[2023-08-24T04:01:50.768+0000] {processor.py:179} INFO - Processing /home/airflow/.local/lib/python3.8/site-packages/airflow/example_dags/example_time_delta_sensor_async.py took 0.045 seconds
[2023-08-24T04:02:21.640+0000] {processor.py:157} INFO - Started process (PID=356) to work on /home/airflow/.local/lib/python3.8/site-packages/airflow/example_dags/example_time_delta_sensor_async.py
[2023-08-24T04:02:21.642+0000] {processor.py:829} INFO - Processing file /home/airflow/.local/lib/python3.8/site-packages/airflow/example_dags/example_time_delta_sensor_async.py for tasks to queue
[2023-08-24T04:02:21.644+0000] {logging_mixin.py:151} INFO - [2023-08-24T04:02:21.644+0000] {dagbag.py:539} INFO - Filling up the DagBag from /home/airflow/.local/lib/python3.8/site-packages/airflow/example_dags/example_time_delta_sensor_async.py
[2023-08-24T04:02:21.648+0000] {processor.py:839} INFO - DAG(s) dict_keys(['example_time_delta_sensor_async']) retrieved from /home/airflow/.local/lib/python3.8/site-packages/airflow/example_dags/example_time_delta_sensor_async.py
[2023-08-24T04:02:21.666+0000] {logging_mixin.py:151} INFO - [2023-08-24T04:02:21.665+0000] {dag.py:2907} INFO - Sync 1 DAGs
[2023-08-24T04:02:21.674+0000] {logging_mixin.py:151} INFO - [2023-08-24T04:02:21.674+0000] {dag.py:3677} INFO - Setting next_dagrun for example_time_delta_sensor_async to None, run_after=None
[2023-08-24T04:02:21.686+0000] {processor.py:179} INFO - Processing /home/airflow/.local/lib/python3.8/site-packages/airflow/example_dags/example_time_delta_sensor_async.py took 0.048 seconds
[2023-08-24T04:02:52.354+0000] {processor.py:157} INFO - Started process (PID=419) to work on /home/airflow/.local/lib/python3.8/site-packages/airflow/example_dags/example_time_delta_sensor_async.py
[2023-08-24T04:02:52.355+0000] {processor.py:829} INFO - Processing file /home/airflow/.local/lib/python3.8/site-packages/airflow/example_dags/example_time_delta_sensor_async.py for tasks to queue
[2023-08-24T04:02:52.357+0000] {logging_mixin.py:151} INFO - [2023-08-24T04:02:52.357+0000] {dagbag.py:539} INFO - Filling up the DagBag from /home/airflow/.local/lib/python3.8/site-packages/airflow/example_dags/example_time_delta_sensor_async.py
[2023-08-24T04:02:52.362+0000] {processor.py:839} INFO - DAG(s) dict_keys(['example_time_delta_sensor_async']) retrieved from /home/airflow/.local/lib/python3.8/site-packages/airflow/example_dags/example_time_delta_sensor_async.py
[2023-08-24T04:02:52.379+0000] {logging_mixin.py:151} INFO - [2023-08-24T04:02:52.379+0000] {dag.py:2907} INFO - Sync 1 DAGs
[2023-08-24T04:02:52.387+0000] {logging_mixin.py:151} INFO - [2023-08-24T04:02:52.387+0000] {dag.py:3677} INFO - Setting next_dagrun for example_time_delta_sensor_async to None, run_after=None
[2023-08-24T04:02:52.397+0000] {processor.py:179} INFO - Processing /home/airflow/.local/lib/python3.8/site-packages/airflow/example_dags/example_time_delta_sensor_async.py took 0.046 seconds
[2023-08-24T04:03:22.962+0000] {processor.py:157} INFO - Started process (PID=482) to work on /home/airflow/.local/lib/python3.8/site-packages/airflow/example_dags/example_time_delta_sensor_async.py
[2023-08-24T04:03:22.963+0000] {processor.py:829} INFO - Processing file /home/airflow/.local/lib/python3.8/site-packages/airflow/example_dags/example_time_delta_sensor_async.py for tasks to queue
[2023-08-24T04:03:22.965+0000] {logging_mixin.py:151} INFO - [2023-08-24T04:03:22.965+0000] {dagbag.py:539} INFO - Filling up the DagBag from /home/airflow/.local/lib/python3.8/site-packages/airflow/example_dags/example_time_delta_sensor_async.py
[2023-08-24T04:03:22.969+0000] {processor.py:839} INFO - DAG(s) dict_keys(['example_time_delta_sensor_async']) retrieved from /home/airflow/.local/lib/python3.8/site-packages/airflow/example_dags/example_time_delta_sensor_async.py
[2023-08-24T04:03:22.986+0000] {logging_mixin.py:151} INFO - [2023-08-24T04:03:22.986+0000] {dag.py:2907} INFO - Sync 1 DAGs
[2023-08-24T04:03:22.994+0000] {logging_mixin.py:151} INFO - [2023-08-24T04:03:22.994+0000] {dag.py:3677} INFO - Setting next_dagrun for example_time_delta_sensor_async to None, run_after=None
[2023-08-24T04:03:23.004+0000] {processor.py:179} INFO - Processing /home/airflow/.local/lib/python3.8/site-packages/airflow/example_dags/example_time_delta_sensor_async.py took 0.045 seconds
[2023-08-24T04:03:53.663+0000] {processor.py:157} INFO - Started process (PID=545) to work on /home/airflow/.local/lib/python3.8/site-packages/airflow/example_dags/example_time_delta_sensor_async.py
[2023-08-24T04:03:53.665+0000] {processor.py:829} INFO - Processing file /home/airflow/.local/lib/python3.8/site-packages/airflow/example_dags/example_time_delta_sensor_async.py for tasks to queue
[2023-08-24T04:03:53.667+0000] {logging_mixin.py:151} INFO - [2023-08-24T04:03:53.666+0000] {dagbag.py:539} INFO - Filling up the DagBag from /home/airflow/.local/lib/python3.8/site-packages/airflow/example_dags/example_time_delta_sensor_async.py
[2023-08-24T04:03:53.671+0000] {processor.py:839} INFO - DAG(s) dict_keys(['example_time_delta_sensor_async']) retrieved from /home/airflow/.local/lib/python3.8/site-packages/airflow/example_dags/example_time_delta_sensor_async.py
[2023-08-24T04:03:53.688+0000] {logging_mixin.py:151} INFO - [2023-08-24T04:03:53.688+0000] {dag.py:2907} INFO - Sync 1 DAGs
[2023-08-24T04:03:53.696+0000] {logging_mixin.py:151} INFO - [2023-08-24T04:03:53.696+0000] {dag.py:3677} INFO - Setting next_dagrun for example_time_delta_sensor_async to None, run_after=None
[2023-08-24T04:03:53.706+0000] {processor.py:179} INFO - Processing /home/airflow/.local/lib/python3.8/site-packages/airflow/example_dags/example_time_delta_sensor_async.py took 0.046 seconds
[2023-08-24T04:04:24.437+0000] {processor.py:157} INFO - Started process (PID=608) to work on /home/airflow/.local/lib/python3.8/site-packages/airflow/example_dags/example_time_delta_sensor_async.py
[2023-08-24T04:04:24.438+0000] {processor.py:829} INFO - Processing file /home/airflow/.local/lib/python3.8/site-packages/airflow/example_dags/example_time_delta_sensor_async.py for tasks to queue
[2023-08-24T04:04:24.441+0000] {logging_mixin.py:151} INFO - [2023-08-24T04:04:24.440+0000] {dagbag.py:539} INFO - Filling up the DagBag from /home/airflow/.local/lib/python3.8/site-packages/airflow/example_dags/example_time_delta_sensor_async.py
[2023-08-24T04:04:24.445+0000] {processor.py:839} INFO - DAG(s) dict_keys(['example_time_delta_sensor_async']) retrieved from /home/airflow/.local/lib/python3.8/site-packages/airflow/example_dags/example_time_delta_sensor_async.py
[2023-08-24T04:04:24.462+0000] {logging_mixin.py:151} INFO - [2023-08-24T04:04:24.462+0000] {dag.py:2907} INFO - Sync 1 DAGs
[2023-08-24T04:04:24.470+0000] {logging_mixin.py:151} INFO - [2023-08-24T04:04:24.470+0000] {dag.py:3677} INFO - Setting next_dagrun for example_time_delta_sensor_async to None, run_after=None
[2023-08-24T04:04:24.482+0000] {processor.py:179} INFO - Processing /home/airflow/.local/lib/python3.8/site-packages/airflow/example_dags/example_time_delta_sensor_async.py took 0.048 seconds
[2023-08-24T04:04:55.398+0000] {processor.py:157} INFO - Started process (PID=671) to work on /home/airflow/.local/lib/python3.8/site-packages/airflow/example_dags/example_time_delta_sensor_async.py
[2023-08-24T04:04:55.399+0000] {processor.py:829} INFO - Processing file /home/airflow/.local/lib/python3.8/site-packages/airflow/example_dags/example_time_delta_sensor_async.py for tasks to queue
[2023-08-24T04:04:55.401+0000] {logging_mixin.py:151} INFO - [2023-08-24T04:04:55.400+0000] {dagbag.py:539} INFO - Filling up the DagBag from /home/airflow/.local/lib/python3.8/site-packages/airflow/example_dags/example_time_delta_sensor_async.py
[2023-08-24T04:04:55.405+0000] {processor.py:839} INFO - DAG(s) dict_keys(['example_time_delta_sensor_async']) retrieved from /home/airflow/.local/lib/python3.8/site-packages/airflow/example_dags/example_time_delta_sensor_async.py
[2023-08-24T04:04:55.423+0000] {logging_mixin.py:151} INFO - [2023-08-24T04:04:55.423+0000] {dag.py:2907} INFO - Sync 1 DAGs
[2023-08-24T04:04:55.432+0000] {logging_mixin.py:151} INFO - [2023-08-24T04:04:55.432+0000] {dag.py:3677} INFO - Setting next_dagrun for example_time_delta_sensor_async to None, run_after=None
[2023-08-24T04:04:55.443+0000] {processor.py:179} INFO - Processing /home/airflow/.local/lib/python3.8/site-packages/airflow/example_dags/example_time_delta_sensor_async.py took 0.048 seconds
[2023-08-24T04:05:26.155+0000] {processor.py:157} INFO - Started process (PID=734) to work on /home/airflow/.local/lib/python3.8/site-packages/airflow/example_dags/example_time_delta_sensor_async.py
[2023-08-24T04:05:26.156+0000] {processor.py:829} INFO - Processing file /home/airflow/.local/lib/python3.8/site-packages/airflow/example_dags/example_time_delta_sensor_async.py for tasks to queue
[2023-08-24T04:05:26.158+0000] {logging_mixin.py:151} INFO - [2023-08-24T04:05:26.158+0000] {dagbag.py:539} INFO - Filling up the DagBag from /home/airflow/.local/lib/python3.8/site-packages/airflow/example_dags/example_time_delta_sensor_async.py
[2023-08-24T04:05:26.162+0000] {processor.py:839} INFO - DAG(s) dict_keys(['example_time_delta_sensor_async']) retrieved from /home/airflow/.local/lib/python3.8/site-packages/airflow/example_dags/example_time_delta_sensor_async.py
[2023-08-24T04:05:26.179+0000] {logging_mixin.py:151} INFO - [2023-08-24T04:05:26.179+0000] {dag.py:2907} INFO - Sync 1 DAGs
[2023-08-24T04:05:26.187+0000] {logging_mixin.py:151} INFO - [2023-08-24T04:05:26.187+0000] {dag.py:3677} INFO - Setting next_dagrun for example_time_delta_sensor_async to None, run_after=None
[2023-08-24T04:05:26.197+0000] {processor.py:179} INFO - Processing /home/airflow/.local/lib/python3.8/site-packages/airflow/example_dags/example_time_delta_sensor_async.py took 0.045 seconds
[2023-08-24T04:05:56.912+0000] {processor.py:157} INFO - Started process (PID=797) to work on /home/airflow/.local/lib/python3.8/site-packages/airflow/example_dags/example_time_delta_sensor_async.py
[2023-08-24T04:05:56.913+0000] {processor.py:829} INFO - Processing file /home/airflow/.local/lib/python3.8/site-packages/airflow/example_dags/example_time_delta_sensor_async.py for tasks to queue
[2023-08-24T04:05:56.915+0000] {logging_mixin.py:151} INFO - [2023-08-24T04:05:56.914+0000] {dagbag.py:539} INFO - Filling up the DagBag from /home/airflow/.local/lib/python3.8/site-packages/airflow/example_dags/example_time_delta_sensor_async.py
[2023-08-24T04:05:56.919+0000] {processor.py:839} INFO - DAG(s) dict_keys(['example_time_delta_sensor_async']) retrieved from /home/airflow/.local/lib/python3.8/site-packages/airflow/example_dags/example_time_delta_sensor_async.py
[2023-08-24T04:05:56.935+0000] {logging_mixin.py:151} INFO - [2023-08-24T04:05:56.935+0000] {dag.py:2907} INFO - Sync 1 DAGs
[2023-08-24T04:05:56.943+0000] {logging_mixin.py:151} INFO - [2023-08-24T04:05:56.943+0000] {dag.py:3677} INFO - Setting next_dagrun for example_time_delta_sensor_async to None, run_after=None
[2023-08-24T04:05:56.953+0000] {processor.py:179} INFO - Processing /home/airflow/.local/lib/python3.8/site-packages/airflow/example_dags/example_time_delta_sensor_async.py took 0.044 seconds
[2023-08-24T04:06:27.526+0000] {processor.py:157} INFO - Started process (PID=860) to work on /home/airflow/.local/lib/python3.8/site-packages/airflow/example_dags/example_time_delta_sensor_async.py
[2023-08-24T04:06:27.527+0000] {processor.py:829} INFO - Processing file /home/airflow/.local/lib/python3.8/site-packages/airflow/example_dags/example_time_delta_sensor_async.py for tasks to queue
[2023-08-24T04:06:27.529+0000] {logging_mixin.py:151} INFO - [2023-08-24T04:06:27.529+0000] {dagbag.py:539} INFO - Filling up the DagBag from /home/airflow/.local/lib/python3.8/site-packages/airflow/example_dags/example_time_delta_sensor_async.py
[2023-08-24T04:06:27.533+0000] {processor.py:839} INFO - DAG(s) dict_keys(['example_time_delta_sensor_async']) retrieved from /home/airflow/.local/lib/python3.8/site-packages/airflow/example_dags/example_time_delta_sensor_async.py
[2023-08-24T04:06:27.550+0000] {logging_mixin.py:151} INFO - [2023-08-24T04:06:27.550+0000] {dag.py:2907} INFO - Sync 1 DAGs
[2023-08-24T04:06:27.557+0000] {logging_mixin.py:151} INFO - [2023-08-24T04:06:27.557+0000] {dag.py:3677} INFO - Setting next_dagrun for example_time_delta_sensor_async to None, run_after=None
[2023-08-24T04:06:27.569+0000] {processor.py:179} INFO - Processing /home/airflow/.local/lib/python3.8/site-packages/airflow/example_dags/example_time_delta_sensor_async.py took 0.046 seconds
[2023-08-24T04:06:58.211+0000] {processor.py:157} INFO - Started process (PID=922) to work on /home/airflow/.local/lib/python3.8/site-packages/airflow/example_dags/example_time_delta_sensor_async.py
[2023-08-24T04:06:58.212+0000] {processor.py:829} INFO - Processing file /home/airflow/.local/lib/python3.8/site-packages/airflow/example_dags/example_time_delta_sensor_async.py for tasks to queue
[2023-08-24T04:06:58.214+0000] {logging_mixin.py:151} INFO - [2023-08-24T04:06:58.214+0000] {dagbag.py:539} INFO - Filling up the DagBag from /home/airflow/.local/lib/python3.8/site-packages/airflow/example_dags/example_time_delta_sensor_async.py
[2023-08-24T04:06:58.218+0000] {processor.py:839} INFO - DAG(s) dict_keys(['example_time_delta_sensor_async']) retrieved from /home/airflow/.local/lib/python3.8/site-packages/airflow/example_dags/example_time_delta_sensor_async.py
[2023-08-24T04:06:58.235+0000] {logging_mixin.py:151} INFO - [2023-08-24T04:06:58.235+0000] {dag.py:2907} INFO - Sync 1 DAGs
[2023-08-24T04:06:58.243+0000] {logging_mixin.py:151} INFO - [2023-08-24T04:06:58.243+0000] {dag.py:3677} INFO - Setting next_dagrun for example_time_delta_sensor_async to None, run_after=None
[2023-08-24T04:06:58.254+0000] {processor.py:179} INFO - Processing /home/airflow/.local/lib/python3.8/site-packages/airflow/example_dags/example_time_delta_sensor_async.py took 0.046 seconds
[2023-08-24T04:07:28.883+0000] {processor.py:157} INFO - Started process (PID=985) to work on /home/airflow/.local/lib/python3.8/site-packages/airflow/example_dags/example_time_delta_sensor_async.py
[2023-08-24T04:07:28.884+0000] {processor.py:829} INFO - Processing file /home/airflow/.local/lib/python3.8/site-packages/airflow/example_dags/example_time_delta_sensor_async.py for tasks to queue
[2023-08-24T04:07:28.886+0000] {logging_mixin.py:151} INFO - [2023-08-24T04:07:28.886+0000] {dagbag.py:539} INFO - Filling up the DagBag from /home/airflow/.local/lib/python3.8/site-packages/airflow/example_dags/example_time_delta_sensor_async.py
[2023-08-24T04:07:28.891+0000] {processor.py:839} INFO - DAG(s) dict_keys(['example_time_delta_sensor_async']) retrieved from /home/airflow/.local/lib/python3.8/site-packages/airflow/example_dags/example_time_delta_sensor_async.py
[2023-08-24T04:07:28.907+0000] {logging_mixin.py:151} INFO - [2023-08-24T04:07:28.907+0000] {dag.py:2907} INFO - Sync 1 DAGs
[2023-08-24T04:07:28.915+0000] {logging_mixin.py:151} INFO - [2023-08-24T04:07:28.915+0000] {dag.py:3677} INFO - Setting next_dagrun for example_time_delta_sensor_async to None, run_after=None
[2023-08-24T04:07:28.925+0000] {processor.py:179} INFO - Processing /home/airflow/.local/lib/python3.8/site-packages/airflow/example_dags/example_time_delta_sensor_async.py took 0.046 seconds
[2023-08-24T04:07:59.615+0000] {processor.py:157} INFO - Started process (PID=1048) to work on /home/airflow/.local/lib/python3.8/site-packages/airflow/example_dags/example_time_delta_sensor_async.py
[2023-08-24T04:07:59.616+0000] {processor.py:829} INFO - Processing file /home/airflow/.local/lib/python3.8/site-packages/airflow/example_dags/example_time_delta_sensor_async.py for tasks to queue
[2023-08-24T04:07:59.618+0000] {logging_mixin.py:151} INFO - [2023-08-24T04:07:59.618+0000] {dagbag.py:539} INFO - Filling up the DagBag from /home/airflow/.local/lib/python3.8/site-packages/airflow/example_dags/example_time_delta_sensor_async.py
[2023-08-24T04:07:59.622+0000] {processor.py:839} INFO - DAG(s) dict_keys(['example_time_delta_sensor_async']) retrieved from /home/airflow/.local/lib/python3.8/site-packages/airflow/example_dags/example_time_delta_sensor_async.py
[2023-08-24T04:07:59.641+0000] {logging_mixin.py:151} INFO - [2023-08-24T04:07:59.641+0000] {dag.py:2907} INFO - Sync 1 DAGs
[2023-08-24T04:07:59.649+0000] {logging_mixin.py:151} INFO - [2023-08-24T04:07:59.649+0000] {dag.py:3677} INFO - Setting next_dagrun for example_time_delta_sensor_async to None, run_after=None
[2023-08-24T04:07:59.660+0000] {processor.py:179} INFO - Processing /home/airflow/.local/lib/python3.8/site-packages/airflow/example_dags/example_time_delta_sensor_async.py took 0.048 seconds
[2023-08-24T04:08:30.323+0000] {processor.py:157} INFO - Started process (PID=1111) to work on /home/airflow/.local/lib/python3.8/site-packages/airflow/example_dags/example_time_delta_sensor_async.py
[2023-08-24T04:08:30.324+0000] {processor.py:829} INFO - Processing file /home/airflow/.local/lib/python3.8/site-packages/airflow/example_dags/example_time_delta_sensor_async.py for tasks to queue
[2023-08-24T04:08:30.326+0000] {logging_mixin.py:151} INFO - [2023-08-24T04:08:30.326+0000] {dagbag.py:539} INFO - Filling up the DagBag from /home/airflow/.local/lib/python3.8/site-packages/airflow/example_dags/example_time_delta_sensor_async.py
[2023-08-24T04:08:30.331+0000] {processor.py:839} INFO - DAG(s) dict_keys(['example_time_delta_sensor_async']) retrieved from /home/airflow/.local/lib/python3.8/site-packages/airflow/example_dags/example_time_delta_sensor_async.py
[2023-08-24T04:08:30.348+0000] {logging_mixin.py:151} INFO - [2023-08-24T04:08:30.348+0000] {dag.py:2907} INFO - Sync 1 DAGs
[2023-08-24T04:08:30.356+0000] {logging_mixin.py:151} INFO - [2023-08-24T04:08:30.356+0000] {dag.py:3677} INFO - Setting next_dagrun for example_time_delta_sensor_async to None, run_after=None
[2023-08-24T04:08:30.366+0000] {processor.py:179} INFO - Processing /home/airflow/.local/lib/python3.8/site-packages/airflow/example_dags/example_time_delta_sensor_async.py took 0.046 seconds
[2023-08-24T04:09:01.029+0000] {processor.py:157} INFO - Started process (PID=1174) to work on /home/airflow/.local/lib/python3.8/site-packages/airflow/example_dags/example_time_delta_sensor_async.py
[2023-08-24T04:09:01.030+0000] {processor.py:829} INFO - Processing file /home/airflow/.local/lib/python3.8/site-packages/airflow/example_dags/example_time_delta_sensor_async.py for tasks to queue
[2023-08-24T04:09:01.032+0000] {logging_mixin.py:151} INFO - [2023-08-24T04:09:01.031+0000] {dagbag.py:539} INFO - Filling up the DagBag from /home/airflow/.local/lib/python3.8/site-packages/airflow/example_dags/example_time_delta_sensor_async.py
[2023-08-24T04:09:01.036+0000] {processor.py:839} INFO - DAG(s) dict_keys(['example_time_delta_sensor_async']) retrieved from /home/airflow/.local/lib/python3.8/site-packages/airflow/example_dags/example_time_delta_sensor_async.py
[2023-08-24T04:09:01.053+0000] {logging_mixin.py:151} INFO - [2023-08-24T04:09:01.053+0000] {dag.py:2907} INFO - Sync 1 DAGs
[2023-08-24T04:09:01.061+0000] {logging_mixin.py:151} INFO - [2023-08-24T04:09:01.061+0000] {dag.py:3677} INFO - Setting next_dagrun for example_time_delta_sensor_async to None, run_after=None
[2023-08-24T04:09:01.072+0000] {processor.py:179} INFO - Processing /home/airflow/.local/lib/python3.8/site-packages/airflow/example_dags/example_time_delta_sensor_async.py took 0.046 seconds
[2023-08-24T04:09:31.868+0000] {processor.py:157} INFO - Started process (PID=1237) to work on /home/airflow/.local/lib/python3.8/site-packages/airflow/example_dags/example_time_delta_sensor_async.py
[2023-08-24T04:09:31.870+0000] {processor.py:829} INFO - Processing file /home/airflow/.local/lib/python3.8/site-packages/airflow/example_dags/example_time_delta_sensor_async.py for tasks to queue
[2023-08-24T04:09:31.871+0000] {logging_mixin.py:151} INFO - [2023-08-24T04:09:31.871+0000] {dagbag.py:539} INFO - Filling up the DagBag from /home/airflow/.local/lib/python3.8/site-packages/airflow/example_dags/example_time_delta_sensor_async.py
[2023-08-24T04:09:31.875+0000] {processor.py:839} INFO - DAG(s) dict_keys(['example_time_delta_sensor_async']) retrieved from /home/airflow/.local/lib/python3.8/site-packages/airflow/example_dags/example_time_delta_sensor_async.py
[2023-08-24T04:09:31.892+0000] {logging_mixin.py:151} INFO - [2023-08-24T04:09:31.892+0000] {dag.py:2907} INFO - Sync 1 DAGs
[2023-08-24T04:09:31.899+0000] {logging_mixin.py:151} INFO - [2023-08-24T04:09:31.899+0000] {dag.py:3677} INFO - Setting next_dagrun for example_time_delta_sensor_async to None, run_after=None
[2023-08-24T04:09:31.909+0000] {processor.py:179} INFO - Processing /home/airflow/.local/lib/python3.8/site-packages/airflow/example_dags/example_time_delta_sensor_async.py took 0.043 seconds
[2023-08-24T04:10:02.555+0000] {processor.py:157} INFO - Started process (PID=1300) to work on /home/airflow/.local/lib/python3.8/site-packages/airflow/example_dags/example_time_delta_sensor_async.py
[2023-08-24T04:10:02.556+0000] {processor.py:829} INFO - Processing file /home/airflow/.local/lib/python3.8/site-packages/airflow/example_dags/example_time_delta_sensor_async.py for tasks to queue
[2023-08-24T04:10:02.558+0000] {logging_mixin.py:151} INFO - [2023-08-24T04:10:02.557+0000] {dagbag.py:539} INFO - Filling up the DagBag from /home/airflow/.local/lib/python3.8/site-packages/airflow/example_dags/example_time_delta_sensor_async.py
[2023-08-24T04:10:02.561+0000] {processor.py:839} INFO - DAG(s) dict_keys(['example_time_delta_sensor_async']) retrieved from /home/airflow/.local/lib/python3.8/site-packages/airflow/example_dags/example_time_delta_sensor_async.py
[2023-08-24T04:10:02.577+0000] {logging_mixin.py:151} INFO - [2023-08-24T04:10:02.577+0000] {dag.py:2907} INFO - Sync 1 DAGs
[2023-08-24T04:10:02.585+0000] {logging_mixin.py:151} INFO - [2023-08-24T04:10:02.585+0000] {dag.py:3677} INFO - Setting next_dagrun for example_time_delta_sensor_async to None, run_after=None
[2023-08-24T04:10:02.595+0000] {processor.py:179} INFO - Processing /home/airflow/.local/lib/python3.8/site-packages/airflow/example_dags/example_time_delta_sensor_async.py took 0.043 seconds
[2023-08-24T04:10:33.259+0000] {processor.py:157} INFO - Started process (PID=1363) to work on /home/airflow/.local/lib/python3.8/site-packages/airflow/example_dags/example_time_delta_sensor_async.py
[2023-08-24T04:10:33.260+0000] {processor.py:829} INFO - Processing file /home/airflow/.local/lib/python3.8/site-packages/airflow/example_dags/example_time_delta_sensor_async.py for tasks to queue
[2023-08-24T04:10:33.261+0000] {logging_mixin.py:151} INFO - [2023-08-24T04:10:33.261+0000] {dagbag.py:539} INFO - Filling up the DagBag from /home/airflow/.local/lib/python3.8/site-packages/airflow/example_dags/example_time_delta_sensor_async.py
[2023-08-24T04:10:33.265+0000] {processor.py:839} INFO - DAG(s) dict_keys(['example_time_delta_sensor_async']) retrieved from /home/airflow/.local/lib/python3.8/site-packages/airflow/example_dags/example_time_delta_sensor_async.py
[2023-08-24T04:10:33.282+0000] {logging_mixin.py:151} INFO - [2023-08-24T04:10:33.282+0000] {dag.py:2907} INFO - Sync 1 DAGs
[2023-08-24T04:10:33.290+0000] {logging_mixin.py:151} INFO - [2023-08-24T04:10:33.290+0000] {dag.py:3677} INFO - Setting next_dagrun for example_time_delta_sensor_async to None, run_after=None
[2023-08-24T04:10:33.301+0000] {processor.py:179} INFO - Processing /home/airflow/.local/lib/python3.8/site-packages/airflow/example_dags/example_time_delta_sensor_async.py took 0.045 seconds
[2023-08-24T04:11:03.967+0000] {processor.py:157} INFO - Started process (PID=1426) to work on /home/airflow/.local/lib/python3.8/site-packages/airflow/example_dags/example_time_delta_sensor_async.py
[2023-08-24T04:11:03.968+0000] {processor.py:829} INFO - Processing file /home/airflow/.local/lib/python3.8/site-packages/airflow/example_dags/example_time_delta_sensor_async.py for tasks to queue
[2023-08-24T04:11:03.971+0000] {logging_mixin.py:151} INFO - [2023-08-24T04:11:03.970+0000] {dagbag.py:539} INFO - Filling up the DagBag from /home/airflow/.local/lib/python3.8/site-packages/airflow/example_dags/example_time_delta_sensor_async.py
[2023-08-24T04:11:03.974+0000] {processor.py:839} INFO - DAG(s) dict_keys(['example_time_delta_sensor_async']) retrieved from /home/airflow/.local/lib/python3.8/site-packages/airflow/example_dags/example_time_delta_sensor_async.py
[2023-08-24T04:11:03.993+0000] {logging_mixin.py:151} INFO - [2023-08-24T04:11:03.993+0000] {dag.py:2907} INFO - Sync 1 DAGs
[2023-08-24T04:11:04.000+0000] {logging_mixin.py:151} INFO - [2023-08-24T04:11:04.000+0000] {dag.py:3677} INFO - Setting next_dagrun for example_time_delta_sensor_async to None, run_after=None
[2023-08-24T04:11:04.011+0000] {processor.py:179} INFO - Processing /home/airflow/.local/lib/python3.8/site-packages/airflow/example_dags/example_time_delta_sensor_async.py took 0.046 seconds
[2023-08-24T04:11:34.894+0000] {processor.py:157} INFO - Started process (PID=1489) to work on /home/airflow/.local/lib/python3.8/site-packages/airflow/example_dags/example_time_delta_sensor_async.py
[2023-08-24T04:11:34.895+0000] {processor.py:829} INFO - Processing file /home/airflow/.local/lib/python3.8/site-packages/airflow/example_dags/example_time_delta_sensor_async.py for tasks to queue
[2023-08-24T04:11:34.897+0000] {logging_mixin.py:151} INFO - [2023-08-24T04:11:34.897+0000] {dagbag.py:539} INFO - Filling up the DagBag from /home/airflow/.local/lib/python3.8/site-packages/airflow/example_dags/example_time_delta_sensor_async.py
[2023-08-24T04:11:34.901+0000] {processor.py:839} INFO - DAG(s) dict_keys(['example_time_delta_sensor_async']) retrieved from /home/airflow/.local/lib/python3.8/site-packages/airflow/example_dags/example_time_delta_sensor_async.py
[2023-08-24T04:11:34.919+0000] {logging_mixin.py:151} INFO - [2023-08-24T04:11:34.919+0000] {dag.py:2907} INFO - Sync 1 DAGs
[2023-08-24T04:11:34.927+0000] {logging_mixin.py:151} INFO - [2023-08-24T04:11:34.926+0000] {dag.py:3677} INFO - Setting next_dagrun for example_time_delta_sensor_async to None, run_after=None
[2023-08-24T04:11:34.939+0000] {processor.py:179} INFO - Processing /home/airflow/.local/lib/python3.8/site-packages/airflow/example_dags/example_time_delta_sensor_async.py took 0.048 seconds
[2023-08-24T04:12:05.509+0000] {processor.py:157} INFO - Started process (PID=1552) to work on /home/airflow/.local/lib/python3.8/site-packages/airflow/example_dags/example_time_delta_sensor_async.py
[2023-08-24T04:12:05.510+0000] {processor.py:829} INFO - Processing file /home/airflow/.local/lib/python3.8/site-packages/airflow/example_dags/example_time_delta_sensor_async.py for tasks to queue
[2023-08-24T04:12:05.512+0000] {logging_mixin.py:151} INFO - [2023-08-24T04:12:05.512+0000] {dagbag.py:539} INFO - Filling up the DagBag from /home/airflow/.local/lib/python3.8/site-packages/airflow/example_dags/example_time_delta_sensor_async.py
[2023-08-24T04:12:05.516+0000] {processor.py:839} INFO - DAG(s) dict_keys(['example_time_delta_sensor_async']) retrieved from /home/airflow/.local/lib/python3.8/site-packages/airflow/example_dags/example_time_delta_sensor_async.py
[2023-08-24T04:12:05.538+0000] {logging_mixin.py:151} INFO - [2023-08-24T04:12:05.538+0000] {dag.py:2907} INFO - Sync 1 DAGs
[2023-08-24T04:12:05.549+0000] {logging_mixin.py:151} INFO - [2023-08-24T04:12:05.549+0000] {dag.py:3677} INFO - Setting next_dagrun for example_time_delta_sensor_async to None, run_after=None
[2023-08-24T04:12:05.565+0000] {processor.py:179} INFO - Processing /home/airflow/.local/lib/python3.8/site-packages/airflow/example_dags/example_time_delta_sensor_async.py took 0.059 seconds
[2023-08-24T04:12:36.155+0000] {processor.py:157} INFO - Started process (PID=1615) to work on /home/airflow/.local/lib/python3.8/site-packages/airflow/example_dags/example_time_delta_sensor_async.py
[2023-08-24T04:12:36.157+0000] {processor.py:829} INFO - Processing file /home/airflow/.local/lib/python3.8/site-packages/airflow/example_dags/example_time_delta_sensor_async.py for tasks to queue
[2023-08-24T04:12:36.158+0000] {logging_mixin.py:151} INFO - [2023-08-24T04:12:36.158+0000] {dagbag.py:539} INFO - Filling up the DagBag from /home/airflow/.local/lib/python3.8/site-packages/airflow/example_dags/example_time_delta_sensor_async.py
[2023-08-24T04:12:36.162+0000] {processor.py:839} INFO - DAG(s) dict_keys(['example_time_delta_sensor_async']) retrieved from /home/airflow/.local/lib/python3.8/site-packages/airflow/example_dags/example_time_delta_sensor_async.py
[2023-08-24T04:12:36.180+0000] {logging_mixin.py:151} INFO - [2023-08-24T04:12:36.180+0000] {dag.py:2907} INFO - Sync 1 DAGs
[2023-08-24T04:12:36.187+0000] {logging_mixin.py:151} INFO - [2023-08-24T04:12:36.187+0000] {dag.py:3677} INFO - Setting next_dagrun for example_time_delta_sensor_async to None, run_after=None
[2023-08-24T04:12:36.197+0000] {processor.py:179} INFO - Processing /home/airflow/.local/lib/python3.8/site-packages/airflow/example_dags/example_time_delta_sensor_async.py took 0.044 seconds
[2023-08-24T04:13:06.945+0000] {processor.py:157} INFO - Started process (PID=1678) to work on /home/airflow/.local/lib/python3.8/site-packages/airflow/example_dags/example_time_delta_sensor_async.py
[2023-08-24T04:13:06.946+0000] {processor.py:829} INFO - Processing file /home/airflow/.local/lib/python3.8/site-packages/airflow/example_dags/example_time_delta_sensor_async.py for tasks to queue
[2023-08-24T04:13:06.948+0000] {logging_mixin.py:151} INFO - [2023-08-24T04:13:06.948+0000] {dagbag.py:539} INFO - Filling up the DagBag from /home/airflow/.local/lib/python3.8/site-packages/airflow/example_dags/example_time_delta_sensor_async.py
[2023-08-24T04:13:06.952+0000] {processor.py:839} INFO - DAG(s) dict_keys(['example_time_delta_sensor_async']) retrieved from /home/airflow/.local/lib/python3.8/site-packages/airflow/example_dags/example_time_delta_sensor_async.py
[2023-08-24T04:13:06.968+0000] {logging_mixin.py:151} INFO - [2023-08-24T04:13:06.968+0000] {dag.py:2907} INFO - Sync 1 DAGs
[2023-08-24T04:13:06.977+0000] {logging_mixin.py:151} INFO - [2023-08-24T04:13:06.977+0000] {dag.py:3677} INFO - Setting next_dagrun for example_time_delta_sensor_async to None, run_after=None
[2023-08-24T04:13:06.992+0000] {processor.py:179} INFO - Processing /home/airflow/.local/lib/python3.8/site-packages/airflow/example_dags/example_time_delta_sensor_async.py took 0.050 seconds
[2023-08-24T04:13:37.594+0000] {processor.py:157} INFO - Started process (PID=1741) to work on /home/airflow/.local/lib/python3.8/site-packages/airflow/example_dags/example_time_delta_sensor_async.py
[2023-08-24T04:13:37.595+0000] {processor.py:829} INFO - Processing file /home/airflow/.local/lib/python3.8/site-packages/airflow/example_dags/example_time_delta_sensor_async.py for tasks to queue
[2023-08-24T04:13:37.597+0000] {logging_mixin.py:151} INFO - [2023-08-24T04:13:37.596+0000] {dagbag.py:539} INFO - Filling up the DagBag from /home/airflow/.local/lib/python3.8/site-packages/airflow/example_dags/example_time_delta_sensor_async.py
[2023-08-24T04:13:37.601+0000] {processor.py:839} INFO - DAG(s) dict_keys(['example_time_delta_sensor_async']) retrieved from /home/airflow/.local/lib/python3.8/site-packages/airflow/example_dags/example_time_delta_sensor_async.py
[2023-08-24T04:13:37.618+0000] {logging_mixin.py:151} INFO - [2023-08-24T04:13:37.618+0000] {dag.py:2907} INFO - Sync 1 DAGs
[2023-08-24T04:13:37.625+0000] {logging_mixin.py:151} INFO - [2023-08-24T04:13:37.625+0000] {dag.py:3677} INFO - Setting next_dagrun for example_time_delta_sensor_async to None, run_after=None
[2023-08-24T04:13:37.637+0000] {processor.py:179} INFO - Processing /home/airflow/.local/lib/python3.8/site-packages/airflow/example_dags/example_time_delta_sensor_async.py took 0.046 seconds
[2023-08-24T04:14:08.437+0000] {processor.py:157} INFO - Started process (PID=1804) to work on /home/airflow/.local/lib/python3.8/site-packages/airflow/example_dags/example_time_delta_sensor_async.py
[2023-08-24T04:14:08.438+0000] {processor.py:829} INFO - Processing file /home/airflow/.local/lib/python3.8/site-packages/airflow/example_dags/example_time_delta_sensor_async.py for tasks to queue
[2023-08-24T04:14:08.440+0000] {logging_mixin.py:151} INFO - [2023-08-24T04:14:08.440+0000] {dagbag.py:539} INFO - Filling up the DagBag from /home/airflow/.local/lib/python3.8/site-packages/airflow/example_dags/example_time_delta_sensor_async.py
[2023-08-24T04:14:08.444+0000] {processor.py:839} INFO - DAG(s) dict_keys(['example_time_delta_sensor_async']) retrieved from /home/airflow/.local/lib/python3.8/site-packages/airflow/example_dags/example_time_delta_sensor_async.py
[2023-08-24T04:14:08.460+0000] {logging_mixin.py:151} INFO - [2023-08-24T04:14:08.460+0000] {dag.py:2907} INFO - Sync 1 DAGs
[2023-08-24T04:14:08.468+0000] {logging_mixin.py:151} INFO - [2023-08-24T04:14:08.468+0000] {dag.py:3677} INFO - Setting next_dagrun for example_time_delta_sensor_async to None, run_after=None
[2023-08-24T04:14:08.478+0000] {processor.py:179} INFO - Processing /home/airflow/.local/lib/python3.8/site-packages/airflow/example_dags/example_time_delta_sensor_async.py took 0.044 seconds
[2023-08-24T04:14:38.528+0000] {processor.py:157} INFO - Started process (PID=1866) to work on /home/airflow/.local/lib/python3.8/site-packages/airflow/example_dags/example_time_delta_sensor_async.py
[2023-08-24T04:14:38.529+0000] {processor.py:829} INFO - Processing file /home/airflow/.local/lib/python3.8/site-packages/airflow/example_dags/example_time_delta_sensor_async.py for tasks to queue
[2023-08-24T04:14:38.531+0000] {logging_mixin.py:151} INFO - [2023-08-24T04:14:38.531+0000] {dagbag.py:539} INFO - Filling up the DagBag from /home/airflow/.local/lib/python3.8/site-packages/airflow/example_dags/example_time_delta_sensor_async.py
[2023-08-24T04:14:38.536+0000] {processor.py:839} INFO - DAG(s) dict_keys(['example_time_delta_sensor_async']) retrieved from /home/airflow/.local/lib/python3.8/site-packages/airflow/example_dags/example_time_delta_sensor_async.py
[2023-08-24T04:14:38.553+0000] {logging_mixin.py:151} INFO - [2023-08-24T04:14:38.552+0000] {dag.py:2907} INFO - Sync 1 DAGs
[2023-08-24T04:14:38.560+0000] {logging_mixin.py:151} INFO - [2023-08-24T04:14:38.560+0000] {dag.py:3677} INFO - Setting next_dagrun for example_time_delta_sensor_async to None, run_after=None
[2023-08-24T04:14:38.571+0000] {processor.py:179} INFO - Processing /home/airflow/.local/lib/python3.8/site-packages/airflow/example_dags/example_time_delta_sensor_async.py took 0.047 seconds
[2023-08-24T04:15:09.441+0000] {processor.py:157} INFO - Started process (PID=1930) to work on /home/airflow/.local/lib/python3.8/site-packages/airflow/example_dags/example_time_delta_sensor_async.py
[2023-08-24T04:15:09.442+0000] {processor.py:829} INFO - Processing file /home/airflow/.local/lib/python3.8/site-packages/airflow/example_dags/example_time_delta_sensor_async.py for tasks to queue
[2023-08-24T04:15:09.444+0000] {logging_mixin.py:151} INFO - [2023-08-24T04:15:09.443+0000] {dagbag.py:539} INFO - Filling up the DagBag from /home/airflow/.local/lib/python3.8/site-packages/airflow/example_dags/example_time_delta_sensor_async.py
[2023-08-24T04:15:09.447+0000] {processor.py:839} INFO - DAG(s) dict_keys(['example_time_delta_sensor_async']) retrieved from /home/airflow/.local/lib/python3.8/site-packages/airflow/example_dags/example_time_delta_sensor_async.py
[2023-08-24T04:15:09.464+0000] {logging_mixin.py:151} INFO - [2023-08-24T04:15:09.464+0000] {dag.py:2907} INFO - Sync 1 DAGs
[2023-08-24T04:15:09.472+0000] {logging_mixin.py:151} INFO - [2023-08-24T04:15:09.472+0000] {dag.py:3677} INFO - Setting next_dagrun for example_time_delta_sensor_async to None, run_after=None
[2023-08-24T04:15:09.482+0000] {processor.py:179} INFO - Processing /home/airflow/.local/lib/python3.8/site-packages/airflow/example_dags/example_time_delta_sensor_async.py took 0.044 seconds
[2023-08-24T04:15:40.322+0000] {processor.py:157} INFO - Started process (PID=1992) to work on /home/airflow/.local/lib/python3.8/site-packages/airflow/example_dags/example_time_delta_sensor_async.py
[2023-08-24T04:15:40.323+0000] {processor.py:829} INFO - Processing file /home/airflow/.local/lib/python3.8/site-packages/airflow/example_dags/example_time_delta_sensor_async.py for tasks to queue
[2023-08-24T04:15:40.325+0000] {logging_mixin.py:151} INFO - [2023-08-24T04:15:40.324+0000] {dagbag.py:539} INFO - Filling up the DagBag from /home/airflow/.local/lib/python3.8/site-packages/airflow/example_dags/example_time_delta_sensor_async.py
[2023-08-24T04:15:40.329+0000] {processor.py:839} INFO - DAG(s) dict_keys(['example_time_delta_sensor_async']) retrieved from /home/airflow/.local/lib/python3.8/site-packages/airflow/example_dags/example_time_delta_sensor_async.py
[2023-08-24T04:15:40.346+0000] {logging_mixin.py:151} INFO - [2023-08-24T04:15:40.346+0000] {dag.py:2907} INFO - Sync 1 DAGs
[2023-08-24T04:15:40.354+0000] {logging_mixin.py:151} INFO - [2023-08-24T04:15:40.354+0000] {dag.py:3677} INFO - Setting next_dagrun for example_time_delta_sensor_async to None, run_after=None
[2023-08-24T04:15:40.364+0000] {processor.py:179} INFO - Processing /home/airflow/.local/lib/python3.8/site-packages/airflow/example_dags/example_time_delta_sensor_async.py took 0.045 seconds
[2023-08-24T04:16:11.092+0000] {processor.py:157} INFO - Started process (PID=2055) to work on /home/airflow/.local/lib/python3.8/site-packages/airflow/example_dags/example_time_delta_sensor_async.py
[2023-08-24T04:16:11.093+0000] {processor.py:829} INFO - Processing file /home/airflow/.local/lib/python3.8/site-packages/airflow/example_dags/example_time_delta_sensor_async.py for tasks to queue
[2023-08-24T04:16:11.095+0000] {logging_mixin.py:151} INFO - [2023-08-24T04:16:11.095+0000] {dagbag.py:539} INFO - Filling up the DagBag from /home/airflow/.local/lib/python3.8/site-packages/airflow/example_dags/example_time_delta_sensor_async.py
[2023-08-24T04:16:11.100+0000] {processor.py:839} INFO - DAG(s) dict_keys(['example_time_delta_sensor_async']) retrieved from /home/airflow/.local/lib/python3.8/site-packages/airflow/example_dags/example_time_delta_sensor_async.py
[2023-08-24T04:16:11.116+0000] {logging_mixin.py:151} INFO - [2023-08-24T04:16:11.116+0000] {dag.py:2907} INFO - Sync 1 DAGs
[2023-08-24T04:16:11.124+0000] {logging_mixin.py:151} INFO - [2023-08-24T04:16:11.124+0000] {dag.py:3677} INFO - Setting next_dagrun for example_time_delta_sensor_async to None, run_after=None
[2023-08-24T04:16:11.135+0000] {processor.py:179} INFO - Processing /home/airflow/.local/lib/python3.8/site-packages/airflow/example_dags/example_time_delta_sensor_async.py took 0.045 seconds
[2023-08-24T04:16:41.888+0000] {processor.py:157} INFO - Started process (PID=2118) to work on /home/airflow/.local/lib/python3.8/site-packages/airflow/example_dags/example_time_delta_sensor_async.py
[2023-08-24T04:16:41.890+0000] {processor.py:829} INFO - Processing file /home/airflow/.local/lib/python3.8/site-packages/airflow/example_dags/example_time_delta_sensor_async.py for tasks to queue
[2023-08-24T04:16:41.892+0000] {logging_mixin.py:151} INFO - [2023-08-24T04:16:41.891+0000] {dagbag.py:539} INFO - Filling up the DagBag from /home/airflow/.local/lib/python3.8/site-packages/airflow/example_dags/example_time_delta_sensor_async.py
[2023-08-24T04:16:41.896+0000] {processor.py:839} INFO - DAG(s) dict_keys(['example_time_delta_sensor_async']) retrieved from /home/airflow/.local/lib/python3.8/site-packages/airflow/example_dags/example_time_delta_sensor_async.py
[2023-08-24T04:16:41.915+0000] {logging_mixin.py:151} INFO - [2023-08-24T04:16:41.915+0000] {dag.py:2907} INFO - Sync 1 DAGs
[2023-08-24T04:16:41.924+0000] {logging_mixin.py:151} INFO - [2023-08-24T04:16:41.924+0000] {dag.py:3677} INFO - Setting next_dagrun for example_time_delta_sensor_async to None, run_after=None
[2023-08-24T04:16:41.935+0000] {processor.py:179} INFO - Processing /home/airflow/.local/lib/python3.8/site-packages/airflow/example_dags/example_time_delta_sensor_async.py took 0.050 seconds
[2023-08-24T04:17:12.647+0000] {processor.py:157} INFO - Started process (PID=2188) to work on /home/airflow/.local/lib/python3.8/site-packages/airflow/example_dags/example_time_delta_sensor_async.py
[2023-08-24T04:17:12.648+0000] {processor.py:829} INFO - Processing file /home/airflow/.local/lib/python3.8/site-packages/airflow/example_dags/example_time_delta_sensor_async.py for tasks to queue
[2023-08-24T04:17:12.650+0000] {logging_mixin.py:151} INFO - [2023-08-24T04:17:12.650+0000] {dagbag.py:539} INFO - Filling up the DagBag from /home/airflow/.local/lib/python3.8/site-packages/airflow/example_dags/example_time_delta_sensor_async.py
[2023-08-24T04:17:12.654+0000] {processor.py:839} INFO - DAG(s) dict_keys(['example_time_delta_sensor_async']) retrieved from /home/airflow/.local/lib/python3.8/site-packages/airflow/example_dags/example_time_delta_sensor_async.py
[2023-08-24T04:17:12.671+0000] {logging_mixin.py:151} INFO - [2023-08-24T04:17:12.671+0000] {dag.py:2907} INFO - Sync 1 DAGs
[2023-08-24T04:17:12.679+0000] {logging_mixin.py:151} INFO - [2023-08-24T04:17:12.679+0000] {dag.py:3677} INFO - Setting next_dagrun for example_time_delta_sensor_async to None, run_after=None
[2023-08-24T04:17:12.689+0000] {processor.py:179} INFO - Processing /home/airflow/.local/lib/python3.8/site-packages/airflow/example_dags/example_time_delta_sensor_async.py took 0.045 seconds
[2023-08-24T04:17:42.784+0000] {processor.py:157} INFO - Started process (PID=2254) to work on /home/airflow/.local/lib/python3.8/site-packages/airflow/example_dags/example_time_delta_sensor_async.py
[2023-08-24T04:17:42.786+0000] {processor.py:829} INFO - Processing file /home/airflow/.local/lib/python3.8/site-packages/airflow/example_dags/example_time_delta_sensor_async.py for tasks to queue
[2023-08-24T04:17:42.789+0000] {logging_mixin.py:151} INFO - [2023-08-24T04:17:42.788+0000] {dagbag.py:539} INFO - Filling up the DagBag from /home/airflow/.local/lib/python3.8/site-packages/airflow/example_dags/example_time_delta_sensor_async.py
[2023-08-24T04:17:42.794+0000] {processor.py:839} INFO - DAG(s) dict_keys(['example_time_delta_sensor_async']) retrieved from /home/airflow/.local/lib/python3.8/site-packages/airflow/example_dags/example_time_delta_sensor_async.py
[2023-08-24T04:17:42.813+0000] {logging_mixin.py:151} INFO - [2023-08-24T04:17:42.813+0000] {dag.py:2907} INFO - Sync 1 DAGs
[2023-08-24T04:17:42.821+0000] {logging_mixin.py:151} INFO - [2023-08-24T04:17:42.821+0000] {dag.py:3677} INFO - Setting next_dagrun for example_time_delta_sensor_async to None, run_after=None
[2023-08-24T04:17:42.833+0000] {processor.py:179} INFO - Processing /home/airflow/.local/lib/python3.8/site-packages/airflow/example_dags/example_time_delta_sensor_async.py took 0.052 seconds
[2023-08-24T04:18:13.762+0000] {processor.py:157} INFO - Started process (PID=2317) to work on /home/airflow/.local/lib/python3.8/site-packages/airflow/example_dags/example_time_delta_sensor_async.py
[2023-08-24T04:18:13.764+0000] {processor.py:829} INFO - Processing file /home/airflow/.local/lib/python3.8/site-packages/airflow/example_dags/example_time_delta_sensor_async.py for tasks to queue
[2023-08-24T04:18:13.765+0000] {logging_mixin.py:151} INFO - [2023-08-24T04:18:13.765+0000] {dagbag.py:539} INFO - Filling up the DagBag from /home/airflow/.local/lib/python3.8/site-packages/airflow/example_dags/example_time_delta_sensor_async.py
[2023-08-24T04:18:13.769+0000] {processor.py:839} INFO - DAG(s) dict_keys(['example_time_delta_sensor_async']) retrieved from /home/airflow/.local/lib/python3.8/site-packages/airflow/example_dags/example_time_delta_sensor_async.py
[2023-08-24T04:18:13.786+0000] {logging_mixin.py:151} INFO - [2023-08-24T04:18:13.786+0000] {dag.py:2907} INFO - Sync 1 DAGs
[2023-08-24T04:18:13.793+0000] {logging_mixin.py:151} INFO - [2023-08-24T04:18:13.793+0000] {dag.py:3677} INFO - Setting next_dagrun for example_time_delta_sensor_async to None, run_after=None
[2023-08-24T04:18:13.803+0000] {processor.py:179} INFO - Processing /home/airflow/.local/lib/python3.8/site-packages/airflow/example_dags/example_time_delta_sensor_async.py took 0.044 seconds
[2023-08-24T04:24:29.230+0000] {processor.py:157} INFO - Started process (PID=41) to work on /home/airflow/.local/lib/python3.8/site-packages/airflow/example_dags/example_time_delta_sensor_async.py
[2023-08-24T04:24:29.232+0000] {processor.py:829} INFO - Processing file /home/airflow/.local/lib/python3.8/site-packages/airflow/example_dags/example_time_delta_sensor_async.py for tasks to queue
[2023-08-24T04:24:29.238+0000] {logging_mixin.py:151} INFO - [2023-08-24T04:24:29.237+0000] {dagbag.py:539} INFO - Filling up the DagBag from /home/airflow/.local/lib/python3.8/site-packages/airflow/example_dags/example_time_delta_sensor_async.py
[2023-08-24T04:24:29.244+0000] {processor.py:839} INFO - DAG(s) dict_keys(['example_time_delta_sensor_async']) retrieved from /home/airflow/.local/lib/python3.8/site-packages/airflow/example_dags/example_time_delta_sensor_async.py
[2023-08-24T04:24:29.258+0000] {logging_mixin.py:151} INFO - [2023-08-24T04:24:29.258+0000] {dag.py:2907} INFO - Sync 1 DAGs
[2023-08-24T04:24:29.268+0000] {logging_mixin.py:151} INFO - [2023-08-24T04:24:29.268+0000] {dag.py:3677} INFO - Setting next_dagrun for example_time_delta_sensor_async to None, run_after=None
[2023-08-24T04:24:29.281+0000] {processor.py:179} INFO - Processing /home/airflow/.local/lib/python3.8/site-packages/airflow/example_dags/example_time_delta_sensor_async.py took 0.054 seconds
[2023-08-24T04:24:59.332+0000] {processor.py:157} INFO - Started process (PID=104) to work on /home/airflow/.local/lib/python3.8/site-packages/airflow/example_dags/example_time_delta_sensor_async.py
[2023-08-24T04:24:59.333+0000] {processor.py:829} INFO - Processing file /home/airflow/.local/lib/python3.8/site-packages/airflow/example_dags/example_time_delta_sensor_async.py for tasks to queue
[2023-08-24T04:24:59.335+0000] {logging_mixin.py:151} INFO - [2023-08-24T04:24:59.335+0000] {dagbag.py:539} INFO - Filling up the DagBag from /home/airflow/.local/lib/python3.8/site-packages/airflow/example_dags/example_time_delta_sensor_async.py
[2023-08-24T04:24:59.339+0000] {processor.py:839} INFO - DAG(s) dict_keys(['example_time_delta_sensor_async']) retrieved from /home/airflow/.local/lib/python3.8/site-packages/airflow/example_dags/example_time_delta_sensor_async.py
[2023-08-24T04:24:59.357+0000] {logging_mixin.py:151} INFO - [2023-08-24T04:24:59.357+0000] {dag.py:2907} INFO - Sync 1 DAGs
[2023-08-24T04:24:59.365+0000] {logging_mixin.py:151} INFO - [2023-08-24T04:24:59.365+0000] {dag.py:3677} INFO - Setting next_dagrun for example_time_delta_sensor_async to None, run_after=None
[2023-08-24T04:24:59.376+0000] {processor.py:179} INFO - Processing /home/airflow/.local/lib/python3.8/site-packages/airflow/example_dags/example_time_delta_sensor_async.py took 0.047 seconds
[2023-08-24T04:26:39.045+0000] {processor.py:157} INFO - Started process (PID=41) to work on /home/airflow/.local/lib/python3.8/site-packages/airflow/example_dags/example_time_delta_sensor_async.py
[2023-08-24T04:26:39.046+0000] {processor.py:829} INFO - Processing file /home/airflow/.local/lib/python3.8/site-packages/airflow/example_dags/example_time_delta_sensor_async.py for tasks to queue
[2023-08-24T04:26:39.179+0000] {logging_mixin.py:151} INFO - [2023-08-24T04:26:39.179+0000] {dagbag.py:539} INFO - Filling up the DagBag from /home/airflow/.local/lib/python3.8/site-packages/airflow/example_dags/example_time_delta_sensor_async.py
[2023-08-24T04:26:39.184+0000] {processor.py:839} INFO - DAG(s) dict_keys(['example_time_delta_sensor_async']) retrieved from /home/airflow/.local/lib/python3.8/site-packages/airflow/example_dags/example_time_delta_sensor_async.py
[2023-08-24T04:26:39.197+0000] {logging_mixin.py:151} INFO - [2023-08-24T04:26:39.197+0000] {dag.py:2907} INFO - Sync 1 DAGs
[2023-08-24T04:26:39.206+0000] {logging_mixin.py:151} INFO - [2023-08-24T04:26:39.206+0000] {dag.py:3677} INFO - Setting next_dagrun for example_time_delta_sensor_async to None, run_after=None
[2023-08-24T04:26:39.228+0000] {processor.py:179} INFO - Processing /home/airflow/.local/lib/python3.8/site-packages/airflow/example_dags/example_time_delta_sensor_async.py took 0.186 seconds
[2023-08-24T04:27:09.337+0000] {processor.py:157} INFO - Started process (PID=103) to work on /home/airflow/.local/lib/python3.8/site-packages/airflow/example_dags/example_time_delta_sensor_async.py
[2023-08-24T04:27:09.338+0000] {processor.py:829} INFO - Processing file /home/airflow/.local/lib/python3.8/site-packages/airflow/example_dags/example_time_delta_sensor_async.py for tasks to queue
[2023-08-24T04:27:09.340+0000] {logging_mixin.py:151} INFO - [2023-08-24T04:27:09.340+0000] {dagbag.py:539} INFO - Filling up the DagBag from /home/airflow/.local/lib/python3.8/site-packages/airflow/example_dags/example_time_delta_sensor_async.py
[2023-08-24T04:27:09.344+0000] {processor.py:839} INFO - DAG(s) dict_keys(['example_time_delta_sensor_async']) retrieved from /home/airflow/.local/lib/python3.8/site-packages/airflow/example_dags/example_time_delta_sensor_async.py
[2023-08-24T04:27:09.361+0000] {logging_mixin.py:151} INFO - [2023-08-24T04:27:09.361+0000] {dag.py:2907} INFO - Sync 1 DAGs
[2023-08-24T04:27:09.368+0000] {logging_mixin.py:151} INFO - [2023-08-24T04:27:09.368+0000] {dag.py:3677} INFO - Setting next_dagrun for example_time_delta_sensor_async to None, run_after=None
[2023-08-24T04:27:09.378+0000] {processor.py:179} INFO - Processing /home/airflow/.local/lib/python3.8/site-packages/airflow/example_dags/example_time_delta_sensor_async.py took 0.044 seconds
