[2023-08-24T03:04:54.146+0000] {processor.py:157} INFO - Started process (PID=59) to work on /home/airflow/.local/lib/python3.8/site-packages/airflow/example_dags/example_branch_python_dop_operator_3.py
[2023-08-24T03:04:54.148+0000] {processor.py:829} INFO - Processing file /home/airflow/.local/lib/python3.8/site-packages/airflow/example_dags/example_branch_python_dop_operator_3.py for tasks to queue
[2023-08-24T03:04:54.152+0000] {logging_mixin.py:151} INFO - [2023-08-24T03:04:54.152+0000] {dagbag.py:539} INFO - Filling up the DagBag from /home/airflow/.local/lib/python3.8/site-packages/airflow/example_dags/example_branch_python_dop_operator_3.py
[2023-08-24T03:04:54.159+0000] {processor.py:839} INFO - DAG(s) dict_keys(['example_branch_dop_operator_v3']) retrieved from /home/airflow/.local/lib/python3.8/site-packages/airflow/example_dags/example_branch_python_dop_operator_3.py
[2023-08-24T03:04:54.178+0000] {logging_mixin.py:151} INFO - [2023-08-24T03:04:54.178+0000] {dag.py:2907} INFO - Sync 1 DAGs
[2023-08-24T03:04:54.197+0000] {logging_mixin.py:151} INFO - [2023-08-24T03:04:54.197+0000] {dag.py:3677} INFO - Setting next_dagrun for example_branch_dop_operator_v3 to 2023-08-24T03:03:00+00:00, run_after=2023-08-24T03:04:00+00:00
[2023-08-24T03:04:54.210+0000] {processor.py:179} INFO - Processing /home/airflow/.local/lib/python3.8/site-packages/airflow/example_dags/example_branch_python_dop_operator_3.py took 0.068 seconds
[2023-08-24T03:05:24.656+0000] {processor.py:157} INFO - Started process (PID=122) to work on /home/airflow/.local/lib/python3.8/site-packages/airflow/example_dags/example_branch_python_dop_operator_3.py
[2023-08-24T03:05:24.657+0000] {processor.py:829} INFO - Processing file /home/airflow/.local/lib/python3.8/site-packages/airflow/example_dags/example_branch_python_dop_operator_3.py for tasks to queue
[2023-08-24T03:05:24.659+0000] {logging_mixin.py:151} INFO - [2023-08-24T03:05:24.659+0000] {dagbag.py:539} INFO - Filling up the DagBag from /home/airflow/.local/lib/python3.8/site-packages/airflow/example_dags/example_branch_python_dop_operator_3.py
[2023-08-24T03:05:24.666+0000] {processor.py:839} INFO - DAG(s) dict_keys(['example_branch_dop_operator_v3']) retrieved from /home/airflow/.local/lib/python3.8/site-packages/airflow/example_dags/example_branch_python_dop_operator_3.py
[2023-08-24T03:05:24.684+0000] {logging_mixin.py:151} INFO - [2023-08-24T03:05:24.684+0000] {dag.py:2907} INFO - Sync 1 DAGs
[2023-08-24T03:05:24.699+0000] {logging_mixin.py:151} INFO - [2023-08-24T03:05:24.699+0000] {dag.py:3677} INFO - Setting next_dagrun for example_branch_dop_operator_v3 to 2023-08-24T03:04:00+00:00, run_after=2023-08-24T03:05:00+00:00
[2023-08-24T03:05:24.710+0000] {processor.py:179} INFO - Processing /home/airflow/.local/lib/python3.8/site-packages/airflow/example_dags/example_branch_python_dop_operator_3.py took 0.057 seconds
[2023-08-24T03:05:55.636+0000] {processor.py:157} INFO - Started process (PID=185) to work on /home/airflow/.local/lib/python3.8/site-packages/airflow/example_dags/example_branch_python_dop_operator_3.py
[2023-08-24T03:05:55.637+0000] {processor.py:829} INFO - Processing file /home/airflow/.local/lib/python3.8/site-packages/airflow/example_dags/example_branch_python_dop_operator_3.py for tasks to queue
[2023-08-24T03:05:55.639+0000] {logging_mixin.py:151} INFO - [2023-08-24T03:05:55.639+0000] {dagbag.py:539} INFO - Filling up the DagBag from /home/airflow/.local/lib/python3.8/site-packages/airflow/example_dags/example_branch_python_dop_operator_3.py
[2023-08-24T03:05:55.645+0000] {processor.py:839} INFO - DAG(s) dict_keys(['example_branch_dop_operator_v3']) retrieved from /home/airflow/.local/lib/python3.8/site-packages/airflow/example_dags/example_branch_python_dop_operator_3.py
[2023-08-24T03:05:55.661+0000] {logging_mixin.py:151} INFO - [2023-08-24T03:05:55.661+0000] {dag.py:2907} INFO - Sync 1 DAGs
[2023-08-24T03:05:55.677+0000] {logging_mixin.py:151} INFO - [2023-08-24T03:05:55.677+0000] {dag.py:3677} INFO - Setting next_dagrun for example_branch_dop_operator_v3 to 2023-08-24T03:04:00+00:00, run_after=2023-08-24T03:05:00+00:00
[2023-08-24T03:05:55.688+0000] {processor.py:179} INFO - Processing /home/airflow/.local/lib/python3.8/site-packages/airflow/example_dags/example_branch_python_dop_operator_3.py took 0.055 seconds
[2023-08-24T03:06:26.628+0000] {processor.py:157} INFO - Started process (PID=248) to work on /home/airflow/.local/lib/python3.8/site-packages/airflow/example_dags/example_branch_python_dop_operator_3.py
[2023-08-24T03:06:26.629+0000] {processor.py:829} INFO - Processing file /home/airflow/.local/lib/python3.8/site-packages/airflow/example_dags/example_branch_python_dop_operator_3.py for tasks to queue
[2023-08-24T03:06:26.631+0000] {logging_mixin.py:151} INFO - [2023-08-24T03:06:26.631+0000] {dagbag.py:539} INFO - Filling up the DagBag from /home/airflow/.local/lib/python3.8/site-packages/airflow/example_dags/example_branch_python_dop_operator_3.py
[2023-08-24T03:06:26.637+0000] {processor.py:839} INFO - DAG(s) dict_keys(['example_branch_dop_operator_v3']) retrieved from /home/airflow/.local/lib/python3.8/site-packages/airflow/example_dags/example_branch_python_dop_operator_3.py
[2023-08-24T03:06:26.654+0000] {logging_mixin.py:151} INFO - [2023-08-24T03:06:26.654+0000] {dag.py:2907} INFO - Sync 1 DAGs
[2023-08-24T03:06:26.669+0000] {logging_mixin.py:151} INFO - [2023-08-24T03:06:26.669+0000] {dag.py:3677} INFO - Setting next_dagrun for example_branch_dop_operator_v3 to 2023-08-24T03:05:00+00:00, run_after=2023-08-24T03:06:00+00:00
[2023-08-24T03:06:26.679+0000] {processor.py:179} INFO - Processing /home/airflow/.local/lib/python3.8/site-packages/airflow/example_dags/example_branch_python_dop_operator_3.py took 0.055 seconds
[2023-08-24T03:06:57.439+0000] {processor.py:157} INFO - Started process (PID=311) to work on /home/airflow/.local/lib/python3.8/site-packages/airflow/example_dags/example_branch_python_dop_operator_3.py
[2023-08-24T03:06:57.440+0000] {processor.py:829} INFO - Processing file /home/airflow/.local/lib/python3.8/site-packages/airflow/example_dags/example_branch_python_dop_operator_3.py for tasks to queue
[2023-08-24T03:06:57.442+0000] {logging_mixin.py:151} INFO - [2023-08-24T03:06:57.442+0000] {dagbag.py:539} INFO - Filling up the DagBag from /home/airflow/.local/lib/python3.8/site-packages/airflow/example_dags/example_branch_python_dop_operator_3.py
[2023-08-24T03:06:57.448+0000] {processor.py:839} INFO - DAG(s) dict_keys(['example_branch_dop_operator_v3']) retrieved from /home/airflow/.local/lib/python3.8/site-packages/airflow/example_dags/example_branch_python_dop_operator_3.py
[2023-08-24T03:06:57.465+0000] {logging_mixin.py:151} INFO - [2023-08-24T03:06:57.465+0000] {dag.py:2907} INFO - Sync 1 DAGs
[2023-08-24T03:06:57.480+0000] {logging_mixin.py:151} INFO - [2023-08-24T03:06:57.480+0000] {dag.py:3677} INFO - Setting next_dagrun for example_branch_dop_operator_v3 to 2023-08-24T03:05:00+00:00, run_after=2023-08-24T03:06:00+00:00
[2023-08-24T03:06:57.490+0000] {processor.py:179} INFO - Processing /home/airflow/.local/lib/python3.8/site-packages/airflow/example_dags/example_branch_python_dop_operator_3.py took 0.054 seconds
[2023-08-24T03:07:28.255+0000] {processor.py:157} INFO - Started process (PID=378) to work on /home/airflow/.local/lib/python3.8/site-packages/airflow/example_dags/example_branch_python_dop_operator_3.py
[2023-08-24T03:07:28.256+0000] {processor.py:829} INFO - Processing file /home/airflow/.local/lib/python3.8/site-packages/airflow/example_dags/example_branch_python_dop_operator_3.py for tasks to queue
[2023-08-24T03:07:28.258+0000] {logging_mixin.py:151} INFO - [2023-08-24T03:07:28.258+0000] {dagbag.py:539} INFO - Filling up the DagBag from /home/airflow/.local/lib/python3.8/site-packages/airflow/example_dags/example_branch_python_dop_operator_3.py
[2023-08-24T03:07:28.264+0000] {processor.py:839} INFO - DAG(s) dict_keys(['example_branch_dop_operator_v3']) retrieved from /home/airflow/.local/lib/python3.8/site-packages/airflow/example_dags/example_branch_python_dop_operator_3.py
[2023-08-24T03:07:28.281+0000] {logging_mixin.py:151} INFO - [2023-08-24T03:07:28.281+0000] {dag.py:2907} INFO - Sync 1 DAGs
[2023-08-24T03:07:28.296+0000] {logging_mixin.py:151} INFO - [2023-08-24T03:07:28.296+0000] {dag.py:3677} INFO - Setting next_dagrun for example_branch_dop_operator_v3 to 2023-08-24T03:06:00+00:00, run_after=2023-08-24T03:07:00+00:00
[2023-08-24T03:07:28.306+0000] {processor.py:179} INFO - Processing /home/airflow/.local/lib/python3.8/site-packages/airflow/example_dags/example_branch_python_dop_operator_3.py took 0.054 seconds
[2023-08-24T03:07:58.914+0000] {processor.py:157} INFO - Started process (PID=441) to work on /home/airflow/.local/lib/python3.8/site-packages/airflow/example_dags/example_branch_python_dop_operator_3.py
[2023-08-24T03:07:58.915+0000] {processor.py:829} INFO - Processing file /home/airflow/.local/lib/python3.8/site-packages/airflow/example_dags/example_branch_python_dop_operator_3.py for tasks to queue
[2023-08-24T03:07:58.917+0000] {logging_mixin.py:151} INFO - [2023-08-24T03:07:58.916+0000] {dagbag.py:539} INFO - Filling up the DagBag from /home/airflow/.local/lib/python3.8/site-packages/airflow/example_dags/example_branch_python_dop_operator_3.py
[2023-08-24T03:07:58.923+0000] {processor.py:839} INFO - DAG(s) dict_keys(['example_branch_dop_operator_v3']) retrieved from /home/airflow/.local/lib/python3.8/site-packages/airflow/example_dags/example_branch_python_dop_operator_3.py
[2023-08-24T03:07:58.940+0000] {logging_mixin.py:151} INFO - [2023-08-24T03:07:58.940+0000] {dag.py:2907} INFO - Sync 1 DAGs
[2023-08-24T03:07:58.955+0000] {logging_mixin.py:151} INFO - [2023-08-24T03:07:58.955+0000] {dag.py:3677} INFO - Setting next_dagrun for example_branch_dop_operator_v3 to 2023-08-24T03:06:00+00:00, run_after=2023-08-24T03:07:00+00:00
[2023-08-24T03:07:58.967+0000] {processor.py:179} INFO - Processing /home/airflow/.local/lib/python3.8/site-packages/airflow/example_dags/example_branch_python_dop_operator_3.py took 0.056 seconds
[2023-08-24T03:08:29.779+0000] {processor.py:157} INFO - Started process (PID=505) to work on /home/airflow/.local/lib/python3.8/site-packages/airflow/example_dags/example_branch_python_dop_operator_3.py
[2023-08-24T03:08:29.780+0000] {processor.py:829} INFO - Processing file /home/airflow/.local/lib/python3.8/site-packages/airflow/example_dags/example_branch_python_dop_operator_3.py for tasks to queue
[2023-08-24T03:08:29.782+0000] {logging_mixin.py:151} INFO - [2023-08-24T03:08:29.781+0000] {dagbag.py:539} INFO - Filling up the DagBag from /home/airflow/.local/lib/python3.8/site-packages/airflow/example_dags/example_branch_python_dop_operator_3.py
[2023-08-24T03:08:29.788+0000] {processor.py:839} INFO - DAG(s) dict_keys(['example_branch_dop_operator_v3']) retrieved from /home/airflow/.local/lib/python3.8/site-packages/airflow/example_dags/example_branch_python_dop_operator_3.py
[2023-08-24T03:08:29.806+0000] {logging_mixin.py:151} INFO - [2023-08-24T03:08:29.806+0000] {dag.py:2907} INFO - Sync 1 DAGs
[2023-08-24T03:08:29.821+0000] {logging_mixin.py:151} INFO - [2023-08-24T03:08:29.821+0000] {dag.py:3677} INFO - Setting next_dagrun for example_branch_dop_operator_v3 to 2023-08-24T03:07:00+00:00, run_after=2023-08-24T03:08:00+00:00
[2023-08-24T03:08:29.831+0000] {processor.py:179} INFO - Processing /home/airflow/.local/lib/python3.8/site-packages/airflow/example_dags/example_branch_python_dop_operator_3.py took 0.055 seconds
[2023-08-24T03:09:00.622+0000] {processor.py:157} INFO - Started process (PID=568) to work on /home/airflow/.local/lib/python3.8/site-packages/airflow/example_dags/example_branch_python_dop_operator_3.py
[2023-08-24T03:09:00.624+0000] {processor.py:829} INFO - Processing file /home/airflow/.local/lib/python3.8/site-packages/airflow/example_dags/example_branch_python_dop_operator_3.py for tasks to queue
[2023-08-24T03:09:00.625+0000] {logging_mixin.py:151} INFO - [2023-08-24T03:09:00.625+0000] {dagbag.py:539} INFO - Filling up the DagBag from /home/airflow/.local/lib/python3.8/site-packages/airflow/example_dags/example_branch_python_dop_operator_3.py
[2023-08-24T03:09:00.632+0000] {processor.py:839} INFO - DAG(s) dict_keys(['example_branch_dop_operator_v3']) retrieved from /home/airflow/.local/lib/python3.8/site-packages/airflow/example_dags/example_branch_python_dop_operator_3.py
[2023-08-24T03:09:00.650+0000] {logging_mixin.py:151} INFO - [2023-08-24T03:09:00.649+0000] {dag.py:2907} INFO - Sync 1 DAGs
[2023-08-24T03:09:00.666+0000] {logging_mixin.py:151} INFO - [2023-08-24T03:09:00.666+0000] {dag.py:3677} INFO - Setting next_dagrun for example_branch_dop_operator_v3 to 2023-08-24T03:08:00+00:00, run_after=2023-08-24T03:09:00+00:00
[2023-08-24T03:09:00.675+0000] {processor.py:179} INFO - Processing /home/airflow/.local/lib/python3.8/site-packages/airflow/example_dags/example_branch_python_dop_operator_3.py took 0.056 seconds
[2023-08-24T03:16:29.937+0000] {processor.py:157} INFO - Started process (PID=60) to work on /home/airflow/.local/lib/python3.8/site-packages/airflow/example_dags/example_branch_python_dop_operator_3.py
[2023-08-24T03:16:29.938+0000] {processor.py:829} INFO - Processing file /home/airflow/.local/lib/python3.8/site-packages/airflow/example_dags/example_branch_python_dop_operator_3.py for tasks to queue
[2023-08-24T03:16:29.941+0000] {logging_mixin.py:151} INFO - [2023-08-24T03:16:29.940+0000] {dagbag.py:539} INFO - Filling up the DagBag from /home/airflow/.local/lib/python3.8/site-packages/airflow/example_dags/example_branch_python_dop_operator_3.py
[2023-08-24T03:16:29.947+0000] {processor.py:839} INFO - DAG(s) dict_keys(['example_branch_dop_operator_v3']) retrieved from /home/airflow/.local/lib/python3.8/site-packages/airflow/example_dags/example_branch_python_dop_operator_3.py
[2023-08-24T03:16:29.958+0000] {logging_mixin.py:151} INFO - [2023-08-24T03:16:29.958+0000] {dag.py:2907} INFO - Sync 1 DAGs
[2023-08-24T03:16:29.973+0000] {logging_mixin.py:151} INFO - [2023-08-24T03:16:29.973+0000] {dag.py:3677} INFO - Setting next_dagrun for example_branch_dop_operator_v3 to 2023-08-24T03:15:00+00:00, run_after=2023-08-24T03:16:00+00:00
[2023-08-24T03:16:29.984+0000] {processor.py:179} INFO - Processing /home/airflow/.local/lib/python3.8/site-packages/airflow/example_dags/example_branch_python_dop_operator_3.py took 0.049 seconds
[2023-08-24T03:17:00.086+0000] {processor.py:157} INFO - Started process (PID=123) to work on /home/airflow/.local/lib/python3.8/site-packages/airflow/example_dags/example_branch_python_dop_operator_3.py
[2023-08-24T03:17:00.088+0000] {processor.py:829} INFO - Processing file /home/airflow/.local/lib/python3.8/site-packages/airflow/example_dags/example_branch_python_dop_operator_3.py for tasks to queue
[2023-08-24T03:17:00.089+0000] {logging_mixin.py:151} INFO - [2023-08-24T03:17:00.089+0000] {dagbag.py:539} INFO - Filling up the DagBag from /home/airflow/.local/lib/python3.8/site-packages/airflow/example_dags/example_branch_python_dop_operator_3.py
[2023-08-24T03:17:00.097+0000] {processor.py:839} INFO - DAG(s) dict_keys(['example_branch_dop_operator_v3']) retrieved from /home/airflow/.local/lib/python3.8/site-packages/airflow/example_dags/example_branch_python_dop_operator_3.py
[2023-08-24T03:17:00.113+0000] {logging_mixin.py:151} INFO - [2023-08-24T03:17:00.113+0000] {dag.py:2907} INFO - Sync 1 DAGs
[2023-08-24T03:17:00.131+0000] {logging_mixin.py:151} INFO - [2023-08-24T03:17:00.131+0000] {dag.py:3677} INFO - Setting next_dagrun for example_branch_dop_operator_v3 to 2023-08-24T03:16:00+00:00, run_after=2023-08-24T03:17:00+00:00
[2023-08-24T03:17:00.143+0000] {processor.py:179} INFO - Processing /home/airflow/.local/lib/python3.8/site-packages/airflow/example_dags/example_branch_python_dop_operator_3.py took 0.060 seconds
[2023-08-24T03:17:30.809+0000] {processor.py:157} INFO - Started process (PID=186) to work on /home/airflow/.local/lib/python3.8/site-packages/airflow/example_dags/example_branch_python_dop_operator_3.py
[2023-08-24T03:17:30.810+0000] {processor.py:829} INFO - Processing file /home/airflow/.local/lib/python3.8/site-packages/airflow/example_dags/example_branch_python_dop_operator_3.py for tasks to queue
[2023-08-24T03:17:30.812+0000] {logging_mixin.py:151} INFO - [2023-08-24T03:17:30.811+0000] {dagbag.py:539} INFO - Filling up the DagBag from /home/airflow/.local/lib/python3.8/site-packages/airflow/example_dags/example_branch_python_dop_operator_3.py
[2023-08-24T03:17:30.819+0000] {processor.py:839} INFO - DAG(s) dict_keys(['example_branch_dop_operator_v3']) retrieved from /home/airflow/.local/lib/python3.8/site-packages/airflow/example_dags/example_branch_python_dop_operator_3.py
[2023-08-24T03:17:30.836+0000] {logging_mixin.py:151} INFO - [2023-08-24T03:17:30.836+0000] {dag.py:2907} INFO - Sync 1 DAGs
[2023-08-24T03:17:30.852+0000] {logging_mixin.py:151} INFO - [2023-08-24T03:17:30.852+0000] {dag.py:3677} INFO - Setting next_dagrun for example_branch_dop_operator_v3 to 2023-08-24T03:16:00+00:00, run_after=2023-08-24T03:17:00+00:00
[2023-08-24T03:17:30.863+0000] {processor.py:179} INFO - Processing /home/airflow/.local/lib/python3.8/site-packages/airflow/example_dags/example_branch_python_dop_operator_3.py took 0.057 seconds
[2023-08-24T03:18:01.618+0000] {processor.py:157} INFO - Started process (PID=249) to work on /home/airflow/.local/lib/python3.8/site-packages/airflow/example_dags/example_branch_python_dop_operator_3.py
[2023-08-24T03:18:01.619+0000] {processor.py:829} INFO - Processing file /home/airflow/.local/lib/python3.8/site-packages/airflow/example_dags/example_branch_python_dop_operator_3.py for tasks to queue
[2023-08-24T03:18:01.621+0000] {logging_mixin.py:151} INFO - [2023-08-24T03:18:01.621+0000] {dagbag.py:539} INFO - Filling up the DagBag from /home/airflow/.local/lib/python3.8/site-packages/airflow/example_dags/example_branch_python_dop_operator_3.py
[2023-08-24T03:18:01.628+0000] {processor.py:839} INFO - DAG(s) dict_keys(['example_branch_dop_operator_v3']) retrieved from /home/airflow/.local/lib/python3.8/site-packages/airflow/example_dags/example_branch_python_dop_operator_3.py
[2023-08-24T03:18:01.646+0000] {logging_mixin.py:151} INFO - [2023-08-24T03:18:01.645+0000] {dag.py:2907} INFO - Sync 1 DAGs
[2023-08-24T03:18:01.661+0000] {logging_mixin.py:151} INFO - [2023-08-24T03:18:01.661+0000] {dag.py:3677} INFO - Setting next_dagrun for example_branch_dop_operator_v3 to 2023-08-24T03:17:00+00:00, run_after=2023-08-24T03:18:00+00:00
[2023-08-24T03:18:01.672+0000] {processor.py:179} INFO - Processing /home/airflow/.local/lib/python3.8/site-packages/airflow/example_dags/example_branch_python_dop_operator_3.py took 0.057 seconds
[2023-08-24T03:19:16.166+0000] {processor.py:157} INFO - Started process (PID=59) to work on /home/airflow/.local/lib/python3.8/site-packages/airflow/example_dags/example_branch_python_dop_operator_3.py
[2023-08-24T03:19:16.167+0000] {processor.py:829} INFO - Processing file /home/airflow/.local/lib/python3.8/site-packages/airflow/example_dags/example_branch_python_dop_operator_3.py for tasks to queue
[2023-08-24T03:19:16.169+0000] {logging_mixin.py:151} INFO - [2023-08-24T03:19:16.169+0000] {dagbag.py:539} INFO - Filling up the DagBag from /home/airflow/.local/lib/python3.8/site-packages/airflow/example_dags/example_branch_python_dop_operator_3.py
[2023-08-24T03:19:16.175+0000] {processor.py:839} INFO - DAG(s) dict_keys(['example_branch_dop_operator_v3']) retrieved from /home/airflow/.local/lib/python3.8/site-packages/airflow/example_dags/example_branch_python_dop_operator_3.py
[2023-08-24T03:19:16.186+0000] {logging_mixin.py:151} INFO - [2023-08-24T03:19:16.186+0000] {dag.py:2907} INFO - Sync 1 DAGs
[2023-08-24T03:19:16.202+0000] {logging_mixin.py:151} INFO - [2023-08-24T03:19:16.202+0000] {dag.py:3677} INFO - Setting next_dagrun for example_branch_dop_operator_v3 to 2023-08-24T03:18:00+00:00, run_after=2023-08-24T03:19:00+00:00
[2023-08-24T03:19:16.214+0000] {processor.py:179} INFO - Processing /home/airflow/.local/lib/python3.8/site-packages/airflow/example_dags/example_branch_python_dop_operator_3.py took 0.051 seconds
[2023-08-24T03:22:56.655+0000] {processor.py:157} INFO - Started process (PID=58) to work on /home/airflow/.local/lib/python3.8/site-packages/airflow/example_dags/example_branch_python_dop_operator_3.py
[2023-08-24T03:22:56.673+0000] {processor.py:829} INFO - Processing file /home/airflow/.local/lib/python3.8/site-packages/airflow/example_dags/example_branch_python_dop_operator_3.py for tasks to queue
[2023-08-24T03:22:56.677+0000] {logging_mixin.py:151} INFO - [2023-08-24T03:22:56.677+0000] {dagbag.py:539} INFO - Filling up the DagBag from /home/airflow/.local/lib/python3.8/site-packages/airflow/example_dags/example_branch_python_dop_operator_3.py
[2023-08-24T03:22:56.694+0000] {processor.py:839} INFO - DAG(s) dict_keys(['example_branch_dop_operator_v3']) retrieved from /home/airflow/.local/lib/python3.8/site-packages/airflow/example_dags/example_branch_python_dop_operator_3.py
[2023-08-24T03:22:56.716+0000] {logging_mixin.py:151} INFO - [2023-08-24T03:22:56.715+0000] {dag.py:2907} INFO - Sync 1 DAGs
[2023-08-24T03:22:56.744+0000] {logging_mixin.py:151} INFO - [2023-08-24T03:22:56.744+0000] {dag.py:3677} INFO - Setting next_dagrun for example_branch_dop_operator_v3 to 2023-08-24T03:21:00+00:00, run_after=2023-08-24T03:22:00+00:00
[2023-08-24T03:22:56.783+0000] {processor.py:179} INFO - Processing /home/airflow/.local/lib/python3.8/site-packages/airflow/example_dags/example_branch_python_dop_operator_3.py took 0.134 seconds
[2023-08-24T03:23:27.128+0000] {processor.py:157} INFO - Started process (PID=121) to work on /home/airflow/.local/lib/python3.8/site-packages/airflow/example_dags/example_branch_python_dop_operator_3.py
[2023-08-24T03:23:27.129+0000] {processor.py:829} INFO - Processing file /home/airflow/.local/lib/python3.8/site-packages/airflow/example_dags/example_branch_python_dop_operator_3.py for tasks to queue
[2023-08-24T03:23:27.131+0000] {logging_mixin.py:151} INFO - [2023-08-24T03:23:27.131+0000] {dagbag.py:539} INFO - Filling up the DagBag from /home/airflow/.local/lib/python3.8/site-packages/airflow/example_dags/example_branch_python_dop_operator_3.py
[2023-08-24T03:23:27.138+0000] {processor.py:839} INFO - DAG(s) dict_keys(['example_branch_dop_operator_v3']) retrieved from /home/airflow/.local/lib/python3.8/site-packages/airflow/example_dags/example_branch_python_dop_operator_3.py
[2023-08-24T03:23:27.154+0000] {logging_mixin.py:151} INFO - [2023-08-24T03:23:27.154+0000] {dag.py:2907} INFO - Sync 1 DAGs
[2023-08-24T03:23:27.170+0000] {logging_mixin.py:151} INFO - [2023-08-24T03:23:27.170+0000] {dag.py:3677} INFO - Setting next_dagrun for example_branch_dop_operator_v3 to 2023-08-24T03:22:00+00:00, run_after=2023-08-24T03:23:00+00:00
[2023-08-24T03:23:27.181+0000] {processor.py:179} INFO - Processing /home/airflow/.local/lib/python3.8/site-packages/airflow/example_dags/example_branch_python_dop_operator_3.py took 0.056 seconds
[2023-08-24T03:59:48.841+0000] {processor.py:157} INFO - Started process (PID=59) to work on /home/airflow/.local/lib/python3.8/site-packages/airflow/example_dags/example_branch_python_dop_operator_3.py
[2023-08-24T03:59:48.842+0000] {processor.py:829} INFO - Processing file /home/airflow/.local/lib/python3.8/site-packages/airflow/example_dags/example_branch_python_dop_operator_3.py for tasks to queue
[2023-08-24T03:59:48.845+0000] {logging_mixin.py:151} INFO - [2023-08-24T03:59:48.845+0000] {dagbag.py:539} INFO - Filling up the DagBag from /home/airflow/.local/lib/python3.8/site-packages/airflow/example_dags/example_branch_python_dop_operator_3.py
[2023-08-24T03:59:48.852+0000] {processor.py:839} INFO - DAG(s) dict_keys(['example_branch_dop_operator_v3']) retrieved from /home/airflow/.local/lib/python3.8/site-packages/airflow/example_dags/example_branch_python_dop_operator_3.py
[2023-08-24T03:59:48.865+0000] {logging_mixin.py:151} INFO - [2023-08-24T03:59:48.865+0000] {dag.py:2907} INFO - Sync 1 DAGs
[2023-08-24T03:59:48.883+0000] {logging_mixin.py:151} INFO - [2023-08-24T03:59:48.882+0000] {dag.py:3677} INFO - Setting next_dagrun for example_branch_dop_operator_v3 to 2023-08-24T03:58:00+00:00, run_after=2023-08-24T03:59:00+00:00
[2023-08-24T03:59:48.896+0000] {processor.py:179} INFO - Processing /home/airflow/.local/lib/python3.8/site-packages/airflow/example_dags/example_branch_python_dop_operator_3.py took 0.059 seconds
[2023-08-24T04:00:19.104+0000] {processor.py:157} INFO - Started process (PID=122) to work on /home/airflow/.local/lib/python3.8/site-packages/airflow/example_dags/example_branch_python_dop_operator_3.py
[2023-08-24T04:00:19.105+0000] {processor.py:829} INFO - Processing file /home/airflow/.local/lib/python3.8/site-packages/airflow/example_dags/example_branch_python_dop_operator_3.py for tasks to queue
[2023-08-24T04:00:19.106+0000] {logging_mixin.py:151} INFO - [2023-08-24T04:00:19.106+0000] {dagbag.py:539} INFO - Filling up the DagBag from /home/airflow/.local/lib/python3.8/site-packages/airflow/example_dags/example_branch_python_dop_operator_3.py
[2023-08-24T04:00:19.112+0000] {processor.py:839} INFO - DAG(s) dict_keys(['example_branch_dop_operator_v3']) retrieved from /home/airflow/.local/lib/python3.8/site-packages/airflow/example_dags/example_branch_python_dop_operator_3.py
[2023-08-24T04:00:19.128+0000] {logging_mixin.py:151} INFO - [2023-08-24T04:00:19.128+0000] {dag.py:2907} INFO - Sync 1 DAGs
[2023-08-24T04:00:19.143+0000] {logging_mixin.py:151} INFO - [2023-08-24T04:00:19.143+0000] {dag.py:3677} INFO - Setting next_dagrun for example_branch_dop_operator_v3 to 2023-08-24T03:59:00+00:00, run_after=2023-08-24T04:00:00+00:00
[2023-08-24T04:00:19.153+0000] {processor.py:179} INFO - Processing /home/airflow/.local/lib/python3.8/site-packages/airflow/example_dags/example_branch_python_dop_operator_3.py took 0.053 seconds
[2023-08-24T04:00:49.894+0000] {processor.py:157} INFO - Started process (PID=185) to work on /home/airflow/.local/lib/python3.8/site-packages/airflow/example_dags/example_branch_python_dop_operator_3.py
[2023-08-24T04:00:49.896+0000] {processor.py:829} INFO - Processing file /home/airflow/.local/lib/python3.8/site-packages/airflow/example_dags/example_branch_python_dop_operator_3.py for tasks to queue
[2023-08-24T04:00:49.898+0000] {logging_mixin.py:151} INFO - [2023-08-24T04:00:49.897+0000] {dagbag.py:539} INFO - Filling up the DagBag from /home/airflow/.local/lib/python3.8/site-packages/airflow/example_dags/example_branch_python_dop_operator_3.py
[2023-08-24T04:00:49.904+0000] {processor.py:839} INFO - DAG(s) dict_keys(['example_branch_dop_operator_v3']) retrieved from /home/airflow/.local/lib/python3.8/site-packages/airflow/example_dags/example_branch_python_dop_operator_3.py
[2023-08-24T04:00:49.921+0000] {logging_mixin.py:151} INFO - [2023-08-24T04:00:49.921+0000] {dag.py:2907} INFO - Sync 1 DAGs
[2023-08-24T04:00:49.936+0000] {logging_mixin.py:151} INFO - [2023-08-24T04:00:49.936+0000] {dag.py:3677} INFO - Setting next_dagrun for example_branch_dop_operator_v3 to 2023-08-24T03:59:00+00:00, run_after=2023-08-24T04:00:00+00:00
[2023-08-24T04:00:49.949+0000] {processor.py:179} INFO - Processing /home/airflow/.local/lib/python3.8/site-packages/airflow/example_dags/example_branch_python_dop_operator_3.py took 0.058 seconds
[2023-08-24T04:01:20.586+0000] {processor.py:157} INFO - Started process (PID=248) to work on /home/airflow/.local/lib/python3.8/site-packages/airflow/example_dags/example_branch_python_dop_operator_3.py
[2023-08-24T04:01:20.587+0000] {processor.py:829} INFO - Processing file /home/airflow/.local/lib/python3.8/site-packages/airflow/example_dags/example_branch_python_dop_operator_3.py for tasks to queue
[2023-08-24T04:01:20.589+0000] {logging_mixin.py:151} INFO - [2023-08-24T04:01:20.588+0000] {dagbag.py:539} INFO - Filling up the DagBag from /home/airflow/.local/lib/python3.8/site-packages/airflow/example_dags/example_branch_python_dop_operator_3.py
[2023-08-24T04:01:20.595+0000] {processor.py:839} INFO - DAG(s) dict_keys(['example_branch_dop_operator_v3']) retrieved from /home/airflow/.local/lib/python3.8/site-packages/airflow/example_dags/example_branch_python_dop_operator_3.py
[2023-08-24T04:01:20.611+0000] {logging_mixin.py:151} INFO - [2023-08-24T04:01:20.610+0000] {dag.py:2907} INFO - Sync 1 DAGs
[2023-08-24T04:01:20.625+0000] {logging_mixin.py:151} INFO - [2023-08-24T04:01:20.625+0000] {dag.py:3677} INFO - Setting next_dagrun for example_branch_dop_operator_v3 to 2023-08-24T04:00:00+00:00, run_after=2023-08-24T04:01:00+00:00
[2023-08-24T04:01:20.636+0000] {processor.py:179} INFO - Processing /home/airflow/.local/lib/python3.8/site-packages/airflow/example_dags/example_branch_python_dop_operator_3.py took 0.053 seconds
[2023-08-24T04:01:51.495+0000] {processor.py:157} INFO - Started process (PID=311) to work on /home/airflow/.local/lib/python3.8/site-packages/airflow/example_dags/example_branch_python_dop_operator_3.py
[2023-08-24T04:01:51.496+0000] {processor.py:829} INFO - Processing file /home/airflow/.local/lib/python3.8/site-packages/airflow/example_dags/example_branch_python_dop_operator_3.py for tasks to queue
[2023-08-24T04:01:51.498+0000] {logging_mixin.py:151} INFO - [2023-08-24T04:01:51.498+0000] {dagbag.py:539} INFO - Filling up the DagBag from /home/airflow/.local/lib/python3.8/site-packages/airflow/example_dags/example_branch_python_dop_operator_3.py
[2023-08-24T04:01:51.505+0000] {processor.py:839} INFO - DAG(s) dict_keys(['example_branch_dop_operator_v3']) retrieved from /home/airflow/.local/lib/python3.8/site-packages/airflow/example_dags/example_branch_python_dop_operator_3.py
[2023-08-24T04:01:51.522+0000] {logging_mixin.py:151} INFO - [2023-08-24T04:01:51.522+0000] {dag.py:2907} INFO - Sync 1 DAGs
[2023-08-24T04:01:51.537+0000] {logging_mixin.py:151} INFO - [2023-08-24T04:01:51.537+0000] {dag.py:3677} INFO - Setting next_dagrun for example_branch_dop_operator_v3 to 2023-08-24T04:00:00+00:00, run_after=2023-08-24T04:01:00+00:00
[2023-08-24T04:01:51.548+0000] {processor.py:179} INFO - Processing /home/airflow/.local/lib/python3.8/site-packages/airflow/example_dags/example_branch_python_dop_operator_3.py took 0.056 seconds
[2023-08-24T04:02:22.425+0000] {processor.py:157} INFO - Started process (PID=374) to work on /home/airflow/.local/lib/python3.8/site-packages/airflow/example_dags/example_branch_python_dop_operator_3.py
[2023-08-24T04:02:22.427+0000] {processor.py:829} INFO - Processing file /home/airflow/.local/lib/python3.8/site-packages/airflow/example_dags/example_branch_python_dop_operator_3.py for tasks to queue
[2023-08-24T04:02:22.428+0000] {logging_mixin.py:151} INFO - [2023-08-24T04:02:22.428+0000] {dagbag.py:539} INFO - Filling up the DagBag from /home/airflow/.local/lib/python3.8/site-packages/airflow/example_dags/example_branch_python_dop_operator_3.py
[2023-08-24T04:02:22.434+0000] {processor.py:839} INFO - DAG(s) dict_keys(['example_branch_dop_operator_v3']) retrieved from /home/airflow/.local/lib/python3.8/site-packages/airflow/example_dags/example_branch_python_dop_operator_3.py
[2023-08-24T04:02:22.451+0000] {logging_mixin.py:151} INFO - [2023-08-24T04:02:22.450+0000] {dag.py:2907} INFO - Sync 1 DAGs
[2023-08-24T04:02:22.464+0000] {logging_mixin.py:151} INFO - [2023-08-24T04:02:22.464+0000] {dag.py:3677} INFO - Setting next_dagrun for example_branch_dop_operator_v3 to 2023-08-24T04:01:00+00:00, run_after=2023-08-24T04:02:00+00:00
[2023-08-24T04:02:22.474+0000] {processor.py:179} INFO - Processing /home/airflow/.local/lib/python3.8/site-packages/airflow/example_dags/example_branch_python_dop_operator_3.py took 0.051 seconds
[2023-08-24T04:02:53.059+0000] {processor.py:157} INFO - Started process (PID=437) to work on /home/airflow/.local/lib/python3.8/site-packages/airflow/example_dags/example_branch_python_dop_operator_3.py
[2023-08-24T04:02:53.060+0000] {processor.py:829} INFO - Processing file /home/airflow/.local/lib/python3.8/site-packages/airflow/example_dags/example_branch_python_dop_operator_3.py for tasks to queue
[2023-08-24T04:02:53.062+0000] {logging_mixin.py:151} INFO - [2023-08-24T04:02:53.062+0000] {dagbag.py:539} INFO - Filling up the DagBag from /home/airflow/.local/lib/python3.8/site-packages/airflow/example_dags/example_branch_python_dop_operator_3.py
[2023-08-24T04:02:53.068+0000] {processor.py:839} INFO - DAG(s) dict_keys(['example_branch_dop_operator_v3']) retrieved from /home/airflow/.local/lib/python3.8/site-packages/airflow/example_dags/example_branch_python_dop_operator_3.py
[2023-08-24T04:02:53.084+0000] {logging_mixin.py:151} INFO - [2023-08-24T04:02:53.084+0000] {dag.py:2907} INFO - Sync 1 DAGs
[2023-08-24T04:02:53.099+0000] {logging_mixin.py:151} INFO - [2023-08-24T04:02:53.099+0000] {dag.py:3677} INFO - Setting next_dagrun for example_branch_dop_operator_v3 to 2023-08-24T04:01:00+00:00, run_after=2023-08-24T04:02:00+00:00
[2023-08-24T04:02:53.110+0000] {processor.py:179} INFO - Processing /home/airflow/.local/lib/python3.8/site-packages/airflow/example_dags/example_branch_python_dop_operator_3.py took 0.053 seconds
[2023-08-24T04:03:23.673+0000] {processor.py:157} INFO - Started process (PID=500) to work on /home/airflow/.local/lib/python3.8/site-packages/airflow/example_dags/example_branch_python_dop_operator_3.py
[2023-08-24T04:03:23.674+0000] {processor.py:829} INFO - Processing file /home/airflow/.local/lib/python3.8/site-packages/airflow/example_dags/example_branch_python_dop_operator_3.py for tasks to queue
[2023-08-24T04:03:23.676+0000] {logging_mixin.py:151} INFO - [2023-08-24T04:03:23.676+0000] {dagbag.py:539} INFO - Filling up the DagBag from /home/airflow/.local/lib/python3.8/site-packages/airflow/example_dags/example_branch_python_dop_operator_3.py
[2023-08-24T04:03:23.682+0000] {processor.py:839} INFO - DAG(s) dict_keys(['example_branch_dop_operator_v3']) retrieved from /home/airflow/.local/lib/python3.8/site-packages/airflow/example_dags/example_branch_python_dop_operator_3.py
[2023-08-24T04:03:23.699+0000] {logging_mixin.py:151} INFO - [2023-08-24T04:03:23.698+0000] {dag.py:2907} INFO - Sync 1 DAGs
[2023-08-24T04:03:23.713+0000] {logging_mixin.py:151} INFO - [2023-08-24T04:03:23.713+0000] {dag.py:3677} INFO - Setting next_dagrun for example_branch_dop_operator_v3 to 2023-08-24T04:02:00+00:00, run_after=2023-08-24T04:03:00+00:00
[2023-08-24T04:03:23.724+0000] {processor.py:179} INFO - Processing /home/airflow/.local/lib/python3.8/site-packages/airflow/example_dags/example_branch_python_dop_operator_3.py took 0.054 seconds
[2023-08-24T04:03:54.474+0000] {processor.py:157} INFO - Started process (PID=563) to work on /home/airflow/.local/lib/python3.8/site-packages/airflow/example_dags/example_branch_python_dop_operator_3.py
[2023-08-24T04:03:54.476+0000] {processor.py:829} INFO - Processing file /home/airflow/.local/lib/python3.8/site-packages/airflow/example_dags/example_branch_python_dop_operator_3.py for tasks to queue
[2023-08-24T04:03:54.478+0000] {logging_mixin.py:151} INFO - [2023-08-24T04:03:54.477+0000] {dagbag.py:539} INFO - Filling up the DagBag from /home/airflow/.local/lib/python3.8/site-packages/airflow/example_dags/example_branch_python_dop_operator_3.py
[2023-08-24T04:03:54.485+0000] {processor.py:839} INFO - DAG(s) dict_keys(['example_branch_dop_operator_v3']) retrieved from /home/airflow/.local/lib/python3.8/site-packages/airflow/example_dags/example_branch_python_dop_operator_3.py
[2023-08-24T04:03:54.503+0000] {logging_mixin.py:151} INFO - [2023-08-24T04:03:54.503+0000] {dag.py:2907} INFO - Sync 1 DAGs
[2023-08-24T04:03:54.520+0000] {logging_mixin.py:151} INFO - [2023-08-24T04:03:54.520+0000] {dag.py:3677} INFO - Setting next_dagrun for example_branch_dop_operator_v3 to 2023-08-24T04:02:00+00:00, run_after=2023-08-24T04:03:00+00:00
[2023-08-24T04:03:54.531+0000] {processor.py:179} INFO - Processing /home/airflow/.local/lib/python3.8/site-packages/airflow/example_dags/example_branch_python_dop_operator_3.py took 0.060 seconds
[2023-08-24T04:04:25.160+0000] {processor.py:157} INFO - Started process (PID=626) to work on /home/airflow/.local/lib/python3.8/site-packages/airflow/example_dags/example_branch_python_dop_operator_3.py
[2023-08-24T04:04:25.161+0000] {processor.py:829} INFO - Processing file /home/airflow/.local/lib/python3.8/site-packages/airflow/example_dags/example_branch_python_dop_operator_3.py for tasks to queue
[2023-08-24T04:04:25.163+0000] {logging_mixin.py:151} INFO - [2023-08-24T04:04:25.162+0000] {dagbag.py:539} INFO - Filling up the DagBag from /home/airflow/.local/lib/python3.8/site-packages/airflow/example_dags/example_branch_python_dop_operator_3.py
[2023-08-24T04:04:25.170+0000] {processor.py:839} INFO - DAG(s) dict_keys(['example_branch_dop_operator_v3']) retrieved from /home/airflow/.local/lib/python3.8/site-packages/airflow/example_dags/example_branch_python_dop_operator_3.py
[2023-08-24T04:04:25.187+0000] {logging_mixin.py:151} INFO - [2023-08-24T04:04:25.186+0000] {dag.py:2907} INFO - Sync 1 DAGs
[2023-08-24T04:04:25.202+0000] {logging_mixin.py:151} INFO - [2023-08-24T04:04:25.202+0000] {dag.py:3677} INFO - Setting next_dagrun for example_branch_dop_operator_v3 to 2023-08-24T04:03:00+00:00, run_after=2023-08-24T04:04:00+00:00
[2023-08-24T04:04:25.212+0000] {processor.py:179} INFO - Processing /home/airflow/.local/lib/python3.8/site-packages/airflow/example_dags/example_branch_python_dop_operator_3.py took 0.056 seconds
[2023-08-24T04:04:56.224+0000] {processor.py:157} INFO - Started process (PID=689) to work on /home/airflow/.local/lib/python3.8/site-packages/airflow/example_dags/example_branch_python_dop_operator_3.py
[2023-08-24T04:04:56.225+0000] {processor.py:829} INFO - Processing file /home/airflow/.local/lib/python3.8/site-packages/airflow/example_dags/example_branch_python_dop_operator_3.py for tasks to queue
[2023-08-24T04:04:56.227+0000] {logging_mixin.py:151} INFO - [2023-08-24T04:04:56.227+0000] {dagbag.py:539} INFO - Filling up the DagBag from /home/airflow/.local/lib/python3.8/site-packages/airflow/example_dags/example_branch_python_dop_operator_3.py
[2023-08-24T04:04:56.234+0000] {processor.py:839} INFO - DAG(s) dict_keys(['example_branch_dop_operator_v3']) retrieved from /home/airflow/.local/lib/python3.8/site-packages/airflow/example_dags/example_branch_python_dop_operator_3.py
[2023-08-24T04:04:56.252+0000] {logging_mixin.py:151} INFO - [2023-08-24T04:04:56.252+0000] {dag.py:2907} INFO - Sync 1 DAGs
[2023-08-24T04:04:56.268+0000] {logging_mixin.py:151} INFO - [2023-08-24T04:04:56.268+0000] {dag.py:3677} INFO - Setting next_dagrun for example_branch_dop_operator_v3 to 2023-08-24T04:03:00+00:00, run_after=2023-08-24T04:04:00+00:00
[2023-08-24T04:04:56.279+0000] {processor.py:179} INFO - Processing /home/airflow/.local/lib/python3.8/site-packages/airflow/example_dags/example_branch_python_dop_operator_3.py took 0.057 seconds
[2023-08-24T04:05:26.871+0000] {processor.py:157} INFO - Started process (PID=752) to work on /home/airflow/.local/lib/python3.8/site-packages/airflow/example_dags/example_branch_python_dop_operator_3.py
[2023-08-24T04:05:26.872+0000] {processor.py:829} INFO - Processing file /home/airflow/.local/lib/python3.8/site-packages/airflow/example_dags/example_branch_python_dop_operator_3.py for tasks to queue
[2023-08-24T04:05:26.874+0000] {logging_mixin.py:151} INFO - [2023-08-24T04:05:26.873+0000] {dagbag.py:539} INFO - Filling up the DagBag from /home/airflow/.local/lib/python3.8/site-packages/airflow/example_dags/example_branch_python_dop_operator_3.py
[2023-08-24T04:05:26.880+0000] {processor.py:839} INFO - DAG(s) dict_keys(['example_branch_dop_operator_v3']) retrieved from /home/airflow/.local/lib/python3.8/site-packages/airflow/example_dags/example_branch_python_dop_operator_3.py
[2023-08-24T04:05:26.896+0000] {logging_mixin.py:151} INFO - [2023-08-24T04:05:26.896+0000] {dag.py:2907} INFO - Sync 1 DAGs
[2023-08-24T04:05:26.910+0000] {logging_mixin.py:151} INFO - [2023-08-24T04:05:26.910+0000] {dag.py:3677} INFO - Setting next_dagrun for example_branch_dop_operator_v3 to 2023-08-24T04:04:00+00:00, run_after=2023-08-24T04:05:00+00:00
[2023-08-24T04:05:26.921+0000] {processor.py:179} INFO - Processing /home/airflow/.local/lib/python3.8/site-packages/airflow/example_dags/example_branch_python_dop_operator_3.py took 0.053 seconds
[2023-08-24T04:05:57.643+0000] {processor.py:157} INFO - Started process (PID=815) to work on /home/airflow/.local/lib/python3.8/site-packages/airflow/example_dags/example_branch_python_dop_operator_3.py
[2023-08-24T04:05:57.644+0000] {processor.py:829} INFO - Processing file /home/airflow/.local/lib/python3.8/site-packages/airflow/example_dags/example_branch_python_dop_operator_3.py for tasks to queue
[2023-08-24T04:05:57.646+0000] {logging_mixin.py:151} INFO - [2023-08-24T04:05:57.646+0000] {dagbag.py:539} INFO - Filling up the DagBag from /home/airflow/.local/lib/python3.8/site-packages/airflow/example_dags/example_branch_python_dop_operator_3.py
[2023-08-24T04:05:57.652+0000] {processor.py:839} INFO - DAG(s) dict_keys(['example_branch_dop_operator_v3']) retrieved from /home/airflow/.local/lib/python3.8/site-packages/airflow/example_dags/example_branch_python_dop_operator_3.py
[2023-08-24T04:05:57.669+0000] {logging_mixin.py:151} INFO - [2023-08-24T04:05:57.669+0000] {dag.py:2907} INFO - Sync 1 DAGs
[2023-08-24T04:05:57.684+0000] {logging_mixin.py:151} INFO - [2023-08-24T04:05:57.684+0000] {dag.py:3677} INFO - Setting next_dagrun for example_branch_dop_operator_v3 to 2023-08-24T04:04:00+00:00, run_after=2023-08-24T04:05:00+00:00
[2023-08-24T04:05:57.696+0000] {processor.py:179} INFO - Processing /home/airflow/.local/lib/python3.8/site-packages/airflow/example_dags/example_branch_python_dop_operator_3.py took 0.056 seconds
[2023-08-24T04:06:28.266+0000] {processor.py:157} INFO - Started process (PID=878) to work on /home/airflow/.local/lib/python3.8/site-packages/airflow/example_dags/example_branch_python_dop_operator_3.py
[2023-08-24T04:06:28.268+0000] {processor.py:829} INFO - Processing file /home/airflow/.local/lib/python3.8/site-packages/airflow/example_dags/example_branch_python_dop_operator_3.py for tasks to queue
[2023-08-24T04:06:28.270+0000] {logging_mixin.py:151} INFO - [2023-08-24T04:06:28.269+0000] {dagbag.py:539} INFO - Filling up the DagBag from /home/airflow/.local/lib/python3.8/site-packages/airflow/example_dags/example_branch_python_dop_operator_3.py
[2023-08-24T04:06:28.276+0000] {processor.py:839} INFO - DAG(s) dict_keys(['example_branch_dop_operator_v3']) retrieved from /home/airflow/.local/lib/python3.8/site-packages/airflow/example_dags/example_branch_python_dop_operator_3.py
[2023-08-24T04:06:28.293+0000] {logging_mixin.py:151} INFO - [2023-08-24T04:06:28.293+0000] {dag.py:2907} INFO - Sync 1 DAGs
[2023-08-24T04:06:28.308+0000] {logging_mixin.py:151} INFO - [2023-08-24T04:06:28.308+0000] {dag.py:3677} INFO - Setting next_dagrun for example_branch_dop_operator_v3 to 2023-08-24T04:05:00+00:00, run_after=2023-08-24T04:06:00+00:00
[2023-08-24T04:06:28.320+0000] {processor.py:179} INFO - Processing /home/airflow/.local/lib/python3.8/site-packages/airflow/example_dags/example_branch_python_dop_operator_3.py took 0.056 seconds
[2023-08-24T04:06:59.038+0000] {processor.py:157} INFO - Started process (PID=940) to work on /home/airflow/.local/lib/python3.8/site-packages/airflow/example_dags/example_branch_python_dop_operator_3.py
[2023-08-24T04:06:59.039+0000] {processor.py:829} INFO - Processing file /home/airflow/.local/lib/python3.8/site-packages/airflow/example_dags/example_branch_python_dop_operator_3.py for tasks to queue
[2023-08-24T04:06:59.041+0000] {logging_mixin.py:151} INFO - [2023-08-24T04:06:59.040+0000] {dagbag.py:539} INFO - Filling up the DagBag from /home/airflow/.local/lib/python3.8/site-packages/airflow/example_dags/example_branch_python_dop_operator_3.py
[2023-08-24T04:06:59.047+0000] {processor.py:839} INFO - DAG(s) dict_keys(['example_branch_dop_operator_v3']) retrieved from /home/airflow/.local/lib/python3.8/site-packages/airflow/example_dags/example_branch_python_dop_operator_3.py
[2023-08-24T04:06:59.063+0000] {logging_mixin.py:151} INFO - [2023-08-24T04:06:59.063+0000] {dag.py:2907} INFO - Sync 1 DAGs
[2023-08-24T04:06:59.078+0000] {logging_mixin.py:151} INFO - [2023-08-24T04:06:59.077+0000] {dag.py:3677} INFO - Setting next_dagrun for example_branch_dop_operator_v3 to 2023-08-24T04:05:00+00:00, run_after=2023-08-24T04:06:00+00:00
[2023-08-24T04:06:59.089+0000] {processor.py:179} INFO - Processing /home/airflow/.local/lib/python3.8/site-packages/airflow/example_dags/example_branch_python_dop_operator_3.py took 0.054 seconds
[2023-08-24T04:07:29.662+0000] {processor.py:157} INFO - Started process (PID=1003) to work on /home/airflow/.local/lib/python3.8/site-packages/airflow/example_dags/example_branch_python_dop_operator_3.py
[2023-08-24T04:07:29.663+0000] {processor.py:829} INFO - Processing file /home/airflow/.local/lib/python3.8/site-packages/airflow/example_dags/example_branch_python_dop_operator_3.py for tasks to queue
[2023-08-24T04:07:29.665+0000] {logging_mixin.py:151} INFO - [2023-08-24T04:07:29.665+0000] {dagbag.py:539} INFO - Filling up the DagBag from /home/airflow/.local/lib/python3.8/site-packages/airflow/example_dags/example_branch_python_dop_operator_3.py
[2023-08-24T04:07:29.672+0000] {processor.py:839} INFO - DAG(s) dict_keys(['example_branch_dop_operator_v3']) retrieved from /home/airflow/.local/lib/python3.8/site-packages/airflow/example_dags/example_branch_python_dop_operator_3.py
[2023-08-24T04:07:29.689+0000] {logging_mixin.py:151} INFO - [2023-08-24T04:07:29.689+0000] {dag.py:2907} INFO - Sync 1 DAGs
[2023-08-24T04:07:29.704+0000] {logging_mixin.py:151} INFO - [2023-08-24T04:07:29.704+0000] {dag.py:3677} INFO - Setting next_dagrun for example_branch_dop_operator_v3 to 2023-08-24T04:06:00+00:00, run_after=2023-08-24T04:07:00+00:00
[2023-08-24T04:07:29.714+0000] {processor.py:179} INFO - Processing /home/airflow/.local/lib/python3.8/site-packages/airflow/example_dags/example_branch_python_dop_operator_3.py took 0.055 seconds
[2023-08-24T04:08:00.415+0000] {processor.py:157} INFO - Started process (PID=1066) to work on /home/airflow/.local/lib/python3.8/site-packages/airflow/example_dags/example_branch_python_dop_operator_3.py
[2023-08-24T04:08:00.417+0000] {processor.py:829} INFO - Processing file /home/airflow/.local/lib/python3.8/site-packages/airflow/example_dags/example_branch_python_dop_operator_3.py for tasks to queue
[2023-08-24T04:08:00.418+0000] {logging_mixin.py:151} INFO - [2023-08-24T04:08:00.418+0000] {dagbag.py:539} INFO - Filling up the DagBag from /home/airflow/.local/lib/python3.8/site-packages/airflow/example_dags/example_branch_python_dop_operator_3.py
[2023-08-24T04:08:00.425+0000] {processor.py:839} INFO - DAG(s) dict_keys(['example_branch_dop_operator_v3']) retrieved from /home/airflow/.local/lib/python3.8/site-packages/airflow/example_dags/example_branch_python_dop_operator_3.py
[2023-08-24T04:08:00.442+0000] {logging_mixin.py:151} INFO - [2023-08-24T04:08:00.442+0000] {dag.py:2907} INFO - Sync 1 DAGs
[2023-08-24T04:08:00.457+0000] {logging_mixin.py:151} INFO - [2023-08-24T04:08:00.457+0000] {dag.py:3677} INFO - Setting next_dagrun for example_branch_dop_operator_v3 to 2023-08-24T04:07:00+00:00, run_after=2023-08-24T04:08:00+00:00
[2023-08-24T04:08:00.467+0000] {processor.py:179} INFO - Processing /home/airflow/.local/lib/python3.8/site-packages/airflow/example_dags/example_branch_python_dop_operator_3.py took 0.054 seconds
[2023-08-24T04:08:31.126+0000] {processor.py:157} INFO - Started process (PID=1129) to work on /home/airflow/.local/lib/python3.8/site-packages/airflow/example_dags/example_branch_python_dop_operator_3.py
[2023-08-24T04:08:31.127+0000] {processor.py:829} INFO - Processing file /home/airflow/.local/lib/python3.8/site-packages/airflow/example_dags/example_branch_python_dop_operator_3.py for tasks to queue
[2023-08-24T04:08:31.129+0000] {logging_mixin.py:151} INFO - [2023-08-24T04:08:31.129+0000] {dagbag.py:539} INFO - Filling up the DagBag from /home/airflow/.local/lib/python3.8/site-packages/airflow/example_dags/example_branch_python_dop_operator_3.py
[2023-08-24T04:08:31.135+0000] {processor.py:839} INFO - DAG(s) dict_keys(['example_branch_dop_operator_v3']) retrieved from /home/airflow/.local/lib/python3.8/site-packages/airflow/example_dags/example_branch_python_dop_operator_3.py
[2023-08-24T04:08:31.153+0000] {logging_mixin.py:151} INFO - [2023-08-24T04:08:31.153+0000] {dag.py:2907} INFO - Sync 1 DAGs
[2023-08-24T04:08:31.166+0000] {logging_mixin.py:151} INFO - [2023-08-24T04:08:31.166+0000] {dag.py:3677} INFO - Setting next_dagrun for example_branch_dop_operator_v3 to 2023-08-24T04:07:00+00:00, run_after=2023-08-24T04:08:00+00:00
[2023-08-24T04:08:31.177+0000] {processor.py:179} INFO - Processing /home/airflow/.local/lib/python3.8/site-packages/airflow/example_dags/example_branch_python_dop_operator_3.py took 0.054 seconds
[2023-08-24T04:09:01.915+0000] {processor.py:157} INFO - Started process (PID=1192) to work on /home/airflow/.local/lib/python3.8/site-packages/airflow/example_dags/example_branch_python_dop_operator_3.py
[2023-08-24T04:09:01.916+0000] {processor.py:829} INFO - Processing file /home/airflow/.local/lib/python3.8/site-packages/airflow/example_dags/example_branch_python_dop_operator_3.py for tasks to queue
[2023-08-24T04:09:01.918+0000] {logging_mixin.py:151} INFO - [2023-08-24T04:09:01.918+0000] {dagbag.py:539} INFO - Filling up the DagBag from /home/airflow/.local/lib/python3.8/site-packages/airflow/example_dags/example_branch_python_dop_operator_3.py
[2023-08-24T04:09:01.925+0000] {processor.py:839} INFO - DAG(s) dict_keys(['example_branch_dop_operator_v3']) retrieved from /home/airflow/.local/lib/python3.8/site-packages/airflow/example_dags/example_branch_python_dop_operator_3.py
[2023-08-24T04:09:01.942+0000] {logging_mixin.py:151} INFO - [2023-08-24T04:09:01.941+0000] {dag.py:2907} INFO - Sync 1 DAGs
[2023-08-24T04:09:01.955+0000] {logging_mixin.py:151} INFO - [2023-08-24T04:09:01.955+0000] {dag.py:3677} INFO - Setting next_dagrun for example_branch_dop_operator_v3 to 2023-08-24T04:08:00+00:00, run_after=2023-08-24T04:09:00+00:00
[2023-08-24T04:09:01.966+0000] {processor.py:179} INFO - Processing /home/airflow/.local/lib/python3.8/site-packages/airflow/example_dags/example_branch_python_dop_operator_3.py took 0.055 seconds
[2023-08-24T04:09:32.576+0000] {processor.py:157} INFO - Started process (PID=1255) to work on /home/airflow/.local/lib/python3.8/site-packages/airflow/example_dags/example_branch_python_dop_operator_3.py
[2023-08-24T04:09:32.577+0000] {processor.py:829} INFO - Processing file /home/airflow/.local/lib/python3.8/site-packages/airflow/example_dags/example_branch_python_dop_operator_3.py for tasks to queue
[2023-08-24T04:09:32.579+0000] {logging_mixin.py:151} INFO - [2023-08-24T04:09:32.579+0000] {dagbag.py:539} INFO - Filling up the DagBag from /home/airflow/.local/lib/python3.8/site-packages/airflow/example_dags/example_branch_python_dop_operator_3.py
[2023-08-24T04:09:32.586+0000] {processor.py:839} INFO - DAG(s) dict_keys(['example_branch_dop_operator_v3']) retrieved from /home/airflow/.local/lib/python3.8/site-packages/airflow/example_dags/example_branch_python_dop_operator_3.py
[2023-08-24T04:09:32.602+0000] {logging_mixin.py:151} INFO - [2023-08-24T04:09:32.602+0000] {dag.py:2907} INFO - Sync 1 DAGs
[2023-08-24T04:09:32.618+0000] {logging_mixin.py:151} INFO - [2023-08-24T04:09:32.618+0000] {dag.py:3677} INFO - Setting next_dagrun for example_branch_dop_operator_v3 to 2023-08-24T04:08:00+00:00, run_after=2023-08-24T04:09:00+00:00
[2023-08-24T04:09:32.627+0000] {processor.py:179} INFO - Processing /home/airflow/.local/lib/python3.8/site-packages/airflow/example_dags/example_branch_python_dop_operator_3.py took 0.054 seconds
[2023-08-24T04:10:03.287+0000] {processor.py:157} INFO - Started process (PID=1318) to work on /home/airflow/.local/lib/python3.8/site-packages/airflow/example_dags/example_branch_python_dop_operator_3.py
[2023-08-24T04:10:03.288+0000] {processor.py:829} INFO - Processing file /home/airflow/.local/lib/python3.8/site-packages/airflow/example_dags/example_branch_python_dop_operator_3.py for tasks to queue
[2023-08-24T04:10:03.290+0000] {logging_mixin.py:151} INFO - [2023-08-24T04:10:03.290+0000] {dagbag.py:539} INFO - Filling up the DagBag from /home/airflow/.local/lib/python3.8/site-packages/airflow/example_dags/example_branch_python_dop_operator_3.py
[2023-08-24T04:10:03.296+0000] {processor.py:839} INFO - DAG(s) dict_keys(['example_branch_dop_operator_v3']) retrieved from /home/airflow/.local/lib/python3.8/site-packages/airflow/example_dags/example_branch_python_dop_operator_3.py
[2023-08-24T04:10:03.312+0000] {logging_mixin.py:151} INFO - [2023-08-24T04:10:03.312+0000] {dag.py:2907} INFO - Sync 1 DAGs
[2023-08-24T04:10:03.327+0000] {logging_mixin.py:151} INFO - [2023-08-24T04:10:03.327+0000] {dag.py:3677} INFO - Setting next_dagrun for example_branch_dop_operator_v3 to 2023-08-24T04:09:00+00:00, run_after=2023-08-24T04:10:00+00:00
[2023-08-24T04:10:03.339+0000] {processor.py:179} INFO - Processing /home/airflow/.local/lib/python3.8/site-packages/airflow/example_dags/example_branch_python_dop_operator_3.py took 0.055 seconds
[2023-08-24T04:10:34.031+0000] {processor.py:157} INFO - Started process (PID=1381) to work on /home/airflow/.local/lib/python3.8/site-packages/airflow/example_dags/example_branch_python_dop_operator_3.py
[2023-08-24T04:10:34.032+0000] {processor.py:829} INFO - Processing file /home/airflow/.local/lib/python3.8/site-packages/airflow/example_dags/example_branch_python_dop_operator_3.py for tasks to queue
[2023-08-24T04:10:34.034+0000] {logging_mixin.py:151} INFO - [2023-08-24T04:10:34.034+0000] {dagbag.py:539} INFO - Filling up the DagBag from /home/airflow/.local/lib/python3.8/site-packages/airflow/example_dags/example_branch_python_dop_operator_3.py
[2023-08-24T04:10:34.042+0000] {processor.py:839} INFO - DAG(s) dict_keys(['example_branch_dop_operator_v3']) retrieved from /home/airflow/.local/lib/python3.8/site-packages/airflow/example_dags/example_branch_python_dop_operator_3.py
[2023-08-24T04:10:34.063+0000] {logging_mixin.py:151} INFO - [2023-08-24T04:10:34.063+0000] {dag.py:2907} INFO - Sync 1 DAGs
[2023-08-24T04:10:34.080+0000] {logging_mixin.py:151} INFO - [2023-08-24T04:10:34.080+0000] {dag.py:3677} INFO - Setting next_dagrun for example_branch_dop_operator_v3 to 2023-08-24T04:09:00+00:00, run_after=2023-08-24T04:10:00+00:00
[2023-08-24T04:10:34.091+0000] {processor.py:179} INFO - Processing /home/airflow/.local/lib/python3.8/site-packages/airflow/example_dags/example_branch_python_dop_operator_3.py took 0.064 seconds
[2023-08-24T04:11:04.759+0000] {processor.py:157} INFO - Started process (PID=1444) to work on /home/airflow/.local/lib/python3.8/site-packages/airflow/example_dags/example_branch_python_dop_operator_3.py
[2023-08-24T04:11:04.760+0000] {processor.py:829} INFO - Processing file /home/airflow/.local/lib/python3.8/site-packages/airflow/example_dags/example_branch_python_dop_operator_3.py for tasks to queue
[2023-08-24T04:11:04.762+0000] {logging_mixin.py:151} INFO - [2023-08-24T04:11:04.762+0000] {dagbag.py:539} INFO - Filling up the DagBag from /home/airflow/.local/lib/python3.8/site-packages/airflow/example_dags/example_branch_python_dop_operator_3.py
[2023-08-24T04:11:04.768+0000] {processor.py:839} INFO - DAG(s) dict_keys(['example_branch_dop_operator_v3']) retrieved from /home/airflow/.local/lib/python3.8/site-packages/airflow/example_dags/example_branch_python_dop_operator_3.py
[2023-08-24T04:11:04.784+0000] {logging_mixin.py:151} INFO - [2023-08-24T04:11:04.784+0000] {dag.py:2907} INFO - Sync 1 DAGs
[2023-08-24T04:11:04.799+0000] {logging_mixin.py:151} INFO - [2023-08-24T04:11:04.799+0000] {dag.py:3677} INFO - Setting next_dagrun for example_branch_dop_operator_v3 to 2023-08-24T04:10:00+00:00, run_after=2023-08-24T04:11:00+00:00
[2023-08-24T04:11:04.809+0000] {processor.py:179} INFO - Processing /home/airflow/.local/lib/python3.8/site-packages/airflow/example_dags/example_branch_python_dop_operator_3.py took 0.053 seconds
[2023-08-24T04:11:35.578+0000] {processor.py:157} INFO - Started process (PID=1507) to work on /home/airflow/.local/lib/python3.8/site-packages/airflow/example_dags/example_branch_python_dop_operator_3.py
[2023-08-24T04:11:35.579+0000] {processor.py:829} INFO - Processing file /home/airflow/.local/lib/python3.8/site-packages/airflow/example_dags/example_branch_python_dop_operator_3.py for tasks to queue
[2023-08-24T04:11:35.581+0000] {logging_mixin.py:151} INFO - [2023-08-24T04:11:35.581+0000] {dagbag.py:539} INFO - Filling up the DagBag from /home/airflow/.local/lib/python3.8/site-packages/airflow/example_dags/example_branch_python_dop_operator_3.py
[2023-08-24T04:11:35.587+0000] {processor.py:839} INFO - DAG(s) dict_keys(['example_branch_dop_operator_v3']) retrieved from /home/airflow/.local/lib/python3.8/site-packages/airflow/example_dags/example_branch_python_dop_operator_3.py
[2023-08-24T04:11:35.606+0000] {logging_mixin.py:151} INFO - [2023-08-24T04:11:35.605+0000] {dag.py:2907} INFO - Sync 1 DAGs
[2023-08-24T04:11:35.621+0000] {logging_mixin.py:151} INFO - [2023-08-24T04:11:35.620+0000] {dag.py:3677} INFO - Setting next_dagrun for example_branch_dop_operator_v3 to 2023-08-24T04:10:00+00:00, run_after=2023-08-24T04:11:00+00:00
[2023-08-24T04:11:35.632+0000] {processor.py:179} INFO - Processing /home/airflow/.local/lib/python3.8/site-packages/airflow/example_dags/example_branch_python_dop_operator_3.py took 0.057 seconds
[2023-08-24T04:12:06.313+0000] {processor.py:157} INFO - Started process (PID=1570) to work on /home/airflow/.local/lib/python3.8/site-packages/airflow/example_dags/example_branch_python_dop_operator_3.py
[2023-08-24T04:12:06.315+0000] {processor.py:829} INFO - Processing file /home/airflow/.local/lib/python3.8/site-packages/airflow/example_dags/example_branch_python_dop_operator_3.py for tasks to queue
[2023-08-24T04:12:06.317+0000] {logging_mixin.py:151} INFO - [2023-08-24T04:12:06.316+0000] {dagbag.py:539} INFO - Filling up the DagBag from /home/airflow/.local/lib/python3.8/site-packages/airflow/example_dags/example_branch_python_dop_operator_3.py
[2023-08-24T04:12:06.324+0000] {processor.py:839} INFO - DAG(s) dict_keys(['example_branch_dop_operator_v3']) retrieved from /home/airflow/.local/lib/python3.8/site-packages/airflow/example_dags/example_branch_python_dop_operator_3.py
[2023-08-24T04:12:06.341+0000] {logging_mixin.py:151} INFO - [2023-08-24T04:12:06.341+0000] {dag.py:2907} INFO - Sync 1 DAGs
[2023-08-24T04:12:06.357+0000] {logging_mixin.py:151} INFO - [2023-08-24T04:12:06.357+0000] {dag.py:3677} INFO - Setting next_dagrun for example_branch_dop_operator_v3 to 2023-08-24T04:11:00+00:00, run_after=2023-08-24T04:12:00+00:00
[2023-08-24T04:12:06.370+0000] {processor.py:179} INFO - Processing /home/airflow/.local/lib/python3.8/site-packages/airflow/example_dags/example_branch_python_dop_operator_3.py took 0.059 seconds
[2023-08-24T04:12:36.942+0000] {processor.py:157} INFO - Started process (PID=1633) to work on /home/airflow/.local/lib/python3.8/site-packages/airflow/example_dags/example_branch_python_dop_operator_3.py
[2023-08-24T04:12:36.943+0000] {processor.py:829} INFO - Processing file /home/airflow/.local/lib/python3.8/site-packages/airflow/example_dags/example_branch_python_dop_operator_3.py for tasks to queue
[2023-08-24T04:12:36.945+0000] {logging_mixin.py:151} INFO - [2023-08-24T04:12:36.945+0000] {dagbag.py:539} INFO - Filling up the DagBag from /home/airflow/.local/lib/python3.8/site-packages/airflow/example_dags/example_branch_python_dop_operator_3.py
[2023-08-24T04:12:36.951+0000] {processor.py:839} INFO - DAG(s) dict_keys(['example_branch_dop_operator_v3']) retrieved from /home/airflow/.local/lib/python3.8/site-packages/airflow/example_dags/example_branch_python_dop_operator_3.py
[2023-08-24T04:12:36.968+0000] {logging_mixin.py:151} INFO - [2023-08-24T04:12:36.968+0000] {dag.py:2907} INFO - Sync 1 DAGs
[2023-08-24T04:12:36.983+0000] {logging_mixin.py:151} INFO - [2023-08-24T04:12:36.983+0000] {dag.py:3677} INFO - Setting next_dagrun for example_branch_dop_operator_v3 to 2023-08-24T04:11:00+00:00, run_after=2023-08-24T04:12:00+00:00
[2023-08-24T04:12:36.993+0000] {processor.py:179} INFO - Processing /home/airflow/.local/lib/python3.8/site-packages/airflow/example_dags/example_branch_python_dop_operator_3.py took 0.053 seconds
[2023-08-24T04:13:07.769+0000] {processor.py:157} INFO - Started process (PID=1696) to work on /home/airflow/.local/lib/python3.8/site-packages/airflow/example_dags/example_branch_python_dop_operator_3.py
[2023-08-24T04:13:07.770+0000] {processor.py:829} INFO - Processing file /home/airflow/.local/lib/python3.8/site-packages/airflow/example_dags/example_branch_python_dop_operator_3.py for tasks to queue
[2023-08-24T04:13:07.772+0000] {logging_mixin.py:151} INFO - [2023-08-24T04:13:07.772+0000] {dagbag.py:539} INFO - Filling up the DagBag from /home/airflow/.local/lib/python3.8/site-packages/airflow/example_dags/example_branch_python_dop_operator_3.py
[2023-08-24T04:13:07.778+0000] {processor.py:839} INFO - DAG(s) dict_keys(['example_branch_dop_operator_v3']) retrieved from /home/airflow/.local/lib/python3.8/site-packages/airflow/example_dags/example_branch_python_dop_operator_3.py
[2023-08-24T04:13:07.797+0000] {logging_mixin.py:151} INFO - [2023-08-24T04:13:07.797+0000] {dag.py:2907} INFO - Sync 1 DAGs
[2023-08-24T04:13:07.815+0000] {logging_mixin.py:151} INFO - [2023-08-24T04:13:07.815+0000] {dag.py:3677} INFO - Setting next_dagrun for example_branch_dop_operator_v3 to 2023-08-24T04:12:00+00:00, run_after=2023-08-24T04:13:00+00:00
[2023-08-24T04:13:07.829+0000] {processor.py:179} INFO - Processing /home/airflow/.local/lib/python3.8/site-packages/airflow/example_dags/example_branch_python_dop_operator_3.py took 0.063 seconds
[2023-08-24T04:13:38.400+0000] {processor.py:157} INFO - Started process (PID=1759) to work on /home/airflow/.local/lib/python3.8/site-packages/airflow/example_dags/example_branch_python_dop_operator_3.py
[2023-08-24T04:13:38.401+0000] {processor.py:829} INFO - Processing file /home/airflow/.local/lib/python3.8/site-packages/airflow/example_dags/example_branch_python_dop_operator_3.py for tasks to queue
[2023-08-24T04:13:38.403+0000] {logging_mixin.py:151} INFO - [2023-08-24T04:13:38.403+0000] {dagbag.py:539} INFO - Filling up the DagBag from /home/airflow/.local/lib/python3.8/site-packages/airflow/example_dags/example_branch_python_dop_operator_3.py
[2023-08-24T04:13:38.410+0000] {processor.py:839} INFO - DAG(s) dict_keys(['example_branch_dop_operator_v3']) retrieved from /home/airflow/.local/lib/python3.8/site-packages/airflow/example_dags/example_branch_python_dop_operator_3.py
[2023-08-24T04:13:38.428+0000] {logging_mixin.py:151} INFO - [2023-08-24T04:13:38.428+0000] {dag.py:2907} INFO - Sync 1 DAGs
[2023-08-24T04:13:38.445+0000] {logging_mixin.py:151} INFO - [2023-08-24T04:13:38.445+0000] {dag.py:3677} INFO - Setting next_dagrun for example_branch_dop_operator_v3 to 2023-08-24T04:12:00+00:00, run_after=2023-08-24T04:13:00+00:00
[2023-08-24T04:13:38.457+0000] {processor.py:179} INFO - Processing /home/airflow/.local/lib/python3.8/site-packages/airflow/example_dags/example_branch_python_dop_operator_3.py took 0.060 seconds
[2023-08-24T04:14:09.338+0000] {processor.py:157} INFO - Started process (PID=1822) to work on /home/airflow/.local/lib/python3.8/site-packages/airflow/example_dags/example_branch_python_dop_operator_3.py
[2023-08-24T04:14:09.339+0000] {processor.py:829} INFO - Processing file /home/airflow/.local/lib/python3.8/site-packages/airflow/example_dags/example_branch_python_dop_operator_3.py for tasks to queue
[2023-08-24T04:14:09.341+0000] {logging_mixin.py:151} INFO - [2023-08-24T04:14:09.341+0000] {dagbag.py:539} INFO - Filling up the DagBag from /home/airflow/.local/lib/python3.8/site-packages/airflow/example_dags/example_branch_python_dop_operator_3.py
[2023-08-24T04:14:09.348+0000] {processor.py:839} INFO - DAG(s) dict_keys(['example_branch_dop_operator_v3']) retrieved from /home/airflow/.local/lib/python3.8/site-packages/airflow/example_dags/example_branch_python_dop_operator_3.py
[2023-08-24T04:14:09.367+0000] {logging_mixin.py:151} INFO - [2023-08-24T04:14:09.366+0000] {dag.py:2907} INFO - Sync 1 DAGs
[2023-08-24T04:14:09.383+0000] {logging_mixin.py:151} INFO - [2023-08-24T04:14:09.383+0000] {dag.py:3677} INFO - Setting next_dagrun for example_branch_dop_operator_v3 to 2023-08-24T04:13:00+00:00, run_after=2023-08-24T04:14:00+00:00
[2023-08-24T04:14:09.395+0000] {processor.py:179} INFO - Processing /home/airflow/.local/lib/python3.8/site-packages/airflow/example_dags/example_branch_python_dop_operator_3.py took 0.060 seconds
[2023-08-24T04:14:40.388+0000] {processor.py:157} INFO - Started process (PID=1885) to work on /home/airflow/.local/lib/python3.8/site-packages/airflow/example_dags/example_branch_python_dop_operator_3.py
[2023-08-24T04:14:40.389+0000] {processor.py:829} INFO - Processing file /home/airflow/.local/lib/python3.8/site-packages/airflow/example_dags/example_branch_python_dop_operator_3.py for tasks to queue
[2023-08-24T04:14:40.391+0000] {logging_mixin.py:151} INFO - [2023-08-24T04:14:40.391+0000] {dagbag.py:539} INFO - Filling up the DagBag from /home/airflow/.local/lib/python3.8/site-packages/airflow/example_dags/example_branch_python_dop_operator_3.py
[2023-08-24T04:14:40.397+0000] {processor.py:839} INFO - DAG(s) dict_keys(['example_branch_dop_operator_v3']) retrieved from /home/airflow/.local/lib/python3.8/site-packages/airflow/example_dags/example_branch_python_dop_operator_3.py
[2023-08-24T04:14:40.415+0000] {logging_mixin.py:151} INFO - [2023-08-24T04:14:40.415+0000] {dag.py:2907} INFO - Sync 1 DAGs
[2023-08-24T04:14:40.430+0000] {logging_mixin.py:151} INFO - [2023-08-24T04:14:40.430+0000] {dag.py:3677} INFO - Setting next_dagrun for example_branch_dop_operator_v3 to 2023-08-24T04:13:00+00:00, run_after=2023-08-24T04:14:00+00:00
[2023-08-24T04:14:40.442+0000] {processor.py:179} INFO - Processing /home/airflow/.local/lib/python3.8/site-packages/airflow/example_dags/example_branch_python_dop_operator_3.py took 0.057 seconds
[2023-08-24T04:15:11.234+0000] {processor.py:157} INFO - Started process (PID=1948) to work on /home/airflow/.local/lib/python3.8/site-packages/airflow/example_dags/example_branch_python_dop_operator_3.py
[2023-08-24T04:15:11.235+0000] {processor.py:829} INFO - Processing file /home/airflow/.local/lib/python3.8/site-packages/airflow/example_dags/example_branch_python_dop_operator_3.py for tasks to queue
[2023-08-24T04:15:11.237+0000] {logging_mixin.py:151} INFO - [2023-08-24T04:15:11.236+0000] {dagbag.py:539} INFO - Filling up the DagBag from /home/airflow/.local/lib/python3.8/site-packages/airflow/example_dags/example_branch_python_dop_operator_3.py
[2023-08-24T04:15:11.243+0000] {processor.py:839} INFO - DAG(s) dict_keys(['example_branch_dop_operator_v3']) retrieved from /home/airflow/.local/lib/python3.8/site-packages/airflow/example_dags/example_branch_python_dop_operator_3.py
[2023-08-24T04:15:11.259+0000] {logging_mixin.py:151} INFO - [2023-08-24T04:15:11.259+0000] {dag.py:2907} INFO - Sync 1 DAGs
[2023-08-24T04:15:11.275+0000] {logging_mixin.py:151} INFO - [2023-08-24T04:15:11.275+0000] {dag.py:3677} INFO - Setting next_dagrun for example_branch_dop_operator_v3 to 2023-08-24T04:14:00+00:00, run_after=2023-08-24T04:15:00+00:00
[2023-08-24T04:15:11.285+0000] {processor.py:179} INFO - Processing /home/airflow/.local/lib/python3.8/site-packages/airflow/example_dags/example_branch_python_dop_operator_3.py took 0.054 seconds
[2023-08-24T04:15:42.103+0000] {processor.py:157} INFO - Started process (PID=2010) to work on /home/airflow/.local/lib/python3.8/site-packages/airflow/example_dags/example_branch_python_dop_operator_3.py
[2023-08-24T04:15:42.104+0000] {processor.py:829} INFO - Processing file /home/airflow/.local/lib/python3.8/site-packages/airflow/example_dags/example_branch_python_dop_operator_3.py for tasks to queue
[2023-08-24T04:15:42.106+0000] {logging_mixin.py:151} INFO - [2023-08-24T04:15:42.105+0000] {dagbag.py:539} INFO - Filling up the DagBag from /home/airflow/.local/lib/python3.8/site-packages/airflow/example_dags/example_branch_python_dop_operator_3.py
[2023-08-24T04:15:42.112+0000] {processor.py:839} INFO - DAG(s) dict_keys(['example_branch_dop_operator_v3']) retrieved from /home/airflow/.local/lib/python3.8/site-packages/airflow/example_dags/example_branch_python_dop_operator_3.py
[2023-08-24T04:15:42.129+0000] {logging_mixin.py:151} INFO - [2023-08-24T04:15:42.129+0000] {dag.py:2907} INFO - Sync 1 DAGs
[2023-08-24T04:15:42.145+0000] {logging_mixin.py:151} INFO - [2023-08-24T04:15:42.144+0000] {dag.py:3677} INFO - Setting next_dagrun for example_branch_dop_operator_v3 to 2023-08-24T04:14:00+00:00, run_after=2023-08-24T04:15:00+00:00
[2023-08-24T04:15:42.157+0000] {processor.py:179} INFO - Processing /home/airflow/.local/lib/python3.8/site-packages/airflow/example_dags/example_branch_python_dop_operator_3.py took 0.058 seconds
[2023-08-24T04:16:12.861+0000] {processor.py:157} INFO - Started process (PID=2080) to work on /home/airflow/.local/lib/python3.8/site-packages/airflow/example_dags/example_branch_python_dop_operator_3.py
[2023-08-24T04:16:12.862+0000] {processor.py:829} INFO - Processing file /home/airflow/.local/lib/python3.8/site-packages/airflow/example_dags/example_branch_python_dop_operator_3.py for tasks to queue
[2023-08-24T04:16:12.865+0000] {logging_mixin.py:151} INFO - [2023-08-24T04:16:12.864+0000] {dagbag.py:539} INFO - Filling up the DagBag from /home/airflow/.local/lib/python3.8/site-packages/airflow/example_dags/example_branch_python_dop_operator_3.py
[2023-08-24T04:16:12.871+0000] {processor.py:839} INFO - DAG(s) dict_keys(['example_branch_dop_operator_v3']) retrieved from /home/airflow/.local/lib/python3.8/site-packages/airflow/example_dags/example_branch_python_dop_operator_3.py
[2023-08-24T04:16:12.889+0000] {logging_mixin.py:151} INFO - [2023-08-24T04:16:12.889+0000] {dag.py:2907} INFO - Sync 1 DAGs
[2023-08-24T04:16:12.906+0000] {logging_mixin.py:151} INFO - [2023-08-24T04:16:12.906+0000] {dag.py:3677} INFO - Setting next_dagrun for example_branch_dop_operator_v3 to 2023-08-24T04:15:00+00:00, run_after=2023-08-24T04:16:00+00:00
[2023-08-24T04:16:12.919+0000] {processor.py:179} INFO - Processing /home/airflow/.local/lib/python3.8/site-packages/airflow/example_dags/example_branch_python_dop_operator_3.py took 0.061 seconds
[2023-08-24T04:16:43.644+0000] {processor.py:157} INFO - Started process (PID=2143) to work on /home/airflow/.local/lib/python3.8/site-packages/airflow/example_dags/example_branch_python_dop_operator_3.py
[2023-08-24T04:16:43.645+0000] {processor.py:829} INFO - Processing file /home/airflow/.local/lib/python3.8/site-packages/airflow/example_dags/example_branch_python_dop_operator_3.py for tasks to queue
[2023-08-24T04:16:43.647+0000] {logging_mixin.py:151} INFO - [2023-08-24T04:16:43.647+0000] {dagbag.py:539} INFO - Filling up the DagBag from /home/airflow/.local/lib/python3.8/site-packages/airflow/example_dags/example_branch_python_dop_operator_3.py
[2023-08-24T04:16:43.654+0000] {processor.py:839} INFO - DAG(s) dict_keys(['example_branch_dop_operator_v3']) retrieved from /home/airflow/.local/lib/python3.8/site-packages/airflow/example_dags/example_branch_python_dop_operator_3.py
[2023-08-24T04:16:43.671+0000] {logging_mixin.py:151} INFO - [2023-08-24T04:16:43.671+0000] {dag.py:2907} INFO - Sync 1 DAGs
[2023-08-24T04:16:43.687+0000] {logging_mixin.py:151} INFO - [2023-08-24T04:16:43.687+0000] {dag.py:3677} INFO - Setting next_dagrun for example_branch_dop_operator_v3 to 2023-08-24T04:15:00+00:00, run_after=2023-08-24T04:16:00+00:00
[2023-08-24T04:16:43.698+0000] {processor.py:179} INFO - Processing /home/airflow/.local/lib/python3.8/site-packages/airflow/example_dags/example_branch_python_dop_operator_3.py took 0.057 seconds
[2023-08-24T04:17:14.558+0000] {processor.py:157} INFO - Started process (PID=2206) to work on /home/airflow/.local/lib/python3.8/site-packages/airflow/example_dags/example_branch_python_dop_operator_3.py
[2023-08-24T04:17:14.560+0000] {processor.py:829} INFO - Processing file /home/airflow/.local/lib/python3.8/site-packages/airflow/example_dags/example_branch_python_dop_operator_3.py for tasks to queue
[2023-08-24T04:17:14.562+0000] {logging_mixin.py:151} INFO - [2023-08-24T04:17:14.561+0000] {dagbag.py:539} INFO - Filling up the DagBag from /home/airflow/.local/lib/python3.8/site-packages/airflow/example_dags/example_branch_python_dop_operator_3.py
[2023-08-24T04:17:14.568+0000] {processor.py:839} INFO - DAG(s) dict_keys(['example_branch_dop_operator_v3']) retrieved from /home/airflow/.local/lib/python3.8/site-packages/airflow/example_dags/example_branch_python_dop_operator_3.py
[2023-08-24T04:17:14.586+0000] {logging_mixin.py:151} INFO - [2023-08-24T04:17:14.586+0000] {dag.py:2907} INFO - Sync 1 DAGs
[2023-08-24T04:17:14.601+0000] {logging_mixin.py:151} INFO - [2023-08-24T04:17:14.601+0000] {dag.py:3677} INFO - Setting next_dagrun for example_branch_dop_operator_v3 to 2023-08-24T04:16:00+00:00, run_after=2023-08-24T04:17:00+00:00
[2023-08-24T04:17:14.613+0000] {processor.py:179} INFO - Processing /home/airflow/.local/lib/python3.8/site-packages/airflow/example_dags/example_branch_python_dop_operator_3.py took 0.058 seconds
[2023-08-24T04:17:44.781+0000] {processor.py:157} INFO - Started process (PID=2273) to work on /home/airflow/.local/lib/python3.8/site-packages/airflow/example_dags/example_branch_python_dop_operator_3.py
[2023-08-24T04:17:44.782+0000] {processor.py:829} INFO - Processing file /home/airflow/.local/lib/python3.8/site-packages/airflow/example_dags/example_branch_python_dop_operator_3.py for tasks to queue
[2023-08-24T04:17:44.784+0000] {logging_mixin.py:151} INFO - [2023-08-24T04:17:44.784+0000] {dagbag.py:539} INFO - Filling up the DagBag from /home/airflow/.local/lib/python3.8/site-packages/airflow/example_dags/example_branch_python_dop_operator_3.py
[2023-08-24T04:17:44.790+0000] {processor.py:839} INFO - DAG(s) dict_keys(['example_branch_dop_operator_v3']) retrieved from /home/airflow/.local/lib/python3.8/site-packages/airflow/example_dags/example_branch_python_dop_operator_3.py
[2023-08-24T04:17:44.807+0000] {logging_mixin.py:151} INFO - [2023-08-24T04:17:44.807+0000] {dag.py:2907} INFO - Sync 1 DAGs
[2023-08-24T04:17:44.822+0000] {logging_mixin.py:151} INFO - [2023-08-24T04:17:44.822+0000] {dag.py:3677} INFO - Setting next_dagrun for example_branch_dop_operator_v3 to 2023-08-24T04:16:00+00:00, run_after=2023-08-24T04:17:00+00:00
[2023-08-24T04:17:44.832+0000] {processor.py:179} INFO - Processing /home/airflow/.local/lib/python3.8/site-packages/airflow/example_dags/example_branch_python_dop_operator_3.py took 0.053 seconds
[2023-08-24T04:18:15.530+0000] {processor.py:157} INFO - Started process (PID=2335) to work on /home/airflow/.local/lib/python3.8/site-packages/airflow/example_dags/example_branch_python_dop_operator_3.py
[2023-08-24T04:18:15.531+0000] {processor.py:829} INFO - Processing file /home/airflow/.local/lib/python3.8/site-packages/airflow/example_dags/example_branch_python_dop_operator_3.py for tasks to queue
[2023-08-24T04:18:15.533+0000] {logging_mixin.py:151} INFO - [2023-08-24T04:18:15.533+0000] {dagbag.py:539} INFO - Filling up the DagBag from /home/airflow/.local/lib/python3.8/site-packages/airflow/example_dags/example_branch_python_dop_operator_3.py
[2023-08-24T04:18:15.539+0000] {processor.py:839} INFO - DAG(s) dict_keys(['example_branch_dop_operator_v3']) retrieved from /home/airflow/.local/lib/python3.8/site-packages/airflow/example_dags/example_branch_python_dop_operator_3.py
[2023-08-24T04:18:15.556+0000] {logging_mixin.py:151} INFO - [2023-08-24T04:18:15.556+0000] {dag.py:2907} INFO - Sync 1 DAGs
[2023-08-24T04:18:15.571+0000] {logging_mixin.py:151} INFO - [2023-08-24T04:18:15.571+0000] {dag.py:3677} INFO - Setting next_dagrun for example_branch_dop_operator_v3 to 2023-08-24T04:17:00+00:00, run_after=2023-08-24T04:18:00+00:00
[2023-08-24T04:18:15.582+0000] {processor.py:179} INFO - Processing /home/airflow/.local/lib/python3.8/site-packages/airflow/example_dags/example_branch_python_dop_operator_3.py took 0.055 seconds
[2023-08-24T04:24:30.017+0000] {processor.py:157} INFO - Started process (PID=59) to work on /home/airflow/.local/lib/python3.8/site-packages/airflow/example_dags/example_branch_python_dop_operator_3.py
[2023-08-24T04:24:30.020+0000] {processor.py:829} INFO - Processing file /home/airflow/.local/lib/python3.8/site-packages/airflow/example_dags/example_branch_python_dop_operator_3.py for tasks to queue
[2023-08-24T04:24:30.024+0000] {logging_mixin.py:151} INFO - [2023-08-24T04:24:30.024+0000] {dagbag.py:539} INFO - Filling up the DagBag from /home/airflow/.local/lib/python3.8/site-packages/airflow/example_dags/example_branch_python_dop_operator_3.py
[2023-08-24T04:24:30.033+0000] {processor.py:839} INFO - DAG(s) dict_keys(['example_branch_dop_operator_v3']) retrieved from /home/airflow/.local/lib/python3.8/site-packages/airflow/example_dags/example_branch_python_dop_operator_3.py
[2023-08-24T04:24:30.049+0000] {logging_mixin.py:151} INFO - [2023-08-24T04:24:30.049+0000] {dag.py:2907} INFO - Sync 1 DAGs
[2023-08-24T04:24:30.071+0000] {logging_mixin.py:151} INFO - [2023-08-24T04:24:30.071+0000] {dag.py:3677} INFO - Setting next_dagrun for example_branch_dop_operator_v3 to 2023-08-24T04:23:00+00:00, run_after=2023-08-24T04:24:00+00:00
[2023-08-24T04:24:30.083+0000] {processor.py:179} INFO - Processing /home/airflow/.local/lib/python3.8/site-packages/airflow/example_dags/example_branch_python_dop_operator_3.py took 0.069 seconds
[2023-08-24T04:25:00.122+0000] {processor.py:157} INFO - Started process (PID=122) to work on /home/airflow/.local/lib/python3.8/site-packages/airflow/example_dags/example_branch_python_dop_operator_3.py
[2023-08-24T04:25:00.123+0000] {processor.py:829} INFO - Processing file /home/airflow/.local/lib/python3.8/site-packages/airflow/example_dags/example_branch_python_dop_operator_3.py for tasks to queue
[2023-08-24T04:25:00.125+0000] {logging_mixin.py:151} INFO - [2023-08-24T04:25:00.125+0000] {dagbag.py:539} INFO - Filling up the DagBag from /home/airflow/.local/lib/python3.8/site-packages/airflow/example_dags/example_branch_python_dop_operator_3.py
[2023-08-24T04:25:00.131+0000] {processor.py:839} INFO - DAG(s) dict_keys(['example_branch_dop_operator_v3']) retrieved from /home/airflow/.local/lib/python3.8/site-packages/airflow/example_dags/example_branch_python_dop_operator_3.py
[2023-08-24T04:25:00.147+0000] {logging_mixin.py:151} INFO - [2023-08-24T04:25:00.147+0000] {dag.py:2907} INFO - Sync 1 DAGs
[2023-08-24T04:25:00.162+0000] {logging_mixin.py:151} INFO - [2023-08-24T04:25:00.162+0000] {dag.py:3677} INFO - Setting next_dagrun for example_branch_dop_operator_v3 to 2023-08-24T04:24:00+00:00, run_after=2023-08-24T04:25:00+00:00
[2023-08-24T04:25:00.173+0000] {processor.py:179} INFO - Processing /home/airflow/.local/lib/python3.8/site-packages/airflow/example_dags/example_branch_python_dop_operator_3.py took 0.053 seconds
[2023-08-24T04:26:40.082+0000] {processor.py:157} INFO - Started process (PID=59) to work on /home/airflow/.local/lib/python3.8/site-packages/airflow/example_dags/example_branch_python_dop_operator_3.py
[2023-08-24T04:26:40.084+0000] {processor.py:829} INFO - Processing file /home/airflow/.local/lib/python3.8/site-packages/airflow/example_dags/example_branch_python_dop_operator_3.py for tasks to queue
[2023-08-24T04:26:40.086+0000] {logging_mixin.py:151} INFO - [2023-08-24T04:26:40.086+0000] {dagbag.py:539} INFO - Filling up the DagBag from /home/airflow/.local/lib/python3.8/site-packages/airflow/example_dags/example_branch_python_dop_operator_3.py
[2023-08-24T04:26:40.093+0000] {processor.py:839} INFO - DAG(s) dict_keys(['example_branch_dop_operator_v3']) retrieved from /home/airflow/.local/lib/python3.8/site-packages/airflow/example_dags/example_branch_python_dop_operator_3.py
[2023-08-24T04:26:40.105+0000] {logging_mixin.py:151} INFO - [2023-08-24T04:26:40.105+0000] {dag.py:2907} INFO - Sync 1 DAGs
[2023-08-24T04:26:40.121+0000] {logging_mixin.py:151} INFO - [2023-08-24T04:26:40.121+0000] {dag.py:3677} INFO - Setting next_dagrun for example_branch_dop_operator_v3 to 2023-08-24T04:25:00+00:00, run_after=2023-08-24T04:26:00+00:00
[2023-08-24T04:26:40.133+0000] {processor.py:179} INFO - Processing /home/airflow/.local/lib/python3.8/site-packages/airflow/example_dags/example_branch_python_dop_operator_3.py took 0.053 seconds
[2023-08-24T04:27:10.284+0000] {processor.py:157} INFO - Started process (PID=121) to work on /home/airflow/.local/lib/python3.8/site-packages/airflow/example_dags/example_branch_python_dop_operator_3.py
[2023-08-24T04:27:10.285+0000] {processor.py:829} INFO - Processing file /home/airflow/.local/lib/python3.8/site-packages/airflow/example_dags/example_branch_python_dop_operator_3.py for tasks to queue
[2023-08-24T04:27:10.287+0000] {logging_mixin.py:151} INFO - [2023-08-24T04:27:10.287+0000] {dagbag.py:539} INFO - Filling up the DagBag from /home/airflow/.local/lib/python3.8/site-packages/airflow/example_dags/example_branch_python_dop_operator_3.py
[2023-08-24T04:27:10.293+0000] {processor.py:839} INFO - DAG(s) dict_keys(['example_branch_dop_operator_v3']) retrieved from /home/airflow/.local/lib/python3.8/site-packages/airflow/example_dags/example_branch_python_dop_operator_3.py
[2023-08-24T04:27:10.310+0000] {logging_mixin.py:151} INFO - [2023-08-24T04:27:10.310+0000] {dag.py:2907} INFO - Sync 1 DAGs
[2023-08-24T04:27:10.325+0000] {logging_mixin.py:151} INFO - [2023-08-24T04:27:10.325+0000] {dag.py:3677} INFO - Setting next_dagrun for example_branch_dop_operator_v3 to 2023-08-24T04:26:00+00:00, run_after=2023-08-24T04:27:00+00:00
[2023-08-24T04:27:10.334+0000] {processor.py:179} INFO - Processing /home/airflow/.local/lib/python3.8/site-packages/airflow/example_dags/example_branch_python_dop_operator_3.py took 0.053 seconds
