[2023-08-24T03:04:52.699+0000] {processor.py:157} INFO - Started process (PID=38) to work on /home/airflow/.local/lib/python3.8/site-packages/airflow/example_dags/example_branch_day_of_week_operator.py
[2023-08-24T03:04:52.700+0000] {processor.py:829} INFO - Processing file /home/airflow/.local/lib/python3.8/site-packages/airflow/example_dags/example_branch_day_of_week_operator.py for tasks to queue
[2023-08-24T03:04:52.702+0000] {logging_mixin.py:151} INFO - [2023-08-24T03:04:52.702+0000] {dagbag.py:539} INFO - Filling up the DagBag from /home/airflow/.local/lib/python3.8/site-packages/airflow/example_dags/example_branch_day_of_week_operator.py
[2023-08-24T03:04:52.714+0000] {processor.py:839} INFO - DAG(s) dict_keys(['example_weekday_branch_operator']) retrieved from /home/airflow/.local/lib/python3.8/site-packages/airflow/example_dags/example_branch_day_of_week_operator.py
[2023-08-24T03:04:52.827+0000] {logging_mixin.py:151} INFO - [2023-08-24T03:04:52.827+0000] {dag.py:2907} INFO - Sync 1 DAGs
[2023-08-24T03:04:52.842+0000] {logging_mixin.py:151} INFO - [2023-08-24T03:04:52.842+0000] {dag.py:3677} INFO - Setting next_dagrun for example_weekday_branch_operator to 2023-08-23T00:00:00+00:00, run_after=2023-08-24T00:00:00+00:00
[2023-08-24T03:04:52.856+0000] {processor.py:179} INFO - Processing /home/airflow/.local/lib/python3.8/site-packages/airflow/example_dags/example_branch_day_of_week_operator.py took 0.160 seconds
[2023-08-24T03:05:23.472+0000] {processor.py:157} INFO - Started process (PID=101) to work on /home/airflow/.local/lib/python3.8/site-packages/airflow/example_dags/example_branch_day_of_week_operator.py
[2023-08-24T03:05:23.473+0000] {processor.py:829} INFO - Processing file /home/airflow/.local/lib/python3.8/site-packages/airflow/example_dags/example_branch_day_of_week_operator.py for tasks to queue
[2023-08-24T03:05:23.475+0000] {logging_mixin.py:151} INFO - [2023-08-24T03:05:23.475+0000] {dagbag.py:539} INFO - Filling up the DagBag from /home/airflow/.local/lib/python3.8/site-packages/airflow/example_dags/example_branch_day_of_week_operator.py
[2023-08-24T03:05:23.482+0000] {processor.py:839} INFO - DAG(s) dict_keys(['example_weekday_branch_operator']) retrieved from /home/airflow/.local/lib/python3.8/site-packages/airflow/example_dags/example_branch_day_of_week_operator.py
[2023-08-24T03:05:23.498+0000] {logging_mixin.py:151} INFO - [2023-08-24T03:05:23.497+0000] {dag.py:2907} INFO - Sync 1 DAGs
[2023-08-24T03:05:23.510+0000] {logging_mixin.py:151} INFO - [2023-08-24T03:05:23.510+0000] {dag.py:3677} INFO - Setting next_dagrun for example_weekday_branch_operator to 2023-08-23T00:00:00+00:00, run_after=2023-08-24T00:00:00+00:00
[2023-08-24T03:05:23.521+0000] {processor.py:179} INFO - Processing /home/airflow/.local/lib/python3.8/site-packages/airflow/example_dags/example_branch_day_of_week_operator.py took 0.051 seconds
[2023-08-24T03:05:53.658+0000] {processor.py:157} INFO - Started process (PID=164) to work on /home/airflow/.local/lib/python3.8/site-packages/airflow/example_dags/example_branch_day_of_week_operator.py
[2023-08-24T03:05:53.659+0000] {processor.py:829} INFO - Processing file /home/airflow/.local/lib/python3.8/site-packages/airflow/example_dags/example_branch_day_of_week_operator.py for tasks to queue
[2023-08-24T03:05:53.661+0000] {logging_mixin.py:151} INFO - [2023-08-24T03:05:53.661+0000] {dagbag.py:539} INFO - Filling up the DagBag from /home/airflow/.local/lib/python3.8/site-packages/airflow/example_dags/example_branch_day_of_week_operator.py
[2023-08-24T03:05:53.666+0000] {processor.py:839} INFO - DAG(s) dict_keys(['example_weekday_branch_operator']) retrieved from /home/airflow/.local/lib/python3.8/site-packages/airflow/example_dags/example_branch_day_of_week_operator.py
[2023-08-24T03:05:53.683+0000] {logging_mixin.py:151} INFO - [2023-08-24T03:05:53.683+0000] {dag.py:2907} INFO - Sync 1 DAGs
[2023-08-24T03:05:53.696+0000] {logging_mixin.py:151} INFO - [2023-08-24T03:05:53.696+0000] {dag.py:3677} INFO - Setting next_dagrun for example_weekday_branch_operator to 2023-08-23T00:00:00+00:00, run_after=2023-08-24T00:00:00+00:00
[2023-08-24T03:05:53.706+0000] {processor.py:179} INFO - Processing /home/airflow/.local/lib/python3.8/site-packages/airflow/example_dags/example_branch_day_of_week_operator.py took 0.051 seconds
[2023-08-24T03:06:24.588+0000] {processor.py:157} INFO - Started process (PID=227) to work on /home/airflow/.local/lib/python3.8/site-packages/airflow/example_dags/example_branch_day_of_week_operator.py
[2023-08-24T03:06:24.589+0000] {processor.py:829} INFO - Processing file /home/airflow/.local/lib/python3.8/site-packages/airflow/example_dags/example_branch_day_of_week_operator.py for tasks to queue
[2023-08-24T03:06:24.591+0000] {logging_mixin.py:151} INFO - [2023-08-24T03:06:24.591+0000] {dagbag.py:539} INFO - Filling up the DagBag from /home/airflow/.local/lib/python3.8/site-packages/airflow/example_dags/example_branch_day_of_week_operator.py
[2023-08-24T03:06:24.598+0000] {processor.py:839} INFO - DAG(s) dict_keys(['example_weekday_branch_operator']) retrieved from /home/airflow/.local/lib/python3.8/site-packages/airflow/example_dags/example_branch_day_of_week_operator.py
[2023-08-24T03:06:24.616+0000] {logging_mixin.py:151} INFO - [2023-08-24T03:06:24.616+0000] {dag.py:2907} INFO - Sync 1 DAGs
[2023-08-24T03:06:24.629+0000] {logging_mixin.py:151} INFO - [2023-08-24T03:06:24.629+0000] {dag.py:3677} INFO - Setting next_dagrun for example_weekday_branch_operator to 2023-08-23T00:00:00+00:00, run_after=2023-08-24T00:00:00+00:00
[2023-08-24T03:06:24.640+0000] {processor.py:179} INFO - Processing /home/airflow/.local/lib/python3.8/site-packages/airflow/example_dags/example_branch_day_of_week_operator.py took 0.055 seconds
[2023-08-24T03:06:55.528+0000] {processor.py:157} INFO - Started process (PID=290) to work on /home/airflow/.local/lib/python3.8/site-packages/airflow/example_dags/example_branch_day_of_week_operator.py
[2023-08-24T03:06:55.529+0000] {processor.py:829} INFO - Processing file /home/airflow/.local/lib/python3.8/site-packages/airflow/example_dags/example_branch_day_of_week_operator.py for tasks to queue
[2023-08-24T03:06:55.531+0000] {logging_mixin.py:151} INFO - [2023-08-24T03:06:55.531+0000] {dagbag.py:539} INFO - Filling up the DagBag from /home/airflow/.local/lib/python3.8/site-packages/airflow/example_dags/example_branch_day_of_week_operator.py
[2023-08-24T03:06:55.537+0000] {processor.py:839} INFO - DAG(s) dict_keys(['example_weekday_branch_operator']) retrieved from /home/airflow/.local/lib/python3.8/site-packages/airflow/example_dags/example_branch_day_of_week_operator.py
[2023-08-24T03:06:55.554+0000] {logging_mixin.py:151} INFO - [2023-08-24T03:06:55.554+0000] {dag.py:2907} INFO - Sync 1 DAGs
[2023-08-24T03:06:55.568+0000] {logging_mixin.py:151} INFO - [2023-08-24T03:06:55.567+0000] {dag.py:3677} INFO - Setting next_dagrun for example_weekday_branch_operator to 2023-08-23T00:00:00+00:00, run_after=2023-08-24T00:00:00+00:00
[2023-08-24T03:06:55.578+0000] {processor.py:179} INFO - Processing /home/airflow/.local/lib/python3.8/site-packages/airflow/example_dags/example_branch_day_of_week_operator.py took 0.053 seconds
[2023-08-24T03:07:26.353+0000] {processor.py:157} INFO - Started process (PID=357) to work on /home/airflow/.local/lib/python3.8/site-packages/airflow/example_dags/example_branch_day_of_week_operator.py
[2023-08-24T03:07:26.354+0000] {processor.py:829} INFO - Processing file /home/airflow/.local/lib/python3.8/site-packages/airflow/example_dags/example_branch_day_of_week_operator.py for tasks to queue
[2023-08-24T03:07:26.356+0000] {logging_mixin.py:151} INFO - [2023-08-24T03:07:26.356+0000] {dagbag.py:539} INFO - Filling up the DagBag from /home/airflow/.local/lib/python3.8/site-packages/airflow/example_dags/example_branch_day_of_week_operator.py
[2023-08-24T03:07:26.362+0000] {processor.py:839} INFO - DAG(s) dict_keys(['example_weekday_branch_operator']) retrieved from /home/airflow/.local/lib/python3.8/site-packages/airflow/example_dags/example_branch_day_of_week_operator.py
[2023-08-24T03:07:26.379+0000] {logging_mixin.py:151} INFO - [2023-08-24T03:07:26.378+0000] {dag.py:2907} INFO - Sync 1 DAGs
[2023-08-24T03:07:26.392+0000] {logging_mixin.py:151} INFO - [2023-08-24T03:07:26.392+0000] {dag.py:3677} INFO - Setting next_dagrun for example_weekday_branch_operator to 2023-08-23T00:00:00+00:00, run_after=2023-08-24T00:00:00+00:00
[2023-08-24T03:07:26.402+0000] {processor.py:179} INFO - Processing /home/airflow/.local/lib/python3.8/site-packages/airflow/example_dags/example_branch_day_of_week_operator.py took 0.051 seconds
[2023-08-24T03:07:56.988+0000] {processor.py:157} INFO - Started process (PID=420) to work on /home/airflow/.local/lib/python3.8/site-packages/airflow/example_dags/example_branch_day_of_week_operator.py
[2023-08-24T03:07:56.989+0000] {processor.py:829} INFO - Processing file /home/airflow/.local/lib/python3.8/site-packages/airflow/example_dags/example_branch_day_of_week_operator.py for tasks to queue
[2023-08-24T03:07:56.991+0000] {logging_mixin.py:151} INFO - [2023-08-24T03:07:56.990+0000] {dagbag.py:539} INFO - Filling up the DagBag from /home/airflow/.local/lib/python3.8/site-packages/airflow/example_dags/example_branch_day_of_week_operator.py
[2023-08-24T03:07:56.996+0000] {processor.py:839} INFO - DAG(s) dict_keys(['example_weekday_branch_operator']) retrieved from /home/airflow/.local/lib/python3.8/site-packages/airflow/example_dags/example_branch_day_of_week_operator.py
[2023-08-24T03:07:57.012+0000] {logging_mixin.py:151} INFO - [2023-08-24T03:07:57.012+0000] {dag.py:2907} INFO - Sync 1 DAGs
[2023-08-24T03:07:57.025+0000] {logging_mixin.py:151} INFO - [2023-08-24T03:07:57.025+0000] {dag.py:3677} INFO - Setting next_dagrun for example_weekday_branch_operator to 2023-08-23T00:00:00+00:00, run_after=2023-08-24T00:00:00+00:00
[2023-08-24T03:07:57.034+0000] {processor.py:179} INFO - Processing /home/airflow/.local/lib/python3.8/site-packages/airflow/example_dags/example_branch_day_of_week_operator.py took 0.049 seconds
[2023-08-24T03:08:27.797+0000] {processor.py:157} INFO - Started process (PID=484) to work on /home/airflow/.local/lib/python3.8/site-packages/airflow/example_dags/example_branch_day_of_week_operator.py
[2023-08-24T03:08:27.798+0000] {processor.py:829} INFO - Processing file /home/airflow/.local/lib/python3.8/site-packages/airflow/example_dags/example_branch_day_of_week_operator.py for tasks to queue
[2023-08-24T03:08:27.801+0000] {logging_mixin.py:151} INFO - [2023-08-24T03:08:27.800+0000] {dagbag.py:539} INFO - Filling up the DagBag from /home/airflow/.local/lib/python3.8/site-packages/airflow/example_dags/example_branch_day_of_week_operator.py
[2023-08-24T03:08:27.806+0000] {processor.py:839} INFO - DAG(s) dict_keys(['example_weekday_branch_operator']) retrieved from /home/airflow/.local/lib/python3.8/site-packages/airflow/example_dags/example_branch_day_of_week_operator.py
[2023-08-24T03:08:27.824+0000] {logging_mixin.py:151} INFO - [2023-08-24T03:08:27.824+0000] {dag.py:2907} INFO - Sync 1 DAGs
[2023-08-24T03:08:27.837+0000] {logging_mixin.py:151} INFO - [2023-08-24T03:08:27.837+0000] {dag.py:3677} INFO - Setting next_dagrun for example_weekday_branch_operator to 2023-08-23T00:00:00+00:00, run_after=2023-08-24T00:00:00+00:00
[2023-08-24T03:08:27.847+0000] {processor.py:179} INFO - Processing /home/airflow/.local/lib/python3.8/site-packages/airflow/example_dags/example_branch_day_of_week_operator.py took 0.053 seconds
[2023-08-24T03:08:58.667+0000] {processor.py:157} INFO - Started process (PID=547) to work on /home/airflow/.local/lib/python3.8/site-packages/airflow/example_dags/example_branch_day_of_week_operator.py
[2023-08-24T03:08:58.668+0000] {processor.py:829} INFO - Processing file /home/airflow/.local/lib/python3.8/site-packages/airflow/example_dags/example_branch_day_of_week_operator.py for tasks to queue
[2023-08-24T03:08:58.670+0000] {logging_mixin.py:151} INFO - [2023-08-24T03:08:58.670+0000] {dagbag.py:539} INFO - Filling up the DagBag from /home/airflow/.local/lib/python3.8/site-packages/airflow/example_dags/example_branch_day_of_week_operator.py
[2023-08-24T03:08:58.676+0000] {processor.py:839} INFO - DAG(s) dict_keys(['example_weekday_branch_operator']) retrieved from /home/airflow/.local/lib/python3.8/site-packages/airflow/example_dags/example_branch_day_of_week_operator.py
[2023-08-24T03:08:58.692+0000] {logging_mixin.py:151} INFO - [2023-08-24T03:08:58.692+0000] {dag.py:2907} INFO - Sync 1 DAGs
[2023-08-24T03:08:58.705+0000] {logging_mixin.py:151} INFO - [2023-08-24T03:08:58.705+0000] {dag.py:3677} INFO - Setting next_dagrun for example_weekday_branch_operator to 2023-08-23T00:00:00+00:00, run_after=2023-08-24T00:00:00+00:00
[2023-08-24T03:08:58.715+0000] {processor.py:179} INFO - Processing /home/airflow/.local/lib/python3.8/site-packages/airflow/example_dags/example_branch_day_of_week_operator.py took 0.050 seconds
[2023-08-24T03:16:27.733+0000] {processor.py:157} INFO - Started process (PID=39) to work on /home/airflow/.local/lib/python3.8/site-packages/airflow/example_dags/example_branch_day_of_week_operator.py
[2023-08-24T03:16:27.734+0000] {processor.py:829} INFO - Processing file /home/airflow/.local/lib/python3.8/site-packages/airflow/example_dags/example_branch_day_of_week_operator.py for tasks to queue
[2023-08-24T03:16:27.736+0000] {logging_mixin.py:151} INFO - [2023-08-24T03:16:27.736+0000] {dagbag.py:539} INFO - Filling up the DagBag from /home/airflow/.local/lib/python3.8/site-packages/airflow/example_dags/example_branch_day_of_week_operator.py
[2023-08-24T03:16:27.746+0000] {processor.py:839} INFO - DAG(s) dict_keys(['example_weekday_branch_operator']) retrieved from /home/airflow/.local/lib/python3.8/site-packages/airflow/example_dags/example_branch_day_of_week_operator.py
[2023-08-24T03:16:27.757+0000] {logging_mixin.py:151} INFO - [2023-08-24T03:16:27.757+0000] {dag.py:2907} INFO - Sync 1 DAGs
[2023-08-24T03:16:27.858+0000] {logging_mixin.py:151} INFO - [2023-08-24T03:16:27.857+0000] {dag.py:3677} INFO - Setting next_dagrun for example_weekday_branch_operator to 2023-08-23T00:00:00+00:00, run_after=2023-08-24T00:00:00+00:00
[2023-08-24T03:16:27.871+0000] {processor.py:179} INFO - Processing /home/airflow/.local/lib/python3.8/site-packages/airflow/example_dags/example_branch_day_of_week_operator.py took 0.141 seconds
[2023-08-24T03:16:58.103+0000] {processor.py:157} INFO - Started process (PID=102) to work on /home/airflow/.local/lib/python3.8/site-packages/airflow/example_dags/example_branch_day_of_week_operator.py
[2023-08-24T03:16:58.104+0000] {processor.py:829} INFO - Processing file /home/airflow/.local/lib/python3.8/site-packages/airflow/example_dags/example_branch_day_of_week_operator.py for tasks to queue
[2023-08-24T03:16:58.106+0000] {logging_mixin.py:151} INFO - [2023-08-24T03:16:58.106+0000] {dagbag.py:539} INFO - Filling up the DagBag from /home/airflow/.local/lib/python3.8/site-packages/airflow/example_dags/example_branch_day_of_week_operator.py
[2023-08-24T03:16:58.112+0000] {processor.py:839} INFO - DAG(s) dict_keys(['example_weekday_branch_operator']) retrieved from /home/airflow/.local/lib/python3.8/site-packages/airflow/example_dags/example_branch_day_of_week_operator.py
[2023-08-24T03:16:58.129+0000] {logging_mixin.py:151} INFO - [2023-08-24T03:16:58.128+0000] {dag.py:2907} INFO - Sync 1 DAGs
[2023-08-24T03:16:58.143+0000] {logging_mixin.py:151} INFO - [2023-08-24T03:16:58.142+0000] {dag.py:3677} INFO - Setting next_dagrun for example_weekday_branch_operator to 2023-08-23T00:00:00+00:00, run_after=2023-08-24T00:00:00+00:00
[2023-08-24T03:16:58.153+0000] {processor.py:179} INFO - Processing /home/airflow/.local/lib/python3.8/site-packages/airflow/example_dags/example_branch_day_of_week_operator.py took 0.053 seconds
[2023-08-24T03:17:28.928+0000] {processor.py:157} INFO - Started process (PID=165) to work on /home/airflow/.local/lib/python3.8/site-packages/airflow/example_dags/example_branch_day_of_week_operator.py
[2023-08-24T03:17:28.929+0000] {processor.py:829} INFO - Processing file /home/airflow/.local/lib/python3.8/site-packages/airflow/example_dags/example_branch_day_of_week_operator.py for tasks to queue
[2023-08-24T03:17:28.931+0000] {logging_mixin.py:151} INFO - [2023-08-24T03:17:28.931+0000] {dagbag.py:539} INFO - Filling up the DagBag from /home/airflow/.local/lib/python3.8/site-packages/airflow/example_dags/example_branch_day_of_week_operator.py
[2023-08-24T03:17:28.937+0000] {processor.py:839} INFO - DAG(s) dict_keys(['example_weekday_branch_operator']) retrieved from /home/airflow/.local/lib/python3.8/site-packages/airflow/example_dags/example_branch_day_of_week_operator.py
[2023-08-24T03:17:28.958+0000] {logging_mixin.py:151} INFO - [2023-08-24T03:17:28.958+0000] {dag.py:2907} INFO - Sync 1 DAGs
[2023-08-24T03:17:28.970+0000] {logging_mixin.py:151} INFO - [2023-08-24T03:17:28.970+0000] {dag.py:3677} INFO - Setting next_dagrun for example_weekday_branch_operator to 2023-08-23T00:00:00+00:00, run_after=2023-08-24T00:00:00+00:00
[2023-08-24T03:17:28.980+0000] {processor.py:179} INFO - Processing /home/airflow/.local/lib/python3.8/site-packages/airflow/example_dags/example_branch_day_of_week_operator.py took 0.056 seconds
[2023-08-24T03:17:59.749+0000] {processor.py:157} INFO - Started process (PID=228) to work on /home/airflow/.local/lib/python3.8/site-packages/airflow/example_dags/example_branch_day_of_week_operator.py
[2023-08-24T03:17:59.750+0000] {processor.py:829} INFO - Processing file /home/airflow/.local/lib/python3.8/site-packages/airflow/example_dags/example_branch_day_of_week_operator.py for tasks to queue
[2023-08-24T03:17:59.753+0000] {logging_mixin.py:151} INFO - [2023-08-24T03:17:59.753+0000] {dagbag.py:539} INFO - Filling up the DagBag from /home/airflow/.local/lib/python3.8/site-packages/airflow/example_dags/example_branch_day_of_week_operator.py
[2023-08-24T03:17:59.759+0000] {processor.py:839} INFO - DAG(s) dict_keys(['example_weekday_branch_operator']) retrieved from /home/airflow/.local/lib/python3.8/site-packages/airflow/example_dags/example_branch_day_of_week_operator.py
[2023-08-24T03:17:59.775+0000] {logging_mixin.py:151} INFO - [2023-08-24T03:17:59.775+0000] {dag.py:2907} INFO - Sync 1 DAGs
[2023-08-24T03:17:59.787+0000] {logging_mixin.py:151} INFO - [2023-08-24T03:17:59.787+0000] {dag.py:3677} INFO - Setting next_dagrun for example_weekday_branch_operator to 2023-08-23T00:00:00+00:00, run_after=2023-08-24T00:00:00+00:00
[2023-08-24T03:17:59.797+0000] {processor.py:179} INFO - Processing /home/airflow/.local/lib/python3.8/site-packages/airflow/example_dags/example_branch_day_of_week_operator.py took 0.050 seconds
[2023-08-24T03:19:14.095+0000] {processor.py:157} INFO - Started process (PID=38) to work on /home/airflow/.local/lib/python3.8/site-packages/airflow/example_dags/example_branch_day_of_week_operator.py
[2023-08-24T03:19:14.096+0000] {processor.py:829} INFO - Processing file /home/airflow/.local/lib/python3.8/site-packages/airflow/example_dags/example_branch_day_of_week_operator.py for tasks to queue
[2023-08-24T03:19:14.098+0000] {logging_mixin.py:151} INFO - [2023-08-24T03:19:14.098+0000] {dagbag.py:539} INFO - Filling up the DagBag from /home/airflow/.local/lib/python3.8/site-packages/airflow/example_dags/example_branch_day_of_week_operator.py
[2023-08-24T03:19:14.108+0000] {processor.py:839} INFO - DAG(s) dict_keys(['example_weekday_branch_operator']) retrieved from /home/airflow/.local/lib/python3.8/site-packages/airflow/example_dags/example_branch_day_of_week_operator.py
[2023-08-24T03:19:14.119+0000] {logging_mixin.py:151} INFO - [2023-08-24T03:19:14.119+0000] {dag.py:2907} INFO - Sync 1 DAGs
[2023-08-24T03:19:14.222+0000] {logging_mixin.py:151} INFO - [2023-08-24T03:19:14.222+0000] {dag.py:3677} INFO - Setting next_dagrun for example_weekday_branch_operator to 2023-08-23T00:00:00+00:00, run_after=2023-08-24T00:00:00+00:00
[2023-08-24T03:19:14.234+0000] {processor.py:179} INFO - Processing /home/airflow/.local/lib/python3.8/site-packages/airflow/example_dags/example_branch_day_of_week_operator.py took 0.142 seconds
[2023-08-24T03:22:54.525+0000] {processor.py:157} INFO - Started process (PID=37) to work on /home/airflow/.local/lib/python3.8/site-packages/airflow/example_dags/example_branch_day_of_week_operator.py
[2023-08-24T03:22:54.526+0000] {processor.py:829} INFO - Processing file /home/airflow/.local/lib/python3.8/site-packages/airflow/example_dags/example_branch_day_of_week_operator.py for tasks to queue
[2023-08-24T03:22:54.528+0000] {logging_mixin.py:151} INFO - [2023-08-24T03:22:54.528+0000] {dagbag.py:539} INFO - Filling up the DagBag from /home/airflow/.local/lib/python3.8/site-packages/airflow/example_dags/example_branch_day_of_week_operator.py
[2023-08-24T03:22:54.540+0000] {processor.py:839} INFO - DAG(s) dict_keys(['example_weekday_branch_operator']) retrieved from /home/airflow/.local/lib/python3.8/site-packages/airflow/example_dags/example_branch_day_of_week_operator.py
[2023-08-24T03:22:54.657+0000] {logging_mixin.py:151} INFO - [2023-08-24T03:22:54.657+0000] {dag.py:2907} INFO - Sync 1 DAGs
[2023-08-24T03:22:54.672+0000] {logging_mixin.py:151} INFO - [2023-08-24T03:22:54.672+0000] {dag.py:3677} INFO - Setting next_dagrun for example_weekday_branch_operator to 2023-08-23T00:00:00+00:00, run_after=2023-08-24T00:00:00+00:00
[2023-08-24T03:22:54.689+0000] {processor.py:179} INFO - Processing /home/airflow/.local/lib/python3.8/site-packages/airflow/example_dags/example_branch_day_of_week_operator.py took 0.168 seconds
[2023-08-24T03:23:25.054+0000] {processor.py:157} INFO - Started process (PID=100) to work on /home/airflow/.local/lib/python3.8/site-packages/airflow/example_dags/example_branch_day_of_week_operator.py
[2023-08-24T03:23:25.055+0000] {processor.py:829} INFO - Processing file /home/airflow/.local/lib/python3.8/site-packages/airflow/example_dags/example_branch_day_of_week_operator.py for tasks to queue
[2023-08-24T03:23:25.057+0000] {logging_mixin.py:151} INFO - [2023-08-24T03:23:25.057+0000] {dagbag.py:539} INFO - Filling up the DagBag from /home/airflow/.local/lib/python3.8/site-packages/airflow/example_dags/example_branch_day_of_week_operator.py
[2023-08-24T03:23:25.063+0000] {processor.py:839} INFO - DAG(s) dict_keys(['example_weekday_branch_operator']) retrieved from /home/airflow/.local/lib/python3.8/site-packages/airflow/example_dags/example_branch_day_of_week_operator.py
[2023-08-24T03:23:25.079+0000] {logging_mixin.py:151} INFO - [2023-08-24T03:23:25.079+0000] {dag.py:2907} INFO - Sync 1 DAGs
[2023-08-24T03:23:25.092+0000] {logging_mixin.py:151} INFO - [2023-08-24T03:23:25.092+0000] {dag.py:3677} INFO - Setting next_dagrun for example_weekday_branch_operator to 2023-08-23T00:00:00+00:00, run_after=2023-08-24T00:00:00+00:00
[2023-08-24T03:23:25.102+0000] {processor.py:179} INFO - Processing /home/airflow/.local/lib/python3.8/site-packages/airflow/example_dags/example_branch_day_of_week_operator.py took 0.051 seconds
[2023-08-24T03:59:46.713+0000] {processor.py:157} INFO - Started process (PID=38) to work on /home/airflow/.local/lib/python3.8/site-packages/airflow/example_dags/example_branch_day_of_week_operator.py
[2023-08-24T03:59:46.714+0000] {processor.py:829} INFO - Processing file /home/airflow/.local/lib/python3.8/site-packages/airflow/example_dags/example_branch_day_of_week_operator.py for tasks to queue
[2023-08-24T03:59:46.717+0000] {logging_mixin.py:151} INFO - [2023-08-24T03:59:46.717+0000] {dagbag.py:539} INFO - Filling up the DagBag from /home/airflow/.local/lib/python3.8/site-packages/airflow/example_dags/example_branch_day_of_week_operator.py
[2023-08-24T03:59:46.730+0000] {processor.py:839} INFO - DAG(s) dict_keys(['example_weekday_branch_operator']) retrieved from /home/airflow/.local/lib/python3.8/site-packages/airflow/example_dags/example_branch_day_of_week_operator.py
[2023-08-24T03:59:46.742+0000] {logging_mixin.py:151} INFO - [2023-08-24T03:59:46.741+0000] {dag.py:2907} INFO - Sync 1 DAGs
[2023-08-24T03:59:46.852+0000] {logging_mixin.py:151} INFO - [2023-08-24T03:59:46.851+0000] {dag.py:3677} INFO - Setting next_dagrun for example_weekday_branch_operator to 2023-08-23T00:00:00+00:00, run_after=2023-08-24T00:00:00+00:00
[2023-08-24T03:59:46.862+0000] {processor.py:179} INFO - Processing /home/airflow/.local/lib/python3.8/site-packages/airflow/example_dags/example_branch_day_of_week_operator.py took 0.152 seconds
[2023-08-24T04:00:17.166+0000] {processor.py:157} INFO - Started process (PID=101) to work on /home/airflow/.local/lib/python3.8/site-packages/airflow/example_dags/example_branch_day_of_week_operator.py
[2023-08-24T04:00:17.167+0000] {processor.py:829} INFO - Processing file /home/airflow/.local/lib/python3.8/site-packages/airflow/example_dags/example_branch_day_of_week_operator.py for tasks to queue
[2023-08-24T04:00:17.169+0000] {logging_mixin.py:151} INFO - [2023-08-24T04:00:17.168+0000] {dagbag.py:539} INFO - Filling up the DagBag from /home/airflow/.local/lib/python3.8/site-packages/airflow/example_dags/example_branch_day_of_week_operator.py
[2023-08-24T04:00:17.175+0000] {processor.py:839} INFO - DAG(s) dict_keys(['example_weekday_branch_operator']) retrieved from /home/airflow/.local/lib/python3.8/site-packages/airflow/example_dags/example_branch_day_of_week_operator.py
[2023-08-24T04:00:17.191+0000] {logging_mixin.py:151} INFO - [2023-08-24T04:00:17.191+0000] {dag.py:2907} INFO - Sync 1 DAGs
[2023-08-24T04:00:17.204+0000] {logging_mixin.py:151} INFO - [2023-08-24T04:00:17.204+0000] {dag.py:3677} INFO - Setting next_dagrun for example_weekday_branch_operator to 2023-08-23T00:00:00+00:00, run_after=2023-08-24T00:00:00+00:00
[2023-08-24T04:00:17.213+0000] {processor.py:179} INFO - Processing /home/airflow/.local/lib/python3.8/site-packages/airflow/example_dags/example_branch_day_of_week_operator.py took 0.051 seconds
[2023-08-24T04:00:48.024+0000] {processor.py:157} INFO - Started process (PID=164) to work on /home/airflow/.local/lib/python3.8/site-packages/airflow/example_dags/example_branch_day_of_week_operator.py
[2023-08-24T04:00:48.025+0000] {processor.py:829} INFO - Processing file /home/airflow/.local/lib/python3.8/site-packages/airflow/example_dags/example_branch_day_of_week_operator.py for tasks to queue
[2023-08-24T04:00:48.027+0000] {logging_mixin.py:151} INFO - [2023-08-24T04:00:48.027+0000] {dagbag.py:539} INFO - Filling up the DagBag from /home/airflow/.local/lib/python3.8/site-packages/airflow/example_dags/example_branch_day_of_week_operator.py
[2023-08-24T04:00:48.033+0000] {processor.py:839} INFO - DAG(s) dict_keys(['example_weekday_branch_operator']) retrieved from /home/airflow/.local/lib/python3.8/site-packages/airflow/example_dags/example_branch_day_of_week_operator.py
[2023-08-24T04:00:48.049+0000] {logging_mixin.py:151} INFO - [2023-08-24T04:00:48.049+0000] {dag.py:2907} INFO - Sync 1 DAGs
[2023-08-24T04:00:48.062+0000] {logging_mixin.py:151} INFO - [2023-08-24T04:00:48.062+0000] {dag.py:3677} INFO - Setting next_dagrun for example_weekday_branch_operator to 2023-08-23T00:00:00+00:00, run_after=2023-08-24T00:00:00+00:00
[2023-08-24T04:00:48.071+0000] {processor.py:179} INFO - Processing /home/airflow/.local/lib/python3.8/site-packages/airflow/example_dags/example_branch_day_of_week_operator.py took 0.050 seconds
[2023-08-24T04:01:18.704+0000] {processor.py:157} INFO - Started process (PID=227) to work on /home/airflow/.local/lib/python3.8/site-packages/airflow/example_dags/example_branch_day_of_week_operator.py
[2023-08-24T04:01:18.705+0000] {processor.py:829} INFO - Processing file /home/airflow/.local/lib/python3.8/site-packages/airflow/example_dags/example_branch_day_of_week_operator.py for tasks to queue
[2023-08-24T04:01:18.707+0000] {logging_mixin.py:151} INFO - [2023-08-24T04:01:18.706+0000] {dagbag.py:539} INFO - Filling up the DagBag from /home/airflow/.local/lib/python3.8/site-packages/airflow/example_dags/example_branch_day_of_week_operator.py
[2023-08-24T04:01:18.714+0000] {processor.py:839} INFO - DAG(s) dict_keys(['example_weekday_branch_operator']) retrieved from /home/airflow/.local/lib/python3.8/site-packages/airflow/example_dags/example_branch_day_of_week_operator.py
[2023-08-24T04:01:18.731+0000] {logging_mixin.py:151} INFO - [2023-08-24T04:01:18.731+0000] {dag.py:2907} INFO - Sync 1 DAGs
[2023-08-24T04:01:18.744+0000] {logging_mixin.py:151} INFO - [2023-08-24T04:01:18.744+0000] {dag.py:3677} INFO - Setting next_dagrun for example_weekday_branch_operator to 2023-08-23T00:00:00+00:00, run_after=2023-08-24T00:00:00+00:00
[2023-08-24T04:01:18.753+0000] {processor.py:179} INFO - Processing /home/airflow/.local/lib/python3.8/site-packages/airflow/example_dags/example_branch_day_of_week_operator.py took 0.052 seconds
[2023-08-24T04:01:49.586+0000] {processor.py:157} INFO - Started process (PID=290) to work on /home/airflow/.local/lib/python3.8/site-packages/airflow/example_dags/example_branch_day_of_week_operator.py
[2023-08-24T04:01:49.587+0000] {processor.py:829} INFO - Processing file /home/airflow/.local/lib/python3.8/site-packages/airflow/example_dags/example_branch_day_of_week_operator.py for tasks to queue
[2023-08-24T04:01:49.589+0000] {logging_mixin.py:151} INFO - [2023-08-24T04:01:49.589+0000] {dagbag.py:539} INFO - Filling up the DagBag from /home/airflow/.local/lib/python3.8/site-packages/airflow/example_dags/example_branch_day_of_week_operator.py
[2023-08-24T04:01:49.595+0000] {processor.py:839} INFO - DAG(s) dict_keys(['example_weekday_branch_operator']) retrieved from /home/airflow/.local/lib/python3.8/site-packages/airflow/example_dags/example_branch_day_of_week_operator.py
[2023-08-24T04:01:49.611+0000] {logging_mixin.py:151} INFO - [2023-08-24T04:01:49.611+0000] {dag.py:2907} INFO - Sync 1 DAGs
[2023-08-24T04:01:49.624+0000] {logging_mixin.py:151} INFO - [2023-08-24T04:01:49.624+0000] {dag.py:3677} INFO - Setting next_dagrun for example_weekday_branch_operator to 2023-08-23T00:00:00+00:00, run_after=2023-08-24T00:00:00+00:00
[2023-08-24T04:01:49.634+0000] {processor.py:179} INFO - Processing /home/airflow/.local/lib/python3.8/site-packages/airflow/example_dags/example_branch_day_of_week_operator.py took 0.050 seconds
[2023-08-24T04:02:20.440+0000] {processor.py:157} INFO - Started process (PID=353) to work on /home/airflow/.local/lib/python3.8/site-packages/airflow/example_dags/example_branch_day_of_week_operator.py
[2023-08-24T04:02:20.441+0000] {processor.py:829} INFO - Processing file /home/airflow/.local/lib/python3.8/site-packages/airflow/example_dags/example_branch_day_of_week_operator.py for tasks to queue
[2023-08-24T04:02:20.443+0000] {logging_mixin.py:151} INFO - [2023-08-24T04:02:20.443+0000] {dagbag.py:539} INFO - Filling up the DagBag from /home/airflow/.local/lib/python3.8/site-packages/airflow/example_dags/example_branch_day_of_week_operator.py
[2023-08-24T04:02:20.448+0000] {processor.py:839} INFO - DAG(s) dict_keys(['example_weekday_branch_operator']) retrieved from /home/airflow/.local/lib/python3.8/site-packages/airflow/example_dags/example_branch_day_of_week_operator.py
[2023-08-24T04:02:20.468+0000] {logging_mixin.py:151} INFO - [2023-08-24T04:02:20.467+0000] {dag.py:2907} INFO - Sync 1 DAGs
[2023-08-24T04:02:20.481+0000] {logging_mixin.py:151} INFO - [2023-08-24T04:02:20.481+0000] {dag.py:3677} INFO - Setting next_dagrun for example_weekday_branch_operator to 2023-08-23T00:00:00+00:00, run_after=2023-08-24T00:00:00+00:00
[2023-08-24T04:02:20.495+0000] {processor.py:179} INFO - Processing /home/airflow/.local/lib/python3.8/site-packages/airflow/example_dags/example_branch_day_of_week_operator.py took 0.057 seconds
[2023-08-24T04:02:51.244+0000] {processor.py:157} INFO - Started process (PID=416) to work on /home/airflow/.local/lib/python3.8/site-packages/airflow/example_dags/example_branch_day_of_week_operator.py
[2023-08-24T04:02:51.245+0000] {processor.py:829} INFO - Processing file /home/airflow/.local/lib/python3.8/site-packages/airflow/example_dags/example_branch_day_of_week_operator.py for tasks to queue
[2023-08-24T04:02:51.247+0000] {logging_mixin.py:151} INFO - [2023-08-24T04:02:51.247+0000] {dagbag.py:539} INFO - Filling up the DagBag from /home/airflow/.local/lib/python3.8/site-packages/airflow/example_dags/example_branch_day_of_week_operator.py
[2023-08-24T04:02:51.253+0000] {processor.py:839} INFO - DAG(s) dict_keys(['example_weekday_branch_operator']) retrieved from /home/airflow/.local/lib/python3.8/site-packages/airflow/example_dags/example_branch_day_of_week_operator.py
[2023-08-24T04:02:51.275+0000] {logging_mixin.py:151} INFO - [2023-08-24T04:02:51.275+0000] {dag.py:2907} INFO - Sync 1 DAGs
[2023-08-24T04:02:51.290+0000] {logging_mixin.py:151} INFO - [2023-08-24T04:02:51.290+0000] {dag.py:3677} INFO - Setting next_dagrun for example_weekday_branch_operator to 2023-08-23T00:00:00+00:00, run_after=2023-08-24T00:00:00+00:00
[2023-08-24T04:02:51.303+0000] {processor.py:179} INFO - Processing /home/airflow/.local/lib/python3.8/site-packages/airflow/example_dags/example_branch_day_of_week_operator.py took 0.062 seconds
[2023-08-24T04:03:21.827+0000] {processor.py:157} INFO - Started process (PID=479) to work on /home/airflow/.local/lib/python3.8/site-packages/airflow/example_dags/example_branch_day_of_week_operator.py
[2023-08-24T04:03:21.828+0000] {processor.py:829} INFO - Processing file /home/airflow/.local/lib/python3.8/site-packages/airflow/example_dags/example_branch_day_of_week_operator.py for tasks to queue
[2023-08-24T04:03:21.830+0000] {logging_mixin.py:151} INFO - [2023-08-24T04:03:21.829+0000] {dagbag.py:539} INFO - Filling up the DagBag from /home/airflow/.local/lib/python3.8/site-packages/airflow/example_dags/example_branch_day_of_week_operator.py
[2023-08-24T04:03:21.836+0000] {processor.py:839} INFO - DAG(s) dict_keys(['example_weekday_branch_operator']) retrieved from /home/airflow/.local/lib/python3.8/site-packages/airflow/example_dags/example_branch_day_of_week_operator.py
[2023-08-24T04:03:21.853+0000] {logging_mixin.py:151} INFO - [2023-08-24T04:03:21.853+0000] {dag.py:2907} INFO - Sync 1 DAGs
[2023-08-24T04:03:21.866+0000] {logging_mixin.py:151} INFO - [2023-08-24T04:03:21.866+0000] {dag.py:3677} INFO - Setting next_dagrun for example_weekday_branch_operator to 2023-08-23T00:00:00+00:00, run_after=2023-08-24T00:00:00+00:00
[2023-08-24T04:03:21.876+0000] {processor.py:179} INFO - Processing /home/airflow/.local/lib/python3.8/site-packages/airflow/example_dags/example_branch_day_of_week_operator.py took 0.052 seconds
[2023-08-24T04:03:52.473+0000] {processor.py:157} INFO - Started process (PID=542) to work on /home/airflow/.local/lib/python3.8/site-packages/airflow/example_dags/example_branch_day_of_week_operator.py
[2023-08-24T04:03:52.474+0000] {processor.py:829} INFO - Processing file /home/airflow/.local/lib/python3.8/site-packages/airflow/example_dags/example_branch_day_of_week_operator.py for tasks to queue
[2023-08-24T04:03:52.476+0000] {logging_mixin.py:151} INFO - [2023-08-24T04:03:52.475+0000] {dagbag.py:539} INFO - Filling up the DagBag from /home/airflow/.local/lib/python3.8/site-packages/airflow/example_dags/example_branch_day_of_week_operator.py
[2023-08-24T04:03:52.481+0000] {processor.py:839} INFO - DAG(s) dict_keys(['example_weekday_branch_operator']) retrieved from /home/airflow/.local/lib/python3.8/site-packages/airflow/example_dags/example_branch_day_of_week_operator.py
[2023-08-24T04:03:52.497+0000] {logging_mixin.py:151} INFO - [2023-08-24T04:03:52.497+0000] {dag.py:2907} INFO - Sync 1 DAGs
[2023-08-24T04:03:52.510+0000] {logging_mixin.py:151} INFO - [2023-08-24T04:03:52.510+0000] {dag.py:3677} INFO - Setting next_dagrun for example_weekday_branch_operator to 2023-08-23T00:00:00+00:00, run_after=2023-08-24T00:00:00+00:00
[2023-08-24T04:03:52.521+0000] {processor.py:179} INFO - Processing /home/airflow/.local/lib/python3.8/site-packages/airflow/example_dags/example_branch_day_of_week_operator.py took 0.051 seconds
[2023-08-24T04:04:23.324+0000] {processor.py:157} INFO - Started process (PID=605) to work on /home/airflow/.local/lib/python3.8/site-packages/airflow/example_dags/example_branch_day_of_week_operator.py
[2023-08-24T04:04:23.325+0000] {processor.py:829} INFO - Processing file /home/airflow/.local/lib/python3.8/site-packages/airflow/example_dags/example_branch_day_of_week_operator.py for tasks to queue
[2023-08-24T04:04:23.327+0000] {logging_mixin.py:151} INFO - [2023-08-24T04:04:23.327+0000] {dagbag.py:539} INFO - Filling up the DagBag from /home/airflow/.local/lib/python3.8/site-packages/airflow/example_dags/example_branch_day_of_week_operator.py
[2023-08-24T04:04:23.334+0000] {processor.py:839} INFO - DAG(s) dict_keys(['example_weekday_branch_operator']) retrieved from /home/airflow/.local/lib/python3.8/site-packages/airflow/example_dags/example_branch_day_of_week_operator.py
[2023-08-24T04:04:23.351+0000] {logging_mixin.py:151} INFO - [2023-08-24T04:04:23.351+0000] {dag.py:2907} INFO - Sync 1 DAGs
[2023-08-24T04:04:23.364+0000] {logging_mixin.py:151} INFO - [2023-08-24T04:04:23.364+0000] {dag.py:3677} INFO - Setting next_dagrun for example_weekday_branch_operator to 2023-08-23T00:00:00+00:00, run_after=2023-08-24T00:00:00+00:00
[2023-08-24T04:04:23.374+0000] {processor.py:179} INFO - Processing /home/airflow/.local/lib/python3.8/site-packages/airflow/example_dags/example_branch_day_of_week_operator.py took 0.054 seconds
[2023-08-24T04:04:54.271+0000] {processor.py:157} INFO - Started process (PID=668) to work on /home/airflow/.local/lib/python3.8/site-packages/airflow/example_dags/example_branch_day_of_week_operator.py
[2023-08-24T04:04:54.272+0000] {processor.py:829} INFO - Processing file /home/airflow/.local/lib/python3.8/site-packages/airflow/example_dags/example_branch_day_of_week_operator.py for tasks to queue
[2023-08-24T04:04:54.274+0000] {logging_mixin.py:151} INFO - [2023-08-24T04:04:54.273+0000] {dagbag.py:539} INFO - Filling up the DagBag from /home/airflow/.local/lib/python3.8/site-packages/airflow/example_dags/example_branch_day_of_week_operator.py
[2023-08-24T04:04:54.280+0000] {processor.py:839} INFO - DAG(s) dict_keys(['example_weekday_branch_operator']) retrieved from /home/airflow/.local/lib/python3.8/site-packages/airflow/example_dags/example_branch_day_of_week_operator.py
[2023-08-24T04:04:54.299+0000] {logging_mixin.py:151} INFO - [2023-08-24T04:04:54.298+0000] {dag.py:2907} INFO - Sync 1 DAGs
[2023-08-24T04:04:54.313+0000] {logging_mixin.py:151} INFO - [2023-08-24T04:04:54.313+0000] {dag.py:3677} INFO - Setting next_dagrun for example_weekday_branch_operator to 2023-08-23T00:00:00+00:00, run_after=2023-08-24T00:00:00+00:00
[2023-08-24T04:04:54.326+0000] {processor.py:179} INFO - Processing /home/airflow/.local/lib/python3.8/site-packages/airflow/example_dags/example_branch_day_of_week_operator.py took 0.058 seconds
[2023-08-24T04:05:25.024+0000] {processor.py:157} INFO - Started process (PID=731) to work on /home/airflow/.local/lib/python3.8/site-packages/airflow/example_dags/example_branch_day_of_week_operator.py
[2023-08-24T04:05:25.025+0000] {processor.py:829} INFO - Processing file /home/airflow/.local/lib/python3.8/site-packages/airflow/example_dags/example_branch_day_of_week_operator.py for tasks to queue
[2023-08-24T04:05:25.027+0000] {logging_mixin.py:151} INFO - [2023-08-24T04:05:25.026+0000] {dagbag.py:539} INFO - Filling up the DagBag from /home/airflow/.local/lib/python3.8/site-packages/airflow/example_dags/example_branch_day_of_week_operator.py
[2023-08-24T04:05:25.032+0000] {processor.py:839} INFO - DAG(s) dict_keys(['example_weekday_branch_operator']) retrieved from /home/airflow/.local/lib/python3.8/site-packages/airflow/example_dags/example_branch_day_of_week_operator.py
[2023-08-24T04:05:25.048+0000] {logging_mixin.py:151} INFO - [2023-08-24T04:05:25.048+0000] {dag.py:2907} INFO - Sync 1 DAGs
[2023-08-24T04:05:25.061+0000] {logging_mixin.py:151} INFO - [2023-08-24T04:05:25.061+0000] {dag.py:3677} INFO - Setting next_dagrun for example_weekday_branch_operator to 2023-08-23T00:00:00+00:00, run_after=2023-08-24T00:00:00+00:00
[2023-08-24T04:05:25.070+0000] {processor.py:179} INFO - Processing /home/airflow/.local/lib/python3.8/site-packages/airflow/example_dags/example_branch_day_of_week_operator.py took 0.048 seconds
[2023-08-24T04:05:55.745+0000] {processor.py:157} INFO - Started process (PID=794) to work on /home/airflow/.local/lib/python3.8/site-packages/airflow/example_dags/example_branch_day_of_week_operator.py
[2023-08-24T04:05:55.747+0000] {processor.py:829} INFO - Processing file /home/airflow/.local/lib/python3.8/site-packages/airflow/example_dags/example_branch_day_of_week_operator.py for tasks to queue
[2023-08-24T04:05:55.748+0000] {logging_mixin.py:151} INFO - [2023-08-24T04:05:55.748+0000] {dagbag.py:539} INFO - Filling up the DagBag from /home/airflow/.local/lib/python3.8/site-packages/airflow/example_dags/example_branch_day_of_week_operator.py
[2023-08-24T04:05:55.754+0000] {processor.py:839} INFO - DAG(s) dict_keys(['example_weekday_branch_operator']) retrieved from /home/airflow/.local/lib/python3.8/site-packages/airflow/example_dags/example_branch_day_of_week_operator.py
[2023-08-24T04:05:55.769+0000] {logging_mixin.py:151} INFO - [2023-08-24T04:05:55.769+0000] {dag.py:2907} INFO - Sync 1 DAGs
[2023-08-24T04:05:55.783+0000] {logging_mixin.py:151} INFO - [2023-08-24T04:05:55.782+0000] {dag.py:3677} INFO - Setting next_dagrun for example_weekday_branch_operator to 2023-08-23T00:00:00+00:00, run_after=2023-08-24T00:00:00+00:00
[2023-08-24T04:05:55.794+0000] {processor.py:179} INFO - Processing /home/airflow/.local/lib/python3.8/site-packages/airflow/example_dags/example_branch_day_of_week_operator.py took 0.051 seconds
[2023-08-24T04:06:26.413+0000] {processor.py:157} INFO - Started process (PID=857) to work on /home/airflow/.local/lib/python3.8/site-packages/airflow/example_dags/example_branch_day_of_week_operator.py
[2023-08-24T04:06:26.415+0000] {processor.py:829} INFO - Processing file /home/airflow/.local/lib/python3.8/site-packages/airflow/example_dags/example_branch_day_of_week_operator.py for tasks to queue
[2023-08-24T04:06:26.416+0000] {logging_mixin.py:151} INFO - [2023-08-24T04:06:26.416+0000] {dagbag.py:539} INFO - Filling up the DagBag from /home/airflow/.local/lib/python3.8/site-packages/airflow/example_dags/example_branch_day_of_week_operator.py
[2023-08-24T04:06:26.422+0000] {processor.py:839} INFO - DAG(s) dict_keys(['example_weekday_branch_operator']) retrieved from /home/airflow/.local/lib/python3.8/site-packages/airflow/example_dags/example_branch_day_of_week_operator.py
[2023-08-24T04:06:26.438+0000] {logging_mixin.py:151} INFO - [2023-08-24T04:06:26.438+0000] {dag.py:2907} INFO - Sync 1 DAGs
[2023-08-24T04:06:26.450+0000] {logging_mixin.py:151} INFO - [2023-08-24T04:06:26.449+0000] {dag.py:3677} INFO - Setting next_dagrun for example_weekday_branch_operator to 2023-08-23T00:00:00+00:00, run_after=2023-08-24T00:00:00+00:00
[2023-08-24T04:06:26.459+0000] {processor.py:179} INFO - Processing /home/airflow/.local/lib/python3.8/site-packages/airflow/example_dags/example_branch_day_of_week_operator.py took 0.048 seconds
[2023-08-24T04:06:57.099+0000] {processor.py:157} INFO - Started process (PID=919) to work on /home/airflow/.local/lib/python3.8/site-packages/airflow/example_dags/example_branch_day_of_week_operator.py
[2023-08-24T04:06:57.100+0000] {processor.py:829} INFO - Processing file /home/airflow/.local/lib/python3.8/site-packages/airflow/example_dags/example_branch_day_of_week_operator.py for tasks to queue
[2023-08-24T04:06:57.102+0000] {logging_mixin.py:151} INFO - [2023-08-24T04:06:57.102+0000] {dagbag.py:539} INFO - Filling up the DagBag from /home/airflow/.local/lib/python3.8/site-packages/airflow/example_dags/example_branch_day_of_week_operator.py
[2023-08-24T04:06:57.108+0000] {processor.py:839} INFO - DAG(s) dict_keys(['example_weekday_branch_operator']) retrieved from /home/airflow/.local/lib/python3.8/site-packages/airflow/example_dags/example_branch_day_of_week_operator.py
[2023-08-24T04:06:57.126+0000] {logging_mixin.py:151} INFO - [2023-08-24T04:06:57.126+0000] {dag.py:2907} INFO - Sync 1 DAGs
[2023-08-24T04:06:57.139+0000] {logging_mixin.py:151} INFO - [2023-08-24T04:06:57.139+0000] {dag.py:3677} INFO - Setting next_dagrun for example_weekday_branch_operator to 2023-08-23T00:00:00+00:00, run_after=2023-08-24T00:00:00+00:00
[2023-08-24T04:06:57.152+0000] {processor.py:179} INFO - Processing /home/airflow/.local/lib/python3.8/site-packages/airflow/example_dags/example_branch_day_of_week_operator.py took 0.057 seconds
[2023-08-24T04:07:27.756+0000] {processor.py:157} INFO - Started process (PID=982) to work on /home/airflow/.local/lib/python3.8/site-packages/airflow/example_dags/example_branch_day_of_week_operator.py
[2023-08-24T04:07:27.757+0000] {processor.py:829} INFO - Processing file /home/airflow/.local/lib/python3.8/site-packages/airflow/example_dags/example_branch_day_of_week_operator.py for tasks to queue
[2023-08-24T04:07:27.759+0000] {logging_mixin.py:151} INFO - [2023-08-24T04:07:27.759+0000] {dagbag.py:539} INFO - Filling up the DagBag from /home/airflow/.local/lib/python3.8/site-packages/airflow/example_dags/example_branch_day_of_week_operator.py
[2023-08-24T04:07:27.765+0000] {processor.py:839} INFO - DAG(s) dict_keys(['example_weekday_branch_operator']) retrieved from /home/airflow/.local/lib/python3.8/site-packages/airflow/example_dags/example_branch_day_of_week_operator.py
[2023-08-24T04:07:27.781+0000] {logging_mixin.py:151} INFO - [2023-08-24T04:07:27.781+0000] {dag.py:2907} INFO - Sync 1 DAGs
[2023-08-24T04:07:27.794+0000] {logging_mixin.py:151} INFO - [2023-08-24T04:07:27.794+0000] {dag.py:3677} INFO - Setting next_dagrun for example_weekday_branch_operator to 2023-08-23T00:00:00+00:00, run_after=2023-08-24T00:00:00+00:00
[2023-08-24T04:07:27.804+0000] {processor.py:179} INFO - Processing /home/airflow/.local/lib/python3.8/site-packages/airflow/example_dags/example_branch_day_of_week_operator.py took 0.051 seconds
[2023-08-24T04:07:58.493+0000] {processor.py:157} INFO - Started process (PID=1045) to work on /home/airflow/.local/lib/python3.8/site-packages/airflow/example_dags/example_branch_day_of_week_operator.py
[2023-08-24T04:07:58.494+0000] {processor.py:829} INFO - Processing file /home/airflow/.local/lib/python3.8/site-packages/airflow/example_dags/example_branch_day_of_week_operator.py for tasks to queue
[2023-08-24T04:07:58.495+0000] {logging_mixin.py:151} INFO - [2023-08-24T04:07:58.495+0000] {dagbag.py:539} INFO - Filling up the DagBag from /home/airflow/.local/lib/python3.8/site-packages/airflow/example_dags/example_branch_day_of_week_operator.py
[2023-08-24T04:07:58.501+0000] {processor.py:839} INFO - DAG(s) dict_keys(['example_weekday_branch_operator']) retrieved from /home/airflow/.local/lib/python3.8/site-packages/airflow/example_dags/example_branch_day_of_week_operator.py
[2023-08-24T04:07:58.517+0000] {logging_mixin.py:151} INFO - [2023-08-24T04:07:58.517+0000] {dag.py:2907} INFO - Sync 1 DAGs
[2023-08-24T04:07:58.529+0000] {logging_mixin.py:151} INFO - [2023-08-24T04:07:58.529+0000] {dag.py:3677} INFO - Setting next_dagrun for example_weekday_branch_operator to 2023-08-23T00:00:00+00:00, run_after=2023-08-24T00:00:00+00:00
[2023-08-24T04:07:58.539+0000] {processor.py:179} INFO - Processing /home/airflow/.local/lib/python3.8/site-packages/airflow/example_dags/example_branch_day_of_week_operator.py took 0.049 seconds
[2023-08-24T04:08:29.204+0000] {processor.py:157} INFO - Started process (PID=1108) to work on /home/airflow/.local/lib/python3.8/site-packages/airflow/example_dags/example_branch_day_of_week_operator.py
[2023-08-24T04:08:29.205+0000] {processor.py:829} INFO - Processing file /home/airflow/.local/lib/python3.8/site-packages/airflow/example_dags/example_branch_day_of_week_operator.py for tasks to queue
[2023-08-24T04:08:29.207+0000] {logging_mixin.py:151} INFO - [2023-08-24T04:08:29.207+0000] {dagbag.py:539} INFO - Filling up the DagBag from /home/airflow/.local/lib/python3.8/site-packages/airflow/example_dags/example_branch_day_of_week_operator.py
[2023-08-24T04:08:29.213+0000] {processor.py:839} INFO - DAG(s) dict_keys(['example_weekday_branch_operator']) retrieved from /home/airflow/.local/lib/python3.8/site-packages/airflow/example_dags/example_branch_day_of_week_operator.py
[2023-08-24T04:08:29.230+0000] {logging_mixin.py:151} INFO - [2023-08-24T04:08:29.230+0000] {dag.py:2907} INFO - Sync 1 DAGs
[2023-08-24T04:08:29.243+0000] {logging_mixin.py:151} INFO - [2023-08-24T04:08:29.243+0000] {dag.py:3677} INFO - Setting next_dagrun for example_weekday_branch_operator to 2023-08-23T00:00:00+00:00, run_after=2023-08-24T00:00:00+00:00
[2023-08-24T04:08:29.253+0000] {processor.py:179} INFO - Processing /home/airflow/.local/lib/python3.8/site-packages/airflow/example_dags/example_branch_day_of_week_operator.py took 0.052 seconds
[2023-08-24T04:08:59.896+0000] {processor.py:157} INFO - Started process (PID=1171) to work on /home/airflow/.local/lib/python3.8/site-packages/airflow/example_dags/example_branch_day_of_week_operator.py
[2023-08-24T04:08:59.897+0000] {processor.py:829} INFO - Processing file /home/airflow/.local/lib/python3.8/site-packages/airflow/example_dags/example_branch_day_of_week_operator.py for tasks to queue
[2023-08-24T04:08:59.899+0000] {logging_mixin.py:151} INFO - [2023-08-24T04:08:59.899+0000] {dagbag.py:539} INFO - Filling up the DagBag from /home/airflow/.local/lib/python3.8/site-packages/airflow/example_dags/example_branch_day_of_week_operator.py
[2023-08-24T04:08:59.904+0000] {processor.py:839} INFO - DAG(s) dict_keys(['example_weekday_branch_operator']) retrieved from /home/airflow/.local/lib/python3.8/site-packages/airflow/example_dags/example_branch_day_of_week_operator.py
[2023-08-24T04:08:59.921+0000] {logging_mixin.py:151} INFO - [2023-08-24T04:08:59.921+0000] {dag.py:2907} INFO - Sync 1 DAGs
[2023-08-24T04:08:59.934+0000] {logging_mixin.py:151} INFO - [2023-08-24T04:08:59.934+0000] {dag.py:3677} INFO - Setting next_dagrun for example_weekday_branch_operator to 2023-08-23T00:00:00+00:00, run_after=2023-08-24T00:00:00+00:00
[2023-08-24T04:08:59.944+0000] {processor.py:179} INFO - Processing /home/airflow/.local/lib/python3.8/site-packages/airflow/example_dags/example_branch_day_of_week_operator.py took 0.051 seconds
[2023-08-24T04:09:30.742+0000] {processor.py:157} INFO - Started process (PID=1234) to work on /home/airflow/.local/lib/python3.8/site-packages/airflow/example_dags/example_branch_day_of_week_operator.py
[2023-08-24T04:09:30.743+0000] {processor.py:829} INFO - Processing file /home/airflow/.local/lib/python3.8/site-packages/airflow/example_dags/example_branch_day_of_week_operator.py for tasks to queue
[2023-08-24T04:09:30.744+0000] {logging_mixin.py:151} INFO - [2023-08-24T04:09:30.744+0000] {dagbag.py:539} INFO - Filling up the DagBag from /home/airflow/.local/lib/python3.8/site-packages/airflow/example_dags/example_branch_day_of_week_operator.py
[2023-08-24T04:09:30.750+0000] {processor.py:839} INFO - DAG(s) dict_keys(['example_weekday_branch_operator']) retrieved from /home/airflow/.local/lib/python3.8/site-packages/airflow/example_dags/example_branch_day_of_week_operator.py
[2023-08-24T04:09:30.766+0000] {logging_mixin.py:151} INFO - [2023-08-24T04:09:30.766+0000] {dag.py:2907} INFO - Sync 1 DAGs
[2023-08-24T04:09:30.779+0000] {logging_mixin.py:151} INFO - [2023-08-24T04:09:30.779+0000] {dag.py:3677} INFO - Setting next_dagrun for example_weekday_branch_operator to 2023-08-23T00:00:00+00:00, run_after=2023-08-24T00:00:00+00:00
[2023-08-24T04:09:30.789+0000] {processor.py:179} INFO - Processing /home/airflow/.local/lib/python3.8/site-packages/airflow/example_dags/example_branch_day_of_week_operator.py took 0.050 seconds
[2023-08-24T04:10:01.420+0000] {processor.py:157} INFO - Started process (PID=1297) to work on /home/airflow/.local/lib/python3.8/site-packages/airflow/example_dags/example_branch_day_of_week_operator.py
[2023-08-24T04:10:01.421+0000] {processor.py:829} INFO - Processing file /home/airflow/.local/lib/python3.8/site-packages/airflow/example_dags/example_branch_day_of_week_operator.py for tasks to queue
[2023-08-24T04:10:01.423+0000] {logging_mixin.py:151} INFO - [2023-08-24T04:10:01.423+0000] {dagbag.py:539} INFO - Filling up the DagBag from /home/airflow/.local/lib/python3.8/site-packages/airflow/example_dags/example_branch_day_of_week_operator.py
[2023-08-24T04:10:01.429+0000] {processor.py:839} INFO - DAG(s) dict_keys(['example_weekday_branch_operator']) retrieved from /home/airflow/.local/lib/python3.8/site-packages/airflow/example_dags/example_branch_day_of_week_operator.py
[2023-08-24T04:10:01.446+0000] {logging_mixin.py:151} INFO - [2023-08-24T04:10:01.446+0000] {dag.py:2907} INFO - Sync 1 DAGs
[2023-08-24T04:10:01.459+0000] {logging_mixin.py:151} INFO - [2023-08-24T04:10:01.459+0000] {dag.py:3677} INFO - Setting next_dagrun for example_weekday_branch_operator to 2023-08-23T00:00:00+00:00, run_after=2023-08-24T00:00:00+00:00
[2023-08-24T04:10:01.470+0000] {processor.py:179} INFO - Processing /home/airflow/.local/lib/python3.8/site-packages/airflow/example_dags/example_branch_day_of_week_operator.py took 0.053 seconds
[2023-08-24T04:10:32.143+0000] {processor.py:157} INFO - Started process (PID=1360) to work on /home/airflow/.local/lib/python3.8/site-packages/airflow/example_dags/example_branch_day_of_week_operator.py
[2023-08-24T04:10:32.144+0000] {processor.py:829} INFO - Processing file /home/airflow/.local/lib/python3.8/site-packages/airflow/example_dags/example_branch_day_of_week_operator.py for tasks to queue
[2023-08-24T04:10:32.146+0000] {logging_mixin.py:151} INFO - [2023-08-24T04:10:32.146+0000] {dagbag.py:539} INFO - Filling up the DagBag from /home/airflow/.local/lib/python3.8/site-packages/airflow/example_dags/example_branch_day_of_week_operator.py
[2023-08-24T04:10:32.153+0000] {processor.py:839} INFO - DAG(s) dict_keys(['example_weekday_branch_operator']) retrieved from /home/airflow/.local/lib/python3.8/site-packages/airflow/example_dags/example_branch_day_of_week_operator.py
[2023-08-24T04:10:32.173+0000] {logging_mixin.py:151} INFO - [2023-08-24T04:10:32.173+0000] {dag.py:2907} INFO - Sync 1 DAGs
[2023-08-24T04:10:32.188+0000] {logging_mixin.py:151} INFO - [2023-08-24T04:10:32.188+0000] {dag.py:3677} INFO - Setting next_dagrun for example_weekday_branch_operator to 2023-08-23T00:00:00+00:00, run_after=2023-08-24T00:00:00+00:00
[2023-08-24T04:10:32.204+0000] {processor.py:179} INFO - Processing /home/airflow/.local/lib/python3.8/site-packages/airflow/example_dags/example_branch_day_of_week_operator.py took 0.064 seconds
[2023-08-24T04:11:02.798+0000] {processor.py:157} INFO - Started process (PID=1423) to work on /home/airflow/.local/lib/python3.8/site-packages/airflow/example_dags/example_branch_day_of_week_operator.py
[2023-08-24T04:11:02.799+0000] {processor.py:829} INFO - Processing file /home/airflow/.local/lib/python3.8/site-packages/airflow/example_dags/example_branch_day_of_week_operator.py for tasks to queue
[2023-08-24T04:11:02.801+0000] {logging_mixin.py:151} INFO - [2023-08-24T04:11:02.801+0000] {dagbag.py:539} INFO - Filling up the DagBag from /home/airflow/.local/lib/python3.8/site-packages/airflow/example_dags/example_branch_day_of_week_operator.py
[2023-08-24T04:11:02.807+0000] {processor.py:839} INFO - DAG(s) dict_keys(['example_weekday_branch_operator']) retrieved from /home/airflow/.local/lib/python3.8/site-packages/airflow/example_dags/example_branch_day_of_week_operator.py
[2023-08-24T04:11:02.824+0000] {logging_mixin.py:151} INFO - [2023-08-24T04:11:02.824+0000] {dag.py:2907} INFO - Sync 1 DAGs
[2023-08-24T04:11:02.837+0000] {logging_mixin.py:151} INFO - [2023-08-24T04:11:02.837+0000] {dag.py:3677} INFO - Setting next_dagrun for example_weekday_branch_operator to 2023-08-23T00:00:00+00:00, run_after=2023-08-24T00:00:00+00:00
[2023-08-24T04:11:02.851+0000] {processor.py:179} INFO - Processing /home/airflow/.local/lib/python3.8/site-packages/airflow/example_dags/example_branch_day_of_week_operator.py took 0.056 seconds
[2023-08-24T04:11:33.677+0000] {processor.py:157} INFO - Started process (PID=1486) to work on /home/airflow/.local/lib/python3.8/site-packages/airflow/example_dags/example_branch_day_of_week_operator.py
[2023-08-24T04:11:33.678+0000] {processor.py:829} INFO - Processing file /home/airflow/.local/lib/python3.8/site-packages/airflow/example_dags/example_branch_day_of_week_operator.py for tasks to queue
[2023-08-24T04:11:33.680+0000] {logging_mixin.py:151} INFO - [2023-08-24T04:11:33.680+0000] {dagbag.py:539} INFO - Filling up the DagBag from /home/airflow/.local/lib/python3.8/site-packages/airflow/example_dags/example_branch_day_of_week_operator.py
[2023-08-24T04:11:33.686+0000] {processor.py:839} INFO - DAG(s) dict_keys(['example_weekday_branch_operator']) retrieved from /home/airflow/.local/lib/python3.8/site-packages/airflow/example_dags/example_branch_day_of_week_operator.py
[2023-08-24T04:11:33.704+0000] {logging_mixin.py:151} INFO - [2023-08-24T04:11:33.704+0000] {dag.py:2907} INFO - Sync 1 DAGs
[2023-08-24T04:11:33.719+0000] {logging_mixin.py:151} INFO - [2023-08-24T04:11:33.719+0000] {dag.py:3677} INFO - Setting next_dagrun for example_weekday_branch_operator to 2023-08-23T00:00:00+00:00, run_after=2023-08-24T00:00:00+00:00
[2023-08-24T04:11:33.732+0000] {processor.py:179} INFO - Processing /home/airflow/.local/lib/python3.8/site-packages/airflow/example_dags/example_branch_day_of_week_operator.py took 0.058 seconds
[2023-08-24T04:12:04.423+0000] {processor.py:157} INFO - Started process (PID=1549) to work on /home/airflow/.local/lib/python3.8/site-packages/airflow/example_dags/example_branch_day_of_week_operator.py
[2023-08-24T04:12:04.424+0000] {processor.py:829} INFO - Processing file /home/airflow/.local/lib/python3.8/site-packages/airflow/example_dags/example_branch_day_of_week_operator.py for tasks to queue
[2023-08-24T04:12:04.426+0000] {logging_mixin.py:151} INFO - [2023-08-24T04:12:04.426+0000] {dagbag.py:539} INFO - Filling up the DagBag from /home/airflow/.local/lib/python3.8/site-packages/airflow/example_dags/example_branch_day_of_week_operator.py
[2023-08-24T04:12:04.432+0000] {processor.py:839} INFO - DAG(s) dict_keys(['example_weekday_branch_operator']) retrieved from /home/airflow/.local/lib/python3.8/site-packages/airflow/example_dags/example_branch_day_of_week_operator.py
[2023-08-24T04:12:04.448+0000] {logging_mixin.py:151} INFO - [2023-08-24T04:12:04.448+0000] {dag.py:2907} INFO - Sync 1 DAGs
[2023-08-24T04:12:04.460+0000] {logging_mixin.py:151} INFO - [2023-08-24T04:12:04.460+0000] {dag.py:3677} INFO - Setting next_dagrun for example_weekday_branch_operator to 2023-08-23T00:00:00+00:00, run_after=2023-08-24T00:00:00+00:00
[2023-08-24T04:12:04.469+0000] {processor.py:179} INFO - Processing /home/airflow/.local/lib/python3.8/site-packages/airflow/example_dags/example_branch_day_of_week_operator.py took 0.048 seconds
[2023-08-24T04:12:35.068+0000] {processor.py:157} INFO - Started process (PID=1612) to work on /home/airflow/.local/lib/python3.8/site-packages/airflow/example_dags/example_branch_day_of_week_operator.py
[2023-08-24T04:12:35.069+0000] {processor.py:829} INFO - Processing file /home/airflow/.local/lib/python3.8/site-packages/airflow/example_dags/example_branch_day_of_week_operator.py for tasks to queue
[2023-08-24T04:12:35.071+0000] {logging_mixin.py:151} INFO - [2023-08-24T04:12:35.071+0000] {dagbag.py:539} INFO - Filling up the DagBag from /home/airflow/.local/lib/python3.8/site-packages/airflow/example_dags/example_branch_day_of_week_operator.py
[2023-08-24T04:12:35.077+0000] {processor.py:839} INFO - DAG(s) dict_keys(['example_weekday_branch_operator']) retrieved from /home/airflow/.local/lib/python3.8/site-packages/airflow/example_dags/example_branch_day_of_week_operator.py
[2023-08-24T04:12:35.093+0000] {logging_mixin.py:151} INFO - [2023-08-24T04:12:35.093+0000] {dag.py:2907} INFO - Sync 1 DAGs
[2023-08-24T04:12:35.106+0000] {logging_mixin.py:151} INFO - [2023-08-24T04:12:35.106+0000] {dag.py:3677} INFO - Setting next_dagrun for example_weekday_branch_operator to 2023-08-23T00:00:00+00:00, run_after=2023-08-24T00:00:00+00:00
[2023-08-24T04:12:35.116+0000] {processor.py:179} INFO - Processing /home/airflow/.local/lib/python3.8/site-packages/airflow/example_dags/example_branch_day_of_week_operator.py took 0.050 seconds
[2023-08-24T04:13:05.844+0000] {processor.py:157} INFO - Started process (PID=1675) to work on /home/airflow/.local/lib/python3.8/site-packages/airflow/example_dags/example_branch_day_of_week_operator.py
[2023-08-24T04:13:05.845+0000] {processor.py:829} INFO - Processing file /home/airflow/.local/lib/python3.8/site-packages/airflow/example_dags/example_branch_day_of_week_operator.py for tasks to queue
[2023-08-24T04:13:05.847+0000] {logging_mixin.py:151} INFO - [2023-08-24T04:13:05.846+0000] {dagbag.py:539} INFO - Filling up the DagBag from /home/airflow/.local/lib/python3.8/site-packages/airflow/example_dags/example_branch_day_of_week_operator.py
[2023-08-24T04:13:05.852+0000] {processor.py:839} INFO - DAG(s) dict_keys(['example_weekday_branch_operator']) retrieved from /home/airflow/.local/lib/python3.8/site-packages/airflow/example_dags/example_branch_day_of_week_operator.py
[2023-08-24T04:13:05.869+0000] {logging_mixin.py:151} INFO - [2023-08-24T04:13:05.869+0000] {dag.py:2907} INFO - Sync 1 DAGs
[2023-08-24T04:13:05.882+0000] {logging_mixin.py:151} INFO - [2023-08-24T04:13:05.882+0000] {dag.py:3677} INFO - Setting next_dagrun for example_weekday_branch_operator to 2023-08-23T00:00:00+00:00, run_after=2023-08-24T00:00:00+00:00
[2023-08-24T04:13:05.892+0000] {processor.py:179} INFO - Processing /home/airflow/.local/lib/python3.8/site-packages/airflow/example_dags/example_branch_day_of_week_operator.py took 0.051 seconds
[2023-08-24T04:13:36.488+0000] {processor.py:157} INFO - Started process (PID=1738) to work on /home/airflow/.local/lib/python3.8/site-packages/airflow/example_dags/example_branch_day_of_week_operator.py
[2023-08-24T04:13:36.489+0000] {processor.py:829} INFO - Processing file /home/airflow/.local/lib/python3.8/site-packages/airflow/example_dags/example_branch_day_of_week_operator.py for tasks to queue
[2023-08-24T04:13:36.491+0000] {logging_mixin.py:151} INFO - [2023-08-24T04:13:36.490+0000] {dagbag.py:539} INFO - Filling up the DagBag from /home/airflow/.local/lib/python3.8/site-packages/airflow/example_dags/example_branch_day_of_week_operator.py
[2023-08-24T04:13:36.496+0000] {processor.py:839} INFO - DAG(s) dict_keys(['example_weekday_branch_operator']) retrieved from /home/airflow/.local/lib/python3.8/site-packages/airflow/example_dags/example_branch_day_of_week_operator.py
[2023-08-24T04:13:36.513+0000] {logging_mixin.py:151} INFO - [2023-08-24T04:13:36.513+0000] {dag.py:2907} INFO - Sync 1 DAGs
[2023-08-24T04:13:36.527+0000] {logging_mixin.py:151} INFO - [2023-08-24T04:13:36.527+0000] {dag.py:3677} INFO - Setting next_dagrun for example_weekday_branch_operator to 2023-08-23T00:00:00+00:00, run_after=2023-08-24T00:00:00+00:00
[2023-08-24T04:13:36.539+0000] {processor.py:179} INFO - Processing /home/airflow/.local/lib/python3.8/site-packages/airflow/example_dags/example_branch_day_of_week_operator.py took 0.054 seconds
[2023-08-24T04:14:07.335+0000] {processor.py:157} INFO - Started process (PID=1801) to work on /home/airflow/.local/lib/python3.8/site-packages/airflow/example_dags/example_branch_day_of_week_operator.py
[2023-08-24T04:14:07.336+0000] {processor.py:829} INFO - Processing file /home/airflow/.local/lib/python3.8/site-packages/airflow/example_dags/example_branch_day_of_week_operator.py for tasks to queue
[2023-08-24T04:14:07.338+0000] {logging_mixin.py:151} INFO - [2023-08-24T04:14:07.338+0000] {dagbag.py:539} INFO - Filling up the DagBag from /home/airflow/.local/lib/python3.8/site-packages/airflow/example_dags/example_branch_day_of_week_operator.py
[2023-08-24T04:14:07.345+0000] {processor.py:839} INFO - DAG(s) dict_keys(['example_weekday_branch_operator']) retrieved from /home/airflow/.local/lib/python3.8/site-packages/airflow/example_dags/example_branch_day_of_week_operator.py
[2023-08-24T04:14:07.363+0000] {logging_mixin.py:151} INFO - [2023-08-24T04:14:07.363+0000] {dag.py:2907} INFO - Sync 1 DAGs
[2023-08-24T04:14:07.377+0000] {logging_mixin.py:151} INFO - [2023-08-24T04:14:07.377+0000] {dag.py:3677} INFO - Setting next_dagrun for example_weekday_branch_operator to 2023-08-23T00:00:00+00:00, run_after=2023-08-24T00:00:00+00:00
[2023-08-24T04:14:07.386+0000] {processor.py:179} INFO - Processing /home/airflow/.local/lib/python3.8/site-packages/airflow/example_dags/example_branch_day_of_week_operator.py took 0.055 seconds
[2023-08-24T04:14:37.449+0000] {processor.py:157} INFO - Started process (PID=1864) to work on /home/airflow/.local/lib/python3.8/site-packages/airflow/example_dags/example_branch_day_of_week_operator.py
[2023-08-24T04:14:37.450+0000] {processor.py:829} INFO - Processing file /home/airflow/.local/lib/python3.8/site-packages/airflow/example_dags/example_branch_day_of_week_operator.py for tasks to queue
[2023-08-24T04:14:37.452+0000] {logging_mixin.py:151} INFO - [2023-08-24T04:14:37.451+0000] {dagbag.py:539} INFO - Filling up the DagBag from /home/airflow/.local/lib/python3.8/site-packages/airflow/example_dags/example_branch_day_of_week_operator.py
[2023-08-24T04:14:37.457+0000] {processor.py:839} INFO - DAG(s) dict_keys(['example_weekday_branch_operator']) retrieved from /home/airflow/.local/lib/python3.8/site-packages/airflow/example_dags/example_branch_day_of_week_operator.py
[2023-08-24T04:14:37.474+0000] {logging_mixin.py:151} INFO - [2023-08-24T04:14:37.474+0000] {dag.py:2907} INFO - Sync 1 DAGs
[2023-08-24T04:14:37.487+0000] {logging_mixin.py:151} INFO - [2023-08-24T04:14:37.487+0000] {dag.py:3677} INFO - Setting next_dagrun for example_weekday_branch_operator to 2023-08-23T00:00:00+00:00, run_after=2023-08-24T00:00:00+00:00
[2023-08-24T04:14:37.496+0000] {processor.py:179} INFO - Processing /home/airflow/.local/lib/python3.8/site-packages/airflow/example_dags/example_branch_day_of_week_operator.py took 0.049 seconds
[2023-08-24T04:15:08.312+0000] {processor.py:157} INFO - Started process (PID=1927) to work on /home/airflow/.local/lib/python3.8/site-packages/airflow/example_dags/example_branch_day_of_week_operator.py
[2023-08-24T04:15:08.313+0000] {processor.py:829} INFO - Processing file /home/airflow/.local/lib/python3.8/site-packages/airflow/example_dags/example_branch_day_of_week_operator.py for tasks to queue
[2023-08-24T04:15:08.315+0000] {logging_mixin.py:151} INFO - [2023-08-24T04:15:08.314+0000] {dagbag.py:539} INFO - Filling up the DagBag from /home/airflow/.local/lib/python3.8/site-packages/airflow/example_dags/example_branch_day_of_week_operator.py
[2023-08-24T04:15:08.320+0000] {processor.py:839} INFO - DAG(s) dict_keys(['example_weekday_branch_operator']) retrieved from /home/airflow/.local/lib/python3.8/site-packages/airflow/example_dags/example_branch_day_of_week_operator.py
[2023-08-24T04:15:08.336+0000] {logging_mixin.py:151} INFO - [2023-08-24T04:15:08.336+0000] {dag.py:2907} INFO - Sync 1 DAGs
[2023-08-24T04:15:08.349+0000] {logging_mixin.py:151} INFO - [2023-08-24T04:15:08.349+0000] {dag.py:3677} INFO - Setting next_dagrun for example_weekday_branch_operator to 2023-08-23T00:00:00+00:00, run_after=2023-08-24T00:00:00+00:00
[2023-08-24T04:15:08.359+0000] {processor.py:179} INFO - Processing /home/airflow/.local/lib/python3.8/site-packages/airflow/example_dags/example_branch_day_of_week_operator.py took 0.049 seconds
[2023-08-24T04:15:39.204+0000] {processor.py:157} INFO - Started process (PID=1989) to work on /home/airflow/.local/lib/python3.8/site-packages/airflow/example_dags/example_branch_day_of_week_operator.py
[2023-08-24T04:15:39.205+0000] {processor.py:829} INFO - Processing file /home/airflow/.local/lib/python3.8/site-packages/airflow/example_dags/example_branch_day_of_week_operator.py for tasks to queue
[2023-08-24T04:15:39.207+0000] {logging_mixin.py:151} INFO - [2023-08-24T04:15:39.206+0000] {dagbag.py:539} INFO - Filling up the DagBag from /home/airflow/.local/lib/python3.8/site-packages/airflow/example_dags/example_branch_day_of_week_operator.py
[2023-08-24T04:15:39.212+0000] {processor.py:839} INFO - DAG(s) dict_keys(['example_weekday_branch_operator']) retrieved from /home/airflow/.local/lib/python3.8/site-packages/airflow/example_dags/example_branch_day_of_week_operator.py
[2023-08-24T04:15:39.230+0000] {logging_mixin.py:151} INFO - [2023-08-24T04:15:39.230+0000] {dag.py:2907} INFO - Sync 1 DAGs
[2023-08-24T04:15:39.243+0000] {logging_mixin.py:151} INFO - [2023-08-24T04:15:39.243+0000] {dag.py:3677} INFO - Setting next_dagrun for example_weekday_branch_operator to 2023-08-23T00:00:00+00:00, run_after=2023-08-24T00:00:00+00:00
[2023-08-24T04:15:39.254+0000] {processor.py:179} INFO - Processing /home/airflow/.local/lib/python3.8/site-packages/airflow/example_dags/example_branch_day_of_week_operator.py took 0.053 seconds
[2023-08-24T04:16:09.956+0000] {processor.py:157} INFO - Started process (PID=2052) to work on /home/airflow/.local/lib/python3.8/site-packages/airflow/example_dags/example_branch_day_of_week_operator.py
[2023-08-24T04:16:09.957+0000] {processor.py:829} INFO - Processing file /home/airflow/.local/lib/python3.8/site-packages/airflow/example_dags/example_branch_day_of_week_operator.py for tasks to queue
[2023-08-24T04:16:09.959+0000] {logging_mixin.py:151} INFO - [2023-08-24T04:16:09.959+0000] {dagbag.py:539} INFO - Filling up the DagBag from /home/airflow/.local/lib/python3.8/site-packages/airflow/example_dags/example_branch_day_of_week_operator.py
[2023-08-24T04:16:09.964+0000] {processor.py:839} INFO - DAG(s) dict_keys(['example_weekday_branch_operator']) retrieved from /home/airflow/.local/lib/python3.8/site-packages/airflow/example_dags/example_branch_day_of_week_operator.py
[2023-08-24T04:16:09.982+0000] {logging_mixin.py:151} INFO - [2023-08-24T04:16:09.982+0000] {dag.py:2907} INFO - Sync 1 DAGs
[2023-08-24T04:16:09.996+0000] {logging_mixin.py:151} INFO - [2023-08-24T04:16:09.996+0000] {dag.py:3677} INFO - Setting next_dagrun for example_weekday_branch_operator to 2023-08-23T00:00:00+00:00, run_after=2023-08-24T00:00:00+00:00
[2023-08-24T04:16:10.006+0000] {processor.py:179} INFO - Processing /home/airflow/.local/lib/python3.8/site-packages/airflow/example_dags/example_branch_day_of_week_operator.py took 0.053 seconds
[2023-08-24T04:16:40.730+0000] {processor.py:157} INFO - Started process (PID=2115) to work on /home/airflow/.local/lib/python3.8/site-packages/airflow/example_dags/example_branch_day_of_week_operator.py
[2023-08-24T04:16:40.731+0000] {processor.py:829} INFO - Processing file /home/airflow/.local/lib/python3.8/site-packages/airflow/example_dags/example_branch_day_of_week_operator.py for tasks to queue
[2023-08-24T04:16:40.733+0000] {logging_mixin.py:151} INFO - [2023-08-24T04:16:40.732+0000] {dagbag.py:539} INFO - Filling up the DagBag from /home/airflow/.local/lib/python3.8/site-packages/airflow/example_dags/example_branch_day_of_week_operator.py
[2023-08-24T04:16:40.738+0000] {processor.py:839} INFO - DAG(s) dict_keys(['example_weekday_branch_operator']) retrieved from /home/airflow/.local/lib/python3.8/site-packages/airflow/example_dags/example_branch_day_of_week_operator.py
[2023-08-24T04:16:40.754+0000] {logging_mixin.py:151} INFO - [2023-08-24T04:16:40.754+0000] {dag.py:2907} INFO - Sync 1 DAGs
[2023-08-24T04:16:40.767+0000] {logging_mixin.py:151} INFO - [2023-08-24T04:16:40.767+0000] {dag.py:3677} INFO - Setting next_dagrun for example_weekday_branch_operator to 2023-08-23T00:00:00+00:00, run_after=2023-08-24T00:00:00+00:00
[2023-08-24T04:16:40.778+0000] {processor.py:179} INFO - Processing /home/airflow/.local/lib/python3.8/site-packages/airflow/example_dags/example_branch_day_of_week_operator.py took 0.051 seconds
[2023-08-24T04:17:11.556+0000] {processor.py:157} INFO - Started process (PID=2178) to work on /home/airflow/.local/lib/python3.8/site-packages/airflow/example_dags/example_branch_day_of_week_operator.py
[2023-08-24T04:17:11.557+0000] {processor.py:829} INFO - Processing file /home/airflow/.local/lib/python3.8/site-packages/airflow/example_dags/example_branch_day_of_week_operator.py for tasks to queue
[2023-08-24T04:17:11.560+0000] {logging_mixin.py:151} INFO - [2023-08-24T04:17:11.559+0000] {dagbag.py:539} INFO - Filling up the DagBag from /home/airflow/.local/lib/python3.8/site-packages/airflow/example_dags/example_branch_day_of_week_operator.py
[2023-08-24T04:17:11.566+0000] {processor.py:839} INFO - DAG(s) dict_keys(['example_weekday_branch_operator']) retrieved from /home/airflow/.local/lib/python3.8/site-packages/airflow/example_dags/example_branch_day_of_week_operator.py
[2023-08-24T04:17:11.584+0000] {logging_mixin.py:151} INFO - [2023-08-24T04:17:11.584+0000] {dag.py:2907} INFO - Sync 1 DAGs
[2023-08-24T04:17:11.597+0000] {logging_mixin.py:151} INFO - [2023-08-24T04:17:11.597+0000] {dag.py:3677} INFO - Setting next_dagrun for example_weekday_branch_operator to 2023-08-23T00:00:00+00:00, run_after=2023-08-24T00:00:00+00:00
[2023-08-24T04:17:11.607+0000] {processor.py:179} INFO - Processing /home/airflow/.local/lib/python3.8/site-packages/airflow/example_dags/example_branch_day_of_week_operator.py took 0.054 seconds
[2023-08-24T04:17:41.666+0000] {processor.py:157} INFO - Started process (PID=2245) to work on /home/airflow/.local/lib/python3.8/site-packages/airflow/example_dags/example_branch_day_of_week_operator.py
[2023-08-24T04:17:41.667+0000] {processor.py:829} INFO - Processing file /home/airflow/.local/lib/python3.8/site-packages/airflow/example_dags/example_branch_day_of_week_operator.py for tasks to queue
[2023-08-24T04:17:41.669+0000] {logging_mixin.py:151} INFO - [2023-08-24T04:17:41.669+0000] {dagbag.py:539} INFO - Filling up the DagBag from /home/airflow/.local/lib/python3.8/site-packages/airflow/example_dags/example_branch_day_of_week_operator.py
[2023-08-24T04:17:41.675+0000] {processor.py:839} INFO - DAG(s) dict_keys(['example_weekday_branch_operator']) retrieved from /home/airflow/.local/lib/python3.8/site-packages/airflow/example_dags/example_branch_day_of_week_operator.py
[2023-08-24T04:17:41.692+0000] {logging_mixin.py:151} INFO - [2023-08-24T04:17:41.692+0000] {dag.py:2907} INFO - Sync 1 DAGs
[2023-08-24T04:17:41.704+0000] {logging_mixin.py:151} INFO - [2023-08-24T04:17:41.704+0000] {dag.py:3677} INFO - Setting next_dagrun for example_weekday_branch_operator to 2023-08-23T00:00:00+00:00, run_after=2023-08-24T00:00:00+00:00
[2023-08-24T04:17:41.714+0000] {processor.py:179} INFO - Processing /home/airflow/.local/lib/python3.8/site-packages/airflow/example_dags/example_branch_day_of_week_operator.py took 0.051 seconds
[2023-08-24T04:18:12.628+0000] {processor.py:157} INFO - Started process (PID=2314) to work on /home/airflow/.local/lib/python3.8/site-packages/airflow/example_dags/example_branch_day_of_week_operator.py
[2023-08-24T04:18:12.629+0000] {processor.py:829} INFO - Processing file /home/airflow/.local/lib/python3.8/site-packages/airflow/example_dags/example_branch_day_of_week_operator.py for tasks to queue
[2023-08-24T04:18:12.631+0000] {logging_mixin.py:151} INFO - [2023-08-24T04:18:12.631+0000] {dagbag.py:539} INFO - Filling up the DagBag from /home/airflow/.local/lib/python3.8/site-packages/airflow/example_dags/example_branch_day_of_week_operator.py
[2023-08-24T04:18:12.637+0000] {processor.py:839} INFO - DAG(s) dict_keys(['example_weekday_branch_operator']) retrieved from /home/airflow/.local/lib/python3.8/site-packages/airflow/example_dags/example_branch_day_of_week_operator.py
[2023-08-24T04:18:12.653+0000] {logging_mixin.py:151} INFO - [2023-08-24T04:18:12.653+0000] {dag.py:2907} INFO - Sync 1 DAGs
[2023-08-24T04:18:12.665+0000] {logging_mixin.py:151} INFO - [2023-08-24T04:18:12.665+0000] {dag.py:3677} INFO - Setting next_dagrun for example_weekday_branch_operator to 2023-08-23T00:00:00+00:00, run_after=2023-08-24T00:00:00+00:00
[2023-08-24T04:18:12.676+0000] {processor.py:179} INFO - Processing /home/airflow/.local/lib/python3.8/site-packages/airflow/example_dags/example_branch_day_of_week_operator.py took 0.050 seconds
[2023-08-24T04:24:28.165+0000] {processor.py:157} INFO - Started process (PID=38) to work on /home/airflow/.local/lib/python3.8/site-packages/airflow/example_dags/example_branch_day_of_week_operator.py
[2023-08-24T04:24:28.166+0000] {processor.py:829} INFO - Processing file /home/airflow/.local/lib/python3.8/site-packages/airflow/example_dags/example_branch_day_of_week_operator.py for tasks to queue
[2023-08-24T04:24:28.168+0000] {logging_mixin.py:151} INFO - [2023-08-24T04:24:28.167+0000] {dagbag.py:539} INFO - Filling up the DagBag from /home/airflow/.local/lib/python3.8/site-packages/airflow/example_dags/example_branch_day_of_week_operator.py
[2023-08-24T04:24:28.178+0000] {processor.py:839} INFO - DAG(s) dict_keys(['example_weekday_branch_operator']) retrieved from /home/airflow/.local/lib/python3.8/site-packages/airflow/example_dags/example_branch_day_of_week_operator.py
[2023-08-24T04:24:28.284+0000] {logging_mixin.py:151} INFO - [2023-08-24T04:24:28.284+0000] {dag.py:2907} INFO - Sync 1 DAGs
[2023-08-24T04:24:28.296+0000] {logging_mixin.py:151} INFO - [2023-08-24T04:24:28.296+0000] {dag.py:3677} INFO - Setting next_dagrun for example_weekday_branch_operator to 2023-08-23T00:00:00+00:00, run_after=2023-08-24T00:00:00+00:00
[2023-08-24T04:24:28.305+0000] {processor.py:179} INFO - Processing /home/airflow/.local/lib/python3.8/site-packages/airflow/example_dags/example_branch_day_of_week_operator.py took 0.143 seconds
[2023-08-24T04:24:59.185+0000] {processor.py:157} INFO - Started process (PID=101) to work on /home/airflow/.local/lib/python3.8/site-packages/airflow/example_dags/example_branch_day_of_week_operator.py
[2023-08-24T04:24:59.187+0000] {processor.py:829} INFO - Processing file /home/airflow/.local/lib/python3.8/site-packages/airflow/example_dags/example_branch_day_of_week_operator.py for tasks to queue
[2023-08-24T04:24:59.188+0000] {logging_mixin.py:151} INFO - [2023-08-24T04:24:59.188+0000] {dagbag.py:539} INFO - Filling up the DagBag from /home/airflow/.local/lib/python3.8/site-packages/airflow/example_dags/example_branch_day_of_week_operator.py
[2023-08-24T04:24:59.194+0000] {processor.py:839} INFO - DAG(s) dict_keys(['example_weekday_branch_operator']) retrieved from /home/airflow/.local/lib/python3.8/site-packages/airflow/example_dags/example_branch_day_of_week_operator.py
[2023-08-24T04:24:59.210+0000] {logging_mixin.py:151} INFO - [2023-08-24T04:24:59.209+0000] {dag.py:2907} INFO - Sync 1 DAGs
[2023-08-24T04:24:59.223+0000] {logging_mixin.py:151} INFO - [2023-08-24T04:24:59.223+0000] {dag.py:3677} INFO - Setting next_dagrun for example_weekday_branch_operator to 2023-08-23T00:00:00+00:00, run_after=2023-08-24T00:00:00+00:00
[2023-08-24T04:24:59.233+0000] {processor.py:179} INFO - Processing /home/airflow/.local/lib/python3.8/site-packages/airflow/example_dags/example_branch_day_of_week_operator.py took 0.050 seconds
[2023-08-24T04:26:37.860+0000] {processor.py:157} INFO - Started process (PID=38) to work on /home/airflow/.local/lib/python3.8/site-packages/airflow/example_dags/example_branch_day_of_week_operator.py
[2023-08-24T04:26:37.861+0000] {processor.py:829} INFO - Processing file /home/airflow/.local/lib/python3.8/site-packages/airflow/example_dags/example_branch_day_of_week_operator.py for tasks to queue
[2023-08-24T04:26:37.864+0000] {logging_mixin.py:151} INFO - [2023-08-24T04:26:37.863+0000] {dagbag.py:539} INFO - Filling up the DagBag from /home/airflow/.local/lib/python3.8/site-packages/airflow/example_dags/example_branch_day_of_week_operator.py
[2023-08-24T04:26:37.874+0000] {processor.py:839} INFO - DAG(s) dict_keys(['example_weekday_branch_operator']) retrieved from /home/airflow/.local/lib/python3.8/site-packages/airflow/example_dags/example_branch_day_of_week_operator.py
[2023-08-24T04:26:37.886+0000] {logging_mixin.py:151} INFO - [2023-08-24T04:26:37.886+0000] {dag.py:2907} INFO - Sync 1 DAGs
[2023-08-24T04:26:37.991+0000] {logging_mixin.py:151} INFO - [2023-08-24T04:26:37.991+0000] {dag.py:3677} INFO - Setting next_dagrun for example_weekday_branch_operator to 2023-08-23T00:00:00+00:00, run_after=2023-08-24T00:00:00+00:00
[2023-08-24T04:26:38.000+0000] {processor.py:179} INFO - Processing /home/airflow/.local/lib/python3.8/site-packages/airflow/example_dags/example_branch_day_of_week_operator.py took 0.143 seconds
[2023-08-24T04:27:08.211+0000] {processor.py:157} INFO - Started process (PID=100) to work on /home/airflow/.local/lib/python3.8/site-packages/airflow/example_dags/example_branch_day_of_week_operator.py
[2023-08-24T04:27:08.212+0000] {processor.py:829} INFO - Processing file /home/airflow/.local/lib/python3.8/site-packages/airflow/example_dags/example_branch_day_of_week_operator.py for tasks to queue
[2023-08-24T04:27:08.214+0000] {logging_mixin.py:151} INFO - [2023-08-24T04:27:08.214+0000] {dagbag.py:539} INFO - Filling up the DagBag from /home/airflow/.local/lib/python3.8/site-packages/airflow/example_dags/example_branch_day_of_week_operator.py
[2023-08-24T04:27:08.219+0000] {processor.py:839} INFO - DAG(s) dict_keys(['example_weekday_branch_operator']) retrieved from /home/airflow/.local/lib/python3.8/site-packages/airflow/example_dags/example_branch_day_of_week_operator.py
[2023-08-24T04:27:08.236+0000] {logging_mixin.py:151} INFO - [2023-08-24T04:27:08.236+0000] {dag.py:2907} INFO - Sync 1 DAGs
[2023-08-24T04:27:08.249+0000] {logging_mixin.py:151} INFO - [2023-08-24T04:27:08.249+0000] {dag.py:3677} INFO - Setting next_dagrun for example_weekday_branch_operator to 2023-08-23T00:00:00+00:00, run_after=2023-08-24T00:00:00+00:00
[2023-08-24T04:27:08.259+0000] {processor.py:179} INFO - Processing /home/airflow/.local/lib/python3.8/site-packages/airflow/example_dags/example_branch_day_of_week_operator.py took 0.050 seconds
