[2023-08-24T03:04:54.464+0000] {processor.py:157} INFO - Started process (PID=66) to work on /home/airflow/.local/lib/python3.8/site-packages/airflow/example_dags/example_complex.py
[2023-08-24T03:04:54.467+0000] {processor.py:829} INFO - Processing file /home/airflow/.local/lib/python3.8/site-packages/airflow/example_dags/example_complex.py for tasks to queue
[2023-08-24T03:04:54.469+0000] {logging_mixin.py:151} INFO - [2023-08-24T03:04:54.469+0000] {dagbag.py:539} INFO - Filling up the DagBag from /home/airflow/.local/lib/python3.8/site-packages/airflow/example_dags/example_complex.py
[2023-08-24T03:04:54.478+0000] {processor.py:839} INFO - DAG(s) dict_keys(['example_complex']) retrieved from /home/airflow/.local/lib/python3.8/site-packages/airflow/example_dags/example_complex.py
[2023-08-24T03:04:54.500+0000] {logging_mixin.py:151} INFO - [2023-08-24T03:04:54.500+0000] {dag.py:2907} INFO - Sync 1 DAGs
[2023-08-24T03:04:54.515+0000] {logging_mixin.py:151} INFO - [2023-08-24T03:04:54.514+0000] {dag.py:3677} INFO - Setting next_dagrun for example_complex to None, run_after=None
[2023-08-24T03:04:54.529+0000] {processor.py:179} INFO - Processing /home/airflow/.local/lib/python3.8/site-packages/airflow/example_dags/example_complex.py took 0.068 seconds
[2023-08-24T03:05:24.951+0000] {processor.py:157} INFO - Started process (PID=129) to work on /home/airflow/.local/lib/python3.8/site-packages/airflow/example_dags/example_complex.py
[2023-08-24T03:05:24.952+0000] {processor.py:829} INFO - Processing file /home/airflow/.local/lib/python3.8/site-packages/airflow/example_dags/example_complex.py for tasks to queue
[2023-08-24T03:05:24.955+0000] {logging_mixin.py:151} INFO - [2023-08-24T03:05:24.954+0000] {dagbag.py:539} INFO - Filling up the DagBag from /home/airflow/.local/lib/python3.8/site-packages/airflow/example_dags/example_complex.py
[2023-08-24T03:05:24.961+0000] {processor.py:839} INFO - DAG(s) dict_keys(['example_complex']) retrieved from /home/airflow/.local/lib/python3.8/site-packages/airflow/example_dags/example_complex.py
[2023-08-24T03:05:24.982+0000] {logging_mixin.py:151} INFO - [2023-08-24T03:05:24.982+0000] {dag.py:2907} INFO - Sync 1 DAGs
[2023-08-24T03:05:24.990+0000] {logging_mixin.py:151} INFO - [2023-08-24T03:05:24.990+0000] {dag.py:3677} INFO - Setting next_dagrun for example_complex to None, run_after=None
[2023-08-24T03:05:25.001+0000] {processor.py:179} INFO - Processing /home/airflow/.local/lib/python3.8/site-packages/airflow/example_dags/example_complex.py took 0.051 seconds
[2023-08-24T03:05:55.902+0000] {processor.py:157} INFO - Started process (PID=192) to work on /home/airflow/.local/lib/python3.8/site-packages/airflow/example_dags/example_complex.py
[2023-08-24T03:05:55.903+0000] {processor.py:829} INFO - Processing file /home/airflow/.local/lib/python3.8/site-packages/airflow/example_dags/example_complex.py for tasks to queue
[2023-08-24T03:05:55.905+0000] {logging_mixin.py:151} INFO - [2023-08-24T03:05:55.905+0000] {dagbag.py:539} INFO - Filling up the DagBag from /home/airflow/.local/lib/python3.8/site-packages/airflow/example_dags/example_complex.py
[2023-08-24T03:05:55.913+0000] {processor.py:839} INFO - DAG(s) dict_keys(['example_complex']) retrieved from /home/airflow/.local/lib/python3.8/site-packages/airflow/example_dags/example_complex.py
[2023-08-24T03:05:55.942+0000] {logging_mixin.py:151} INFO - [2023-08-24T03:05:55.942+0000] {dag.py:2907} INFO - Sync 1 DAGs
[2023-08-24T03:05:55.950+0000] {logging_mixin.py:151} INFO - [2023-08-24T03:05:55.950+0000] {dag.py:3677} INFO - Setting next_dagrun for example_complex to None, run_after=None
[2023-08-24T03:05:55.961+0000] {processor.py:179} INFO - Processing /home/airflow/.local/lib/python3.8/site-packages/airflow/example_dags/example_complex.py took 0.062 seconds
[2023-08-24T03:06:26.887+0000] {processor.py:157} INFO - Started process (PID=255) to work on /home/airflow/.local/lib/python3.8/site-packages/airflow/example_dags/example_complex.py
[2023-08-24T03:06:26.888+0000] {processor.py:829} INFO - Processing file /home/airflow/.local/lib/python3.8/site-packages/airflow/example_dags/example_complex.py for tasks to queue
[2023-08-24T03:06:26.891+0000] {logging_mixin.py:151} INFO - [2023-08-24T03:06:26.890+0000] {dagbag.py:539} INFO - Filling up the DagBag from /home/airflow/.local/lib/python3.8/site-packages/airflow/example_dags/example_complex.py
[2023-08-24T03:06:26.897+0000] {processor.py:839} INFO - DAG(s) dict_keys(['example_complex']) retrieved from /home/airflow/.local/lib/python3.8/site-packages/airflow/example_dags/example_complex.py
[2023-08-24T03:06:26.918+0000] {logging_mixin.py:151} INFO - [2023-08-24T03:06:26.918+0000] {dag.py:2907} INFO - Sync 1 DAGs
[2023-08-24T03:06:26.926+0000] {logging_mixin.py:151} INFO - [2023-08-24T03:06:26.926+0000] {dag.py:3677} INFO - Setting next_dagrun for example_complex to None, run_after=None
[2023-08-24T03:06:26.936+0000] {processor.py:179} INFO - Processing /home/airflow/.local/lib/python3.8/site-packages/airflow/example_dags/example_complex.py took 0.052 seconds
[2023-08-24T03:06:57.699+0000] {processor.py:157} INFO - Started process (PID=318) to work on /home/airflow/.local/lib/python3.8/site-packages/airflow/example_dags/example_complex.py
[2023-08-24T03:06:57.700+0000] {processor.py:829} INFO - Processing file /home/airflow/.local/lib/python3.8/site-packages/airflow/example_dags/example_complex.py for tasks to queue
[2023-08-24T03:06:57.704+0000] {logging_mixin.py:151} INFO - [2023-08-24T03:06:57.703+0000] {dagbag.py:539} INFO - Filling up the DagBag from /home/airflow/.local/lib/python3.8/site-packages/airflow/example_dags/example_complex.py
[2023-08-24T03:06:57.713+0000] {processor.py:839} INFO - DAG(s) dict_keys(['example_complex']) retrieved from /home/airflow/.local/lib/python3.8/site-packages/airflow/example_dags/example_complex.py
[2023-08-24T03:06:57.745+0000] {logging_mixin.py:151} INFO - [2023-08-24T03:06:57.745+0000] {dag.py:2907} INFO - Sync 1 DAGs
[2023-08-24T03:06:57.757+0000] {logging_mixin.py:151} INFO - [2023-08-24T03:06:57.757+0000] {dag.py:3677} INFO - Setting next_dagrun for example_complex to None, run_after=None
[2023-08-24T03:06:57.775+0000] {processor.py:179} INFO - Processing /home/airflow/.local/lib/python3.8/site-packages/airflow/example_dags/example_complex.py took 0.079 seconds
[2023-08-24T03:07:28.499+0000] {processor.py:157} INFO - Started process (PID=385) to work on /home/airflow/.local/lib/python3.8/site-packages/airflow/example_dags/example_complex.py
[2023-08-24T03:07:28.500+0000] {processor.py:829} INFO - Processing file /home/airflow/.local/lib/python3.8/site-packages/airflow/example_dags/example_complex.py for tasks to queue
[2023-08-24T03:07:28.502+0000] {logging_mixin.py:151} INFO - [2023-08-24T03:07:28.502+0000] {dagbag.py:539} INFO - Filling up the DagBag from /home/airflow/.local/lib/python3.8/site-packages/airflow/example_dags/example_complex.py
[2023-08-24T03:07:28.508+0000] {processor.py:839} INFO - DAG(s) dict_keys(['example_complex']) retrieved from /home/airflow/.local/lib/python3.8/site-packages/airflow/example_dags/example_complex.py
[2023-08-24T03:07:28.529+0000] {logging_mixin.py:151} INFO - [2023-08-24T03:07:28.529+0000] {dag.py:2907} INFO - Sync 1 DAGs
[2023-08-24T03:07:28.537+0000] {logging_mixin.py:151} INFO - [2023-08-24T03:07:28.537+0000] {dag.py:3677} INFO - Setting next_dagrun for example_complex to None, run_after=None
[2023-08-24T03:07:28.548+0000] {processor.py:179} INFO - Processing /home/airflow/.local/lib/python3.8/site-packages/airflow/example_dags/example_complex.py took 0.052 seconds
[2023-08-24T03:07:59.182+0000] {processor.py:157} INFO - Started process (PID=448) to work on /home/airflow/.local/lib/python3.8/site-packages/airflow/example_dags/example_complex.py
[2023-08-24T03:07:59.183+0000] {processor.py:829} INFO - Processing file /home/airflow/.local/lib/python3.8/site-packages/airflow/example_dags/example_complex.py for tasks to queue
[2023-08-24T03:07:59.185+0000] {logging_mixin.py:151} INFO - [2023-08-24T03:07:59.185+0000] {dagbag.py:539} INFO - Filling up the DagBag from /home/airflow/.local/lib/python3.8/site-packages/airflow/example_dags/example_complex.py
[2023-08-24T03:07:59.193+0000] {processor.py:839} INFO - DAG(s) dict_keys(['example_complex']) retrieved from /home/airflow/.local/lib/python3.8/site-packages/airflow/example_dags/example_complex.py
[2023-08-24T03:07:59.214+0000] {logging_mixin.py:151} INFO - [2023-08-24T03:07:59.214+0000] {dag.py:2907} INFO - Sync 1 DAGs
[2023-08-24T03:07:59.221+0000] {logging_mixin.py:151} INFO - [2023-08-24T03:07:59.221+0000] {dag.py:3677} INFO - Setting next_dagrun for example_complex to None, run_after=None
[2023-08-24T03:07:59.232+0000] {processor.py:179} INFO - Processing /home/airflow/.local/lib/python3.8/site-packages/airflow/example_dags/example_complex.py took 0.053 seconds
[2023-08-24T03:08:30.043+0000] {processor.py:157} INFO - Started process (PID=512) to work on /home/airflow/.local/lib/python3.8/site-packages/airflow/example_dags/example_complex.py
[2023-08-24T03:08:30.045+0000] {processor.py:829} INFO - Processing file /home/airflow/.local/lib/python3.8/site-packages/airflow/example_dags/example_complex.py for tasks to queue
[2023-08-24T03:08:30.047+0000] {logging_mixin.py:151} INFO - [2023-08-24T03:08:30.047+0000] {dagbag.py:539} INFO - Filling up the DagBag from /home/airflow/.local/lib/python3.8/site-packages/airflow/example_dags/example_complex.py
[2023-08-24T03:08:30.054+0000] {processor.py:839} INFO - DAG(s) dict_keys(['example_complex']) retrieved from /home/airflow/.local/lib/python3.8/site-packages/airflow/example_dags/example_complex.py
[2023-08-24T03:08:30.075+0000] {logging_mixin.py:151} INFO - [2023-08-24T03:08:30.075+0000] {dag.py:2907} INFO - Sync 1 DAGs
[2023-08-24T03:08:30.084+0000] {logging_mixin.py:151} INFO - [2023-08-24T03:08:30.083+0000] {dag.py:3677} INFO - Setting next_dagrun for example_complex to None, run_after=None
[2023-08-24T03:08:30.094+0000] {processor.py:179} INFO - Processing /home/airflow/.local/lib/python3.8/site-packages/airflow/example_dags/example_complex.py took 0.054 seconds
[2023-08-24T03:09:00.887+0000] {processor.py:157} INFO - Started process (PID=575) to work on /home/airflow/.local/lib/python3.8/site-packages/airflow/example_dags/example_complex.py
[2023-08-24T03:09:00.888+0000] {processor.py:829} INFO - Processing file /home/airflow/.local/lib/python3.8/site-packages/airflow/example_dags/example_complex.py for tasks to queue
[2023-08-24T03:09:00.890+0000] {logging_mixin.py:151} INFO - [2023-08-24T03:09:00.890+0000] {dagbag.py:539} INFO - Filling up the DagBag from /home/airflow/.local/lib/python3.8/site-packages/airflow/example_dags/example_complex.py
[2023-08-24T03:09:00.897+0000] {processor.py:839} INFO - DAG(s) dict_keys(['example_complex']) retrieved from /home/airflow/.local/lib/python3.8/site-packages/airflow/example_dags/example_complex.py
[2023-08-24T03:09:00.918+0000] {logging_mixin.py:151} INFO - [2023-08-24T03:09:00.918+0000] {dag.py:2907} INFO - Sync 1 DAGs
[2023-08-24T03:09:00.926+0000] {logging_mixin.py:151} INFO - [2023-08-24T03:09:00.926+0000] {dag.py:3677} INFO - Setting next_dagrun for example_complex to None, run_after=None
[2023-08-24T03:09:00.937+0000] {processor.py:179} INFO - Processing /home/airflow/.local/lib/python3.8/site-packages/airflow/example_dags/example_complex.py took 0.053 seconds
[2023-08-24T03:16:30.212+0000] {processor.py:157} INFO - Started process (PID=67) to work on /home/airflow/.local/lib/python3.8/site-packages/airflow/example_dags/example_complex.py
[2023-08-24T03:16:30.213+0000] {processor.py:829} INFO - Processing file /home/airflow/.local/lib/python3.8/site-packages/airflow/example_dags/example_complex.py for tasks to queue
[2023-08-24T03:16:30.215+0000] {logging_mixin.py:151} INFO - [2023-08-24T03:16:30.215+0000] {dagbag.py:539} INFO - Filling up the DagBag from /home/airflow/.local/lib/python3.8/site-packages/airflow/example_dags/example_complex.py
[2023-08-24T03:16:30.224+0000] {processor.py:839} INFO - DAG(s) dict_keys(['example_complex']) retrieved from /home/airflow/.local/lib/python3.8/site-packages/airflow/example_dags/example_complex.py
[2023-08-24T03:16:30.237+0000] {logging_mixin.py:151} INFO - [2023-08-24T03:16:30.237+0000] {dag.py:2907} INFO - Sync 1 DAGs
[2023-08-24T03:16:30.249+0000] {logging_mixin.py:151} INFO - [2023-08-24T03:16:30.249+0000] {dag.py:3677} INFO - Setting next_dagrun for example_complex to None, run_after=None
[2023-08-24T03:16:30.261+0000] {processor.py:179} INFO - Processing /home/airflow/.local/lib/python3.8/site-packages/airflow/example_dags/example_complex.py took 0.052 seconds
[2023-08-24T03:17:00.363+0000] {processor.py:157} INFO - Started process (PID=130) to work on /home/airflow/.local/lib/python3.8/site-packages/airflow/example_dags/example_complex.py
[2023-08-24T03:17:00.364+0000] {processor.py:829} INFO - Processing file /home/airflow/.local/lib/python3.8/site-packages/airflow/example_dags/example_complex.py for tasks to queue
[2023-08-24T03:17:00.366+0000] {logging_mixin.py:151} INFO - [2023-08-24T03:17:00.366+0000] {dagbag.py:539} INFO - Filling up the DagBag from /home/airflow/.local/lib/python3.8/site-packages/airflow/example_dags/example_complex.py
[2023-08-24T03:17:00.374+0000] {processor.py:839} INFO - DAG(s) dict_keys(['example_complex']) retrieved from /home/airflow/.local/lib/python3.8/site-packages/airflow/example_dags/example_complex.py
[2023-08-24T03:17:00.395+0000] {logging_mixin.py:151} INFO - [2023-08-24T03:17:00.395+0000] {dag.py:2907} INFO - Sync 1 DAGs
[2023-08-24T03:17:00.404+0000] {logging_mixin.py:151} INFO - [2023-08-24T03:17:00.403+0000] {dag.py:3677} INFO - Setting next_dagrun for example_complex to None, run_after=None
[2023-08-24T03:17:00.413+0000] {processor.py:179} INFO - Processing /home/airflow/.local/lib/python3.8/site-packages/airflow/example_dags/example_complex.py took 0.053 seconds
[2023-08-24T03:17:31.110+0000] {processor.py:157} INFO - Started process (PID=193) to work on /home/airflow/.local/lib/python3.8/site-packages/airflow/example_dags/example_complex.py
[2023-08-24T03:17:31.111+0000] {processor.py:829} INFO - Processing file /home/airflow/.local/lib/python3.8/site-packages/airflow/example_dags/example_complex.py for tasks to queue
[2023-08-24T03:17:31.113+0000] {logging_mixin.py:151} INFO - [2023-08-24T03:17:31.113+0000] {dagbag.py:539} INFO - Filling up the DagBag from /home/airflow/.local/lib/python3.8/site-packages/airflow/example_dags/example_complex.py
[2023-08-24T03:17:31.120+0000] {processor.py:839} INFO - DAG(s) dict_keys(['example_complex']) retrieved from /home/airflow/.local/lib/python3.8/site-packages/airflow/example_dags/example_complex.py
[2023-08-24T03:17:31.140+0000] {logging_mixin.py:151} INFO - [2023-08-24T03:17:31.140+0000] {dag.py:2907} INFO - Sync 1 DAGs
[2023-08-24T03:17:31.148+0000] {logging_mixin.py:151} INFO - [2023-08-24T03:17:31.148+0000] {dag.py:3677} INFO - Setting next_dagrun for example_complex to None, run_after=None
[2023-08-24T03:17:31.158+0000] {processor.py:179} INFO - Processing /home/airflow/.local/lib/python3.8/site-packages/airflow/example_dags/example_complex.py took 0.051 seconds
[2023-08-24T03:18:02.041+0000] {processor.py:157} INFO - Started process (PID=256) to work on /home/airflow/.local/lib/python3.8/site-packages/airflow/example_dags/example_complex.py
[2023-08-24T03:18:02.046+0000] {processor.py:829} INFO - Processing file /home/airflow/.local/lib/python3.8/site-packages/airflow/example_dags/example_complex.py for tasks to queue
[2023-08-24T03:18:02.051+0000] {logging_mixin.py:151} INFO - [2023-08-24T03:18:02.051+0000] {dagbag.py:539} INFO - Filling up the DagBag from /home/airflow/.local/lib/python3.8/site-packages/airflow/example_dags/example_complex.py
[2023-08-24T03:18:02.075+0000] {processor.py:839} INFO - DAG(s) dict_keys(['example_complex']) retrieved from /home/airflow/.local/lib/python3.8/site-packages/airflow/example_dags/example_complex.py
[2023-08-24T03:18:02.120+0000] {logging_mixin.py:151} INFO - [2023-08-24T03:18:02.120+0000] {dag.py:2907} INFO - Sync 1 DAGs
[2023-08-24T03:18:02.134+0000] {logging_mixin.py:151} INFO - [2023-08-24T03:18:02.134+0000] {dag.py:3677} INFO - Setting next_dagrun for example_complex to None, run_after=None
[2023-08-24T03:18:02.160+0000] {processor.py:179} INFO - Processing /home/airflow/.local/lib/python3.8/site-packages/airflow/example_dags/example_complex.py took 0.124 seconds
[2023-08-24T03:19:16.445+0000] {processor.py:157} INFO - Started process (PID=66) to work on /home/airflow/.local/lib/python3.8/site-packages/airflow/example_dags/example_complex.py
[2023-08-24T03:19:16.446+0000] {processor.py:829} INFO - Processing file /home/airflow/.local/lib/python3.8/site-packages/airflow/example_dags/example_complex.py for tasks to queue
[2023-08-24T03:19:16.449+0000] {logging_mixin.py:151} INFO - [2023-08-24T03:19:16.448+0000] {dagbag.py:539} INFO - Filling up the DagBag from /home/airflow/.local/lib/python3.8/site-packages/airflow/example_dags/example_complex.py
[2023-08-24T03:19:16.456+0000] {processor.py:839} INFO - DAG(s) dict_keys(['example_complex']) retrieved from /home/airflow/.local/lib/python3.8/site-packages/airflow/example_dags/example_complex.py
[2023-08-24T03:19:16.468+0000] {logging_mixin.py:151} INFO - [2023-08-24T03:19:16.468+0000] {dag.py:2907} INFO - Sync 1 DAGs
[2023-08-24T03:19:16.476+0000] {logging_mixin.py:151} INFO - [2023-08-24T03:19:16.476+0000] {dag.py:3677} INFO - Setting next_dagrun for example_complex to None, run_after=None
[2023-08-24T03:19:16.488+0000] {processor.py:179} INFO - Processing /home/airflow/.local/lib/python3.8/site-packages/airflow/example_dags/example_complex.py took 0.046 seconds
[2023-08-24T03:22:57.092+0000] {processor.py:157} INFO - Started process (PID=65) to work on /home/airflow/.local/lib/python3.8/site-packages/airflow/example_dags/example_complex.py
[2023-08-24T03:22:57.093+0000] {processor.py:829} INFO - Processing file /home/airflow/.local/lib/python3.8/site-packages/airflow/example_dags/example_complex.py for tasks to queue
[2023-08-24T03:22:57.095+0000] {logging_mixin.py:151} INFO - [2023-08-24T03:22:57.095+0000] {dagbag.py:539} INFO - Filling up the DagBag from /home/airflow/.local/lib/python3.8/site-packages/airflow/example_dags/example_complex.py
[2023-08-24T03:22:57.106+0000] {processor.py:839} INFO - DAG(s) dict_keys(['example_complex']) retrieved from /home/airflow/.local/lib/python3.8/site-packages/airflow/example_dags/example_complex.py
[2023-08-24T03:22:57.119+0000] {logging_mixin.py:151} INFO - [2023-08-24T03:22:57.119+0000] {dag.py:2907} INFO - Sync 1 DAGs
[2023-08-24T03:22:57.129+0000] {logging_mixin.py:151} INFO - [2023-08-24T03:22:57.129+0000] {dag.py:3677} INFO - Setting next_dagrun for example_complex to None, run_after=None
[2023-08-24T03:22:57.159+0000] {processor.py:179} INFO - Processing /home/airflow/.local/lib/python3.8/site-packages/airflow/example_dags/example_complex.py took 0.070 seconds
[2023-08-24T03:23:27.509+0000] {processor.py:157} INFO - Started process (PID=128) to work on /home/airflow/.local/lib/python3.8/site-packages/airflow/example_dags/example_complex.py
[2023-08-24T03:23:27.510+0000] {processor.py:829} INFO - Processing file /home/airflow/.local/lib/python3.8/site-packages/airflow/example_dags/example_complex.py for tasks to queue
[2023-08-24T03:23:27.512+0000] {logging_mixin.py:151} INFO - [2023-08-24T03:23:27.512+0000] {dagbag.py:539} INFO - Filling up the DagBag from /home/airflow/.local/lib/python3.8/site-packages/airflow/example_dags/example_complex.py
[2023-08-24T03:23:27.519+0000] {processor.py:839} INFO - DAG(s) dict_keys(['example_complex']) retrieved from /home/airflow/.local/lib/python3.8/site-packages/airflow/example_dags/example_complex.py
[2023-08-24T03:23:27.541+0000] {logging_mixin.py:151} INFO - [2023-08-24T03:23:27.541+0000] {dag.py:2907} INFO - Sync 1 DAGs
[2023-08-24T03:23:27.549+0000] {logging_mixin.py:151} INFO - [2023-08-24T03:23:27.549+0000] {dag.py:3677} INFO - Setting next_dagrun for example_complex to None, run_after=None
[2023-08-24T03:23:27.559+0000] {processor.py:179} INFO - Processing /home/airflow/.local/lib/python3.8/site-packages/airflow/example_dags/example_complex.py took 0.053 seconds
[2023-08-24T03:59:49.132+0000] {processor.py:157} INFO - Started process (PID=66) to work on /home/airflow/.local/lib/python3.8/site-packages/airflow/example_dags/example_complex.py
[2023-08-24T03:59:49.134+0000] {processor.py:829} INFO - Processing file /home/airflow/.local/lib/python3.8/site-packages/airflow/example_dags/example_complex.py for tasks to queue
[2023-08-24T03:59:49.136+0000] {logging_mixin.py:151} INFO - [2023-08-24T03:59:49.136+0000] {dagbag.py:539} INFO - Filling up the DagBag from /home/airflow/.local/lib/python3.8/site-packages/airflow/example_dags/example_complex.py
[2023-08-24T03:59:49.145+0000] {processor.py:839} INFO - DAG(s) dict_keys(['example_complex']) retrieved from /home/airflow/.local/lib/python3.8/site-packages/airflow/example_dags/example_complex.py
[2023-08-24T03:59:49.160+0000] {logging_mixin.py:151} INFO - [2023-08-24T03:59:49.159+0000] {dag.py:2907} INFO - Sync 1 DAGs
[2023-08-24T03:59:49.170+0000] {logging_mixin.py:151} INFO - [2023-08-24T03:59:49.169+0000] {dag.py:3677} INFO - Setting next_dagrun for example_complex to None, run_after=None
[2023-08-24T03:59:49.184+0000] {processor.py:179} INFO - Processing /home/airflow/.local/lib/python3.8/site-packages/airflow/example_dags/example_complex.py took 0.054 seconds
[2023-08-24T04:00:19.377+0000] {processor.py:157} INFO - Started process (PID=129) to work on /home/airflow/.local/lib/python3.8/site-packages/airflow/example_dags/example_complex.py
[2023-08-24T04:00:19.378+0000] {processor.py:829} INFO - Processing file /home/airflow/.local/lib/python3.8/site-packages/airflow/example_dags/example_complex.py for tasks to queue
[2023-08-24T04:00:19.380+0000] {logging_mixin.py:151} INFO - [2023-08-24T04:00:19.380+0000] {dagbag.py:539} INFO - Filling up the DagBag from /home/airflow/.local/lib/python3.8/site-packages/airflow/example_dags/example_complex.py
[2023-08-24T04:00:19.387+0000] {processor.py:839} INFO - DAG(s) dict_keys(['example_complex']) retrieved from /home/airflow/.local/lib/python3.8/site-packages/airflow/example_dags/example_complex.py
[2023-08-24T04:00:19.408+0000] {logging_mixin.py:151} INFO - [2023-08-24T04:00:19.408+0000] {dag.py:2907} INFO - Sync 1 DAGs
[2023-08-24T04:00:19.415+0000] {logging_mixin.py:151} INFO - [2023-08-24T04:00:19.415+0000] {dag.py:3677} INFO - Setting next_dagrun for example_complex to None, run_after=None
[2023-08-24T04:00:19.426+0000] {processor.py:179} INFO - Processing /home/airflow/.local/lib/python3.8/site-packages/airflow/example_dags/example_complex.py took 0.052 seconds
[2023-08-24T04:00:50.200+0000] {processor.py:157} INFO - Started process (PID=192) to work on /home/airflow/.local/lib/python3.8/site-packages/airflow/example_dags/example_complex.py
[2023-08-24T04:00:50.201+0000] {processor.py:829} INFO - Processing file /home/airflow/.local/lib/python3.8/site-packages/airflow/example_dags/example_complex.py for tasks to queue
[2023-08-24T04:00:50.203+0000] {logging_mixin.py:151} INFO - [2023-08-24T04:00:50.203+0000] {dagbag.py:539} INFO - Filling up the DagBag from /home/airflow/.local/lib/python3.8/site-packages/airflow/example_dags/example_complex.py
[2023-08-24T04:00:50.212+0000] {processor.py:839} INFO - DAG(s) dict_keys(['example_complex']) retrieved from /home/airflow/.local/lib/python3.8/site-packages/airflow/example_dags/example_complex.py
[2023-08-24T04:00:50.234+0000] {logging_mixin.py:151} INFO - [2023-08-24T04:00:50.234+0000] {dag.py:2907} INFO - Sync 1 DAGs
[2023-08-24T04:00:50.243+0000] {logging_mixin.py:151} INFO - [2023-08-24T04:00:50.242+0000] {dag.py:3677} INFO - Setting next_dagrun for example_complex to None, run_after=None
[2023-08-24T04:00:50.253+0000] {processor.py:179} INFO - Processing /home/airflow/.local/lib/python3.8/site-packages/airflow/example_dags/example_complex.py took 0.056 seconds
[2023-08-24T04:01:20.878+0000] {processor.py:157} INFO - Started process (PID=255) to work on /home/airflow/.local/lib/python3.8/site-packages/airflow/example_dags/example_complex.py
[2023-08-24T04:01:20.879+0000] {processor.py:829} INFO - Processing file /home/airflow/.local/lib/python3.8/site-packages/airflow/example_dags/example_complex.py for tasks to queue
[2023-08-24T04:01:20.881+0000] {logging_mixin.py:151} INFO - [2023-08-24T04:01:20.881+0000] {dagbag.py:539} INFO - Filling up the DagBag from /home/airflow/.local/lib/python3.8/site-packages/airflow/example_dags/example_complex.py
[2023-08-24T04:01:20.888+0000] {processor.py:839} INFO - DAG(s) dict_keys(['example_complex']) retrieved from /home/airflow/.local/lib/python3.8/site-packages/airflow/example_dags/example_complex.py
[2023-08-24T04:01:20.909+0000] {logging_mixin.py:151} INFO - [2023-08-24T04:01:20.909+0000] {dag.py:2907} INFO - Sync 1 DAGs
[2023-08-24T04:01:20.916+0000] {logging_mixin.py:151} INFO - [2023-08-24T04:01:20.916+0000] {dag.py:3677} INFO - Setting next_dagrun for example_complex to None, run_after=None
[2023-08-24T04:01:20.926+0000] {processor.py:179} INFO - Processing /home/airflow/.local/lib/python3.8/site-packages/airflow/example_dags/example_complex.py took 0.051 seconds
[2023-08-24T04:01:51.782+0000] {processor.py:157} INFO - Started process (PID=318) to work on /home/airflow/.local/lib/python3.8/site-packages/airflow/example_dags/example_complex.py
[2023-08-24T04:01:51.784+0000] {processor.py:829} INFO - Processing file /home/airflow/.local/lib/python3.8/site-packages/airflow/example_dags/example_complex.py for tasks to queue
[2023-08-24T04:01:51.786+0000] {logging_mixin.py:151} INFO - [2023-08-24T04:01:51.786+0000] {dagbag.py:539} INFO - Filling up the DagBag from /home/airflow/.local/lib/python3.8/site-packages/airflow/example_dags/example_complex.py
[2023-08-24T04:01:51.794+0000] {processor.py:839} INFO - DAG(s) dict_keys(['example_complex']) retrieved from /home/airflow/.local/lib/python3.8/site-packages/airflow/example_dags/example_complex.py
[2023-08-24T04:01:51.814+0000] {logging_mixin.py:151} INFO - [2023-08-24T04:01:51.813+0000] {dag.py:2907} INFO - Sync 1 DAGs
[2023-08-24T04:01:51.821+0000] {logging_mixin.py:151} INFO - [2023-08-24T04:01:51.821+0000] {dag.py:3677} INFO - Setting next_dagrun for example_complex to None, run_after=None
[2023-08-24T04:01:51.832+0000] {processor.py:179} INFO - Processing /home/airflow/.local/lib/python3.8/site-packages/airflow/example_dags/example_complex.py took 0.052 seconds
[2023-08-24T04:02:22.668+0000] {processor.py:157} INFO - Started process (PID=381) to work on /home/airflow/.local/lib/python3.8/site-packages/airflow/example_dags/example_complex.py
[2023-08-24T04:02:22.669+0000] {processor.py:829} INFO - Processing file /home/airflow/.local/lib/python3.8/site-packages/airflow/example_dags/example_complex.py for tasks to queue
[2023-08-24T04:02:22.671+0000] {logging_mixin.py:151} INFO - [2023-08-24T04:02:22.671+0000] {dagbag.py:539} INFO - Filling up the DagBag from /home/airflow/.local/lib/python3.8/site-packages/airflow/example_dags/example_complex.py
[2023-08-24T04:02:22.678+0000] {processor.py:839} INFO - DAG(s) dict_keys(['example_complex']) retrieved from /home/airflow/.local/lib/python3.8/site-packages/airflow/example_dags/example_complex.py
[2023-08-24T04:02:22.699+0000] {logging_mixin.py:151} INFO - [2023-08-24T04:02:22.699+0000] {dag.py:2907} INFO - Sync 1 DAGs
[2023-08-24T04:02:22.707+0000] {logging_mixin.py:151} INFO - [2023-08-24T04:02:22.707+0000] {dag.py:3677} INFO - Setting next_dagrun for example_complex to None, run_after=None
[2023-08-24T04:02:22.717+0000] {processor.py:179} INFO - Processing /home/airflow/.local/lib/python3.8/site-packages/airflow/example_dags/example_complex.py took 0.052 seconds
[2023-08-24T04:02:53.323+0000] {processor.py:157} INFO - Started process (PID=444) to work on /home/airflow/.local/lib/python3.8/site-packages/airflow/example_dags/example_complex.py
[2023-08-24T04:02:53.325+0000] {processor.py:829} INFO - Processing file /home/airflow/.local/lib/python3.8/site-packages/airflow/example_dags/example_complex.py for tasks to queue
[2023-08-24T04:02:53.327+0000] {logging_mixin.py:151} INFO - [2023-08-24T04:02:53.326+0000] {dagbag.py:539} INFO - Filling up the DagBag from /home/airflow/.local/lib/python3.8/site-packages/airflow/example_dags/example_complex.py
[2023-08-24T04:02:53.334+0000] {processor.py:839} INFO - DAG(s) dict_keys(['example_complex']) retrieved from /home/airflow/.local/lib/python3.8/site-packages/airflow/example_dags/example_complex.py
[2023-08-24T04:02:53.356+0000] {logging_mixin.py:151} INFO - [2023-08-24T04:02:53.356+0000] {dag.py:2907} INFO - Sync 1 DAGs
[2023-08-24T04:02:53.363+0000] {logging_mixin.py:151} INFO - [2023-08-24T04:02:53.363+0000] {dag.py:3677} INFO - Setting next_dagrun for example_complex to None, run_after=None
[2023-08-24T04:02:53.374+0000] {processor.py:179} INFO - Processing /home/airflow/.local/lib/python3.8/site-packages/airflow/example_dags/example_complex.py took 0.054 seconds
[2023-08-24T04:03:23.937+0000] {processor.py:157} INFO - Started process (PID=507) to work on /home/airflow/.local/lib/python3.8/site-packages/airflow/example_dags/example_complex.py
[2023-08-24T04:03:23.938+0000] {processor.py:829} INFO - Processing file /home/airflow/.local/lib/python3.8/site-packages/airflow/example_dags/example_complex.py for tasks to queue
[2023-08-24T04:03:23.940+0000] {logging_mixin.py:151} INFO - [2023-08-24T04:03:23.940+0000] {dagbag.py:539} INFO - Filling up the DagBag from /home/airflow/.local/lib/python3.8/site-packages/airflow/example_dags/example_complex.py
[2023-08-24T04:03:23.949+0000] {processor.py:839} INFO - DAG(s) dict_keys(['example_complex']) retrieved from /home/airflow/.local/lib/python3.8/site-packages/airflow/example_dags/example_complex.py
[2023-08-24T04:03:23.969+0000] {logging_mixin.py:151} INFO - [2023-08-24T04:03:23.969+0000] {dag.py:2907} INFO - Sync 1 DAGs
[2023-08-24T04:03:23.977+0000] {logging_mixin.py:151} INFO - [2023-08-24T04:03:23.977+0000] {dag.py:3677} INFO - Setting next_dagrun for example_complex to None, run_after=None
[2023-08-24T04:03:23.988+0000] {processor.py:179} INFO - Processing /home/airflow/.local/lib/python3.8/site-packages/airflow/example_dags/example_complex.py took 0.053 seconds
[2023-08-24T04:03:54.740+0000] {processor.py:157} INFO - Started process (PID=570) to work on /home/airflow/.local/lib/python3.8/site-packages/airflow/example_dags/example_complex.py
[2023-08-24T04:03:54.741+0000] {processor.py:829} INFO - Processing file /home/airflow/.local/lib/python3.8/site-packages/airflow/example_dags/example_complex.py for tasks to queue
[2023-08-24T04:03:54.743+0000] {logging_mixin.py:151} INFO - [2023-08-24T04:03:54.743+0000] {dagbag.py:539} INFO - Filling up the DagBag from /home/airflow/.local/lib/python3.8/site-packages/airflow/example_dags/example_complex.py
[2023-08-24T04:03:54.751+0000] {processor.py:839} INFO - DAG(s) dict_keys(['example_complex']) retrieved from /home/airflow/.local/lib/python3.8/site-packages/airflow/example_dags/example_complex.py
[2023-08-24T04:03:54.772+0000] {logging_mixin.py:151} INFO - [2023-08-24T04:03:54.772+0000] {dag.py:2907} INFO - Sync 1 DAGs
[2023-08-24T04:03:54.780+0000] {logging_mixin.py:151} INFO - [2023-08-24T04:03:54.780+0000] {dag.py:3677} INFO - Setting next_dagrun for example_complex to None, run_after=None
[2023-08-24T04:03:54.792+0000] {processor.py:179} INFO - Processing /home/airflow/.local/lib/python3.8/site-packages/airflow/example_dags/example_complex.py took 0.054 seconds
[2023-08-24T04:04:25.474+0000] {processor.py:157} INFO - Started process (PID=633) to work on /home/airflow/.local/lib/python3.8/site-packages/airflow/example_dags/example_complex.py
[2023-08-24T04:04:25.475+0000] {processor.py:829} INFO - Processing file /home/airflow/.local/lib/python3.8/site-packages/airflow/example_dags/example_complex.py for tasks to queue
[2023-08-24T04:04:25.477+0000] {logging_mixin.py:151} INFO - [2023-08-24T04:04:25.477+0000] {dagbag.py:539} INFO - Filling up the DagBag from /home/airflow/.local/lib/python3.8/site-packages/airflow/example_dags/example_complex.py
[2023-08-24T04:04:25.486+0000] {processor.py:839} INFO - DAG(s) dict_keys(['example_complex']) retrieved from /home/airflow/.local/lib/python3.8/site-packages/airflow/example_dags/example_complex.py
[2023-08-24T04:04:25.508+0000] {logging_mixin.py:151} INFO - [2023-08-24T04:04:25.508+0000] {dag.py:2907} INFO - Sync 1 DAGs
[2023-08-24T04:04:25.516+0000] {logging_mixin.py:151} INFO - [2023-08-24T04:04:25.516+0000] {dag.py:3677} INFO - Setting next_dagrun for example_complex to None, run_after=None
[2023-08-24T04:04:25.527+0000] {processor.py:179} INFO - Processing /home/airflow/.local/lib/python3.8/site-packages/airflow/example_dags/example_complex.py took 0.057 seconds
[2023-08-24T04:04:56.479+0000] {processor.py:157} INFO - Started process (PID=696) to work on /home/airflow/.local/lib/python3.8/site-packages/airflow/example_dags/example_complex.py
[2023-08-24T04:04:56.480+0000] {processor.py:829} INFO - Processing file /home/airflow/.local/lib/python3.8/site-packages/airflow/example_dags/example_complex.py for tasks to queue
[2023-08-24T04:04:56.482+0000] {logging_mixin.py:151} INFO - [2023-08-24T04:04:56.482+0000] {dagbag.py:539} INFO - Filling up the DagBag from /home/airflow/.local/lib/python3.8/site-packages/airflow/example_dags/example_complex.py
[2023-08-24T04:04:56.489+0000] {processor.py:839} INFO - DAG(s) dict_keys(['example_complex']) retrieved from /home/airflow/.local/lib/python3.8/site-packages/airflow/example_dags/example_complex.py
[2023-08-24T04:04:56.511+0000] {logging_mixin.py:151} INFO - [2023-08-24T04:04:56.510+0000] {dag.py:2907} INFO - Sync 1 DAGs
[2023-08-24T04:04:56.519+0000] {logging_mixin.py:151} INFO - [2023-08-24T04:04:56.518+0000] {dag.py:3677} INFO - Setting next_dagrun for example_complex to None, run_after=None
[2023-08-24T04:04:56.531+0000] {processor.py:179} INFO - Processing /home/airflow/.local/lib/python3.8/site-packages/airflow/example_dags/example_complex.py took 0.055 seconds
[2023-08-24T04:05:27.140+0000] {processor.py:157} INFO - Started process (PID=759) to work on /home/airflow/.local/lib/python3.8/site-packages/airflow/example_dags/example_complex.py
[2023-08-24T04:05:27.142+0000] {processor.py:829} INFO - Processing file /home/airflow/.local/lib/python3.8/site-packages/airflow/example_dags/example_complex.py for tasks to queue
[2023-08-24T04:05:27.144+0000] {logging_mixin.py:151} INFO - [2023-08-24T04:05:27.143+0000] {dagbag.py:539} INFO - Filling up the DagBag from /home/airflow/.local/lib/python3.8/site-packages/airflow/example_dags/example_complex.py
[2023-08-24T04:05:27.150+0000] {processor.py:839} INFO - DAG(s) dict_keys(['example_complex']) retrieved from /home/airflow/.local/lib/python3.8/site-packages/airflow/example_dags/example_complex.py
[2023-08-24T04:05:27.171+0000] {logging_mixin.py:151} INFO - [2023-08-24T04:05:27.171+0000] {dag.py:2907} INFO - Sync 1 DAGs
[2023-08-24T04:05:27.179+0000] {logging_mixin.py:151} INFO - [2023-08-24T04:05:27.178+0000] {dag.py:3677} INFO - Setting next_dagrun for example_complex to None, run_after=None
[2023-08-24T04:05:27.189+0000] {processor.py:179} INFO - Processing /home/airflow/.local/lib/python3.8/site-packages/airflow/example_dags/example_complex.py took 0.052 seconds
[2023-08-24T04:05:57.916+0000] {processor.py:157} INFO - Started process (PID=822) to work on /home/airflow/.local/lib/python3.8/site-packages/airflow/example_dags/example_complex.py
[2023-08-24T04:05:57.917+0000] {processor.py:829} INFO - Processing file /home/airflow/.local/lib/python3.8/site-packages/airflow/example_dags/example_complex.py for tasks to queue
[2023-08-24T04:05:57.919+0000] {logging_mixin.py:151} INFO - [2023-08-24T04:05:57.919+0000] {dagbag.py:539} INFO - Filling up the DagBag from /home/airflow/.local/lib/python3.8/site-packages/airflow/example_dags/example_complex.py
[2023-08-24T04:05:57.926+0000] {processor.py:839} INFO - DAG(s) dict_keys(['example_complex']) retrieved from /home/airflow/.local/lib/python3.8/site-packages/airflow/example_dags/example_complex.py
[2023-08-24T04:05:57.947+0000] {logging_mixin.py:151} INFO - [2023-08-24T04:05:57.947+0000] {dag.py:2907} INFO - Sync 1 DAGs
[2023-08-24T04:05:57.955+0000] {logging_mixin.py:151} INFO - [2023-08-24T04:05:57.955+0000] {dag.py:3677} INFO - Setting next_dagrun for example_complex to None, run_after=None
[2023-08-24T04:05:57.965+0000] {processor.py:179} INFO - Processing /home/airflow/.local/lib/python3.8/site-packages/airflow/example_dags/example_complex.py took 0.053 seconds
[2023-08-24T04:06:28.571+0000] {processor.py:157} INFO - Started process (PID=885) to work on /home/airflow/.local/lib/python3.8/site-packages/airflow/example_dags/example_complex.py
[2023-08-24T04:06:28.572+0000] {processor.py:829} INFO - Processing file /home/airflow/.local/lib/python3.8/site-packages/airflow/example_dags/example_complex.py for tasks to queue
[2023-08-24T04:06:28.574+0000] {logging_mixin.py:151} INFO - [2023-08-24T04:06:28.574+0000] {dagbag.py:539} INFO - Filling up the DagBag from /home/airflow/.local/lib/python3.8/site-packages/airflow/example_dags/example_complex.py
[2023-08-24T04:06:28.583+0000] {processor.py:839} INFO - DAG(s) dict_keys(['example_complex']) retrieved from /home/airflow/.local/lib/python3.8/site-packages/airflow/example_dags/example_complex.py
[2023-08-24T04:06:28.606+0000] {logging_mixin.py:151} INFO - [2023-08-24T04:06:28.606+0000] {dag.py:2907} INFO - Sync 1 DAGs
[2023-08-24T04:06:28.614+0000] {logging_mixin.py:151} INFO - [2023-08-24T04:06:28.613+0000] {dag.py:3677} INFO - Setting next_dagrun for example_complex to None, run_after=None
[2023-08-24T04:06:28.625+0000] {processor.py:179} INFO - Processing /home/airflow/.local/lib/python3.8/site-packages/airflow/example_dags/example_complex.py took 0.058 seconds
[2023-08-24T04:06:59.313+0000] {processor.py:157} INFO - Started process (PID=947) to work on /home/airflow/.local/lib/python3.8/site-packages/airflow/example_dags/example_complex.py
[2023-08-24T04:06:59.314+0000] {processor.py:829} INFO - Processing file /home/airflow/.local/lib/python3.8/site-packages/airflow/example_dags/example_complex.py for tasks to queue
[2023-08-24T04:06:59.316+0000] {logging_mixin.py:151} INFO - [2023-08-24T04:06:59.315+0000] {dagbag.py:539} INFO - Filling up the DagBag from /home/airflow/.local/lib/python3.8/site-packages/airflow/example_dags/example_complex.py
[2023-08-24T04:06:59.322+0000] {processor.py:839} INFO - DAG(s) dict_keys(['example_complex']) retrieved from /home/airflow/.local/lib/python3.8/site-packages/airflow/example_dags/example_complex.py
[2023-08-24T04:06:59.344+0000] {logging_mixin.py:151} INFO - [2023-08-24T04:06:59.344+0000] {dag.py:2907} INFO - Sync 1 DAGs
[2023-08-24T04:06:59.352+0000] {logging_mixin.py:151} INFO - [2023-08-24T04:06:59.352+0000] {dag.py:3677} INFO - Setting next_dagrun for example_complex to None, run_after=None
[2023-08-24T04:06:59.362+0000] {processor.py:179} INFO - Processing /home/airflow/.local/lib/python3.8/site-packages/airflow/example_dags/example_complex.py took 0.053 seconds
[2023-08-24T04:07:29.921+0000] {processor.py:157} INFO - Started process (PID=1010) to work on /home/airflow/.local/lib/python3.8/site-packages/airflow/example_dags/example_complex.py
[2023-08-24T04:07:29.923+0000] {processor.py:829} INFO - Processing file /home/airflow/.local/lib/python3.8/site-packages/airflow/example_dags/example_complex.py for tasks to queue
[2023-08-24T04:07:29.925+0000] {logging_mixin.py:151} INFO - [2023-08-24T04:07:29.924+0000] {dagbag.py:539} INFO - Filling up the DagBag from /home/airflow/.local/lib/python3.8/site-packages/airflow/example_dags/example_complex.py
[2023-08-24T04:07:29.931+0000] {processor.py:839} INFO - DAG(s) dict_keys(['example_complex']) retrieved from /home/airflow/.local/lib/python3.8/site-packages/airflow/example_dags/example_complex.py
[2023-08-24T04:07:29.952+0000] {logging_mixin.py:151} INFO - [2023-08-24T04:07:29.952+0000] {dag.py:2907} INFO - Sync 1 DAGs
[2023-08-24T04:07:29.960+0000] {logging_mixin.py:151} INFO - [2023-08-24T04:07:29.960+0000] {dag.py:3677} INFO - Setting next_dagrun for example_complex to None, run_after=None
[2023-08-24T04:07:29.970+0000] {processor.py:179} INFO - Processing /home/airflow/.local/lib/python3.8/site-packages/airflow/example_dags/example_complex.py took 0.052 seconds
[2023-08-24T04:08:00.676+0000] {processor.py:157} INFO - Started process (PID=1073) to work on /home/airflow/.local/lib/python3.8/site-packages/airflow/example_dags/example_complex.py
[2023-08-24T04:08:00.677+0000] {processor.py:829} INFO - Processing file /home/airflow/.local/lib/python3.8/site-packages/airflow/example_dags/example_complex.py for tasks to queue
[2023-08-24T04:08:00.680+0000] {logging_mixin.py:151} INFO - [2023-08-24T04:08:00.679+0000] {dagbag.py:539} INFO - Filling up the DagBag from /home/airflow/.local/lib/python3.8/site-packages/airflow/example_dags/example_complex.py
[2023-08-24T04:08:00.687+0000] {processor.py:839} INFO - DAG(s) dict_keys(['example_complex']) retrieved from /home/airflow/.local/lib/python3.8/site-packages/airflow/example_dags/example_complex.py
[2023-08-24T04:08:00.709+0000] {logging_mixin.py:151} INFO - [2023-08-24T04:08:00.709+0000] {dag.py:2907} INFO - Sync 1 DAGs
[2023-08-24T04:08:00.718+0000] {logging_mixin.py:151} INFO - [2023-08-24T04:08:00.718+0000] {dag.py:3677} INFO - Setting next_dagrun for example_complex to None, run_after=None
[2023-08-24T04:08:00.731+0000] {processor.py:179} INFO - Processing /home/airflow/.local/lib/python3.8/site-packages/airflow/example_dags/example_complex.py took 0.058 seconds
[2023-08-24T04:08:31.404+0000] {processor.py:157} INFO - Started process (PID=1136) to work on /home/airflow/.local/lib/python3.8/site-packages/airflow/example_dags/example_complex.py
[2023-08-24T04:08:31.405+0000] {processor.py:829} INFO - Processing file /home/airflow/.local/lib/python3.8/site-packages/airflow/example_dags/example_complex.py for tasks to queue
[2023-08-24T04:08:31.407+0000] {logging_mixin.py:151} INFO - [2023-08-24T04:08:31.406+0000] {dagbag.py:539} INFO - Filling up the DagBag from /home/airflow/.local/lib/python3.8/site-packages/airflow/example_dags/example_complex.py
[2023-08-24T04:08:31.414+0000] {processor.py:839} INFO - DAG(s) dict_keys(['example_complex']) retrieved from /home/airflow/.local/lib/python3.8/site-packages/airflow/example_dags/example_complex.py
[2023-08-24T04:08:31.435+0000] {logging_mixin.py:151} INFO - [2023-08-24T04:08:31.435+0000] {dag.py:2907} INFO - Sync 1 DAGs
[2023-08-24T04:08:31.441+0000] {logging_mixin.py:151} INFO - [2023-08-24T04:08:31.441+0000] {dag.py:3677} INFO - Setting next_dagrun for example_complex to None, run_after=None
[2023-08-24T04:08:31.451+0000] {processor.py:179} INFO - Processing /home/airflow/.local/lib/python3.8/site-packages/airflow/example_dags/example_complex.py took 0.050 seconds
[2023-08-24T04:09:02.201+0000] {processor.py:157} INFO - Started process (PID=1199) to work on /home/airflow/.local/lib/python3.8/site-packages/airflow/example_dags/example_complex.py
[2023-08-24T04:09:02.202+0000] {processor.py:829} INFO - Processing file /home/airflow/.local/lib/python3.8/site-packages/airflow/example_dags/example_complex.py for tasks to queue
[2023-08-24T04:09:02.204+0000] {logging_mixin.py:151} INFO - [2023-08-24T04:09:02.203+0000] {dagbag.py:539} INFO - Filling up the DagBag from /home/airflow/.local/lib/python3.8/site-packages/airflow/example_dags/example_complex.py
[2023-08-24T04:09:02.211+0000] {processor.py:839} INFO - DAG(s) dict_keys(['example_complex']) retrieved from /home/airflow/.local/lib/python3.8/site-packages/airflow/example_dags/example_complex.py
[2023-08-24T04:09:02.231+0000] {logging_mixin.py:151} INFO - [2023-08-24T04:09:02.231+0000] {dag.py:2907} INFO - Sync 1 DAGs
[2023-08-24T04:09:02.238+0000] {logging_mixin.py:151} INFO - [2023-08-24T04:09:02.238+0000] {dag.py:3677} INFO - Setting next_dagrun for example_complex to None, run_after=None
[2023-08-24T04:09:02.249+0000] {processor.py:179} INFO - Processing /home/airflow/.local/lib/python3.8/site-packages/airflow/example_dags/example_complex.py took 0.051 seconds
[2023-08-24T04:09:32.835+0000] {processor.py:157} INFO - Started process (PID=1262) to work on /home/airflow/.local/lib/python3.8/site-packages/airflow/example_dags/example_complex.py
[2023-08-24T04:09:32.837+0000] {processor.py:829} INFO - Processing file /home/airflow/.local/lib/python3.8/site-packages/airflow/example_dags/example_complex.py for tasks to queue
[2023-08-24T04:09:32.838+0000] {logging_mixin.py:151} INFO - [2023-08-24T04:09:32.838+0000] {dagbag.py:539} INFO - Filling up the DagBag from /home/airflow/.local/lib/python3.8/site-packages/airflow/example_dags/example_complex.py
[2023-08-24T04:09:32.845+0000] {processor.py:839} INFO - DAG(s) dict_keys(['example_complex']) retrieved from /home/airflow/.local/lib/python3.8/site-packages/airflow/example_dags/example_complex.py
[2023-08-24T04:09:32.867+0000] {logging_mixin.py:151} INFO - [2023-08-24T04:09:32.867+0000] {dag.py:2907} INFO - Sync 1 DAGs
[2023-08-24T04:09:32.874+0000] {logging_mixin.py:151} INFO - [2023-08-24T04:09:32.874+0000] {dag.py:3677} INFO - Setting next_dagrun for example_complex to None, run_after=None
[2023-08-24T04:09:32.885+0000] {processor.py:179} INFO - Processing /home/airflow/.local/lib/python3.8/site-packages/airflow/example_dags/example_complex.py took 0.053 seconds
[2023-08-24T04:10:03.582+0000] {processor.py:157} INFO - Started process (PID=1325) to work on /home/airflow/.local/lib/python3.8/site-packages/airflow/example_dags/example_complex.py
[2023-08-24T04:10:03.583+0000] {processor.py:829} INFO - Processing file /home/airflow/.local/lib/python3.8/site-packages/airflow/example_dags/example_complex.py for tasks to queue
[2023-08-24T04:10:03.586+0000] {logging_mixin.py:151} INFO - [2023-08-24T04:10:03.586+0000] {dagbag.py:539} INFO - Filling up the DagBag from /home/airflow/.local/lib/python3.8/site-packages/airflow/example_dags/example_complex.py
[2023-08-24T04:10:03.595+0000] {processor.py:839} INFO - DAG(s) dict_keys(['example_complex']) retrieved from /home/airflow/.local/lib/python3.8/site-packages/airflow/example_dags/example_complex.py
[2023-08-24T04:10:03.616+0000] {logging_mixin.py:151} INFO - [2023-08-24T04:10:03.616+0000] {dag.py:2907} INFO - Sync 1 DAGs
[2023-08-24T04:10:03.623+0000] {logging_mixin.py:151} INFO - [2023-08-24T04:10:03.623+0000] {dag.py:3677} INFO - Setting next_dagrun for example_complex to None, run_after=None
[2023-08-24T04:10:03.634+0000] {processor.py:179} INFO - Processing /home/airflow/.local/lib/python3.8/site-packages/airflow/example_dags/example_complex.py took 0.054 seconds
[2023-08-24T04:10:34.313+0000] {processor.py:157} INFO - Started process (PID=1388) to work on /home/airflow/.local/lib/python3.8/site-packages/airflow/example_dags/example_complex.py
[2023-08-24T04:10:34.314+0000] {processor.py:829} INFO - Processing file /home/airflow/.local/lib/python3.8/site-packages/airflow/example_dags/example_complex.py for tasks to queue
[2023-08-24T04:10:34.316+0000] {logging_mixin.py:151} INFO - [2023-08-24T04:10:34.316+0000] {dagbag.py:539} INFO - Filling up the DagBag from /home/airflow/.local/lib/python3.8/site-packages/airflow/example_dags/example_complex.py
[2023-08-24T04:10:34.323+0000] {processor.py:839} INFO - DAG(s) dict_keys(['example_complex']) retrieved from /home/airflow/.local/lib/python3.8/site-packages/airflow/example_dags/example_complex.py
[2023-08-24T04:10:34.347+0000] {logging_mixin.py:151} INFO - [2023-08-24T04:10:34.347+0000] {dag.py:2907} INFO - Sync 1 DAGs
[2023-08-24T04:10:34.356+0000] {logging_mixin.py:151} INFO - [2023-08-24T04:10:34.356+0000] {dag.py:3677} INFO - Setting next_dagrun for example_complex to None, run_after=None
[2023-08-24T04:10:34.368+0000] {processor.py:179} INFO - Processing /home/airflow/.local/lib/python3.8/site-packages/airflow/example_dags/example_complex.py took 0.057 seconds
[2023-08-24T04:11:05.045+0000] {processor.py:157} INFO - Started process (PID=1451) to work on /home/airflow/.local/lib/python3.8/site-packages/airflow/example_dags/example_complex.py
[2023-08-24T04:11:05.046+0000] {processor.py:829} INFO - Processing file /home/airflow/.local/lib/python3.8/site-packages/airflow/example_dags/example_complex.py for tasks to queue
[2023-08-24T04:11:05.048+0000] {logging_mixin.py:151} INFO - [2023-08-24T04:11:05.047+0000] {dagbag.py:539} INFO - Filling up the DagBag from /home/airflow/.local/lib/python3.8/site-packages/airflow/example_dags/example_complex.py
[2023-08-24T04:11:05.055+0000] {processor.py:839} INFO - DAG(s) dict_keys(['example_complex']) retrieved from /home/airflow/.local/lib/python3.8/site-packages/airflow/example_dags/example_complex.py
[2023-08-24T04:11:05.075+0000] {logging_mixin.py:151} INFO - [2023-08-24T04:11:05.075+0000] {dag.py:2907} INFO - Sync 1 DAGs
[2023-08-24T04:11:05.083+0000] {logging_mixin.py:151} INFO - [2023-08-24T04:11:05.083+0000] {dag.py:3677} INFO - Setting next_dagrun for example_complex to None, run_after=None
[2023-08-24T04:11:05.093+0000] {processor.py:179} INFO - Processing /home/airflow/.local/lib/python3.8/site-packages/airflow/example_dags/example_complex.py took 0.050 seconds
[2023-08-24T04:11:35.863+0000] {processor.py:157} INFO - Started process (PID=1514) to work on /home/airflow/.local/lib/python3.8/site-packages/airflow/example_dags/example_complex.py
[2023-08-24T04:11:35.864+0000] {processor.py:829} INFO - Processing file /home/airflow/.local/lib/python3.8/site-packages/airflow/example_dags/example_complex.py for tasks to queue
[2023-08-24T04:11:35.866+0000] {logging_mixin.py:151} INFO - [2023-08-24T04:11:35.866+0000] {dagbag.py:539} INFO - Filling up the DagBag from /home/airflow/.local/lib/python3.8/site-packages/airflow/example_dags/example_complex.py
[2023-08-24T04:11:35.873+0000] {processor.py:839} INFO - DAG(s) dict_keys(['example_complex']) retrieved from /home/airflow/.local/lib/python3.8/site-packages/airflow/example_dags/example_complex.py
[2023-08-24T04:11:35.895+0000] {logging_mixin.py:151} INFO - [2023-08-24T04:11:35.895+0000] {dag.py:2907} INFO - Sync 1 DAGs
[2023-08-24T04:11:35.903+0000] {logging_mixin.py:151} INFO - [2023-08-24T04:11:35.903+0000] {dag.py:3677} INFO - Setting next_dagrun for example_complex to None, run_after=None
[2023-08-24T04:11:35.914+0000] {processor.py:179} INFO - Processing /home/airflow/.local/lib/python3.8/site-packages/airflow/example_dags/example_complex.py took 0.054 seconds
[2023-08-24T04:12:06.596+0000] {processor.py:157} INFO - Started process (PID=1577) to work on /home/airflow/.local/lib/python3.8/site-packages/airflow/example_dags/example_complex.py
[2023-08-24T04:12:06.597+0000] {processor.py:829} INFO - Processing file /home/airflow/.local/lib/python3.8/site-packages/airflow/example_dags/example_complex.py for tasks to queue
[2023-08-24T04:12:06.599+0000] {logging_mixin.py:151} INFO - [2023-08-24T04:12:06.599+0000] {dagbag.py:539} INFO - Filling up the DagBag from /home/airflow/.local/lib/python3.8/site-packages/airflow/example_dags/example_complex.py
[2023-08-24T04:12:06.607+0000] {processor.py:839} INFO - DAG(s) dict_keys(['example_complex']) retrieved from /home/airflow/.local/lib/python3.8/site-packages/airflow/example_dags/example_complex.py
[2023-08-24T04:12:06.628+0000] {logging_mixin.py:151} INFO - [2023-08-24T04:12:06.628+0000] {dag.py:2907} INFO - Sync 1 DAGs
[2023-08-24T04:12:06.635+0000] {logging_mixin.py:151} INFO - [2023-08-24T04:12:06.635+0000] {dag.py:3677} INFO - Setting next_dagrun for example_complex to None, run_after=None
[2023-08-24T04:12:06.646+0000] {processor.py:179} INFO - Processing /home/airflow/.local/lib/python3.8/site-packages/airflow/example_dags/example_complex.py took 0.052 seconds
[2023-08-24T04:12:37.238+0000] {processor.py:157} INFO - Started process (PID=1640) to work on /home/airflow/.local/lib/python3.8/site-packages/airflow/example_dags/example_complex.py
[2023-08-24T04:12:37.239+0000] {processor.py:829} INFO - Processing file /home/airflow/.local/lib/python3.8/site-packages/airflow/example_dags/example_complex.py for tasks to queue
[2023-08-24T04:12:37.241+0000] {logging_mixin.py:151} INFO - [2023-08-24T04:12:37.240+0000] {dagbag.py:539} INFO - Filling up the DagBag from /home/airflow/.local/lib/python3.8/site-packages/airflow/example_dags/example_complex.py
[2023-08-24T04:12:37.247+0000] {processor.py:839} INFO - DAG(s) dict_keys(['example_complex']) retrieved from /home/airflow/.local/lib/python3.8/site-packages/airflow/example_dags/example_complex.py
[2023-08-24T04:12:37.270+0000] {logging_mixin.py:151} INFO - [2023-08-24T04:12:37.270+0000] {dag.py:2907} INFO - Sync 1 DAGs
[2023-08-24T04:12:37.277+0000] {logging_mixin.py:151} INFO - [2023-08-24T04:12:37.277+0000] {dag.py:3677} INFO - Setting next_dagrun for example_complex to None, run_after=None
[2023-08-24T04:12:37.289+0000] {processor.py:179} INFO - Processing /home/airflow/.local/lib/python3.8/site-packages/airflow/example_dags/example_complex.py took 0.054 seconds
[2023-08-24T04:13:08.086+0000] {processor.py:157} INFO - Started process (PID=1703) to work on /home/airflow/.local/lib/python3.8/site-packages/airflow/example_dags/example_complex.py
[2023-08-24T04:13:08.087+0000] {processor.py:829} INFO - Processing file /home/airflow/.local/lib/python3.8/site-packages/airflow/example_dags/example_complex.py for tasks to queue
[2023-08-24T04:13:08.089+0000] {logging_mixin.py:151} INFO - [2023-08-24T04:13:08.089+0000] {dagbag.py:539} INFO - Filling up the DagBag from /home/airflow/.local/lib/python3.8/site-packages/airflow/example_dags/example_complex.py
[2023-08-24T04:13:08.097+0000] {processor.py:839} INFO - DAG(s) dict_keys(['example_complex']) retrieved from /home/airflow/.local/lib/python3.8/site-packages/airflow/example_dags/example_complex.py
[2023-08-24T04:13:08.118+0000] {logging_mixin.py:151} INFO - [2023-08-24T04:13:08.118+0000] {dag.py:2907} INFO - Sync 1 DAGs
[2023-08-24T04:13:08.125+0000] {logging_mixin.py:151} INFO - [2023-08-24T04:13:08.125+0000] {dag.py:3677} INFO - Setting next_dagrun for example_complex to None, run_after=None
[2023-08-24T04:13:08.135+0000] {processor.py:179} INFO - Processing /home/airflow/.local/lib/python3.8/site-packages/airflow/example_dags/example_complex.py took 0.052 seconds
[2023-08-24T04:13:38.686+0000] {processor.py:157} INFO - Started process (PID=1766) to work on /home/airflow/.local/lib/python3.8/site-packages/airflow/example_dags/example_complex.py
[2023-08-24T04:13:38.688+0000] {processor.py:829} INFO - Processing file /home/airflow/.local/lib/python3.8/site-packages/airflow/example_dags/example_complex.py for tasks to queue
[2023-08-24T04:13:38.690+0000] {logging_mixin.py:151} INFO - [2023-08-24T04:13:38.690+0000] {dagbag.py:539} INFO - Filling up the DagBag from /home/airflow/.local/lib/python3.8/site-packages/airflow/example_dags/example_complex.py
[2023-08-24T04:13:38.697+0000] {processor.py:839} INFO - DAG(s) dict_keys(['example_complex']) retrieved from /home/airflow/.local/lib/python3.8/site-packages/airflow/example_dags/example_complex.py
[2023-08-24T04:13:38.725+0000] {logging_mixin.py:151} INFO - [2023-08-24T04:13:38.725+0000] {dag.py:2907} INFO - Sync 1 DAGs
[2023-08-24T04:13:38.733+0000] {logging_mixin.py:151} INFO - [2023-08-24T04:13:38.733+0000] {dag.py:3677} INFO - Setting next_dagrun for example_complex to None, run_after=None
[2023-08-24T04:13:38.745+0000] {processor.py:179} INFO - Processing /home/airflow/.local/lib/python3.8/site-packages/airflow/example_dags/example_complex.py took 0.062 seconds
[2023-08-24T04:14:09.670+0000] {processor.py:157} INFO - Started process (PID=1829) to work on /home/airflow/.local/lib/python3.8/site-packages/airflow/example_dags/example_complex.py
[2023-08-24T04:14:09.671+0000] {processor.py:829} INFO - Processing file /home/airflow/.local/lib/python3.8/site-packages/airflow/example_dags/example_complex.py for tasks to queue
[2023-08-24T04:14:09.673+0000] {logging_mixin.py:151} INFO - [2023-08-24T04:14:09.673+0000] {dagbag.py:539} INFO - Filling up the DagBag from /home/airflow/.local/lib/python3.8/site-packages/airflow/example_dags/example_complex.py
[2023-08-24T04:14:09.680+0000] {processor.py:839} INFO - DAG(s) dict_keys(['example_complex']) retrieved from /home/airflow/.local/lib/python3.8/site-packages/airflow/example_dags/example_complex.py
[2023-08-24T04:14:09.703+0000] {logging_mixin.py:151} INFO - [2023-08-24T04:14:09.703+0000] {dag.py:2907} INFO - Sync 1 DAGs
[2023-08-24T04:14:09.711+0000] {logging_mixin.py:151} INFO - [2023-08-24T04:14:09.711+0000] {dag.py:3677} INFO - Setting next_dagrun for example_complex to None, run_after=None
[2023-08-24T04:14:09.724+0000] {processor.py:179} INFO - Processing /home/airflow/.local/lib/python3.8/site-packages/airflow/example_dags/example_complex.py took 0.057 seconds
[2023-08-24T04:14:40.688+0000] {processor.py:157} INFO - Started process (PID=1892) to work on /home/airflow/.local/lib/python3.8/site-packages/airflow/example_dags/example_complex.py
[2023-08-24T04:14:40.690+0000] {processor.py:829} INFO - Processing file /home/airflow/.local/lib/python3.8/site-packages/airflow/example_dags/example_complex.py for tasks to queue
[2023-08-24T04:14:40.692+0000] {logging_mixin.py:151} INFO - [2023-08-24T04:14:40.692+0000] {dagbag.py:539} INFO - Filling up the DagBag from /home/airflow/.local/lib/python3.8/site-packages/airflow/example_dags/example_complex.py
[2023-08-24T04:14:40.700+0000] {processor.py:839} INFO - DAG(s) dict_keys(['example_complex']) retrieved from /home/airflow/.local/lib/python3.8/site-packages/airflow/example_dags/example_complex.py
[2023-08-24T04:14:40.727+0000] {logging_mixin.py:151} INFO - [2023-08-24T04:14:40.727+0000] {dag.py:2907} INFO - Sync 1 DAGs
[2023-08-24T04:14:40.736+0000] {logging_mixin.py:151} INFO - [2023-08-24T04:14:40.736+0000] {dag.py:3677} INFO - Setting next_dagrun for example_complex to None, run_after=None
[2023-08-24T04:14:40.749+0000] {processor.py:179} INFO - Processing /home/airflow/.local/lib/python3.8/site-packages/airflow/example_dags/example_complex.py took 0.064 seconds
[2023-08-24T04:15:11.523+0000] {processor.py:157} INFO - Started process (PID=1955) to work on /home/airflow/.local/lib/python3.8/site-packages/airflow/example_dags/example_complex.py
[2023-08-24T04:15:11.524+0000] {processor.py:829} INFO - Processing file /home/airflow/.local/lib/python3.8/site-packages/airflow/example_dags/example_complex.py for tasks to queue
[2023-08-24T04:15:11.526+0000] {logging_mixin.py:151} INFO - [2023-08-24T04:15:11.525+0000] {dagbag.py:539} INFO - Filling up the DagBag from /home/airflow/.local/lib/python3.8/site-packages/airflow/example_dags/example_complex.py
[2023-08-24T04:15:11.533+0000] {processor.py:839} INFO - DAG(s) dict_keys(['example_complex']) retrieved from /home/airflow/.local/lib/python3.8/site-packages/airflow/example_dags/example_complex.py
[2023-08-24T04:15:11.557+0000] {logging_mixin.py:151} INFO - [2023-08-24T04:15:11.557+0000] {dag.py:2907} INFO - Sync 1 DAGs
[2023-08-24T04:15:11.567+0000] {logging_mixin.py:151} INFO - [2023-08-24T04:15:11.567+0000] {dag.py:3677} INFO - Setting next_dagrun for example_complex to None, run_after=None
[2023-08-24T04:15:11.579+0000] {processor.py:179} INFO - Processing /home/airflow/.local/lib/python3.8/site-packages/airflow/example_dags/example_complex.py took 0.059 seconds
[2023-08-24T04:15:42.422+0000] {processor.py:157} INFO - Started process (PID=2024) to work on /home/airflow/.local/lib/python3.8/site-packages/airflow/example_dags/example_complex.py
[2023-08-24T04:15:42.424+0000] {processor.py:829} INFO - Processing file /home/airflow/.local/lib/python3.8/site-packages/airflow/example_dags/example_complex.py for tasks to queue
[2023-08-24T04:15:42.426+0000] {logging_mixin.py:151} INFO - [2023-08-24T04:15:42.425+0000] {dagbag.py:539} INFO - Filling up the DagBag from /home/airflow/.local/lib/python3.8/site-packages/airflow/example_dags/example_complex.py
[2023-08-24T04:15:42.433+0000] {processor.py:839} INFO - DAG(s) dict_keys(['example_complex']) retrieved from /home/airflow/.local/lib/python3.8/site-packages/airflow/example_dags/example_complex.py
[2023-08-24T04:15:42.464+0000] {logging_mixin.py:151} INFO - [2023-08-24T04:15:42.464+0000] {dag.py:2907} INFO - Sync 1 DAGs
[2023-08-24T04:15:42.474+0000] {logging_mixin.py:151} INFO - [2023-08-24T04:15:42.474+0000] {dag.py:3677} INFO - Setting next_dagrun for example_complex to None, run_after=None
[2023-08-24T04:15:42.487+0000] {processor.py:179} INFO - Processing /home/airflow/.local/lib/python3.8/site-packages/airflow/example_dags/example_complex.py took 0.068 seconds
[2023-08-24T04:16:13.140+0000] {processor.py:157} INFO - Started process (PID=2087) to work on /home/airflow/.local/lib/python3.8/site-packages/airflow/example_dags/example_complex.py
[2023-08-24T04:16:13.141+0000] {processor.py:829} INFO - Processing file /home/airflow/.local/lib/python3.8/site-packages/airflow/example_dags/example_complex.py for tasks to queue
[2023-08-24T04:16:13.143+0000] {logging_mixin.py:151} INFO - [2023-08-24T04:16:13.143+0000] {dagbag.py:539} INFO - Filling up the DagBag from /home/airflow/.local/lib/python3.8/site-packages/airflow/example_dags/example_complex.py
[2023-08-24T04:16:13.151+0000] {processor.py:839} INFO - DAG(s) dict_keys(['example_complex']) retrieved from /home/airflow/.local/lib/python3.8/site-packages/airflow/example_dags/example_complex.py
[2023-08-24T04:16:13.172+0000] {logging_mixin.py:151} INFO - [2023-08-24T04:16:13.172+0000] {dag.py:2907} INFO - Sync 1 DAGs
[2023-08-24T04:16:13.180+0000] {logging_mixin.py:151} INFO - [2023-08-24T04:16:13.180+0000] {dag.py:3677} INFO - Setting next_dagrun for example_complex to None, run_after=None
[2023-08-24T04:16:13.191+0000] {processor.py:179} INFO - Processing /home/airflow/.local/lib/python3.8/site-packages/airflow/example_dags/example_complex.py took 0.054 seconds
[2023-08-24T04:16:43.910+0000] {processor.py:157} INFO - Started process (PID=2150) to work on /home/airflow/.local/lib/python3.8/site-packages/airflow/example_dags/example_complex.py
[2023-08-24T04:16:43.911+0000] {processor.py:829} INFO - Processing file /home/airflow/.local/lib/python3.8/site-packages/airflow/example_dags/example_complex.py for tasks to queue
[2023-08-24T04:16:43.914+0000] {logging_mixin.py:151} INFO - [2023-08-24T04:16:43.913+0000] {dagbag.py:539} INFO - Filling up the DagBag from /home/airflow/.local/lib/python3.8/site-packages/airflow/example_dags/example_complex.py
[2023-08-24T04:16:43.921+0000] {processor.py:839} INFO - DAG(s) dict_keys(['example_complex']) retrieved from /home/airflow/.local/lib/python3.8/site-packages/airflow/example_dags/example_complex.py
[2023-08-24T04:16:43.944+0000] {logging_mixin.py:151} INFO - [2023-08-24T04:16:43.944+0000] {dag.py:2907} INFO - Sync 1 DAGs
[2023-08-24T04:16:43.952+0000] {logging_mixin.py:151} INFO - [2023-08-24T04:16:43.952+0000] {dag.py:3677} INFO - Setting next_dagrun for example_complex to None, run_after=None
[2023-08-24T04:16:43.965+0000] {processor.py:179} INFO - Processing /home/airflow/.local/lib/python3.8/site-packages/airflow/example_dags/example_complex.py took 0.058 seconds
[2023-08-24T04:17:14.847+0000] {processor.py:157} INFO - Started process (PID=2213) to work on /home/airflow/.local/lib/python3.8/site-packages/airflow/example_dags/example_complex.py
[2023-08-24T04:17:14.848+0000] {processor.py:829} INFO - Processing file /home/airflow/.local/lib/python3.8/site-packages/airflow/example_dags/example_complex.py for tasks to queue
[2023-08-24T04:17:14.851+0000] {logging_mixin.py:151} INFO - [2023-08-24T04:17:14.850+0000] {dagbag.py:539} INFO - Filling up the DagBag from /home/airflow/.local/lib/python3.8/site-packages/airflow/example_dags/example_complex.py
[2023-08-24T04:17:14.858+0000] {processor.py:839} INFO - DAG(s) dict_keys(['example_complex']) retrieved from /home/airflow/.local/lib/python3.8/site-packages/airflow/example_dags/example_complex.py
[2023-08-24T04:17:14.881+0000] {logging_mixin.py:151} INFO - [2023-08-24T04:17:14.880+0000] {dag.py:2907} INFO - Sync 1 DAGs
[2023-08-24T04:17:14.889+0000] {logging_mixin.py:151} INFO - [2023-08-24T04:17:14.889+0000] {dag.py:3677} INFO - Setting next_dagrun for example_complex to None, run_after=None
[2023-08-24T04:17:14.901+0000] {processor.py:179} INFO - Processing /home/airflow/.local/lib/python3.8/site-packages/airflow/example_dags/example_complex.py took 0.057 seconds
[2023-08-24T04:17:45.033+0000] {processor.py:157} INFO - Started process (PID=2280) to work on /home/airflow/.local/lib/python3.8/site-packages/airflow/example_dags/example_complex.py
[2023-08-24T04:17:45.034+0000] {processor.py:829} INFO - Processing file /home/airflow/.local/lib/python3.8/site-packages/airflow/example_dags/example_complex.py for tasks to queue
[2023-08-24T04:17:45.036+0000] {logging_mixin.py:151} INFO - [2023-08-24T04:17:45.036+0000] {dagbag.py:539} INFO - Filling up the DagBag from /home/airflow/.local/lib/python3.8/site-packages/airflow/example_dags/example_complex.py
[2023-08-24T04:17:45.042+0000] {processor.py:839} INFO - DAG(s) dict_keys(['example_complex']) retrieved from /home/airflow/.local/lib/python3.8/site-packages/airflow/example_dags/example_complex.py
[2023-08-24T04:17:45.064+0000] {logging_mixin.py:151} INFO - [2023-08-24T04:17:45.064+0000] {dag.py:2907} INFO - Sync 1 DAGs
[2023-08-24T04:17:45.071+0000] {logging_mixin.py:151} INFO - [2023-08-24T04:17:45.071+0000] {dag.py:3677} INFO - Setting next_dagrun for example_complex to None, run_after=None
[2023-08-24T04:17:45.083+0000] {processor.py:179} INFO - Processing /home/airflow/.local/lib/python3.8/site-packages/airflow/example_dags/example_complex.py took 0.053 seconds
[2023-08-24T04:18:15.790+0000] {processor.py:157} INFO - Started process (PID=2342) to work on /home/airflow/.local/lib/python3.8/site-packages/airflow/example_dags/example_complex.py
[2023-08-24T04:18:15.792+0000] {processor.py:829} INFO - Processing file /home/airflow/.local/lib/python3.8/site-packages/airflow/example_dags/example_complex.py for tasks to queue
[2023-08-24T04:18:15.794+0000] {logging_mixin.py:151} INFO - [2023-08-24T04:18:15.793+0000] {dagbag.py:539} INFO - Filling up the DagBag from /home/airflow/.local/lib/python3.8/site-packages/airflow/example_dags/example_complex.py
[2023-08-24T04:18:15.801+0000] {processor.py:839} INFO - DAG(s) dict_keys(['example_complex']) retrieved from /home/airflow/.local/lib/python3.8/site-packages/airflow/example_dags/example_complex.py
[2023-08-24T04:18:15.823+0000] {logging_mixin.py:151} INFO - [2023-08-24T04:18:15.823+0000] {dag.py:2907} INFO - Sync 1 DAGs
[2023-08-24T04:18:15.831+0000] {logging_mixin.py:151} INFO - [2023-08-24T04:18:15.831+0000] {dag.py:3677} INFO - Setting next_dagrun for example_complex to None, run_after=None
[2023-08-24T04:18:15.841+0000] {processor.py:179} INFO - Processing /home/airflow/.local/lib/python3.8/site-packages/airflow/example_dags/example_complex.py took 0.053 seconds
[2023-08-24T04:24:30.349+0000] {processor.py:157} INFO - Started process (PID=66) to work on /home/airflow/.local/lib/python3.8/site-packages/airflow/example_dags/example_complex.py
[2023-08-24T04:24:30.351+0000] {processor.py:829} INFO - Processing file /home/airflow/.local/lib/python3.8/site-packages/airflow/example_dags/example_complex.py for tasks to queue
[2023-08-24T04:24:30.353+0000] {logging_mixin.py:151} INFO - [2023-08-24T04:24:30.352+0000] {dagbag.py:539} INFO - Filling up the DagBag from /home/airflow/.local/lib/python3.8/site-packages/airflow/example_dags/example_complex.py
[2023-08-24T04:24:30.362+0000] {processor.py:839} INFO - DAG(s) dict_keys(['example_complex']) retrieved from /home/airflow/.local/lib/python3.8/site-packages/airflow/example_dags/example_complex.py
[2023-08-24T04:24:30.376+0000] {logging_mixin.py:151} INFO - [2023-08-24T04:24:30.376+0000] {dag.py:2907} INFO - Sync 1 DAGs
[2023-08-24T04:24:30.387+0000] {logging_mixin.py:151} INFO - [2023-08-24T04:24:30.387+0000] {dag.py:3677} INFO - Setting next_dagrun for example_complex to None, run_after=None
[2023-08-24T04:24:30.398+0000] {processor.py:179} INFO - Processing /home/airflow/.local/lib/python3.8/site-packages/airflow/example_dags/example_complex.py took 0.052 seconds
[2023-08-24T04:25:00.450+0000] {processor.py:157} INFO - Started process (PID=129) to work on /home/airflow/.local/lib/python3.8/site-packages/airflow/example_dags/example_complex.py
[2023-08-24T04:25:00.451+0000] {processor.py:829} INFO - Processing file /home/airflow/.local/lib/python3.8/site-packages/airflow/example_dags/example_complex.py for tasks to queue
[2023-08-24T04:25:00.453+0000] {logging_mixin.py:151} INFO - [2023-08-24T04:25:00.453+0000] {dagbag.py:539} INFO - Filling up the DagBag from /home/airflow/.local/lib/python3.8/site-packages/airflow/example_dags/example_complex.py
[2023-08-24T04:25:00.460+0000] {processor.py:839} INFO - DAG(s) dict_keys(['example_complex']) retrieved from /home/airflow/.local/lib/python3.8/site-packages/airflow/example_dags/example_complex.py
[2023-08-24T04:25:00.480+0000] {logging_mixin.py:151} INFO - [2023-08-24T04:25:00.480+0000] {dag.py:2907} INFO - Sync 1 DAGs
[2023-08-24T04:25:00.488+0000] {logging_mixin.py:151} INFO - [2023-08-24T04:25:00.488+0000] {dag.py:3677} INFO - Setting next_dagrun for example_complex to None, run_after=None
[2023-08-24T04:25:00.498+0000] {processor.py:179} INFO - Processing /home/airflow/.local/lib/python3.8/site-packages/airflow/example_dags/example_complex.py took 0.051 seconds
[2023-08-24T04:26:40.327+0000] {processor.py:157} INFO - Started process (PID=66) to work on /home/airflow/.local/lib/python3.8/site-packages/airflow/example_dags/example_complex.py
[2023-08-24T04:26:40.328+0000] {processor.py:829} INFO - Processing file /home/airflow/.local/lib/python3.8/site-packages/airflow/example_dags/example_complex.py for tasks to queue
[2023-08-24T04:26:40.330+0000] {logging_mixin.py:151} INFO - [2023-08-24T04:26:40.329+0000] {dagbag.py:539} INFO - Filling up the DagBag from /home/airflow/.local/lib/python3.8/site-packages/airflow/example_dags/example_complex.py
[2023-08-24T04:26:40.338+0000] {processor.py:839} INFO - DAG(s) dict_keys(['example_complex']) retrieved from /home/airflow/.local/lib/python3.8/site-packages/airflow/example_dags/example_complex.py
[2023-08-24T04:26:40.349+0000] {logging_mixin.py:151} INFO - [2023-08-24T04:26:40.349+0000] {dag.py:2907} INFO - Sync 1 DAGs
[2023-08-24T04:26:40.358+0000] {logging_mixin.py:151} INFO - [2023-08-24T04:26:40.358+0000] {dag.py:3677} INFO - Setting next_dagrun for example_complex to None, run_after=None
[2023-08-24T04:26:40.369+0000] {processor.py:179} INFO - Processing /home/airflow/.local/lib/python3.8/site-packages/airflow/example_dags/example_complex.py took 0.045 seconds
[2023-08-24T04:27:10.568+0000] {processor.py:157} INFO - Started process (PID=128) to work on /home/airflow/.local/lib/python3.8/site-packages/airflow/example_dags/example_complex.py
[2023-08-24T04:27:10.569+0000] {processor.py:829} INFO - Processing file /home/airflow/.local/lib/python3.8/site-packages/airflow/example_dags/example_complex.py for tasks to queue
[2023-08-24T04:27:10.571+0000] {logging_mixin.py:151} INFO - [2023-08-24T04:27:10.571+0000] {dagbag.py:539} INFO - Filling up the DagBag from /home/airflow/.local/lib/python3.8/site-packages/airflow/example_dags/example_complex.py
[2023-08-24T04:27:10.578+0000] {processor.py:839} INFO - DAG(s) dict_keys(['example_complex']) retrieved from /home/airflow/.local/lib/python3.8/site-packages/airflow/example_dags/example_complex.py
[2023-08-24T04:27:10.599+0000] {logging_mixin.py:151} INFO - [2023-08-24T04:27:10.599+0000] {dag.py:2907} INFO - Sync 1 DAGs
[2023-08-24T04:27:10.607+0000] {logging_mixin.py:151} INFO - [2023-08-24T04:27:10.607+0000] {dag.py:3677} INFO - Setting next_dagrun for example_complex to None, run_after=None
[2023-08-24T04:27:10.618+0000] {processor.py:179} INFO - Processing /home/airflow/.local/lib/python3.8/site-packages/airflow/example_dags/example_complex.py took 0.052 seconds
