[2023-08-24T03:04:53.805+0000] {processor.py:157} INFO - Started process (PID=51) to work on /home/airflow/.local/lib/python3.8/site-packages/airflow/example_dags/example_bash_operator.py
[2023-08-24T03:04:53.807+0000] {processor.py:829} INFO - Processing file /home/airflow/.local/lib/python3.8/site-packages/airflow/example_dags/example_bash_operator.py for tasks to queue
[2023-08-24T03:04:53.809+0000] {logging_mixin.py:151} INFO - [2023-08-24T03:04:53.809+0000] {dagbag.py:539} INFO - Filling up the DagBag from /home/airflow/.local/lib/python3.8/site-packages/airflow/example_dags/example_bash_operator.py
[2023-08-24T03:04:53.819+0000] {processor.py:839} INFO - DAG(s) dict_keys(['example_bash_operator']) retrieved from /home/airflow/.local/lib/python3.8/site-packages/airflow/example_dags/example_bash_operator.py
[2023-08-24T03:04:53.833+0000] {logging_mixin.py:151} INFO - [2023-08-24T03:04:53.833+0000] {dag.py:2907} INFO - Sync 1 DAGs
[2023-08-24T03:04:53.855+0000] {logging_mixin.py:151} INFO - [2023-08-24T03:04:53.855+0000] {dag.py:3677} INFO - Setting next_dagrun for example_bash_operator to 2023-08-23T00:00:00+00:00, run_after=2023-08-24T00:00:00+00:00
[2023-08-24T03:04:53.868+0000] {processor.py:179} INFO - Processing /home/airflow/.local/lib/python3.8/site-packages/airflow/example_dags/example_bash_operator.py took 0.066 seconds
[2023-08-24T03:05:24.315+0000] {processor.py:157} INFO - Started process (PID=114) to work on /home/airflow/.local/lib/python3.8/site-packages/airflow/example_dags/example_bash_operator.py
[2023-08-24T03:05:24.316+0000] {processor.py:829} INFO - Processing file /home/airflow/.local/lib/python3.8/site-packages/airflow/example_dags/example_bash_operator.py for tasks to queue
[2023-08-24T03:05:24.318+0000] {logging_mixin.py:151} INFO - [2023-08-24T03:05:24.318+0000] {dagbag.py:539} INFO - Filling up the DagBag from /home/airflow/.local/lib/python3.8/site-packages/airflow/example_dags/example_bash_operator.py
[2023-08-24T03:05:24.327+0000] {processor.py:839} INFO - DAG(s) dict_keys(['example_bash_operator']) retrieved from /home/airflow/.local/lib/python3.8/site-packages/airflow/example_dags/example_bash_operator.py
[2023-08-24T03:05:24.346+0000] {logging_mixin.py:151} INFO - [2023-08-24T03:05:24.346+0000] {dag.py:2907} INFO - Sync 1 DAGs
[2023-08-24T03:05:24.359+0000] {logging_mixin.py:151} INFO - [2023-08-24T03:05:24.359+0000] {dag.py:3677} INFO - Setting next_dagrun for example_bash_operator to 2023-08-23T00:00:00+00:00, run_after=2023-08-24T00:00:00+00:00
[2023-08-24T03:05:24.369+0000] {processor.py:179} INFO - Processing /home/airflow/.local/lib/python3.8/site-packages/airflow/example_dags/example_bash_operator.py took 0.056 seconds
[2023-08-24T03:05:55.344+0000] {processor.py:157} INFO - Started process (PID=177) to work on /home/airflow/.local/lib/python3.8/site-packages/airflow/example_dags/example_bash_operator.py
[2023-08-24T03:05:55.346+0000] {processor.py:829} INFO - Processing file /home/airflow/.local/lib/python3.8/site-packages/airflow/example_dags/example_bash_operator.py for tasks to queue
[2023-08-24T03:05:55.348+0000] {logging_mixin.py:151} INFO - [2023-08-24T03:05:55.348+0000] {dagbag.py:539} INFO - Filling up the DagBag from /home/airflow/.local/lib/python3.8/site-packages/airflow/example_dags/example_bash_operator.py
[2023-08-24T03:05:55.356+0000] {processor.py:839} INFO - DAG(s) dict_keys(['example_bash_operator']) retrieved from /home/airflow/.local/lib/python3.8/site-packages/airflow/example_dags/example_bash_operator.py
[2023-08-24T03:05:55.377+0000] {logging_mixin.py:151} INFO - [2023-08-24T03:05:55.376+0000] {dag.py:2907} INFO - Sync 1 DAGs
[2023-08-24T03:05:55.391+0000] {logging_mixin.py:151} INFO - [2023-08-24T03:05:55.390+0000] {dag.py:3677} INFO - Setting next_dagrun for example_bash_operator to 2023-08-23T00:00:00+00:00, run_after=2023-08-24T00:00:00+00:00
[2023-08-24T03:05:55.403+0000] {processor.py:179} INFO - Processing /home/airflow/.local/lib/python3.8/site-packages/airflow/example_dags/example_bash_operator.py took 0.061 seconds
[2023-08-24T03:06:26.303+0000] {processor.py:157} INFO - Started process (PID=240) to work on /home/airflow/.local/lib/python3.8/site-packages/airflow/example_dags/example_bash_operator.py
[2023-08-24T03:06:26.304+0000] {processor.py:829} INFO - Processing file /home/airflow/.local/lib/python3.8/site-packages/airflow/example_dags/example_bash_operator.py for tasks to queue
[2023-08-24T03:06:26.306+0000] {logging_mixin.py:151} INFO - [2023-08-24T03:06:26.306+0000] {dagbag.py:539} INFO - Filling up the DagBag from /home/airflow/.local/lib/python3.8/site-packages/airflow/example_dags/example_bash_operator.py
[2023-08-24T03:06:26.315+0000] {processor.py:839} INFO - DAG(s) dict_keys(['example_bash_operator']) retrieved from /home/airflow/.local/lib/python3.8/site-packages/airflow/example_dags/example_bash_operator.py
[2023-08-24T03:06:26.334+0000] {logging_mixin.py:151} INFO - [2023-08-24T03:06:26.334+0000] {dag.py:2907} INFO - Sync 1 DAGs
[2023-08-24T03:06:26.348+0000] {logging_mixin.py:151} INFO - [2023-08-24T03:06:26.348+0000] {dag.py:3677} INFO - Setting next_dagrun for example_bash_operator to 2023-08-23T00:00:00+00:00, run_after=2023-08-24T00:00:00+00:00
[2023-08-24T03:06:26.358+0000] {processor.py:179} INFO - Processing /home/airflow/.local/lib/python3.8/site-packages/airflow/example_dags/example_bash_operator.py took 0.058 seconds
[2023-08-24T03:06:57.160+0000] {processor.py:157} INFO - Started process (PID=303) to work on /home/airflow/.local/lib/python3.8/site-packages/airflow/example_dags/example_bash_operator.py
[2023-08-24T03:06:57.161+0000] {processor.py:829} INFO - Processing file /home/airflow/.local/lib/python3.8/site-packages/airflow/example_dags/example_bash_operator.py for tasks to queue
[2023-08-24T03:06:57.163+0000] {logging_mixin.py:151} INFO - [2023-08-24T03:06:57.163+0000] {dagbag.py:539} INFO - Filling up the DagBag from /home/airflow/.local/lib/python3.8/site-packages/airflow/example_dags/example_bash_operator.py
[2023-08-24T03:06:57.171+0000] {processor.py:839} INFO - DAG(s) dict_keys(['example_bash_operator']) retrieved from /home/airflow/.local/lib/python3.8/site-packages/airflow/example_dags/example_bash_operator.py
[2023-08-24T03:06:57.190+0000] {logging_mixin.py:151} INFO - [2023-08-24T03:06:57.190+0000] {dag.py:2907} INFO - Sync 1 DAGs
[2023-08-24T03:06:57.203+0000] {logging_mixin.py:151} INFO - [2023-08-24T03:06:57.203+0000] {dag.py:3677} INFO - Setting next_dagrun for example_bash_operator to 2023-08-23T00:00:00+00:00, run_after=2023-08-24T00:00:00+00:00
[2023-08-24T03:06:57.213+0000] {processor.py:179} INFO - Processing /home/airflow/.local/lib/python3.8/site-packages/airflow/example_dags/example_bash_operator.py took 0.056 seconds
[2023-08-24T03:07:27.973+0000] {processor.py:157} INFO - Started process (PID=370) to work on /home/airflow/.local/lib/python3.8/site-packages/airflow/example_dags/example_bash_operator.py
[2023-08-24T03:07:27.974+0000] {processor.py:829} INFO - Processing file /home/airflow/.local/lib/python3.8/site-packages/airflow/example_dags/example_bash_operator.py for tasks to queue
[2023-08-24T03:07:27.976+0000] {logging_mixin.py:151} INFO - [2023-08-24T03:07:27.975+0000] {dagbag.py:539} INFO - Filling up the DagBag from /home/airflow/.local/lib/python3.8/site-packages/airflow/example_dags/example_bash_operator.py
[2023-08-24T03:07:27.984+0000] {processor.py:839} INFO - DAG(s) dict_keys(['example_bash_operator']) retrieved from /home/airflow/.local/lib/python3.8/site-packages/airflow/example_dags/example_bash_operator.py
[2023-08-24T03:07:28.003+0000] {logging_mixin.py:151} INFO - [2023-08-24T03:07:28.002+0000] {dag.py:2907} INFO - Sync 1 DAGs
[2023-08-24T03:07:28.016+0000] {logging_mixin.py:151} INFO - [2023-08-24T03:07:28.016+0000] {dag.py:3677} INFO - Setting next_dagrun for example_bash_operator to 2023-08-23T00:00:00+00:00, run_after=2023-08-24T00:00:00+00:00
[2023-08-24T03:07:28.027+0000] {processor.py:179} INFO - Processing /home/airflow/.local/lib/python3.8/site-packages/airflow/example_dags/example_bash_operator.py took 0.057 seconds
[2023-08-24T03:07:58.605+0000] {processor.py:157} INFO - Started process (PID=433) to work on /home/airflow/.local/lib/python3.8/site-packages/airflow/example_dags/example_bash_operator.py
[2023-08-24T03:07:58.607+0000] {processor.py:829} INFO - Processing file /home/airflow/.local/lib/python3.8/site-packages/airflow/example_dags/example_bash_operator.py for tasks to queue
[2023-08-24T03:07:58.609+0000] {logging_mixin.py:151} INFO - [2023-08-24T03:07:58.608+0000] {dagbag.py:539} INFO - Filling up the DagBag from /home/airflow/.local/lib/python3.8/site-packages/airflow/example_dags/example_bash_operator.py
[2023-08-24T03:07:58.616+0000] {processor.py:839} INFO - DAG(s) dict_keys(['example_bash_operator']) retrieved from /home/airflow/.local/lib/python3.8/site-packages/airflow/example_dags/example_bash_operator.py
[2023-08-24T03:07:58.636+0000] {logging_mixin.py:151} INFO - [2023-08-24T03:07:58.636+0000] {dag.py:2907} INFO - Sync 1 DAGs
[2023-08-24T03:07:58.649+0000] {logging_mixin.py:151} INFO - [2023-08-24T03:07:58.649+0000] {dag.py:3677} INFO - Setting next_dagrun for example_bash_operator to 2023-08-23T00:00:00+00:00, run_after=2023-08-24T00:00:00+00:00
[2023-08-24T03:07:58.658+0000] {processor.py:179} INFO - Processing /home/airflow/.local/lib/python3.8/site-packages/airflow/example_dags/example_bash_operator.py took 0.056 seconds
[2023-08-24T03:08:29.493+0000] {processor.py:157} INFO - Started process (PID=497) to work on /home/airflow/.local/lib/python3.8/site-packages/airflow/example_dags/example_bash_operator.py
[2023-08-24T03:08:29.494+0000] {processor.py:829} INFO - Processing file /home/airflow/.local/lib/python3.8/site-packages/airflow/example_dags/example_bash_operator.py for tasks to queue
[2023-08-24T03:08:29.496+0000] {logging_mixin.py:151} INFO - [2023-08-24T03:08:29.496+0000] {dagbag.py:539} INFO - Filling up the DagBag from /home/airflow/.local/lib/python3.8/site-packages/airflow/example_dags/example_bash_operator.py
[2023-08-24T03:08:29.504+0000] {processor.py:839} INFO - DAG(s) dict_keys(['example_bash_operator']) retrieved from /home/airflow/.local/lib/python3.8/site-packages/airflow/example_dags/example_bash_operator.py
[2023-08-24T03:08:29.523+0000] {logging_mixin.py:151} INFO - [2023-08-24T03:08:29.523+0000] {dag.py:2907} INFO - Sync 1 DAGs
[2023-08-24T03:08:29.537+0000] {logging_mixin.py:151} INFO - [2023-08-24T03:08:29.537+0000] {dag.py:3677} INFO - Setting next_dagrun for example_bash_operator to 2023-08-23T00:00:00+00:00, run_after=2023-08-24T00:00:00+00:00
[2023-08-24T03:08:29.547+0000] {processor.py:179} INFO - Processing /home/airflow/.local/lib/python3.8/site-packages/airflow/example_dags/example_bash_operator.py took 0.056 seconds
[2023-08-24T03:09:00.324+0000] {processor.py:157} INFO - Started process (PID=560) to work on /home/airflow/.local/lib/python3.8/site-packages/airflow/example_dags/example_bash_operator.py
[2023-08-24T03:09:00.325+0000] {processor.py:829} INFO - Processing file /home/airflow/.local/lib/python3.8/site-packages/airflow/example_dags/example_bash_operator.py for tasks to queue
[2023-08-24T03:09:00.327+0000] {logging_mixin.py:151} INFO - [2023-08-24T03:09:00.327+0000] {dagbag.py:539} INFO - Filling up the DagBag from /home/airflow/.local/lib/python3.8/site-packages/airflow/example_dags/example_bash_operator.py
[2023-08-24T03:09:00.335+0000] {processor.py:839} INFO - DAG(s) dict_keys(['example_bash_operator']) retrieved from /home/airflow/.local/lib/python3.8/site-packages/airflow/example_dags/example_bash_operator.py
[2023-08-24T03:09:00.355+0000] {logging_mixin.py:151} INFO - [2023-08-24T03:09:00.355+0000] {dag.py:2907} INFO - Sync 1 DAGs
[2023-08-24T03:09:00.368+0000] {logging_mixin.py:151} INFO - [2023-08-24T03:09:00.368+0000] {dag.py:3677} INFO - Setting next_dagrun for example_bash_operator to 2023-08-23T00:00:00+00:00, run_after=2023-08-24T00:00:00+00:00
[2023-08-24T03:09:00.379+0000] {processor.py:179} INFO - Processing /home/airflow/.local/lib/python3.8/site-packages/airflow/example_dags/example_bash_operator.py took 0.059 seconds
[2023-08-24T03:16:29.540+0000] {processor.py:157} INFO - Started process (PID=52) to work on /home/airflow/.local/lib/python3.8/site-packages/airflow/example_dags/example_bash_operator.py
[2023-08-24T03:16:29.541+0000] {processor.py:829} INFO - Processing file /home/airflow/.local/lib/python3.8/site-packages/airflow/example_dags/example_bash_operator.py for tasks to queue
[2023-08-24T03:16:29.543+0000] {logging_mixin.py:151} INFO - [2023-08-24T03:16:29.543+0000] {dagbag.py:539} INFO - Filling up the DagBag from /home/airflow/.local/lib/python3.8/site-packages/airflow/example_dags/example_bash_operator.py
[2023-08-24T03:16:29.557+0000] {processor.py:839} INFO - DAG(s) dict_keys(['example_bash_operator']) retrieved from /home/airflow/.local/lib/python3.8/site-packages/airflow/example_dags/example_bash_operator.py
[2023-08-24T03:16:29.576+0000] {logging_mixin.py:151} INFO - [2023-08-24T03:16:29.576+0000] {dag.py:2907} INFO - Sync 1 DAGs
[2023-08-24T03:16:29.594+0000] {logging_mixin.py:151} INFO - [2023-08-24T03:16:29.594+0000] {dag.py:3677} INFO - Setting next_dagrun for example_bash_operator to 2023-08-23T00:00:00+00:00, run_after=2023-08-24T00:00:00+00:00
[2023-08-24T03:16:29.612+0000] {processor.py:179} INFO - Processing /home/airflow/.local/lib/python3.8/site-packages/airflow/example_dags/example_bash_operator.py took 0.075 seconds
[2023-08-24T03:16:59.778+0000] {processor.py:157} INFO - Started process (PID=115) to work on /home/airflow/.local/lib/python3.8/site-packages/airflow/example_dags/example_bash_operator.py
[2023-08-24T03:16:59.779+0000] {processor.py:829} INFO - Processing file /home/airflow/.local/lib/python3.8/site-packages/airflow/example_dags/example_bash_operator.py for tasks to queue
[2023-08-24T03:16:59.781+0000] {logging_mixin.py:151} INFO - [2023-08-24T03:16:59.781+0000] {dagbag.py:539} INFO - Filling up the DagBag from /home/airflow/.local/lib/python3.8/site-packages/airflow/example_dags/example_bash_operator.py
[2023-08-24T03:16:59.789+0000] {processor.py:839} INFO - DAG(s) dict_keys(['example_bash_operator']) retrieved from /home/airflow/.local/lib/python3.8/site-packages/airflow/example_dags/example_bash_operator.py
[2023-08-24T03:16:59.807+0000] {logging_mixin.py:151} INFO - [2023-08-24T03:16:59.807+0000] {dag.py:2907} INFO - Sync 1 DAGs
[2023-08-24T03:16:59.820+0000] {logging_mixin.py:151} INFO - [2023-08-24T03:16:59.820+0000] {dag.py:3677} INFO - Setting next_dagrun for example_bash_operator to 2023-08-23T00:00:00+00:00, run_after=2023-08-24T00:00:00+00:00
[2023-08-24T03:16:59.830+0000] {processor.py:179} INFO - Processing /home/airflow/.local/lib/python3.8/site-packages/airflow/example_dags/example_bash_operator.py took 0.054 seconds
[2023-08-24T03:17:30.492+0000] {processor.py:157} INFO - Started process (PID=178) to work on /home/airflow/.local/lib/python3.8/site-packages/airflow/example_dags/example_bash_operator.py
[2023-08-24T03:17:30.493+0000] {processor.py:829} INFO - Processing file /home/airflow/.local/lib/python3.8/site-packages/airflow/example_dags/example_bash_operator.py for tasks to queue
[2023-08-24T03:17:30.495+0000] {logging_mixin.py:151} INFO - [2023-08-24T03:17:30.494+0000] {dagbag.py:539} INFO - Filling up the DagBag from /home/airflow/.local/lib/python3.8/site-packages/airflow/example_dags/example_bash_operator.py
[2023-08-24T03:17:30.503+0000] {processor.py:839} INFO - DAG(s) dict_keys(['example_bash_operator']) retrieved from /home/airflow/.local/lib/python3.8/site-packages/airflow/example_dags/example_bash_operator.py
[2023-08-24T03:17:30.524+0000] {logging_mixin.py:151} INFO - [2023-08-24T03:17:30.523+0000] {dag.py:2907} INFO - Sync 1 DAGs
[2023-08-24T03:17:30.537+0000] {logging_mixin.py:151} INFO - [2023-08-24T03:17:30.537+0000] {dag.py:3677} INFO - Setting next_dagrun for example_bash_operator to 2023-08-23T00:00:00+00:00, run_after=2023-08-24T00:00:00+00:00
[2023-08-24T03:17:30.549+0000] {processor.py:179} INFO - Processing /home/airflow/.local/lib/python3.8/site-packages/airflow/example_dags/example_bash_operator.py took 0.061 seconds
[2023-08-24T03:18:01.340+0000] {processor.py:157} INFO - Started process (PID=241) to work on /home/airflow/.local/lib/python3.8/site-packages/airflow/example_dags/example_bash_operator.py
[2023-08-24T03:18:01.341+0000] {processor.py:829} INFO - Processing file /home/airflow/.local/lib/python3.8/site-packages/airflow/example_dags/example_bash_operator.py for tasks to queue
[2023-08-24T03:18:01.343+0000] {logging_mixin.py:151} INFO - [2023-08-24T03:18:01.343+0000] {dagbag.py:539} INFO - Filling up the DagBag from /home/airflow/.local/lib/python3.8/site-packages/airflow/example_dags/example_bash_operator.py
[2023-08-24T03:18:01.352+0000] {processor.py:839} INFO - DAG(s) dict_keys(['example_bash_operator']) retrieved from /home/airflow/.local/lib/python3.8/site-packages/airflow/example_dags/example_bash_operator.py
[2023-08-24T03:18:01.369+0000] {logging_mixin.py:151} INFO - [2023-08-24T03:18:01.369+0000] {dag.py:2907} INFO - Sync 1 DAGs
[2023-08-24T03:18:01.382+0000] {logging_mixin.py:151} INFO - [2023-08-24T03:18:01.382+0000] {dag.py:3677} INFO - Setting next_dagrun for example_bash_operator to 2023-08-23T00:00:00+00:00, run_after=2023-08-24T00:00:00+00:00
[2023-08-24T03:18:01.391+0000] {processor.py:179} INFO - Processing /home/airflow/.local/lib/python3.8/site-packages/airflow/example_dags/example_bash_operator.py took 0.054 seconds
[2023-08-24T03:19:15.781+0000] {processor.py:157} INFO - Started process (PID=51) to work on /home/airflow/.local/lib/python3.8/site-packages/airflow/example_dags/example_bash_operator.py
[2023-08-24T03:19:15.783+0000] {processor.py:829} INFO - Processing file /home/airflow/.local/lib/python3.8/site-packages/airflow/example_dags/example_bash_operator.py for tasks to queue
[2023-08-24T03:19:15.786+0000] {logging_mixin.py:151} INFO - [2023-08-24T03:19:15.785+0000] {dagbag.py:539} INFO - Filling up the DagBag from /home/airflow/.local/lib/python3.8/site-packages/airflow/example_dags/example_bash_operator.py
[2023-08-24T03:19:15.797+0000] {processor.py:839} INFO - DAG(s) dict_keys(['example_bash_operator']) retrieved from /home/airflow/.local/lib/python3.8/site-packages/airflow/example_dags/example_bash_operator.py
[2023-08-24T03:19:15.811+0000] {logging_mixin.py:151} INFO - [2023-08-24T03:19:15.810+0000] {dag.py:2907} INFO - Sync 1 DAGs
[2023-08-24T03:19:15.830+0000] {logging_mixin.py:151} INFO - [2023-08-24T03:19:15.830+0000] {dag.py:3677} INFO - Setting next_dagrun for example_bash_operator to 2023-08-23T00:00:00+00:00, run_after=2023-08-24T00:00:00+00:00
[2023-08-24T03:19:15.844+0000] {processor.py:179} INFO - Processing /home/airflow/.local/lib/python3.8/site-packages/airflow/example_dags/example_bash_operator.py took 0.067 seconds
[2023-08-24T03:22:56.198+0000] {processor.py:157} INFO - Started process (PID=50) to work on /home/airflow/.local/lib/python3.8/site-packages/airflow/example_dags/example_bash_operator.py
[2023-08-24T03:22:56.200+0000] {processor.py:829} INFO - Processing file /home/airflow/.local/lib/python3.8/site-packages/airflow/example_dags/example_bash_operator.py for tasks to queue
[2023-08-24T03:22:56.203+0000] {logging_mixin.py:151} INFO - [2023-08-24T03:22:56.202+0000] {dagbag.py:539} INFO - Filling up the DagBag from /home/airflow/.local/lib/python3.8/site-packages/airflow/example_dags/example_bash_operator.py
[2023-08-24T03:22:56.215+0000] {processor.py:839} INFO - DAG(s) dict_keys(['example_bash_operator']) retrieved from /home/airflow/.local/lib/python3.8/site-packages/airflow/example_dags/example_bash_operator.py
[2023-08-24T03:22:56.232+0000] {logging_mixin.py:151} INFO - [2023-08-24T03:22:56.232+0000] {dag.py:2907} INFO - Sync 1 DAGs
[2023-08-24T03:22:56.259+0000] {logging_mixin.py:151} INFO - [2023-08-24T03:22:56.259+0000] {dag.py:3677} INFO - Setting next_dagrun for example_bash_operator to 2023-08-23T00:00:00+00:00, run_after=2023-08-24T00:00:00+00:00
[2023-08-24T03:22:56.277+0000] {processor.py:179} INFO - Processing /home/airflow/.local/lib/python3.8/site-packages/airflow/example_dags/example_bash_operator.py took 0.083 seconds
[2023-08-24T03:23:26.736+0000] {processor.py:157} INFO - Started process (PID=113) to work on /home/airflow/.local/lib/python3.8/site-packages/airflow/example_dags/example_bash_operator.py
[2023-08-24T03:23:26.738+0000] {processor.py:829} INFO - Processing file /home/airflow/.local/lib/python3.8/site-packages/airflow/example_dags/example_bash_operator.py for tasks to queue
[2023-08-24T03:23:26.740+0000] {logging_mixin.py:151} INFO - [2023-08-24T03:23:26.739+0000] {dagbag.py:539} INFO - Filling up the DagBag from /home/airflow/.local/lib/python3.8/site-packages/airflow/example_dags/example_bash_operator.py
[2023-08-24T03:23:26.748+0000] {processor.py:839} INFO - DAG(s) dict_keys(['example_bash_operator']) retrieved from /home/airflow/.local/lib/python3.8/site-packages/airflow/example_dags/example_bash_operator.py
[2023-08-24T03:23:26.769+0000] {logging_mixin.py:151} INFO - [2023-08-24T03:23:26.769+0000] {dag.py:2907} INFO - Sync 1 DAGs
[2023-08-24T03:23:26.786+0000] {logging_mixin.py:151} INFO - [2023-08-24T03:23:26.786+0000] {dag.py:3677} INFO - Setting next_dagrun for example_bash_operator to 2023-08-23T00:00:00+00:00, run_after=2023-08-24T00:00:00+00:00
[2023-08-24T03:23:26.798+0000] {processor.py:179} INFO - Processing /home/airflow/.local/lib/python3.8/site-packages/airflow/example_dags/example_bash_operator.py took 0.065 seconds
[2023-08-24T03:59:48.490+0000] {processor.py:157} INFO - Started process (PID=51) to work on /home/airflow/.local/lib/python3.8/site-packages/airflow/example_dags/example_bash_operator.py
[2023-08-24T03:59:48.491+0000] {processor.py:829} INFO - Processing file /home/airflow/.local/lib/python3.8/site-packages/airflow/example_dags/example_bash_operator.py for tasks to queue
[2023-08-24T03:59:48.494+0000] {logging_mixin.py:151} INFO - [2023-08-24T03:59:48.494+0000] {dagbag.py:539} INFO - Filling up the DagBag from /home/airflow/.local/lib/python3.8/site-packages/airflow/example_dags/example_bash_operator.py
[2023-08-24T03:59:48.504+0000] {processor.py:839} INFO - DAG(s) dict_keys(['example_bash_operator']) retrieved from /home/airflow/.local/lib/python3.8/site-packages/airflow/example_dags/example_bash_operator.py
[2023-08-24T03:59:48.517+0000] {logging_mixin.py:151} INFO - [2023-08-24T03:59:48.516+0000] {dag.py:2907} INFO - Sync 1 DAGs
[2023-08-24T03:59:48.535+0000] {logging_mixin.py:151} INFO - [2023-08-24T03:59:48.534+0000] {dag.py:3677} INFO - Setting next_dagrun for example_bash_operator to 2023-08-23T00:00:00+00:00, run_after=2023-08-24T00:00:00+00:00
[2023-08-24T03:59:48.552+0000] {processor.py:179} INFO - Processing /home/airflow/.local/lib/python3.8/site-packages/airflow/example_dags/example_bash_operator.py took 0.065 seconds
[2023-08-24T04:00:18.758+0000] {processor.py:157} INFO - Started process (PID=114) to work on /home/airflow/.local/lib/python3.8/site-packages/airflow/example_dags/example_bash_operator.py
[2023-08-24T04:00:18.759+0000] {processor.py:829} INFO - Processing file /home/airflow/.local/lib/python3.8/site-packages/airflow/example_dags/example_bash_operator.py for tasks to queue
[2023-08-24T04:00:18.761+0000] {logging_mixin.py:151} INFO - [2023-08-24T04:00:18.761+0000] {dagbag.py:539} INFO - Filling up the DagBag from /home/airflow/.local/lib/python3.8/site-packages/airflow/example_dags/example_bash_operator.py
[2023-08-24T04:00:18.769+0000] {processor.py:839} INFO - DAG(s) dict_keys(['example_bash_operator']) retrieved from /home/airflow/.local/lib/python3.8/site-packages/airflow/example_dags/example_bash_operator.py
[2023-08-24T04:00:18.790+0000] {logging_mixin.py:151} INFO - [2023-08-24T04:00:18.789+0000] {dag.py:2907} INFO - Sync 1 DAGs
[2023-08-24T04:00:18.803+0000] {logging_mixin.py:151} INFO - [2023-08-24T04:00:18.803+0000] {dag.py:3677} INFO - Setting next_dagrun for example_bash_operator to 2023-08-23T00:00:00+00:00, run_after=2023-08-24T00:00:00+00:00
[2023-08-24T04:00:18.812+0000] {processor.py:179} INFO - Processing /home/airflow/.local/lib/python3.8/site-packages/airflow/example_dags/example_bash_operator.py took 0.056 seconds
[2023-08-24T04:00:49.581+0000] {processor.py:157} INFO - Started process (PID=177) to work on /home/airflow/.local/lib/python3.8/site-packages/airflow/example_dags/example_bash_operator.py
[2023-08-24T04:00:49.583+0000] {processor.py:829} INFO - Processing file /home/airflow/.local/lib/python3.8/site-packages/airflow/example_dags/example_bash_operator.py for tasks to queue
[2023-08-24T04:00:49.585+0000] {logging_mixin.py:151} INFO - [2023-08-24T04:00:49.584+0000] {dagbag.py:539} INFO - Filling up the DagBag from /home/airflow/.local/lib/python3.8/site-packages/airflow/example_dags/example_bash_operator.py
[2023-08-24T04:00:49.593+0000] {processor.py:839} INFO - DAG(s) dict_keys(['example_bash_operator']) retrieved from /home/airflow/.local/lib/python3.8/site-packages/airflow/example_dags/example_bash_operator.py
[2023-08-24T04:00:49.612+0000] {logging_mixin.py:151} INFO - [2023-08-24T04:00:49.612+0000] {dag.py:2907} INFO - Sync 1 DAGs
[2023-08-24T04:00:49.624+0000] {logging_mixin.py:151} INFO - [2023-08-24T04:00:49.624+0000] {dag.py:3677} INFO - Setting next_dagrun for example_bash_operator to 2023-08-23T00:00:00+00:00, run_after=2023-08-24T00:00:00+00:00
[2023-08-24T04:00:49.635+0000] {processor.py:179} INFO - Processing /home/airflow/.local/lib/python3.8/site-packages/airflow/example_dags/example_bash_operator.py took 0.056 seconds
[2023-08-24T04:01:20.264+0000] {processor.py:157} INFO - Started process (PID=240) to work on /home/airflow/.local/lib/python3.8/site-packages/airflow/example_dags/example_bash_operator.py
[2023-08-24T04:01:20.265+0000] {processor.py:829} INFO - Processing file /home/airflow/.local/lib/python3.8/site-packages/airflow/example_dags/example_bash_operator.py for tasks to queue
[2023-08-24T04:01:20.267+0000] {logging_mixin.py:151} INFO - [2023-08-24T04:01:20.267+0000] {dagbag.py:539} INFO - Filling up the DagBag from /home/airflow/.local/lib/python3.8/site-packages/airflow/example_dags/example_bash_operator.py
[2023-08-24T04:01:20.276+0000] {processor.py:839} INFO - DAG(s) dict_keys(['example_bash_operator']) retrieved from /home/airflow/.local/lib/python3.8/site-packages/airflow/example_dags/example_bash_operator.py
[2023-08-24T04:01:20.296+0000] {logging_mixin.py:151} INFO - [2023-08-24T04:01:20.296+0000] {dag.py:2907} INFO - Sync 1 DAGs
[2023-08-24T04:01:20.309+0000] {logging_mixin.py:151} INFO - [2023-08-24T04:01:20.308+0000] {dag.py:3677} INFO - Setting next_dagrun for example_bash_operator to 2023-08-23T00:00:00+00:00, run_after=2023-08-24T00:00:00+00:00
[2023-08-24T04:01:20.318+0000] {processor.py:179} INFO - Processing /home/airflow/.local/lib/python3.8/site-packages/airflow/example_dags/example_bash_operator.py took 0.058 seconds
[2023-08-24T04:01:51.151+0000] {processor.py:157} INFO - Started process (PID=303) to work on /home/airflow/.local/lib/python3.8/site-packages/airflow/example_dags/example_bash_operator.py
[2023-08-24T04:01:51.153+0000] {processor.py:829} INFO - Processing file /home/airflow/.local/lib/python3.8/site-packages/airflow/example_dags/example_bash_operator.py for tasks to queue
[2023-08-24T04:01:51.154+0000] {logging_mixin.py:151} INFO - [2023-08-24T04:01:51.154+0000] {dagbag.py:539} INFO - Filling up the DagBag from /home/airflow/.local/lib/python3.8/site-packages/airflow/example_dags/example_bash_operator.py
[2023-08-24T04:01:51.162+0000] {processor.py:839} INFO - DAG(s) dict_keys(['example_bash_operator']) retrieved from /home/airflow/.local/lib/python3.8/site-packages/airflow/example_dags/example_bash_operator.py
[2023-08-24T04:01:51.183+0000] {logging_mixin.py:151} INFO - [2023-08-24T04:01:51.183+0000] {dag.py:2907} INFO - Sync 1 DAGs
[2023-08-24T04:01:51.196+0000] {logging_mixin.py:151} INFO - [2023-08-24T04:01:51.196+0000] {dag.py:3677} INFO - Setting next_dagrun for example_bash_operator to 2023-08-23T00:00:00+00:00, run_after=2023-08-24T00:00:00+00:00
[2023-08-24T04:01:51.206+0000] {processor.py:179} INFO - Processing /home/airflow/.local/lib/python3.8/site-packages/airflow/example_dags/example_bash_operator.py took 0.057 seconds
[2023-08-24T04:02:22.145+0000] {processor.py:157} INFO - Started process (PID=366) to work on /home/airflow/.local/lib/python3.8/site-packages/airflow/example_dags/example_bash_operator.py
[2023-08-24T04:02:22.146+0000] {processor.py:829} INFO - Processing file /home/airflow/.local/lib/python3.8/site-packages/airflow/example_dags/example_bash_operator.py for tasks to queue
[2023-08-24T04:02:22.149+0000] {logging_mixin.py:151} INFO - [2023-08-24T04:02:22.149+0000] {dagbag.py:539} INFO - Filling up the DagBag from /home/airflow/.local/lib/python3.8/site-packages/airflow/example_dags/example_bash_operator.py
[2023-08-24T04:02:22.157+0000] {processor.py:839} INFO - DAG(s) dict_keys(['example_bash_operator']) retrieved from /home/airflow/.local/lib/python3.8/site-packages/airflow/example_dags/example_bash_operator.py
[2023-08-24T04:02:22.176+0000] {logging_mixin.py:151} INFO - [2023-08-24T04:02:22.176+0000] {dag.py:2907} INFO - Sync 1 DAGs
[2023-08-24T04:02:22.189+0000] {logging_mixin.py:151} INFO - [2023-08-24T04:02:22.189+0000] {dag.py:3677} INFO - Setting next_dagrun for example_bash_operator to 2023-08-23T00:00:00+00:00, run_after=2023-08-24T00:00:00+00:00
[2023-08-24T04:02:22.199+0000] {processor.py:179} INFO - Processing /home/airflow/.local/lib/python3.8/site-packages/airflow/example_dags/example_bash_operator.py took 0.056 seconds
[2023-08-24T04:02:52.779+0000] {processor.py:157} INFO - Started process (PID=429) to work on /home/airflow/.local/lib/python3.8/site-packages/airflow/example_dags/example_bash_operator.py
[2023-08-24T04:02:52.781+0000] {processor.py:829} INFO - Processing file /home/airflow/.local/lib/python3.8/site-packages/airflow/example_dags/example_bash_operator.py for tasks to queue
[2023-08-24T04:02:52.782+0000] {logging_mixin.py:151} INFO - [2023-08-24T04:02:52.782+0000] {dagbag.py:539} INFO - Filling up the DagBag from /home/airflow/.local/lib/python3.8/site-packages/airflow/example_dags/example_bash_operator.py
[2023-08-24T04:02:52.792+0000] {processor.py:839} INFO - DAG(s) dict_keys(['example_bash_operator']) retrieved from /home/airflow/.local/lib/python3.8/site-packages/airflow/example_dags/example_bash_operator.py
[2023-08-24T04:02:52.811+0000] {logging_mixin.py:151} INFO - [2023-08-24T04:02:52.811+0000] {dag.py:2907} INFO - Sync 1 DAGs
[2023-08-24T04:02:52.823+0000] {logging_mixin.py:151} INFO - [2023-08-24T04:02:52.823+0000] {dag.py:3677} INFO - Setting next_dagrun for example_bash_operator to 2023-08-23T00:00:00+00:00, run_after=2023-08-24T00:00:00+00:00
[2023-08-24T04:02:52.834+0000] {processor.py:179} INFO - Processing /home/airflow/.local/lib/python3.8/site-packages/airflow/example_dags/example_bash_operator.py took 0.058 seconds
[2023-08-24T04:03:23.388+0000] {processor.py:157} INFO - Started process (PID=492) to work on /home/airflow/.local/lib/python3.8/site-packages/airflow/example_dags/example_bash_operator.py
[2023-08-24T04:03:23.390+0000] {processor.py:829} INFO - Processing file /home/airflow/.local/lib/python3.8/site-packages/airflow/example_dags/example_bash_operator.py for tasks to queue
[2023-08-24T04:03:23.392+0000] {logging_mixin.py:151} INFO - [2023-08-24T04:03:23.391+0000] {dagbag.py:539} INFO - Filling up the DagBag from /home/airflow/.local/lib/python3.8/site-packages/airflow/example_dags/example_bash_operator.py
[2023-08-24T04:03:23.400+0000] {processor.py:839} INFO - DAG(s) dict_keys(['example_bash_operator']) retrieved from /home/airflow/.local/lib/python3.8/site-packages/airflow/example_dags/example_bash_operator.py
[2023-08-24T04:03:23.421+0000] {logging_mixin.py:151} INFO - [2023-08-24T04:03:23.421+0000] {dag.py:2907} INFO - Sync 1 DAGs
[2023-08-24T04:03:23.434+0000] {logging_mixin.py:151} INFO - [2023-08-24T04:03:23.433+0000] {dag.py:3677} INFO - Setting next_dagrun for example_bash_operator to 2023-08-23T00:00:00+00:00, run_after=2023-08-24T00:00:00+00:00
[2023-08-24T04:03:23.444+0000] {processor.py:179} INFO - Processing /home/airflow/.local/lib/python3.8/site-packages/airflow/example_dags/example_bash_operator.py took 0.058 seconds
[2023-08-24T04:03:54.173+0000] {processor.py:157} INFO - Started process (PID=555) to work on /home/airflow/.local/lib/python3.8/site-packages/airflow/example_dags/example_bash_operator.py
[2023-08-24T04:03:54.175+0000] {processor.py:829} INFO - Processing file /home/airflow/.local/lib/python3.8/site-packages/airflow/example_dags/example_bash_operator.py for tasks to queue
[2023-08-24T04:03:54.177+0000] {logging_mixin.py:151} INFO - [2023-08-24T04:03:54.177+0000] {dagbag.py:539} INFO - Filling up the DagBag from /home/airflow/.local/lib/python3.8/site-packages/airflow/example_dags/example_bash_operator.py
[2023-08-24T04:03:54.186+0000] {processor.py:839} INFO - DAG(s) dict_keys(['example_bash_operator']) retrieved from /home/airflow/.local/lib/python3.8/site-packages/airflow/example_dags/example_bash_operator.py
[2023-08-24T04:03:54.205+0000] {logging_mixin.py:151} INFO - [2023-08-24T04:03:54.205+0000] {dag.py:2907} INFO - Sync 1 DAGs
[2023-08-24T04:03:54.219+0000] {logging_mixin.py:151} INFO - [2023-08-24T04:03:54.219+0000] {dag.py:3677} INFO - Setting next_dagrun for example_bash_operator to 2023-08-23T00:00:00+00:00, run_after=2023-08-24T00:00:00+00:00
[2023-08-24T04:03:54.229+0000] {processor.py:179} INFO - Processing /home/airflow/.local/lib/python3.8/site-packages/airflow/example_dags/example_bash_operator.py took 0.058 seconds
[2023-08-24T04:04:24.866+0000] {processor.py:157} INFO - Started process (PID=618) to work on /home/airflow/.local/lib/python3.8/site-packages/airflow/example_dags/example_bash_operator.py
[2023-08-24T04:04:24.867+0000] {processor.py:829} INFO - Processing file /home/airflow/.local/lib/python3.8/site-packages/airflow/example_dags/example_bash_operator.py for tasks to queue
[2023-08-24T04:04:24.870+0000] {logging_mixin.py:151} INFO - [2023-08-24T04:04:24.869+0000] {dagbag.py:539} INFO - Filling up the DagBag from /home/airflow/.local/lib/python3.8/site-packages/airflow/example_dags/example_bash_operator.py
[2023-08-24T04:04:24.879+0000] {processor.py:839} INFO - DAG(s) dict_keys(['example_bash_operator']) retrieved from /home/airflow/.local/lib/python3.8/site-packages/airflow/example_dags/example_bash_operator.py
[2023-08-24T04:04:24.897+0000] {logging_mixin.py:151} INFO - [2023-08-24T04:04:24.897+0000] {dag.py:2907} INFO - Sync 1 DAGs
[2023-08-24T04:04:24.912+0000] {logging_mixin.py:151} INFO - [2023-08-24T04:04:24.912+0000] {dag.py:3677} INFO - Setting next_dagrun for example_bash_operator to 2023-08-23T00:00:00+00:00, run_after=2023-08-24T00:00:00+00:00
[2023-08-24T04:04:24.925+0000] {processor.py:179} INFO - Processing /home/airflow/.local/lib/python3.8/site-packages/airflow/example_dags/example_bash_operator.py took 0.061 seconds
[2023-08-24T04:04:55.930+0000] {processor.py:157} INFO - Started process (PID=681) to work on /home/airflow/.local/lib/python3.8/site-packages/airflow/example_dags/example_bash_operator.py
[2023-08-24T04:04:55.931+0000] {processor.py:829} INFO - Processing file /home/airflow/.local/lib/python3.8/site-packages/airflow/example_dags/example_bash_operator.py for tasks to queue
[2023-08-24T04:04:55.933+0000] {logging_mixin.py:151} INFO - [2023-08-24T04:04:55.932+0000] {dagbag.py:539} INFO - Filling up the DagBag from /home/airflow/.local/lib/python3.8/site-packages/airflow/example_dags/example_bash_operator.py
[2023-08-24T04:04:55.941+0000] {processor.py:839} INFO - DAG(s) dict_keys(['example_bash_operator']) retrieved from /home/airflow/.local/lib/python3.8/site-packages/airflow/example_dags/example_bash_operator.py
[2023-08-24T04:04:55.961+0000] {logging_mixin.py:151} INFO - [2023-08-24T04:04:55.961+0000] {dag.py:2907} INFO - Sync 1 DAGs
[2023-08-24T04:04:55.975+0000] {logging_mixin.py:151} INFO - [2023-08-24T04:04:55.975+0000] {dag.py:3677} INFO - Setting next_dagrun for example_bash_operator to 2023-08-23T00:00:00+00:00, run_after=2023-08-24T00:00:00+00:00
[2023-08-24T04:04:55.986+0000] {processor.py:179} INFO - Processing /home/airflow/.local/lib/python3.8/site-packages/airflow/example_dags/example_bash_operator.py took 0.058 seconds
[2023-08-24T04:05:26.596+0000] {processor.py:157} INFO - Started process (PID=744) to work on /home/airflow/.local/lib/python3.8/site-packages/airflow/example_dags/example_bash_operator.py
[2023-08-24T04:05:26.597+0000] {processor.py:829} INFO - Processing file /home/airflow/.local/lib/python3.8/site-packages/airflow/example_dags/example_bash_operator.py for tasks to queue
[2023-08-24T04:05:26.599+0000] {logging_mixin.py:151} INFO - [2023-08-24T04:05:26.599+0000] {dagbag.py:539} INFO - Filling up the DagBag from /home/airflow/.local/lib/python3.8/site-packages/airflow/example_dags/example_bash_operator.py
[2023-08-24T04:05:26.608+0000] {processor.py:839} INFO - DAG(s) dict_keys(['example_bash_operator']) retrieved from /home/airflow/.local/lib/python3.8/site-packages/airflow/example_dags/example_bash_operator.py
[2023-08-24T04:05:26.628+0000] {logging_mixin.py:151} INFO - [2023-08-24T04:05:26.628+0000] {dag.py:2907} INFO - Sync 1 DAGs
[2023-08-24T04:05:26.641+0000] {logging_mixin.py:151} INFO - [2023-08-24T04:05:26.641+0000] {dag.py:3677} INFO - Setting next_dagrun for example_bash_operator to 2023-08-23T00:00:00+00:00, run_after=2023-08-24T00:00:00+00:00
[2023-08-24T04:05:26.651+0000] {processor.py:179} INFO - Processing /home/airflow/.local/lib/python3.8/site-packages/airflow/example_dags/example_bash_operator.py took 0.058 seconds
[2023-08-24T04:05:57.347+0000] {processor.py:157} INFO - Started process (PID=807) to work on /home/airflow/.local/lib/python3.8/site-packages/airflow/example_dags/example_bash_operator.py
[2023-08-24T04:05:57.348+0000] {processor.py:829} INFO - Processing file /home/airflow/.local/lib/python3.8/site-packages/airflow/example_dags/example_bash_operator.py for tasks to queue
[2023-08-24T04:05:57.351+0000] {logging_mixin.py:151} INFO - [2023-08-24T04:05:57.350+0000] {dagbag.py:539} INFO - Filling up the DagBag from /home/airflow/.local/lib/python3.8/site-packages/airflow/example_dags/example_bash_operator.py
[2023-08-24T04:05:57.361+0000] {processor.py:839} INFO - DAG(s) dict_keys(['example_bash_operator']) retrieved from /home/airflow/.local/lib/python3.8/site-packages/airflow/example_dags/example_bash_operator.py
[2023-08-24T04:05:57.382+0000] {logging_mixin.py:151} INFO - [2023-08-24T04:05:57.382+0000] {dag.py:2907} INFO - Sync 1 DAGs
[2023-08-24T04:05:57.396+0000] {logging_mixin.py:151} INFO - [2023-08-24T04:05:57.396+0000] {dag.py:3677} INFO - Setting next_dagrun for example_bash_operator to 2023-08-23T00:00:00+00:00, run_after=2023-08-24T00:00:00+00:00
[2023-08-24T04:05:57.408+0000] {processor.py:179} INFO - Processing /home/airflow/.local/lib/python3.8/site-packages/airflow/example_dags/example_bash_operator.py took 0.064 seconds
[2023-08-24T04:06:27.967+0000] {processor.py:157} INFO - Started process (PID=870) to work on /home/airflow/.local/lib/python3.8/site-packages/airflow/example_dags/example_bash_operator.py
[2023-08-24T04:06:27.969+0000] {processor.py:829} INFO - Processing file /home/airflow/.local/lib/python3.8/site-packages/airflow/example_dags/example_bash_operator.py for tasks to queue
[2023-08-24T04:06:27.971+0000] {logging_mixin.py:151} INFO - [2023-08-24T04:06:27.970+0000] {dagbag.py:539} INFO - Filling up the DagBag from /home/airflow/.local/lib/python3.8/site-packages/airflow/example_dags/example_bash_operator.py
[2023-08-24T04:06:27.978+0000] {processor.py:839} INFO - DAG(s) dict_keys(['example_bash_operator']) retrieved from /home/airflow/.local/lib/python3.8/site-packages/airflow/example_dags/example_bash_operator.py
[2023-08-24T04:06:27.998+0000] {logging_mixin.py:151} INFO - [2023-08-24T04:06:27.997+0000] {dag.py:2907} INFO - Sync 1 DAGs
[2023-08-24T04:06:28.010+0000] {logging_mixin.py:151} INFO - [2023-08-24T04:06:28.010+0000] {dag.py:3677} INFO - Setting next_dagrun for example_bash_operator to 2023-08-23T00:00:00+00:00, run_after=2023-08-24T00:00:00+00:00
[2023-08-24T04:06:28.020+0000] {processor.py:179} INFO - Processing /home/airflow/.local/lib/python3.8/site-packages/airflow/example_dags/example_bash_operator.py took 0.055 seconds
[2023-08-24T04:06:58.713+0000] {processor.py:157} INFO - Started process (PID=932) to work on /home/airflow/.local/lib/python3.8/site-packages/airflow/example_dags/example_bash_operator.py
[2023-08-24T04:06:58.714+0000] {processor.py:829} INFO - Processing file /home/airflow/.local/lib/python3.8/site-packages/airflow/example_dags/example_bash_operator.py for tasks to queue
[2023-08-24T04:06:58.716+0000] {logging_mixin.py:151} INFO - [2023-08-24T04:06:58.716+0000] {dagbag.py:539} INFO - Filling up the DagBag from /home/airflow/.local/lib/python3.8/site-packages/airflow/example_dags/example_bash_operator.py
[2023-08-24T04:06:58.724+0000] {processor.py:839} INFO - DAG(s) dict_keys(['example_bash_operator']) retrieved from /home/airflow/.local/lib/python3.8/site-packages/airflow/example_dags/example_bash_operator.py
[2023-08-24T04:06:58.745+0000] {logging_mixin.py:151} INFO - [2023-08-24T04:06:58.745+0000] {dag.py:2907} INFO - Sync 1 DAGs
[2023-08-24T04:06:58.759+0000] {logging_mixin.py:151} INFO - [2023-08-24T04:06:58.759+0000] {dag.py:3677} INFO - Setting next_dagrun for example_bash_operator to 2023-08-23T00:00:00+00:00, run_after=2023-08-24T00:00:00+00:00
[2023-08-24T04:06:58.769+0000] {processor.py:179} INFO - Processing /home/airflow/.local/lib/python3.8/site-packages/airflow/example_dags/example_bash_operator.py took 0.060 seconds
[2023-08-24T04:07:29.370+0000] {processor.py:157} INFO - Started process (PID=995) to work on /home/airflow/.local/lib/python3.8/site-packages/airflow/example_dags/example_bash_operator.py
[2023-08-24T04:07:29.371+0000] {processor.py:829} INFO - Processing file /home/airflow/.local/lib/python3.8/site-packages/airflow/example_dags/example_bash_operator.py for tasks to queue
[2023-08-24T04:07:29.373+0000] {logging_mixin.py:151} INFO - [2023-08-24T04:07:29.373+0000] {dagbag.py:539} INFO - Filling up the DagBag from /home/airflow/.local/lib/python3.8/site-packages/airflow/example_dags/example_bash_operator.py
[2023-08-24T04:07:29.381+0000] {processor.py:839} INFO - DAG(s) dict_keys(['example_bash_operator']) retrieved from /home/airflow/.local/lib/python3.8/site-packages/airflow/example_dags/example_bash_operator.py
[2023-08-24T04:07:29.399+0000] {logging_mixin.py:151} INFO - [2023-08-24T04:07:29.399+0000] {dag.py:2907} INFO - Sync 1 DAGs
[2023-08-24T04:07:29.414+0000] {logging_mixin.py:151} INFO - [2023-08-24T04:07:29.414+0000] {dag.py:3677} INFO - Setting next_dagrun for example_bash_operator to 2023-08-23T00:00:00+00:00, run_after=2023-08-24T00:00:00+00:00
[2023-08-24T04:07:29.426+0000] {processor.py:179} INFO - Processing /home/airflow/.local/lib/python3.8/site-packages/airflow/example_dags/example_bash_operator.py took 0.058 seconds
[2023-08-24T04:08:00.128+0000] {processor.py:157} INFO - Started process (PID=1058) to work on /home/airflow/.local/lib/python3.8/site-packages/airflow/example_dags/example_bash_operator.py
[2023-08-24T04:08:00.129+0000] {processor.py:829} INFO - Processing file /home/airflow/.local/lib/python3.8/site-packages/airflow/example_dags/example_bash_operator.py for tasks to queue
[2023-08-24T04:08:00.131+0000] {logging_mixin.py:151} INFO - [2023-08-24T04:08:00.130+0000] {dagbag.py:539} INFO - Filling up the DagBag from /home/airflow/.local/lib/python3.8/site-packages/airflow/example_dags/example_bash_operator.py
[2023-08-24T04:08:00.139+0000] {processor.py:839} INFO - DAG(s) dict_keys(['example_bash_operator']) retrieved from /home/airflow/.local/lib/python3.8/site-packages/airflow/example_dags/example_bash_operator.py
[2023-08-24T04:08:00.159+0000] {logging_mixin.py:151} INFO - [2023-08-24T04:08:00.158+0000] {dag.py:2907} INFO - Sync 1 DAGs
[2023-08-24T04:08:00.172+0000] {logging_mixin.py:151} INFO - [2023-08-24T04:08:00.172+0000] {dag.py:3677} INFO - Setting next_dagrun for example_bash_operator to 2023-08-23T00:00:00+00:00, run_after=2023-08-24T00:00:00+00:00
[2023-08-24T04:08:00.182+0000] {processor.py:179} INFO - Processing /home/airflow/.local/lib/python3.8/site-packages/airflow/example_dags/example_bash_operator.py took 0.058 seconds
[2023-08-24T04:08:30.770+0000] {processor.py:157} INFO - Started process (PID=1121) to work on /home/airflow/.local/lib/python3.8/site-packages/airflow/example_dags/example_bash_operator.py
[2023-08-24T04:08:30.771+0000] {processor.py:829} INFO - Processing file /home/airflow/.local/lib/python3.8/site-packages/airflow/example_dags/example_bash_operator.py for tasks to queue
[2023-08-24T04:08:30.774+0000] {logging_mixin.py:151} INFO - [2023-08-24T04:08:30.773+0000] {dagbag.py:539} INFO - Filling up the DagBag from /home/airflow/.local/lib/python3.8/site-packages/airflow/example_dags/example_bash_operator.py
[2023-08-24T04:08:30.782+0000] {processor.py:839} INFO - DAG(s) dict_keys(['example_bash_operator']) retrieved from /home/airflow/.local/lib/python3.8/site-packages/airflow/example_dags/example_bash_operator.py
[2023-08-24T04:08:30.803+0000] {logging_mixin.py:151} INFO - [2023-08-24T04:08:30.803+0000] {dag.py:2907} INFO - Sync 1 DAGs
[2023-08-24T04:08:30.816+0000] {logging_mixin.py:151} INFO - [2023-08-24T04:08:30.816+0000] {dag.py:3677} INFO - Setting next_dagrun for example_bash_operator to 2023-08-23T00:00:00+00:00, run_after=2023-08-24T00:00:00+00:00
[2023-08-24T04:08:30.827+0000] {processor.py:179} INFO - Processing /home/airflow/.local/lib/python3.8/site-packages/airflow/example_dags/example_bash_operator.py took 0.060 seconds
[2023-08-24T04:09:01.533+0000] {processor.py:157} INFO - Started process (PID=1184) to work on /home/airflow/.local/lib/python3.8/site-packages/airflow/example_dags/example_bash_operator.py
[2023-08-24T04:09:01.534+0000] {processor.py:829} INFO - Processing file /home/airflow/.local/lib/python3.8/site-packages/airflow/example_dags/example_bash_operator.py for tasks to queue
[2023-08-24T04:09:01.536+0000] {logging_mixin.py:151} INFO - [2023-08-24T04:09:01.535+0000] {dagbag.py:539} INFO - Filling up the DagBag from /home/airflow/.local/lib/python3.8/site-packages/airflow/example_dags/example_bash_operator.py
[2023-08-24T04:09:01.543+0000] {processor.py:839} INFO - DAG(s) dict_keys(['example_bash_operator']) retrieved from /home/airflow/.local/lib/python3.8/site-packages/airflow/example_dags/example_bash_operator.py
[2023-08-24T04:09:01.563+0000] {logging_mixin.py:151} INFO - [2023-08-24T04:09:01.563+0000] {dag.py:2907} INFO - Sync 1 DAGs
[2023-08-24T04:09:01.576+0000] {logging_mixin.py:151} INFO - [2023-08-24T04:09:01.576+0000] {dag.py:3677} INFO - Setting next_dagrun for example_bash_operator to 2023-08-23T00:00:00+00:00, run_after=2023-08-24T00:00:00+00:00
[2023-08-24T04:09:01.585+0000] {processor.py:179} INFO - Processing /home/airflow/.local/lib/python3.8/site-packages/airflow/example_dags/example_bash_operator.py took 0.055 seconds
[2023-08-24T04:09:32.290+0000] {processor.py:157} INFO - Started process (PID=1247) to work on /home/airflow/.local/lib/python3.8/site-packages/airflow/example_dags/example_bash_operator.py
[2023-08-24T04:09:32.292+0000] {processor.py:829} INFO - Processing file /home/airflow/.local/lib/python3.8/site-packages/airflow/example_dags/example_bash_operator.py for tasks to queue
[2023-08-24T04:09:32.294+0000] {logging_mixin.py:151} INFO - [2023-08-24T04:09:32.294+0000] {dagbag.py:539} INFO - Filling up the DagBag from /home/airflow/.local/lib/python3.8/site-packages/airflow/example_dags/example_bash_operator.py
[2023-08-24T04:09:32.302+0000] {processor.py:839} INFO - DAG(s) dict_keys(['example_bash_operator']) retrieved from /home/airflow/.local/lib/python3.8/site-packages/airflow/example_dags/example_bash_operator.py
[2023-08-24T04:09:32.321+0000] {logging_mixin.py:151} INFO - [2023-08-24T04:09:32.321+0000] {dag.py:2907} INFO - Sync 1 DAGs
[2023-08-24T04:09:32.333+0000] {logging_mixin.py:151} INFO - [2023-08-24T04:09:32.333+0000] {dag.py:3677} INFO - Setting next_dagrun for example_bash_operator to 2023-08-23T00:00:00+00:00, run_after=2023-08-24T00:00:00+00:00
[2023-08-24T04:09:32.343+0000] {processor.py:179} INFO - Processing /home/airflow/.local/lib/python3.8/site-packages/airflow/example_dags/example_bash_operator.py took 0.056 seconds
[2023-08-24T04:10:02.991+0000] {processor.py:157} INFO - Started process (PID=1310) to work on /home/airflow/.local/lib/python3.8/site-packages/airflow/example_dags/example_bash_operator.py
[2023-08-24T04:10:02.992+0000] {processor.py:829} INFO - Processing file /home/airflow/.local/lib/python3.8/site-packages/airflow/example_dags/example_bash_operator.py for tasks to queue
[2023-08-24T04:10:02.994+0000] {logging_mixin.py:151} INFO - [2023-08-24T04:10:02.993+0000] {dagbag.py:539} INFO - Filling up the DagBag from /home/airflow/.local/lib/python3.8/site-packages/airflow/example_dags/example_bash_operator.py
[2023-08-24T04:10:03.002+0000] {processor.py:839} INFO - DAG(s) dict_keys(['example_bash_operator']) retrieved from /home/airflow/.local/lib/python3.8/site-packages/airflow/example_dags/example_bash_operator.py
[2023-08-24T04:10:03.021+0000] {logging_mixin.py:151} INFO - [2023-08-24T04:10:03.021+0000] {dag.py:2907} INFO - Sync 1 DAGs
[2023-08-24T04:10:03.034+0000] {logging_mixin.py:151} INFO - [2023-08-24T04:10:03.033+0000] {dag.py:3677} INFO - Setting next_dagrun for example_bash_operator to 2023-08-23T00:00:00+00:00, run_after=2023-08-24T00:00:00+00:00
[2023-08-24T04:10:03.044+0000] {processor.py:179} INFO - Processing /home/airflow/.local/lib/python3.8/site-packages/airflow/example_dags/example_bash_operator.py took 0.056 seconds
[2023-08-24T04:10:33.719+0000] {processor.py:157} INFO - Started process (PID=1373) to work on /home/airflow/.local/lib/python3.8/site-packages/airflow/example_dags/example_bash_operator.py
[2023-08-24T04:10:33.721+0000] {processor.py:829} INFO - Processing file /home/airflow/.local/lib/python3.8/site-packages/airflow/example_dags/example_bash_operator.py for tasks to queue
[2023-08-24T04:10:33.723+0000] {logging_mixin.py:151} INFO - [2023-08-24T04:10:33.723+0000] {dagbag.py:539} INFO - Filling up the DagBag from /home/airflow/.local/lib/python3.8/site-packages/airflow/example_dags/example_bash_operator.py
[2023-08-24T04:10:33.732+0000] {processor.py:839} INFO - DAG(s) dict_keys(['example_bash_operator']) retrieved from /home/airflow/.local/lib/python3.8/site-packages/airflow/example_dags/example_bash_operator.py
[2023-08-24T04:10:33.754+0000] {logging_mixin.py:151} INFO - [2023-08-24T04:10:33.754+0000] {dag.py:2907} INFO - Sync 1 DAGs
[2023-08-24T04:10:33.769+0000] {logging_mixin.py:151} INFO - [2023-08-24T04:10:33.769+0000] {dag.py:3677} INFO - Setting next_dagrun for example_bash_operator to 2023-08-23T00:00:00+00:00, run_after=2023-08-24T00:00:00+00:00
[2023-08-24T04:10:33.780+0000] {processor.py:179} INFO - Processing /home/airflow/.local/lib/python3.8/site-packages/airflow/example_dags/example_bash_operator.py took 0.064 seconds
[2023-08-24T04:11:04.417+0000] {processor.py:157} INFO - Started process (PID=1436) to work on /home/airflow/.local/lib/python3.8/site-packages/airflow/example_dags/example_bash_operator.py
[2023-08-24T04:11:04.418+0000] {processor.py:829} INFO - Processing file /home/airflow/.local/lib/python3.8/site-packages/airflow/example_dags/example_bash_operator.py for tasks to queue
[2023-08-24T04:11:04.420+0000] {logging_mixin.py:151} INFO - [2023-08-24T04:11:04.420+0000] {dagbag.py:539} INFO - Filling up the DagBag from /home/airflow/.local/lib/python3.8/site-packages/airflow/example_dags/example_bash_operator.py
[2023-08-24T04:11:04.428+0000] {processor.py:839} INFO - DAG(s) dict_keys(['example_bash_operator']) retrieved from /home/airflow/.local/lib/python3.8/site-packages/airflow/example_dags/example_bash_operator.py
[2023-08-24T04:11:04.450+0000] {logging_mixin.py:151} INFO - [2023-08-24T04:11:04.450+0000] {dag.py:2907} INFO - Sync 1 DAGs
[2023-08-24T04:11:04.463+0000] {logging_mixin.py:151} INFO - [2023-08-24T04:11:04.463+0000] {dag.py:3677} INFO - Setting next_dagrun for example_bash_operator to 2023-08-23T00:00:00+00:00, run_after=2023-08-24T00:00:00+00:00
[2023-08-24T04:11:04.474+0000] {processor.py:179} INFO - Processing /home/airflow/.local/lib/python3.8/site-packages/airflow/example_dags/example_bash_operator.py took 0.060 seconds
[2023-08-24T04:11:35.276+0000] {processor.py:157} INFO - Started process (PID=1499) to work on /home/airflow/.local/lib/python3.8/site-packages/airflow/example_dags/example_bash_operator.py
[2023-08-24T04:11:35.277+0000] {processor.py:829} INFO - Processing file /home/airflow/.local/lib/python3.8/site-packages/airflow/example_dags/example_bash_operator.py for tasks to queue
[2023-08-24T04:11:35.280+0000] {logging_mixin.py:151} INFO - [2023-08-24T04:11:35.279+0000] {dagbag.py:539} INFO - Filling up the DagBag from /home/airflow/.local/lib/python3.8/site-packages/airflow/example_dags/example_bash_operator.py
[2023-08-24T04:11:35.288+0000] {processor.py:839} INFO - DAG(s) dict_keys(['example_bash_operator']) retrieved from /home/airflow/.local/lib/python3.8/site-packages/airflow/example_dags/example_bash_operator.py
[2023-08-24T04:11:35.310+0000] {logging_mixin.py:151} INFO - [2023-08-24T04:11:35.310+0000] {dag.py:2907} INFO - Sync 1 DAGs
[2023-08-24T04:11:35.324+0000] {logging_mixin.py:151} INFO - [2023-08-24T04:11:35.324+0000] {dag.py:3677} INFO - Setting next_dagrun for example_bash_operator to 2023-08-23T00:00:00+00:00, run_after=2023-08-24T00:00:00+00:00
[2023-08-24T04:11:35.337+0000] {processor.py:179} INFO - Processing /home/airflow/.local/lib/python3.8/site-packages/airflow/example_dags/example_bash_operator.py took 0.063 seconds
[2023-08-24T04:12:05.981+0000] {processor.py:157} INFO - Started process (PID=1562) to work on /home/airflow/.local/lib/python3.8/site-packages/airflow/example_dags/example_bash_operator.py
[2023-08-24T04:12:05.982+0000] {processor.py:829} INFO - Processing file /home/airflow/.local/lib/python3.8/site-packages/airflow/example_dags/example_bash_operator.py for tasks to queue
[2023-08-24T04:12:05.984+0000] {logging_mixin.py:151} INFO - [2023-08-24T04:12:05.984+0000] {dagbag.py:539} INFO - Filling up the DagBag from /home/airflow/.local/lib/python3.8/site-packages/airflow/example_dags/example_bash_operator.py
[2023-08-24T04:12:05.992+0000] {processor.py:839} INFO - DAG(s) dict_keys(['example_bash_operator']) retrieved from /home/airflow/.local/lib/python3.8/site-packages/airflow/example_dags/example_bash_operator.py
[2023-08-24T04:12:06.012+0000] {logging_mixin.py:151} INFO - [2023-08-24T04:12:06.011+0000] {dag.py:2907} INFO - Sync 1 DAGs
[2023-08-24T04:12:06.024+0000] {logging_mixin.py:151} INFO - [2023-08-24T04:12:06.024+0000] {dag.py:3677} INFO - Setting next_dagrun for example_bash_operator to 2023-08-23T00:00:00+00:00, run_after=2023-08-24T00:00:00+00:00
[2023-08-24T04:12:06.034+0000] {processor.py:179} INFO - Processing /home/airflow/.local/lib/python3.8/site-packages/airflow/example_dags/example_bash_operator.py took 0.055 seconds
[2023-08-24T04:12:36.608+0000] {processor.py:157} INFO - Started process (PID=1625) to work on /home/airflow/.local/lib/python3.8/site-packages/airflow/example_dags/example_bash_operator.py
[2023-08-24T04:12:36.609+0000] {processor.py:829} INFO - Processing file /home/airflow/.local/lib/python3.8/site-packages/airflow/example_dags/example_bash_operator.py for tasks to queue
[2023-08-24T04:12:36.611+0000] {logging_mixin.py:151} INFO - [2023-08-24T04:12:36.610+0000] {dagbag.py:539} INFO - Filling up the DagBag from /home/airflow/.local/lib/python3.8/site-packages/airflow/example_dags/example_bash_operator.py
[2023-08-24T04:12:36.621+0000] {processor.py:839} INFO - DAG(s) dict_keys(['example_bash_operator']) retrieved from /home/airflow/.local/lib/python3.8/site-packages/airflow/example_dags/example_bash_operator.py
[2023-08-24T04:12:36.646+0000] {logging_mixin.py:151} INFO - [2023-08-24T04:12:36.646+0000] {dag.py:2907} INFO - Sync 1 DAGs
[2023-08-24T04:12:36.668+0000] {logging_mixin.py:151} INFO - [2023-08-24T04:12:36.668+0000] {dag.py:3677} INFO - Setting next_dagrun for example_bash_operator to 2023-08-23T00:00:00+00:00, run_after=2023-08-24T00:00:00+00:00
[2023-08-24T04:12:36.686+0000] {processor.py:179} INFO - Processing /home/airflow/.local/lib/python3.8/site-packages/airflow/example_dags/example_bash_operator.py took 0.080 seconds
[2023-08-24T04:13:07.398+0000] {processor.py:157} INFO - Started process (PID=1688) to work on /home/airflow/.local/lib/python3.8/site-packages/airflow/example_dags/example_bash_operator.py
[2023-08-24T04:13:07.399+0000] {processor.py:829} INFO - Processing file /home/airflow/.local/lib/python3.8/site-packages/airflow/example_dags/example_bash_operator.py for tasks to queue
[2023-08-24T04:13:07.400+0000] {logging_mixin.py:151} INFO - [2023-08-24T04:13:07.400+0000] {dagbag.py:539} INFO - Filling up the DagBag from /home/airflow/.local/lib/python3.8/site-packages/airflow/example_dags/example_bash_operator.py
[2023-08-24T04:13:07.408+0000] {processor.py:839} INFO - DAG(s) dict_keys(['example_bash_operator']) retrieved from /home/airflow/.local/lib/python3.8/site-packages/airflow/example_dags/example_bash_operator.py
[2023-08-24T04:13:07.428+0000] {logging_mixin.py:151} INFO - [2023-08-24T04:13:07.428+0000] {dag.py:2907} INFO - Sync 1 DAGs
[2023-08-24T04:13:07.441+0000] {logging_mixin.py:151} INFO - [2023-08-24T04:13:07.441+0000] {dag.py:3677} INFO - Setting next_dagrun for example_bash_operator to 2023-08-23T00:00:00+00:00, run_after=2023-08-24T00:00:00+00:00
[2023-08-24T04:13:07.454+0000] {processor.py:179} INFO - Processing /home/airflow/.local/lib/python3.8/site-packages/airflow/example_dags/example_bash_operator.py took 0.059 seconds
[2023-08-24T04:13:38.072+0000] {processor.py:157} INFO - Started process (PID=1751) to work on /home/airflow/.local/lib/python3.8/site-packages/airflow/example_dags/example_bash_operator.py
[2023-08-24T04:13:38.074+0000] {processor.py:829} INFO - Processing file /home/airflow/.local/lib/python3.8/site-packages/airflow/example_dags/example_bash_operator.py for tasks to queue
[2023-08-24T04:13:38.076+0000] {logging_mixin.py:151} INFO - [2023-08-24T04:13:38.075+0000] {dagbag.py:539} INFO - Filling up the DagBag from /home/airflow/.local/lib/python3.8/site-packages/airflow/example_dags/example_bash_operator.py
[2023-08-24T04:13:38.084+0000] {processor.py:839} INFO - DAG(s) dict_keys(['example_bash_operator']) retrieved from /home/airflow/.local/lib/python3.8/site-packages/airflow/example_dags/example_bash_operator.py
[2023-08-24T04:13:38.105+0000] {logging_mixin.py:151} INFO - [2023-08-24T04:13:38.105+0000] {dag.py:2907} INFO - Sync 1 DAGs
[2023-08-24T04:13:38.126+0000] {logging_mixin.py:151} INFO - [2023-08-24T04:13:38.126+0000] {dag.py:3677} INFO - Setting next_dagrun for example_bash_operator to 2023-08-23T00:00:00+00:00, run_after=2023-08-24T00:00:00+00:00
[2023-08-24T04:13:38.138+0000] {processor.py:179} INFO - Processing /home/airflow/.local/lib/python3.8/site-packages/airflow/example_dags/example_bash_operator.py took 0.068 seconds
[2023-08-24T04:14:08.899+0000] {processor.py:157} INFO - Started process (PID=1814) to work on /home/airflow/.local/lib/python3.8/site-packages/airflow/example_dags/example_bash_operator.py
[2023-08-24T04:14:08.900+0000] {processor.py:829} INFO - Processing file /home/airflow/.local/lib/python3.8/site-packages/airflow/example_dags/example_bash_operator.py for tasks to queue
[2023-08-24T04:14:08.903+0000] {logging_mixin.py:151} INFO - [2023-08-24T04:14:08.902+0000] {dagbag.py:539} INFO - Filling up the DagBag from /home/airflow/.local/lib/python3.8/site-packages/airflow/example_dags/example_bash_operator.py
[2023-08-24T04:14:08.911+0000] {processor.py:839} INFO - DAG(s) dict_keys(['example_bash_operator']) retrieved from /home/airflow/.local/lib/python3.8/site-packages/airflow/example_dags/example_bash_operator.py
[2023-08-24T04:14:08.946+0000] {logging_mixin.py:151} INFO - [2023-08-24T04:14:08.946+0000] {dag.py:2907} INFO - Sync 1 DAGs
[2023-08-24T04:14:08.959+0000] {logging_mixin.py:151} INFO - [2023-08-24T04:14:08.959+0000] {dag.py:3677} INFO - Setting next_dagrun for example_bash_operator to 2023-08-23T00:00:00+00:00, run_after=2023-08-24T00:00:00+00:00
[2023-08-24T04:14:08.970+0000] {processor.py:179} INFO - Processing /home/airflow/.local/lib/python3.8/site-packages/airflow/example_dags/example_bash_operator.py took 0.075 seconds
[2023-08-24T04:14:39.014+0000] {processor.py:157} INFO - Started process (PID=1877) to work on /home/airflow/.local/lib/python3.8/site-packages/airflow/example_dags/example_bash_operator.py
[2023-08-24T04:14:39.015+0000] {processor.py:829} INFO - Processing file /home/airflow/.local/lib/python3.8/site-packages/airflow/example_dags/example_bash_operator.py for tasks to queue
[2023-08-24T04:14:39.017+0000] {logging_mixin.py:151} INFO - [2023-08-24T04:14:39.017+0000] {dagbag.py:539} INFO - Filling up the DagBag from /home/airflow/.local/lib/python3.8/site-packages/airflow/example_dags/example_bash_operator.py
[2023-08-24T04:14:39.025+0000] {processor.py:839} INFO - DAG(s) dict_keys(['example_bash_operator']) retrieved from /home/airflow/.local/lib/python3.8/site-packages/airflow/example_dags/example_bash_operator.py
[2023-08-24T04:14:39.044+0000] {logging_mixin.py:151} INFO - [2023-08-24T04:14:39.043+0000] {dag.py:2907} INFO - Sync 1 DAGs
[2023-08-24T04:14:39.056+0000] {logging_mixin.py:151} INFO - [2023-08-24T04:14:39.056+0000] {dag.py:3677} INFO - Setting next_dagrun for example_bash_operator to 2023-08-23T00:00:00+00:00, run_after=2023-08-24T00:00:00+00:00
[2023-08-24T04:14:39.066+0000] {processor.py:179} INFO - Processing /home/airflow/.local/lib/python3.8/site-packages/airflow/example_dags/example_bash_operator.py took 0.054 seconds
[2023-08-24T04:15:09.872+0000] {processor.py:157} INFO - Started process (PID=1940) to work on /home/airflow/.local/lib/python3.8/site-packages/airflow/example_dags/example_bash_operator.py
[2023-08-24T04:15:09.873+0000] {processor.py:829} INFO - Processing file /home/airflow/.local/lib/python3.8/site-packages/airflow/example_dags/example_bash_operator.py for tasks to queue
[2023-08-24T04:15:09.875+0000] {logging_mixin.py:151} INFO - [2023-08-24T04:15:09.874+0000] {dagbag.py:539} INFO - Filling up the DagBag from /home/airflow/.local/lib/python3.8/site-packages/airflow/example_dags/example_bash_operator.py
[2023-08-24T04:15:09.882+0000] {processor.py:839} INFO - DAG(s) dict_keys(['example_bash_operator']) retrieved from /home/airflow/.local/lib/python3.8/site-packages/airflow/example_dags/example_bash_operator.py
[2023-08-24T04:15:09.902+0000] {logging_mixin.py:151} INFO - [2023-08-24T04:15:09.902+0000] {dag.py:2907} INFO - Sync 1 DAGs
[2023-08-24T04:15:09.915+0000] {logging_mixin.py:151} INFO - [2023-08-24T04:15:09.915+0000] {dag.py:3677} INFO - Setting next_dagrun for example_bash_operator to 2023-08-23T00:00:00+00:00, run_after=2023-08-24T00:00:00+00:00
[2023-08-24T04:15:09.926+0000] {processor.py:179} INFO - Processing /home/airflow/.local/lib/python3.8/site-packages/airflow/example_dags/example_bash_operator.py took 0.057 seconds
[2023-08-24T04:15:40.773+0000] {processor.py:157} INFO - Started process (PID=2002) to work on /home/airflow/.local/lib/python3.8/site-packages/airflow/example_dags/example_bash_operator.py
[2023-08-24T04:15:40.774+0000] {processor.py:829} INFO - Processing file /home/airflow/.local/lib/python3.8/site-packages/airflow/example_dags/example_bash_operator.py for tasks to queue
[2023-08-24T04:15:40.776+0000] {logging_mixin.py:151} INFO - [2023-08-24T04:15:40.776+0000] {dagbag.py:539} INFO - Filling up the DagBag from /home/airflow/.local/lib/python3.8/site-packages/airflow/example_dags/example_bash_operator.py
[2023-08-24T04:15:40.784+0000] {processor.py:839} INFO - DAG(s) dict_keys(['example_bash_operator']) retrieved from /home/airflow/.local/lib/python3.8/site-packages/airflow/example_dags/example_bash_operator.py
[2023-08-24T04:15:40.804+0000] {logging_mixin.py:151} INFO - [2023-08-24T04:15:40.803+0000] {dag.py:2907} INFO - Sync 1 DAGs
[2023-08-24T04:15:40.817+0000] {logging_mixin.py:151} INFO - [2023-08-24T04:15:40.817+0000] {dag.py:3677} INFO - Setting next_dagrun for example_bash_operator to 2023-08-23T00:00:00+00:00, run_after=2023-08-24T00:00:00+00:00
[2023-08-24T04:15:40.829+0000] {processor.py:179} INFO - Processing /home/airflow/.local/lib/python3.8/site-packages/airflow/example_dags/example_bash_operator.py took 0.059 seconds
[2023-08-24T04:16:11.517+0000] {processor.py:157} INFO - Started process (PID=2065) to work on /home/airflow/.local/lib/python3.8/site-packages/airflow/example_dags/example_bash_operator.py
[2023-08-24T04:16:11.518+0000] {processor.py:829} INFO - Processing file /home/airflow/.local/lib/python3.8/site-packages/airflow/example_dags/example_bash_operator.py for tasks to queue
[2023-08-24T04:16:11.520+0000] {logging_mixin.py:151} INFO - [2023-08-24T04:16:11.520+0000] {dagbag.py:539} INFO - Filling up the DagBag from /home/airflow/.local/lib/python3.8/site-packages/airflow/example_dags/example_bash_operator.py
[2023-08-24T04:16:11.528+0000] {processor.py:839} INFO - DAG(s) dict_keys(['example_bash_operator']) retrieved from /home/airflow/.local/lib/python3.8/site-packages/airflow/example_dags/example_bash_operator.py
[2023-08-24T04:16:11.547+0000] {logging_mixin.py:151} INFO - [2023-08-24T04:16:11.547+0000] {dag.py:2907} INFO - Sync 1 DAGs
[2023-08-24T04:16:11.559+0000] {logging_mixin.py:151} INFO - [2023-08-24T04:16:11.559+0000] {dag.py:3677} INFO - Setting next_dagrun for example_bash_operator to 2023-08-23T00:00:00+00:00, run_after=2023-08-24T00:00:00+00:00
[2023-08-24T04:16:11.570+0000] {processor.py:179} INFO - Processing /home/airflow/.local/lib/python3.8/site-packages/airflow/example_dags/example_bash_operator.py took 0.054 seconds
[2023-08-24T04:16:42.323+0000] {processor.py:157} INFO - Started process (PID=2128) to work on /home/airflow/.local/lib/python3.8/site-packages/airflow/example_dags/example_bash_operator.py
[2023-08-24T04:16:42.324+0000] {processor.py:829} INFO - Processing file /home/airflow/.local/lib/python3.8/site-packages/airflow/example_dags/example_bash_operator.py for tasks to queue
[2023-08-24T04:16:42.326+0000] {logging_mixin.py:151} INFO - [2023-08-24T04:16:42.326+0000] {dagbag.py:539} INFO - Filling up the DagBag from /home/airflow/.local/lib/python3.8/site-packages/airflow/example_dags/example_bash_operator.py
[2023-08-24T04:16:42.343+0000] {processor.py:839} INFO - DAG(s) dict_keys(['example_bash_operator']) retrieved from /home/airflow/.local/lib/python3.8/site-packages/airflow/example_dags/example_bash_operator.py
[2023-08-24T04:16:42.364+0000] {logging_mixin.py:151} INFO - [2023-08-24T04:16:42.364+0000] {dag.py:2907} INFO - Sync 1 DAGs
[2023-08-24T04:16:42.379+0000] {logging_mixin.py:151} INFO - [2023-08-24T04:16:42.379+0000] {dag.py:3677} INFO - Setting next_dagrun for example_bash_operator to 2023-08-23T00:00:00+00:00, run_after=2023-08-24T00:00:00+00:00
[2023-08-24T04:16:42.396+0000] {processor.py:179} INFO - Processing /home/airflow/.local/lib/python3.8/site-packages/airflow/example_dags/example_bash_operator.py took 0.075 seconds
[2023-08-24T04:17:13.192+0000] {processor.py:157} INFO - Started process (PID=2198) to work on /home/airflow/.local/lib/python3.8/site-packages/airflow/example_dags/example_bash_operator.py
[2023-08-24T04:17:13.193+0000] {processor.py:829} INFO - Processing file /home/airflow/.local/lib/python3.8/site-packages/airflow/example_dags/example_bash_operator.py for tasks to queue
[2023-08-24T04:17:13.196+0000] {logging_mixin.py:151} INFO - [2023-08-24T04:17:13.195+0000] {dagbag.py:539} INFO - Filling up the DagBag from /home/airflow/.local/lib/python3.8/site-packages/airflow/example_dags/example_bash_operator.py
[2023-08-24T04:17:13.204+0000] {processor.py:839} INFO - DAG(s) dict_keys(['example_bash_operator']) retrieved from /home/airflow/.local/lib/python3.8/site-packages/airflow/example_dags/example_bash_operator.py
[2023-08-24T04:17:13.225+0000] {logging_mixin.py:151} INFO - [2023-08-24T04:17:13.225+0000] {dag.py:2907} INFO - Sync 1 DAGs
[2023-08-24T04:17:13.239+0000] {logging_mixin.py:151} INFO - [2023-08-24T04:17:13.239+0000] {dag.py:3677} INFO - Setting next_dagrun for example_bash_operator to 2023-08-23T00:00:00+00:00, run_after=2023-08-24T00:00:00+00:00
[2023-08-24T04:17:13.249+0000] {processor.py:179} INFO - Processing /home/airflow/.local/lib/python3.8/site-packages/airflow/example_dags/example_bash_operator.py took 0.059 seconds
[2023-08-24T04:17:43.437+0000] {processor.py:157} INFO - Started process (PID=2265) to work on /home/airflow/.local/lib/python3.8/site-packages/airflow/example_dags/example_bash_operator.py
[2023-08-24T04:17:43.438+0000] {processor.py:829} INFO - Processing file /home/airflow/.local/lib/python3.8/site-packages/airflow/example_dags/example_bash_operator.py for tasks to queue
[2023-08-24T04:17:43.440+0000] {logging_mixin.py:151} INFO - [2023-08-24T04:17:43.440+0000] {dagbag.py:539} INFO - Filling up the DagBag from /home/airflow/.local/lib/python3.8/site-packages/airflow/example_dags/example_bash_operator.py
[2023-08-24T04:17:43.449+0000] {processor.py:839} INFO - DAG(s) dict_keys(['example_bash_operator']) retrieved from /home/airflow/.local/lib/python3.8/site-packages/airflow/example_dags/example_bash_operator.py
[2023-08-24T04:17:43.468+0000] {logging_mixin.py:151} INFO - [2023-08-24T04:17:43.468+0000] {dag.py:2907} INFO - Sync 1 DAGs
[2023-08-24T04:17:43.481+0000] {logging_mixin.py:151} INFO - [2023-08-24T04:17:43.481+0000] {dag.py:3677} INFO - Setting next_dagrun for example_bash_operator to 2023-08-23T00:00:00+00:00, run_after=2023-08-24T00:00:00+00:00
[2023-08-24T04:17:43.491+0000] {processor.py:179} INFO - Processing /home/airflow/.local/lib/python3.8/site-packages/airflow/example_dags/example_bash_operator.py took 0.057 seconds
[2023-08-24T04:18:14.184+0000] {processor.py:157} INFO - Started process (PID=2327) to work on /home/airflow/.local/lib/python3.8/site-packages/airflow/example_dags/example_bash_operator.py
[2023-08-24T04:18:14.185+0000] {processor.py:829} INFO - Processing file /home/airflow/.local/lib/python3.8/site-packages/airflow/example_dags/example_bash_operator.py for tasks to queue
[2023-08-24T04:18:14.186+0000] {logging_mixin.py:151} INFO - [2023-08-24T04:18:14.186+0000] {dagbag.py:539} INFO - Filling up the DagBag from /home/airflow/.local/lib/python3.8/site-packages/airflow/example_dags/example_bash_operator.py
[2023-08-24T04:18:14.194+0000] {processor.py:839} INFO - DAG(s) dict_keys(['example_bash_operator']) retrieved from /home/airflow/.local/lib/python3.8/site-packages/airflow/example_dags/example_bash_operator.py
[2023-08-24T04:18:14.213+0000] {logging_mixin.py:151} INFO - [2023-08-24T04:18:14.213+0000] {dag.py:2907} INFO - Sync 1 DAGs
[2023-08-24T04:18:14.225+0000] {logging_mixin.py:151} INFO - [2023-08-24T04:18:14.225+0000] {dag.py:3677} INFO - Setting next_dagrun for example_bash_operator to 2023-08-23T00:00:00+00:00, run_after=2023-08-24T00:00:00+00:00
[2023-08-24T04:18:14.236+0000] {processor.py:179} INFO - Processing /home/airflow/.local/lib/python3.8/site-packages/airflow/example_dags/example_bash_operator.py took 0.054 seconds
[2023-08-24T04:24:29.678+0000] {processor.py:157} INFO - Started process (PID=51) to work on /home/airflow/.local/lib/python3.8/site-packages/airflow/example_dags/example_bash_operator.py
[2023-08-24T04:24:29.680+0000] {processor.py:829} INFO - Processing file /home/airflow/.local/lib/python3.8/site-packages/airflow/example_dags/example_bash_operator.py for tasks to queue
[2023-08-24T04:24:29.683+0000] {logging_mixin.py:151} INFO - [2023-08-24T04:24:29.682+0000] {dagbag.py:539} INFO - Filling up the DagBag from /home/airflow/.local/lib/python3.8/site-packages/airflow/example_dags/example_bash_operator.py
[2023-08-24T04:24:29.695+0000] {processor.py:839} INFO - DAG(s) dict_keys(['example_bash_operator']) retrieved from /home/airflow/.local/lib/python3.8/site-packages/airflow/example_dags/example_bash_operator.py
[2023-08-24T04:24:29.709+0000] {logging_mixin.py:151} INFO - [2023-08-24T04:24:29.709+0000] {dag.py:2907} INFO - Sync 1 DAGs
[2023-08-24T04:24:29.726+0000] {logging_mixin.py:151} INFO - [2023-08-24T04:24:29.726+0000] {dag.py:3677} INFO - Setting next_dagrun for example_bash_operator to 2023-08-23T00:00:00+00:00, run_after=2023-08-24T00:00:00+00:00
[2023-08-24T04:24:29.740+0000] {processor.py:179} INFO - Processing /home/airflow/.local/lib/python3.8/site-packages/airflow/example_dags/example_bash_operator.py took 0.065 seconds
[2023-08-24T04:24:59.829+0000] {processor.py:157} INFO - Started process (PID=114) to work on /home/airflow/.local/lib/python3.8/site-packages/airflow/example_dags/example_bash_operator.py
[2023-08-24T04:24:59.830+0000] {processor.py:829} INFO - Processing file /home/airflow/.local/lib/python3.8/site-packages/airflow/example_dags/example_bash_operator.py for tasks to queue
[2023-08-24T04:24:59.832+0000] {logging_mixin.py:151} INFO - [2023-08-24T04:24:59.831+0000] {dagbag.py:539} INFO - Filling up the DagBag from /home/airflow/.local/lib/python3.8/site-packages/airflow/example_dags/example_bash_operator.py
[2023-08-24T04:24:59.840+0000] {processor.py:839} INFO - DAG(s) dict_keys(['example_bash_operator']) retrieved from /home/airflow/.local/lib/python3.8/site-packages/airflow/example_dags/example_bash_operator.py
[2023-08-24T04:24:59.859+0000] {logging_mixin.py:151} INFO - [2023-08-24T04:24:59.859+0000] {dag.py:2907} INFO - Sync 1 DAGs
[2023-08-24T04:24:59.873+0000] {logging_mixin.py:151} INFO - [2023-08-24T04:24:59.873+0000] {dag.py:3677} INFO - Setting next_dagrun for example_bash_operator to 2023-08-23T00:00:00+00:00, run_after=2023-08-24T00:00:00+00:00
[2023-08-24T04:24:59.884+0000] {processor.py:179} INFO - Processing /home/airflow/.local/lib/python3.8/site-packages/airflow/example_dags/example_bash_operator.py took 0.058 seconds
[2023-08-24T04:26:39.779+0000] {processor.py:157} INFO - Started process (PID=51) to work on /home/airflow/.local/lib/python3.8/site-packages/airflow/example_dags/example_bash_operator.py
[2023-08-24T04:26:39.780+0000] {processor.py:829} INFO - Processing file /home/airflow/.local/lib/python3.8/site-packages/airflow/example_dags/example_bash_operator.py for tasks to queue
[2023-08-24T04:26:39.782+0000] {logging_mixin.py:151} INFO - [2023-08-24T04:26:39.782+0000] {dagbag.py:539} INFO - Filling up the DagBag from /home/airflow/.local/lib/python3.8/site-packages/airflow/example_dags/example_bash_operator.py
[2023-08-24T04:26:39.794+0000] {processor.py:839} INFO - DAG(s) dict_keys(['example_bash_operator']) retrieved from /home/airflow/.local/lib/python3.8/site-packages/airflow/example_dags/example_bash_operator.py
[2023-08-24T04:26:39.812+0000] {logging_mixin.py:151} INFO - [2023-08-24T04:26:39.812+0000] {dag.py:2907} INFO - Sync 1 DAGs
[2023-08-24T04:26:39.827+0000] {logging_mixin.py:151} INFO - [2023-08-24T04:26:39.827+0000] {dag.py:3677} INFO - Setting next_dagrun for example_bash_operator to 2023-08-23T00:00:00+00:00, run_after=2023-08-24T00:00:00+00:00
[2023-08-24T04:26:39.841+0000] {processor.py:179} INFO - Processing /home/airflow/.local/lib/python3.8/site-packages/airflow/example_dags/example_bash_operator.py took 0.066 seconds
[2023-08-24T04:27:09.870+0000] {processor.py:157} INFO - Started process (PID=113) to work on /home/airflow/.local/lib/python3.8/site-packages/airflow/example_dags/example_bash_operator.py
[2023-08-24T04:27:09.871+0000] {processor.py:829} INFO - Processing file /home/airflow/.local/lib/python3.8/site-packages/airflow/example_dags/example_bash_operator.py for tasks to queue
[2023-08-24T04:27:09.873+0000] {logging_mixin.py:151} INFO - [2023-08-24T04:27:09.873+0000] {dagbag.py:539} INFO - Filling up the DagBag from /home/airflow/.local/lib/python3.8/site-packages/airflow/example_dags/example_bash_operator.py
[2023-08-24T04:27:09.881+0000] {processor.py:839} INFO - DAG(s) dict_keys(['example_bash_operator']) retrieved from /home/airflow/.local/lib/python3.8/site-packages/airflow/example_dags/example_bash_operator.py
[2023-08-24T04:27:09.901+0000] {logging_mixin.py:151} INFO - [2023-08-24T04:27:09.901+0000] {dag.py:2907} INFO - Sync 1 DAGs
[2023-08-24T04:27:09.917+0000] {logging_mixin.py:151} INFO - [2023-08-24T04:27:09.917+0000] {dag.py:3677} INFO - Setting next_dagrun for example_bash_operator to 2023-08-23T00:00:00+00:00, run_after=2023-08-24T00:00:00+00:00
[2023-08-24T04:27:09.927+0000] {processor.py:179} INFO - Processing /home/airflow/.local/lib/python3.8/site-packages/airflow/example_dags/example_bash_operator.py took 0.060 seconds
