[2023-08-24T03:04:54.568+0000] {processor.py:157} INFO - Started process (PID=68) to work on /home/airflow/.local/lib/python3.8/site-packages/airflow/example_dags/example_sla_dag.py
[2023-08-24T03:04:54.569+0000] {processor.py:829} INFO - Processing file /home/airflow/.local/lib/python3.8/site-packages/airflow/example_dags/example_sla_dag.py for tasks to queue
[2023-08-24T03:04:54.571+0000] {logging_mixin.py:151} INFO - [2023-08-24T03:04:54.571+0000] {dagbag.py:539} INFO - Filling up the DagBag from /home/airflow/.local/lib/python3.8/site-packages/airflow/example_dags/example_sla_dag.py
[2023-08-24T03:04:54.587+0000] {processor.py:839} INFO - DAG(s) dict_keys(['example_sla_dag']) retrieved from /home/airflow/.local/lib/python3.8/site-packages/airflow/example_dags/example_sla_dag.py
[2023-08-24T03:04:54.609+0000] {logging_mixin.py:151} INFO - [2023-08-24T03:04:54.609+0000] {dag.py:2907} INFO - Sync 1 DAGs
[2023-08-24T03:04:54.637+0000] {logging_mixin.py:151} INFO - [2023-08-24T03:04:54.637+0000] {dag.py:3677} INFO - Setting next_dagrun for example_sla_dag to 2023-08-24T03:02:00+00:00, run_after=2023-08-24T03:04:00+00:00
[2023-08-24T03:04:54.651+0000] {processor.py:179} INFO - Processing /home/airflow/.local/lib/python3.8/site-packages/airflow/example_dags/example_sla_dag.py took 0.087 seconds
[2023-08-24T03:05:25.024+0000] {processor.py:157} INFO - Started process (PID=131) to work on /home/airflow/.local/lib/python3.8/site-packages/airflow/example_dags/example_sla_dag.py
[2023-08-24T03:05:25.025+0000] {processor.py:829} INFO - Processing file /home/airflow/.local/lib/python3.8/site-packages/airflow/example_dags/example_sla_dag.py for tasks to queue
[2023-08-24T03:05:25.027+0000] {logging_mixin.py:151} INFO - [2023-08-24T03:05:25.027+0000] {dagbag.py:539} INFO - Filling up the DagBag from /home/airflow/.local/lib/python3.8/site-packages/airflow/example_dags/example_sla_dag.py
[2023-08-24T03:05:25.033+0000] {processor.py:839} INFO - DAG(s) dict_keys(['example_sla_dag']) retrieved from /home/airflow/.local/lib/python3.8/site-packages/airflow/example_dags/example_sla_dag.py
[2023-08-24T03:05:25.050+0000] {logging_mixin.py:151} INFO - [2023-08-24T03:05:25.050+0000] {dag.py:2907} INFO - Sync 1 DAGs
[2023-08-24T03:05:25.066+0000] {logging_mixin.py:151} INFO - [2023-08-24T03:05:25.066+0000] {dag.py:3677} INFO - Setting next_dagrun for example_sla_dag to 2023-08-24T03:02:00+00:00, run_after=2023-08-24T03:04:00+00:00
[2023-08-24T03:05:25.078+0000] {processor.py:179} INFO - Processing /home/airflow/.local/lib/python3.8/site-packages/airflow/example_dags/example_sla_dag.py took 0.058 seconds
[2023-08-24T03:05:55.984+0000] {processor.py:157} INFO - Started process (PID=194) to work on /home/airflow/.local/lib/python3.8/site-packages/airflow/example_dags/example_sla_dag.py
[2023-08-24T03:05:55.986+0000] {processor.py:829} INFO - Processing file /home/airflow/.local/lib/python3.8/site-packages/airflow/example_dags/example_sla_dag.py for tasks to queue
[2023-08-24T03:05:55.988+0000] {logging_mixin.py:151} INFO - [2023-08-24T03:05:55.987+0000] {dagbag.py:539} INFO - Filling up the DagBag from /home/airflow/.local/lib/python3.8/site-packages/airflow/example_dags/example_sla_dag.py
[2023-08-24T03:05:55.995+0000] {processor.py:839} INFO - DAG(s) dict_keys(['example_sla_dag']) retrieved from /home/airflow/.local/lib/python3.8/site-packages/airflow/example_dags/example_sla_dag.py
[2023-08-24T03:05:56.012+0000] {logging_mixin.py:151} INFO - [2023-08-24T03:05:56.012+0000] {dag.py:2907} INFO - Sync 1 DAGs
[2023-08-24T03:05:56.027+0000] {logging_mixin.py:151} INFO - [2023-08-24T03:05:56.027+0000] {dag.py:3677} INFO - Setting next_dagrun for example_sla_dag to 2023-08-24T03:02:00+00:00, run_after=2023-08-24T03:04:00+00:00
[2023-08-24T03:05:56.036+0000] {processor.py:179} INFO - Processing /home/airflow/.local/lib/python3.8/site-packages/airflow/example_dags/example_sla_dag.py took 0.054 seconds
[2023-08-24T03:06:26.958+0000] {processor.py:157} INFO - Started process (PID=257) to work on /home/airflow/.local/lib/python3.8/site-packages/airflow/example_dags/example_sla_dag.py
[2023-08-24T03:06:26.959+0000] {processor.py:829} INFO - Processing file /home/airflow/.local/lib/python3.8/site-packages/airflow/example_dags/example_sla_dag.py for tasks to queue
[2023-08-24T03:06:26.961+0000] {logging_mixin.py:151} INFO - [2023-08-24T03:06:26.961+0000] {dagbag.py:539} INFO - Filling up the DagBag from /home/airflow/.local/lib/python3.8/site-packages/airflow/example_dags/example_sla_dag.py
[2023-08-24T03:06:26.967+0000] {processor.py:839} INFO - DAG(s) dict_keys(['example_sla_dag']) retrieved from /home/airflow/.local/lib/python3.8/site-packages/airflow/example_dags/example_sla_dag.py
[2023-08-24T03:06:26.983+0000] {logging_mixin.py:151} INFO - [2023-08-24T03:06:26.983+0000] {dag.py:2907} INFO - Sync 1 DAGs
[2023-08-24T03:06:26.998+0000] {logging_mixin.py:151} INFO - [2023-08-24T03:06:26.998+0000] {dag.py:3677} INFO - Setting next_dagrun for example_sla_dag to 2023-08-24T03:04:00+00:00, run_after=2023-08-24T03:06:00+00:00
[2023-08-24T03:06:27.012+0000] {processor.py:179} INFO - Processing /home/airflow/.local/lib/python3.8/site-packages/airflow/example_dags/example_sla_dag.py took 0.057 seconds
[2023-08-24T03:06:57.815+0000] {processor.py:157} INFO - Started process (PID=320) to work on /home/airflow/.local/lib/python3.8/site-packages/airflow/example_dags/example_sla_dag.py
[2023-08-24T03:06:57.818+0000] {processor.py:829} INFO - Processing file /home/airflow/.local/lib/python3.8/site-packages/airflow/example_dags/example_sla_dag.py for tasks to queue
[2023-08-24T03:06:57.822+0000] {logging_mixin.py:151} INFO - [2023-08-24T03:06:57.821+0000] {dagbag.py:539} INFO - Filling up the DagBag from /home/airflow/.local/lib/python3.8/site-packages/airflow/example_dags/example_sla_dag.py
[2023-08-24T03:06:57.832+0000] {processor.py:839} INFO - DAG(s) dict_keys(['example_sla_dag']) retrieved from /home/airflow/.local/lib/python3.8/site-packages/airflow/example_dags/example_sla_dag.py
[2023-08-24T03:06:57.850+0000] {logging_mixin.py:151} INFO - [2023-08-24T03:06:57.850+0000] {dag.py:2907} INFO - Sync 1 DAGs
[2023-08-24T03:06:57.866+0000] {logging_mixin.py:151} INFO - [2023-08-24T03:06:57.865+0000] {dag.py:3677} INFO - Setting next_dagrun for example_sla_dag to 2023-08-24T03:04:00+00:00, run_after=2023-08-24T03:06:00+00:00
[2023-08-24T03:06:57.878+0000] {processor.py:179} INFO - Processing /home/airflow/.local/lib/python3.8/site-packages/airflow/example_dags/example_sla_dag.py took 0.067 seconds
[2023-08-24T03:07:28.570+0000] {processor.py:157} INFO - Started process (PID=387) to work on /home/airflow/.local/lib/python3.8/site-packages/airflow/example_dags/example_sla_dag.py
[2023-08-24T03:07:28.571+0000] {processor.py:829} INFO - Processing file /home/airflow/.local/lib/python3.8/site-packages/airflow/example_dags/example_sla_dag.py for tasks to queue
[2023-08-24T03:07:28.573+0000] {logging_mixin.py:151} INFO - [2023-08-24T03:07:28.573+0000] {dagbag.py:539} INFO - Filling up the DagBag from /home/airflow/.local/lib/python3.8/site-packages/airflow/example_dags/example_sla_dag.py
[2023-08-24T03:07:28.580+0000] {processor.py:839} INFO - DAG(s) dict_keys(['example_sla_dag']) retrieved from /home/airflow/.local/lib/python3.8/site-packages/airflow/example_dags/example_sla_dag.py
[2023-08-24T03:07:28.595+0000] {logging_mixin.py:151} INFO - [2023-08-24T03:07:28.595+0000] {dag.py:2907} INFO - Sync 1 DAGs
[2023-08-24T03:07:28.609+0000] {logging_mixin.py:151} INFO - [2023-08-24T03:07:28.609+0000] {dag.py:3677} INFO - Setting next_dagrun for example_sla_dag to 2023-08-24T03:04:00+00:00, run_after=2023-08-24T03:06:00+00:00
[2023-08-24T03:07:28.619+0000] {processor.py:179} INFO - Processing /home/airflow/.local/lib/python3.8/site-packages/airflow/example_dags/example_sla_dag.py took 0.051 seconds
[2023-08-24T03:07:59.254+0000] {processor.py:157} INFO - Started process (PID=450) to work on /home/airflow/.local/lib/python3.8/site-packages/airflow/example_dags/example_sla_dag.py
[2023-08-24T03:07:59.255+0000] {processor.py:829} INFO - Processing file /home/airflow/.local/lib/python3.8/site-packages/airflow/example_dags/example_sla_dag.py for tasks to queue
[2023-08-24T03:07:59.257+0000] {logging_mixin.py:151} INFO - [2023-08-24T03:07:59.257+0000] {dagbag.py:539} INFO - Filling up the DagBag from /home/airflow/.local/lib/python3.8/site-packages/airflow/example_dags/example_sla_dag.py
[2023-08-24T03:07:59.263+0000] {processor.py:839} INFO - DAG(s) dict_keys(['example_sla_dag']) retrieved from /home/airflow/.local/lib/python3.8/site-packages/airflow/example_dags/example_sla_dag.py
[2023-08-24T03:07:59.281+0000] {logging_mixin.py:151} INFO - [2023-08-24T03:07:59.281+0000] {dag.py:2907} INFO - Sync 1 DAGs
[2023-08-24T03:07:59.296+0000] {logging_mixin.py:151} INFO - [2023-08-24T03:07:59.296+0000] {dag.py:3677} INFO - Setting next_dagrun for example_sla_dag to 2023-08-24T03:04:00+00:00, run_after=2023-08-24T03:06:00+00:00
[2023-08-24T03:07:59.305+0000] {processor.py:179} INFO - Processing /home/airflow/.local/lib/python3.8/site-packages/airflow/example_dags/example_sla_dag.py took 0.054 seconds
[2023-08-24T03:08:30.118+0000] {processor.py:157} INFO - Started process (PID=514) to work on /home/airflow/.local/lib/python3.8/site-packages/airflow/example_dags/example_sla_dag.py
[2023-08-24T03:08:30.120+0000] {processor.py:829} INFO - Processing file /home/airflow/.local/lib/python3.8/site-packages/airflow/example_dags/example_sla_dag.py for tasks to queue
[2023-08-24T03:08:30.127+0000] {logging_mixin.py:151} INFO - [2023-08-24T03:08:30.127+0000] {dagbag.py:539} INFO - Filling up the DagBag from /home/airflow/.local/lib/python3.8/site-packages/airflow/example_dags/example_sla_dag.py
[2023-08-24T03:08:30.134+0000] {processor.py:839} INFO - DAG(s) dict_keys(['example_sla_dag']) retrieved from /home/airflow/.local/lib/python3.8/site-packages/airflow/example_dags/example_sla_dag.py
[2023-08-24T03:08:30.152+0000] {logging_mixin.py:151} INFO - [2023-08-24T03:08:30.151+0000] {dag.py:2907} INFO - Sync 1 DAGs
[2023-08-24T03:08:30.167+0000] {logging_mixin.py:151} INFO - [2023-08-24T03:08:30.167+0000] {dag.py:3677} INFO - Setting next_dagrun for example_sla_dag to 2023-08-24T03:06:00+00:00, run_after=2023-08-24T03:08:00+00:00
[2023-08-24T03:08:30.177+0000] {processor.py:179} INFO - Processing /home/airflow/.local/lib/python3.8/site-packages/airflow/example_dags/example_sla_dag.py took 0.062 seconds
[2023-08-24T03:09:00.958+0000] {processor.py:157} INFO - Started process (PID=577) to work on /home/airflow/.local/lib/python3.8/site-packages/airflow/example_dags/example_sla_dag.py
[2023-08-24T03:09:00.960+0000] {processor.py:829} INFO - Processing file /home/airflow/.local/lib/python3.8/site-packages/airflow/example_dags/example_sla_dag.py for tasks to queue
[2023-08-24T03:09:00.961+0000] {logging_mixin.py:151} INFO - [2023-08-24T03:09:00.961+0000] {dagbag.py:539} INFO - Filling up the DagBag from /home/airflow/.local/lib/python3.8/site-packages/airflow/example_dags/example_sla_dag.py
[2023-08-24T03:09:00.967+0000] {processor.py:839} INFO - DAG(s) dict_keys(['example_sla_dag']) retrieved from /home/airflow/.local/lib/python3.8/site-packages/airflow/example_dags/example_sla_dag.py
[2023-08-24T03:09:00.983+0000] {logging_mixin.py:151} INFO - [2023-08-24T03:09:00.983+0000] {dag.py:2907} INFO - Sync 1 DAGs
[2023-08-24T03:09:00.998+0000] {logging_mixin.py:151} INFO - [2023-08-24T03:09:00.998+0000] {dag.py:3677} INFO - Setting next_dagrun for example_sla_dag to 2023-08-24T03:06:00+00:00, run_after=2023-08-24T03:08:00+00:00
[2023-08-24T03:09:01.009+0000] {processor.py:179} INFO - Processing /home/airflow/.local/lib/python3.8/site-packages/airflow/example_dags/example_sla_dag.py took 0.053 seconds
[2023-08-24T03:16:30.288+0000] {processor.py:157} INFO - Started process (PID=69) to work on /home/airflow/.local/lib/python3.8/site-packages/airflow/example_dags/example_sla_dag.py
[2023-08-24T03:16:30.289+0000] {processor.py:829} INFO - Processing file /home/airflow/.local/lib/python3.8/site-packages/airflow/example_dags/example_sla_dag.py for tasks to queue
[2023-08-24T03:16:30.291+0000] {logging_mixin.py:151} INFO - [2023-08-24T03:16:30.291+0000] {dagbag.py:539} INFO - Filling up the DagBag from /home/airflow/.local/lib/python3.8/site-packages/airflow/example_dags/example_sla_dag.py
[2023-08-24T03:16:30.299+0000] {processor.py:839} INFO - DAG(s) dict_keys(['example_sla_dag']) retrieved from /home/airflow/.local/lib/python3.8/site-packages/airflow/example_dags/example_sla_dag.py
[2023-08-24T03:16:30.310+0000] {logging_mixin.py:151} INFO - [2023-08-24T03:16:30.310+0000] {dag.py:2907} INFO - Sync 1 DAGs
[2023-08-24T03:16:30.326+0000] {logging_mixin.py:151} INFO - [2023-08-24T03:16:30.326+0000] {dag.py:3677} INFO - Setting next_dagrun for example_sla_dag to 2023-08-24T03:14:00+00:00, run_after=2023-08-24T03:16:00+00:00
[2023-08-24T03:16:30.337+0000] {processor.py:179} INFO - Processing /home/airflow/.local/lib/python3.8/site-packages/airflow/example_dags/example_sla_dag.py took 0.052 seconds
[2023-08-24T03:17:00.435+0000] {processor.py:157} INFO - Started process (PID=132) to work on /home/airflow/.local/lib/python3.8/site-packages/airflow/example_dags/example_sla_dag.py
[2023-08-24T03:17:00.436+0000] {processor.py:829} INFO - Processing file /home/airflow/.local/lib/python3.8/site-packages/airflow/example_dags/example_sla_dag.py for tasks to queue
[2023-08-24T03:17:00.438+0000] {logging_mixin.py:151} INFO - [2023-08-24T03:17:00.437+0000] {dagbag.py:539} INFO - Filling up the DagBag from /home/airflow/.local/lib/python3.8/site-packages/airflow/example_dags/example_sla_dag.py
[2023-08-24T03:17:00.444+0000] {processor.py:839} INFO - DAG(s) dict_keys(['example_sla_dag']) retrieved from /home/airflow/.local/lib/python3.8/site-packages/airflow/example_dags/example_sla_dag.py
[2023-08-24T03:17:00.459+0000] {logging_mixin.py:151} INFO - [2023-08-24T03:17:00.459+0000] {dag.py:2907} INFO - Sync 1 DAGs
[2023-08-24T03:17:00.474+0000] {logging_mixin.py:151} INFO - [2023-08-24T03:17:00.474+0000] {dag.py:3677} INFO - Setting next_dagrun for example_sla_dag to 2023-08-24T03:14:00+00:00, run_after=2023-08-24T03:16:00+00:00
[2023-08-24T03:17:00.484+0000] {processor.py:179} INFO - Processing /home/airflow/.local/lib/python3.8/site-packages/airflow/example_dags/example_sla_dag.py took 0.052 seconds
[2023-08-24T03:17:31.180+0000] {processor.py:157} INFO - Started process (PID=195) to work on /home/airflow/.local/lib/python3.8/site-packages/airflow/example_dags/example_sla_dag.py
[2023-08-24T03:17:31.181+0000] {processor.py:829} INFO - Processing file /home/airflow/.local/lib/python3.8/site-packages/airflow/example_dags/example_sla_dag.py for tasks to queue
[2023-08-24T03:17:31.182+0000] {logging_mixin.py:151} INFO - [2023-08-24T03:17:31.182+0000] {dagbag.py:539} INFO - Filling up the DagBag from /home/airflow/.local/lib/python3.8/site-packages/airflow/example_dags/example_sla_dag.py
[2023-08-24T03:17:31.189+0000] {processor.py:839} INFO - DAG(s) dict_keys(['example_sla_dag']) retrieved from /home/airflow/.local/lib/python3.8/site-packages/airflow/example_dags/example_sla_dag.py
[2023-08-24T03:17:31.205+0000] {logging_mixin.py:151} INFO - [2023-08-24T03:17:31.205+0000] {dag.py:2907} INFO - Sync 1 DAGs
[2023-08-24T03:17:31.219+0000] {logging_mixin.py:151} INFO - [2023-08-24T03:17:31.219+0000] {dag.py:3677} INFO - Setting next_dagrun for example_sla_dag to 2023-08-24T03:14:00+00:00, run_after=2023-08-24T03:16:00+00:00
[2023-08-24T03:17:31.229+0000] {processor.py:179} INFO - Processing /home/airflow/.local/lib/python3.8/site-packages/airflow/example_dags/example_sla_dag.py took 0.052 seconds
[2023-08-24T03:18:02.202+0000] {processor.py:157} INFO - Started process (PID=258) to work on /home/airflow/.local/lib/python3.8/site-packages/airflow/example_dags/example_sla_dag.py
[2023-08-24T03:18:02.203+0000] {processor.py:829} INFO - Processing file /home/airflow/.local/lib/python3.8/site-packages/airflow/example_dags/example_sla_dag.py for tasks to queue
[2023-08-24T03:18:02.206+0000] {logging_mixin.py:151} INFO - [2023-08-24T03:18:02.206+0000] {dagbag.py:539} INFO - Filling up the DagBag from /home/airflow/.local/lib/python3.8/site-packages/airflow/example_dags/example_sla_dag.py
[2023-08-24T03:18:02.224+0000] {processor.py:839} INFO - DAG(s) dict_keys(['example_sla_dag']) retrieved from /home/airflow/.local/lib/python3.8/site-packages/airflow/example_dags/example_sla_dag.py
[2023-08-24T03:18:02.247+0000] {logging_mixin.py:151} INFO - [2023-08-24T03:18:02.247+0000] {dag.py:2907} INFO - Sync 1 DAGs
[2023-08-24T03:18:02.268+0000] {logging_mixin.py:151} INFO - [2023-08-24T03:18:02.268+0000] {dag.py:3677} INFO - Setting next_dagrun for example_sla_dag to 2023-08-24T03:16:00+00:00, run_after=2023-08-24T03:18:00+00:00
[2023-08-24T03:18:02.294+0000] {processor.py:179} INFO - Processing /home/airflow/.local/lib/python3.8/site-packages/airflow/example_dags/example_sla_dag.py took 0.097 seconds
[2023-08-24T03:19:16.510+0000] {processor.py:157} INFO - Started process (PID=68) to work on /home/airflow/.local/lib/python3.8/site-packages/airflow/example_dags/example_sla_dag.py
[2023-08-24T03:19:16.511+0000] {processor.py:829} INFO - Processing file /home/airflow/.local/lib/python3.8/site-packages/airflow/example_dags/example_sla_dag.py for tasks to queue
[2023-08-24T03:19:16.513+0000] {logging_mixin.py:151} INFO - [2023-08-24T03:19:16.513+0000] {dagbag.py:539} INFO - Filling up the DagBag from /home/airflow/.local/lib/python3.8/site-packages/airflow/example_dags/example_sla_dag.py
[2023-08-24T03:19:16.521+0000] {processor.py:839} INFO - DAG(s) dict_keys(['example_sla_dag']) retrieved from /home/airflow/.local/lib/python3.8/site-packages/airflow/example_dags/example_sla_dag.py
[2023-08-24T03:19:16.532+0000] {logging_mixin.py:151} INFO - [2023-08-24T03:19:16.532+0000] {dag.py:2907} INFO - Sync 1 DAGs
[2023-08-24T03:19:16.548+0000] {logging_mixin.py:151} INFO - [2023-08-24T03:19:16.548+0000] {dag.py:3677} INFO - Setting next_dagrun for example_sla_dag to 2023-08-24T03:16:00+00:00, run_after=2023-08-24T03:18:00+00:00
[2023-08-24T03:19:16.559+0000] {processor.py:179} INFO - Processing /home/airflow/.local/lib/python3.8/site-packages/airflow/example_dags/example_sla_dag.py took 0.052 seconds
[2023-08-24T03:22:57.185+0000] {processor.py:157} INFO - Started process (PID=67) to work on /home/airflow/.local/lib/python3.8/site-packages/airflow/example_dags/example_sla_dag.py
[2023-08-24T03:22:57.187+0000] {processor.py:829} INFO - Processing file /home/airflow/.local/lib/python3.8/site-packages/airflow/example_dags/example_sla_dag.py for tasks to queue
[2023-08-24T03:22:57.190+0000] {logging_mixin.py:151} INFO - [2023-08-24T03:22:57.189+0000] {dagbag.py:539} INFO - Filling up the DagBag from /home/airflow/.local/lib/python3.8/site-packages/airflow/example_dags/example_sla_dag.py
[2023-08-24T03:22:57.200+0000] {processor.py:839} INFO - DAG(s) dict_keys(['example_sla_dag']) retrieved from /home/airflow/.local/lib/python3.8/site-packages/airflow/example_dags/example_sla_dag.py
[2023-08-24T03:22:57.213+0000] {logging_mixin.py:151} INFO - [2023-08-24T03:22:57.213+0000] {dag.py:2907} INFO - Sync 1 DAGs
[2023-08-24T03:22:57.233+0000] {logging_mixin.py:151} INFO - [2023-08-24T03:22:57.233+0000] {dag.py:3677} INFO - Setting next_dagrun for example_sla_dag to 2023-08-24T03:20:00+00:00, run_after=2023-08-24T03:22:00+00:00
[2023-08-24T03:22:57.246+0000] {processor.py:179} INFO - Processing /home/airflow/.local/lib/python3.8/site-packages/airflow/example_dags/example_sla_dag.py took 0.064 seconds
[2023-08-24T03:23:27.591+0000] {processor.py:157} INFO - Started process (PID=130) to work on /home/airflow/.local/lib/python3.8/site-packages/airflow/example_dags/example_sla_dag.py
[2023-08-24T03:23:27.592+0000] {processor.py:829} INFO - Processing file /home/airflow/.local/lib/python3.8/site-packages/airflow/example_dags/example_sla_dag.py for tasks to queue
[2023-08-24T03:23:27.594+0000] {logging_mixin.py:151} INFO - [2023-08-24T03:23:27.594+0000] {dagbag.py:539} INFO - Filling up the DagBag from /home/airflow/.local/lib/python3.8/site-packages/airflow/example_dags/example_sla_dag.py
[2023-08-24T03:23:27.602+0000] {processor.py:839} INFO - DAG(s) dict_keys(['example_sla_dag']) retrieved from /home/airflow/.local/lib/python3.8/site-packages/airflow/example_dags/example_sla_dag.py
[2023-08-24T03:23:27.621+0000] {logging_mixin.py:151} INFO - [2023-08-24T03:23:27.620+0000] {dag.py:2907} INFO - Sync 1 DAGs
[2023-08-24T03:23:27.636+0000] {logging_mixin.py:151} INFO - [2023-08-24T03:23:27.636+0000] {dag.py:3677} INFO - Setting next_dagrun for example_sla_dag to 2023-08-24T03:20:00+00:00, run_after=2023-08-24T03:22:00+00:00
[2023-08-24T03:23:27.646+0000] {processor.py:179} INFO - Processing /home/airflow/.local/lib/python3.8/site-packages/airflow/example_dags/example_sla_dag.py took 0.058 seconds
[2023-08-24T03:59:49.211+0000] {processor.py:157} INFO - Started process (PID=68) to work on /home/airflow/.local/lib/python3.8/site-packages/airflow/example_dags/example_sla_dag.py
[2023-08-24T03:59:49.212+0000] {processor.py:829} INFO - Processing file /home/airflow/.local/lib/python3.8/site-packages/airflow/example_dags/example_sla_dag.py for tasks to queue
[2023-08-24T03:59:49.214+0000] {logging_mixin.py:151} INFO - [2023-08-24T03:59:49.214+0000] {dagbag.py:539} INFO - Filling up the DagBag from /home/airflow/.local/lib/python3.8/site-packages/airflow/example_dags/example_sla_dag.py
[2023-08-24T03:59:49.222+0000] {processor.py:839} INFO - DAG(s) dict_keys(['example_sla_dag']) retrieved from /home/airflow/.local/lib/python3.8/site-packages/airflow/example_dags/example_sla_dag.py
[2023-08-24T03:59:49.235+0000] {logging_mixin.py:151} INFO - [2023-08-24T03:59:49.234+0000] {dag.py:2907} INFO - Sync 1 DAGs
[2023-08-24T03:59:49.253+0000] {logging_mixin.py:151} INFO - [2023-08-24T03:59:49.252+0000] {dag.py:3677} INFO - Setting next_dagrun for example_sla_dag to 2023-08-24T03:56:00+00:00, run_after=2023-08-24T03:58:00+00:00
[2023-08-24T03:59:49.265+0000] {processor.py:179} INFO - Processing /home/airflow/.local/lib/python3.8/site-packages/airflow/example_dags/example_sla_dag.py took 0.057 seconds
[2023-08-24T04:00:19.448+0000] {processor.py:157} INFO - Started process (PID=131) to work on /home/airflow/.local/lib/python3.8/site-packages/airflow/example_dags/example_sla_dag.py
[2023-08-24T04:00:19.449+0000] {processor.py:829} INFO - Processing file /home/airflow/.local/lib/python3.8/site-packages/airflow/example_dags/example_sla_dag.py for tasks to queue
[2023-08-24T04:00:19.451+0000] {logging_mixin.py:151} INFO - [2023-08-24T04:00:19.451+0000] {dagbag.py:539} INFO - Filling up the DagBag from /home/airflow/.local/lib/python3.8/site-packages/airflow/example_dags/example_sla_dag.py
[2023-08-24T04:00:19.458+0000] {processor.py:839} INFO - DAG(s) dict_keys(['example_sla_dag']) retrieved from /home/airflow/.local/lib/python3.8/site-packages/airflow/example_dags/example_sla_dag.py
[2023-08-24T04:00:19.475+0000] {logging_mixin.py:151} INFO - [2023-08-24T04:00:19.475+0000] {dag.py:2907} INFO - Sync 1 DAGs
[2023-08-24T04:00:19.489+0000] {logging_mixin.py:151} INFO - [2023-08-24T04:00:19.489+0000] {dag.py:3677} INFO - Setting next_dagrun for example_sla_dag to 2023-08-24T03:58:00+00:00, run_after=2023-08-24T04:00:00+00:00
[2023-08-24T04:00:19.499+0000] {processor.py:179} INFO - Processing /home/airflow/.local/lib/python3.8/site-packages/airflow/example_dags/example_sla_dag.py took 0.054 seconds
[2023-08-24T04:00:50.275+0000] {processor.py:157} INFO - Started process (PID=194) to work on /home/airflow/.local/lib/python3.8/site-packages/airflow/example_dags/example_sla_dag.py
[2023-08-24T04:00:50.276+0000] {processor.py:829} INFO - Processing file /home/airflow/.local/lib/python3.8/site-packages/airflow/example_dags/example_sla_dag.py for tasks to queue
[2023-08-24T04:00:50.278+0000] {logging_mixin.py:151} INFO - [2023-08-24T04:00:50.278+0000] {dagbag.py:539} INFO - Filling up the DagBag from /home/airflow/.local/lib/python3.8/site-packages/airflow/example_dags/example_sla_dag.py
[2023-08-24T04:00:50.286+0000] {processor.py:839} INFO - DAG(s) dict_keys(['example_sla_dag']) retrieved from /home/airflow/.local/lib/python3.8/site-packages/airflow/example_dags/example_sla_dag.py
[2023-08-24T04:00:50.302+0000] {logging_mixin.py:151} INFO - [2023-08-24T04:00:50.302+0000] {dag.py:2907} INFO - Sync 1 DAGs
[2023-08-24T04:00:50.317+0000] {logging_mixin.py:151} INFO - [2023-08-24T04:00:50.317+0000] {dag.py:3677} INFO - Setting next_dagrun for example_sla_dag to 2023-08-24T03:58:00+00:00, run_after=2023-08-24T04:00:00+00:00
[2023-08-24T04:00:50.328+0000] {processor.py:179} INFO - Processing /home/airflow/.local/lib/python3.8/site-packages/airflow/example_dags/example_sla_dag.py took 0.055 seconds
[2023-08-24T04:01:21.020+0000] {processor.py:157} INFO - Started process (PID=257) to work on /home/airflow/.local/lib/python3.8/site-packages/airflow/example_dags/example_sla_dag.py
[2023-08-24T04:01:21.021+0000] {processor.py:829} INFO - Processing file /home/airflow/.local/lib/python3.8/site-packages/airflow/example_dags/example_sla_dag.py for tasks to queue
[2023-08-24T04:01:21.023+0000] {logging_mixin.py:151} INFO - [2023-08-24T04:01:21.023+0000] {dagbag.py:539} INFO - Filling up the DagBag from /home/airflow/.local/lib/python3.8/site-packages/airflow/example_dags/example_sla_dag.py
[2023-08-24T04:01:21.029+0000] {processor.py:839} INFO - DAG(s) dict_keys(['example_sla_dag']) retrieved from /home/airflow/.local/lib/python3.8/site-packages/airflow/example_dags/example_sla_dag.py
[2023-08-24T04:01:21.046+0000] {logging_mixin.py:151} INFO - [2023-08-24T04:01:21.046+0000] {dag.py:2907} INFO - Sync 1 DAGs
[2023-08-24T04:01:21.060+0000] {logging_mixin.py:151} INFO - [2023-08-24T04:01:21.060+0000] {dag.py:3677} INFO - Setting next_dagrun for example_sla_dag to 2023-08-24T03:58:00+00:00, run_after=2023-08-24T04:00:00+00:00
[2023-08-24T04:01:21.070+0000] {processor.py:179} INFO - Processing /home/airflow/.local/lib/python3.8/site-packages/airflow/example_dags/example_sla_dag.py took 0.053 seconds
[2023-08-24T04:01:51.853+0000] {processor.py:157} INFO - Started process (PID=320) to work on /home/airflow/.local/lib/python3.8/site-packages/airflow/example_dags/example_sla_dag.py
[2023-08-24T04:01:51.854+0000] {processor.py:829} INFO - Processing file /home/airflow/.local/lib/python3.8/site-packages/airflow/example_dags/example_sla_dag.py for tasks to queue
[2023-08-24T04:01:51.856+0000] {logging_mixin.py:151} INFO - [2023-08-24T04:01:51.855+0000] {dagbag.py:539} INFO - Filling up the DagBag from /home/airflow/.local/lib/python3.8/site-packages/airflow/example_dags/example_sla_dag.py
[2023-08-24T04:01:51.864+0000] {processor.py:839} INFO - DAG(s) dict_keys(['example_sla_dag']) retrieved from /home/airflow/.local/lib/python3.8/site-packages/airflow/example_dags/example_sla_dag.py
[2023-08-24T04:01:51.880+0000] {logging_mixin.py:151} INFO - [2023-08-24T04:01:51.880+0000] {dag.py:2907} INFO - Sync 1 DAGs
[2023-08-24T04:01:51.893+0000] {logging_mixin.py:151} INFO - [2023-08-24T04:01:51.893+0000] {dag.py:3677} INFO - Setting next_dagrun for example_sla_dag to 2023-08-24T03:58:00+00:00, run_after=2023-08-24T04:00:00+00:00
[2023-08-24T04:01:51.903+0000] {processor.py:179} INFO - Processing /home/airflow/.local/lib/python3.8/site-packages/airflow/example_dags/example_sla_dag.py took 0.053 seconds
[2023-08-24T04:02:22.740+0000] {processor.py:157} INFO - Started process (PID=383) to work on /home/airflow/.local/lib/python3.8/site-packages/airflow/example_dags/example_sla_dag.py
[2023-08-24T04:02:22.742+0000] {processor.py:829} INFO - Processing file /home/airflow/.local/lib/python3.8/site-packages/airflow/example_dags/example_sla_dag.py for tasks to queue
[2023-08-24T04:02:22.744+0000] {logging_mixin.py:151} INFO - [2023-08-24T04:02:22.743+0000] {dagbag.py:539} INFO - Filling up the DagBag from /home/airflow/.local/lib/python3.8/site-packages/airflow/example_dags/example_sla_dag.py
[2023-08-24T04:02:22.750+0000] {processor.py:839} INFO - DAG(s) dict_keys(['example_sla_dag']) retrieved from /home/airflow/.local/lib/python3.8/site-packages/airflow/example_dags/example_sla_dag.py
[2023-08-24T04:02:22.766+0000] {logging_mixin.py:151} INFO - [2023-08-24T04:02:22.765+0000] {dag.py:2907} INFO - Sync 1 DAGs
[2023-08-24T04:02:22.779+0000] {logging_mixin.py:151} INFO - [2023-08-24T04:02:22.779+0000] {dag.py:3677} INFO - Setting next_dagrun for example_sla_dag to 2023-08-24T04:00:00+00:00, run_after=2023-08-24T04:02:00+00:00
[2023-08-24T04:02:22.790+0000] {processor.py:179} INFO - Processing /home/airflow/.local/lib/python3.8/site-packages/airflow/example_dags/example_sla_dag.py took 0.053 seconds
[2023-08-24T04:02:53.396+0000] {processor.py:157} INFO - Started process (PID=446) to work on /home/airflow/.local/lib/python3.8/site-packages/airflow/example_dags/example_sla_dag.py
[2023-08-24T04:02:53.398+0000] {processor.py:829} INFO - Processing file /home/airflow/.local/lib/python3.8/site-packages/airflow/example_dags/example_sla_dag.py for tasks to queue
[2023-08-24T04:02:53.400+0000] {logging_mixin.py:151} INFO - [2023-08-24T04:02:53.399+0000] {dagbag.py:539} INFO - Filling up the DagBag from /home/airflow/.local/lib/python3.8/site-packages/airflow/example_dags/example_sla_dag.py
[2023-08-24T04:02:53.406+0000] {processor.py:839} INFO - DAG(s) dict_keys(['example_sla_dag']) retrieved from /home/airflow/.local/lib/python3.8/site-packages/airflow/example_dags/example_sla_dag.py
[2023-08-24T04:02:53.423+0000] {logging_mixin.py:151} INFO - [2023-08-24T04:02:53.423+0000] {dag.py:2907} INFO - Sync 1 DAGs
[2023-08-24T04:02:53.438+0000] {logging_mixin.py:151} INFO - [2023-08-24T04:02:53.438+0000] {dag.py:3677} INFO - Setting next_dagrun for example_sla_dag to 2023-08-24T04:00:00+00:00, run_after=2023-08-24T04:02:00+00:00
[2023-08-24T04:02:53.447+0000] {processor.py:179} INFO - Processing /home/airflow/.local/lib/python3.8/site-packages/airflow/example_dags/example_sla_dag.py took 0.054 seconds
[2023-08-24T04:03:24.011+0000] {processor.py:157} INFO - Started process (PID=509) to work on /home/airflow/.local/lib/python3.8/site-packages/airflow/example_dags/example_sla_dag.py
[2023-08-24T04:03:24.012+0000] {processor.py:829} INFO - Processing file /home/airflow/.local/lib/python3.8/site-packages/airflow/example_dags/example_sla_dag.py for tasks to queue
[2023-08-24T04:03:24.014+0000] {logging_mixin.py:151} INFO - [2023-08-24T04:03:24.014+0000] {dagbag.py:539} INFO - Filling up the DagBag from /home/airflow/.local/lib/python3.8/site-packages/airflow/example_dags/example_sla_dag.py
[2023-08-24T04:03:24.020+0000] {processor.py:839} INFO - DAG(s) dict_keys(['example_sla_dag']) retrieved from /home/airflow/.local/lib/python3.8/site-packages/airflow/example_dags/example_sla_dag.py
[2023-08-24T04:03:24.037+0000] {logging_mixin.py:151} INFO - [2023-08-24T04:03:24.037+0000] {dag.py:2907} INFO - Sync 1 DAGs
[2023-08-24T04:03:24.051+0000] {logging_mixin.py:151} INFO - [2023-08-24T04:03:24.051+0000] {dag.py:3677} INFO - Setting next_dagrun for example_sla_dag to 2023-08-24T04:00:00+00:00, run_after=2023-08-24T04:02:00+00:00
[2023-08-24T04:03:24.060+0000] {processor.py:179} INFO - Processing /home/airflow/.local/lib/python3.8/site-packages/airflow/example_dags/example_sla_dag.py took 0.051 seconds
[2023-08-24T04:03:54.815+0000] {processor.py:157} INFO - Started process (PID=572) to work on /home/airflow/.local/lib/python3.8/site-packages/airflow/example_dags/example_sla_dag.py
[2023-08-24T04:03:54.817+0000] {processor.py:829} INFO - Processing file /home/airflow/.local/lib/python3.8/site-packages/airflow/example_dags/example_sla_dag.py for tasks to queue
[2023-08-24T04:03:54.819+0000] {logging_mixin.py:151} INFO - [2023-08-24T04:03:54.818+0000] {dagbag.py:539} INFO - Filling up the DagBag from /home/airflow/.local/lib/python3.8/site-packages/airflow/example_dags/example_sla_dag.py
[2023-08-24T04:03:54.826+0000] {processor.py:839} INFO - DAG(s) dict_keys(['example_sla_dag']) retrieved from /home/airflow/.local/lib/python3.8/site-packages/airflow/example_dags/example_sla_dag.py
[2023-08-24T04:03:54.842+0000] {logging_mixin.py:151} INFO - [2023-08-24T04:03:54.842+0000] {dag.py:2907} INFO - Sync 1 DAGs
[2023-08-24T04:03:54.857+0000] {logging_mixin.py:151} INFO - [2023-08-24T04:03:54.857+0000] {dag.py:3677} INFO - Setting next_dagrun for example_sla_dag to 2023-08-24T04:00:00+00:00, run_after=2023-08-24T04:02:00+00:00
[2023-08-24T04:03:54.867+0000] {processor.py:179} INFO - Processing /home/airflow/.local/lib/python3.8/site-packages/airflow/example_dags/example_sla_dag.py took 0.055 seconds
[2023-08-24T04:04:25.552+0000] {processor.py:157} INFO - Started process (PID=635) to work on /home/airflow/.local/lib/python3.8/site-packages/airflow/example_dags/example_sla_dag.py
[2023-08-24T04:04:25.553+0000] {processor.py:829} INFO - Processing file /home/airflow/.local/lib/python3.8/site-packages/airflow/example_dags/example_sla_dag.py for tasks to queue
[2023-08-24T04:04:25.555+0000] {logging_mixin.py:151} INFO - [2023-08-24T04:04:25.555+0000] {dagbag.py:539} INFO - Filling up the DagBag from /home/airflow/.local/lib/python3.8/site-packages/airflow/example_dags/example_sla_dag.py
[2023-08-24T04:04:25.563+0000] {processor.py:839} INFO - DAG(s) dict_keys(['example_sla_dag']) retrieved from /home/airflow/.local/lib/python3.8/site-packages/airflow/example_dags/example_sla_dag.py
[2023-08-24T04:04:25.588+0000] {logging_mixin.py:151} INFO - [2023-08-24T04:04:25.588+0000] {dag.py:2907} INFO - Sync 1 DAGs
[2023-08-24T04:04:25.608+0000] {logging_mixin.py:151} INFO - [2023-08-24T04:04:25.608+0000] {dag.py:3677} INFO - Setting next_dagrun for example_sla_dag to 2023-08-24T04:02:00+00:00, run_after=2023-08-24T04:04:00+00:00
[2023-08-24T04:04:25.625+0000] {processor.py:179} INFO - Processing /home/airflow/.local/lib/python3.8/site-packages/airflow/example_dags/example_sla_dag.py took 0.076 seconds
[2023-08-24T04:04:56.555+0000] {processor.py:157} INFO - Started process (PID=698) to work on /home/airflow/.local/lib/python3.8/site-packages/airflow/example_dags/example_sla_dag.py
[2023-08-24T04:04:56.556+0000] {processor.py:829} INFO - Processing file /home/airflow/.local/lib/python3.8/site-packages/airflow/example_dags/example_sla_dag.py for tasks to queue
[2023-08-24T04:04:56.558+0000] {logging_mixin.py:151} INFO - [2023-08-24T04:04:56.558+0000] {dagbag.py:539} INFO - Filling up the DagBag from /home/airflow/.local/lib/python3.8/site-packages/airflow/example_dags/example_sla_dag.py
[2023-08-24T04:04:56.565+0000] {processor.py:839} INFO - DAG(s) dict_keys(['example_sla_dag']) retrieved from /home/airflow/.local/lib/python3.8/site-packages/airflow/example_dags/example_sla_dag.py
[2023-08-24T04:04:56.582+0000] {logging_mixin.py:151} INFO - [2023-08-24T04:04:56.582+0000] {dag.py:2907} INFO - Sync 1 DAGs
[2023-08-24T04:04:56.598+0000] {logging_mixin.py:151} INFO - [2023-08-24T04:04:56.597+0000] {dag.py:3677} INFO - Setting next_dagrun for example_sla_dag to 2023-08-24T04:02:00+00:00, run_after=2023-08-24T04:04:00+00:00
[2023-08-24T04:04:56.608+0000] {processor.py:179} INFO - Processing /home/airflow/.local/lib/python3.8/site-packages/airflow/example_dags/example_sla_dag.py took 0.056 seconds
[2023-08-24T04:05:27.211+0000] {processor.py:157} INFO - Started process (PID=761) to work on /home/airflow/.local/lib/python3.8/site-packages/airflow/example_dags/example_sla_dag.py
[2023-08-24T04:05:27.212+0000] {processor.py:829} INFO - Processing file /home/airflow/.local/lib/python3.8/site-packages/airflow/example_dags/example_sla_dag.py for tasks to queue
[2023-08-24T04:05:27.214+0000] {logging_mixin.py:151} INFO - [2023-08-24T04:05:27.213+0000] {dagbag.py:539} INFO - Filling up the DagBag from /home/airflow/.local/lib/python3.8/site-packages/airflow/example_dags/example_sla_dag.py
[2023-08-24T04:05:27.220+0000] {processor.py:839} INFO - DAG(s) dict_keys(['example_sla_dag']) retrieved from /home/airflow/.local/lib/python3.8/site-packages/airflow/example_dags/example_sla_dag.py
[2023-08-24T04:05:27.237+0000] {logging_mixin.py:151} INFO - [2023-08-24T04:05:27.237+0000] {dag.py:2907} INFO - Sync 1 DAGs
[2023-08-24T04:05:27.251+0000] {logging_mixin.py:151} INFO - [2023-08-24T04:05:27.251+0000] {dag.py:3677} INFO - Setting next_dagrun for example_sla_dag to 2023-08-24T04:02:00+00:00, run_after=2023-08-24T04:04:00+00:00
[2023-08-24T04:05:27.261+0000] {processor.py:179} INFO - Processing /home/airflow/.local/lib/python3.8/site-packages/airflow/example_dags/example_sla_dag.py took 0.053 seconds
[2023-08-24T04:05:57.988+0000] {processor.py:157} INFO - Started process (PID=824) to work on /home/airflow/.local/lib/python3.8/site-packages/airflow/example_dags/example_sla_dag.py
[2023-08-24T04:05:57.989+0000] {processor.py:829} INFO - Processing file /home/airflow/.local/lib/python3.8/site-packages/airflow/example_dags/example_sla_dag.py for tasks to queue
[2023-08-24T04:05:57.991+0000] {logging_mixin.py:151} INFO - [2023-08-24T04:05:57.991+0000] {dagbag.py:539} INFO - Filling up the DagBag from /home/airflow/.local/lib/python3.8/site-packages/airflow/example_dags/example_sla_dag.py
[2023-08-24T04:05:57.997+0000] {processor.py:839} INFO - DAG(s) dict_keys(['example_sla_dag']) retrieved from /home/airflow/.local/lib/python3.8/site-packages/airflow/example_dags/example_sla_dag.py
[2023-08-24T04:05:58.013+0000] {logging_mixin.py:151} INFO - [2023-08-24T04:05:58.013+0000] {dag.py:2907} INFO - Sync 1 DAGs
[2023-08-24T04:05:58.028+0000] {logging_mixin.py:151} INFO - [2023-08-24T04:05:58.028+0000] {dag.py:3677} INFO - Setting next_dagrun for example_sla_dag to 2023-08-24T04:02:00+00:00, run_after=2023-08-24T04:04:00+00:00
[2023-08-24T04:05:58.039+0000] {processor.py:179} INFO - Processing /home/airflow/.local/lib/python3.8/site-packages/airflow/example_dags/example_sla_dag.py took 0.054 seconds
[2023-08-24T04:06:28.647+0000] {processor.py:157} INFO - Started process (PID=887) to work on /home/airflow/.local/lib/python3.8/site-packages/airflow/example_dags/example_sla_dag.py
[2023-08-24T04:06:28.649+0000] {processor.py:829} INFO - Processing file /home/airflow/.local/lib/python3.8/site-packages/airflow/example_dags/example_sla_dag.py for tasks to queue
[2023-08-24T04:06:28.651+0000] {logging_mixin.py:151} INFO - [2023-08-24T04:06:28.651+0000] {dagbag.py:539} INFO - Filling up the DagBag from /home/airflow/.local/lib/python3.8/site-packages/airflow/example_dags/example_sla_dag.py
[2023-08-24T04:06:28.658+0000] {processor.py:839} INFO - DAG(s) dict_keys(['example_sla_dag']) retrieved from /home/airflow/.local/lib/python3.8/site-packages/airflow/example_dags/example_sla_dag.py
[2023-08-24T04:06:28.676+0000] {logging_mixin.py:151} INFO - [2023-08-24T04:06:28.676+0000] {dag.py:2907} INFO - Sync 1 DAGs
[2023-08-24T04:06:28.691+0000] {logging_mixin.py:151} INFO - [2023-08-24T04:06:28.691+0000] {dag.py:3677} INFO - Setting next_dagrun for example_sla_dag to 2023-08-24T04:04:00+00:00, run_after=2023-08-24T04:06:00+00:00
[2023-08-24T04:06:28.703+0000] {processor.py:179} INFO - Processing /home/airflow/.local/lib/python3.8/site-packages/airflow/example_dags/example_sla_dag.py took 0.058 seconds
[2023-08-24T04:06:59.385+0000] {processor.py:157} INFO - Started process (PID=949) to work on /home/airflow/.local/lib/python3.8/site-packages/airflow/example_dags/example_sla_dag.py
[2023-08-24T04:06:59.386+0000] {processor.py:829} INFO - Processing file /home/airflow/.local/lib/python3.8/site-packages/airflow/example_dags/example_sla_dag.py for tasks to queue
[2023-08-24T04:06:59.388+0000] {logging_mixin.py:151} INFO - [2023-08-24T04:06:59.388+0000] {dagbag.py:539} INFO - Filling up the DagBag from /home/airflow/.local/lib/python3.8/site-packages/airflow/example_dags/example_sla_dag.py
[2023-08-24T04:06:59.394+0000] {processor.py:839} INFO - DAG(s) dict_keys(['example_sla_dag']) retrieved from /home/airflow/.local/lib/python3.8/site-packages/airflow/example_dags/example_sla_dag.py
[2023-08-24T04:06:59.412+0000] {logging_mixin.py:151} INFO - [2023-08-24T04:06:59.411+0000] {dag.py:2907} INFO - Sync 1 DAGs
[2023-08-24T04:06:59.426+0000] {logging_mixin.py:151} INFO - [2023-08-24T04:06:59.426+0000] {dag.py:3677} INFO - Setting next_dagrun for example_sla_dag to 2023-08-24T04:04:00+00:00, run_after=2023-08-24T04:06:00+00:00
[2023-08-24T04:06:59.436+0000] {processor.py:179} INFO - Processing /home/airflow/.local/lib/python3.8/site-packages/airflow/example_dags/example_sla_dag.py took 0.054 seconds
[2023-08-24T04:07:29.993+0000] {processor.py:157} INFO - Started process (PID=1012) to work on /home/airflow/.local/lib/python3.8/site-packages/airflow/example_dags/example_sla_dag.py
[2023-08-24T04:07:29.994+0000] {processor.py:829} INFO - Processing file /home/airflow/.local/lib/python3.8/site-packages/airflow/example_dags/example_sla_dag.py for tasks to queue
[2023-08-24T04:07:29.997+0000] {logging_mixin.py:151} INFO - [2023-08-24T04:07:29.996+0000] {dagbag.py:539} INFO - Filling up the DagBag from /home/airflow/.local/lib/python3.8/site-packages/airflow/example_dags/example_sla_dag.py
[2023-08-24T04:07:30.003+0000] {processor.py:839} INFO - DAG(s) dict_keys(['example_sla_dag']) retrieved from /home/airflow/.local/lib/python3.8/site-packages/airflow/example_dags/example_sla_dag.py
[2023-08-24T04:07:30.019+0000] {logging_mixin.py:151} INFO - [2023-08-24T04:07:30.019+0000] {dag.py:2907} INFO - Sync 1 DAGs
[2023-08-24T04:07:30.034+0000] {logging_mixin.py:151} INFO - [2023-08-24T04:07:30.034+0000] {dag.py:3677} INFO - Setting next_dagrun for example_sla_dag to 2023-08-24T04:04:00+00:00, run_after=2023-08-24T04:06:00+00:00
[2023-08-24T04:07:30.045+0000] {processor.py:179} INFO - Processing /home/airflow/.local/lib/python3.8/site-packages/airflow/example_dags/example_sla_dag.py took 0.055 seconds
[2023-08-24T04:08:00.757+0000] {processor.py:157} INFO - Started process (PID=1075) to work on /home/airflow/.local/lib/python3.8/site-packages/airflow/example_dags/example_sla_dag.py
[2023-08-24T04:08:00.758+0000] {processor.py:829} INFO - Processing file /home/airflow/.local/lib/python3.8/site-packages/airflow/example_dags/example_sla_dag.py for tasks to queue
[2023-08-24T04:08:00.760+0000] {logging_mixin.py:151} INFO - [2023-08-24T04:08:00.760+0000] {dagbag.py:539} INFO - Filling up the DagBag from /home/airflow/.local/lib/python3.8/site-packages/airflow/example_dags/example_sla_dag.py
[2023-08-24T04:08:00.767+0000] {processor.py:839} INFO - DAG(s) dict_keys(['example_sla_dag']) retrieved from /home/airflow/.local/lib/python3.8/site-packages/airflow/example_dags/example_sla_dag.py
[2023-08-24T04:08:00.784+0000] {logging_mixin.py:151} INFO - [2023-08-24T04:08:00.784+0000] {dag.py:2907} INFO - Sync 1 DAGs
[2023-08-24T04:08:00.800+0000] {logging_mixin.py:151} INFO - [2023-08-24T04:08:00.800+0000] {dag.py:3677} INFO - Setting next_dagrun for example_sla_dag to 2023-08-24T04:06:00+00:00, run_after=2023-08-24T04:08:00+00:00
[2023-08-24T04:08:00.812+0000] {processor.py:179} INFO - Processing /home/airflow/.local/lib/python3.8/site-packages/airflow/example_dags/example_sla_dag.py took 0.058 seconds
[2023-08-24T04:08:31.472+0000] {processor.py:157} INFO - Started process (PID=1138) to work on /home/airflow/.local/lib/python3.8/site-packages/airflow/example_dags/example_sla_dag.py
[2023-08-24T04:08:31.473+0000] {processor.py:829} INFO - Processing file /home/airflow/.local/lib/python3.8/site-packages/airflow/example_dags/example_sla_dag.py for tasks to queue
[2023-08-24T04:08:31.475+0000] {logging_mixin.py:151} INFO - [2023-08-24T04:08:31.475+0000] {dagbag.py:539} INFO - Filling up the DagBag from /home/airflow/.local/lib/python3.8/site-packages/airflow/example_dags/example_sla_dag.py
[2023-08-24T04:08:31.483+0000] {processor.py:839} INFO - DAG(s) dict_keys(['example_sla_dag']) retrieved from /home/airflow/.local/lib/python3.8/site-packages/airflow/example_dags/example_sla_dag.py
[2023-08-24T04:08:31.499+0000] {logging_mixin.py:151} INFO - [2023-08-24T04:08:31.499+0000] {dag.py:2907} INFO - Sync 1 DAGs
[2023-08-24T04:08:31.513+0000] {logging_mixin.py:151} INFO - [2023-08-24T04:08:31.513+0000] {dag.py:3677} INFO - Setting next_dagrun for example_sla_dag to 2023-08-24T04:06:00+00:00, run_after=2023-08-24T04:08:00+00:00
[2023-08-24T04:08:31.523+0000] {processor.py:179} INFO - Processing /home/airflow/.local/lib/python3.8/site-packages/airflow/example_dags/example_sla_dag.py took 0.054 seconds
[2023-08-24T04:09:02.270+0000] {processor.py:157} INFO - Started process (PID=1201) to work on /home/airflow/.local/lib/python3.8/site-packages/airflow/example_dags/example_sla_dag.py
[2023-08-24T04:09:02.272+0000] {processor.py:829} INFO - Processing file /home/airflow/.local/lib/python3.8/site-packages/airflow/example_dags/example_sla_dag.py for tasks to queue
[2023-08-24T04:09:02.274+0000] {logging_mixin.py:151} INFO - [2023-08-24T04:09:02.274+0000] {dagbag.py:539} INFO - Filling up the DagBag from /home/airflow/.local/lib/python3.8/site-packages/airflow/example_dags/example_sla_dag.py
[2023-08-24T04:09:02.281+0000] {processor.py:839} INFO - DAG(s) dict_keys(['example_sla_dag']) retrieved from /home/airflow/.local/lib/python3.8/site-packages/airflow/example_dags/example_sla_dag.py
[2023-08-24T04:09:02.297+0000] {logging_mixin.py:151} INFO - [2023-08-24T04:09:02.297+0000] {dag.py:2907} INFO - Sync 1 DAGs
[2023-08-24T04:09:02.311+0000] {logging_mixin.py:151} INFO - [2023-08-24T04:09:02.311+0000] {dag.py:3677} INFO - Setting next_dagrun for example_sla_dag to 2023-08-24T04:06:00+00:00, run_after=2023-08-24T04:08:00+00:00
[2023-08-24T04:09:02.321+0000] {processor.py:179} INFO - Processing /home/airflow/.local/lib/python3.8/site-packages/airflow/example_dags/example_sla_dag.py took 0.053 seconds
[2023-08-24T04:09:32.908+0000] {processor.py:157} INFO - Started process (PID=1264) to work on /home/airflow/.local/lib/python3.8/site-packages/airflow/example_dags/example_sla_dag.py
[2023-08-24T04:09:32.909+0000] {processor.py:829} INFO - Processing file /home/airflow/.local/lib/python3.8/site-packages/airflow/example_dags/example_sla_dag.py for tasks to queue
[2023-08-24T04:09:32.911+0000] {logging_mixin.py:151} INFO - [2023-08-24T04:09:32.910+0000] {dagbag.py:539} INFO - Filling up the DagBag from /home/airflow/.local/lib/python3.8/site-packages/airflow/example_dags/example_sla_dag.py
[2023-08-24T04:09:32.918+0000] {processor.py:839} INFO - DAG(s) dict_keys(['example_sla_dag']) retrieved from /home/airflow/.local/lib/python3.8/site-packages/airflow/example_dags/example_sla_dag.py
[2023-08-24T04:09:32.934+0000] {logging_mixin.py:151} INFO - [2023-08-24T04:09:32.934+0000] {dag.py:2907} INFO - Sync 1 DAGs
[2023-08-24T04:09:32.949+0000] {logging_mixin.py:151} INFO - [2023-08-24T04:09:32.949+0000] {dag.py:3677} INFO - Setting next_dagrun for example_sla_dag to 2023-08-24T04:06:00+00:00, run_after=2023-08-24T04:08:00+00:00
[2023-08-24T04:09:32.959+0000] {processor.py:179} INFO - Processing /home/airflow/.local/lib/python3.8/site-packages/airflow/example_dags/example_sla_dag.py took 0.055 seconds
[2023-08-24T04:10:03.656+0000] {processor.py:157} INFO - Started process (PID=1327) to work on /home/airflow/.local/lib/python3.8/site-packages/airflow/example_dags/example_sla_dag.py
[2023-08-24T04:10:03.657+0000] {processor.py:829} INFO - Processing file /home/airflow/.local/lib/python3.8/site-packages/airflow/example_dags/example_sla_dag.py for tasks to queue
[2023-08-24T04:10:03.659+0000] {logging_mixin.py:151} INFO - [2023-08-24T04:10:03.659+0000] {dagbag.py:539} INFO - Filling up the DagBag from /home/airflow/.local/lib/python3.8/site-packages/airflow/example_dags/example_sla_dag.py
[2023-08-24T04:10:03.667+0000] {processor.py:839} INFO - DAG(s) dict_keys(['example_sla_dag']) retrieved from /home/airflow/.local/lib/python3.8/site-packages/airflow/example_dags/example_sla_dag.py
[2023-08-24T04:10:03.684+0000] {logging_mixin.py:151} INFO - [2023-08-24T04:10:03.684+0000] {dag.py:2907} INFO - Sync 1 DAGs
[2023-08-24T04:10:03.698+0000] {logging_mixin.py:151} INFO - [2023-08-24T04:10:03.698+0000] {dag.py:3677} INFO - Setting next_dagrun for example_sla_dag to 2023-08-24T04:08:00+00:00, run_after=2023-08-24T04:10:00+00:00
[2023-08-24T04:10:03.709+0000] {processor.py:179} INFO - Processing /home/airflow/.local/lib/python3.8/site-packages/airflow/example_dags/example_sla_dag.py took 0.056 seconds
[2023-08-24T04:10:34.392+0000] {processor.py:157} INFO - Started process (PID=1390) to work on /home/airflow/.local/lib/python3.8/site-packages/airflow/example_dags/example_sla_dag.py
[2023-08-24T04:10:34.393+0000] {processor.py:829} INFO - Processing file /home/airflow/.local/lib/python3.8/site-packages/airflow/example_dags/example_sla_dag.py for tasks to queue
[2023-08-24T04:10:34.395+0000] {logging_mixin.py:151} INFO - [2023-08-24T04:10:34.395+0000] {dagbag.py:539} INFO - Filling up the DagBag from /home/airflow/.local/lib/python3.8/site-packages/airflow/example_dags/example_sla_dag.py
[2023-08-24T04:10:34.402+0000] {processor.py:839} INFO - DAG(s) dict_keys(['example_sla_dag']) retrieved from /home/airflow/.local/lib/python3.8/site-packages/airflow/example_dags/example_sla_dag.py
[2023-08-24T04:10:34.421+0000] {logging_mixin.py:151} INFO - [2023-08-24T04:10:34.421+0000] {dag.py:2907} INFO - Sync 1 DAGs
[2023-08-24T04:10:34.437+0000] {logging_mixin.py:151} INFO - [2023-08-24T04:10:34.437+0000] {dag.py:3677} INFO - Setting next_dagrun for example_sla_dag to 2023-08-24T04:08:00+00:00, run_after=2023-08-24T04:10:00+00:00
[2023-08-24T04:10:34.448+0000] {processor.py:179} INFO - Processing /home/airflow/.local/lib/python3.8/site-packages/airflow/example_dags/example_sla_dag.py took 0.059 seconds
[2023-08-24T04:11:05.116+0000] {processor.py:157} INFO - Started process (PID=1453) to work on /home/airflow/.local/lib/python3.8/site-packages/airflow/example_dags/example_sla_dag.py
[2023-08-24T04:11:05.117+0000] {processor.py:829} INFO - Processing file /home/airflow/.local/lib/python3.8/site-packages/airflow/example_dags/example_sla_dag.py for tasks to queue
[2023-08-24T04:11:05.119+0000] {logging_mixin.py:151} INFO - [2023-08-24T04:11:05.119+0000] {dagbag.py:539} INFO - Filling up the DagBag from /home/airflow/.local/lib/python3.8/site-packages/airflow/example_dags/example_sla_dag.py
[2023-08-24T04:11:05.126+0000] {processor.py:839} INFO - DAG(s) dict_keys(['example_sla_dag']) retrieved from /home/airflow/.local/lib/python3.8/site-packages/airflow/example_dags/example_sla_dag.py
[2023-08-24T04:11:05.141+0000] {logging_mixin.py:151} INFO - [2023-08-24T04:11:05.141+0000] {dag.py:2907} INFO - Sync 1 DAGs
[2023-08-24T04:11:05.154+0000] {logging_mixin.py:151} INFO - [2023-08-24T04:11:05.154+0000] {dag.py:3677} INFO - Setting next_dagrun for example_sla_dag to 2023-08-24T04:08:00+00:00, run_after=2023-08-24T04:10:00+00:00
[2023-08-24T04:11:05.163+0000] {processor.py:179} INFO - Processing /home/airflow/.local/lib/python3.8/site-packages/airflow/example_dags/example_sla_dag.py took 0.050 seconds
[2023-08-24T04:11:35.938+0000] {processor.py:157} INFO - Started process (PID=1516) to work on /home/airflow/.local/lib/python3.8/site-packages/airflow/example_dags/example_sla_dag.py
[2023-08-24T04:11:35.939+0000] {processor.py:829} INFO - Processing file /home/airflow/.local/lib/python3.8/site-packages/airflow/example_dags/example_sla_dag.py for tasks to queue
[2023-08-24T04:11:35.941+0000] {logging_mixin.py:151} INFO - [2023-08-24T04:11:35.940+0000] {dagbag.py:539} INFO - Filling up the DagBag from /home/airflow/.local/lib/python3.8/site-packages/airflow/example_dags/example_sla_dag.py
[2023-08-24T04:11:35.947+0000] {processor.py:839} INFO - DAG(s) dict_keys(['example_sla_dag']) retrieved from /home/airflow/.local/lib/python3.8/site-packages/airflow/example_dags/example_sla_dag.py
[2023-08-24T04:11:35.964+0000] {logging_mixin.py:151} INFO - [2023-08-24T04:11:35.964+0000] {dag.py:2907} INFO - Sync 1 DAGs
[2023-08-24T04:11:35.980+0000] {logging_mixin.py:151} INFO - [2023-08-24T04:11:35.980+0000] {dag.py:3677} INFO - Setting next_dagrun for example_sla_dag to 2023-08-24T04:08:00+00:00, run_after=2023-08-24T04:10:00+00:00
[2023-08-24T04:11:35.989+0000] {processor.py:179} INFO - Processing /home/airflow/.local/lib/python3.8/site-packages/airflow/example_dags/example_sla_dag.py took 0.055 seconds
[2023-08-24T04:12:06.668+0000] {processor.py:157} INFO - Started process (PID=1579) to work on /home/airflow/.local/lib/python3.8/site-packages/airflow/example_dags/example_sla_dag.py
[2023-08-24T04:12:06.669+0000] {processor.py:829} INFO - Processing file /home/airflow/.local/lib/python3.8/site-packages/airflow/example_dags/example_sla_dag.py for tasks to queue
[2023-08-24T04:12:06.672+0000] {logging_mixin.py:151} INFO - [2023-08-24T04:12:06.671+0000] {dagbag.py:539} INFO - Filling up the DagBag from /home/airflow/.local/lib/python3.8/site-packages/airflow/example_dags/example_sla_dag.py
[2023-08-24T04:12:06.678+0000] {processor.py:839} INFO - DAG(s) dict_keys(['example_sla_dag']) retrieved from /home/airflow/.local/lib/python3.8/site-packages/airflow/example_dags/example_sla_dag.py
[2023-08-24T04:12:06.694+0000] {logging_mixin.py:151} INFO - [2023-08-24T04:12:06.694+0000] {dag.py:2907} INFO - Sync 1 DAGs
[2023-08-24T04:12:06.708+0000] {logging_mixin.py:151} INFO - [2023-08-24T04:12:06.708+0000] {dag.py:3677} INFO - Setting next_dagrun for example_sla_dag to 2023-08-24T04:10:00+00:00, run_after=2023-08-24T04:12:00+00:00
[2023-08-24T04:12:06.718+0000] {processor.py:179} INFO - Processing /home/airflow/.local/lib/python3.8/site-packages/airflow/example_dags/example_sla_dag.py took 0.053 seconds
[2023-08-24T04:12:37.310+0000] {processor.py:157} INFO - Started process (PID=1642) to work on /home/airflow/.local/lib/python3.8/site-packages/airflow/example_dags/example_sla_dag.py
[2023-08-24T04:12:37.311+0000] {processor.py:829} INFO - Processing file /home/airflow/.local/lib/python3.8/site-packages/airflow/example_dags/example_sla_dag.py for tasks to queue
[2023-08-24T04:12:37.314+0000] {logging_mixin.py:151} INFO - [2023-08-24T04:12:37.314+0000] {dagbag.py:539} INFO - Filling up the DagBag from /home/airflow/.local/lib/python3.8/site-packages/airflow/example_dags/example_sla_dag.py
[2023-08-24T04:12:37.320+0000] {processor.py:839} INFO - DAG(s) dict_keys(['example_sla_dag']) retrieved from /home/airflow/.local/lib/python3.8/site-packages/airflow/example_dags/example_sla_dag.py
[2023-08-24T04:12:37.337+0000] {logging_mixin.py:151} INFO - [2023-08-24T04:12:37.336+0000] {dag.py:2907} INFO - Sync 1 DAGs
[2023-08-24T04:12:37.350+0000] {logging_mixin.py:151} INFO - [2023-08-24T04:12:37.350+0000] {dag.py:3677} INFO - Setting next_dagrun for example_sla_dag to 2023-08-24T04:10:00+00:00, run_after=2023-08-24T04:12:00+00:00
[2023-08-24T04:12:37.361+0000] {processor.py:179} INFO - Processing /home/airflow/.local/lib/python3.8/site-packages/airflow/example_dags/example_sla_dag.py took 0.053 seconds
[2023-08-24T04:13:08.157+0000] {processor.py:157} INFO - Started process (PID=1705) to work on /home/airflow/.local/lib/python3.8/site-packages/airflow/example_dags/example_sla_dag.py
[2023-08-24T04:13:08.158+0000] {processor.py:829} INFO - Processing file /home/airflow/.local/lib/python3.8/site-packages/airflow/example_dags/example_sla_dag.py for tasks to queue
[2023-08-24T04:13:08.160+0000] {logging_mixin.py:151} INFO - [2023-08-24T04:13:08.159+0000] {dagbag.py:539} INFO - Filling up the DagBag from /home/airflow/.local/lib/python3.8/site-packages/airflow/example_dags/example_sla_dag.py
[2023-08-24T04:13:08.167+0000] {processor.py:839} INFO - DAG(s) dict_keys(['example_sla_dag']) retrieved from /home/airflow/.local/lib/python3.8/site-packages/airflow/example_dags/example_sla_dag.py
[2023-08-24T04:13:08.183+0000] {logging_mixin.py:151} INFO - [2023-08-24T04:13:08.183+0000] {dag.py:2907} INFO - Sync 1 DAGs
[2023-08-24T04:13:08.197+0000] {logging_mixin.py:151} INFO - [2023-08-24T04:13:08.197+0000] {dag.py:3677} INFO - Setting next_dagrun for example_sla_dag to 2023-08-24T04:10:00+00:00, run_after=2023-08-24T04:12:00+00:00
[2023-08-24T04:13:08.207+0000] {processor.py:179} INFO - Processing /home/airflow/.local/lib/python3.8/site-packages/airflow/example_dags/example_sla_dag.py took 0.053 seconds
[2023-08-24T04:13:38.771+0000] {processor.py:157} INFO - Started process (PID=1768) to work on /home/airflow/.local/lib/python3.8/site-packages/airflow/example_dags/example_sla_dag.py
[2023-08-24T04:13:38.772+0000] {processor.py:829} INFO - Processing file /home/airflow/.local/lib/python3.8/site-packages/airflow/example_dags/example_sla_dag.py for tasks to queue
[2023-08-24T04:13:38.775+0000] {logging_mixin.py:151} INFO - [2023-08-24T04:13:38.774+0000] {dagbag.py:539} INFO - Filling up the DagBag from /home/airflow/.local/lib/python3.8/site-packages/airflow/example_dags/example_sla_dag.py
[2023-08-24T04:13:38.781+0000] {processor.py:839} INFO - DAG(s) dict_keys(['example_sla_dag']) retrieved from /home/airflow/.local/lib/python3.8/site-packages/airflow/example_dags/example_sla_dag.py
[2023-08-24T04:13:38.798+0000] {logging_mixin.py:151} INFO - [2023-08-24T04:13:38.798+0000] {dag.py:2907} INFO - Sync 1 DAGs
[2023-08-24T04:13:38.812+0000] {logging_mixin.py:151} INFO - [2023-08-24T04:13:38.812+0000] {dag.py:3677} INFO - Setting next_dagrun for example_sla_dag to 2023-08-24T04:10:00+00:00, run_after=2023-08-24T04:12:00+00:00
[2023-08-24T04:13:38.822+0000] {processor.py:179} INFO - Processing /home/airflow/.local/lib/python3.8/site-packages/airflow/example_dags/example_sla_dag.py took 0.054 seconds
[2023-08-24T04:14:09.754+0000] {processor.py:157} INFO - Started process (PID=1831) to work on /home/airflow/.local/lib/python3.8/site-packages/airflow/example_dags/example_sla_dag.py
[2023-08-24T04:14:09.756+0000] {processor.py:829} INFO - Processing file /home/airflow/.local/lib/python3.8/site-packages/airflow/example_dags/example_sla_dag.py for tasks to queue
[2023-08-24T04:14:09.758+0000] {logging_mixin.py:151} INFO - [2023-08-24T04:14:09.758+0000] {dagbag.py:539} INFO - Filling up the DagBag from /home/airflow/.local/lib/python3.8/site-packages/airflow/example_dags/example_sla_dag.py
[2023-08-24T04:14:09.764+0000] {processor.py:839} INFO - DAG(s) dict_keys(['example_sla_dag']) retrieved from /home/airflow/.local/lib/python3.8/site-packages/airflow/example_dags/example_sla_dag.py
[2023-08-24T04:14:09.782+0000] {logging_mixin.py:151} INFO - [2023-08-24T04:14:09.782+0000] {dag.py:2907} INFO - Sync 1 DAGs
[2023-08-24T04:14:09.797+0000] {logging_mixin.py:151} INFO - [2023-08-24T04:14:09.797+0000] {dag.py:3677} INFO - Setting next_dagrun for example_sla_dag to 2023-08-24T04:12:00+00:00, run_after=2023-08-24T04:14:00+00:00
[2023-08-24T04:14:09.808+0000] {processor.py:179} INFO - Processing /home/airflow/.local/lib/python3.8/site-packages/airflow/example_dags/example_sla_dag.py took 0.058 seconds
[2023-08-24T04:14:40.773+0000] {processor.py:157} INFO - Started process (PID=1894) to work on /home/airflow/.local/lib/python3.8/site-packages/airflow/example_dags/example_sla_dag.py
[2023-08-24T04:14:40.774+0000] {processor.py:829} INFO - Processing file /home/airflow/.local/lib/python3.8/site-packages/airflow/example_dags/example_sla_dag.py for tasks to queue
[2023-08-24T04:14:40.776+0000] {logging_mixin.py:151} INFO - [2023-08-24T04:14:40.776+0000] {dagbag.py:539} INFO - Filling up the DagBag from /home/airflow/.local/lib/python3.8/site-packages/airflow/example_dags/example_sla_dag.py
[2023-08-24T04:14:40.782+0000] {processor.py:839} INFO - DAG(s) dict_keys(['example_sla_dag']) retrieved from /home/airflow/.local/lib/python3.8/site-packages/airflow/example_dags/example_sla_dag.py
[2023-08-24T04:14:40.804+0000] {logging_mixin.py:151} INFO - [2023-08-24T04:14:40.804+0000] {dag.py:2907} INFO - Sync 1 DAGs
[2023-08-24T04:14:40.819+0000] {logging_mixin.py:151} INFO - [2023-08-24T04:14:40.819+0000] {dag.py:3677} INFO - Setting next_dagrun for example_sla_dag to 2023-08-24T04:12:00+00:00, run_after=2023-08-24T04:14:00+00:00
[2023-08-24T04:14:40.830+0000] {processor.py:179} INFO - Processing /home/airflow/.local/lib/python3.8/site-packages/airflow/example_dags/example_sla_dag.py took 0.061 seconds
[2023-08-24T04:15:11.603+0000] {processor.py:157} INFO - Started process (PID=1957) to work on /home/airflow/.local/lib/python3.8/site-packages/airflow/example_dags/example_sla_dag.py
[2023-08-24T04:15:11.604+0000] {processor.py:829} INFO - Processing file /home/airflow/.local/lib/python3.8/site-packages/airflow/example_dags/example_sla_dag.py for tasks to queue
[2023-08-24T04:15:11.606+0000] {logging_mixin.py:151} INFO - [2023-08-24T04:15:11.606+0000] {dagbag.py:539} INFO - Filling up the DagBag from /home/airflow/.local/lib/python3.8/site-packages/airflow/example_dags/example_sla_dag.py
[2023-08-24T04:15:11.612+0000] {processor.py:839} INFO - DAG(s) dict_keys(['example_sla_dag']) retrieved from /home/airflow/.local/lib/python3.8/site-packages/airflow/example_dags/example_sla_dag.py
[2023-08-24T04:15:11.629+0000] {logging_mixin.py:151} INFO - [2023-08-24T04:15:11.629+0000] {dag.py:2907} INFO - Sync 1 DAGs
[2023-08-24T04:15:11.645+0000] {logging_mixin.py:151} INFO - [2023-08-24T04:15:11.644+0000] {dag.py:3677} INFO - Setting next_dagrun for example_sla_dag to 2023-08-24T04:12:00+00:00, run_after=2023-08-24T04:14:00+00:00
[2023-08-24T04:15:11.655+0000] {processor.py:179} INFO - Processing /home/airflow/.local/lib/python3.8/site-packages/airflow/example_dags/example_sla_dag.py took 0.055 seconds
[2023-08-24T04:15:42.514+0000] {processor.py:157} INFO - Started process (PID=2026) to work on /home/airflow/.local/lib/python3.8/site-packages/airflow/example_dags/example_sla_dag.py
[2023-08-24T04:15:42.515+0000] {processor.py:829} INFO - Processing file /home/airflow/.local/lib/python3.8/site-packages/airflow/example_dags/example_sla_dag.py for tasks to queue
[2023-08-24T04:15:42.517+0000] {logging_mixin.py:151} INFO - [2023-08-24T04:15:42.517+0000] {dagbag.py:539} INFO - Filling up the DagBag from /home/airflow/.local/lib/python3.8/site-packages/airflow/example_dags/example_sla_dag.py
[2023-08-24T04:15:42.524+0000] {processor.py:839} INFO - DAG(s) dict_keys(['example_sla_dag']) retrieved from /home/airflow/.local/lib/python3.8/site-packages/airflow/example_dags/example_sla_dag.py
[2023-08-24T04:15:42.541+0000] {logging_mixin.py:151} INFO - [2023-08-24T04:15:42.541+0000] {dag.py:2907} INFO - Sync 1 DAGs
[2023-08-24T04:15:42.556+0000] {logging_mixin.py:151} INFO - [2023-08-24T04:15:42.555+0000] {dag.py:3677} INFO - Setting next_dagrun for example_sla_dag to 2023-08-24T04:12:00+00:00, run_after=2023-08-24T04:14:00+00:00
[2023-08-24T04:15:42.566+0000] {processor.py:179} INFO - Processing /home/airflow/.local/lib/python3.8/site-packages/airflow/example_dags/example_sla_dag.py took 0.055 seconds
[2023-08-24T04:16:13.214+0000] {processor.py:157} INFO - Started process (PID=2089) to work on /home/airflow/.local/lib/python3.8/site-packages/airflow/example_dags/example_sla_dag.py
[2023-08-24T04:16:13.215+0000] {processor.py:829} INFO - Processing file /home/airflow/.local/lib/python3.8/site-packages/airflow/example_dags/example_sla_dag.py for tasks to queue
[2023-08-24T04:16:13.216+0000] {logging_mixin.py:151} INFO - [2023-08-24T04:16:13.216+0000] {dagbag.py:539} INFO - Filling up the DagBag from /home/airflow/.local/lib/python3.8/site-packages/airflow/example_dags/example_sla_dag.py
[2023-08-24T04:16:13.223+0000] {processor.py:839} INFO - DAG(s) dict_keys(['example_sla_dag']) retrieved from /home/airflow/.local/lib/python3.8/site-packages/airflow/example_dags/example_sla_dag.py
[2023-08-24T04:16:13.239+0000] {logging_mixin.py:151} INFO - [2023-08-24T04:16:13.239+0000] {dag.py:2907} INFO - Sync 1 DAGs
[2023-08-24T04:16:13.254+0000] {logging_mixin.py:151} INFO - [2023-08-24T04:16:13.254+0000] {dag.py:3677} INFO - Setting next_dagrun for example_sla_dag to 2023-08-24T04:14:00+00:00, run_after=2023-08-24T04:16:00+00:00
[2023-08-24T04:16:13.267+0000] {processor.py:179} INFO - Processing /home/airflow/.local/lib/python3.8/site-packages/airflow/example_dags/example_sla_dag.py took 0.056 seconds
[2023-08-24T04:16:43.990+0000] {processor.py:157} INFO - Started process (PID=2152) to work on /home/airflow/.local/lib/python3.8/site-packages/airflow/example_dags/example_sla_dag.py
[2023-08-24T04:16:43.991+0000] {processor.py:829} INFO - Processing file /home/airflow/.local/lib/python3.8/site-packages/airflow/example_dags/example_sla_dag.py for tasks to queue
[2023-08-24T04:16:43.993+0000] {logging_mixin.py:151} INFO - [2023-08-24T04:16:43.993+0000] {dagbag.py:539} INFO - Filling up the DagBag from /home/airflow/.local/lib/python3.8/site-packages/airflow/example_dags/example_sla_dag.py
[2023-08-24T04:16:44.000+0000] {processor.py:839} INFO - DAG(s) dict_keys(['example_sla_dag']) retrieved from /home/airflow/.local/lib/python3.8/site-packages/airflow/example_dags/example_sla_dag.py
[2023-08-24T04:16:44.016+0000] {logging_mixin.py:151} INFO - [2023-08-24T04:16:44.016+0000] {dag.py:2907} INFO - Sync 1 DAGs
[2023-08-24T04:16:44.031+0000] {logging_mixin.py:151} INFO - [2023-08-24T04:16:44.031+0000] {dag.py:3677} INFO - Setting next_dagrun for example_sla_dag to 2023-08-24T04:14:00+00:00, run_after=2023-08-24T04:16:00+00:00
[2023-08-24T04:16:44.041+0000] {processor.py:179} INFO - Processing /home/airflow/.local/lib/python3.8/site-packages/airflow/example_dags/example_sla_dag.py took 0.054 seconds
[2023-08-24T04:17:14.925+0000] {processor.py:157} INFO - Started process (PID=2215) to work on /home/airflow/.local/lib/python3.8/site-packages/airflow/example_dags/example_sla_dag.py
[2023-08-24T04:17:14.926+0000] {processor.py:829} INFO - Processing file /home/airflow/.local/lib/python3.8/site-packages/airflow/example_dags/example_sla_dag.py for tasks to queue
[2023-08-24T04:17:14.929+0000] {logging_mixin.py:151} INFO - [2023-08-24T04:17:14.928+0000] {dagbag.py:539} INFO - Filling up the DagBag from /home/airflow/.local/lib/python3.8/site-packages/airflow/example_dags/example_sla_dag.py
[2023-08-24T04:17:14.936+0000] {processor.py:839} INFO - DAG(s) dict_keys(['example_sla_dag']) retrieved from /home/airflow/.local/lib/python3.8/site-packages/airflow/example_dags/example_sla_dag.py
[2023-08-24T04:17:14.954+0000] {logging_mixin.py:151} INFO - [2023-08-24T04:17:14.954+0000] {dag.py:2907} INFO - Sync 1 DAGs
[2023-08-24T04:17:14.970+0000] {logging_mixin.py:151} INFO - [2023-08-24T04:17:14.969+0000] {dag.py:3677} INFO - Setting next_dagrun for example_sla_dag to 2023-08-24T04:14:00+00:00, run_after=2023-08-24T04:16:00+00:00
[2023-08-24T04:17:14.981+0000] {processor.py:179} INFO - Processing /home/airflow/.local/lib/python3.8/site-packages/airflow/example_dags/example_sla_dag.py took 0.059 seconds
[2023-08-24T04:17:45.107+0000] {processor.py:157} INFO - Started process (PID=2282) to work on /home/airflow/.local/lib/python3.8/site-packages/airflow/example_dags/example_sla_dag.py
[2023-08-24T04:17:45.108+0000] {processor.py:829} INFO - Processing file /home/airflow/.local/lib/python3.8/site-packages/airflow/example_dags/example_sla_dag.py for tasks to queue
[2023-08-24T04:17:45.110+0000] {logging_mixin.py:151} INFO - [2023-08-24T04:17:45.110+0000] {dagbag.py:539} INFO - Filling up the DagBag from /home/airflow/.local/lib/python3.8/site-packages/airflow/example_dags/example_sla_dag.py
[2023-08-24T04:17:45.117+0000] {processor.py:839} INFO - DAG(s) dict_keys(['example_sla_dag']) retrieved from /home/airflow/.local/lib/python3.8/site-packages/airflow/example_dags/example_sla_dag.py
[2023-08-24T04:17:45.134+0000] {logging_mixin.py:151} INFO - [2023-08-24T04:17:45.134+0000] {dag.py:2907} INFO - Sync 1 DAGs
[2023-08-24T04:17:45.149+0000] {logging_mixin.py:151} INFO - [2023-08-24T04:17:45.149+0000] {dag.py:3677} INFO - Setting next_dagrun for example_sla_dag to 2023-08-24T04:14:00+00:00, run_after=2023-08-24T04:16:00+00:00
[2023-08-24T04:17:45.161+0000] {processor.py:179} INFO - Processing /home/airflow/.local/lib/python3.8/site-packages/airflow/example_dags/example_sla_dag.py took 0.057 seconds
[2023-08-24T04:18:15.863+0000] {processor.py:157} INFO - Started process (PID=2344) to work on /home/airflow/.local/lib/python3.8/site-packages/airflow/example_dags/example_sla_dag.py
[2023-08-24T04:18:15.864+0000] {processor.py:829} INFO - Processing file /home/airflow/.local/lib/python3.8/site-packages/airflow/example_dags/example_sla_dag.py for tasks to queue
[2023-08-24T04:18:15.865+0000] {logging_mixin.py:151} INFO - [2023-08-24T04:18:15.865+0000] {dagbag.py:539} INFO - Filling up the DagBag from /home/airflow/.local/lib/python3.8/site-packages/airflow/example_dags/example_sla_dag.py
[2023-08-24T04:18:15.872+0000] {processor.py:839} INFO - DAG(s) dict_keys(['example_sla_dag']) retrieved from /home/airflow/.local/lib/python3.8/site-packages/airflow/example_dags/example_sla_dag.py
[2023-08-24T04:18:15.887+0000] {logging_mixin.py:151} INFO - [2023-08-24T04:18:15.887+0000] {dag.py:2907} INFO - Sync 1 DAGs
[2023-08-24T04:18:15.904+0000] {logging_mixin.py:151} INFO - [2023-08-24T04:18:15.903+0000] {dag.py:3677} INFO - Setting next_dagrun for example_sla_dag to 2023-08-24T04:16:00+00:00, run_after=2023-08-24T04:18:00+00:00
[2023-08-24T04:18:15.914+0000] {processor.py:179} INFO - Processing /home/airflow/.local/lib/python3.8/site-packages/airflow/example_dags/example_sla_dag.py took 0.054 seconds
[2023-08-24T04:24:30.419+0000] {processor.py:157} INFO - Started process (PID=68) to work on /home/airflow/.local/lib/python3.8/site-packages/airflow/example_dags/example_sla_dag.py
[2023-08-24T04:24:30.420+0000] {processor.py:829} INFO - Processing file /home/airflow/.local/lib/python3.8/site-packages/airflow/example_dags/example_sla_dag.py for tasks to queue
[2023-08-24T04:24:30.422+0000] {logging_mixin.py:151} INFO - [2023-08-24T04:24:30.422+0000] {dagbag.py:539} INFO - Filling up the DagBag from /home/airflow/.local/lib/python3.8/site-packages/airflow/example_dags/example_sla_dag.py
[2023-08-24T04:24:30.429+0000] {processor.py:839} INFO - DAG(s) dict_keys(['example_sla_dag']) retrieved from /home/airflow/.local/lib/python3.8/site-packages/airflow/example_dags/example_sla_dag.py
[2023-08-24T04:24:30.440+0000] {logging_mixin.py:151} INFO - [2023-08-24T04:24:30.440+0000] {dag.py:2907} INFO - Sync 1 DAGs
[2023-08-24T04:24:30.455+0000] {logging_mixin.py:151} INFO - [2023-08-24T04:24:30.455+0000] {dag.py:3677} INFO - Setting next_dagrun for example_sla_dag to 2023-08-24T04:22:00+00:00, run_after=2023-08-24T04:24:00+00:00
[2023-08-24T04:24:30.464+0000] {processor.py:179} INFO - Processing /home/airflow/.local/lib/python3.8/site-packages/airflow/example_dags/example_sla_dag.py took 0.048 seconds
[2023-08-24T04:25:00.523+0000] {processor.py:157} INFO - Started process (PID=131) to work on /home/airflow/.local/lib/python3.8/site-packages/airflow/example_dags/example_sla_dag.py
[2023-08-24T04:25:00.524+0000] {processor.py:829} INFO - Processing file /home/airflow/.local/lib/python3.8/site-packages/airflow/example_dags/example_sla_dag.py for tasks to queue
[2023-08-24T04:25:00.526+0000] {logging_mixin.py:151} INFO - [2023-08-24T04:25:00.526+0000] {dagbag.py:539} INFO - Filling up the DagBag from /home/airflow/.local/lib/python3.8/site-packages/airflow/example_dags/example_sla_dag.py
[2023-08-24T04:25:00.532+0000] {processor.py:839} INFO - DAG(s) dict_keys(['example_sla_dag']) retrieved from /home/airflow/.local/lib/python3.8/site-packages/airflow/example_dags/example_sla_dag.py
[2023-08-24T04:25:00.547+0000] {logging_mixin.py:151} INFO - [2023-08-24T04:25:00.547+0000] {dag.py:2907} INFO - Sync 1 DAGs
[2023-08-24T04:25:00.561+0000] {logging_mixin.py:151} INFO - [2023-08-24T04:25:00.561+0000] {dag.py:3677} INFO - Setting next_dagrun for example_sla_dag to 2023-08-24T04:22:00+00:00, run_after=2023-08-24T04:24:00+00:00
[2023-08-24T04:25:00.571+0000] {processor.py:179} INFO - Processing /home/airflow/.local/lib/python3.8/site-packages/airflow/example_dags/example_sla_dag.py took 0.051 seconds
[2023-08-24T04:26:40.390+0000] {processor.py:157} INFO - Started process (PID=68) to work on /home/airflow/.local/lib/python3.8/site-packages/airflow/example_dags/example_sla_dag.py
[2023-08-24T04:26:40.391+0000] {processor.py:829} INFO - Processing file /home/airflow/.local/lib/python3.8/site-packages/airflow/example_dags/example_sla_dag.py for tasks to queue
[2023-08-24T04:26:40.393+0000] {logging_mixin.py:151} INFO - [2023-08-24T04:26:40.393+0000] {dagbag.py:539} INFO - Filling up the DagBag from /home/airflow/.local/lib/python3.8/site-packages/airflow/example_dags/example_sla_dag.py
[2023-08-24T04:26:40.401+0000] {processor.py:839} INFO - DAG(s) dict_keys(['example_sla_dag']) retrieved from /home/airflow/.local/lib/python3.8/site-packages/airflow/example_dags/example_sla_dag.py
[2023-08-24T04:26:40.412+0000] {logging_mixin.py:151} INFO - [2023-08-24T04:26:40.412+0000] {dag.py:2907} INFO - Sync 1 DAGs
[2023-08-24T04:26:40.429+0000] {logging_mixin.py:151} INFO - [2023-08-24T04:26:40.429+0000] {dag.py:3677} INFO - Setting next_dagrun for example_sla_dag to 2023-08-24T04:24:00+00:00, run_after=2023-08-24T04:26:00+00:00
[2023-08-24T04:26:40.441+0000] {processor.py:179} INFO - Processing /home/airflow/.local/lib/python3.8/site-packages/airflow/example_dags/example_sla_dag.py took 0.053 seconds
[2023-08-24T04:27:10.641+0000] {processor.py:157} INFO - Started process (PID=130) to work on /home/airflow/.local/lib/python3.8/site-packages/airflow/example_dags/example_sla_dag.py
[2023-08-24T04:27:10.643+0000] {processor.py:829} INFO - Processing file /home/airflow/.local/lib/python3.8/site-packages/airflow/example_dags/example_sla_dag.py for tasks to queue
[2023-08-24T04:27:10.645+0000] {logging_mixin.py:151} INFO - [2023-08-24T04:27:10.645+0000] {dagbag.py:539} INFO - Filling up the DagBag from /home/airflow/.local/lib/python3.8/site-packages/airflow/example_dags/example_sla_dag.py
[2023-08-24T04:27:10.651+0000] {processor.py:839} INFO - DAG(s) dict_keys(['example_sla_dag']) retrieved from /home/airflow/.local/lib/python3.8/site-packages/airflow/example_dags/example_sla_dag.py
[2023-08-24T04:27:10.667+0000] {logging_mixin.py:151} INFO - [2023-08-24T04:27:10.667+0000] {dag.py:2907} INFO - Sync 1 DAGs
[2023-08-24T04:27:10.681+0000] {logging_mixin.py:151} INFO - [2023-08-24T04:27:10.681+0000] {dag.py:3677} INFO - Setting next_dagrun for example_sla_dag to 2023-08-24T04:24:00+00:00, run_after=2023-08-24T04:26:00+00:00
[2023-08-24T04:27:10.691+0000] {processor.py:179} INFO - Processing /home/airflow/.local/lib/python3.8/site-packages/airflow/example_dags/example_sla_dag.py took 0.054 seconds
