[2023-08-24T03:04:54.688+0000] {processor.py:157} INFO - Started process (PID=70) to work on /home/airflow/.local/lib/python3.8/site-packages/airflow/example_dags/example_sensors.py
[2023-08-24T03:04:54.689+0000] {processor.py:829} INFO - Processing file /home/airflow/.local/lib/python3.8/site-packages/airflow/example_dags/example_sensors.py for tasks to queue
[2023-08-24T03:04:54.692+0000] {logging_mixin.py:151} INFO - [2023-08-24T03:04:54.691+0000] {dagbag.py:539} INFO - Filling up the DagBag from /home/airflow/.local/lib/python3.8/site-packages/airflow/example_dags/example_sensors.py
[2023-08-24T03:04:54.704+0000] {processor.py:839} INFO - DAG(s) dict_keys(['example_sensors']) retrieved from /home/airflow/.local/lib/python3.8/site-packages/airflow/example_dags/example_sensors.py
[2023-08-24T03:04:54.720+0000] {logging_mixin.py:151} INFO - [2023-08-24T03:04:54.720+0000] {dag.py:2907} INFO - Sync 1 DAGs
[2023-08-24T03:04:54.735+0000] {logging_mixin.py:151} INFO - [2023-08-24T03:04:54.735+0000] {dag.py:3677} INFO - Setting next_dagrun for example_sensors to None, run_after=None
[2023-08-24T03:04:54.768+0000] {processor.py:179} INFO - Processing /home/airflow/.local/lib/python3.8/site-packages/airflow/example_dags/example_sensors.py took 0.083 seconds
[2023-08-24T03:05:25.109+0000] {processor.py:157} INFO - Started process (PID=133) to work on /home/airflow/.local/lib/python3.8/site-packages/airflow/example_dags/example_sensors.py
[2023-08-24T03:05:25.111+0000] {processor.py:829} INFO - Processing file /home/airflow/.local/lib/python3.8/site-packages/airflow/example_dags/example_sensors.py for tasks to queue
[2023-08-24T03:05:25.116+0000] {logging_mixin.py:151} INFO - [2023-08-24T03:05:25.116+0000] {dagbag.py:539} INFO - Filling up the DagBag from /home/airflow/.local/lib/python3.8/site-packages/airflow/example_dags/example_sensors.py
[2023-08-24T03:05:25.125+0000] {processor.py:839} INFO - DAG(s) dict_keys(['example_sensors']) retrieved from /home/airflow/.local/lib/python3.8/site-packages/airflow/example_dags/example_sensors.py
[2023-08-24T03:05:25.153+0000] {logging_mixin.py:151} INFO - [2023-08-24T03:05:25.153+0000] {dag.py:2907} INFO - Sync 1 DAGs
[2023-08-24T03:05:25.166+0000] {logging_mixin.py:151} INFO - [2023-08-24T03:05:25.166+0000] {dag.py:3677} INFO - Setting next_dagrun for example_sensors to None, run_after=None
[2023-08-24T03:05:25.184+0000] {processor.py:179} INFO - Processing /home/airflow/.local/lib/python3.8/site-packages/airflow/example_dags/example_sensors.py took 0.079 seconds
[2023-08-24T03:05:56.061+0000] {processor.py:157} INFO - Started process (PID=196) to work on /home/airflow/.local/lib/python3.8/site-packages/airflow/example_dags/example_sensors.py
[2023-08-24T03:05:56.062+0000] {processor.py:829} INFO - Processing file /home/airflow/.local/lib/python3.8/site-packages/airflow/example_dags/example_sensors.py for tasks to queue
[2023-08-24T03:05:56.064+0000] {logging_mixin.py:151} INFO - [2023-08-24T03:05:56.064+0000] {dagbag.py:539} INFO - Filling up the DagBag from /home/airflow/.local/lib/python3.8/site-packages/airflow/example_dags/example_sensors.py
[2023-08-24T03:05:56.072+0000] {processor.py:839} INFO - DAG(s) dict_keys(['example_sensors']) retrieved from /home/airflow/.local/lib/python3.8/site-packages/airflow/example_dags/example_sensors.py
[2023-08-24T03:05:56.092+0000] {logging_mixin.py:151} INFO - [2023-08-24T03:05:56.091+0000] {dag.py:2907} INFO - Sync 1 DAGs
[2023-08-24T03:05:56.100+0000] {logging_mixin.py:151} INFO - [2023-08-24T03:05:56.099+0000] {dag.py:3677} INFO - Setting next_dagrun for example_sensors to None, run_after=None
[2023-08-24T03:05:56.110+0000] {processor.py:179} INFO - Processing /home/airflow/.local/lib/python3.8/site-packages/airflow/example_dags/example_sensors.py took 0.052 seconds
[2023-08-24T03:06:27.037+0000] {processor.py:157} INFO - Started process (PID=259) to work on /home/airflow/.local/lib/python3.8/site-packages/airflow/example_dags/example_sensors.py
[2023-08-24T03:06:27.038+0000] {processor.py:829} INFO - Processing file /home/airflow/.local/lib/python3.8/site-packages/airflow/example_dags/example_sensors.py for tasks to queue
[2023-08-24T03:06:27.040+0000] {logging_mixin.py:151} INFO - [2023-08-24T03:06:27.040+0000] {dagbag.py:539} INFO - Filling up the DagBag from /home/airflow/.local/lib/python3.8/site-packages/airflow/example_dags/example_sensors.py
[2023-08-24T03:06:27.047+0000] {processor.py:839} INFO - DAG(s) dict_keys(['example_sensors']) retrieved from /home/airflow/.local/lib/python3.8/site-packages/airflow/example_dags/example_sensors.py
[2023-08-24T03:06:27.066+0000] {logging_mixin.py:151} INFO - [2023-08-24T03:06:27.066+0000] {dag.py:2907} INFO - Sync 1 DAGs
[2023-08-24T03:06:27.074+0000] {logging_mixin.py:151} INFO - [2023-08-24T03:06:27.074+0000] {dag.py:3677} INFO - Setting next_dagrun for example_sensors to None, run_after=None
[2023-08-24T03:06:27.084+0000] {processor.py:179} INFO - Processing /home/airflow/.local/lib/python3.8/site-packages/airflow/example_dags/example_sensors.py took 0.051 seconds
[2023-08-24T03:06:57.903+0000] {processor.py:157} INFO - Started process (PID=322) to work on /home/airflow/.local/lib/python3.8/site-packages/airflow/example_dags/example_sensors.py
[2023-08-24T03:06:57.905+0000] {processor.py:829} INFO - Processing file /home/airflow/.local/lib/python3.8/site-packages/airflow/example_dags/example_sensors.py for tasks to queue
[2023-08-24T03:06:57.907+0000] {logging_mixin.py:151} INFO - [2023-08-24T03:06:57.907+0000] {dagbag.py:539} INFO - Filling up the DagBag from /home/airflow/.local/lib/python3.8/site-packages/airflow/example_dags/example_sensors.py
[2023-08-24T03:06:57.913+0000] {processor.py:839} INFO - DAG(s) dict_keys(['example_sensors']) retrieved from /home/airflow/.local/lib/python3.8/site-packages/airflow/example_dags/example_sensors.py
[2023-08-24T03:06:57.932+0000] {logging_mixin.py:151} INFO - [2023-08-24T03:06:57.932+0000] {dag.py:2907} INFO - Sync 1 DAGs
[2023-08-24T03:06:57.940+0000] {logging_mixin.py:151} INFO - [2023-08-24T03:06:57.940+0000] {dag.py:3677} INFO - Setting next_dagrun for example_sensors to None, run_after=None
[2023-08-24T03:06:57.953+0000] {processor.py:179} INFO - Processing /home/airflow/.local/lib/python3.8/site-packages/airflow/example_dags/example_sensors.py took 0.053 seconds
[2023-08-24T03:07:28.642+0000] {processor.py:157} INFO - Started process (PID=389) to work on /home/airflow/.local/lib/python3.8/site-packages/airflow/example_dags/example_sensors.py
[2023-08-24T03:07:28.643+0000] {processor.py:829} INFO - Processing file /home/airflow/.local/lib/python3.8/site-packages/airflow/example_dags/example_sensors.py for tasks to queue
[2023-08-24T03:07:28.645+0000] {logging_mixin.py:151} INFO - [2023-08-24T03:07:28.645+0000] {dagbag.py:539} INFO - Filling up the DagBag from /home/airflow/.local/lib/python3.8/site-packages/airflow/example_dags/example_sensors.py
[2023-08-24T03:07:28.652+0000] {processor.py:839} INFO - DAG(s) dict_keys(['example_sensors']) retrieved from /home/airflow/.local/lib/python3.8/site-packages/airflow/example_dags/example_sensors.py
[2023-08-24T03:07:28.670+0000] {logging_mixin.py:151} INFO - [2023-08-24T03:07:28.670+0000] {dag.py:2907} INFO - Sync 1 DAGs
[2023-08-24T03:07:28.678+0000] {logging_mixin.py:151} INFO - [2023-08-24T03:07:28.678+0000] {dag.py:3677} INFO - Setting next_dagrun for example_sensors to None, run_after=None
[2023-08-24T03:07:28.689+0000] {processor.py:179} INFO - Processing /home/airflow/.local/lib/python3.8/site-packages/airflow/example_dags/example_sensors.py took 0.050 seconds
[2023-08-24T03:07:59.331+0000] {processor.py:157} INFO - Started process (PID=452) to work on /home/airflow/.local/lib/python3.8/site-packages/airflow/example_dags/example_sensors.py
[2023-08-24T03:07:59.332+0000] {processor.py:829} INFO - Processing file /home/airflow/.local/lib/python3.8/site-packages/airflow/example_dags/example_sensors.py for tasks to queue
[2023-08-24T03:07:59.334+0000] {logging_mixin.py:151} INFO - [2023-08-24T03:07:59.334+0000] {dagbag.py:539} INFO - Filling up the DagBag from /home/airflow/.local/lib/python3.8/site-packages/airflow/example_dags/example_sensors.py
[2023-08-24T03:07:59.341+0000] {processor.py:839} INFO - DAG(s) dict_keys(['example_sensors']) retrieved from /home/airflow/.local/lib/python3.8/site-packages/airflow/example_dags/example_sensors.py
[2023-08-24T03:07:59.360+0000] {logging_mixin.py:151} INFO - [2023-08-24T03:07:59.360+0000] {dag.py:2907} INFO - Sync 1 DAGs
[2023-08-24T03:07:59.367+0000] {logging_mixin.py:151} INFO - [2023-08-24T03:07:59.367+0000] {dag.py:3677} INFO - Setting next_dagrun for example_sensors to None, run_after=None
[2023-08-24T03:07:59.378+0000] {processor.py:179} INFO - Processing /home/airflow/.local/lib/python3.8/site-packages/airflow/example_dags/example_sensors.py took 0.050 seconds
[2023-08-24T03:08:30.202+0000] {processor.py:157} INFO - Started process (PID=516) to work on /home/airflow/.local/lib/python3.8/site-packages/airflow/example_dags/example_sensors.py
[2023-08-24T03:08:30.203+0000] {processor.py:829} INFO - Processing file /home/airflow/.local/lib/python3.8/site-packages/airflow/example_dags/example_sensors.py for tasks to queue
[2023-08-24T03:08:30.205+0000] {logging_mixin.py:151} INFO - [2023-08-24T03:08:30.204+0000] {dagbag.py:539} INFO - Filling up the DagBag from /home/airflow/.local/lib/python3.8/site-packages/airflow/example_dags/example_sensors.py
[2023-08-24T03:08:30.211+0000] {processor.py:839} INFO - DAG(s) dict_keys(['example_sensors']) retrieved from /home/airflow/.local/lib/python3.8/site-packages/airflow/example_dags/example_sensors.py
[2023-08-24T03:08:30.231+0000] {logging_mixin.py:151} INFO - [2023-08-24T03:08:30.231+0000] {dag.py:2907} INFO - Sync 1 DAGs
[2023-08-24T03:08:30.239+0000] {logging_mixin.py:151} INFO - [2023-08-24T03:08:30.239+0000] {dag.py:3677} INFO - Setting next_dagrun for example_sensors to None, run_after=None
[2023-08-24T03:08:30.252+0000] {processor.py:179} INFO - Processing /home/airflow/.local/lib/python3.8/site-packages/airflow/example_dags/example_sensors.py took 0.053 seconds
[2023-08-24T03:09:01.033+0000] {processor.py:157} INFO - Started process (PID=579) to work on /home/airflow/.local/lib/python3.8/site-packages/airflow/example_dags/example_sensors.py
[2023-08-24T03:09:01.034+0000] {processor.py:829} INFO - Processing file /home/airflow/.local/lib/python3.8/site-packages/airflow/example_dags/example_sensors.py for tasks to queue
[2023-08-24T03:09:01.036+0000] {logging_mixin.py:151} INFO - [2023-08-24T03:09:01.036+0000] {dagbag.py:539} INFO - Filling up the DagBag from /home/airflow/.local/lib/python3.8/site-packages/airflow/example_dags/example_sensors.py
[2023-08-24T03:09:01.042+0000] {processor.py:839} INFO - DAG(s) dict_keys(['example_sensors']) retrieved from /home/airflow/.local/lib/python3.8/site-packages/airflow/example_dags/example_sensors.py
[2023-08-24T03:09:01.061+0000] {logging_mixin.py:151} INFO - [2023-08-24T03:09:01.060+0000] {dag.py:2907} INFO - Sync 1 DAGs
[2023-08-24T03:09:01.068+0000] {logging_mixin.py:151} INFO - [2023-08-24T03:09:01.068+0000] {dag.py:3677} INFO - Setting next_dagrun for example_sensors to None, run_after=None
[2023-08-24T03:09:01.079+0000] {processor.py:179} INFO - Processing /home/airflow/.local/lib/python3.8/site-packages/airflow/example_dags/example_sensors.py took 0.049 seconds
[2023-08-24T03:16:30.363+0000] {processor.py:157} INFO - Started process (PID=71) to work on /home/airflow/.local/lib/python3.8/site-packages/airflow/example_dags/example_sensors.py
[2023-08-24T03:16:30.365+0000] {processor.py:829} INFO - Processing file /home/airflow/.local/lib/python3.8/site-packages/airflow/example_dags/example_sensors.py for tasks to queue
[2023-08-24T03:16:30.366+0000] {logging_mixin.py:151} INFO - [2023-08-24T03:16:30.366+0000] {dagbag.py:539} INFO - Filling up the DagBag from /home/airflow/.local/lib/python3.8/site-packages/airflow/example_dags/example_sensors.py
[2023-08-24T03:16:30.374+0000] {processor.py:839} INFO - DAG(s) dict_keys(['example_sensors']) retrieved from /home/airflow/.local/lib/python3.8/site-packages/airflow/example_dags/example_sensors.py
[2023-08-24T03:16:30.385+0000] {logging_mixin.py:151} INFO - [2023-08-24T03:16:30.385+0000] {dag.py:2907} INFO - Sync 1 DAGs
[2023-08-24T03:16:30.394+0000] {logging_mixin.py:151} INFO - [2023-08-24T03:16:30.394+0000] {dag.py:3677} INFO - Setting next_dagrun for example_sensors to None, run_after=None
[2023-08-24T03:16:30.406+0000] {processor.py:179} INFO - Processing /home/airflow/.local/lib/python3.8/site-packages/airflow/example_dags/example_sensors.py took 0.045 seconds
[2023-08-24T03:17:00.507+0000] {processor.py:157} INFO - Started process (PID=134) to work on /home/airflow/.local/lib/python3.8/site-packages/airflow/example_dags/example_sensors.py
[2023-08-24T03:17:00.508+0000] {processor.py:829} INFO - Processing file /home/airflow/.local/lib/python3.8/site-packages/airflow/example_dags/example_sensors.py for tasks to queue
[2023-08-24T03:17:00.510+0000] {logging_mixin.py:151} INFO - [2023-08-24T03:17:00.510+0000] {dagbag.py:539} INFO - Filling up the DagBag from /home/airflow/.local/lib/python3.8/site-packages/airflow/example_dags/example_sensors.py
[2023-08-24T03:17:00.516+0000] {processor.py:839} INFO - DAG(s) dict_keys(['example_sensors']) retrieved from /home/airflow/.local/lib/python3.8/site-packages/airflow/example_dags/example_sensors.py
[2023-08-24T03:17:00.534+0000] {logging_mixin.py:151} INFO - [2023-08-24T03:17:00.534+0000] {dag.py:2907} INFO - Sync 1 DAGs
[2023-08-24T03:17:00.542+0000] {logging_mixin.py:151} INFO - [2023-08-24T03:17:00.542+0000] {dag.py:3677} INFO - Setting next_dagrun for example_sensors to None, run_after=None
[2023-08-24T03:17:00.553+0000] {processor.py:179} INFO - Processing /home/airflow/.local/lib/python3.8/site-packages/airflow/example_dags/example_sensors.py took 0.048 seconds
[2023-08-24T03:17:31.322+0000] {processor.py:157} INFO - Started process (PID=197) to work on /home/airflow/.local/lib/python3.8/site-packages/airflow/example_dags/example_sensors.py
[2023-08-24T03:17:31.323+0000] {processor.py:829} INFO - Processing file /home/airflow/.local/lib/python3.8/site-packages/airflow/example_dags/example_sensors.py for tasks to queue
[2023-08-24T03:17:31.325+0000] {logging_mixin.py:151} INFO - [2023-08-24T03:17:31.325+0000] {dagbag.py:539} INFO - Filling up the DagBag from /home/airflow/.local/lib/python3.8/site-packages/airflow/example_dags/example_sensors.py
[2023-08-24T03:17:31.332+0000] {processor.py:839} INFO - DAG(s) dict_keys(['example_sensors']) retrieved from /home/airflow/.local/lib/python3.8/site-packages/airflow/example_dags/example_sensors.py
[2023-08-24T03:17:31.350+0000] {logging_mixin.py:151} INFO - [2023-08-24T03:17:31.350+0000] {dag.py:2907} INFO - Sync 1 DAGs
[2023-08-24T03:17:31.359+0000] {logging_mixin.py:151} INFO - [2023-08-24T03:17:31.359+0000] {dag.py:3677} INFO - Setting next_dagrun for example_sensors to None, run_after=None
[2023-08-24T03:17:31.370+0000] {processor.py:179} INFO - Processing /home/airflow/.local/lib/python3.8/site-packages/airflow/example_dags/example_sensors.py took 0.050 seconds
[2023-08-24T03:18:02.346+0000] {processor.py:157} INFO - Started process (PID=260) to work on /home/airflow/.local/lib/python3.8/site-packages/airflow/example_dags/example_sensors.py
[2023-08-24T03:18:02.348+0000] {processor.py:829} INFO - Processing file /home/airflow/.local/lib/python3.8/site-packages/airflow/example_dags/example_sensors.py for tasks to queue
[2023-08-24T03:18:02.353+0000] {logging_mixin.py:151} INFO - [2023-08-24T03:18:02.353+0000] {dagbag.py:539} INFO - Filling up the DagBag from /home/airflow/.local/lib/python3.8/site-packages/airflow/example_dags/example_sensors.py
[2023-08-24T03:18:02.368+0000] {processor.py:839} INFO - DAG(s) dict_keys(['example_sensors']) retrieved from /home/airflow/.local/lib/python3.8/site-packages/airflow/example_dags/example_sensors.py
[2023-08-24T03:18:02.402+0000] {logging_mixin.py:151} INFO - [2023-08-24T03:18:02.402+0000] {dag.py:2907} INFO - Sync 1 DAGs
[2023-08-24T03:18:02.423+0000] {logging_mixin.py:151} INFO - [2023-08-24T03:18:02.423+0000] {dag.py:3677} INFO - Setting next_dagrun for example_sensors to None, run_after=None
[2023-08-24T03:18:02.444+0000] {processor.py:179} INFO - Processing /home/airflow/.local/lib/python3.8/site-packages/airflow/example_dags/example_sensors.py took 0.105 seconds
[2023-08-24T03:19:16.587+0000] {processor.py:157} INFO - Started process (PID=70) to work on /home/airflow/.local/lib/python3.8/site-packages/airflow/example_dags/example_sensors.py
[2023-08-24T03:19:16.588+0000] {processor.py:829} INFO - Processing file /home/airflow/.local/lib/python3.8/site-packages/airflow/example_dags/example_sensors.py for tasks to queue
[2023-08-24T03:19:16.590+0000] {logging_mixin.py:151} INFO - [2023-08-24T03:19:16.590+0000] {dagbag.py:539} INFO - Filling up the DagBag from /home/airflow/.local/lib/python3.8/site-packages/airflow/example_dags/example_sensors.py
[2023-08-24T03:19:16.598+0000] {processor.py:839} INFO - DAG(s) dict_keys(['example_sensors']) retrieved from /home/airflow/.local/lib/python3.8/site-packages/airflow/example_dags/example_sensors.py
[2023-08-24T03:19:16.609+0000] {logging_mixin.py:151} INFO - [2023-08-24T03:19:16.609+0000] {dag.py:2907} INFO - Sync 1 DAGs
[2023-08-24T03:19:16.618+0000] {logging_mixin.py:151} INFO - [2023-08-24T03:19:16.618+0000] {dag.py:3677} INFO - Setting next_dagrun for example_sensors to None, run_after=None
[2023-08-24T03:19:16.630+0000] {processor.py:179} INFO - Processing /home/airflow/.local/lib/python3.8/site-packages/airflow/example_dags/example_sensors.py took 0.046 seconds
[2023-08-24T03:22:57.277+0000] {processor.py:157} INFO - Started process (PID=69) to work on /home/airflow/.local/lib/python3.8/site-packages/airflow/example_dags/example_sensors.py
[2023-08-24T03:22:57.279+0000] {processor.py:829} INFO - Processing file /home/airflow/.local/lib/python3.8/site-packages/airflow/example_dags/example_sensors.py for tasks to queue
[2023-08-24T03:22:57.283+0000] {logging_mixin.py:151} INFO - [2023-08-24T03:22:57.283+0000] {dagbag.py:539} INFO - Filling up the DagBag from /home/airflow/.local/lib/python3.8/site-packages/airflow/example_dags/example_sensors.py
[2023-08-24T03:22:57.291+0000] {processor.py:839} INFO - DAG(s) dict_keys(['example_sensors']) retrieved from /home/airflow/.local/lib/python3.8/site-packages/airflow/example_dags/example_sensors.py
[2023-08-24T03:22:57.307+0000] {logging_mixin.py:151} INFO - [2023-08-24T03:22:57.307+0000] {dag.py:2907} INFO - Sync 1 DAGs
[2023-08-24T03:22:57.317+0000] {logging_mixin.py:151} INFO - [2023-08-24T03:22:57.316+0000] {dag.py:3677} INFO - Setting next_dagrun for example_sensors to None, run_after=None
[2023-08-24T03:22:57.329+0000] {processor.py:179} INFO - Processing /home/airflow/.local/lib/python3.8/site-packages/airflow/example_dags/example_sensors.py took 0.056 seconds
[2023-08-24T03:23:27.671+0000] {processor.py:157} INFO - Started process (PID=132) to work on /home/airflow/.local/lib/python3.8/site-packages/airflow/example_dags/example_sensors.py
[2023-08-24T03:23:27.672+0000] {processor.py:829} INFO - Processing file /home/airflow/.local/lib/python3.8/site-packages/airflow/example_dags/example_sensors.py for tasks to queue
[2023-08-24T03:23:27.674+0000] {logging_mixin.py:151} INFO - [2023-08-24T03:23:27.673+0000] {dagbag.py:539} INFO - Filling up the DagBag from /home/airflow/.local/lib/python3.8/site-packages/airflow/example_dags/example_sensors.py
[2023-08-24T03:23:27.681+0000] {processor.py:839} INFO - DAG(s) dict_keys(['example_sensors']) retrieved from /home/airflow/.local/lib/python3.8/site-packages/airflow/example_dags/example_sensors.py
[2023-08-24T03:23:27.699+0000] {logging_mixin.py:151} INFO - [2023-08-24T03:23:27.699+0000] {dag.py:2907} INFO - Sync 1 DAGs
[2023-08-24T03:23:27.707+0000] {logging_mixin.py:151} INFO - [2023-08-24T03:23:27.707+0000] {dag.py:3677} INFO - Setting next_dagrun for example_sensors to None, run_after=None
[2023-08-24T03:23:27.717+0000] {processor.py:179} INFO - Processing /home/airflow/.local/lib/python3.8/site-packages/airflow/example_dags/example_sensors.py took 0.049 seconds
[2023-08-24T03:59:49.292+0000] {processor.py:157} INFO - Started process (PID=70) to work on /home/airflow/.local/lib/python3.8/site-packages/airflow/example_dags/example_sensors.py
[2023-08-24T03:59:49.294+0000] {processor.py:829} INFO - Processing file /home/airflow/.local/lib/python3.8/site-packages/airflow/example_dags/example_sensors.py for tasks to queue
[2023-08-24T03:59:49.296+0000] {logging_mixin.py:151} INFO - [2023-08-24T03:59:49.296+0000] {dagbag.py:539} INFO - Filling up the DagBag from /home/airflow/.local/lib/python3.8/site-packages/airflow/example_dags/example_sensors.py
[2023-08-24T03:59:49.305+0000] {processor.py:839} INFO - DAG(s) dict_keys(['example_sensors']) retrieved from /home/airflow/.local/lib/python3.8/site-packages/airflow/example_dags/example_sensors.py
[2023-08-24T03:59:49.318+0000] {logging_mixin.py:151} INFO - [2023-08-24T03:59:49.318+0000] {dag.py:2907} INFO - Sync 1 DAGs
[2023-08-24T03:59:49.328+0000] {logging_mixin.py:151} INFO - [2023-08-24T03:59:49.328+0000] {dag.py:3677} INFO - Setting next_dagrun for example_sensors to None, run_after=None
[2023-08-24T03:59:49.340+0000] {processor.py:179} INFO - Processing /home/airflow/.local/lib/python3.8/site-packages/airflow/example_dags/example_sensors.py took 0.051 seconds
[2023-08-24T04:00:19.521+0000] {processor.py:157} INFO - Started process (PID=133) to work on /home/airflow/.local/lib/python3.8/site-packages/airflow/example_dags/example_sensors.py
[2023-08-24T04:00:19.523+0000] {processor.py:829} INFO - Processing file /home/airflow/.local/lib/python3.8/site-packages/airflow/example_dags/example_sensors.py for tasks to queue
[2023-08-24T04:00:19.525+0000] {logging_mixin.py:151} INFO - [2023-08-24T04:00:19.524+0000] {dagbag.py:539} INFO - Filling up the DagBag from /home/airflow/.local/lib/python3.8/site-packages/airflow/example_dags/example_sensors.py
[2023-08-24T04:00:19.532+0000] {processor.py:839} INFO - DAG(s) dict_keys(['example_sensors']) retrieved from /home/airflow/.local/lib/python3.8/site-packages/airflow/example_dags/example_sensors.py
[2023-08-24T04:00:19.552+0000] {logging_mixin.py:151} INFO - [2023-08-24T04:00:19.552+0000] {dag.py:2907} INFO - Sync 1 DAGs
[2023-08-24T04:00:19.559+0000] {logging_mixin.py:151} INFO - [2023-08-24T04:00:19.559+0000] {dag.py:3677} INFO - Setting next_dagrun for example_sensors to None, run_after=None
[2023-08-24T04:00:19.570+0000] {processor.py:179} INFO - Processing /home/airflow/.local/lib/python3.8/site-packages/airflow/example_dags/example_sensors.py took 0.051 seconds
[2023-08-24T04:00:50.351+0000] {processor.py:157} INFO - Started process (PID=196) to work on /home/airflow/.local/lib/python3.8/site-packages/airflow/example_dags/example_sensors.py
[2023-08-24T04:00:50.352+0000] {processor.py:829} INFO - Processing file /home/airflow/.local/lib/python3.8/site-packages/airflow/example_dags/example_sensors.py for tasks to queue
[2023-08-24T04:00:50.354+0000] {logging_mixin.py:151} INFO - [2023-08-24T04:00:50.354+0000] {dagbag.py:539} INFO - Filling up the DagBag from /home/airflow/.local/lib/python3.8/site-packages/airflow/example_dags/example_sensors.py
[2023-08-24T04:00:50.363+0000] {processor.py:839} INFO - DAG(s) dict_keys(['example_sensors']) retrieved from /home/airflow/.local/lib/python3.8/site-packages/airflow/example_dags/example_sensors.py
[2023-08-24T04:00:50.381+0000] {logging_mixin.py:151} INFO - [2023-08-24T04:00:50.381+0000] {dag.py:2907} INFO - Sync 1 DAGs
[2023-08-24T04:00:50.388+0000] {logging_mixin.py:151} INFO - [2023-08-24T04:00:50.388+0000] {dag.py:3677} INFO - Setting next_dagrun for example_sensors to None, run_after=None
[2023-08-24T04:00:50.399+0000] {processor.py:179} INFO - Processing /home/airflow/.local/lib/python3.8/site-packages/airflow/example_dags/example_sensors.py took 0.050 seconds
[2023-08-24T04:01:21.093+0000] {processor.py:157} INFO - Started process (PID=259) to work on /home/airflow/.local/lib/python3.8/site-packages/airflow/example_dags/example_sensors.py
[2023-08-24T04:01:21.094+0000] {processor.py:829} INFO - Processing file /home/airflow/.local/lib/python3.8/site-packages/airflow/example_dags/example_sensors.py for tasks to queue
[2023-08-24T04:01:21.096+0000] {logging_mixin.py:151} INFO - [2023-08-24T04:01:21.096+0000] {dagbag.py:539} INFO - Filling up the DagBag from /home/airflow/.local/lib/python3.8/site-packages/airflow/example_dags/example_sensors.py
[2023-08-24T04:01:21.103+0000] {processor.py:839} INFO - DAG(s) dict_keys(['example_sensors']) retrieved from /home/airflow/.local/lib/python3.8/site-packages/airflow/example_dags/example_sensors.py
[2023-08-24T04:01:21.121+0000] {logging_mixin.py:151} INFO - [2023-08-24T04:01:21.121+0000] {dag.py:2907} INFO - Sync 1 DAGs
[2023-08-24T04:01:21.128+0000] {logging_mixin.py:151} INFO - [2023-08-24T04:01:21.128+0000] {dag.py:3677} INFO - Setting next_dagrun for example_sensors to None, run_after=None
[2023-08-24T04:01:21.139+0000] {processor.py:179} INFO - Processing /home/airflow/.local/lib/python3.8/site-packages/airflow/example_dags/example_sensors.py took 0.048 seconds
[2023-08-24T04:01:51.926+0000] {processor.py:157} INFO - Started process (PID=322) to work on /home/airflow/.local/lib/python3.8/site-packages/airflow/example_dags/example_sensors.py
[2023-08-24T04:01:51.927+0000] {processor.py:829} INFO - Processing file /home/airflow/.local/lib/python3.8/site-packages/airflow/example_dags/example_sensors.py for tasks to queue
[2023-08-24T04:01:51.929+0000] {logging_mixin.py:151} INFO - [2023-08-24T04:01:51.928+0000] {dagbag.py:539} INFO - Filling up the DagBag from /home/airflow/.local/lib/python3.8/site-packages/airflow/example_dags/example_sensors.py
[2023-08-24T04:01:51.935+0000] {processor.py:839} INFO - DAG(s) dict_keys(['example_sensors']) retrieved from /home/airflow/.local/lib/python3.8/site-packages/airflow/example_dags/example_sensors.py
[2023-08-24T04:01:51.954+0000] {logging_mixin.py:151} INFO - [2023-08-24T04:01:51.953+0000] {dag.py:2907} INFO - Sync 1 DAGs
[2023-08-24T04:01:51.961+0000] {logging_mixin.py:151} INFO - [2023-08-24T04:01:51.961+0000] {dag.py:3677} INFO - Setting next_dagrun for example_sensors to None, run_after=None
[2023-08-24T04:01:51.971+0000] {processor.py:179} INFO - Processing /home/airflow/.local/lib/python3.8/site-packages/airflow/example_dags/example_sensors.py took 0.048 seconds
[2023-08-24T04:02:22.812+0000] {processor.py:157} INFO - Started process (PID=385) to work on /home/airflow/.local/lib/python3.8/site-packages/airflow/example_dags/example_sensors.py
[2023-08-24T04:02:22.813+0000] {processor.py:829} INFO - Processing file /home/airflow/.local/lib/python3.8/site-packages/airflow/example_dags/example_sensors.py for tasks to queue
[2023-08-24T04:02:22.815+0000] {logging_mixin.py:151} INFO - [2023-08-24T04:02:22.815+0000] {dagbag.py:539} INFO - Filling up the DagBag from /home/airflow/.local/lib/python3.8/site-packages/airflow/example_dags/example_sensors.py
[2023-08-24T04:02:22.821+0000] {processor.py:839} INFO - DAG(s) dict_keys(['example_sensors']) retrieved from /home/airflow/.local/lib/python3.8/site-packages/airflow/example_dags/example_sensors.py
[2023-08-24T04:02:22.839+0000] {logging_mixin.py:151} INFO - [2023-08-24T04:02:22.839+0000] {dag.py:2907} INFO - Sync 1 DAGs
[2023-08-24T04:02:22.846+0000] {logging_mixin.py:151} INFO - [2023-08-24T04:02:22.846+0000] {dag.py:3677} INFO - Setting next_dagrun for example_sensors to None, run_after=None
[2023-08-24T04:02:22.857+0000] {processor.py:179} INFO - Processing /home/airflow/.local/lib/python3.8/site-packages/airflow/example_dags/example_sensors.py took 0.047 seconds
[2023-08-24T04:02:53.471+0000] {processor.py:157} INFO - Started process (PID=448) to work on /home/airflow/.local/lib/python3.8/site-packages/airflow/example_dags/example_sensors.py
[2023-08-24T04:02:53.473+0000] {processor.py:829} INFO - Processing file /home/airflow/.local/lib/python3.8/site-packages/airflow/example_dags/example_sensors.py for tasks to queue
[2023-08-24T04:02:53.474+0000] {logging_mixin.py:151} INFO - [2023-08-24T04:02:53.474+0000] {dagbag.py:539} INFO - Filling up the DagBag from /home/airflow/.local/lib/python3.8/site-packages/airflow/example_dags/example_sensors.py
[2023-08-24T04:02:53.480+0000] {processor.py:839} INFO - DAG(s) dict_keys(['example_sensors']) retrieved from /home/airflow/.local/lib/python3.8/site-packages/airflow/example_dags/example_sensors.py
[2023-08-24T04:02:53.498+0000] {logging_mixin.py:151} INFO - [2023-08-24T04:02:53.498+0000] {dag.py:2907} INFO - Sync 1 DAGs
[2023-08-24T04:02:53.506+0000] {logging_mixin.py:151} INFO - [2023-08-24T04:02:53.506+0000] {dag.py:3677} INFO - Setting next_dagrun for example_sensors to None, run_after=None
[2023-08-24T04:02:53.516+0000] {processor.py:179} INFO - Processing /home/airflow/.local/lib/python3.8/site-packages/airflow/example_dags/example_sensors.py took 0.048 seconds
[2023-08-24T04:03:24.082+0000] {processor.py:157} INFO - Started process (PID=511) to work on /home/airflow/.local/lib/python3.8/site-packages/airflow/example_dags/example_sensors.py
[2023-08-24T04:03:24.084+0000] {processor.py:829} INFO - Processing file /home/airflow/.local/lib/python3.8/site-packages/airflow/example_dags/example_sensors.py for tasks to queue
[2023-08-24T04:03:24.086+0000] {logging_mixin.py:151} INFO - [2023-08-24T04:03:24.085+0000] {dagbag.py:539} INFO - Filling up the DagBag from /home/airflow/.local/lib/python3.8/site-packages/airflow/example_dags/example_sensors.py
[2023-08-24T04:03:24.093+0000] {processor.py:839} INFO - DAG(s) dict_keys(['example_sensors']) retrieved from /home/airflow/.local/lib/python3.8/site-packages/airflow/example_dags/example_sensors.py
[2023-08-24T04:03:24.111+0000] {logging_mixin.py:151} INFO - [2023-08-24T04:03:24.111+0000] {dag.py:2907} INFO - Sync 1 DAGs
[2023-08-24T04:03:24.119+0000] {logging_mixin.py:151} INFO - [2023-08-24T04:03:24.119+0000] {dag.py:3677} INFO - Setting next_dagrun for example_sensors to None, run_after=None
[2023-08-24T04:03:24.128+0000] {processor.py:179} INFO - Processing /home/airflow/.local/lib/python3.8/site-packages/airflow/example_dags/example_sensors.py took 0.048 seconds
[2023-08-24T04:03:54.892+0000] {processor.py:157} INFO - Started process (PID=574) to work on /home/airflow/.local/lib/python3.8/site-packages/airflow/example_dags/example_sensors.py
[2023-08-24T04:03:54.893+0000] {processor.py:829} INFO - Processing file /home/airflow/.local/lib/python3.8/site-packages/airflow/example_dags/example_sensors.py for tasks to queue
[2023-08-24T04:03:54.895+0000] {logging_mixin.py:151} INFO - [2023-08-24T04:03:54.895+0000] {dagbag.py:539} INFO - Filling up the DagBag from /home/airflow/.local/lib/python3.8/site-packages/airflow/example_dags/example_sensors.py
[2023-08-24T04:03:54.901+0000] {processor.py:839} INFO - DAG(s) dict_keys(['example_sensors']) retrieved from /home/airflow/.local/lib/python3.8/site-packages/airflow/example_dags/example_sensors.py
[2023-08-24T04:03:54.920+0000] {logging_mixin.py:151} INFO - [2023-08-24T04:03:54.920+0000] {dag.py:2907} INFO - Sync 1 DAGs
[2023-08-24T04:03:54.928+0000] {logging_mixin.py:151} INFO - [2023-08-24T04:03:54.928+0000] {dag.py:3677} INFO - Setting next_dagrun for example_sensors to None, run_after=None
[2023-08-24T04:03:54.939+0000] {processor.py:179} INFO - Processing /home/airflow/.local/lib/python3.8/site-packages/airflow/example_dags/example_sensors.py took 0.051 seconds
[2023-08-24T04:04:25.652+0000] {processor.py:157} INFO - Started process (PID=637) to work on /home/airflow/.local/lib/python3.8/site-packages/airflow/example_dags/example_sensors.py
[2023-08-24T04:04:25.653+0000] {processor.py:829} INFO - Processing file /home/airflow/.local/lib/python3.8/site-packages/airflow/example_dags/example_sensors.py for tasks to queue
[2023-08-24T04:04:25.655+0000] {logging_mixin.py:151} INFO - [2023-08-24T04:04:25.655+0000] {dagbag.py:539} INFO - Filling up the DagBag from /home/airflow/.local/lib/python3.8/site-packages/airflow/example_dags/example_sensors.py
[2023-08-24T04:04:25.662+0000] {processor.py:839} INFO - DAG(s) dict_keys(['example_sensors']) retrieved from /home/airflow/.local/lib/python3.8/site-packages/airflow/example_dags/example_sensors.py
[2023-08-24T04:04:25.684+0000] {logging_mixin.py:151} INFO - [2023-08-24T04:04:25.683+0000] {dag.py:2907} INFO - Sync 1 DAGs
[2023-08-24T04:04:25.691+0000] {logging_mixin.py:151} INFO - [2023-08-24T04:04:25.691+0000] {dag.py:3677} INFO - Setting next_dagrun for example_sensors to None, run_after=None
[2023-08-24T04:04:25.702+0000] {processor.py:179} INFO - Processing /home/airflow/.local/lib/python3.8/site-packages/airflow/example_dags/example_sensors.py took 0.053 seconds
[2023-08-24T04:04:56.632+0000] {processor.py:157} INFO - Started process (PID=700) to work on /home/airflow/.local/lib/python3.8/site-packages/airflow/example_dags/example_sensors.py
[2023-08-24T04:04:56.633+0000] {processor.py:829} INFO - Processing file /home/airflow/.local/lib/python3.8/site-packages/airflow/example_dags/example_sensors.py for tasks to queue
[2023-08-24T04:04:56.636+0000] {logging_mixin.py:151} INFO - [2023-08-24T04:04:56.635+0000] {dagbag.py:539} INFO - Filling up the DagBag from /home/airflow/.local/lib/python3.8/site-packages/airflow/example_dags/example_sensors.py
[2023-08-24T04:04:56.642+0000] {processor.py:839} INFO - DAG(s) dict_keys(['example_sensors']) retrieved from /home/airflow/.local/lib/python3.8/site-packages/airflow/example_dags/example_sensors.py
[2023-08-24T04:04:56.661+0000] {logging_mixin.py:151} INFO - [2023-08-24T04:04:56.661+0000] {dag.py:2907} INFO - Sync 1 DAGs
[2023-08-24T04:04:56.669+0000] {logging_mixin.py:151} INFO - [2023-08-24T04:04:56.669+0000] {dag.py:3677} INFO - Setting next_dagrun for example_sensors to None, run_after=None
[2023-08-24T04:04:56.680+0000] {processor.py:179} INFO - Processing /home/airflow/.local/lib/python3.8/site-packages/airflow/example_dags/example_sensors.py took 0.051 seconds
[2023-08-24T04:05:27.284+0000] {processor.py:157} INFO - Started process (PID=763) to work on /home/airflow/.local/lib/python3.8/site-packages/airflow/example_dags/example_sensors.py
[2023-08-24T04:05:27.285+0000] {processor.py:829} INFO - Processing file /home/airflow/.local/lib/python3.8/site-packages/airflow/example_dags/example_sensors.py for tasks to queue
[2023-08-24T04:05:27.287+0000] {logging_mixin.py:151} INFO - [2023-08-24T04:05:27.286+0000] {dagbag.py:539} INFO - Filling up the DagBag from /home/airflow/.local/lib/python3.8/site-packages/airflow/example_dags/example_sensors.py
[2023-08-24T04:05:27.293+0000] {processor.py:839} INFO - DAG(s) dict_keys(['example_sensors']) retrieved from /home/airflow/.local/lib/python3.8/site-packages/airflow/example_dags/example_sensors.py
[2023-08-24T04:05:27.312+0000] {logging_mixin.py:151} INFO - [2023-08-24T04:05:27.312+0000] {dag.py:2907} INFO - Sync 1 DAGs
[2023-08-24T04:05:27.320+0000] {logging_mixin.py:151} INFO - [2023-08-24T04:05:27.320+0000] {dag.py:3677} INFO - Setting next_dagrun for example_sensors to None, run_after=None
[2023-08-24T04:05:27.330+0000] {processor.py:179} INFO - Processing /home/airflow/.local/lib/python3.8/site-packages/airflow/example_dags/example_sensors.py took 0.049 seconds
[2023-08-24T04:05:58.062+0000] {processor.py:157} INFO - Started process (PID=826) to work on /home/airflow/.local/lib/python3.8/site-packages/airflow/example_dags/example_sensors.py
[2023-08-24T04:05:58.063+0000] {processor.py:829} INFO - Processing file /home/airflow/.local/lib/python3.8/site-packages/airflow/example_dags/example_sensors.py for tasks to queue
[2023-08-24T04:05:58.066+0000] {logging_mixin.py:151} INFO - [2023-08-24T04:05:58.065+0000] {dagbag.py:539} INFO - Filling up the DagBag from /home/airflow/.local/lib/python3.8/site-packages/airflow/example_dags/example_sensors.py
[2023-08-24T04:05:58.072+0000] {processor.py:839} INFO - DAG(s) dict_keys(['example_sensors']) retrieved from /home/airflow/.local/lib/python3.8/site-packages/airflow/example_dags/example_sensors.py
[2023-08-24T04:05:58.090+0000] {logging_mixin.py:151} INFO - [2023-08-24T04:05:58.090+0000] {dag.py:2907} INFO - Sync 1 DAGs
[2023-08-24T04:05:58.099+0000] {logging_mixin.py:151} INFO - [2023-08-24T04:05:58.099+0000] {dag.py:3677} INFO - Setting next_dagrun for example_sensors to None, run_after=None
[2023-08-24T04:05:58.109+0000] {processor.py:179} INFO - Processing /home/airflow/.local/lib/python3.8/site-packages/airflow/example_dags/example_sensors.py took 0.050 seconds
[2023-08-24T04:06:28.728+0000] {processor.py:157} INFO - Started process (PID=889) to work on /home/airflow/.local/lib/python3.8/site-packages/airflow/example_dags/example_sensors.py
[2023-08-24T04:06:28.729+0000] {processor.py:829} INFO - Processing file /home/airflow/.local/lib/python3.8/site-packages/airflow/example_dags/example_sensors.py for tasks to queue
[2023-08-24T04:06:28.731+0000] {logging_mixin.py:151} INFO - [2023-08-24T04:06:28.731+0000] {dagbag.py:539} INFO - Filling up the DagBag from /home/airflow/.local/lib/python3.8/site-packages/airflow/example_dags/example_sensors.py
[2023-08-24T04:06:28.738+0000] {processor.py:839} INFO - DAG(s) dict_keys(['example_sensors']) retrieved from /home/airflow/.local/lib/python3.8/site-packages/airflow/example_dags/example_sensors.py
[2023-08-24T04:06:28.757+0000] {logging_mixin.py:151} INFO - [2023-08-24T04:06:28.757+0000] {dag.py:2907} INFO - Sync 1 DAGs
[2023-08-24T04:06:28.765+0000] {logging_mixin.py:151} INFO - [2023-08-24T04:06:28.765+0000] {dag.py:3677} INFO - Setting next_dagrun for example_sensors to None, run_after=None
[2023-08-24T04:06:28.777+0000] {processor.py:179} INFO - Processing /home/airflow/.local/lib/python3.8/site-packages/airflow/example_dags/example_sensors.py took 0.053 seconds
[2023-08-24T04:06:59.460+0000] {processor.py:157} INFO - Started process (PID=951) to work on /home/airflow/.local/lib/python3.8/site-packages/airflow/example_dags/example_sensors.py
[2023-08-24T04:06:59.461+0000] {processor.py:829} INFO - Processing file /home/airflow/.local/lib/python3.8/site-packages/airflow/example_dags/example_sensors.py for tasks to queue
[2023-08-24T04:06:59.463+0000] {logging_mixin.py:151} INFO - [2023-08-24T04:06:59.463+0000] {dagbag.py:539} INFO - Filling up the DagBag from /home/airflow/.local/lib/python3.8/site-packages/airflow/example_dags/example_sensors.py
[2023-08-24T04:06:59.470+0000] {processor.py:839} INFO - DAG(s) dict_keys(['example_sensors']) retrieved from /home/airflow/.local/lib/python3.8/site-packages/airflow/example_dags/example_sensors.py
[2023-08-24T04:06:59.490+0000] {logging_mixin.py:151} INFO - [2023-08-24T04:06:59.490+0000] {dag.py:2907} INFO - Sync 1 DAGs
[2023-08-24T04:06:59.498+0000] {logging_mixin.py:151} INFO - [2023-08-24T04:06:59.498+0000] {dag.py:3677} INFO - Setting next_dagrun for example_sensors to None, run_after=None
[2023-08-24T04:06:59.509+0000] {processor.py:179} INFO - Processing /home/airflow/.local/lib/python3.8/site-packages/airflow/example_dags/example_sensors.py took 0.052 seconds
[2023-08-24T04:07:30.068+0000] {processor.py:157} INFO - Started process (PID=1014) to work on /home/airflow/.local/lib/python3.8/site-packages/airflow/example_dags/example_sensors.py
[2023-08-24T04:07:30.070+0000] {processor.py:829} INFO - Processing file /home/airflow/.local/lib/python3.8/site-packages/airflow/example_dags/example_sensors.py for tasks to queue
[2023-08-24T04:07:30.072+0000] {logging_mixin.py:151} INFO - [2023-08-24T04:07:30.071+0000] {dagbag.py:539} INFO - Filling up the DagBag from /home/airflow/.local/lib/python3.8/site-packages/airflow/example_dags/example_sensors.py
[2023-08-24T04:07:30.078+0000] {processor.py:839} INFO - DAG(s) dict_keys(['example_sensors']) retrieved from /home/airflow/.local/lib/python3.8/site-packages/airflow/example_dags/example_sensors.py
[2023-08-24T04:07:30.096+0000] {logging_mixin.py:151} INFO - [2023-08-24T04:07:30.096+0000] {dag.py:2907} INFO - Sync 1 DAGs
[2023-08-24T04:07:30.104+0000] {logging_mixin.py:151} INFO - [2023-08-24T04:07:30.104+0000] {dag.py:3677} INFO - Setting next_dagrun for example_sensors to None, run_after=None
[2023-08-24T04:07:30.116+0000] {processor.py:179} INFO - Processing /home/airflow/.local/lib/python3.8/site-packages/airflow/example_dags/example_sensors.py took 0.050 seconds
[2023-08-24T04:08:00.836+0000] {processor.py:157} INFO - Started process (PID=1077) to work on /home/airflow/.local/lib/python3.8/site-packages/airflow/example_dags/example_sensors.py
[2023-08-24T04:08:00.838+0000] {processor.py:829} INFO - Processing file /home/airflow/.local/lib/python3.8/site-packages/airflow/example_dags/example_sensors.py for tasks to queue
[2023-08-24T04:08:00.840+0000] {logging_mixin.py:151} INFO - [2023-08-24T04:08:00.840+0000] {dagbag.py:539} INFO - Filling up the DagBag from /home/airflow/.local/lib/python3.8/site-packages/airflow/example_dags/example_sensors.py
[2023-08-24T04:08:00.847+0000] {processor.py:839} INFO - DAG(s) dict_keys(['example_sensors']) retrieved from /home/airflow/.local/lib/python3.8/site-packages/airflow/example_dags/example_sensors.py
[2023-08-24T04:08:00.866+0000] {logging_mixin.py:151} INFO - [2023-08-24T04:08:00.866+0000] {dag.py:2907} INFO - Sync 1 DAGs
[2023-08-24T04:08:00.875+0000] {logging_mixin.py:151} INFO - [2023-08-24T04:08:00.875+0000] {dag.py:3677} INFO - Setting next_dagrun for example_sensors to None, run_after=None
[2023-08-24T04:08:00.887+0000] {processor.py:179} INFO - Processing /home/airflow/.local/lib/python3.8/site-packages/airflow/example_dags/example_sensors.py took 0.054 seconds
[2023-08-24T04:08:31.547+0000] {processor.py:157} INFO - Started process (PID=1140) to work on /home/airflow/.local/lib/python3.8/site-packages/airflow/example_dags/example_sensors.py
[2023-08-24T04:08:31.548+0000] {processor.py:829} INFO - Processing file /home/airflow/.local/lib/python3.8/site-packages/airflow/example_dags/example_sensors.py for tasks to queue
[2023-08-24T04:08:31.550+0000] {logging_mixin.py:151} INFO - [2023-08-24T04:08:31.549+0000] {dagbag.py:539} INFO - Filling up the DagBag from /home/airflow/.local/lib/python3.8/site-packages/airflow/example_dags/example_sensors.py
[2023-08-24T04:08:31.557+0000] {processor.py:839} INFO - DAG(s) dict_keys(['example_sensors']) retrieved from /home/airflow/.local/lib/python3.8/site-packages/airflow/example_dags/example_sensors.py
[2023-08-24T04:08:31.575+0000] {logging_mixin.py:151} INFO - [2023-08-24T04:08:31.575+0000] {dag.py:2907} INFO - Sync 1 DAGs
[2023-08-24T04:08:31.582+0000] {logging_mixin.py:151} INFO - [2023-08-24T04:08:31.582+0000] {dag.py:3677} INFO - Setting next_dagrun for example_sensors to None, run_after=None
[2023-08-24T04:08:31.592+0000] {processor.py:179} INFO - Processing /home/airflow/.local/lib/python3.8/site-packages/airflow/example_dags/example_sensors.py took 0.049 seconds
[2023-08-24T04:09:02.345+0000] {processor.py:157} INFO - Started process (PID=1203) to work on /home/airflow/.local/lib/python3.8/site-packages/airflow/example_dags/example_sensors.py
[2023-08-24T04:09:02.346+0000] {processor.py:829} INFO - Processing file /home/airflow/.local/lib/python3.8/site-packages/airflow/example_dags/example_sensors.py for tasks to queue
[2023-08-24T04:09:02.349+0000] {logging_mixin.py:151} INFO - [2023-08-24T04:09:02.349+0000] {dagbag.py:539} INFO - Filling up the DagBag from /home/airflow/.local/lib/python3.8/site-packages/airflow/example_dags/example_sensors.py
[2023-08-24T04:09:02.356+0000] {processor.py:839} INFO - DAG(s) dict_keys(['example_sensors']) retrieved from /home/airflow/.local/lib/python3.8/site-packages/airflow/example_dags/example_sensors.py
[2023-08-24T04:09:02.374+0000] {logging_mixin.py:151} INFO - [2023-08-24T04:09:02.374+0000] {dag.py:2907} INFO - Sync 1 DAGs
[2023-08-24T04:09:02.381+0000] {logging_mixin.py:151} INFO - [2023-08-24T04:09:02.381+0000] {dag.py:3677} INFO - Setting next_dagrun for example_sensors to None, run_after=None
[2023-08-24T04:09:02.391+0000] {processor.py:179} INFO - Processing /home/airflow/.local/lib/python3.8/site-packages/airflow/example_dags/example_sensors.py took 0.050 seconds
[2023-08-24T04:09:32.983+0000] {processor.py:157} INFO - Started process (PID=1266) to work on /home/airflow/.local/lib/python3.8/site-packages/airflow/example_dags/example_sensors.py
[2023-08-24T04:09:32.984+0000] {processor.py:829} INFO - Processing file /home/airflow/.local/lib/python3.8/site-packages/airflow/example_dags/example_sensors.py for tasks to queue
[2023-08-24T04:09:32.986+0000] {logging_mixin.py:151} INFO - [2023-08-24T04:09:32.985+0000] {dagbag.py:539} INFO - Filling up the DagBag from /home/airflow/.local/lib/python3.8/site-packages/airflow/example_dags/example_sensors.py
[2023-08-24T04:09:32.992+0000] {processor.py:839} INFO - DAG(s) dict_keys(['example_sensors']) retrieved from /home/airflow/.local/lib/python3.8/site-packages/airflow/example_dags/example_sensors.py
[2023-08-24T04:09:33.012+0000] {logging_mixin.py:151} INFO - [2023-08-24T04:09:33.012+0000] {dag.py:2907} INFO - Sync 1 DAGs
[2023-08-24T04:09:33.020+0000] {logging_mixin.py:151} INFO - [2023-08-24T04:09:33.020+0000] {dag.py:3677} INFO - Setting next_dagrun for example_sensors to None, run_after=None
[2023-08-24T04:09:33.029+0000] {processor.py:179} INFO - Processing /home/airflow/.local/lib/python3.8/site-packages/airflow/example_dags/example_sensors.py took 0.049 seconds
[2023-08-24T04:10:03.733+0000] {processor.py:157} INFO - Started process (PID=1329) to work on /home/airflow/.local/lib/python3.8/site-packages/airflow/example_dags/example_sensors.py
[2023-08-24T04:10:03.734+0000] {processor.py:829} INFO - Processing file /home/airflow/.local/lib/python3.8/site-packages/airflow/example_dags/example_sensors.py for tasks to queue
[2023-08-24T04:10:03.736+0000] {logging_mixin.py:151} INFO - [2023-08-24T04:10:03.736+0000] {dagbag.py:539} INFO - Filling up the DagBag from /home/airflow/.local/lib/python3.8/site-packages/airflow/example_dags/example_sensors.py
[2023-08-24T04:10:03.744+0000] {processor.py:839} INFO - DAG(s) dict_keys(['example_sensors']) retrieved from /home/airflow/.local/lib/python3.8/site-packages/airflow/example_dags/example_sensors.py
[2023-08-24T04:10:03.764+0000] {logging_mixin.py:151} INFO - [2023-08-24T04:10:03.764+0000] {dag.py:2907} INFO - Sync 1 DAGs
[2023-08-24T04:10:03.772+0000] {logging_mixin.py:151} INFO - [2023-08-24T04:10:03.772+0000] {dag.py:3677} INFO - Setting next_dagrun for example_sensors to None, run_after=None
[2023-08-24T04:10:03.786+0000] {processor.py:179} INFO - Processing /home/airflow/.local/lib/python3.8/site-packages/airflow/example_dags/example_sensors.py took 0.055 seconds
[2023-08-24T04:10:34.471+0000] {processor.py:157} INFO - Started process (PID=1392) to work on /home/airflow/.local/lib/python3.8/site-packages/airflow/example_dags/example_sensors.py
[2023-08-24T04:10:34.472+0000] {processor.py:829} INFO - Processing file /home/airflow/.local/lib/python3.8/site-packages/airflow/example_dags/example_sensors.py for tasks to queue
[2023-08-24T04:10:34.474+0000] {logging_mixin.py:151} INFO - [2023-08-24T04:10:34.473+0000] {dagbag.py:539} INFO - Filling up the DagBag from /home/airflow/.local/lib/python3.8/site-packages/airflow/example_dags/example_sensors.py
[2023-08-24T04:10:34.481+0000] {processor.py:839} INFO - DAG(s) dict_keys(['example_sensors']) retrieved from /home/airflow/.local/lib/python3.8/site-packages/airflow/example_dags/example_sensors.py
[2023-08-24T04:10:34.500+0000] {logging_mixin.py:151} INFO - [2023-08-24T04:10:34.500+0000] {dag.py:2907} INFO - Sync 1 DAGs
[2023-08-24T04:10:34.508+0000] {logging_mixin.py:151} INFO - [2023-08-24T04:10:34.508+0000] {dag.py:3677} INFO - Setting next_dagrun for example_sensors to None, run_after=None
[2023-08-24T04:10:34.519+0000] {processor.py:179} INFO - Processing /home/airflow/.local/lib/python3.8/site-packages/airflow/example_dags/example_sensors.py took 0.052 seconds
[2023-08-24T04:11:05.258+0000] {processor.py:157} INFO - Started process (PID=1455) to work on /home/airflow/.local/lib/python3.8/site-packages/airflow/example_dags/example_sensors.py
[2023-08-24T04:11:05.259+0000] {processor.py:829} INFO - Processing file /home/airflow/.local/lib/python3.8/site-packages/airflow/example_dags/example_sensors.py for tasks to queue
[2023-08-24T04:11:05.261+0000] {logging_mixin.py:151} INFO - [2023-08-24T04:11:05.261+0000] {dagbag.py:539} INFO - Filling up the DagBag from /home/airflow/.local/lib/python3.8/site-packages/airflow/example_dags/example_sensors.py
[2023-08-24T04:11:05.268+0000] {processor.py:839} INFO - DAG(s) dict_keys(['example_sensors']) retrieved from /home/airflow/.local/lib/python3.8/site-packages/airflow/example_dags/example_sensors.py
[2023-08-24T04:11:05.286+0000] {logging_mixin.py:151} INFO - [2023-08-24T04:11:05.286+0000] {dag.py:2907} INFO - Sync 1 DAGs
[2023-08-24T04:11:05.294+0000] {logging_mixin.py:151} INFO - [2023-08-24T04:11:05.294+0000] {dag.py:3677} INFO - Setting next_dagrun for example_sensors to None, run_after=None
[2023-08-24T04:11:05.305+0000] {processor.py:179} INFO - Processing /home/airflow/.local/lib/python3.8/site-packages/airflow/example_dags/example_sensors.py took 0.049 seconds
[2023-08-24T04:11:36.013+0000] {processor.py:157} INFO - Started process (PID=1518) to work on /home/airflow/.local/lib/python3.8/site-packages/airflow/example_dags/example_sensors.py
[2023-08-24T04:11:36.014+0000] {processor.py:829} INFO - Processing file /home/airflow/.local/lib/python3.8/site-packages/airflow/example_dags/example_sensors.py for tasks to queue
[2023-08-24T04:11:36.016+0000] {logging_mixin.py:151} INFO - [2023-08-24T04:11:36.015+0000] {dagbag.py:539} INFO - Filling up the DagBag from /home/airflow/.local/lib/python3.8/site-packages/airflow/example_dags/example_sensors.py
[2023-08-24T04:11:36.022+0000] {processor.py:839} INFO - DAG(s) dict_keys(['example_sensors']) retrieved from /home/airflow/.local/lib/python3.8/site-packages/airflow/example_dags/example_sensors.py
[2023-08-24T04:11:36.044+0000] {logging_mixin.py:151} INFO - [2023-08-24T04:11:36.044+0000] {dag.py:2907} INFO - Sync 1 DAGs
[2023-08-24T04:11:36.052+0000] {logging_mixin.py:151} INFO - [2023-08-24T04:11:36.052+0000] {dag.py:3677} INFO - Setting next_dagrun for example_sensors to None, run_after=None
[2023-08-24T04:11:36.063+0000] {processor.py:179} INFO - Processing /home/airflow/.local/lib/python3.8/site-packages/airflow/example_dags/example_sensors.py took 0.053 seconds
[2023-08-24T04:12:06.742+0000] {processor.py:157} INFO - Started process (PID=1581) to work on /home/airflow/.local/lib/python3.8/site-packages/airflow/example_dags/example_sensors.py
[2023-08-24T04:12:06.743+0000] {processor.py:829} INFO - Processing file /home/airflow/.local/lib/python3.8/site-packages/airflow/example_dags/example_sensors.py for tasks to queue
[2023-08-24T04:12:06.745+0000] {logging_mixin.py:151} INFO - [2023-08-24T04:12:06.744+0000] {dagbag.py:539} INFO - Filling up the DagBag from /home/airflow/.local/lib/python3.8/site-packages/airflow/example_dags/example_sensors.py
[2023-08-24T04:12:06.751+0000] {processor.py:839} INFO - DAG(s) dict_keys(['example_sensors']) retrieved from /home/airflow/.local/lib/python3.8/site-packages/airflow/example_dags/example_sensors.py
[2023-08-24T04:12:06.769+0000] {logging_mixin.py:151} INFO - [2023-08-24T04:12:06.769+0000] {dag.py:2907} INFO - Sync 1 DAGs
[2023-08-24T04:12:06.776+0000] {logging_mixin.py:151} INFO - [2023-08-24T04:12:06.776+0000] {dag.py:3677} INFO - Setting next_dagrun for example_sensors to None, run_after=None
[2023-08-24T04:12:06.787+0000] {processor.py:179} INFO - Processing /home/airflow/.local/lib/python3.8/site-packages/airflow/example_dags/example_sensors.py took 0.048 seconds
[2023-08-24T04:12:37.385+0000] {processor.py:157} INFO - Started process (PID=1644) to work on /home/airflow/.local/lib/python3.8/site-packages/airflow/example_dags/example_sensors.py
[2023-08-24T04:12:37.386+0000] {processor.py:829} INFO - Processing file /home/airflow/.local/lib/python3.8/site-packages/airflow/example_dags/example_sensors.py for tasks to queue
[2023-08-24T04:12:37.388+0000] {logging_mixin.py:151} INFO - [2023-08-24T04:12:37.388+0000] {dagbag.py:539} INFO - Filling up the DagBag from /home/airflow/.local/lib/python3.8/site-packages/airflow/example_dags/example_sensors.py
[2023-08-24T04:12:37.394+0000] {processor.py:839} INFO - DAG(s) dict_keys(['example_sensors']) retrieved from /home/airflow/.local/lib/python3.8/site-packages/airflow/example_dags/example_sensors.py
[2023-08-24T04:12:37.412+0000] {logging_mixin.py:151} INFO - [2023-08-24T04:12:37.412+0000] {dag.py:2907} INFO - Sync 1 DAGs
[2023-08-24T04:12:37.419+0000] {logging_mixin.py:151} INFO - [2023-08-24T04:12:37.419+0000] {dag.py:3677} INFO - Setting next_dagrun for example_sensors to None, run_after=None
[2023-08-24T04:12:37.429+0000] {processor.py:179} INFO - Processing /home/airflow/.local/lib/python3.8/site-packages/airflow/example_dags/example_sensors.py took 0.046 seconds
[2023-08-24T04:13:08.231+0000] {processor.py:157} INFO - Started process (PID=1707) to work on /home/airflow/.local/lib/python3.8/site-packages/airflow/example_dags/example_sensors.py
[2023-08-24T04:13:08.232+0000] {processor.py:829} INFO - Processing file /home/airflow/.local/lib/python3.8/site-packages/airflow/example_dags/example_sensors.py for tasks to queue
[2023-08-24T04:13:08.234+0000] {logging_mixin.py:151} INFO - [2023-08-24T04:13:08.234+0000] {dagbag.py:539} INFO - Filling up the DagBag from /home/airflow/.local/lib/python3.8/site-packages/airflow/example_dags/example_sensors.py
[2023-08-24T04:13:08.242+0000] {processor.py:839} INFO - DAG(s) dict_keys(['example_sensors']) retrieved from /home/airflow/.local/lib/python3.8/site-packages/airflow/example_dags/example_sensors.py
[2023-08-24T04:13:08.260+0000] {logging_mixin.py:151} INFO - [2023-08-24T04:13:08.260+0000] {dag.py:2907} INFO - Sync 1 DAGs
[2023-08-24T04:13:08.267+0000] {logging_mixin.py:151} INFO - [2023-08-24T04:13:08.267+0000] {dag.py:3677} INFO - Setting next_dagrun for example_sensors to None, run_after=None
[2023-08-24T04:13:08.277+0000] {processor.py:179} INFO - Processing /home/airflow/.local/lib/python3.8/site-packages/airflow/example_dags/example_sensors.py took 0.049 seconds
[2023-08-24T04:13:38.847+0000] {processor.py:157} INFO - Started process (PID=1770) to work on /home/airflow/.local/lib/python3.8/site-packages/airflow/example_dags/example_sensors.py
[2023-08-24T04:13:38.848+0000] {processor.py:829} INFO - Processing file /home/airflow/.local/lib/python3.8/site-packages/airflow/example_dags/example_sensors.py for tasks to queue
[2023-08-24T04:13:38.850+0000] {logging_mixin.py:151} INFO - [2023-08-24T04:13:38.850+0000] {dagbag.py:539} INFO - Filling up the DagBag from /home/airflow/.local/lib/python3.8/site-packages/airflow/example_dags/example_sensors.py
[2023-08-24T04:13:38.857+0000] {processor.py:839} INFO - DAG(s) dict_keys(['example_sensors']) retrieved from /home/airflow/.local/lib/python3.8/site-packages/airflow/example_dags/example_sensors.py
[2023-08-24T04:13:38.879+0000] {logging_mixin.py:151} INFO - [2023-08-24T04:13:38.879+0000] {dag.py:2907} INFO - Sync 1 DAGs
[2023-08-24T04:13:38.887+0000] {logging_mixin.py:151} INFO - [2023-08-24T04:13:38.887+0000] {dag.py:3677} INFO - Setting next_dagrun for example_sensors to None, run_after=None
[2023-08-24T04:13:38.899+0000] {processor.py:179} INFO - Processing /home/airflow/.local/lib/python3.8/site-packages/airflow/example_dags/example_sensors.py took 0.056 seconds
[2023-08-24T04:14:09.908+0000] {processor.py:157} INFO - Started process (PID=1833) to work on /home/airflow/.local/lib/python3.8/site-packages/airflow/example_dags/example_sensors.py
[2023-08-24T04:14:09.909+0000] {processor.py:829} INFO - Processing file /home/airflow/.local/lib/python3.8/site-packages/airflow/example_dags/example_sensors.py for tasks to queue
[2023-08-24T04:14:09.914+0000] {logging_mixin.py:151} INFO - [2023-08-24T04:14:09.914+0000] {dagbag.py:539} INFO - Filling up the DagBag from /home/airflow/.local/lib/python3.8/site-packages/airflow/example_dags/example_sensors.py
[2023-08-24T04:14:09.921+0000] {processor.py:839} INFO - DAG(s) dict_keys(['example_sensors']) retrieved from /home/airflow/.local/lib/python3.8/site-packages/airflow/example_dags/example_sensors.py
[2023-08-24T04:14:09.940+0000] {logging_mixin.py:151} INFO - [2023-08-24T04:14:09.940+0000] {dag.py:2907} INFO - Sync 1 DAGs
[2023-08-24T04:14:09.948+0000] {logging_mixin.py:151} INFO - [2023-08-24T04:14:09.948+0000] {dag.py:3677} INFO - Setting next_dagrun for example_sensors to None, run_after=None
[2023-08-24T04:14:09.961+0000] {processor.py:179} INFO - Processing /home/airflow/.local/lib/python3.8/site-packages/airflow/example_dags/example_sensors.py took 0.056 seconds
[2023-08-24T04:14:40.855+0000] {processor.py:157} INFO - Started process (PID=1896) to work on /home/airflow/.local/lib/python3.8/site-packages/airflow/example_dags/example_sensors.py
[2023-08-24T04:14:40.857+0000] {processor.py:829} INFO - Processing file /home/airflow/.local/lib/python3.8/site-packages/airflow/example_dags/example_sensors.py for tasks to queue
[2023-08-24T04:14:40.859+0000] {logging_mixin.py:151} INFO - [2023-08-24T04:14:40.859+0000] {dagbag.py:539} INFO - Filling up the DagBag from /home/airflow/.local/lib/python3.8/site-packages/airflow/example_dags/example_sensors.py
[2023-08-24T04:14:40.866+0000] {processor.py:839} INFO - DAG(s) dict_keys(['example_sensors']) retrieved from /home/airflow/.local/lib/python3.8/site-packages/airflow/example_dags/example_sensors.py
[2023-08-24T04:14:40.887+0000] {logging_mixin.py:151} INFO - [2023-08-24T04:14:40.887+0000] {dag.py:2907} INFO - Sync 1 DAGs
[2023-08-24T04:14:40.895+0000] {logging_mixin.py:151} INFO - [2023-08-24T04:14:40.895+0000] {dag.py:3677} INFO - Setting next_dagrun for example_sensors to None, run_after=None
[2023-08-24T04:14:40.910+0000] {processor.py:179} INFO - Processing /home/airflow/.local/lib/python3.8/site-packages/airflow/example_dags/example_sensors.py took 0.057 seconds
[2023-08-24T04:15:11.680+0000] {processor.py:157} INFO - Started process (PID=1959) to work on /home/airflow/.local/lib/python3.8/site-packages/airflow/example_dags/example_sensors.py
[2023-08-24T04:15:11.681+0000] {processor.py:829} INFO - Processing file /home/airflow/.local/lib/python3.8/site-packages/airflow/example_dags/example_sensors.py for tasks to queue
[2023-08-24T04:15:11.683+0000] {logging_mixin.py:151} INFO - [2023-08-24T04:15:11.683+0000] {dagbag.py:539} INFO - Filling up the DagBag from /home/airflow/.local/lib/python3.8/site-packages/airflow/example_dags/example_sensors.py
[2023-08-24T04:15:11.690+0000] {processor.py:839} INFO - DAG(s) dict_keys(['example_sensors']) retrieved from /home/airflow/.local/lib/python3.8/site-packages/airflow/example_dags/example_sensors.py
[2023-08-24T04:15:11.709+0000] {logging_mixin.py:151} INFO - [2023-08-24T04:15:11.709+0000] {dag.py:2907} INFO - Sync 1 DAGs
[2023-08-24T04:15:11.717+0000] {logging_mixin.py:151} INFO - [2023-08-24T04:15:11.717+0000] {dag.py:3677} INFO - Setting next_dagrun for example_sensors to None, run_after=None
[2023-08-24T04:15:11.729+0000] {processor.py:179} INFO - Processing /home/airflow/.local/lib/python3.8/site-packages/airflow/example_dags/example_sensors.py took 0.051 seconds
[2023-08-24T04:15:42.591+0000] {processor.py:157} INFO - Started process (PID=2028) to work on /home/airflow/.local/lib/python3.8/site-packages/airflow/example_dags/example_sensors.py
[2023-08-24T04:15:42.593+0000] {processor.py:829} INFO - Processing file /home/airflow/.local/lib/python3.8/site-packages/airflow/example_dags/example_sensors.py for tasks to queue
[2023-08-24T04:15:42.595+0000] {logging_mixin.py:151} INFO - [2023-08-24T04:15:42.594+0000] {dagbag.py:539} INFO - Filling up the DagBag from /home/airflow/.local/lib/python3.8/site-packages/airflow/example_dags/example_sensors.py
[2023-08-24T04:15:42.602+0000] {processor.py:839} INFO - DAG(s) dict_keys(['example_sensors']) retrieved from /home/airflow/.local/lib/python3.8/site-packages/airflow/example_dags/example_sensors.py
[2023-08-24T04:15:42.622+0000] {logging_mixin.py:151} INFO - [2023-08-24T04:15:42.622+0000] {dag.py:2907} INFO - Sync 1 DAGs
[2023-08-24T04:15:42.631+0000] {logging_mixin.py:151} INFO - [2023-08-24T04:15:42.631+0000] {dag.py:3677} INFO - Setting next_dagrun for example_sensors to None, run_after=None
[2023-08-24T04:15:42.643+0000] {processor.py:179} INFO - Processing /home/airflow/.local/lib/python3.8/site-packages/airflow/example_dags/example_sensors.py took 0.055 seconds
[2023-08-24T04:16:13.292+0000] {processor.py:157} INFO - Started process (PID=2091) to work on /home/airflow/.local/lib/python3.8/site-packages/airflow/example_dags/example_sensors.py
[2023-08-24T04:16:13.293+0000] {processor.py:829} INFO - Processing file /home/airflow/.local/lib/python3.8/site-packages/airflow/example_dags/example_sensors.py for tasks to queue
[2023-08-24T04:16:13.295+0000] {logging_mixin.py:151} INFO - [2023-08-24T04:16:13.295+0000] {dagbag.py:539} INFO - Filling up the DagBag from /home/airflow/.local/lib/python3.8/site-packages/airflow/example_dags/example_sensors.py
[2023-08-24T04:16:13.302+0000] {processor.py:839} INFO - DAG(s) dict_keys(['example_sensors']) retrieved from /home/airflow/.local/lib/python3.8/site-packages/airflow/example_dags/example_sensors.py
[2023-08-24T04:16:13.321+0000] {logging_mixin.py:151} INFO - [2023-08-24T04:16:13.321+0000] {dag.py:2907} INFO - Sync 1 DAGs
[2023-08-24T04:16:13.329+0000] {logging_mixin.py:151} INFO - [2023-08-24T04:16:13.329+0000] {dag.py:3677} INFO - Setting next_dagrun for example_sensors to None, run_after=None
[2023-08-24T04:16:13.341+0000] {processor.py:179} INFO - Processing /home/airflow/.local/lib/python3.8/site-packages/airflow/example_dags/example_sensors.py took 0.052 seconds
[2023-08-24T04:16:44.064+0000] {processor.py:157} INFO - Started process (PID=2154) to work on /home/airflow/.local/lib/python3.8/site-packages/airflow/example_dags/example_sensors.py
[2023-08-24T04:16:44.065+0000] {processor.py:829} INFO - Processing file /home/airflow/.local/lib/python3.8/site-packages/airflow/example_dags/example_sensors.py for tasks to queue
[2023-08-24T04:16:44.067+0000] {logging_mixin.py:151} INFO - [2023-08-24T04:16:44.067+0000] {dagbag.py:539} INFO - Filling up the DagBag from /home/airflow/.local/lib/python3.8/site-packages/airflow/example_dags/example_sensors.py
[2023-08-24T04:16:44.074+0000] {processor.py:839} INFO - DAG(s) dict_keys(['example_sensors']) retrieved from /home/airflow/.local/lib/python3.8/site-packages/airflow/example_dags/example_sensors.py
[2023-08-24T04:16:44.094+0000] {logging_mixin.py:151} INFO - [2023-08-24T04:16:44.093+0000] {dag.py:2907} INFO - Sync 1 DAGs
[2023-08-24T04:16:44.103+0000] {logging_mixin.py:151} INFO - [2023-08-24T04:16:44.103+0000] {dag.py:3677} INFO - Setting next_dagrun for example_sensors to None, run_after=None
[2023-08-24T04:16:44.113+0000] {processor.py:179} INFO - Processing /home/airflow/.local/lib/python3.8/site-packages/airflow/example_dags/example_sensors.py took 0.052 seconds
[2023-08-24T04:17:15.008+0000] {processor.py:157} INFO - Started process (PID=2217) to work on /home/airflow/.local/lib/python3.8/site-packages/airflow/example_dags/example_sensors.py
[2023-08-24T04:17:15.009+0000] {processor.py:829} INFO - Processing file /home/airflow/.local/lib/python3.8/site-packages/airflow/example_dags/example_sensors.py for tasks to queue
[2023-08-24T04:17:15.011+0000] {logging_mixin.py:151} INFO - [2023-08-24T04:17:15.011+0000] {dagbag.py:539} INFO - Filling up the DagBag from /home/airflow/.local/lib/python3.8/site-packages/airflow/example_dags/example_sensors.py
[2023-08-24T04:17:15.018+0000] {processor.py:839} INFO - DAG(s) dict_keys(['example_sensors']) retrieved from /home/airflow/.local/lib/python3.8/site-packages/airflow/example_dags/example_sensors.py
[2023-08-24T04:17:15.040+0000] {logging_mixin.py:151} INFO - [2023-08-24T04:17:15.040+0000] {dag.py:2907} INFO - Sync 1 DAGs
[2023-08-24T04:17:15.049+0000] {logging_mixin.py:151} INFO - [2023-08-24T04:17:15.049+0000] {dag.py:3677} INFO - Setting next_dagrun for example_sensors to None, run_after=None
[2023-08-24T04:17:15.062+0000] {processor.py:179} INFO - Processing /home/airflow/.local/lib/python3.8/site-packages/airflow/example_dags/example_sensors.py took 0.057 seconds
[2023-08-24T04:17:45.185+0000] {processor.py:157} INFO - Started process (PID=2284) to work on /home/airflow/.local/lib/python3.8/site-packages/airflow/example_dags/example_sensors.py
[2023-08-24T04:17:45.187+0000] {processor.py:829} INFO - Processing file /home/airflow/.local/lib/python3.8/site-packages/airflow/example_dags/example_sensors.py for tasks to queue
[2023-08-24T04:17:45.188+0000] {logging_mixin.py:151} INFO - [2023-08-24T04:17:45.188+0000] {dagbag.py:539} INFO - Filling up the DagBag from /home/airflow/.local/lib/python3.8/site-packages/airflow/example_dags/example_sensors.py
[2023-08-24T04:17:45.196+0000] {processor.py:839} INFO - DAG(s) dict_keys(['example_sensors']) retrieved from /home/airflow/.local/lib/python3.8/site-packages/airflow/example_dags/example_sensors.py
[2023-08-24T04:17:45.215+0000] {logging_mixin.py:151} INFO - [2023-08-24T04:17:45.215+0000] {dag.py:2907} INFO - Sync 1 DAGs
[2023-08-24T04:17:45.224+0000] {logging_mixin.py:151} INFO - [2023-08-24T04:17:45.224+0000] {dag.py:3677} INFO - Setting next_dagrun for example_sensors to None, run_after=None
[2023-08-24T04:17:45.235+0000] {processor.py:179} INFO - Processing /home/airflow/.local/lib/python3.8/site-packages/airflow/example_dags/example_sensors.py took 0.052 seconds
[2023-08-24T04:18:15.937+0000] {processor.py:157} INFO - Started process (PID=2346) to work on /home/airflow/.local/lib/python3.8/site-packages/airflow/example_dags/example_sensors.py
[2023-08-24T04:18:15.938+0000] {processor.py:829} INFO - Processing file /home/airflow/.local/lib/python3.8/site-packages/airflow/example_dags/example_sensors.py for tasks to queue
[2023-08-24T04:18:15.940+0000] {logging_mixin.py:151} INFO - [2023-08-24T04:18:15.939+0000] {dagbag.py:539} INFO - Filling up the DagBag from /home/airflow/.local/lib/python3.8/site-packages/airflow/example_dags/example_sensors.py
[2023-08-24T04:18:15.946+0000] {processor.py:839} INFO - DAG(s) dict_keys(['example_sensors']) retrieved from /home/airflow/.local/lib/python3.8/site-packages/airflow/example_dags/example_sensors.py
[2023-08-24T04:18:15.965+0000] {logging_mixin.py:151} INFO - [2023-08-24T04:18:15.965+0000] {dag.py:2907} INFO - Sync 1 DAGs
[2023-08-24T04:18:15.973+0000] {logging_mixin.py:151} INFO - [2023-08-24T04:18:15.973+0000] {dag.py:3677} INFO - Setting next_dagrun for example_sensors to None, run_after=None
[2023-08-24T04:18:15.983+0000] {processor.py:179} INFO - Processing /home/airflow/.local/lib/python3.8/site-packages/airflow/example_dags/example_sensors.py took 0.049 seconds
[2023-08-24T04:24:30.489+0000] {processor.py:157} INFO - Started process (PID=70) to work on /home/airflow/.local/lib/python3.8/site-packages/airflow/example_dags/example_sensors.py
[2023-08-24T04:24:30.490+0000] {processor.py:829} INFO - Processing file /home/airflow/.local/lib/python3.8/site-packages/airflow/example_dags/example_sensors.py for tasks to queue
[2023-08-24T04:24:30.492+0000] {logging_mixin.py:151} INFO - [2023-08-24T04:24:30.492+0000] {dagbag.py:539} INFO - Filling up the DagBag from /home/airflow/.local/lib/python3.8/site-packages/airflow/example_dags/example_sensors.py
[2023-08-24T04:24:30.500+0000] {processor.py:839} INFO - DAG(s) dict_keys(['example_sensors']) retrieved from /home/airflow/.local/lib/python3.8/site-packages/airflow/example_dags/example_sensors.py
[2023-08-24T04:24:30.511+0000] {logging_mixin.py:151} INFO - [2023-08-24T04:24:30.511+0000] {dag.py:2907} INFO - Sync 1 DAGs
[2023-08-24T04:24:30.523+0000] {logging_mixin.py:151} INFO - [2023-08-24T04:24:30.523+0000] {dag.py:3677} INFO - Setting next_dagrun for example_sensors to None, run_after=None
[2023-08-24T04:24:30.533+0000] {processor.py:179} INFO - Processing /home/airflow/.local/lib/python3.8/site-packages/airflow/example_dags/example_sensors.py took 0.047 seconds
[2023-08-24T04:25:00.600+0000] {processor.py:157} INFO - Started process (PID=133) to work on /home/airflow/.local/lib/python3.8/site-packages/airflow/example_dags/example_sensors.py
[2023-08-24T04:25:00.601+0000] {processor.py:829} INFO - Processing file /home/airflow/.local/lib/python3.8/site-packages/airflow/example_dags/example_sensors.py for tasks to queue
[2023-08-24T04:25:00.603+0000] {logging_mixin.py:151} INFO - [2023-08-24T04:25:00.603+0000] {dagbag.py:539} INFO - Filling up the DagBag from /home/airflow/.local/lib/python3.8/site-packages/airflow/example_dags/example_sensors.py
[2023-08-24T04:25:00.610+0000] {processor.py:839} INFO - DAG(s) dict_keys(['example_sensors']) retrieved from /home/airflow/.local/lib/python3.8/site-packages/airflow/example_dags/example_sensors.py
[2023-08-24T04:25:00.630+0000] {logging_mixin.py:151} INFO - [2023-08-24T04:25:00.630+0000] {dag.py:2907} INFO - Sync 1 DAGs
[2023-08-24T04:25:00.638+0000] {logging_mixin.py:151} INFO - [2023-08-24T04:25:00.638+0000] {dag.py:3677} INFO - Setting next_dagrun for example_sensors to None, run_after=None
[2023-08-24T04:25:00.650+0000] {processor.py:179} INFO - Processing /home/airflow/.local/lib/python3.8/site-packages/airflow/example_dags/example_sensors.py took 0.053 seconds
[2023-08-24T04:26:40.467+0000] {processor.py:157} INFO - Started process (PID=70) to work on /home/airflow/.local/lib/python3.8/site-packages/airflow/example_dags/example_sensors.py
[2023-08-24T04:26:40.468+0000] {processor.py:829} INFO - Processing file /home/airflow/.local/lib/python3.8/site-packages/airflow/example_dags/example_sensors.py for tasks to queue
[2023-08-24T04:26:40.470+0000] {logging_mixin.py:151} INFO - [2023-08-24T04:26:40.470+0000] {dagbag.py:539} INFO - Filling up the DagBag from /home/airflow/.local/lib/python3.8/site-packages/airflow/example_dags/example_sensors.py
[2023-08-24T04:26:40.478+0000] {processor.py:839} INFO - DAG(s) dict_keys(['example_sensors']) retrieved from /home/airflow/.local/lib/python3.8/site-packages/airflow/example_dags/example_sensors.py
[2023-08-24T04:26:40.491+0000] {logging_mixin.py:151} INFO - [2023-08-24T04:26:40.491+0000] {dag.py:2907} INFO - Sync 1 DAGs
[2023-08-24T04:26:40.500+0000] {logging_mixin.py:151} INFO - [2023-08-24T04:26:40.500+0000] {dag.py:3677} INFO - Setting next_dagrun for example_sensors to None, run_after=None
[2023-08-24T04:26:40.511+0000] {processor.py:179} INFO - Processing /home/airflow/.local/lib/python3.8/site-packages/airflow/example_dags/example_sensors.py took 0.048 seconds
[2023-08-24T04:27:10.713+0000] {processor.py:157} INFO - Started process (PID=132) to work on /home/airflow/.local/lib/python3.8/site-packages/airflow/example_dags/example_sensors.py
[2023-08-24T04:27:10.714+0000] {processor.py:829} INFO - Processing file /home/airflow/.local/lib/python3.8/site-packages/airflow/example_dags/example_sensors.py for tasks to queue
[2023-08-24T04:27:10.716+0000] {logging_mixin.py:151} INFO - [2023-08-24T04:27:10.716+0000] {dagbag.py:539} INFO - Filling up the DagBag from /home/airflow/.local/lib/python3.8/site-packages/airflow/example_dags/example_sensors.py
[2023-08-24T04:27:10.723+0000] {processor.py:839} INFO - DAG(s) dict_keys(['example_sensors']) retrieved from /home/airflow/.local/lib/python3.8/site-packages/airflow/example_dags/example_sensors.py
[2023-08-24T04:27:10.741+0000] {logging_mixin.py:151} INFO - [2023-08-24T04:27:10.741+0000] {dag.py:2907} INFO - Sync 1 DAGs
[2023-08-24T04:27:10.748+0000] {logging_mixin.py:151} INFO - [2023-08-24T04:27:10.748+0000] {dag.py:3677} INFO - Setting next_dagrun for example_sensors to None, run_after=None
[2023-08-24T04:27:10.759+0000] {processor.py:179} INFO - Processing /home/airflow/.local/lib/python3.8/site-packages/airflow/example_dags/example_sensors.py took 0.049 seconds
