[2023-08-24T03:04:54.882+0000] {processor.py:157} INFO - Started process (PID=74) to work on /home/airflow/.local/lib/python3.8/site-packages/airflow/example_dags/example_kubernetes_executor.py
[2023-08-24T03:04:54.883+0000] {processor.py:829} INFO - Processing file /home/airflow/.local/lib/python3.8/site-packages/airflow/example_dags/example_kubernetes_executor.py for tasks to queue
[2023-08-24T03:04:54.885+0000] {logging_mixin.py:151} INFO - [2023-08-24T03:04:54.885+0000] {dagbag.py:539} INFO - Filling up the DagBag from /home/airflow/.local/lib/python3.8/site-packages/airflow/example_dags/example_kubernetes_executor.py
[2023-08-24T03:04:55.022+0000] {processor.py:839} INFO - DAG(s) dict_keys(['example_kubernetes_executor']) retrieved from /home/airflow/.local/lib/python3.8/site-packages/airflow/example_dags/example_kubernetes_executor.py
[2023-08-24T03:04:55.034+0000] {logging_mixin.py:151} INFO - [2023-08-24T03:04:55.033+0000] {dag.py:2907} INFO - Sync 1 DAGs
[2023-08-24T03:04:55.043+0000] {logging_mixin.py:151} INFO - [2023-08-24T03:04:55.043+0000] {dag.py:3677} INFO - Setting next_dagrun for example_kubernetes_executor to None, run_after=None
[2023-08-24T03:04:55.053+0000] {processor.py:179} INFO - Processing /home/airflow/.local/lib/python3.8/site-packages/airflow/example_dags/example_kubernetes_executor.py took 0.175 seconds
[2023-08-24T03:05:25.292+0000] {processor.py:157} INFO - Started process (PID=137) to work on /home/airflow/.local/lib/python3.8/site-packages/airflow/example_dags/example_kubernetes_executor.py
[2023-08-24T03:05:25.293+0000] {processor.py:829} INFO - Processing file /home/airflow/.local/lib/python3.8/site-packages/airflow/example_dags/example_kubernetes_executor.py for tasks to queue
[2023-08-24T03:05:25.296+0000] {logging_mixin.py:151} INFO - [2023-08-24T03:05:25.295+0000] {dagbag.py:539} INFO - Filling up the DagBag from /home/airflow/.local/lib/python3.8/site-packages/airflow/example_dags/example_kubernetes_executor.py
[2023-08-24T03:05:25.429+0000] {processor.py:839} INFO - DAG(s) dict_keys(['example_kubernetes_executor']) retrieved from /home/airflow/.local/lib/python3.8/site-packages/airflow/example_dags/example_kubernetes_executor.py
[2023-08-24T03:05:25.453+0000] {logging_mixin.py:151} INFO - [2023-08-24T03:05:25.453+0000] {dag.py:2907} INFO - Sync 1 DAGs
[2023-08-24T03:05:25.461+0000] {logging_mixin.py:151} INFO - [2023-08-24T03:05:25.461+0000] {dag.py:3677} INFO - Setting next_dagrun for example_kubernetes_executor to None, run_after=None
[2023-08-24T03:05:25.471+0000] {processor.py:179} INFO - Processing /home/airflow/.local/lib/python3.8/site-packages/airflow/example_dags/example_kubernetes_executor.py took 0.183 seconds
[2023-08-24T03:05:56.208+0000] {processor.py:157} INFO - Started process (PID=200) to work on /home/airflow/.local/lib/python3.8/site-packages/airflow/example_dags/example_kubernetes_executor.py
[2023-08-24T03:05:56.209+0000] {processor.py:829} INFO - Processing file /home/airflow/.local/lib/python3.8/site-packages/airflow/example_dags/example_kubernetes_executor.py for tasks to queue
[2023-08-24T03:05:56.211+0000] {logging_mixin.py:151} INFO - [2023-08-24T03:05:56.211+0000] {dagbag.py:539} INFO - Filling up the DagBag from /home/airflow/.local/lib/python3.8/site-packages/airflow/example_dags/example_kubernetes_executor.py
[2023-08-24T03:05:56.345+0000] {processor.py:839} INFO - DAG(s) dict_keys(['example_kubernetes_executor']) retrieved from /home/airflow/.local/lib/python3.8/site-packages/airflow/example_dags/example_kubernetes_executor.py
[2023-08-24T03:05:56.372+0000] {logging_mixin.py:151} INFO - [2023-08-24T03:05:56.371+0000] {dag.py:2907} INFO - Sync 1 DAGs
[2023-08-24T03:05:56.379+0000] {logging_mixin.py:151} INFO - [2023-08-24T03:05:56.379+0000] {dag.py:3677} INFO - Setting next_dagrun for example_kubernetes_executor to None, run_after=None
[2023-08-24T03:05:56.390+0000] {processor.py:179} INFO - Processing /home/airflow/.local/lib/python3.8/site-packages/airflow/example_dags/example_kubernetes_executor.py took 0.185 seconds
[2023-08-24T03:06:27.181+0000] {processor.py:157} INFO - Started process (PID=263) to work on /home/airflow/.local/lib/python3.8/site-packages/airflow/example_dags/example_kubernetes_executor.py
[2023-08-24T03:06:27.182+0000] {processor.py:829} INFO - Processing file /home/airflow/.local/lib/python3.8/site-packages/airflow/example_dags/example_kubernetes_executor.py for tasks to queue
[2023-08-24T03:06:27.184+0000] {logging_mixin.py:151} INFO - [2023-08-24T03:06:27.184+0000] {dagbag.py:539} INFO - Filling up the DagBag from /home/airflow/.local/lib/python3.8/site-packages/airflow/example_dags/example_kubernetes_executor.py
[2023-08-24T03:06:27.317+0000] {processor.py:839} INFO - DAG(s) dict_keys(['example_kubernetes_executor']) retrieved from /home/airflow/.local/lib/python3.8/site-packages/airflow/example_dags/example_kubernetes_executor.py
[2023-08-24T03:06:27.341+0000] {logging_mixin.py:151} INFO - [2023-08-24T03:06:27.341+0000] {dag.py:2907} INFO - Sync 1 DAGs
[2023-08-24T03:06:27.349+0000] {logging_mixin.py:151} INFO - [2023-08-24T03:06:27.349+0000] {dag.py:3677} INFO - Setting next_dagrun for example_kubernetes_executor to None, run_after=None
[2023-08-24T03:06:27.359+0000] {processor.py:179} INFO - Processing /home/airflow/.local/lib/python3.8/site-packages/airflow/example_dags/example_kubernetes_executor.py took 0.182 seconds
[2023-08-24T03:06:58.063+0000] {processor.py:157} INFO - Started process (PID=326) to work on /home/airflow/.local/lib/python3.8/site-packages/airflow/example_dags/example_kubernetes_executor.py
[2023-08-24T03:06:58.064+0000] {processor.py:829} INFO - Processing file /home/airflow/.local/lib/python3.8/site-packages/airflow/example_dags/example_kubernetes_executor.py for tasks to queue
[2023-08-24T03:06:58.066+0000] {logging_mixin.py:151} INFO - [2023-08-24T03:06:58.066+0000] {dagbag.py:539} INFO - Filling up the DagBag from /home/airflow/.local/lib/python3.8/site-packages/airflow/example_dags/example_kubernetes_executor.py
[2023-08-24T03:06:58.207+0000] {processor.py:839} INFO - DAG(s) dict_keys(['example_kubernetes_executor']) retrieved from /home/airflow/.local/lib/python3.8/site-packages/airflow/example_dags/example_kubernetes_executor.py
[2023-08-24T03:06:58.233+0000] {logging_mixin.py:151} INFO - [2023-08-24T03:06:58.232+0000] {dag.py:2907} INFO - Sync 1 DAGs
[2023-08-24T03:06:58.240+0000] {logging_mixin.py:151} INFO - [2023-08-24T03:06:58.240+0000] {dag.py:3677} INFO - Setting next_dagrun for example_kubernetes_executor to None, run_after=None
[2023-08-24T03:06:58.250+0000] {processor.py:179} INFO - Processing /home/airflow/.local/lib/python3.8/site-packages/airflow/example_dags/example_kubernetes_executor.py took 0.190 seconds
[2023-08-24T03:07:28.784+0000] {processor.py:157} INFO - Started process (PID=393) to work on /home/airflow/.local/lib/python3.8/site-packages/airflow/example_dags/example_kubernetes_executor.py
[2023-08-24T03:07:28.785+0000] {processor.py:829} INFO - Processing file /home/airflow/.local/lib/python3.8/site-packages/airflow/example_dags/example_kubernetes_executor.py for tasks to queue
[2023-08-24T03:07:28.787+0000] {logging_mixin.py:151} INFO - [2023-08-24T03:07:28.787+0000] {dagbag.py:539} INFO - Filling up the DagBag from /home/airflow/.local/lib/python3.8/site-packages/airflow/example_dags/example_kubernetes_executor.py
[2023-08-24T03:07:28.920+0000] {processor.py:839} INFO - DAG(s) dict_keys(['example_kubernetes_executor']) retrieved from /home/airflow/.local/lib/python3.8/site-packages/airflow/example_dags/example_kubernetes_executor.py
[2023-08-24T03:07:28.943+0000] {logging_mixin.py:151} INFO - [2023-08-24T03:07:28.943+0000] {dag.py:2907} INFO - Sync 1 DAGs
[2023-08-24T03:07:28.951+0000] {logging_mixin.py:151} INFO - [2023-08-24T03:07:28.951+0000] {dag.py:3677} INFO - Setting next_dagrun for example_kubernetes_executor to None, run_after=None
[2023-08-24T03:07:28.962+0000] {processor.py:179} INFO - Processing /home/airflow/.local/lib/python3.8/site-packages/airflow/example_dags/example_kubernetes_executor.py took 0.181 seconds
[2023-08-24T03:07:59.548+0000] {processor.py:157} INFO - Started process (PID=457) to work on /home/airflow/.local/lib/python3.8/site-packages/airflow/example_dags/example_kubernetes_executor.py
[2023-08-24T03:07:59.549+0000] {processor.py:829} INFO - Processing file /home/airflow/.local/lib/python3.8/site-packages/airflow/example_dags/example_kubernetes_executor.py for tasks to queue
[2023-08-24T03:07:59.551+0000] {logging_mixin.py:151} INFO - [2023-08-24T03:07:59.551+0000] {dagbag.py:539} INFO - Filling up the DagBag from /home/airflow/.local/lib/python3.8/site-packages/airflow/example_dags/example_kubernetes_executor.py
[2023-08-24T03:07:59.697+0000] {processor.py:839} INFO - DAG(s) dict_keys(['example_kubernetes_executor']) retrieved from /home/airflow/.local/lib/python3.8/site-packages/airflow/example_dags/example_kubernetes_executor.py
[2023-08-24T03:07:59.722+0000] {logging_mixin.py:151} INFO - [2023-08-24T03:07:59.722+0000] {dag.py:2907} INFO - Sync 1 DAGs
[2023-08-24T03:07:59.729+0000] {logging_mixin.py:151} INFO - [2023-08-24T03:07:59.729+0000] {dag.py:3677} INFO - Setting next_dagrun for example_kubernetes_executor to None, run_after=None
[2023-08-24T03:07:59.740+0000] {processor.py:179} INFO - Processing /home/airflow/.local/lib/python3.8/site-packages/airflow/example_dags/example_kubernetes_executor.py took 0.195 seconds
[2023-08-24T03:08:30.361+0000] {processor.py:157} INFO - Started process (PID=520) to work on /home/airflow/.local/lib/python3.8/site-packages/airflow/example_dags/example_kubernetes_executor.py
[2023-08-24T03:08:30.362+0000] {processor.py:829} INFO - Processing file /home/airflow/.local/lib/python3.8/site-packages/airflow/example_dags/example_kubernetes_executor.py for tasks to queue
[2023-08-24T03:08:30.364+0000] {logging_mixin.py:151} INFO - [2023-08-24T03:08:30.364+0000] {dagbag.py:539} INFO - Filling up the DagBag from /home/airflow/.local/lib/python3.8/site-packages/airflow/example_dags/example_kubernetes_executor.py
[2023-08-24T03:08:30.505+0000] {processor.py:839} INFO - DAG(s) dict_keys(['example_kubernetes_executor']) retrieved from /home/airflow/.local/lib/python3.8/site-packages/airflow/example_dags/example_kubernetes_executor.py
[2023-08-24T03:08:30.530+0000] {logging_mixin.py:151} INFO - [2023-08-24T03:08:30.530+0000] {dag.py:2907} INFO - Sync 1 DAGs
[2023-08-24T03:08:30.538+0000] {logging_mixin.py:151} INFO - [2023-08-24T03:08:30.538+0000] {dag.py:3677} INFO - Setting next_dagrun for example_kubernetes_executor to None, run_after=None
[2023-08-24T03:08:30.549+0000] {processor.py:179} INFO - Processing /home/airflow/.local/lib/python3.8/site-packages/airflow/example_dags/example_kubernetes_executor.py took 0.191 seconds
[2023-08-24T03:09:01.174+0000] {processor.py:157} INFO - Started process (PID=583) to work on /home/airflow/.local/lib/python3.8/site-packages/airflow/example_dags/example_kubernetes_executor.py
[2023-08-24T03:09:01.175+0000] {processor.py:829} INFO - Processing file /home/airflow/.local/lib/python3.8/site-packages/airflow/example_dags/example_kubernetes_executor.py for tasks to queue
[2023-08-24T03:09:01.177+0000] {logging_mixin.py:151} INFO - [2023-08-24T03:09:01.177+0000] {dagbag.py:539} INFO - Filling up the DagBag from /home/airflow/.local/lib/python3.8/site-packages/airflow/example_dags/example_kubernetes_executor.py
[2023-08-24T03:09:01.310+0000] {processor.py:839} INFO - DAG(s) dict_keys(['example_kubernetes_executor']) retrieved from /home/airflow/.local/lib/python3.8/site-packages/airflow/example_dags/example_kubernetes_executor.py
[2023-08-24T03:09:01.334+0000] {logging_mixin.py:151} INFO - [2023-08-24T03:09:01.333+0000] {dag.py:2907} INFO - Sync 1 DAGs
[2023-08-24T03:09:01.341+0000] {logging_mixin.py:151} INFO - [2023-08-24T03:09:01.341+0000] {dag.py:3677} INFO - Setting next_dagrun for example_kubernetes_executor to None, run_after=None
[2023-08-24T03:09:01.350+0000] {processor.py:179} INFO - Processing /home/airflow/.local/lib/python3.8/site-packages/airflow/example_dags/example_kubernetes_executor.py took 0.179 seconds
[2023-08-24T03:16:30.510+0000] {processor.py:157} INFO - Started process (PID=75) to work on /home/airflow/.local/lib/python3.8/site-packages/airflow/example_dags/example_kubernetes_executor.py
[2023-08-24T03:16:30.512+0000] {processor.py:829} INFO - Processing file /home/airflow/.local/lib/python3.8/site-packages/airflow/example_dags/example_kubernetes_executor.py for tasks to queue
[2023-08-24T03:16:30.514+0000] {logging_mixin.py:151} INFO - [2023-08-24T03:16:30.514+0000] {dagbag.py:539} INFO - Filling up the DagBag from /home/airflow/.local/lib/python3.8/site-packages/airflow/example_dags/example_kubernetes_executor.py
[2023-08-24T03:16:30.658+0000] {processor.py:839} INFO - DAG(s) dict_keys(['example_kubernetes_executor']) retrieved from /home/airflow/.local/lib/python3.8/site-packages/airflow/example_dags/example_kubernetes_executor.py
[2023-08-24T03:16:30.669+0000] {logging_mixin.py:151} INFO - [2023-08-24T03:16:30.669+0000] {dag.py:2907} INFO - Sync 1 DAGs
[2023-08-24T03:16:30.677+0000] {logging_mixin.py:151} INFO - [2023-08-24T03:16:30.677+0000] {dag.py:3677} INFO - Setting next_dagrun for example_kubernetes_executor to None, run_after=None
[2023-08-24T03:16:30.690+0000] {processor.py:179} INFO - Processing /home/airflow/.local/lib/python3.8/site-packages/airflow/example_dags/example_kubernetes_executor.py took 0.182 seconds
[2023-08-24T03:17:00.768+0000] {processor.py:157} INFO - Started process (PID=138) to work on /home/airflow/.local/lib/python3.8/site-packages/airflow/example_dags/example_kubernetes_executor.py
[2023-08-24T03:17:00.770+0000] {processor.py:829} INFO - Processing file /home/airflow/.local/lib/python3.8/site-packages/airflow/example_dags/example_kubernetes_executor.py for tasks to queue
[2023-08-24T03:17:00.773+0000] {logging_mixin.py:151} INFO - [2023-08-24T03:17:00.772+0000] {dagbag.py:539} INFO - Filling up the DagBag from /home/airflow/.local/lib/python3.8/site-packages/airflow/example_dags/example_kubernetes_executor.py
[2023-08-24T03:17:00.907+0000] {processor.py:839} INFO - DAG(s) dict_keys(['example_kubernetes_executor']) retrieved from /home/airflow/.local/lib/python3.8/site-packages/airflow/example_dags/example_kubernetes_executor.py
[2023-08-24T03:17:00.932+0000] {logging_mixin.py:151} INFO - [2023-08-24T03:17:00.931+0000] {dag.py:2907} INFO - Sync 1 DAGs
[2023-08-24T03:17:00.940+0000] {logging_mixin.py:151} INFO - [2023-08-24T03:17:00.940+0000] {dag.py:3677} INFO - Setting next_dagrun for example_kubernetes_executor to None, run_after=None
[2023-08-24T03:17:00.951+0000] {processor.py:179} INFO - Processing /home/airflow/.local/lib/python3.8/site-packages/airflow/example_dags/example_kubernetes_executor.py took 0.187 seconds
[2023-08-24T03:17:31.465+0000] {processor.py:157} INFO - Started process (PID=201) to work on /home/airflow/.local/lib/python3.8/site-packages/airflow/example_dags/example_kubernetes_executor.py
[2023-08-24T03:17:31.466+0000] {processor.py:829} INFO - Processing file /home/airflow/.local/lib/python3.8/site-packages/airflow/example_dags/example_kubernetes_executor.py for tasks to queue
[2023-08-24T03:17:31.468+0000] {logging_mixin.py:151} INFO - [2023-08-24T03:17:31.468+0000] {dagbag.py:539} INFO - Filling up the DagBag from /home/airflow/.local/lib/python3.8/site-packages/airflow/example_dags/example_kubernetes_executor.py
[2023-08-24T03:17:31.597+0000] {processor.py:839} INFO - DAG(s) dict_keys(['example_kubernetes_executor']) retrieved from /home/airflow/.local/lib/python3.8/site-packages/airflow/example_dags/example_kubernetes_executor.py
[2023-08-24T03:17:31.624+0000] {logging_mixin.py:151} INFO - [2023-08-24T03:17:31.624+0000] {dag.py:2907} INFO - Sync 1 DAGs
[2023-08-24T03:17:31.631+0000] {logging_mixin.py:151} INFO - [2023-08-24T03:17:31.631+0000] {dag.py:3677} INFO - Setting next_dagrun for example_kubernetes_executor to None, run_after=None
[2023-08-24T03:17:31.642+0000] {processor.py:179} INFO - Processing /home/airflow/.local/lib/python3.8/site-packages/airflow/example_dags/example_kubernetes_executor.py took 0.179 seconds
[2023-08-24T03:18:02.608+0000] {processor.py:157} INFO - Started process (PID=264) to work on /home/airflow/.local/lib/python3.8/site-packages/airflow/example_dags/example_kubernetes_executor.py
[2023-08-24T03:18:02.610+0000] {processor.py:829} INFO - Processing file /home/airflow/.local/lib/python3.8/site-packages/airflow/example_dags/example_kubernetes_executor.py for tasks to queue
[2023-08-24T03:18:02.613+0000] {logging_mixin.py:151} INFO - [2023-08-24T03:18:02.613+0000] {dagbag.py:539} INFO - Filling up the DagBag from /home/airflow/.local/lib/python3.8/site-packages/airflow/example_dags/example_kubernetes_executor.py
[2023-08-24T03:18:03.239+0000] {logging_mixin.py:151} INFO - [2023-08-24T03:18:03.239+0000] {process_utils.py:259} INFO - Waiting up to 5 seconds for processes to exit...
[2023-08-24T03:19:16.723+0000] {processor.py:157} INFO - Started process (PID=74) to work on /home/airflow/.local/lib/python3.8/site-packages/airflow/example_dags/example_kubernetes_executor.py
[2023-08-24T03:19:16.724+0000] {processor.py:829} INFO - Processing file /home/airflow/.local/lib/python3.8/site-packages/airflow/example_dags/example_kubernetes_executor.py for tasks to queue
[2023-08-24T03:19:16.726+0000] {logging_mixin.py:151} INFO - [2023-08-24T03:19:16.726+0000] {dagbag.py:539} INFO - Filling up the DagBag from /home/airflow/.local/lib/python3.8/site-packages/airflow/example_dags/example_kubernetes_executor.py
[2023-08-24T03:19:16.862+0000] {processor.py:839} INFO - DAG(s) dict_keys(['example_kubernetes_executor']) retrieved from /home/airflow/.local/lib/python3.8/site-packages/airflow/example_dags/example_kubernetes_executor.py
[2023-08-24T03:19:16.873+0000] {logging_mixin.py:151} INFO - [2023-08-24T03:19:16.872+0000] {dag.py:2907} INFO - Sync 1 DAGs
[2023-08-24T03:19:16.881+0000] {logging_mixin.py:151} INFO - [2023-08-24T03:19:16.881+0000] {dag.py:3677} INFO - Setting next_dagrun for example_kubernetes_executor to None, run_after=None
[2023-08-24T03:19:16.894+0000] {processor.py:179} INFO - Processing /home/airflow/.local/lib/python3.8/site-packages/airflow/example_dags/example_kubernetes_executor.py took 0.174 seconds
[2023-08-24T03:22:57.454+0000] {processor.py:157} INFO - Started process (PID=73) to work on /home/airflow/.local/lib/python3.8/site-packages/airflow/example_dags/example_kubernetes_executor.py
[2023-08-24T03:22:57.457+0000] {processor.py:829} INFO - Processing file /home/airflow/.local/lib/python3.8/site-packages/airflow/example_dags/example_kubernetes_executor.py for tasks to queue
[2023-08-24T03:22:57.460+0000] {logging_mixin.py:151} INFO - [2023-08-24T03:22:57.460+0000] {dagbag.py:539} INFO - Filling up the DagBag from /home/airflow/.local/lib/python3.8/site-packages/airflow/example_dags/example_kubernetes_executor.py
[2023-08-24T03:22:57.637+0000] {processor.py:839} INFO - DAG(s) dict_keys(['example_kubernetes_executor']) retrieved from /home/airflow/.local/lib/python3.8/site-packages/airflow/example_dags/example_kubernetes_executor.py
[2023-08-24T03:22:57.652+0000] {logging_mixin.py:151} INFO - [2023-08-24T03:22:57.651+0000] {dag.py:2907} INFO - Sync 1 DAGs
[2023-08-24T03:22:57.663+0000] {logging_mixin.py:151} INFO - [2023-08-24T03:22:57.663+0000] {dag.py:3677} INFO - Setting next_dagrun for example_kubernetes_executor to None, run_after=None
[2023-08-24T03:22:57.679+0000] {processor.py:179} INFO - Processing /home/airflow/.local/lib/python3.8/site-packages/airflow/example_dags/example_kubernetes_executor.py took 0.228 seconds
[2023-08-24T03:23:27.888+0000] {processor.py:157} INFO - Started process (PID=136) to work on /home/airflow/.local/lib/python3.8/site-packages/airflow/example_dags/example_kubernetes_executor.py
[2023-08-24T03:23:27.889+0000] {processor.py:829} INFO - Processing file /home/airflow/.local/lib/python3.8/site-packages/airflow/example_dags/example_kubernetes_executor.py for tasks to queue
[2023-08-24T03:23:27.891+0000] {logging_mixin.py:151} INFO - [2023-08-24T03:23:27.890+0000] {dagbag.py:539} INFO - Filling up the DagBag from /home/airflow/.local/lib/python3.8/site-packages/airflow/example_dags/example_kubernetes_executor.py
[2023-08-24T03:23:28.020+0000] {processor.py:839} INFO - DAG(s) dict_keys(['example_kubernetes_executor']) retrieved from /home/airflow/.local/lib/python3.8/site-packages/airflow/example_dags/example_kubernetes_executor.py
[2023-08-24T03:23:28.045+0000] {logging_mixin.py:151} INFO - [2023-08-24T03:23:28.045+0000] {dag.py:2907} INFO - Sync 1 DAGs
[2023-08-24T03:23:28.052+0000] {logging_mixin.py:151} INFO - [2023-08-24T03:23:28.052+0000] {dag.py:3677} INFO - Setting next_dagrun for example_kubernetes_executor to None, run_after=None
[2023-08-24T03:23:28.062+0000] {processor.py:179} INFO - Processing /home/airflow/.local/lib/python3.8/site-packages/airflow/example_dags/example_kubernetes_executor.py took 0.177 seconds
[2023-08-24T03:59:49.453+0000] {processor.py:157} INFO - Started process (PID=74) to work on /home/airflow/.local/lib/python3.8/site-packages/airflow/example_dags/example_kubernetes_executor.py
[2023-08-24T03:59:49.455+0000] {processor.py:829} INFO - Processing file /home/airflow/.local/lib/python3.8/site-packages/airflow/example_dags/example_kubernetes_executor.py for tasks to queue
[2023-08-24T03:59:49.457+0000] {logging_mixin.py:151} INFO - [2023-08-24T03:59:49.457+0000] {dagbag.py:539} INFO - Filling up the DagBag from /home/airflow/.local/lib/python3.8/site-packages/airflow/example_dags/example_kubernetes_executor.py
[2023-08-24T03:59:49.619+0000] {processor.py:839} INFO - DAG(s) dict_keys(['example_kubernetes_executor']) retrieved from /home/airflow/.local/lib/python3.8/site-packages/airflow/example_dags/example_kubernetes_executor.py
[2023-08-24T03:59:49.635+0000] {logging_mixin.py:151} INFO - [2023-08-24T03:59:49.635+0000] {dag.py:2907} INFO - Sync 1 DAGs
[2023-08-24T03:59:49.645+0000] {logging_mixin.py:151} INFO - [2023-08-24T03:59:49.645+0000] {dag.py:3677} INFO - Setting next_dagrun for example_kubernetes_executor to None, run_after=None
[2023-08-24T03:59:49.665+0000] {processor.py:179} INFO - Processing /home/airflow/.local/lib/python3.8/site-packages/airflow/example_dags/example_kubernetes_executor.py took 0.216 seconds
[2023-08-24T04:00:19.767+0000] {processor.py:157} INFO - Started process (PID=137) to work on /home/airflow/.local/lib/python3.8/site-packages/airflow/example_dags/example_kubernetes_executor.py
[2023-08-24T04:00:19.768+0000] {processor.py:829} INFO - Processing file /home/airflow/.local/lib/python3.8/site-packages/airflow/example_dags/example_kubernetes_executor.py for tasks to queue
[2023-08-24T04:00:19.770+0000] {logging_mixin.py:151} INFO - [2023-08-24T04:00:19.770+0000] {dagbag.py:539} INFO - Filling up the DagBag from /home/airflow/.local/lib/python3.8/site-packages/airflow/example_dags/example_kubernetes_executor.py
[2023-08-24T04:00:19.913+0000] {processor.py:839} INFO - DAG(s) dict_keys(['example_kubernetes_executor']) retrieved from /home/airflow/.local/lib/python3.8/site-packages/airflow/example_dags/example_kubernetes_executor.py
[2023-08-24T04:00:19.938+0000] {logging_mixin.py:151} INFO - [2023-08-24T04:00:19.938+0000] {dag.py:2907} INFO - Sync 1 DAGs
[2023-08-24T04:00:19.946+0000] {logging_mixin.py:151} INFO - [2023-08-24T04:00:19.946+0000] {dag.py:3677} INFO - Setting next_dagrun for example_kubernetes_executor to None, run_after=None
[2023-08-24T04:00:19.956+0000] {processor.py:179} INFO - Processing /home/airflow/.local/lib/python3.8/site-packages/airflow/example_dags/example_kubernetes_executor.py took 0.192 seconds
[2023-08-24T04:00:50.494+0000] {processor.py:157} INFO - Started process (PID=200) to work on /home/airflow/.local/lib/python3.8/site-packages/airflow/example_dags/example_kubernetes_executor.py
[2023-08-24T04:00:50.495+0000] {processor.py:829} INFO - Processing file /home/airflow/.local/lib/python3.8/site-packages/airflow/example_dags/example_kubernetes_executor.py for tasks to queue
[2023-08-24T04:00:50.497+0000] {logging_mixin.py:151} INFO - [2023-08-24T04:00:50.496+0000] {dagbag.py:539} INFO - Filling up the DagBag from /home/airflow/.local/lib/python3.8/site-packages/airflow/example_dags/example_kubernetes_executor.py
[2023-08-24T04:00:50.628+0000] {processor.py:839} INFO - DAG(s) dict_keys(['example_kubernetes_executor']) retrieved from /home/airflow/.local/lib/python3.8/site-packages/airflow/example_dags/example_kubernetes_executor.py
[2023-08-24T04:00:50.656+0000] {logging_mixin.py:151} INFO - [2023-08-24T04:00:50.656+0000] {dag.py:2907} INFO - Sync 1 DAGs
[2023-08-24T04:00:50.664+0000] {logging_mixin.py:151} INFO - [2023-08-24T04:00:50.664+0000] {dag.py:3677} INFO - Setting next_dagrun for example_kubernetes_executor to None, run_after=None
[2023-08-24T04:00:50.674+0000] {processor.py:179} INFO - Processing /home/airflow/.local/lib/python3.8/site-packages/airflow/example_dags/example_kubernetes_executor.py took 0.183 seconds
[2023-08-24T04:01:21.374+0000] {processor.py:157} INFO - Started process (PID=263) to work on /home/airflow/.local/lib/python3.8/site-packages/airflow/example_dags/example_kubernetes_executor.py
[2023-08-24T04:01:21.375+0000] {processor.py:829} INFO - Processing file /home/airflow/.local/lib/python3.8/site-packages/airflow/example_dags/example_kubernetes_executor.py for tasks to queue
[2023-08-24T04:01:21.377+0000] {logging_mixin.py:151} INFO - [2023-08-24T04:01:21.377+0000] {dagbag.py:539} INFO - Filling up the DagBag from /home/airflow/.local/lib/python3.8/site-packages/airflow/example_dags/example_kubernetes_executor.py
[2023-08-24T04:01:21.514+0000] {processor.py:839} INFO - DAG(s) dict_keys(['example_kubernetes_executor']) retrieved from /home/airflow/.local/lib/python3.8/site-packages/airflow/example_dags/example_kubernetes_executor.py
[2023-08-24T04:01:21.549+0000] {logging_mixin.py:151} INFO - [2023-08-24T04:01:21.548+0000] {dag.py:2907} INFO - Sync 1 DAGs
[2023-08-24T04:01:21.556+0000] {logging_mixin.py:151} INFO - [2023-08-24T04:01:21.556+0000] {dag.py:3677} INFO - Setting next_dagrun for example_kubernetes_executor to None, run_after=None
[2023-08-24T04:01:21.568+0000] {processor.py:179} INFO - Processing /home/airflow/.local/lib/python3.8/site-packages/airflow/example_dags/example_kubernetes_executor.py took 0.197 seconds
[2023-08-24T04:01:52.173+0000] {processor.py:157} INFO - Started process (PID=328) to work on /home/airflow/.local/lib/python3.8/site-packages/airflow/example_dags/example_kubernetes_executor.py
[2023-08-24T04:01:52.174+0000] {processor.py:829} INFO - Processing file /home/airflow/.local/lib/python3.8/site-packages/airflow/example_dags/example_kubernetes_executor.py for tasks to queue
[2023-08-24T04:01:52.176+0000] {logging_mixin.py:151} INFO - [2023-08-24T04:01:52.176+0000] {dagbag.py:539} INFO - Filling up the DagBag from /home/airflow/.local/lib/python3.8/site-packages/airflow/example_dags/example_kubernetes_executor.py
[2023-08-24T04:01:52.306+0000] {processor.py:839} INFO - DAG(s) dict_keys(['example_kubernetes_executor']) retrieved from /home/airflow/.local/lib/python3.8/site-packages/airflow/example_dags/example_kubernetes_executor.py
[2023-08-24T04:01:52.331+0000] {logging_mixin.py:151} INFO - [2023-08-24T04:01:52.331+0000] {dag.py:2907} INFO - Sync 1 DAGs
[2023-08-24T04:01:52.338+0000] {logging_mixin.py:151} INFO - [2023-08-24T04:01:52.338+0000] {dag.py:3677} INFO - Setting next_dagrun for example_kubernetes_executor to None, run_after=None
[2023-08-24T04:01:52.348+0000] {processor.py:179} INFO - Processing /home/airflow/.local/lib/python3.8/site-packages/airflow/example_dags/example_kubernetes_executor.py took 0.177 seconds
[2023-08-24T04:02:22.948+0000] {processor.py:157} INFO - Started process (PID=389) to work on /home/airflow/.local/lib/python3.8/site-packages/airflow/example_dags/example_kubernetes_executor.py
[2023-08-24T04:02:22.949+0000] {processor.py:829} INFO - Processing file /home/airflow/.local/lib/python3.8/site-packages/airflow/example_dags/example_kubernetes_executor.py for tasks to queue
[2023-08-24T04:02:22.951+0000] {logging_mixin.py:151} INFO - [2023-08-24T04:02:22.951+0000] {dagbag.py:539} INFO - Filling up the DagBag from /home/airflow/.local/lib/python3.8/site-packages/airflow/example_dags/example_kubernetes_executor.py
[2023-08-24T04:02:23.082+0000] {processor.py:839} INFO - DAG(s) dict_keys(['example_kubernetes_executor']) retrieved from /home/airflow/.local/lib/python3.8/site-packages/airflow/example_dags/example_kubernetes_executor.py
[2023-08-24T04:02:23.108+0000] {logging_mixin.py:151} INFO - [2023-08-24T04:02:23.107+0000] {dag.py:2907} INFO - Sync 1 DAGs
[2023-08-24T04:02:23.116+0000] {logging_mixin.py:151} INFO - [2023-08-24T04:02:23.116+0000] {dag.py:3677} INFO - Setting next_dagrun for example_kubernetes_executor to None, run_after=None
[2023-08-24T04:02:23.125+0000] {processor.py:179} INFO - Processing /home/airflow/.local/lib/python3.8/site-packages/airflow/example_dags/example_kubernetes_executor.py took 0.180 seconds
[2023-08-24T04:02:53.613+0000] {processor.py:157} INFO - Started process (PID=452) to work on /home/airflow/.local/lib/python3.8/site-packages/airflow/example_dags/example_kubernetes_executor.py
[2023-08-24T04:02:53.615+0000] {processor.py:829} INFO - Processing file /home/airflow/.local/lib/python3.8/site-packages/airflow/example_dags/example_kubernetes_executor.py for tasks to queue
[2023-08-24T04:02:53.616+0000] {logging_mixin.py:151} INFO - [2023-08-24T04:02:53.616+0000] {dagbag.py:539} INFO - Filling up the DagBag from /home/airflow/.local/lib/python3.8/site-packages/airflow/example_dags/example_kubernetes_executor.py
[2023-08-24T04:02:53.751+0000] {processor.py:839} INFO - DAG(s) dict_keys(['example_kubernetes_executor']) retrieved from /home/airflow/.local/lib/python3.8/site-packages/airflow/example_dags/example_kubernetes_executor.py
[2023-08-24T04:02:53.775+0000] {logging_mixin.py:151} INFO - [2023-08-24T04:02:53.775+0000] {dag.py:2907} INFO - Sync 1 DAGs
[2023-08-24T04:02:53.783+0000] {logging_mixin.py:151} INFO - [2023-08-24T04:02:53.783+0000] {dag.py:3677} INFO - Setting next_dagrun for example_kubernetes_executor to None, run_after=None
[2023-08-24T04:02:53.794+0000] {processor.py:179} INFO - Processing /home/airflow/.local/lib/python3.8/site-packages/airflow/example_dags/example_kubernetes_executor.py took 0.184 seconds
[2023-08-24T04:03:24.221+0000] {processor.py:157} INFO - Started process (PID=515) to work on /home/airflow/.local/lib/python3.8/site-packages/airflow/example_dags/example_kubernetes_executor.py
[2023-08-24T04:03:24.223+0000] {processor.py:829} INFO - Processing file /home/airflow/.local/lib/python3.8/site-packages/airflow/example_dags/example_kubernetes_executor.py for tasks to queue
[2023-08-24T04:03:24.224+0000] {logging_mixin.py:151} INFO - [2023-08-24T04:03:24.224+0000] {dagbag.py:539} INFO - Filling up the DagBag from /home/airflow/.local/lib/python3.8/site-packages/airflow/example_dags/example_kubernetes_executor.py
[2023-08-24T04:03:24.357+0000] {processor.py:839} INFO - DAG(s) dict_keys(['example_kubernetes_executor']) retrieved from /home/airflow/.local/lib/python3.8/site-packages/airflow/example_dags/example_kubernetes_executor.py
[2023-08-24T04:03:24.381+0000] {logging_mixin.py:151} INFO - [2023-08-24T04:03:24.380+0000] {dag.py:2907} INFO - Sync 1 DAGs
[2023-08-24T04:03:24.388+0000] {logging_mixin.py:151} INFO - [2023-08-24T04:03:24.387+0000] {dag.py:3677} INFO - Setting next_dagrun for example_kubernetes_executor to None, run_after=None
[2023-08-24T04:03:24.399+0000] {processor.py:179} INFO - Processing /home/airflow/.local/lib/python3.8/site-packages/airflow/example_dags/example_kubernetes_executor.py took 0.181 seconds
[2023-08-24T04:03:55.036+0000] {processor.py:157} INFO - Started process (PID=578) to work on /home/airflow/.local/lib/python3.8/site-packages/airflow/example_dags/example_kubernetes_executor.py
[2023-08-24T04:03:55.039+0000] {processor.py:829} INFO - Processing file /home/airflow/.local/lib/python3.8/site-packages/airflow/example_dags/example_kubernetes_executor.py for tasks to queue
[2023-08-24T04:03:55.041+0000] {logging_mixin.py:151} INFO - [2023-08-24T04:03:55.040+0000] {dagbag.py:539} INFO - Filling up the DagBag from /home/airflow/.local/lib/python3.8/site-packages/airflow/example_dags/example_kubernetes_executor.py
[2023-08-24T04:03:55.180+0000] {processor.py:839} INFO - DAG(s) dict_keys(['example_kubernetes_executor']) retrieved from /home/airflow/.local/lib/python3.8/site-packages/airflow/example_dags/example_kubernetes_executor.py
[2023-08-24T04:03:55.205+0000] {logging_mixin.py:151} INFO - [2023-08-24T04:03:55.204+0000] {dag.py:2907} INFO - Sync 1 DAGs
[2023-08-24T04:03:55.211+0000] {logging_mixin.py:151} INFO - [2023-08-24T04:03:55.211+0000] {dag.py:3677} INFO - Setting next_dagrun for example_kubernetes_executor to None, run_after=None
[2023-08-24T04:03:55.222+0000] {processor.py:179} INFO - Processing /home/airflow/.local/lib/python3.8/site-packages/airflow/example_dags/example_kubernetes_executor.py took 0.188 seconds
[2023-08-24T04:04:25.831+0000] {processor.py:157} INFO - Started process (PID=641) to work on /home/airflow/.local/lib/python3.8/site-packages/airflow/example_dags/example_kubernetes_executor.py
[2023-08-24T04:04:25.833+0000] {processor.py:829} INFO - Processing file /home/airflow/.local/lib/python3.8/site-packages/airflow/example_dags/example_kubernetes_executor.py for tasks to queue
[2023-08-24T04:04:25.835+0000] {logging_mixin.py:151} INFO - [2023-08-24T04:04:25.834+0000] {dagbag.py:539} INFO - Filling up the DagBag from /home/airflow/.local/lib/python3.8/site-packages/airflow/example_dags/example_kubernetes_executor.py
[2023-08-24T04:04:25.979+0000] {processor.py:839} INFO - DAG(s) dict_keys(['example_kubernetes_executor']) retrieved from /home/airflow/.local/lib/python3.8/site-packages/airflow/example_dags/example_kubernetes_executor.py
[2023-08-24T04:04:26.005+0000] {logging_mixin.py:151} INFO - [2023-08-24T04:04:26.004+0000] {dag.py:2907} INFO - Sync 1 DAGs
[2023-08-24T04:04:26.015+0000] {logging_mixin.py:151} INFO - [2023-08-24T04:04:26.015+0000] {dag.py:3677} INFO - Setting next_dagrun for example_kubernetes_executor to None, run_after=None
[2023-08-24T04:04:26.031+0000] {processor.py:179} INFO - Processing /home/airflow/.local/lib/python3.8/site-packages/airflow/example_dags/example_kubernetes_executor.py took 0.203 seconds
[2023-08-24T04:04:56.776+0000] {processor.py:157} INFO - Started process (PID=704) to work on /home/airflow/.local/lib/python3.8/site-packages/airflow/example_dags/example_kubernetes_executor.py
[2023-08-24T04:04:56.778+0000] {processor.py:829} INFO - Processing file /home/airflow/.local/lib/python3.8/site-packages/airflow/example_dags/example_kubernetes_executor.py for tasks to queue
[2023-08-24T04:04:56.780+0000] {logging_mixin.py:151} INFO - [2023-08-24T04:04:56.779+0000] {dagbag.py:539} INFO - Filling up the DagBag from /home/airflow/.local/lib/python3.8/site-packages/airflow/example_dags/example_kubernetes_executor.py
[2023-08-24T04:04:56.916+0000] {processor.py:839} INFO - DAG(s) dict_keys(['example_kubernetes_executor']) retrieved from /home/airflow/.local/lib/python3.8/site-packages/airflow/example_dags/example_kubernetes_executor.py
[2023-08-24T04:04:56.940+0000] {logging_mixin.py:151} INFO - [2023-08-24T04:04:56.940+0000] {dag.py:2907} INFO - Sync 1 DAGs
[2023-08-24T04:04:56.947+0000] {logging_mixin.py:151} INFO - [2023-08-24T04:04:56.947+0000] {dag.py:3677} INFO - Setting next_dagrun for example_kubernetes_executor to None, run_after=None
[2023-08-24T04:04:56.958+0000] {processor.py:179} INFO - Processing /home/airflow/.local/lib/python3.8/site-packages/airflow/example_dags/example_kubernetes_executor.py took 0.184 seconds
[2023-08-24T04:05:27.425+0000] {processor.py:157} INFO - Started process (PID=767) to work on /home/airflow/.local/lib/python3.8/site-packages/airflow/example_dags/example_kubernetes_executor.py
[2023-08-24T04:05:27.426+0000] {processor.py:829} INFO - Processing file /home/airflow/.local/lib/python3.8/site-packages/airflow/example_dags/example_kubernetes_executor.py for tasks to queue
[2023-08-24T04:05:27.428+0000] {logging_mixin.py:151} INFO - [2023-08-24T04:05:27.428+0000] {dagbag.py:539} INFO - Filling up the DagBag from /home/airflow/.local/lib/python3.8/site-packages/airflow/example_dags/example_kubernetes_executor.py
[2023-08-24T04:05:27.563+0000] {processor.py:839} INFO - DAG(s) dict_keys(['example_kubernetes_executor']) retrieved from /home/airflow/.local/lib/python3.8/site-packages/airflow/example_dags/example_kubernetes_executor.py
[2023-08-24T04:05:27.588+0000] {logging_mixin.py:151} INFO - [2023-08-24T04:05:27.587+0000] {dag.py:2907} INFO - Sync 1 DAGs
[2023-08-24T04:05:27.596+0000] {logging_mixin.py:151} INFO - [2023-08-24T04:05:27.596+0000] {dag.py:3677} INFO - Setting next_dagrun for example_kubernetes_executor to None, run_after=None
[2023-08-24T04:05:27.607+0000] {processor.py:179} INFO - Processing /home/airflow/.local/lib/python3.8/site-packages/airflow/example_dags/example_kubernetes_executor.py took 0.185 seconds
[2023-08-24T04:05:58.205+0000] {processor.py:157} INFO - Started process (PID=830) to work on /home/airflow/.local/lib/python3.8/site-packages/airflow/example_dags/example_kubernetes_executor.py
[2023-08-24T04:05:58.207+0000] {processor.py:829} INFO - Processing file /home/airflow/.local/lib/python3.8/site-packages/airflow/example_dags/example_kubernetes_executor.py for tasks to queue
[2023-08-24T04:05:58.209+0000] {logging_mixin.py:151} INFO - [2023-08-24T04:05:58.209+0000] {dagbag.py:539} INFO - Filling up the DagBag from /home/airflow/.local/lib/python3.8/site-packages/airflow/example_dags/example_kubernetes_executor.py
[2023-08-24T04:05:58.342+0000] {processor.py:839} INFO - DAG(s) dict_keys(['example_kubernetes_executor']) retrieved from /home/airflow/.local/lib/python3.8/site-packages/airflow/example_dags/example_kubernetes_executor.py
[2023-08-24T04:05:58.369+0000] {logging_mixin.py:151} INFO - [2023-08-24T04:05:58.369+0000] {dag.py:2907} INFO - Sync 1 DAGs
[2023-08-24T04:05:58.377+0000] {logging_mixin.py:151} INFO - [2023-08-24T04:05:58.377+0000] {dag.py:3677} INFO - Setting next_dagrun for example_kubernetes_executor to None, run_after=None
[2023-08-24T04:05:58.389+0000] {processor.py:179} INFO - Processing /home/airflow/.local/lib/python3.8/site-packages/airflow/example_dags/example_kubernetes_executor.py took 0.187 seconds
[2023-08-24T04:06:28.884+0000] {processor.py:157} INFO - Started process (PID=893) to work on /home/airflow/.local/lib/python3.8/site-packages/airflow/example_dags/example_kubernetes_executor.py
[2023-08-24T04:06:28.885+0000] {processor.py:829} INFO - Processing file /home/airflow/.local/lib/python3.8/site-packages/airflow/example_dags/example_kubernetes_executor.py for tasks to queue
[2023-08-24T04:06:28.887+0000] {logging_mixin.py:151} INFO - [2023-08-24T04:06:28.887+0000] {dagbag.py:539} INFO - Filling up the DagBag from /home/airflow/.local/lib/python3.8/site-packages/airflow/example_dags/example_kubernetes_executor.py
[2023-08-24T04:06:29.027+0000] {processor.py:839} INFO - DAG(s) dict_keys(['example_kubernetes_executor']) retrieved from /home/airflow/.local/lib/python3.8/site-packages/airflow/example_dags/example_kubernetes_executor.py
[2023-08-24T04:06:29.053+0000] {logging_mixin.py:151} INFO - [2023-08-24T04:06:29.052+0000] {dag.py:2907} INFO - Sync 1 DAGs
[2023-08-24T04:06:29.061+0000] {logging_mixin.py:151} INFO - [2023-08-24T04:06:29.061+0000] {dag.py:3677} INFO - Setting next_dagrun for example_kubernetes_executor to None, run_after=None
[2023-08-24T04:06:29.072+0000] {processor.py:179} INFO - Processing /home/airflow/.local/lib/python3.8/site-packages/airflow/example_dags/example_kubernetes_executor.py took 0.191 seconds
[2023-08-24T04:06:59.602+0000] {processor.py:157} INFO - Started process (PID=955) to work on /home/airflow/.local/lib/python3.8/site-packages/airflow/example_dags/example_kubernetes_executor.py
[2023-08-24T04:06:59.603+0000] {processor.py:829} INFO - Processing file /home/airflow/.local/lib/python3.8/site-packages/airflow/example_dags/example_kubernetes_executor.py for tasks to queue
[2023-08-24T04:06:59.605+0000] {logging_mixin.py:151} INFO - [2023-08-24T04:06:59.604+0000] {dagbag.py:539} INFO - Filling up the DagBag from /home/airflow/.local/lib/python3.8/site-packages/airflow/example_dags/example_kubernetes_executor.py
[2023-08-24T04:06:59.734+0000] {processor.py:839} INFO - DAG(s) dict_keys(['example_kubernetes_executor']) retrieved from /home/airflow/.local/lib/python3.8/site-packages/airflow/example_dags/example_kubernetes_executor.py
[2023-08-24T04:06:59.759+0000] {logging_mixin.py:151} INFO - [2023-08-24T04:06:59.758+0000] {dag.py:2907} INFO - Sync 1 DAGs
[2023-08-24T04:06:59.766+0000] {logging_mixin.py:151} INFO - [2023-08-24T04:06:59.766+0000] {dag.py:3677} INFO - Setting next_dagrun for example_kubernetes_executor to None, run_after=None
[2023-08-24T04:06:59.776+0000] {processor.py:179} INFO - Processing /home/airflow/.local/lib/python3.8/site-packages/airflow/example_dags/example_kubernetes_executor.py took 0.177 seconds
[2023-08-24T04:07:30.215+0000] {processor.py:157} INFO - Started process (PID=1018) to work on /home/airflow/.local/lib/python3.8/site-packages/airflow/example_dags/example_kubernetes_executor.py
[2023-08-24T04:07:30.216+0000] {processor.py:829} INFO - Processing file /home/airflow/.local/lib/python3.8/site-packages/airflow/example_dags/example_kubernetes_executor.py for tasks to queue
[2023-08-24T04:07:30.218+0000] {logging_mixin.py:151} INFO - [2023-08-24T04:07:30.218+0000] {dagbag.py:539} INFO - Filling up the DagBag from /home/airflow/.local/lib/python3.8/site-packages/airflow/example_dags/example_kubernetes_executor.py
[2023-08-24T04:07:30.356+0000] {processor.py:839} INFO - DAG(s) dict_keys(['example_kubernetes_executor']) retrieved from /home/airflow/.local/lib/python3.8/site-packages/airflow/example_dags/example_kubernetes_executor.py
[2023-08-24T04:07:30.381+0000] {logging_mixin.py:151} INFO - [2023-08-24T04:07:30.380+0000] {dag.py:2907} INFO - Sync 1 DAGs
[2023-08-24T04:07:30.388+0000] {logging_mixin.py:151} INFO - [2023-08-24T04:07:30.388+0000] {dag.py:3677} INFO - Setting next_dagrun for example_kubernetes_executor to None, run_after=None
[2023-08-24T04:07:30.398+0000] {processor.py:179} INFO - Processing /home/airflow/.local/lib/python3.8/site-packages/airflow/example_dags/example_kubernetes_executor.py took 0.186 seconds
[2023-08-24T04:08:00.984+0000] {processor.py:157} INFO - Started process (PID=1081) to work on /home/airflow/.local/lib/python3.8/site-packages/airflow/example_dags/example_kubernetes_executor.py
[2023-08-24T04:08:00.986+0000] {processor.py:829} INFO - Processing file /home/airflow/.local/lib/python3.8/site-packages/airflow/example_dags/example_kubernetes_executor.py for tasks to queue
[2023-08-24T04:08:00.987+0000] {logging_mixin.py:151} INFO - [2023-08-24T04:08:00.987+0000] {dagbag.py:539} INFO - Filling up the DagBag from /home/airflow/.local/lib/python3.8/site-packages/airflow/example_dags/example_kubernetes_executor.py
[2023-08-24T04:08:01.125+0000] {processor.py:839} INFO - DAG(s) dict_keys(['example_kubernetes_executor']) retrieved from /home/airflow/.local/lib/python3.8/site-packages/airflow/example_dags/example_kubernetes_executor.py
[2023-08-24T04:08:01.149+0000] {logging_mixin.py:151} INFO - [2023-08-24T04:08:01.149+0000] {dag.py:2907} INFO - Sync 1 DAGs
[2023-08-24T04:08:01.157+0000] {logging_mixin.py:151} INFO - [2023-08-24T04:08:01.157+0000] {dag.py:3677} INFO - Setting next_dagrun for example_kubernetes_executor to None, run_after=None
[2023-08-24T04:08:01.167+0000] {processor.py:179} INFO - Processing /home/airflow/.local/lib/python3.8/site-packages/airflow/example_dags/example_kubernetes_executor.py took 0.186 seconds
[2023-08-24T04:08:31.685+0000] {processor.py:157} INFO - Started process (PID=1144) to work on /home/airflow/.local/lib/python3.8/site-packages/airflow/example_dags/example_kubernetes_executor.py
[2023-08-24T04:08:31.686+0000] {processor.py:829} INFO - Processing file /home/airflow/.local/lib/python3.8/site-packages/airflow/example_dags/example_kubernetes_executor.py for tasks to queue
[2023-08-24T04:08:31.688+0000] {logging_mixin.py:151} INFO - [2023-08-24T04:08:31.688+0000] {dagbag.py:539} INFO - Filling up the DagBag from /home/airflow/.local/lib/python3.8/site-packages/airflow/example_dags/example_kubernetes_executor.py
[2023-08-24T04:08:31.819+0000] {processor.py:839} INFO - DAG(s) dict_keys(['example_kubernetes_executor']) retrieved from /home/airflow/.local/lib/python3.8/site-packages/airflow/example_dags/example_kubernetes_executor.py
[2023-08-24T04:08:31.843+0000] {logging_mixin.py:151} INFO - [2023-08-24T04:08:31.843+0000] {dag.py:2907} INFO - Sync 1 DAGs
[2023-08-24T04:08:31.852+0000] {logging_mixin.py:151} INFO - [2023-08-24T04:08:31.852+0000] {dag.py:3677} INFO - Setting next_dagrun for example_kubernetes_executor to None, run_after=None
[2023-08-24T04:08:31.863+0000] {processor.py:179} INFO - Processing /home/airflow/.local/lib/python3.8/site-packages/airflow/example_dags/example_kubernetes_executor.py took 0.181 seconds
[2023-08-24T04:09:02.484+0000] {processor.py:157} INFO - Started process (PID=1207) to work on /home/airflow/.local/lib/python3.8/site-packages/airflow/example_dags/example_kubernetes_executor.py
[2023-08-24T04:09:02.485+0000] {processor.py:829} INFO - Processing file /home/airflow/.local/lib/python3.8/site-packages/airflow/example_dags/example_kubernetes_executor.py for tasks to queue
[2023-08-24T04:09:02.487+0000] {logging_mixin.py:151} INFO - [2023-08-24T04:09:02.487+0000] {dagbag.py:539} INFO - Filling up the DagBag from /home/airflow/.local/lib/python3.8/site-packages/airflow/example_dags/example_kubernetes_executor.py
[2023-08-24T04:09:02.620+0000] {processor.py:839} INFO - DAG(s) dict_keys(['example_kubernetes_executor']) retrieved from /home/airflow/.local/lib/python3.8/site-packages/airflow/example_dags/example_kubernetes_executor.py
[2023-08-24T04:09:02.647+0000] {logging_mixin.py:151} INFO - [2023-08-24T04:09:02.646+0000] {dag.py:2907} INFO - Sync 1 DAGs
[2023-08-24T04:09:02.655+0000] {logging_mixin.py:151} INFO - [2023-08-24T04:09:02.655+0000] {dag.py:3677} INFO - Setting next_dagrun for example_kubernetes_executor to None, run_after=None
[2023-08-24T04:09:02.666+0000] {processor.py:179} INFO - Processing /home/airflow/.local/lib/python3.8/site-packages/airflow/example_dags/example_kubernetes_executor.py took 0.184 seconds
[2023-08-24T04:09:33.122+0000] {processor.py:157} INFO - Started process (PID=1270) to work on /home/airflow/.local/lib/python3.8/site-packages/airflow/example_dags/example_kubernetes_executor.py
[2023-08-24T04:09:33.123+0000] {processor.py:829} INFO - Processing file /home/airflow/.local/lib/python3.8/site-packages/airflow/example_dags/example_kubernetes_executor.py for tasks to queue
[2023-08-24T04:09:33.125+0000] {logging_mixin.py:151} INFO - [2023-08-24T04:09:33.125+0000] {dagbag.py:539} INFO - Filling up the DagBag from /home/airflow/.local/lib/python3.8/site-packages/airflow/example_dags/example_kubernetes_executor.py
[2023-08-24T04:09:33.260+0000] {processor.py:839} INFO - DAG(s) dict_keys(['example_kubernetes_executor']) retrieved from /home/airflow/.local/lib/python3.8/site-packages/airflow/example_dags/example_kubernetes_executor.py
[2023-08-24T04:09:33.283+0000] {logging_mixin.py:151} INFO - [2023-08-24T04:09:33.283+0000] {dag.py:2907} INFO - Sync 1 DAGs
[2023-08-24T04:09:33.290+0000] {logging_mixin.py:151} INFO - [2023-08-24T04:09:33.290+0000] {dag.py:3677} INFO - Setting next_dagrun for example_kubernetes_executor to None, run_after=None
[2023-08-24T04:09:33.300+0000] {processor.py:179} INFO - Processing /home/airflow/.local/lib/python3.8/site-packages/airflow/example_dags/example_kubernetes_executor.py took 0.181 seconds
[2023-08-24T04:10:03.888+0000] {processor.py:157} INFO - Started process (PID=1333) to work on /home/airflow/.local/lib/python3.8/site-packages/airflow/example_dags/example_kubernetes_executor.py
[2023-08-24T04:10:03.889+0000] {processor.py:829} INFO - Processing file /home/airflow/.local/lib/python3.8/site-packages/airflow/example_dags/example_kubernetes_executor.py for tasks to queue
[2023-08-24T04:10:03.891+0000] {logging_mixin.py:151} INFO - [2023-08-24T04:10:03.891+0000] {dagbag.py:539} INFO - Filling up the DagBag from /home/airflow/.local/lib/python3.8/site-packages/airflow/example_dags/example_kubernetes_executor.py
[2023-08-24T04:10:04.027+0000] {processor.py:839} INFO - DAG(s) dict_keys(['example_kubernetes_executor']) retrieved from /home/airflow/.local/lib/python3.8/site-packages/airflow/example_dags/example_kubernetes_executor.py
[2023-08-24T04:10:04.052+0000] {logging_mixin.py:151} INFO - [2023-08-24T04:10:04.052+0000] {dag.py:2907} INFO - Sync 1 DAGs
[2023-08-24T04:10:04.060+0000] {logging_mixin.py:151} INFO - [2023-08-24T04:10:04.060+0000] {dag.py:3677} INFO - Setting next_dagrun for example_kubernetes_executor to None, run_after=None
[2023-08-24T04:10:04.070+0000] {processor.py:179} INFO - Processing /home/airflow/.local/lib/python3.8/site-packages/airflow/example_dags/example_kubernetes_executor.py took 0.185 seconds
[2023-08-24T04:10:34.624+0000] {processor.py:157} INFO - Started process (PID=1396) to work on /home/airflow/.local/lib/python3.8/site-packages/airflow/example_dags/example_kubernetes_executor.py
[2023-08-24T04:10:34.625+0000] {processor.py:829} INFO - Processing file /home/airflow/.local/lib/python3.8/site-packages/airflow/example_dags/example_kubernetes_executor.py for tasks to queue
[2023-08-24T04:10:34.628+0000] {logging_mixin.py:151} INFO - [2023-08-24T04:10:34.627+0000] {dagbag.py:539} INFO - Filling up the DagBag from /home/airflow/.local/lib/python3.8/site-packages/airflow/example_dags/example_kubernetes_executor.py
[2023-08-24T04:10:34.767+0000] {processor.py:839} INFO - DAG(s) dict_keys(['example_kubernetes_executor']) retrieved from /home/airflow/.local/lib/python3.8/site-packages/airflow/example_dags/example_kubernetes_executor.py
[2023-08-24T04:10:34.793+0000] {logging_mixin.py:151} INFO - [2023-08-24T04:10:34.793+0000] {dag.py:2907} INFO - Sync 1 DAGs
[2023-08-24T04:10:34.801+0000] {logging_mixin.py:151} INFO - [2023-08-24T04:10:34.800+0000] {dag.py:3677} INFO - Setting next_dagrun for example_kubernetes_executor to None, run_after=None
[2023-08-24T04:10:34.811+0000] {processor.py:179} INFO - Processing /home/airflow/.local/lib/python3.8/site-packages/airflow/example_dags/example_kubernetes_executor.py took 0.190 seconds
[2023-08-24T04:11:05.393+0000] {processor.py:157} INFO - Started process (PID=1459) to work on /home/airflow/.local/lib/python3.8/site-packages/airflow/example_dags/example_kubernetes_executor.py
[2023-08-24T04:11:05.394+0000] {processor.py:829} INFO - Processing file /home/airflow/.local/lib/python3.8/site-packages/airflow/example_dags/example_kubernetes_executor.py for tasks to queue
[2023-08-24T04:11:05.396+0000] {logging_mixin.py:151} INFO - [2023-08-24T04:11:05.396+0000] {dagbag.py:539} INFO - Filling up the DagBag from /home/airflow/.local/lib/python3.8/site-packages/airflow/example_dags/example_kubernetes_executor.py
[2023-08-24T04:11:05.528+0000] {processor.py:839} INFO - DAG(s) dict_keys(['example_kubernetes_executor']) retrieved from /home/airflow/.local/lib/python3.8/site-packages/airflow/example_dags/example_kubernetes_executor.py
[2023-08-24T04:11:05.555+0000] {logging_mixin.py:151} INFO - [2023-08-24T04:11:05.554+0000] {dag.py:2907} INFO - Sync 1 DAGs
[2023-08-24T04:11:05.562+0000] {logging_mixin.py:151} INFO - [2023-08-24T04:11:05.562+0000] {dag.py:3677} INFO - Setting next_dagrun for example_kubernetes_executor to None, run_after=None
[2023-08-24T04:11:05.573+0000] {processor.py:179} INFO - Processing /home/airflow/.local/lib/python3.8/site-packages/airflow/example_dags/example_kubernetes_executor.py took 0.182 seconds
[2023-08-24T04:11:36.163+0000] {processor.py:157} INFO - Started process (PID=1522) to work on /home/airflow/.local/lib/python3.8/site-packages/airflow/example_dags/example_kubernetes_executor.py
[2023-08-24T04:11:36.164+0000] {processor.py:829} INFO - Processing file /home/airflow/.local/lib/python3.8/site-packages/airflow/example_dags/example_kubernetes_executor.py for tasks to queue
[2023-08-24T04:11:36.166+0000] {logging_mixin.py:151} INFO - [2023-08-24T04:11:36.166+0000] {dagbag.py:539} INFO - Filling up the DagBag from /home/airflow/.local/lib/python3.8/site-packages/airflow/example_dags/example_kubernetes_executor.py
[2023-08-24T04:11:36.297+0000] {processor.py:839} INFO - DAG(s) dict_keys(['example_kubernetes_executor']) retrieved from /home/airflow/.local/lib/python3.8/site-packages/airflow/example_dags/example_kubernetes_executor.py
[2023-08-24T04:11:36.322+0000] {logging_mixin.py:151} INFO - [2023-08-24T04:11:36.322+0000] {dag.py:2907} INFO - Sync 1 DAGs
[2023-08-24T04:11:36.330+0000] {logging_mixin.py:151} INFO - [2023-08-24T04:11:36.330+0000] {dag.py:3677} INFO - Setting next_dagrun for example_kubernetes_executor to None, run_after=None
[2023-08-24T04:11:36.341+0000] {processor.py:179} INFO - Processing /home/airflow/.local/lib/python3.8/site-packages/airflow/example_dags/example_kubernetes_executor.py took 0.181 seconds
[2023-08-24T04:12:06.878+0000] {processor.py:157} INFO - Started process (PID=1585) to work on /home/airflow/.local/lib/python3.8/site-packages/airflow/example_dags/example_kubernetes_executor.py
[2023-08-24T04:12:06.879+0000] {processor.py:829} INFO - Processing file /home/airflow/.local/lib/python3.8/site-packages/airflow/example_dags/example_kubernetes_executor.py for tasks to queue
[2023-08-24T04:12:06.881+0000] {logging_mixin.py:151} INFO - [2023-08-24T04:12:06.881+0000] {dagbag.py:539} INFO - Filling up the DagBag from /home/airflow/.local/lib/python3.8/site-packages/airflow/example_dags/example_kubernetes_executor.py
[2023-08-24T04:12:07.013+0000] {processor.py:839} INFO - DAG(s) dict_keys(['example_kubernetes_executor']) retrieved from /home/airflow/.local/lib/python3.8/site-packages/airflow/example_dags/example_kubernetes_executor.py
[2023-08-24T04:12:07.037+0000] {logging_mixin.py:151} INFO - [2023-08-24T04:12:07.037+0000] {dag.py:2907} INFO - Sync 1 DAGs
[2023-08-24T04:12:07.045+0000] {logging_mixin.py:151} INFO - [2023-08-24T04:12:07.045+0000] {dag.py:3677} INFO - Setting next_dagrun for example_kubernetes_executor to None, run_after=None
[2023-08-24T04:12:07.055+0000] {processor.py:179} INFO - Processing /home/airflow/.local/lib/python3.8/site-packages/airflow/example_dags/example_kubernetes_executor.py took 0.179 seconds
[2023-08-24T04:12:37.592+0000] {processor.py:157} INFO - Started process (PID=1648) to work on /home/airflow/.local/lib/python3.8/site-packages/airflow/example_dags/example_kubernetes_executor.py
[2023-08-24T04:12:37.594+0000] {processor.py:829} INFO - Processing file /home/airflow/.local/lib/python3.8/site-packages/airflow/example_dags/example_kubernetes_executor.py for tasks to queue
[2023-08-24T04:12:37.596+0000] {logging_mixin.py:151} INFO - [2023-08-24T04:12:37.595+0000] {dagbag.py:539} INFO - Filling up the DagBag from /home/airflow/.local/lib/python3.8/site-packages/airflow/example_dags/example_kubernetes_executor.py
[2023-08-24T04:12:37.726+0000] {processor.py:839} INFO - DAG(s) dict_keys(['example_kubernetes_executor']) retrieved from /home/airflow/.local/lib/python3.8/site-packages/airflow/example_dags/example_kubernetes_executor.py
[2023-08-24T04:12:37.752+0000] {logging_mixin.py:151} INFO - [2023-08-24T04:12:37.752+0000] {dag.py:2907} INFO - Sync 1 DAGs
[2023-08-24T04:12:37.759+0000] {logging_mixin.py:151} INFO - [2023-08-24T04:12:37.759+0000] {dag.py:3677} INFO - Setting next_dagrun for example_kubernetes_executor to None, run_after=None
[2023-08-24T04:12:37.769+0000] {processor.py:179} INFO - Processing /home/airflow/.local/lib/python3.8/site-packages/airflow/example_dags/example_kubernetes_executor.py took 0.180 seconds
[2023-08-24T04:13:08.369+0000] {processor.py:157} INFO - Started process (PID=1711) to work on /home/airflow/.local/lib/python3.8/site-packages/airflow/example_dags/example_kubernetes_executor.py
[2023-08-24T04:13:08.371+0000] {processor.py:829} INFO - Processing file /home/airflow/.local/lib/python3.8/site-packages/airflow/example_dags/example_kubernetes_executor.py for tasks to queue
[2023-08-24T04:13:08.373+0000] {logging_mixin.py:151} INFO - [2023-08-24T04:13:08.372+0000] {dagbag.py:539} INFO - Filling up the DagBag from /home/airflow/.local/lib/python3.8/site-packages/airflow/example_dags/example_kubernetes_executor.py
[2023-08-24T04:13:08.501+0000] {processor.py:839} INFO - DAG(s) dict_keys(['example_kubernetes_executor']) retrieved from /home/airflow/.local/lib/python3.8/site-packages/airflow/example_dags/example_kubernetes_executor.py
[2023-08-24T04:13:08.526+0000] {logging_mixin.py:151} INFO - [2023-08-24T04:13:08.525+0000] {dag.py:2907} INFO - Sync 1 DAGs
[2023-08-24T04:13:08.534+0000] {logging_mixin.py:151} INFO - [2023-08-24T04:13:08.533+0000] {dag.py:3677} INFO - Setting next_dagrun for example_kubernetes_executor to None, run_after=None
[2023-08-24T04:13:08.544+0000] {processor.py:179} INFO - Processing /home/airflow/.local/lib/python3.8/site-packages/airflow/example_dags/example_kubernetes_executor.py took 0.178 seconds
[2023-08-24T04:13:39.032+0000] {processor.py:157} INFO - Started process (PID=1774) to work on /home/airflow/.local/lib/python3.8/site-packages/airflow/example_dags/example_kubernetes_executor.py
[2023-08-24T04:13:39.033+0000] {processor.py:829} INFO - Processing file /home/airflow/.local/lib/python3.8/site-packages/airflow/example_dags/example_kubernetes_executor.py for tasks to queue
[2023-08-24T04:13:39.036+0000] {logging_mixin.py:151} INFO - [2023-08-24T04:13:39.036+0000] {dagbag.py:539} INFO - Filling up the DagBag from /home/airflow/.local/lib/python3.8/site-packages/airflow/example_dags/example_kubernetes_executor.py
[2023-08-24T04:13:39.178+0000] {processor.py:839} INFO - DAG(s) dict_keys(['example_kubernetes_executor']) retrieved from /home/airflow/.local/lib/python3.8/site-packages/airflow/example_dags/example_kubernetes_executor.py
[2023-08-24T04:13:39.203+0000] {logging_mixin.py:151} INFO - [2023-08-24T04:13:39.202+0000] {dag.py:2907} INFO - Sync 1 DAGs
[2023-08-24T04:13:39.212+0000] {logging_mixin.py:151} INFO - [2023-08-24T04:13:39.212+0000] {dag.py:3677} INFO - Setting next_dagrun for example_kubernetes_executor to None, run_after=None
[2023-08-24T04:13:39.224+0000] {processor.py:179} INFO - Processing /home/airflow/.local/lib/python3.8/site-packages/airflow/example_dags/example_kubernetes_executor.py took 0.197 seconds
[2023-08-24T04:14:10.239+0000] {processor.py:157} INFO - Started process (PID=1837) to work on /home/airflow/.local/lib/python3.8/site-packages/airflow/example_dags/example_kubernetes_executor.py
[2023-08-24T04:14:10.240+0000] {processor.py:829} INFO - Processing file /home/airflow/.local/lib/python3.8/site-packages/airflow/example_dags/example_kubernetes_executor.py for tasks to queue
[2023-08-24T04:14:10.242+0000] {logging_mixin.py:151} INFO - [2023-08-24T04:14:10.242+0000] {dagbag.py:539} INFO - Filling up the DagBag from /home/airflow/.local/lib/python3.8/site-packages/airflow/example_dags/example_kubernetes_executor.py
[2023-08-24T04:14:10.381+0000] {processor.py:839} INFO - DAG(s) dict_keys(['example_kubernetes_executor']) retrieved from /home/airflow/.local/lib/python3.8/site-packages/airflow/example_dags/example_kubernetes_executor.py
[2023-08-24T04:14:10.407+0000] {logging_mixin.py:151} INFO - [2023-08-24T04:14:10.407+0000] {dag.py:2907} INFO - Sync 1 DAGs
[2023-08-24T04:14:10.416+0000] {logging_mixin.py:151} INFO - [2023-08-24T04:14:10.416+0000] {dag.py:3677} INFO - Setting next_dagrun for example_kubernetes_executor to None, run_after=None
[2023-08-24T04:14:10.428+0000] {processor.py:179} INFO - Processing /home/airflow/.local/lib/python3.8/site-packages/airflow/example_dags/example_kubernetes_executor.py took 0.192 seconds
[2023-08-24T04:14:41.015+0000] {processor.py:157} INFO - Started process (PID=1900) to work on /home/airflow/.local/lib/python3.8/site-packages/airflow/example_dags/example_kubernetes_executor.py
[2023-08-24T04:14:41.016+0000] {processor.py:829} INFO - Processing file /home/airflow/.local/lib/python3.8/site-packages/airflow/example_dags/example_kubernetes_executor.py for tasks to queue
[2023-08-24T04:14:41.018+0000] {logging_mixin.py:151} INFO - [2023-08-24T04:14:41.018+0000] {dagbag.py:539} INFO - Filling up the DagBag from /home/airflow/.local/lib/python3.8/site-packages/airflow/example_dags/example_kubernetes_executor.py
[2023-08-24T04:14:41.154+0000] {processor.py:839} INFO - DAG(s) dict_keys(['example_kubernetes_executor']) retrieved from /home/airflow/.local/lib/python3.8/site-packages/airflow/example_dags/example_kubernetes_executor.py
[2023-08-24T04:14:41.188+0000] {logging_mixin.py:151} INFO - [2023-08-24T04:14:41.187+0000] {dag.py:2907} INFO - Sync 1 DAGs
[2023-08-24T04:14:41.199+0000] {logging_mixin.py:151} INFO - [2023-08-24T04:14:41.198+0000] {dag.py:3677} INFO - Setting next_dagrun for example_kubernetes_executor to None, run_after=None
[2023-08-24T04:14:41.210+0000] {processor.py:179} INFO - Processing /home/airflow/.local/lib/python3.8/site-packages/airflow/example_dags/example_kubernetes_executor.py took 0.198 seconds
[2023-08-24T04:15:11.829+0000] {processor.py:157} INFO - Started process (PID=1963) to work on /home/airflow/.local/lib/python3.8/site-packages/airflow/example_dags/example_kubernetes_executor.py
[2023-08-24T04:15:11.830+0000] {processor.py:829} INFO - Processing file /home/airflow/.local/lib/python3.8/site-packages/airflow/example_dags/example_kubernetes_executor.py for tasks to queue
[2023-08-24T04:15:11.832+0000] {logging_mixin.py:151} INFO - [2023-08-24T04:15:11.832+0000] {dagbag.py:539} INFO - Filling up the DagBag from /home/airflow/.local/lib/python3.8/site-packages/airflow/example_dags/example_kubernetes_executor.py
[2023-08-24T04:15:11.966+0000] {processor.py:839} INFO - DAG(s) dict_keys(['example_kubernetes_executor']) retrieved from /home/airflow/.local/lib/python3.8/site-packages/airflow/example_dags/example_kubernetes_executor.py
[2023-08-24T04:15:11.991+0000] {logging_mixin.py:151} INFO - [2023-08-24T04:15:11.990+0000] {dag.py:2907} INFO - Sync 1 DAGs
[2023-08-24T04:15:11.998+0000] {logging_mixin.py:151} INFO - [2023-08-24T04:15:11.998+0000] {dag.py:3677} INFO - Setting next_dagrun for example_kubernetes_executor to None, run_after=None
[2023-08-24T04:15:12.010+0000] {processor.py:179} INFO - Processing /home/airflow/.local/lib/python3.8/site-packages/airflow/example_dags/example_kubernetes_executor.py took 0.184 seconds
[2023-08-24T04:15:42.748+0000] {processor.py:157} INFO - Started process (PID=2032) to work on /home/airflow/.local/lib/python3.8/site-packages/airflow/example_dags/example_kubernetes_executor.py
[2023-08-24T04:15:42.749+0000] {processor.py:829} INFO - Processing file /home/airflow/.local/lib/python3.8/site-packages/airflow/example_dags/example_kubernetes_executor.py for tasks to queue
[2023-08-24T04:15:42.751+0000] {logging_mixin.py:151} INFO - [2023-08-24T04:15:42.751+0000] {dagbag.py:539} INFO - Filling up the DagBag from /home/airflow/.local/lib/python3.8/site-packages/airflow/example_dags/example_kubernetes_executor.py
[2023-08-24T04:15:42.887+0000] {processor.py:839} INFO - DAG(s) dict_keys(['example_kubernetes_executor']) retrieved from /home/airflow/.local/lib/python3.8/site-packages/airflow/example_dags/example_kubernetes_executor.py
[2023-08-24T04:15:42.912+0000] {logging_mixin.py:151} INFO - [2023-08-24T04:15:42.912+0000] {dag.py:2907} INFO - Sync 1 DAGs
[2023-08-24T04:15:42.919+0000] {logging_mixin.py:151} INFO - [2023-08-24T04:15:42.919+0000] {dag.py:3677} INFO - Setting next_dagrun for example_kubernetes_executor to None, run_after=None
[2023-08-24T04:15:42.932+0000] {processor.py:179} INFO - Processing /home/airflow/.local/lib/python3.8/site-packages/airflow/example_dags/example_kubernetes_executor.py took 0.187 seconds
[2023-08-24T04:16:13.443+0000] {processor.py:157} INFO - Started process (PID=2095) to work on /home/airflow/.local/lib/python3.8/site-packages/airflow/example_dags/example_kubernetes_executor.py
[2023-08-24T04:16:13.444+0000] {processor.py:829} INFO - Processing file /home/airflow/.local/lib/python3.8/site-packages/airflow/example_dags/example_kubernetes_executor.py for tasks to queue
[2023-08-24T04:16:13.446+0000] {logging_mixin.py:151} INFO - [2023-08-24T04:16:13.445+0000] {dagbag.py:539} INFO - Filling up the DagBag from /home/airflow/.local/lib/python3.8/site-packages/airflow/example_dags/example_kubernetes_executor.py
[2023-08-24T04:16:13.584+0000] {processor.py:839} INFO - DAG(s) dict_keys(['example_kubernetes_executor']) retrieved from /home/airflow/.local/lib/python3.8/site-packages/airflow/example_dags/example_kubernetes_executor.py
[2023-08-24T04:16:13.616+0000] {logging_mixin.py:151} INFO - [2023-08-24T04:16:13.616+0000] {dag.py:2907} INFO - Sync 1 DAGs
[2023-08-24T04:16:13.624+0000] {logging_mixin.py:151} INFO - [2023-08-24T04:16:13.624+0000] {dag.py:3677} INFO - Setting next_dagrun for example_kubernetes_executor to None, run_after=None
[2023-08-24T04:16:13.635+0000] {processor.py:179} INFO - Processing /home/airflow/.local/lib/python3.8/site-packages/airflow/example_dags/example_kubernetes_executor.py took 0.195 seconds
[2023-08-24T04:16:44.209+0000] {processor.py:157} INFO - Started process (PID=2158) to work on /home/airflow/.local/lib/python3.8/site-packages/airflow/example_dags/example_kubernetes_executor.py
[2023-08-24T04:16:44.210+0000] {processor.py:829} INFO - Processing file /home/airflow/.local/lib/python3.8/site-packages/airflow/example_dags/example_kubernetes_executor.py for tasks to queue
[2023-08-24T04:16:44.212+0000] {logging_mixin.py:151} INFO - [2023-08-24T04:16:44.212+0000] {dagbag.py:539} INFO - Filling up the DagBag from /home/airflow/.local/lib/python3.8/site-packages/airflow/example_dags/example_kubernetes_executor.py
[2023-08-24T04:16:44.344+0000] {processor.py:839} INFO - DAG(s) dict_keys(['example_kubernetes_executor']) retrieved from /home/airflow/.local/lib/python3.8/site-packages/airflow/example_dags/example_kubernetes_executor.py
[2023-08-24T04:16:44.371+0000] {logging_mixin.py:151} INFO - [2023-08-24T04:16:44.370+0000] {dag.py:2907} INFO - Sync 1 DAGs
[2023-08-24T04:16:44.379+0000] {logging_mixin.py:151} INFO - [2023-08-24T04:16:44.378+0000] {dag.py:3677} INFO - Setting next_dagrun for example_kubernetes_executor to None, run_after=None
[2023-08-24T04:16:44.389+0000] {processor.py:179} INFO - Processing /home/airflow/.local/lib/python3.8/site-packages/airflow/example_dags/example_kubernetes_executor.py took 0.182 seconds
[2023-08-24T04:17:15.184+0000] {processor.py:157} INFO - Started process (PID=2221) to work on /home/airflow/.local/lib/python3.8/site-packages/airflow/example_dags/example_kubernetes_executor.py
[2023-08-24T04:17:15.185+0000] {processor.py:829} INFO - Processing file /home/airflow/.local/lib/python3.8/site-packages/airflow/example_dags/example_kubernetes_executor.py for tasks to queue
[2023-08-24T04:17:15.188+0000] {logging_mixin.py:151} INFO - [2023-08-24T04:17:15.187+0000] {dagbag.py:539} INFO - Filling up the DagBag from /home/airflow/.local/lib/python3.8/site-packages/airflow/example_dags/example_kubernetes_executor.py
[2023-08-24T04:17:15.352+0000] {processor.py:839} INFO - DAG(s) dict_keys(['example_kubernetes_executor']) retrieved from /home/airflow/.local/lib/python3.8/site-packages/airflow/example_dags/example_kubernetes_executor.py
[2023-08-24T04:17:15.378+0000] {logging_mixin.py:151} INFO - [2023-08-24T04:17:15.378+0000] {dag.py:2907} INFO - Sync 1 DAGs
[2023-08-24T04:17:15.386+0000] {logging_mixin.py:151} INFO - [2023-08-24T04:17:15.386+0000] {dag.py:3677} INFO - Setting next_dagrun for example_kubernetes_executor to None, run_after=None
[2023-08-24T04:17:15.400+0000] {processor.py:179} INFO - Processing /home/airflow/.local/lib/python3.8/site-packages/airflow/example_dags/example_kubernetes_executor.py took 0.219 seconds
[2023-08-24T04:17:45.433+0000] {processor.py:157} INFO - Started process (PID=2289) to work on /home/airflow/.local/lib/python3.8/site-packages/airflow/example_dags/example_kubernetes_executor.py
[2023-08-24T04:17:45.434+0000] {processor.py:829} INFO - Processing file /home/airflow/.local/lib/python3.8/site-packages/airflow/example_dags/example_kubernetes_executor.py for tasks to queue
[2023-08-24T04:17:45.436+0000] {logging_mixin.py:151} INFO - [2023-08-24T04:17:45.436+0000] {dagbag.py:539} INFO - Filling up the DagBag from /home/airflow/.local/lib/python3.8/site-packages/airflow/example_dags/example_kubernetes_executor.py
[2023-08-24T04:17:45.569+0000] {processor.py:839} INFO - DAG(s) dict_keys(['example_kubernetes_executor']) retrieved from /home/airflow/.local/lib/python3.8/site-packages/airflow/example_dags/example_kubernetes_executor.py
[2023-08-24T04:17:45.591+0000] {logging_mixin.py:151} INFO - [2023-08-24T04:17:45.590+0000] {dag.py:2907} INFO - Sync 1 DAGs
[2023-08-24T04:17:45.597+0000] {logging_mixin.py:151} INFO - [2023-08-24T04:17:45.597+0000] {dag.py:3677} INFO - Setting next_dagrun for example_kubernetes_executor to None, run_after=None
[2023-08-24T04:17:45.608+0000] {processor.py:179} INFO - Processing /home/airflow/.local/lib/python3.8/site-packages/airflow/example_dags/example_kubernetes_executor.py took 0.177 seconds
[2023-08-24T04:18:16.079+0000] {processor.py:157} INFO - Started process (PID=2350) to work on /home/airflow/.local/lib/python3.8/site-packages/airflow/example_dags/example_kubernetes_executor.py
[2023-08-24T04:18:16.080+0000] {processor.py:829} INFO - Processing file /home/airflow/.local/lib/python3.8/site-packages/airflow/example_dags/example_kubernetes_executor.py for tasks to queue
[2023-08-24T04:18:16.082+0000] {logging_mixin.py:151} INFO - [2023-08-24T04:18:16.082+0000] {dagbag.py:539} INFO - Filling up the DagBag from /home/airflow/.local/lib/python3.8/site-packages/airflow/example_dags/example_kubernetes_executor.py
[2023-08-24T04:18:16.219+0000] {processor.py:839} INFO - DAG(s) dict_keys(['example_kubernetes_executor']) retrieved from /home/airflow/.local/lib/python3.8/site-packages/airflow/example_dags/example_kubernetes_executor.py
[2023-08-24T04:18:16.248+0000] {logging_mixin.py:151} INFO - [2023-08-24T04:18:16.248+0000] {dag.py:2907} INFO - Sync 1 DAGs
[2023-08-24T04:18:16.256+0000] {logging_mixin.py:151} INFO - [2023-08-24T04:18:16.256+0000] {dag.py:3677} INFO - Setting next_dagrun for example_kubernetes_executor to None, run_after=None
[2023-08-24T04:18:16.267+0000] {processor.py:179} INFO - Processing /home/airflow/.local/lib/python3.8/site-packages/airflow/example_dags/example_kubernetes_executor.py took 0.191 seconds
[2023-08-24T04:24:30.622+0000] {processor.py:157} INFO - Started process (PID=74) to work on /home/airflow/.local/lib/python3.8/site-packages/airflow/example_dags/example_kubernetes_executor.py
[2023-08-24T04:24:30.623+0000] {processor.py:829} INFO - Processing file /home/airflow/.local/lib/python3.8/site-packages/airflow/example_dags/example_kubernetes_executor.py for tasks to queue
[2023-08-24T04:24:30.625+0000] {logging_mixin.py:151} INFO - [2023-08-24T04:24:30.625+0000] {dagbag.py:539} INFO - Filling up the DagBag from /home/airflow/.local/lib/python3.8/site-packages/airflow/example_dags/example_kubernetes_executor.py
[2023-08-24T04:24:30.777+0000] {processor.py:839} INFO - DAG(s) dict_keys(['example_kubernetes_executor']) retrieved from /home/airflow/.local/lib/python3.8/site-packages/airflow/example_dags/example_kubernetes_executor.py
[2023-08-24T04:24:30.792+0000] {logging_mixin.py:151} INFO - [2023-08-24T04:24:30.791+0000] {dag.py:2907} INFO - Sync 1 DAGs
[2023-08-24T04:24:30.801+0000] {logging_mixin.py:151} INFO - [2023-08-24T04:24:30.801+0000] {dag.py:3677} INFO - Setting next_dagrun for example_kubernetes_executor to None, run_after=None
[2023-08-24T04:24:30.813+0000] {processor.py:179} INFO - Processing /home/airflow/.local/lib/python3.8/site-packages/airflow/example_dags/example_kubernetes_executor.py took 0.194 seconds
[2023-08-24T04:25:00.904+0000] {processor.py:157} INFO - Started process (PID=138) to work on /home/airflow/.local/lib/python3.8/site-packages/airflow/example_dags/example_kubernetes_executor.py
[2023-08-24T04:25:00.905+0000] {processor.py:829} INFO - Processing file /home/airflow/.local/lib/python3.8/site-packages/airflow/example_dags/example_kubernetes_executor.py for tasks to queue
[2023-08-24T04:25:00.907+0000] {logging_mixin.py:151} INFO - [2023-08-24T04:25:00.906+0000] {dagbag.py:539} INFO - Filling up the DagBag from /home/airflow/.local/lib/python3.8/site-packages/airflow/example_dags/example_kubernetes_executor.py
[2023-08-24T04:25:01.027+0000] {processor.py:839} INFO - DAG(s) dict_keys(['example_kubernetes_executor']) retrieved from /home/airflow/.local/lib/python3.8/site-packages/airflow/example_dags/example_kubernetes_executor.py
[2023-08-24T04:25:01.051+0000] {logging_mixin.py:151} INFO - [2023-08-24T04:25:01.050+0000] {dag.py:2907} INFO - Sync 1 DAGs
[2023-08-24T04:25:01.058+0000] {logging_mixin.py:151} INFO - [2023-08-24T04:25:01.057+0000] {dag.py:3677} INFO - Setting next_dagrun for example_kubernetes_executor to None, run_after=None
[2023-08-24T04:25:01.068+0000] {processor.py:179} INFO - Processing /home/airflow/.local/lib/python3.8/site-packages/airflow/example_dags/example_kubernetes_executor.py took 0.167 seconds
[2023-08-24T04:26:40.603+0000] {processor.py:157} INFO - Started process (PID=74) to work on /home/airflow/.local/lib/python3.8/site-packages/airflow/example_dags/example_kubernetes_executor.py
[2023-08-24T04:26:40.604+0000] {processor.py:829} INFO - Processing file /home/airflow/.local/lib/python3.8/site-packages/airflow/example_dags/example_kubernetes_executor.py for tasks to queue
[2023-08-24T04:26:40.606+0000] {logging_mixin.py:151} INFO - [2023-08-24T04:26:40.605+0000] {dagbag.py:539} INFO - Filling up the DagBag from /home/airflow/.local/lib/python3.8/site-packages/airflow/example_dags/example_kubernetes_executor.py
[2023-08-24T04:26:40.746+0000] {processor.py:839} INFO - DAG(s) dict_keys(['example_kubernetes_executor']) retrieved from /home/airflow/.local/lib/python3.8/site-packages/airflow/example_dags/example_kubernetes_executor.py
[2023-08-24T04:26:40.757+0000] {logging_mixin.py:151} INFO - [2023-08-24T04:26:40.757+0000] {dag.py:2907} INFO - Sync 1 DAGs
[2023-08-24T04:26:40.765+0000] {logging_mixin.py:151} INFO - [2023-08-24T04:26:40.765+0000] {dag.py:3677} INFO - Setting next_dagrun for example_kubernetes_executor to None, run_after=None
[2023-08-24T04:26:40.776+0000] {processor.py:179} INFO - Processing /home/airflow/.local/lib/python3.8/site-packages/airflow/example_dags/example_kubernetes_executor.py took 0.176 seconds
[2023-08-24T04:27:10.852+0000] {processor.py:157} INFO - Started process (PID=136) to work on /home/airflow/.local/lib/python3.8/site-packages/airflow/example_dags/example_kubernetes_executor.py
[2023-08-24T04:27:10.854+0000] {processor.py:829} INFO - Processing file /home/airflow/.local/lib/python3.8/site-packages/airflow/example_dags/example_kubernetes_executor.py for tasks to queue
[2023-08-24T04:27:10.855+0000] {logging_mixin.py:151} INFO - [2023-08-24T04:27:10.855+0000] {dagbag.py:539} INFO - Filling up the DagBag from /home/airflow/.local/lib/python3.8/site-packages/airflow/example_dags/example_kubernetes_executor.py
[2023-08-24T04:27:10.986+0000] {processor.py:839} INFO - DAG(s) dict_keys(['example_kubernetes_executor']) retrieved from /home/airflow/.local/lib/python3.8/site-packages/airflow/example_dags/example_kubernetes_executor.py
[2023-08-24T04:27:11.011+0000] {logging_mixin.py:151} INFO - [2023-08-24T04:27:11.010+0000] {dag.py:2907} INFO - Sync 1 DAGs
[2023-08-24T04:27:11.019+0000] {logging_mixin.py:151} INFO - [2023-08-24T04:27:11.019+0000] {dag.py:3677} INFO - Setting next_dagrun for example_kubernetes_executor to None, run_after=None
[2023-08-24T04:27:11.030+0000] {processor.py:179} INFO - Processing /home/airflow/.local/lib/python3.8/site-packages/airflow/example_dags/example_kubernetes_executor.py took 0.180 seconds
