[2023-08-24T03:04:54.054+0000] {processor.py:157} INFO - Started process (PID=57) to work on /home/airflow/.local/lib/python3.8/site-packages/airflow/example_dags/example_short_circuit_operator.py
[2023-08-24T03:04:54.055+0000] {processor.py:829} INFO - Processing file /home/airflow/.local/lib/python3.8/site-packages/airflow/example_dags/example_short_circuit_operator.py for tasks to queue
[2023-08-24T03:04:54.058+0000] {logging_mixin.py:151} INFO - [2023-08-24T03:04:54.057+0000] {dagbag.py:539} INFO - Filling up the DagBag from /home/airflow/.local/lib/python3.8/site-packages/airflow/example_dags/example_short_circuit_operator.py
[2023-08-24T03:04:54.065+0000] {processor.py:839} INFO - DAG(s) dict_keys(['example_short_circuit_operator']) retrieved from /home/airflow/.local/lib/python3.8/site-packages/airflow/example_dags/example_short_circuit_operator.py
[2023-08-24T03:04:54.088+0000] {logging_mixin.py:151} INFO - [2023-08-24T03:04:54.088+0000] {dag.py:2907} INFO - Sync 1 DAGs
[2023-08-24T03:04:54.104+0000] {logging_mixin.py:151} INFO - [2023-08-24T03:04:54.104+0000] {dag.py:3677} INFO - Setting next_dagrun for example_short_circuit_operator to 2023-08-23T03:04:54.104310+00:00, run_after=2023-08-24T03:04:54.104310+00:00
[2023-08-24T03:04:54.115+0000] {processor.py:179} INFO - Processing /home/airflow/.local/lib/python3.8/site-packages/airflow/example_dags/example_short_circuit_operator.py took 0.064 seconds
[2023-08-24T03:05:24.583+0000] {processor.py:157} INFO - Started process (PID=120) to work on /home/airflow/.local/lib/python3.8/site-packages/airflow/example_dags/example_short_circuit_operator.py
[2023-08-24T03:05:24.584+0000] {processor.py:829} INFO - Processing file /home/airflow/.local/lib/python3.8/site-packages/airflow/example_dags/example_short_circuit_operator.py for tasks to queue
[2023-08-24T03:05:24.586+0000] {logging_mixin.py:151} INFO - [2023-08-24T03:05:24.586+0000] {dagbag.py:539} INFO - Filling up the DagBag from /home/airflow/.local/lib/python3.8/site-packages/airflow/example_dags/example_short_circuit_operator.py
[2023-08-24T03:05:24.592+0000] {processor.py:839} INFO - DAG(s) dict_keys(['example_short_circuit_operator']) retrieved from /home/airflow/.local/lib/python3.8/site-packages/airflow/example_dags/example_short_circuit_operator.py
[2023-08-24T03:05:24.609+0000] {logging_mixin.py:151} INFO - [2023-08-24T03:05:24.609+0000] {dag.py:2907} INFO - Sync 1 DAGs
[2023-08-24T03:05:24.623+0000] {logging_mixin.py:151} INFO - [2023-08-24T03:05:24.623+0000] {dag.py:3677} INFO - Setting next_dagrun for example_short_circuit_operator to 2023-08-23T03:05:24.623015+00:00, run_after=2023-08-24T03:05:24.623015+00:00
[2023-08-24T03:05:24.632+0000] {processor.py:179} INFO - Processing /home/airflow/.local/lib/python3.8/site-packages/airflow/example_dags/example_short_circuit_operator.py took 0.053 seconds
[2023-08-24T03:05:55.563+0000] {processor.py:157} INFO - Started process (PID=183) to work on /home/airflow/.local/lib/python3.8/site-packages/airflow/example_dags/example_short_circuit_operator.py
[2023-08-24T03:05:55.564+0000] {processor.py:829} INFO - Processing file /home/airflow/.local/lib/python3.8/site-packages/airflow/example_dags/example_short_circuit_operator.py for tasks to queue
[2023-08-24T03:05:55.566+0000] {logging_mixin.py:151} INFO - [2023-08-24T03:05:55.566+0000] {dagbag.py:539} INFO - Filling up the DagBag from /home/airflow/.local/lib/python3.8/site-packages/airflow/example_dags/example_short_circuit_operator.py
[2023-08-24T03:05:55.572+0000] {processor.py:839} INFO - DAG(s) dict_keys(['example_short_circuit_operator']) retrieved from /home/airflow/.local/lib/python3.8/site-packages/airflow/example_dags/example_short_circuit_operator.py
[2023-08-24T03:05:55.589+0000] {logging_mixin.py:151} INFO - [2023-08-24T03:05:55.589+0000] {dag.py:2907} INFO - Sync 1 DAGs
[2023-08-24T03:05:55.602+0000] {logging_mixin.py:151} INFO - [2023-08-24T03:05:55.602+0000] {dag.py:3677} INFO - Setting next_dagrun for example_short_circuit_operator to 2023-08-23T03:05:55.601807+00:00, run_after=2023-08-24T03:05:55.601807+00:00
[2023-08-24T03:05:55.612+0000] {processor.py:179} INFO - Processing /home/airflow/.local/lib/python3.8/site-packages/airflow/example_dags/example_short_circuit_operator.py took 0.052 seconds
[2023-08-24T03:06:26.551+0000] {processor.py:157} INFO - Started process (PID=246) to work on /home/airflow/.local/lib/python3.8/site-packages/airflow/example_dags/example_short_circuit_operator.py
[2023-08-24T03:06:26.552+0000] {processor.py:829} INFO - Processing file /home/airflow/.local/lib/python3.8/site-packages/airflow/example_dags/example_short_circuit_operator.py for tasks to queue
[2023-08-24T03:06:26.554+0000] {logging_mixin.py:151} INFO - [2023-08-24T03:06:26.554+0000] {dagbag.py:539} INFO - Filling up the DagBag from /home/airflow/.local/lib/python3.8/site-packages/airflow/example_dags/example_short_circuit_operator.py
[2023-08-24T03:06:26.561+0000] {processor.py:839} INFO - DAG(s) dict_keys(['example_short_circuit_operator']) retrieved from /home/airflow/.local/lib/python3.8/site-packages/airflow/example_dags/example_short_circuit_operator.py
[2023-08-24T03:06:26.578+0000] {logging_mixin.py:151} INFO - [2023-08-24T03:06:26.578+0000] {dag.py:2907} INFO - Sync 1 DAGs
[2023-08-24T03:06:26.590+0000] {logging_mixin.py:151} INFO - [2023-08-24T03:06:26.590+0000] {dag.py:3677} INFO - Setting next_dagrun for example_short_circuit_operator to 2023-08-23T03:06:26.590133+00:00, run_after=2023-08-24T03:06:26.590133+00:00
[2023-08-24T03:06:26.601+0000] {processor.py:179} INFO - Processing /home/airflow/.local/lib/python3.8/site-packages/airflow/example_dags/example_short_circuit_operator.py took 0.054 seconds
[2023-08-24T03:06:57.367+0000] {processor.py:157} INFO - Started process (PID=309) to work on /home/airflow/.local/lib/python3.8/site-packages/airflow/example_dags/example_short_circuit_operator.py
[2023-08-24T03:06:57.368+0000] {processor.py:829} INFO - Processing file /home/airflow/.local/lib/python3.8/site-packages/airflow/example_dags/example_short_circuit_operator.py for tasks to queue
[2023-08-24T03:06:57.370+0000] {logging_mixin.py:151} INFO - [2023-08-24T03:06:57.370+0000] {dagbag.py:539} INFO - Filling up the DagBag from /home/airflow/.local/lib/python3.8/site-packages/airflow/example_dags/example_short_circuit_operator.py
[2023-08-24T03:06:57.375+0000] {processor.py:839} INFO - DAG(s) dict_keys(['example_short_circuit_operator']) retrieved from /home/airflow/.local/lib/python3.8/site-packages/airflow/example_dags/example_short_circuit_operator.py
[2023-08-24T03:06:57.393+0000] {logging_mixin.py:151} INFO - [2023-08-24T03:06:57.393+0000] {dag.py:2907} INFO - Sync 1 DAGs
[2023-08-24T03:06:57.406+0000] {logging_mixin.py:151} INFO - [2023-08-24T03:06:57.406+0000] {dag.py:3677} INFO - Setting next_dagrun for example_short_circuit_operator to 2023-08-23T03:06:57.406559+00:00, run_after=2023-08-24T03:06:57.406559+00:00
[2023-08-24T03:06:57.417+0000] {processor.py:179} INFO - Processing /home/airflow/.local/lib/python3.8/site-packages/airflow/example_dags/example_short_circuit_operator.py took 0.052 seconds
[2023-08-24T03:07:28.181+0000] {processor.py:157} INFO - Started process (PID=376) to work on /home/airflow/.local/lib/python3.8/site-packages/airflow/example_dags/example_short_circuit_operator.py
[2023-08-24T03:07:28.182+0000] {processor.py:829} INFO - Processing file /home/airflow/.local/lib/python3.8/site-packages/airflow/example_dags/example_short_circuit_operator.py for tasks to queue
[2023-08-24T03:07:28.184+0000] {logging_mixin.py:151} INFO - [2023-08-24T03:07:28.184+0000] {dagbag.py:539} INFO - Filling up the DagBag from /home/airflow/.local/lib/python3.8/site-packages/airflow/example_dags/example_short_circuit_operator.py
[2023-08-24T03:07:28.190+0000] {processor.py:839} INFO - DAG(s) dict_keys(['example_short_circuit_operator']) retrieved from /home/airflow/.local/lib/python3.8/site-packages/airflow/example_dags/example_short_circuit_operator.py
[2023-08-24T03:07:28.209+0000] {logging_mixin.py:151} INFO - [2023-08-24T03:07:28.209+0000] {dag.py:2907} INFO - Sync 1 DAGs
[2023-08-24T03:07:28.222+0000] {logging_mixin.py:151} INFO - [2023-08-24T03:07:28.222+0000] {dag.py:3677} INFO - Setting next_dagrun for example_short_circuit_operator to 2023-08-23T03:07:28.221875+00:00, run_after=2023-08-24T03:07:28.221875+00:00
[2023-08-24T03:07:28.233+0000] {processor.py:179} INFO - Processing /home/airflow/.local/lib/python3.8/site-packages/airflow/example_dags/example_short_circuit_operator.py took 0.055 seconds
[2023-08-24T03:07:58.841+0000] {processor.py:157} INFO - Started process (PID=439) to work on /home/airflow/.local/lib/python3.8/site-packages/airflow/example_dags/example_short_circuit_operator.py
[2023-08-24T03:07:58.843+0000] {processor.py:829} INFO - Processing file /home/airflow/.local/lib/python3.8/site-packages/airflow/example_dags/example_short_circuit_operator.py for tasks to queue
[2023-08-24T03:07:58.845+0000] {logging_mixin.py:151} INFO - [2023-08-24T03:07:58.844+0000] {dagbag.py:539} INFO - Filling up the DagBag from /home/airflow/.local/lib/python3.8/site-packages/airflow/example_dags/example_short_circuit_operator.py
[2023-08-24T03:07:58.850+0000] {processor.py:839} INFO - DAG(s) dict_keys(['example_short_circuit_operator']) retrieved from /home/airflow/.local/lib/python3.8/site-packages/airflow/example_dags/example_short_circuit_operator.py
[2023-08-24T03:07:58.867+0000] {logging_mixin.py:151} INFO - [2023-08-24T03:07:58.867+0000] {dag.py:2907} INFO - Sync 1 DAGs
[2023-08-24T03:07:58.880+0000] {logging_mixin.py:151} INFO - [2023-08-24T03:07:58.880+0000] {dag.py:3677} INFO - Setting next_dagrun for example_short_circuit_operator to 2023-08-23T03:07:58.880303+00:00, run_after=2023-08-24T03:07:58.880303+00:00
[2023-08-24T03:07:58.891+0000] {processor.py:179} INFO - Processing /home/airflow/.local/lib/python3.8/site-packages/airflow/example_dags/example_short_circuit_operator.py took 0.052 seconds
[2023-08-24T03:08:29.705+0000] {processor.py:157} INFO - Started process (PID=503) to work on /home/airflow/.local/lib/python3.8/site-packages/airflow/example_dags/example_short_circuit_operator.py
[2023-08-24T03:08:29.706+0000] {processor.py:829} INFO - Processing file /home/airflow/.local/lib/python3.8/site-packages/airflow/example_dags/example_short_circuit_operator.py for tasks to queue
[2023-08-24T03:08:29.708+0000] {logging_mixin.py:151} INFO - [2023-08-24T03:08:29.708+0000] {dagbag.py:539} INFO - Filling up the DagBag from /home/airflow/.local/lib/python3.8/site-packages/airflow/example_dags/example_short_circuit_operator.py
[2023-08-24T03:08:29.713+0000] {processor.py:839} INFO - DAG(s) dict_keys(['example_short_circuit_operator']) retrieved from /home/airflow/.local/lib/python3.8/site-packages/airflow/example_dags/example_short_circuit_operator.py
[2023-08-24T03:08:29.730+0000] {logging_mixin.py:151} INFO - [2023-08-24T03:08:29.730+0000] {dag.py:2907} INFO - Sync 1 DAGs
[2023-08-24T03:08:29.744+0000] {logging_mixin.py:151} INFO - [2023-08-24T03:08:29.744+0000] {dag.py:3677} INFO - Setting next_dagrun for example_short_circuit_operator to 2023-08-23T03:08:29.743762+00:00, run_after=2023-08-24T03:08:29.743762+00:00
[2023-08-24T03:08:29.755+0000] {processor.py:179} INFO - Processing /home/airflow/.local/lib/python3.8/site-packages/airflow/example_dags/example_short_circuit_operator.py took 0.052 seconds
[2023-08-24T03:09:00.543+0000] {processor.py:157} INFO - Started process (PID=566) to work on /home/airflow/.local/lib/python3.8/site-packages/airflow/example_dags/example_short_circuit_operator.py
[2023-08-24T03:09:00.544+0000] {processor.py:829} INFO - Processing file /home/airflow/.local/lib/python3.8/site-packages/airflow/example_dags/example_short_circuit_operator.py for tasks to queue
[2023-08-24T03:09:00.546+0000] {logging_mixin.py:151} INFO - [2023-08-24T03:09:00.546+0000] {dagbag.py:539} INFO - Filling up the DagBag from /home/airflow/.local/lib/python3.8/site-packages/airflow/example_dags/example_short_circuit_operator.py
[2023-08-24T03:09:00.552+0000] {processor.py:839} INFO - DAG(s) dict_keys(['example_short_circuit_operator']) retrieved from /home/airflow/.local/lib/python3.8/site-packages/airflow/example_dags/example_short_circuit_operator.py
[2023-08-24T03:09:00.572+0000] {logging_mixin.py:151} INFO - [2023-08-24T03:09:00.572+0000] {dag.py:2907} INFO - Sync 1 DAGs
[2023-08-24T03:09:00.586+0000] {logging_mixin.py:151} INFO - [2023-08-24T03:09:00.586+0000] {dag.py:3677} INFO - Setting next_dagrun for example_short_circuit_operator to 2023-08-23T03:09:00.586196+00:00, run_after=2023-08-24T03:09:00.586196+00:00
[2023-08-24T03:09:00.598+0000] {processor.py:179} INFO - Processing /home/airflow/.local/lib/python3.8/site-packages/airflow/example_dags/example_short_circuit_operator.py took 0.058 seconds
[2023-08-24T03:16:29.868+0000] {processor.py:157} INFO - Started process (PID=58) to work on /home/airflow/.local/lib/python3.8/site-packages/airflow/example_dags/example_short_circuit_operator.py
[2023-08-24T03:16:29.869+0000] {processor.py:829} INFO - Processing file /home/airflow/.local/lib/python3.8/site-packages/airflow/example_dags/example_short_circuit_operator.py for tasks to queue
[2023-08-24T03:16:29.872+0000] {logging_mixin.py:151} INFO - [2023-08-24T03:16:29.871+0000] {dagbag.py:539} INFO - Filling up the DagBag from /home/airflow/.local/lib/python3.8/site-packages/airflow/example_dags/example_short_circuit_operator.py
[2023-08-24T03:16:29.878+0000] {processor.py:839} INFO - DAG(s) dict_keys(['example_short_circuit_operator']) retrieved from /home/airflow/.local/lib/python3.8/site-packages/airflow/example_dags/example_short_circuit_operator.py
[2023-08-24T03:16:29.889+0000] {logging_mixin.py:151} INFO - [2023-08-24T03:16:29.889+0000] {dag.py:2907} INFO - Sync 1 DAGs
[2023-08-24T03:16:29.904+0000] {logging_mixin.py:151} INFO - [2023-08-24T03:16:29.903+0000] {dag.py:3677} INFO - Setting next_dagrun for example_short_circuit_operator to 2023-08-23T03:16:29.903646+00:00, run_after=2023-08-24T03:16:29.903646+00:00
[2023-08-24T03:16:29.915+0000] {processor.py:179} INFO - Processing /home/airflow/.local/lib/python3.8/site-packages/airflow/example_dags/example_short_circuit_operator.py took 0.050 seconds
[2023-08-24T03:17:00.012+0000] {processor.py:157} INFO - Started process (PID=121) to work on /home/airflow/.local/lib/python3.8/site-packages/airflow/example_dags/example_short_circuit_operator.py
[2023-08-24T03:17:00.013+0000] {processor.py:829} INFO - Processing file /home/airflow/.local/lib/python3.8/site-packages/airflow/example_dags/example_short_circuit_operator.py for tasks to queue
[2023-08-24T03:17:00.015+0000] {logging_mixin.py:151} INFO - [2023-08-24T03:17:00.014+0000] {dagbag.py:539} INFO - Filling up the DagBag from /home/airflow/.local/lib/python3.8/site-packages/airflow/example_dags/example_short_circuit_operator.py
[2023-08-24T03:17:00.020+0000] {processor.py:839} INFO - DAG(s) dict_keys(['example_short_circuit_operator']) retrieved from /home/airflow/.local/lib/python3.8/site-packages/airflow/example_dags/example_short_circuit_operator.py
[2023-08-24T03:17:00.037+0000] {logging_mixin.py:151} INFO - [2023-08-24T03:17:00.037+0000] {dag.py:2907} INFO - Sync 1 DAGs
[2023-08-24T03:17:00.050+0000] {logging_mixin.py:151} INFO - [2023-08-24T03:17:00.050+0000] {dag.py:3677} INFO - Setting next_dagrun for example_short_circuit_operator to 2023-08-23T03:17:00.050553+00:00, run_after=2023-08-24T03:17:00.050553+00:00
[2023-08-24T03:17:00.061+0000] {processor.py:179} INFO - Processing /home/airflow/.local/lib/python3.8/site-packages/airflow/example_dags/example_short_circuit_operator.py took 0.052 seconds
[2023-08-24T03:17:30.735+0000] {processor.py:157} INFO - Started process (PID=184) to work on /home/airflow/.local/lib/python3.8/site-packages/airflow/example_dags/example_short_circuit_operator.py
[2023-08-24T03:17:30.736+0000] {processor.py:829} INFO - Processing file /home/airflow/.local/lib/python3.8/site-packages/airflow/example_dags/example_short_circuit_operator.py for tasks to queue
[2023-08-24T03:17:30.738+0000] {logging_mixin.py:151} INFO - [2023-08-24T03:17:30.738+0000] {dagbag.py:539} INFO - Filling up the DagBag from /home/airflow/.local/lib/python3.8/site-packages/airflow/example_dags/example_short_circuit_operator.py
[2023-08-24T03:17:30.743+0000] {processor.py:839} INFO - DAG(s) dict_keys(['example_short_circuit_operator']) retrieved from /home/airflow/.local/lib/python3.8/site-packages/airflow/example_dags/example_short_circuit_operator.py
[2023-08-24T03:17:30.762+0000] {logging_mixin.py:151} INFO - [2023-08-24T03:17:30.762+0000] {dag.py:2907} INFO - Sync 1 DAGs
[2023-08-24T03:17:30.775+0000] {logging_mixin.py:151} INFO - [2023-08-24T03:17:30.775+0000] {dag.py:3677} INFO - Setting next_dagrun for example_short_circuit_operator to 2023-08-23T03:17:30.774931+00:00, run_after=2023-08-24T03:17:30.774931+00:00
[2023-08-24T03:17:30.786+0000] {processor.py:179} INFO - Processing /home/airflow/.local/lib/python3.8/site-packages/airflow/example_dags/example_short_circuit_operator.py took 0.054 seconds
[2023-08-24T03:18:01.543+0000] {processor.py:157} INFO - Started process (PID=247) to work on /home/airflow/.local/lib/python3.8/site-packages/airflow/example_dags/example_short_circuit_operator.py
[2023-08-24T03:18:01.544+0000] {processor.py:829} INFO - Processing file /home/airflow/.local/lib/python3.8/site-packages/airflow/example_dags/example_short_circuit_operator.py for tasks to queue
[2023-08-24T03:18:01.546+0000] {logging_mixin.py:151} INFO - [2023-08-24T03:18:01.546+0000] {dagbag.py:539} INFO - Filling up the DagBag from /home/airflow/.local/lib/python3.8/site-packages/airflow/example_dags/example_short_circuit_operator.py
[2023-08-24T03:18:01.552+0000] {processor.py:839} INFO - DAG(s) dict_keys(['example_short_circuit_operator']) retrieved from /home/airflow/.local/lib/python3.8/site-packages/airflow/example_dags/example_short_circuit_operator.py
[2023-08-24T03:18:01.570+0000] {logging_mixin.py:151} INFO - [2023-08-24T03:18:01.570+0000] {dag.py:2907} INFO - Sync 1 DAGs
[2023-08-24T03:18:01.584+0000] {logging_mixin.py:151} INFO - [2023-08-24T03:18:01.584+0000] {dag.py:3677} INFO - Setting next_dagrun for example_short_circuit_operator to 2023-08-23T03:18:01.584458+00:00, run_after=2023-08-24T03:18:01.584458+00:00
[2023-08-24T03:18:01.595+0000] {processor.py:179} INFO - Processing /home/airflow/.local/lib/python3.8/site-packages/airflow/example_dags/example_short_circuit_operator.py took 0.054 seconds
[2023-08-24T03:19:16.086+0000] {processor.py:157} INFO - Started process (PID=57) to work on /home/airflow/.local/lib/python3.8/site-packages/airflow/example_dags/example_short_circuit_operator.py
[2023-08-24T03:19:16.087+0000] {processor.py:829} INFO - Processing file /home/airflow/.local/lib/python3.8/site-packages/airflow/example_dags/example_short_circuit_operator.py for tasks to queue
[2023-08-24T03:19:16.089+0000] {logging_mixin.py:151} INFO - [2023-08-24T03:19:16.089+0000] {dagbag.py:539} INFO - Filling up the DagBag from /home/airflow/.local/lib/python3.8/site-packages/airflow/example_dags/example_short_circuit_operator.py
[2023-08-24T03:19:16.096+0000] {processor.py:839} INFO - DAG(s) dict_keys(['example_short_circuit_operator']) retrieved from /home/airflow/.local/lib/python3.8/site-packages/airflow/example_dags/example_short_circuit_operator.py
[2023-08-24T03:19:16.109+0000] {logging_mixin.py:151} INFO - [2023-08-24T03:19:16.109+0000] {dag.py:2907} INFO - Sync 1 DAGs
[2023-08-24T03:19:16.122+0000] {logging_mixin.py:151} INFO - [2023-08-24T03:19:16.122+0000] {dag.py:3677} INFO - Setting next_dagrun for example_short_circuit_operator to 2023-08-23T03:19:16.122161+00:00, run_after=2023-08-24T03:19:16.122161+00:00
[2023-08-24T03:19:16.136+0000] {processor.py:179} INFO - Processing /home/airflow/.local/lib/python3.8/site-packages/airflow/example_dags/example_short_circuit_operator.py took 0.053 seconds
[2023-08-24T03:22:56.497+0000] {processor.py:157} INFO - Started process (PID=56) to work on /home/airflow/.local/lib/python3.8/site-packages/airflow/example_dags/example_short_circuit_operator.py
[2023-08-24T03:22:56.499+0000] {processor.py:829} INFO - Processing file /home/airflow/.local/lib/python3.8/site-packages/airflow/example_dags/example_short_circuit_operator.py for tasks to queue
[2023-08-24T03:22:56.502+0000] {logging_mixin.py:151} INFO - [2023-08-24T03:22:56.502+0000] {dagbag.py:539} INFO - Filling up the DagBag from /home/airflow/.local/lib/python3.8/site-packages/airflow/example_dags/example_short_circuit_operator.py
[2023-08-24T03:22:56.512+0000] {processor.py:839} INFO - DAG(s) dict_keys(['example_short_circuit_operator']) retrieved from /home/airflow/.local/lib/python3.8/site-packages/airflow/example_dags/example_short_circuit_operator.py
[2023-08-24T03:22:56.530+0000] {logging_mixin.py:151} INFO - [2023-08-24T03:22:56.530+0000] {dag.py:2907} INFO - Sync 1 DAGs
[2023-08-24T03:22:56.579+0000] {logging_mixin.py:151} INFO - [2023-08-24T03:22:56.579+0000] {dag.py:3677} INFO - Setting next_dagrun for example_short_circuit_operator to 2023-08-23T03:22:56.578830+00:00, run_after=2023-08-24T03:22:56.578830+00:00
[2023-08-24T03:22:56.603+0000] {processor.py:179} INFO - Processing /home/airflow/.local/lib/python3.8/site-packages/airflow/example_dags/example_short_circuit_operator.py took 0.109 seconds
[2023-08-24T03:23:27.047+0000] {processor.py:157} INFO - Started process (PID=119) to work on /home/airflow/.local/lib/python3.8/site-packages/airflow/example_dags/example_short_circuit_operator.py
[2023-08-24T03:23:27.048+0000] {processor.py:829} INFO - Processing file /home/airflow/.local/lib/python3.8/site-packages/airflow/example_dags/example_short_circuit_operator.py for tasks to queue
[2023-08-24T03:23:27.050+0000] {logging_mixin.py:151} INFO - [2023-08-24T03:23:27.050+0000] {dagbag.py:539} INFO - Filling up the DagBag from /home/airflow/.local/lib/python3.8/site-packages/airflow/example_dags/example_short_circuit_operator.py
[2023-08-24T03:23:27.056+0000] {processor.py:839} INFO - DAG(s) dict_keys(['example_short_circuit_operator']) retrieved from /home/airflow/.local/lib/python3.8/site-packages/airflow/example_dags/example_short_circuit_operator.py
[2023-08-24T03:23:27.075+0000] {logging_mixin.py:151} INFO - [2023-08-24T03:23:27.075+0000] {dag.py:2907} INFO - Sync 1 DAGs
[2023-08-24T03:23:27.089+0000] {logging_mixin.py:151} INFO - [2023-08-24T03:23:27.089+0000] {dag.py:3677} INFO - Setting next_dagrun for example_short_circuit_operator to 2023-08-23T03:23:27.089341+00:00, run_after=2023-08-24T03:23:27.089341+00:00
[2023-08-24T03:23:27.101+0000] {processor.py:179} INFO - Processing /home/airflow/.local/lib/python3.8/site-packages/airflow/example_dags/example_short_circuit_operator.py took 0.056 seconds
[2023-08-24T03:59:48.744+0000] {processor.py:157} INFO - Started process (PID=57) to work on /home/airflow/.local/lib/python3.8/site-packages/airflow/example_dags/example_short_circuit_operator.py
[2023-08-24T03:59:48.746+0000] {processor.py:829} INFO - Processing file /home/airflow/.local/lib/python3.8/site-packages/airflow/example_dags/example_short_circuit_operator.py for tasks to queue
[2023-08-24T03:59:48.749+0000] {logging_mixin.py:151} INFO - [2023-08-24T03:59:48.748+0000] {dagbag.py:539} INFO - Filling up the DagBag from /home/airflow/.local/lib/python3.8/site-packages/airflow/example_dags/example_short_circuit_operator.py
[2023-08-24T03:59:48.756+0000] {processor.py:839} INFO - DAG(s) dict_keys(['example_short_circuit_operator']) retrieved from /home/airflow/.local/lib/python3.8/site-packages/airflow/example_dags/example_short_circuit_operator.py
[2023-08-24T03:59:48.773+0000] {logging_mixin.py:151} INFO - [2023-08-24T03:59:48.772+0000] {dag.py:2907} INFO - Sync 1 DAGs
[2023-08-24T03:59:48.791+0000] {logging_mixin.py:151} INFO - [2023-08-24T03:59:48.791+0000] {dag.py:3677} INFO - Setting next_dagrun for example_short_circuit_operator to 2023-08-23T03:59:48.790995+00:00, run_after=2023-08-24T03:59:48.790995+00:00
[2023-08-24T03:59:48.809+0000] {processor.py:179} INFO - Processing /home/airflow/.local/lib/python3.8/site-packages/airflow/example_dags/example_short_circuit_operator.py took 0.069 seconds
[2023-08-24T04:00:19.029+0000] {processor.py:157} INFO - Started process (PID=120) to work on /home/airflow/.local/lib/python3.8/site-packages/airflow/example_dags/example_short_circuit_operator.py
[2023-08-24T04:00:19.030+0000] {processor.py:829} INFO - Processing file /home/airflow/.local/lib/python3.8/site-packages/airflow/example_dags/example_short_circuit_operator.py for tasks to queue
[2023-08-24T04:00:19.033+0000] {logging_mixin.py:151} INFO - [2023-08-24T04:00:19.032+0000] {dagbag.py:539} INFO - Filling up the DagBag from /home/airflow/.local/lib/python3.8/site-packages/airflow/example_dags/example_short_circuit_operator.py
[2023-08-24T04:00:19.037+0000] {processor.py:839} INFO - DAG(s) dict_keys(['example_short_circuit_operator']) retrieved from /home/airflow/.local/lib/python3.8/site-packages/airflow/example_dags/example_short_circuit_operator.py
[2023-08-24T04:00:19.055+0000] {logging_mixin.py:151} INFO - [2023-08-24T04:00:19.055+0000] {dag.py:2907} INFO - Sync 1 DAGs
[2023-08-24T04:00:19.068+0000] {logging_mixin.py:151} INFO - [2023-08-24T04:00:19.067+0000] {dag.py:3677} INFO - Setting next_dagrun for example_short_circuit_operator to 2023-08-23T04:00:19.067714+00:00, run_after=2023-08-24T04:00:19.067714+00:00
[2023-08-24T04:00:19.077+0000] {processor.py:179} INFO - Processing /home/airflow/.local/lib/python3.8/site-packages/airflow/example_dags/example_short_circuit_operator.py took 0.050 seconds
[2023-08-24T04:00:49.813+0000] {processor.py:157} INFO - Started process (PID=183) to work on /home/airflow/.local/lib/python3.8/site-packages/airflow/example_dags/example_short_circuit_operator.py
[2023-08-24T04:00:49.815+0000] {processor.py:829} INFO - Processing file /home/airflow/.local/lib/python3.8/site-packages/airflow/example_dags/example_short_circuit_operator.py for tasks to queue
[2023-08-24T04:00:49.817+0000] {logging_mixin.py:151} INFO - [2023-08-24T04:00:49.817+0000] {dagbag.py:539} INFO - Filling up the DagBag from /home/airflow/.local/lib/python3.8/site-packages/airflow/example_dags/example_short_circuit_operator.py
[2023-08-24T04:00:49.823+0000] {processor.py:839} INFO - DAG(s) dict_keys(['example_short_circuit_operator']) retrieved from /home/airflow/.local/lib/python3.8/site-packages/airflow/example_dags/example_short_circuit_operator.py
[2023-08-24T04:00:49.842+0000] {logging_mixin.py:151} INFO - [2023-08-24T04:00:49.841+0000] {dag.py:2907} INFO - Sync 1 DAGs
[2023-08-24T04:00:49.854+0000] {logging_mixin.py:151} INFO - [2023-08-24T04:00:49.854+0000] {dag.py:3677} INFO - Setting next_dagrun for example_short_circuit_operator to 2023-08-23T04:00:49.854547+00:00, run_after=2023-08-24T04:00:49.854547+00:00
[2023-08-24T04:00:49.867+0000] {processor.py:179} INFO - Processing /home/airflow/.local/lib/python3.8/site-packages/airflow/example_dags/example_short_circuit_operator.py took 0.057 seconds
[2023-08-24T04:01:20.515+0000] {processor.py:157} INFO - Started process (PID=246) to work on /home/airflow/.local/lib/python3.8/site-packages/airflow/example_dags/example_short_circuit_operator.py
[2023-08-24T04:01:20.516+0000] {processor.py:829} INFO - Processing file /home/airflow/.local/lib/python3.8/site-packages/airflow/example_dags/example_short_circuit_operator.py for tasks to queue
[2023-08-24T04:01:20.518+0000] {logging_mixin.py:151} INFO - [2023-08-24T04:01:20.518+0000] {dagbag.py:539} INFO - Filling up the DagBag from /home/airflow/.local/lib/python3.8/site-packages/airflow/example_dags/example_short_circuit_operator.py
[2023-08-24T04:01:20.523+0000] {processor.py:839} INFO - DAG(s) dict_keys(['example_short_circuit_operator']) retrieved from /home/airflow/.local/lib/python3.8/site-packages/airflow/example_dags/example_short_circuit_operator.py
[2023-08-24T04:01:20.540+0000] {logging_mixin.py:151} INFO - [2023-08-24T04:01:20.540+0000] {dag.py:2907} INFO - Sync 1 DAGs
[2023-08-24T04:01:20.553+0000] {logging_mixin.py:151} INFO - [2023-08-24T04:01:20.553+0000] {dag.py:3677} INFO - Setting next_dagrun for example_short_circuit_operator to 2023-08-23T04:01:20.552873+00:00, run_after=2023-08-24T04:01:20.552873+00:00
[2023-08-24T04:01:20.563+0000] {processor.py:179} INFO - Processing /home/airflow/.local/lib/python3.8/site-packages/airflow/example_dags/example_short_circuit_operator.py took 0.053 seconds
[2023-08-24T04:01:51.425+0000] {processor.py:157} INFO - Started process (PID=309) to work on /home/airflow/.local/lib/python3.8/site-packages/airflow/example_dags/example_short_circuit_operator.py
[2023-08-24T04:01:51.426+0000] {processor.py:829} INFO - Processing file /home/airflow/.local/lib/python3.8/site-packages/airflow/example_dags/example_short_circuit_operator.py for tasks to queue
[2023-08-24T04:01:51.428+0000] {logging_mixin.py:151} INFO - [2023-08-24T04:01:51.428+0000] {dagbag.py:539} INFO - Filling up the DagBag from /home/airflow/.local/lib/python3.8/site-packages/airflow/example_dags/example_short_circuit_operator.py
[2023-08-24T04:01:51.434+0000] {processor.py:839} INFO - DAG(s) dict_keys(['example_short_circuit_operator']) retrieved from /home/airflow/.local/lib/python3.8/site-packages/airflow/example_dags/example_short_circuit_operator.py
[2023-08-24T04:01:51.451+0000] {logging_mixin.py:151} INFO - [2023-08-24T04:01:51.451+0000] {dag.py:2907} INFO - Sync 1 DAGs
[2023-08-24T04:01:51.464+0000] {logging_mixin.py:151} INFO - [2023-08-24T04:01:51.464+0000] {dag.py:3677} INFO - Setting next_dagrun for example_short_circuit_operator to 2023-08-23T04:01:51.463942+00:00, run_after=2023-08-24T04:01:51.463942+00:00
[2023-08-24T04:01:51.473+0000] {processor.py:179} INFO - Processing /home/airflow/.local/lib/python3.8/site-packages/airflow/example_dags/example_short_circuit_operator.py took 0.051 seconds
[2023-08-24T04:02:22.351+0000] {processor.py:157} INFO - Started process (PID=372) to work on /home/airflow/.local/lib/python3.8/site-packages/airflow/example_dags/example_short_circuit_operator.py
[2023-08-24T04:02:22.353+0000] {processor.py:829} INFO - Processing file /home/airflow/.local/lib/python3.8/site-packages/airflow/example_dags/example_short_circuit_operator.py for tasks to queue
[2023-08-24T04:02:22.355+0000] {logging_mixin.py:151} INFO - [2023-08-24T04:02:22.354+0000] {dagbag.py:539} INFO - Filling up the DagBag from /home/airflow/.local/lib/python3.8/site-packages/airflow/example_dags/example_short_circuit_operator.py
[2023-08-24T04:02:22.360+0000] {processor.py:839} INFO - DAG(s) dict_keys(['example_short_circuit_operator']) retrieved from /home/airflow/.local/lib/python3.8/site-packages/airflow/example_dags/example_short_circuit_operator.py
[2023-08-24T04:02:22.378+0000] {logging_mixin.py:151} INFO - [2023-08-24T04:02:22.377+0000] {dag.py:2907} INFO - Sync 1 DAGs
[2023-08-24T04:02:22.391+0000] {logging_mixin.py:151} INFO - [2023-08-24T04:02:22.391+0000] {dag.py:3677} INFO - Setting next_dagrun for example_short_circuit_operator to 2023-08-23T04:02:22.391278+00:00, run_after=2023-08-24T04:02:22.391278+00:00
[2023-08-24T04:02:22.403+0000] {processor.py:179} INFO - Processing /home/airflow/.local/lib/python3.8/site-packages/airflow/example_dags/example_short_circuit_operator.py took 0.055 seconds
[2023-08-24T04:02:52.988+0000] {processor.py:157} INFO - Started process (PID=435) to work on /home/airflow/.local/lib/python3.8/site-packages/airflow/example_dags/example_short_circuit_operator.py
[2023-08-24T04:02:52.989+0000] {processor.py:829} INFO - Processing file /home/airflow/.local/lib/python3.8/site-packages/airflow/example_dags/example_short_circuit_operator.py for tasks to queue
[2023-08-24T04:02:52.991+0000] {logging_mixin.py:151} INFO - [2023-08-24T04:02:52.991+0000] {dagbag.py:539} INFO - Filling up the DagBag from /home/airflow/.local/lib/python3.8/site-packages/airflow/example_dags/example_short_circuit_operator.py
[2023-08-24T04:02:52.996+0000] {processor.py:839} INFO - DAG(s) dict_keys(['example_short_circuit_operator']) retrieved from /home/airflow/.local/lib/python3.8/site-packages/airflow/example_dags/example_short_circuit_operator.py
[2023-08-24T04:02:53.013+0000] {logging_mixin.py:151} INFO - [2023-08-24T04:02:53.013+0000] {dag.py:2907} INFO - Sync 1 DAGs
[2023-08-24T04:02:53.025+0000] {logging_mixin.py:151} INFO - [2023-08-24T04:02:53.025+0000] {dag.py:3677} INFO - Setting next_dagrun for example_short_circuit_operator to 2023-08-23T04:02:53.025534+00:00, run_after=2023-08-24T04:02:53.025534+00:00
[2023-08-24T04:02:53.036+0000] {processor.py:179} INFO - Processing /home/airflow/.local/lib/python3.8/site-packages/airflow/example_dags/example_short_circuit_operator.py took 0.051 seconds
[2023-08-24T04:03:23.601+0000] {processor.py:157} INFO - Started process (PID=498) to work on /home/airflow/.local/lib/python3.8/site-packages/airflow/example_dags/example_short_circuit_operator.py
[2023-08-24T04:03:23.603+0000] {processor.py:829} INFO - Processing file /home/airflow/.local/lib/python3.8/site-packages/airflow/example_dags/example_short_circuit_operator.py for tasks to queue
[2023-08-24T04:03:23.605+0000] {logging_mixin.py:151} INFO - [2023-08-24T04:03:23.604+0000] {dagbag.py:539} INFO - Filling up the DagBag from /home/airflow/.local/lib/python3.8/site-packages/airflow/example_dags/example_short_circuit_operator.py
[2023-08-24T04:03:23.609+0000] {processor.py:839} INFO - DAG(s) dict_keys(['example_short_circuit_operator']) retrieved from /home/airflow/.local/lib/python3.8/site-packages/airflow/example_dags/example_short_circuit_operator.py
[2023-08-24T04:03:23.627+0000] {logging_mixin.py:151} INFO - [2023-08-24T04:03:23.627+0000] {dag.py:2907} INFO - Sync 1 DAGs
[2023-08-24T04:03:23.639+0000] {logging_mixin.py:151} INFO - [2023-08-24T04:03:23.639+0000] {dag.py:3677} INFO - Setting next_dagrun for example_short_circuit_operator to 2023-08-23T04:03:23.639594+00:00, run_after=2023-08-24T04:03:23.639594+00:00
[2023-08-24T04:03:23.650+0000] {processor.py:179} INFO - Processing /home/airflow/.local/lib/python3.8/site-packages/airflow/example_dags/example_short_circuit_operator.py took 0.051 seconds
[2023-08-24T04:03:54.395+0000] {processor.py:157} INFO - Started process (PID=561) to work on /home/airflow/.local/lib/python3.8/site-packages/airflow/example_dags/example_short_circuit_operator.py
[2023-08-24T04:03:54.397+0000] {processor.py:829} INFO - Processing file /home/airflow/.local/lib/python3.8/site-packages/airflow/example_dags/example_short_circuit_operator.py for tasks to queue
[2023-08-24T04:03:54.399+0000] {logging_mixin.py:151} INFO - [2023-08-24T04:03:54.398+0000] {dagbag.py:539} INFO - Filling up the DagBag from /home/airflow/.local/lib/python3.8/site-packages/airflow/example_dags/example_short_circuit_operator.py
[2023-08-24T04:03:54.404+0000] {processor.py:839} INFO - DAG(s) dict_keys(['example_short_circuit_operator']) retrieved from /home/airflow/.local/lib/python3.8/site-packages/airflow/example_dags/example_short_circuit_operator.py
[2023-08-24T04:03:54.422+0000] {logging_mixin.py:151} INFO - [2023-08-24T04:03:54.422+0000] {dag.py:2907} INFO - Sync 1 DAGs
[2023-08-24T04:03:54.438+0000] {logging_mixin.py:151} INFO - [2023-08-24T04:03:54.437+0000] {dag.py:3677} INFO - Setting next_dagrun for example_short_circuit_operator to 2023-08-23T04:03:54.437710+00:00, run_after=2023-08-24T04:03:54.437710+00:00
[2023-08-24T04:03:54.449+0000] {processor.py:179} INFO - Processing /home/airflow/.local/lib/python3.8/site-packages/airflow/example_dags/example_short_circuit_operator.py took 0.057 seconds
[2023-08-24T04:04:25.088+0000] {processor.py:157} INFO - Started process (PID=624) to work on /home/airflow/.local/lib/python3.8/site-packages/airflow/example_dags/example_short_circuit_operator.py
[2023-08-24T04:04:25.089+0000] {processor.py:829} INFO - Processing file /home/airflow/.local/lib/python3.8/site-packages/airflow/example_dags/example_short_circuit_operator.py for tasks to queue
[2023-08-24T04:04:25.091+0000] {logging_mixin.py:151} INFO - [2023-08-24T04:04:25.091+0000] {dagbag.py:539} INFO - Filling up the DagBag from /home/airflow/.local/lib/python3.8/site-packages/airflow/example_dags/example_short_circuit_operator.py
[2023-08-24T04:04:25.096+0000] {processor.py:839} INFO - DAG(s) dict_keys(['example_short_circuit_operator']) retrieved from /home/airflow/.local/lib/python3.8/site-packages/airflow/example_dags/example_short_circuit_operator.py
[2023-08-24T04:04:25.113+0000] {logging_mixin.py:151} INFO - [2023-08-24T04:04:25.113+0000] {dag.py:2907} INFO - Sync 1 DAGs
[2023-08-24T04:04:25.126+0000] {logging_mixin.py:151} INFO - [2023-08-24T04:04:25.126+0000] {dag.py:3677} INFO - Setting next_dagrun for example_short_circuit_operator to 2023-08-23T04:04:25.126032+00:00, run_after=2023-08-24T04:04:25.126032+00:00
[2023-08-24T04:04:25.137+0000] {processor.py:179} INFO - Processing /home/airflow/.local/lib/python3.8/site-packages/airflow/example_dags/example_short_circuit_operator.py took 0.052 seconds
[2023-08-24T04:04:56.146+0000] {processor.py:157} INFO - Started process (PID=687) to work on /home/airflow/.local/lib/python3.8/site-packages/airflow/example_dags/example_short_circuit_operator.py
[2023-08-24T04:04:56.147+0000] {processor.py:829} INFO - Processing file /home/airflow/.local/lib/python3.8/site-packages/airflow/example_dags/example_short_circuit_operator.py for tasks to queue
[2023-08-24T04:04:56.149+0000] {logging_mixin.py:151} INFO - [2023-08-24T04:04:56.149+0000] {dagbag.py:539} INFO - Filling up the DagBag from /home/airflow/.local/lib/python3.8/site-packages/airflow/example_dags/example_short_circuit_operator.py
[2023-08-24T04:04:56.155+0000] {processor.py:839} INFO - DAG(s) dict_keys(['example_short_circuit_operator']) retrieved from /home/airflow/.local/lib/python3.8/site-packages/airflow/example_dags/example_short_circuit_operator.py
[2023-08-24T04:04:56.174+0000] {logging_mixin.py:151} INFO - [2023-08-24T04:04:56.174+0000] {dag.py:2907} INFO - Sync 1 DAGs
[2023-08-24T04:04:56.189+0000] {logging_mixin.py:151} INFO - [2023-08-24T04:04:56.189+0000] {dag.py:3677} INFO - Setting next_dagrun for example_short_circuit_operator to 2023-08-23T04:04:56.189422+00:00, run_after=2023-08-24T04:04:56.189422+00:00
[2023-08-24T04:04:56.201+0000] {processor.py:179} INFO - Processing /home/airflow/.local/lib/python3.8/site-packages/airflow/example_dags/example_short_circuit_operator.py took 0.057 seconds
[2023-08-24T04:05:26.802+0000] {processor.py:157} INFO - Started process (PID=750) to work on /home/airflow/.local/lib/python3.8/site-packages/airflow/example_dags/example_short_circuit_operator.py
[2023-08-24T04:05:26.803+0000] {processor.py:829} INFO - Processing file /home/airflow/.local/lib/python3.8/site-packages/airflow/example_dags/example_short_circuit_operator.py for tasks to queue
[2023-08-24T04:05:26.805+0000] {logging_mixin.py:151} INFO - [2023-08-24T04:05:26.804+0000] {dagbag.py:539} INFO - Filling up the DagBag from /home/airflow/.local/lib/python3.8/site-packages/airflow/example_dags/example_short_circuit_operator.py
[2023-08-24T04:05:26.810+0000] {processor.py:839} INFO - DAG(s) dict_keys(['example_short_circuit_operator']) retrieved from /home/airflow/.local/lib/python3.8/site-packages/airflow/example_dags/example_short_circuit_operator.py
[2023-08-24T04:05:26.827+0000] {logging_mixin.py:151} INFO - [2023-08-24T04:05:26.827+0000] {dag.py:2907} INFO - Sync 1 DAGs
[2023-08-24T04:05:26.839+0000] {logging_mixin.py:151} INFO - [2023-08-24T04:05:26.838+0000] {dag.py:3677} INFO - Setting next_dagrun for example_short_circuit_operator to 2023-08-23T04:05:26.838782+00:00, run_after=2023-08-24T04:05:26.838782+00:00
[2023-08-24T04:05:26.849+0000] {processor.py:179} INFO - Processing /home/airflow/.local/lib/python3.8/site-packages/airflow/example_dags/example_short_circuit_operator.py took 0.050 seconds
[2023-08-24T04:05:57.570+0000] {processor.py:157} INFO - Started process (PID=813) to work on /home/airflow/.local/lib/python3.8/site-packages/airflow/example_dags/example_short_circuit_operator.py
[2023-08-24T04:05:57.571+0000] {processor.py:829} INFO - Processing file /home/airflow/.local/lib/python3.8/site-packages/airflow/example_dags/example_short_circuit_operator.py for tasks to queue
[2023-08-24T04:05:57.573+0000] {logging_mixin.py:151} INFO - [2023-08-24T04:05:57.573+0000] {dagbag.py:539} INFO - Filling up the DagBag from /home/airflow/.local/lib/python3.8/site-packages/airflow/example_dags/example_short_circuit_operator.py
[2023-08-24T04:05:57.578+0000] {processor.py:839} INFO - DAG(s) dict_keys(['example_short_circuit_operator']) retrieved from /home/airflow/.local/lib/python3.8/site-packages/airflow/example_dags/example_short_circuit_operator.py
[2023-08-24T04:05:57.596+0000] {logging_mixin.py:151} INFO - [2023-08-24T04:05:57.596+0000] {dag.py:2907} INFO - Sync 1 DAGs
[2023-08-24T04:05:57.608+0000] {logging_mixin.py:151} INFO - [2023-08-24T04:05:57.608+0000] {dag.py:3677} INFO - Setting next_dagrun for example_short_circuit_operator to 2023-08-23T04:05:57.608637+00:00, run_after=2023-08-24T04:05:57.608637+00:00
[2023-08-24T04:05:57.620+0000] {processor.py:179} INFO - Processing /home/airflow/.local/lib/python3.8/site-packages/airflow/example_dags/example_short_circuit_operator.py took 0.053 seconds
[2023-08-24T04:06:28.191+0000] {processor.py:157} INFO - Started process (PID=876) to work on /home/airflow/.local/lib/python3.8/site-packages/airflow/example_dags/example_short_circuit_operator.py
[2023-08-24T04:06:28.193+0000] {processor.py:829} INFO - Processing file /home/airflow/.local/lib/python3.8/site-packages/airflow/example_dags/example_short_circuit_operator.py for tasks to queue
[2023-08-24T04:06:28.195+0000] {logging_mixin.py:151} INFO - [2023-08-24T04:06:28.195+0000] {dagbag.py:539} INFO - Filling up the DagBag from /home/airflow/.local/lib/python3.8/site-packages/airflow/example_dags/example_short_circuit_operator.py
[2023-08-24T04:06:28.200+0000] {processor.py:839} INFO - DAG(s) dict_keys(['example_short_circuit_operator']) retrieved from /home/airflow/.local/lib/python3.8/site-packages/airflow/example_dags/example_short_circuit_operator.py
[2023-08-24T04:06:28.218+0000] {logging_mixin.py:151} INFO - [2023-08-24T04:06:28.218+0000] {dag.py:2907} INFO - Sync 1 DAGs
[2023-08-24T04:06:28.231+0000] {logging_mixin.py:151} INFO - [2023-08-24T04:06:28.231+0000] {dag.py:3677} INFO - Setting next_dagrun for example_short_circuit_operator to 2023-08-23T04:06:28.231311+00:00, run_after=2023-08-24T04:06:28.231311+00:00
[2023-08-24T04:06:28.242+0000] {processor.py:179} INFO - Processing /home/airflow/.local/lib/python3.8/site-packages/airflow/example_dags/example_short_circuit_operator.py took 0.054 seconds
[2023-08-24T04:06:58.967+0000] {processor.py:157} INFO - Started process (PID=938) to work on /home/airflow/.local/lib/python3.8/site-packages/airflow/example_dags/example_short_circuit_operator.py
[2023-08-24T04:06:58.968+0000] {processor.py:829} INFO - Processing file /home/airflow/.local/lib/python3.8/site-packages/airflow/example_dags/example_short_circuit_operator.py for tasks to queue
[2023-08-24T04:06:58.970+0000] {logging_mixin.py:151} INFO - [2023-08-24T04:06:58.969+0000] {dagbag.py:539} INFO - Filling up the DagBag from /home/airflow/.local/lib/python3.8/site-packages/airflow/example_dags/example_short_circuit_operator.py
[2023-08-24T04:06:58.975+0000] {processor.py:839} INFO - DAG(s) dict_keys(['example_short_circuit_operator']) retrieved from /home/airflow/.local/lib/python3.8/site-packages/airflow/example_dags/example_short_circuit_operator.py
[2023-08-24T04:06:58.992+0000] {logging_mixin.py:151} INFO - [2023-08-24T04:06:58.991+0000] {dag.py:2907} INFO - Sync 1 DAGs
[2023-08-24T04:06:59.004+0000] {logging_mixin.py:151} INFO - [2023-08-24T04:06:59.004+0000] {dag.py:3677} INFO - Setting next_dagrun for example_short_circuit_operator to 2023-08-23T04:06:59.003907+00:00, run_after=2023-08-24T04:06:59.003907+00:00
[2023-08-24T04:06:59.014+0000] {processor.py:179} INFO - Processing /home/airflow/.local/lib/python3.8/site-packages/airflow/example_dags/example_short_circuit_operator.py took 0.050 seconds
[2023-08-24T04:07:29.588+0000] {processor.py:157} INFO - Started process (PID=1001) to work on /home/airflow/.local/lib/python3.8/site-packages/airflow/example_dags/example_short_circuit_operator.py
[2023-08-24T04:07:29.589+0000] {processor.py:829} INFO - Processing file /home/airflow/.local/lib/python3.8/site-packages/airflow/example_dags/example_short_circuit_operator.py for tasks to queue
[2023-08-24T04:07:29.591+0000] {logging_mixin.py:151} INFO - [2023-08-24T04:07:29.591+0000] {dagbag.py:539} INFO - Filling up the DagBag from /home/airflow/.local/lib/python3.8/site-packages/airflow/example_dags/example_short_circuit_operator.py
[2023-08-24T04:07:29.596+0000] {processor.py:839} INFO - DAG(s) dict_keys(['example_short_circuit_operator']) retrieved from /home/airflow/.local/lib/python3.8/site-packages/airflow/example_dags/example_short_circuit_operator.py
[2023-08-24T04:07:29.615+0000] {logging_mixin.py:151} INFO - [2023-08-24T04:07:29.615+0000] {dag.py:2907} INFO - Sync 1 DAGs
[2023-08-24T04:07:29.629+0000] {logging_mixin.py:151} INFO - [2023-08-24T04:07:29.629+0000] {dag.py:3677} INFO - Setting next_dagrun for example_short_circuit_operator to 2023-08-23T04:07:29.629369+00:00, run_after=2023-08-24T04:07:29.629369+00:00
[2023-08-24T04:07:29.639+0000] {processor.py:179} INFO - Processing /home/airflow/.local/lib/python3.8/site-packages/airflow/example_dags/example_short_circuit_operator.py took 0.055 seconds
[2023-08-24T04:08:00.339+0000] {processor.py:157} INFO - Started process (PID=1064) to work on /home/airflow/.local/lib/python3.8/site-packages/airflow/example_dags/example_short_circuit_operator.py
[2023-08-24T04:08:00.340+0000] {processor.py:829} INFO - Processing file /home/airflow/.local/lib/python3.8/site-packages/airflow/example_dags/example_short_circuit_operator.py for tasks to queue
[2023-08-24T04:08:00.342+0000] {logging_mixin.py:151} INFO - [2023-08-24T04:08:00.342+0000] {dagbag.py:539} INFO - Filling up the DagBag from /home/airflow/.local/lib/python3.8/site-packages/airflow/example_dags/example_short_circuit_operator.py
[2023-08-24T04:08:00.348+0000] {processor.py:839} INFO - DAG(s) dict_keys(['example_short_circuit_operator']) retrieved from /home/airflow/.local/lib/python3.8/site-packages/airflow/example_dags/example_short_circuit_operator.py
[2023-08-24T04:08:00.366+0000] {logging_mixin.py:151} INFO - [2023-08-24T04:08:00.366+0000] {dag.py:2907} INFO - Sync 1 DAGs
[2023-08-24T04:08:00.380+0000] {logging_mixin.py:151} INFO - [2023-08-24T04:08:00.380+0000] {dag.py:3677} INFO - Setting next_dagrun for example_short_circuit_operator to 2023-08-23T04:08:00.380217+00:00, run_after=2023-08-24T04:08:00.380217+00:00
[2023-08-24T04:08:00.392+0000] {processor.py:179} INFO - Processing /home/airflow/.local/lib/python3.8/site-packages/airflow/example_dags/example_short_circuit_operator.py took 0.056 seconds
[2023-08-24T04:08:31.054+0000] {processor.py:157} INFO - Started process (PID=1127) to work on /home/airflow/.local/lib/python3.8/site-packages/airflow/example_dags/example_short_circuit_operator.py
[2023-08-24T04:08:31.055+0000] {processor.py:829} INFO - Processing file /home/airflow/.local/lib/python3.8/site-packages/airflow/example_dags/example_short_circuit_operator.py for tasks to queue
[2023-08-24T04:08:31.057+0000] {logging_mixin.py:151} INFO - [2023-08-24T04:08:31.057+0000] {dagbag.py:539} INFO - Filling up the DagBag from /home/airflow/.local/lib/python3.8/site-packages/airflow/example_dags/example_short_circuit_operator.py
[2023-08-24T04:08:31.063+0000] {processor.py:839} INFO - DAG(s) dict_keys(['example_short_circuit_operator']) retrieved from /home/airflow/.local/lib/python3.8/site-packages/airflow/example_dags/example_short_circuit_operator.py
[2023-08-24T04:08:31.081+0000] {logging_mixin.py:151} INFO - [2023-08-24T04:08:31.081+0000] {dag.py:2907} INFO - Sync 1 DAGs
[2023-08-24T04:08:31.093+0000] {logging_mixin.py:151} INFO - [2023-08-24T04:08:31.093+0000] {dag.py:3677} INFO - Setting next_dagrun for example_short_circuit_operator to 2023-08-23T04:08:31.093052+00:00, run_after=2023-08-24T04:08:31.093052+00:00
[2023-08-24T04:08:31.104+0000] {processor.py:179} INFO - Processing /home/airflow/.local/lib/python3.8/site-packages/airflow/example_dags/example_short_circuit_operator.py took 0.052 seconds
[2023-08-24T04:09:01.844+0000] {processor.py:157} INFO - Started process (PID=1190) to work on /home/airflow/.local/lib/python3.8/site-packages/airflow/example_dags/example_short_circuit_operator.py
[2023-08-24T04:09:01.845+0000] {processor.py:829} INFO - Processing file /home/airflow/.local/lib/python3.8/site-packages/airflow/example_dags/example_short_circuit_operator.py for tasks to queue
[2023-08-24T04:09:01.846+0000] {logging_mixin.py:151} INFO - [2023-08-24T04:09:01.846+0000] {dagbag.py:539} INFO - Filling up the DagBag from /home/airflow/.local/lib/python3.8/site-packages/airflow/example_dags/example_short_circuit_operator.py
[2023-08-24T04:09:01.852+0000] {processor.py:839} INFO - DAG(s) dict_keys(['example_short_circuit_operator']) retrieved from /home/airflow/.local/lib/python3.8/site-packages/airflow/example_dags/example_short_circuit_operator.py
[2023-08-24T04:09:01.870+0000] {logging_mixin.py:151} INFO - [2023-08-24T04:09:01.870+0000] {dag.py:2907} INFO - Sync 1 DAGs
[2023-08-24T04:09:01.883+0000] {logging_mixin.py:151} INFO - [2023-08-24T04:09:01.883+0000] {dag.py:3677} INFO - Setting next_dagrun for example_short_circuit_operator to 2023-08-23T04:09:01.883226+00:00, run_after=2023-08-24T04:09:01.883226+00:00
[2023-08-24T04:09:01.893+0000] {processor.py:179} INFO - Processing /home/airflow/.local/lib/python3.8/site-packages/airflow/example_dags/example_short_circuit_operator.py took 0.053 seconds
[2023-08-24T04:09:32.504+0000] {processor.py:157} INFO - Started process (PID=1253) to work on /home/airflow/.local/lib/python3.8/site-packages/airflow/example_dags/example_short_circuit_operator.py
[2023-08-24T04:09:32.505+0000] {processor.py:829} INFO - Processing file /home/airflow/.local/lib/python3.8/site-packages/airflow/example_dags/example_short_circuit_operator.py for tasks to queue
[2023-08-24T04:09:32.507+0000] {logging_mixin.py:151} INFO - [2023-08-24T04:09:32.506+0000] {dagbag.py:539} INFO - Filling up the DagBag from /home/airflow/.local/lib/python3.8/site-packages/airflow/example_dags/example_short_circuit_operator.py
[2023-08-24T04:09:32.512+0000] {processor.py:839} INFO - DAG(s) dict_keys(['example_short_circuit_operator']) retrieved from /home/airflow/.local/lib/python3.8/site-packages/airflow/example_dags/example_short_circuit_operator.py
[2023-08-24T04:09:32.529+0000] {logging_mixin.py:151} INFO - [2023-08-24T04:09:32.529+0000] {dag.py:2907} INFO - Sync 1 DAGs
[2023-08-24T04:09:32.542+0000] {logging_mixin.py:151} INFO - [2023-08-24T04:09:32.542+0000] {dag.py:3677} INFO - Setting next_dagrun for example_short_circuit_operator to 2023-08-23T04:09:32.542601+00:00, run_after=2023-08-24T04:09:32.542601+00:00
[2023-08-24T04:09:32.554+0000] {processor.py:179} INFO - Processing /home/airflow/.local/lib/python3.8/site-packages/airflow/example_dags/example_short_circuit_operator.py took 0.053 seconds
[2023-08-24T04:10:03.215+0000] {processor.py:157} INFO - Started process (PID=1316) to work on /home/airflow/.local/lib/python3.8/site-packages/airflow/example_dags/example_short_circuit_operator.py
[2023-08-24T04:10:03.216+0000] {processor.py:829} INFO - Processing file /home/airflow/.local/lib/python3.8/site-packages/airflow/example_dags/example_short_circuit_operator.py for tasks to queue
[2023-08-24T04:10:03.218+0000] {logging_mixin.py:151} INFO - [2023-08-24T04:10:03.218+0000] {dagbag.py:539} INFO - Filling up the DagBag from /home/airflow/.local/lib/python3.8/site-packages/airflow/example_dags/example_short_circuit_operator.py
[2023-08-24T04:10:03.223+0000] {processor.py:839} INFO - DAG(s) dict_keys(['example_short_circuit_operator']) retrieved from /home/airflow/.local/lib/python3.8/site-packages/airflow/example_dags/example_short_circuit_operator.py
[2023-08-24T04:10:03.241+0000] {logging_mixin.py:151} INFO - [2023-08-24T04:10:03.241+0000] {dag.py:2907} INFO - Sync 1 DAGs
[2023-08-24T04:10:03.253+0000] {logging_mixin.py:151} INFO - [2023-08-24T04:10:03.253+0000] {dag.py:3677} INFO - Setting next_dagrun for example_short_circuit_operator to 2023-08-23T04:10:03.253685+00:00, run_after=2023-08-24T04:10:03.253685+00:00
[2023-08-24T04:10:03.264+0000] {processor.py:179} INFO - Processing /home/airflow/.local/lib/python3.8/site-packages/airflow/example_dags/example_short_circuit_operator.py took 0.052 seconds
[2023-08-24T04:10:33.952+0000] {processor.py:157} INFO - Started process (PID=1379) to work on /home/airflow/.local/lib/python3.8/site-packages/airflow/example_dags/example_short_circuit_operator.py
[2023-08-24T04:10:33.953+0000] {processor.py:829} INFO - Processing file /home/airflow/.local/lib/python3.8/site-packages/airflow/example_dags/example_short_circuit_operator.py for tasks to queue
[2023-08-24T04:10:33.955+0000] {logging_mixin.py:151} INFO - [2023-08-24T04:10:33.955+0000] {dagbag.py:539} INFO - Filling up the DagBag from /home/airflow/.local/lib/python3.8/site-packages/airflow/example_dags/example_short_circuit_operator.py
[2023-08-24T04:10:33.961+0000] {processor.py:839} INFO - DAG(s) dict_keys(['example_short_circuit_operator']) retrieved from /home/airflow/.local/lib/python3.8/site-packages/airflow/example_dags/example_short_circuit_operator.py
[2023-08-24T04:10:33.979+0000] {logging_mixin.py:151} INFO - [2023-08-24T04:10:33.979+0000] {dag.py:2907} INFO - Sync 1 DAGs
[2023-08-24T04:10:33.993+0000] {logging_mixin.py:151} INFO - [2023-08-24T04:10:33.993+0000] {dag.py:3677} INFO - Setting next_dagrun for example_short_circuit_operator to 2023-08-23T04:10:33.992915+00:00, run_after=2023-08-24T04:10:33.992915+00:00
[2023-08-24T04:10:34.005+0000] {processor.py:179} INFO - Processing /home/airflow/.local/lib/python3.8/site-packages/airflow/example_dags/example_short_circuit_operator.py took 0.056 seconds
[2023-08-24T04:11:04.662+0000] {processor.py:157} INFO - Started process (PID=1442) to work on /home/airflow/.local/lib/python3.8/site-packages/airflow/example_dags/example_short_circuit_operator.py
[2023-08-24T04:11:04.663+0000] {processor.py:829} INFO - Processing file /home/airflow/.local/lib/python3.8/site-packages/airflow/example_dags/example_short_circuit_operator.py for tasks to queue
[2023-08-24T04:11:04.666+0000] {logging_mixin.py:151} INFO - [2023-08-24T04:11:04.665+0000] {dagbag.py:539} INFO - Filling up the DagBag from /home/airflow/.local/lib/python3.8/site-packages/airflow/example_dags/example_short_circuit_operator.py
[2023-08-24T04:11:04.671+0000] {processor.py:839} INFO - DAG(s) dict_keys(['example_short_circuit_operator']) retrieved from /home/airflow/.local/lib/python3.8/site-packages/airflow/example_dags/example_short_circuit_operator.py
[2023-08-24T04:11:04.690+0000] {logging_mixin.py:151} INFO - [2023-08-24T04:11:04.690+0000] {dag.py:2907} INFO - Sync 1 DAGs
[2023-08-24T04:11:04.703+0000] {logging_mixin.py:151} INFO - [2023-08-24T04:11:04.703+0000] {dag.py:3677} INFO - Setting next_dagrun for example_short_circuit_operator to 2023-08-23T04:11:04.703459+00:00, run_after=2023-08-24T04:11:04.703459+00:00
[2023-08-24T04:11:04.715+0000] {processor.py:179} INFO - Processing /home/airflow/.local/lib/python3.8/site-packages/airflow/example_dags/example_short_circuit_operator.py took 0.056 seconds
[2023-08-24T04:11:35.503+0000] {processor.py:157} INFO - Started process (PID=1505) to work on /home/airflow/.local/lib/python3.8/site-packages/airflow/example_dags/example_short_circuit_operator.py
[2023-08-24T04:11:35.504+0000] {processor.py:829} INFO - Processing file /home/airflow/.local/lib/python3.8/site-packages/airflow/example_dags/example_short_circuit_operator.py for tasks to queue
[2023-08-24T04:11:35.507+0000] {logging_mixin.py:151} INFO - [2023-08-24T04:11:35.507+0000] {dagbag.py:539} INFO - Filling up the DagBag from /home/airflow/.local/lib/python3.8/site-packages/airflow/example_dags/example_short_circuit_operator.py
[2023-08-24T04:11:35.512+0000] {processor.py:839} INFO - DAG(s) dict_keys(['example_short_circuit_operator']) retrieved from /home/airflow/.local/lib/python3.8/site-packages/airflow/example_dags/example_short_circuit_operator.py
[2023-08-24T04:11:35.530+0000] {logging_mixin.py:151} INFO - [2023-08-24T04:11:35.530+0000] {dag.py:2907} INFO - Sync 1 DAGs
[2023-08-24T04:11:35.543+0000] {logging_mixin.py:151} INFO - [2023-08-24T04:11:35.543+0000] {dag.py:3677} INFO - Setting next_dagrun for example_short_circuit_operator to 2023-08-23T04:11:35.543071+00:00, run_after=2023-08-24T04:11:35.543071+00:00
[2023-08-24T04:11:35.554+0000] {processor.py:179} INFO - Processing /home/airflow/.local/lib/python3.8/site-packages/airflow/example_dags/example_short_circuit_operator.py took 0.054 seconds
[2023-08-24T04:12:06.240+0000] {processor.py:157} INFO - Started process (PID=1568) to work on /home/airflow/.local/lib/python3.8/site-packages/airflow/example_dags/example_short_circuit_operator.py
[2023-08-24T04:12:06.241+0000] {processor.py:829} INFO - Processing file /home/airflow/.local/lib/python3.8/site-packages/airflow/example_dags/example_short_circuit_operator.py for tasks to queue
[2023-08-24T04:12:06.243+0000] {logging_mixin.py:151} INFO - [2023-08-24T04:12:06.243+0000] {dagbag.py:539} INFO - Filling up the DagBag from /home/airflow/.local/lib/python3.8/site-packages/airflow/example_dags/example_short_circuit_operator.py
[2023-08-24T04:12:06.249+0000] {processor.py:839} INFO - DAG(s) dict_keys(['example_short_circuit_operator']) retrieved from /home/airflow/.local/lib/python3.8/site-packages/airflow/example_dags/example_short_circuit_operator.py
[2023-08-24T04:12:06.266+0000] {logging_mixin.py:151} INFO - [2023-08-24T04:12:06.266+0000] {dag.py:2907} INFO - Sync 1 DAGs
[2023-08-24T04:12:06.279+0000] {logging_mixin.py:151} INFO - [2023-08-24T04:12:06.279+0000] {dag.py:3677} INFO - Setting next_dagrun for example_short_circuit_operator to 2023-08-23T04:12:06.278816+00:00, run_after=2023-08-24T04:12:06.278816+00:00
[2023-08-24T04:12:06.289+0000] {processor.py:179} INFO - Processing /home/airflow/.local/lib/python3.8/site-packages/airflow/example_dags/example_short_circuit_operator.py took 0.051 seconds
[2023-08-24T04:12:36.869+0000] {processor.py:157} INFO - Started process (PID=1631) to work on /home/airflow/.local/lib/python3.8/site-packages/airflow/example_dags/example_short_circuit_operator.py
[2023-08-24T04:12:36.870+0000] {processor.py:829} INFO - Processing file /home/airflow/.local/lib/python3.8/site-packages/airflow/example_dags/example_short_circuit_operator.py for tasks to queue
[2023-08-24T04:12:36.872+0000] {logging_mixin.py:151} INFO - [2023-08-24T04:12:36.872+0000] {dagbag.py:539} INFO - Filling up the DagBag from /home/airflow/.local/lib/python3.8/site-packages/airflow/example_dags/example_short_circuit_operator.py
[2023-08-24T04:12:36.877+0000] {processor.py:839} INFO - DAG(s) dict_keys(['example_short_circuit_operator']) retrieved from /home/airflow/.local/lib/python3.8/site-packages/airflow/example_dags/example_short_circuit_operator.py
[2023-08-24T04:12:36.896+0000] {logging_mixin.py:151} INFO - [2023-08-24T04:12:36.896+0000] {dag.py:2907} INFO - Sync 1 DAGs
[2023-08-24T04:12:36.909+0000] {logging_mixin.py:151} INFO - [2023-08-24T04:12:36.908+0000] {dag.py:3677} INFO - Setting next_dagrun for example_short_circuit_operator to 2023-08-23T04:12:36.908700+00:00, run_after=2023-08-24T04:12:36.908700+00:00
[2023-08-24T04:12:36.919+0000] {processor.py:179} INFO - Processing /home/airflow/.local/lib/python3.8/site-packages/airflow/example_dags/example_short_circuit_operator.py took 0.053 seconds
[2023-08-24T04:13:07.696+0000] {processor.py:157} INFO - Started process (PID=1694) to work on /home/airflow/.local/lib/python3.8/site-packages/airflow/example_dags/example_short_circuit_operator.py
[2023-08-24T04:13:07.697+0000] {processor.py:829} INFO - Processing file /home/airflow/.local/lib/python3.8/site-packages/airflow/example_dags/example_short_circuit_operator.py for tasks to queue
[2023-08-24T04:13:07.699+0000] {logging_mixin.py:151} INFO - [2023-08-24T04:13:07.699+0000] {dagbag.py:539} INFO - Filling up the DagBag from /home/airflow/.local/lib/python3.8/site-packages/airflow/example_dags/example_short_circuit_operator.py
[2023-08-24T04:13:07.704+0000] {processor.py:839} INFO - DAG(s) dict_keys(['example_short_circuit_operator']) retrieved from /home/airflow/.local/lib/python3.8/site-packages/airflow/example_dags/example_short_circuit_operator.py
[2023-08-24T04:13:07.723+0000] {logging_mixin.py:151} INFO - [2023-08-24T04:13:07.723+0000] {dag.py:2907} INFO - Sync 1 DAGs
[2023-08-24T04:13:07.737+0000] {logging_mixin.py:151} INFO - [2023-08-24T04:13:07.736+0000] {dag.py:3677} INFO - Setting next_dagrun for example_short_circuit_operator to 2023-08-23T04:13:07.736734+00:00, run_after=2023-08-24T04:13:07.736734+00:00
[2023-08-24T04:13:07.747+0000] {processor.py:179} INFO - Processing /home/airflow/.local/lib/python3.8/site-packages/airflow/example_dags/example_short_circuit_operator.py took 0.054 seconds
[2023-08-24T04:13:38.312+0000] {processor.py:157} INFO - Started process (PID=1757) to work on /home/airflow/.local/lib/python3.8/site-packages/airflow/example_dags/example_short_circuit_operator.py
[2023-08-24T04:13:38.313+0000] {processor.py:829} INFO - Processing file /home/airflow/.local/lib/python3.8/site-packages/airflow/example_dags/example_short_circuit_operator.py for tasks to queue
[2023-08-24T04:13:38.315+0000] {logging_mixin.py:151} INFO - [2023-08-24T04:13:38.315+0000] {dagbag.py:539} INFO - Filling up the DagBag from /home/airflow/.local/lib/python3.8/site-packages/airflow/example_dags/example_short_circuit_operator.py
[2023-08-24T04:13:38.320+0000] {processor.py:839} INFO - DAG(s) dict_keys(['example_short_circuit_operator']) retrieved from /home/airflow/.local/lib/python3.8/site-packages/airflow/example_dags/example_short_circuit_operator.py
[2023-08-24T04:13:38.344+0000] {logging_mixin.py:151} INFO - [2023-08-24T04:13:38.344+0000] {dag.py:2907} INFO - Sync 1 DAGs
[2023-08-24T04:13:38.361+0000] {logging_mixin.py:151} INFO - [2023-08-24T04:13:38.361+0000] {dag.py:3677} INFO - Setting next_dagrun for example_short_circuit_operator to 2023-08-23T04:13:38.361010+00:00, run_after=2023-08-24T04:13:38.361010+00:00
[2023-08-24T04:13:38.374+0000] {processor.py:179} INFO - Processing /home/airflow/.local/lib/python3.8/site-packages/airflow/example_dags/example_short_circuit_operator.py took 0.065 seconds
[2023-08-24T04:14:09.251+0000] {processor.py:157} INFO - Started process (PID=1820) to work on /home/airflow/.local/lib/python3.8/site-packages/airflow/example_dags/example_short_circuit_operator.py
[2023-08-24T04:14:09.252+0000] {processor.py:829} INFO - Processing file /home/airflow/.local/lib/python3.8/site-packages/airflow/example_dags/example_short_circuit_operator.py for tasks to queue
[2023-08-24T04:14:09.255+0000] {logging_mixin.py:151} INFO - [2023-08-24T04:14:09.254+0000] {dagbag.py:539} INFO - Filling up the DagBag from /home/airflow/.local/lib/python3.8/site-packages/airflow/example_dags/example_short_circuit_operator.py
[2023-08-24T04:14:09.261+0000] {processor.py:839} INFO - DAG(s) dict_keys(['example_short_circuit_operator']) retrieved from /home/airflow/.local/lib/python3.8/site-packages/airflow/example_dags/example_short_circuit_operator.py
[2023-08-24T04:14:09.281+0000] {logging_mixin.py:151} INFO - [2023-08-24T04:14:09.281+0000] {dag.py:2907} INFO - Sync 1 DAGs
[2023-08-24T04:14:09.296+0000] {logging_mixin.py:151} INFO - [2023-08-24T04:14:09.296+0000] {dag.py:3677} INFO - Setting next_dagrun for example_short_circuit_operator to 2023-08-23T04:14:09.296328+00:00, run_after=2023-08-24T04:14:09.296328+00:00
[2023-08-24T04:14:09.309+0000] {processor.py:179} INFO - Processing /home/airflow/.local/lib/python3.8/site-packages/airflow/example_dags/example_short_circuit_operator.py took 0.062 seconds
[2023-08-24T04:14:40.314+0000] {processor.py:157} INFO - Started process (PID=1883) to work on /home/airflow/.local/lib/python3.8/site-packages/airflow/example_dags/example_short_circuit_operator.py
[2023-08-24T04:14:40.315+0000] {processor.py:829} INFO - Processing file /home/airflow/.local/lib/python3.8/site-packages/airflow/example_dags/example_short_circuit_operator.py for tasks to queue
[2023-08-24T04:14:40.317+0000] {logging_mixin.py:151} INFO - [2023-08-24T04:14:40.316+0000] {dagbag.py:539} INFO - Filling up the DagBag from /home/airflow/.local/lib/python3.8/site-packages/airflow/example_dags/example_short_circuit_operator.py
[2023-08-24T04:14:40.322+0000] {processor.py:839} INFO - DAG(s) dict_keys(['example_short_circuit_operator']) retrieved from /home/airflow/.local/lib/python3.8/site-packages/airflow/example_dags/example_short_circuit_operator.py
[2023-08-24T04:14:40.340+0000] {logging_mixin.py:151} INFO - [2023-08-24T04:14:40.340+0000] {dag.py:2907} INFO - Sync 1 DAGs
[2023-08-24T04:14:40.353+0000] {logging_mixin.py:151} INFO - [2023-08-24T04:14:40.353+0000] {dag.py:3677} INFO - Setting next_dagrun for example_short_circuit_operator to 2023-08-23T04:14:40.352948+00:00, run_after=2023-08-24T04:14:40.352948+00:00
[2023-08-24T04:14:40.364+0000] {processor.py:179} INFO - Processing /home/airflow/.local/lib/python3.8/site-packages/airflow/example_dags/example_short_circuit_operator.py took 0.053 seconds
[2023-08-24T04:15:11.156+0000] {processor.py:157} INFO - Started process (PID=1946) to work on /home/airflow/.local/lib/python3.8/site-packages/airflow/example_dags/example_short_circuit_operator.py
[2023-08-24T04:15:11.158+0000] {processor.py:829} INFO - Processing file /home/airflow/.local/lib/python3.8/site-packages/airflow/example_dags/example_short_circuit_operator.py for tasks to queue
[2023-08-24T04:15:11.160+0000] {logging_mixin.py:151} INFO - [2023-08-24T04:15:11.159+0000] {dagbag.py:539} INFO - Filling up the DagBag from /home/airflow/.local/lib/python3.8/site-packages/airflow/example_dags/example_short_circuit_operator.py
[2023-08-24T04:15:11.165+0000] {processor.py:839} INFO - DAG(s) dict_keys(['example_short_circuit_operator']) retrieved from /home/airflow/.local/lib/python3.8/site-packages/airflow/example_dags/example_short_circuit_operator.py
[2023-08-24T04:15:11.183+0000] {logging_mixin.py:151} INFO - [2023-08-24T04:15:11.183+0000] {dag.py:2907} INFO - Sync 1 DAGs
[2023-08-24T04:15:11.196+0000] {logging_mixin.py:151} INFO - [2023-08-24T04:15:11.196+0000] {dag.py:3677} INFO - Setting next_dagrun for example_short_circuit_operator to 2023-08-23T04:15:11.196342+00:00, run_after=2023-08-24T04:15:11.196342+00:00
[2023-08-24T04:15:11.207+0000] {processor.py:179} INFO - Processing /home/airflow/.local/lib/python3.8/site-packages/airflow/example_dags/example_short_circuit_operator.py took 0.054 seconds
[2023-08-24T04:15:42.026+0000] {processor.py:157} INFO - Started process (PID=2008) to work on /home/airflow/.local/lib/python3.8/site-packages/airflow/example_dags/example_short_circuit_operator.py
[2023-08-24T04:15:42.027+0000] {processor.py:829} INFO - Processing file /home/airflow/.local/lib/python3.8/site-packages/airflow/example_dags/example_short_circuit_operator.py for tasks to queue
[2023-08-24T04:15:42.029+0000] {logging_mixin.py:151} INFO - [2023-08-24T04:15:42.029+0000] {dagbag.py:539} INFO - Filling up the DagBag from /home/airflow/.local/lib/python3.8/site-packages/airflow/example_dags/example_short_circuit_operator.py
[2023-08-24T04:15:42.035+0000] {processor.py:839} INFO - DAG(s) dict_keys(['example_short_circuit_operator']) retrieved from /home/airflow/.local/lib/python3.8/site-packages/airflow/example_dags/example_short_circuit_operator.py
[2023-08-24T04:15:42.053+0000] {logging_mixin.py:151} INFO - [2023-08-24T04:15:42.053+0000] {dag.py:2907} INFO - Sync 1 DAGs
[2023-08-24T04:15:42.066+0000] {logging_mixin.py:151} INFO - [2023-08-24T04:15:42.065+0000] {dag.py:3677} INFO - Setting next_dagrun for example_short_circuit_operator to 2023-08-23T04:15:42.065724+00:00, run_after=2023-08-24T04:15:42.065724+00:00
[2023-08-24T04:15:42.078+0000] {processor.py:179} INFO - Processing /home/airflow/.local/lib/python3.8/site-packages/airflow/example_dags/example_short_circuit_operator.py took 0.054 seconds
[2023-08-24T04:16:12.782+0000] {processor.py:157} INFO - Started process (PID=2078) to work on /home/airflow/.local/lib/python3.8/site-packages/airflow/example_dags/example_short_circuit_operator.py
[2023-08-24T04:16:12.784+0000] {processor.py:829} INFO - Processing file /home/airflow/.local/lib/python3.8/site-packages/airflow/example_dags/example_short_circuit_operator.py for tasks to queue
[2023-08-24T04:16:12.786+0000] {logging_mixin.py:151} INFO - [2023-08-24T04:16:12.785+0000] {dagbag.py:539} INFO - Filling up the DagBag from /home/airflow/.local/lib/python3.8/site-packages/airflow/example_dags/example_short_circuit_operator.py
[2023-08-24T04:16:12.791+0000] {processor.py:839} INFO - DAG(s) dict_keys(['example_short_circuit_operator']) retrieved from /home/airflow/.local/lib/python3.8/site-packages/airflow/example_dags/example_short_circuit_operator.py
[2023-08-24T04:16:12.809+0000] {logging_mixin.py:151} INFO - [2023-08-24T04:16:12.809+0000] {dag.py:2907} INFO - Sync 1 DAGs
[2023-08-24T04:16:12.823+0000] {logging_mixin.py:151} INFO - [2023-08-24T04:16:12.823+0000] {dag.py:3677} INFO - Setting next_dagrun for example_short_circuit_operator to 2023-08-23T04:16:12.823286+00:00, run_after=2023-08-24T04:16:12.823286+00:00
[2023-08-24T04:16:12.836+0000] {processor.py:179} INFO - Processing /home/airflow/.local/lib/python3.8/site-packages/airflow/example_dags/example_short_circuit_operator.py took 0.056 seconds
[2023-08-24T04:16:43.570+0000] {processor.py:157} INFO - Started process (PID=2141) to work on /home/airflow/.local/lib/python3.8/site-packages/airflow/example_dags/example_short_circuit_operator.py
[2023-08-24T04:16:43.571+0000] {processor.py:829} INFO - Processing file /home/airflow/.local/lib/python3.8/site-packages/airflow/example_dags/example_short_circuit_operator.py for tasks to queue
[2023-08-24T04:16:43.573+0000] {logging_mixin.py:151} INFO - [2023-08-24T04:16:43.573+0000] {dagbag.py:539} INFO - Filling up the DagBag from /home/airflow/.local/lib/python3.8/site-packages/airflow/example_dags/example_short_circuit_operator.py
[2023-08-24T04:16:43.579+0000] {processor.py:839} INFO - DAG(s) dict_keys(['example_short_circuit_operator']) retrieved from /home/airflow/.local/lib/python3.8/site-packages/airflow/example_dags/example_short_circuit_operator.py
[2023-08-24T04:16:43.597+0000] {logging_mixin.py:151} INFO - [2023-08-24T04:16:43.597+0000] {dag.py:2907} INFO - Sync 1 DAGs
[2023-08-24T04:16:43.610+0000] {logging_mixin.py:151} INFO - [2023-08-24T04:16:43.610+0000] {dag.py:3677} INFO - Setting next_dagrun for example_short_circuit_operator to 2023-08-23T04:16:43.610391+00:00, run_after=2023-08-24T04:16:43.610391+00:00
[2023-08-24T04:16:43.621+0000] {processor.py:179} INFO - Processing /home/airflow/.local/lib/python3.8/site-packages/airflow/example_dags/example_short_circuit_operator.py took 0.054 seconds
[2023-08-24T04:17:14.470+0000] {processor.py:157} INFO - Started process (PID=2204) to work on /home/airflow/.local/lib/python3.8/site-packages/airflow/example_dags/example_short_circuit_operator.py
[2023-08-24T04:17:14.473+0000] {processor.py:829} INFO - Processing file /home/airflow/.local/lib/python3.8/site-packages/airflow/example_dags/example_short_circuit_operator.py for tasks to queue
[2023-08-24T04:17:14.475+0000] {logging_mixin.py:151} INFO - [2023-08-24T04:17:14.475+0000] {dagbag.py:539} INFO - Filling up the DagBag from /home/airflow/.local/lib/python3.8/site-packages/airflow/example_dags/example_short_circuit_operator.py
[2023-08-24T04:17:14.483+0000] {processor.py:839} INFO - DAG(s) dict_keys(['example_short_circuit_operator']) retrieved from /home/airflow/.local/lib/python3.8/site-packages/airflow/example_dags/example_short_circuit_operator.py
[2023-08-24T04:17:14.509+0000] {logging_mixin.py:151} INFO - [2023-08-24T04:17:14.509+0000] {dag.py:2907} INFO - Sync 1 DAGs
[2023-08-24T04:17:14.523+0000] {logging_mixin.py:151} INFO - [2023-08-24T04:17:14.522+0000] {dag.py:3677} INFO - Setting next_dagrun for example_short_circuit_operator to 2023-08-23T04:17:14.522641+00:00, run_after=2023-08-24T04:17:14.522641+00:00
[2023-08-24T04:17:14.534+0000] {processor.py:179} INFO - Processing /home/airflow/.local/lib/python3.8/site-packages/airflow/example_dags/example_short_circuit_operator.py took 0.067 seconds
[2023-08-24T04:17:44.709+0000] {processor.py:157} INFO - Started process (PID=2271) to work on /home/airflow/.local/lib/python3.8/site-packages/airflow/example_dags/example_short_circuit_operator.py
[2023-08-24T04:17:44.710+0000] {processor.py:829} INFO - Processing file /home/airflow/.local/lib/python3.8/site-packages/airflow/example_dags/example_short_circuit_operator.py for tasks to queue
[2023-08-24T04:17:44.712+0000] {logging_mixin.py:151} INFO - [2023-08-24T04:17:44.712+0000] {dagbag.py:539} INFO - Filling up the DagBag from /home/airflow/.local/lib/python3.8/site-packages/airflow/example_dags/example_short_circuit_operator.py
[2023-08-24T04:17:44.717+0000] {processor.py:839} INFO - DAG(s) dict_keys(['example_short_circuit_operator']) retrieved from /home/airflow/.local/lib/python3.8/site-packages/airflow/example_dags/example_short_circuit_operator.py
[2023-08-24T04:17:44.735+0000] {logging_mixin.py:151} INFO - [2023-08-24T04:17:44.735+0000] {dag.py:2907} INFO - Sync 1 DAGs
[2023-08-24T04:17:44.748+0000] {logging_mixin.py:151} INFO - [2023-08-24T04:17:44.748+0000] {dag.py:3677} INFO - Setting next_dagrun for example_short_circuit_operator to 2023-08-23T04:17:44.748654+00:00, run_after=2023-08-24T04:17:44.748654+00:00
[2023-08-24T04:17:44.759+0000] {processor.py:179} INFO - Processing /home/airflow/.local/lib/python3.8/site-packages/airflow/example_dags/example_short_circuit_operator.py took 0.053 seconds
[2023-08-24T04:18:15.456+0000] {processor.py:157} INFO - Started process (PID=2333) to work on /home/airflow/.local/lib/python3.8/site-packages/airflow/example_dags/example_short_circuit_operator.py
[2023-08-24T04:18:15.457+0000] {processor.py:829} INFO - Processing file /home/airflow/.local/lib/python3.8/site-packages/airflow/example_dags/example_short_circuit_operator.py for tasks to queue
[2023-08-24T04:18:15.459+0000] {logging_mixin.py:151} INFO - [2023-08-24T04:18:15.459+0000] {dagbag.py:539} INFO - Filling up the DagBag from /home/airflow/.local/lib/python3.8/site-packages/airflow/example_dags/example_short_circuit_operator.py
[2023-08-24T04:18:15.465+0000] {processor.py:839} INFO - DAG(s) dict_keys(['example_short_circuit_operator']) retrieved from /home/airflow/.local/lib/python3.8/site-packages/airflow/example_dags/example_short_circuit_operator.py
[2023-08-24T04:18:15.483+0000] {logging_mixin.py:151} INFO - [2023-08-24T04:18:15.483+0000] {dag.py:2907} INFO - Sync 1 DAGs
[2023-08-24T04:18:15.497+0000] {logging_mixin.py:151} INFO - [2023-08-24T04:18:15.496+0000] {dag.py:3677} INFO - Setting next_dagrun for example_short_circuit_operator to 2023-08-23T04:18:15.496603+00:00, run_after=2023-08-24T04:18:15.496603+00:00
[2023-08-24T04:18:15.507+0000] {processor.py:179} INFO - Processing /home/airflow/.local/lib/python3.8/site-packages/airflow/example_dags/example_short_circuit_operator.py took 0.054 seconds
[2023-08-24T04:24:29.933+0000] {processor.py:157} INFO - Started process (PID=57) to work on /home/airflow/.local/lib/python3.8/site-packages/airflow/example_dags/example_short_circuit_operator.py
[2023-08-24T04:24:29.935+0000] {processor.py:829} INFO - Processing file /home/airflow/.local/lib/python3.8/site-packages/airflow/example_dags/example_short_circuit_operator.py for tasks to queue
[2023-08-24T04:24:29.938+0000] {logging_mixin.py:151} INFO - [2023-08-24T04:24:29.938+0000] {dagbag.py:539} INFO - Filling up the DagBag from /home/airflow/.local/lib/python3.8/site-packages/airflow/example_dags/example_short_circuit_operator.py
[2023-08-24T04:24:29.947+0000] {processor.py:839} INFO - DAG(s) dict_keys(['example_short_circuit_operator']) retrieved from /home/airflow/.local/lib/python3.8/site-packages/airflow/example_dags/example_short_circuit_operator.py
[2023-08-24T04:24:29.961+0000] {logging_mixin.py:151} INFO - [2023-08-24T04:24:29.961+0000] {dag.py:2907} INFO - Sync 1 DAGs
[2023-08-24T04:24:29.980+0000] {logging_mixin.py:151} INFO - [2023-08-24T04:24:29.980+0000] {dag.py:3677} INFO - Setting next_dagrun for example_short_circuit_operator to 2023-08-23T04:24:29.980280+00:00, run_after=2023-08-24T04:24:29.980280+00:00
[2023-08-24T04:24:29.992+0000] {processor.py:179} INFO - Processing /home/airflow/.local/lib/python3.8/site-packages/airflow/example_dags/example_short_circuit_operator.py took 0.063 seconds
[2023-08-24T04:25:00.051+0000] {processor.py:157} INFO - Started process (PID=120) to work on /home/airflow/.local/lib/python3.8/site-packages/airflow/example_dags/example_short_circuit_operator.py
[2023-08-24T04:25:00.052+0000] {processor.py:829} INFO - Processing file /home/airflow/.local/lib/python3.8/site-packages/airflow/example_dags/example_short_circuit_operator.py for tasks to queue
[2023-08-24T04:25:00.054+0000] {logging_mixin.py:151} INFO - [2023-08-24T04:25:00.054+0000] {dagbag.py:539} INFO - Filling up the DagBag from /home/airflow/.local/lib/python3.8/site-packages/airflow/example_dags/example_short_circuit_operator.py
[2023-08-24T04:25:00.059+0000] {processor.py:839} INFO - DAG(s) dict_keys(['example_short_circuit_operator']) retrieved from /home/airflow/.local/lib/python3.8/site-packages/airflow/example_dags/example_short_circuit_operator.py
[2023-08-24T04:25:00.075+0000] {logging_mixin.py:151} INFO - [2023-08-24T04:25:00.075+0000] {dag.py:2907} INFO - Sync 1 DAGs
[2023-08-24T04:25:00.088+0000] {logging_mixin.py:151} INFO - [2023-08-24T04:25:00.088+0000] {dag.py:3677} INFO - Setting next_dagrun for example_short_circuit_operator to 2023-08-23T04:25:00.088489+00:00, run_after=2023-08-24T04:25:00.088489+00:00
[2023-08-24T04:25:00.098+0000] {processor.py:179} INFO - Processing /home/airflow/.local/lib/python3.8/site-packages/airflow/example_dags/example_short_circuit_operator.py took 0.050 seconds
[2023-08-24T04:26:40.012+0000] {processor.py:157} INFO - Started process (PID=57) to work on /home/airflow/.local/lib/python3.8/site-packages/airflow/example_dags/example_short_circuit_operator.py
[2023-08-24T04:26:40.013+0000] {processor.py:829} INFO - Processing file /home/airflow/.local/lib/python3.8/site-packages/airflow/example_dags/example_short_circuit_operator.py for tasks to queue
[2023-08-24T04:26:40.015+0000] {logging_mixin.py:151} INFO - [2023-08-24T04:26:40.015+0000] {dagbag.py:539} INFO - Filling up the DagBag from /home/airflow/.local/lib/python3.8/site-packages/airflow/example_dags/example_short_circuit_operator.py
[2023-08-24T04:26:40.022+0000] {processor.py:839} INFO - DAG(s) dict_keys(['example_short_circuit_operator']) retrieved from /home/airflow/.local/lib/python3.8/site-packages/airflow/example_dags/example_short_circuit_operator.py
[2023-08-24T04:26:40.034+0000] {logging_mixin.py:151} INFO - [2023-08-24T04:26:40.034+0000] {dag.py:2907} INFO - Sync 1 DAGs
[2023-08-24T04:26:40.048+0000] {logging_mixin.py:151} INFO - [2023-08-24T04:26:40.048+0000] {dag.py:3677} INFO - Setting next_dagrun for example_short_circuit_operator to 2023-08-23T04:26:40.048588+00:00, run_after=2023-08-24T04:26:40.048588+00:00
[2023-08-24T04:26:40.060+0000] {processor.py:179} INFO - Processing /home/airflow/.local/lib/python3.8/site-packages/airflow/example_dags/example_short_circuit_operator.py took 0.051 seconds
[2023-08-24T04:27:10.150+0000] {processor.py:157} INFO - Started process (PID=119) to work on /home/airflow/.local/lib/python3.8/site-packages/airflow/example_dags/example_short_circuit_operator.py
[2023-08-24T04:27:10.152+0000] {processor.py:829} INFO - Processing file /home/airflow/.local/lib/python3.8/site-packages/airflow/example_dags/example_short_circuit_operator.py for tasks to queue
[2023-08-24T04:27:10.154+0000] {logging_mixin.py:151} INFO - [2023-08-24T04:27:10.153+0000] {dagbag.py:539} INFO - Filling up the DagBag from /home/airflow/.local/lib/python3.8/site-packages/airflow/example_dags/example_short_circuit_operator.py
[2023-08-24T04:27:10.159+0000] {processor.py:839} INFO - DAG(s) dict_keys(['example_short_circuit_operator']) retrieved from /home/airflow/.local/lib/python3.8/site-packages/airflow/example_dags/example_short_circuit_operator.py
[2023-08-24T04:27:10.176+0000] {logging_mixin.py:151} INFO - [2023-08-24T04:27:10.176+0000] {dag.py:2907} INFO - Sync 1 DAGs
[2023-08-24T04:27:10.189+0000] {logging_mixin.py:151} INFO - [2023-08-24T04:27:10.188+0000] {dag.py:3677} INFO - Setting next_dagrun for example_short_circuit_operator to 2023-08-23T04:27:10.188760+00:00, run_after=2023-08-24T04:27:10.188760+00:00
[2023-08-24T04:27:10.198+0000] {processor.py:179} INFO - Processing /home/airflow/.local/lib/python3.8/site-packages/airflow/example_dags/example_short_circuit_operator.py took 0.051 seconds
