[2023-08-24T03:04:53.237+0000] {processor.py:157} INFO - Started process (PID=44) to work on /home/airflow/.local/lib/python3.8/site-packages/airflow/example_dags/example_xcomargs.py
[2023-08-24T03:04:53.238+0000] {processor.py:829} INFO - Processing file /home/airflow/.local/lib/python3.8/site-packages/airflow/example_dags/example_xcomargs.py for tasks to queue
[2023-08-24T03:04:53.240+0000] {logging_mixin.py:151} INFO - [2023-08-24T03:04:53.239+0000] {dagbag.py:539} INFO - Filling up the DagBag from /home/airflow/.local/lib/python3.8/site-packages/airflow/example_dags/example_xcomargs.py
[2023-08-24T03:04:53.248+0000] {processor.py:839} INFO - DAG(s) dict_keys(['example_xcom_args', 'example_xcom_args_with_operators']) retrieved from /home/airflow/.local/lib/python3.8/site-packages/airflow/example_dags/example_xcomargs.py
[2023-08-24T03:04:53.262+0000] {logging_mixin.py:151} INFO - [2023-08-24T03:04:53.262+0000] {dag.py:2907} INFO - Sync 2 DAGs
[2023-08-24T03:04:53.274+0000] {logging_mixin.py:151} INFO - [2023-08-24T03:04:53.274+0000] {dag.py:3677} INFO - Setting next_dagrun for example_xcom_args to None, run_after=None
[2023-08-24T03:04:53.277+0000] {logging_mixin.py:151} INFO - [2023-08-24T03:04:53.277+0000] {dag.py:3677} INFO - Setting next_dagrun for example_xcom_args_with_operators to None, run_after=None
[2023-08-24T03:04:53.289+0000] {processor.py:179} INFO - Processing /home/airflow/.local/lib/python3.8/site-packages/airflow/example_dags/example_xcomargs.py took 0.055 seconds
[2023-08-24T03:05:23.756+0000] {processor.py:157} INFO - Started process (PID=106) to work on /home/airflow/.local/lib/python3.8/site-packages/airflow/example_dags/example_xcomargs.py
[2023-08-24T03:05:23.757+0000] {processor.py:829} INFO - Processing file /home/airflow/.local/lib/python3.8/site-packages/airflow/example_dags/example_xcomargs.py for tasks to queue
[2023-08-24T03:05:23.761+0000] {logging_mixin.py:151} INFO - [2023-08-24T03:05:23.760+0000] {dagbag.py:539} INFO - Filling up the DagBag from /home/airflow/.local/lib/python3.8/site-packages/airflow/example_dags/example_xcomargs.py
[2023-08-24T03:05:23.769+0000] {processor.py:839} INFO - DAG(s) dict_keys(['example_xcom_args', 'example_xcom_args_with_operators']) retrieved from /home/airflow/.local/lib/python3.8/site-packages/airflow/example_dags/example_xcomargs.py
[2023-08-24T03:05:23.800+0000] {logging_mixin.py:151} INFO - [2023-08-24T03:05:23.799+0000] {dag.py:2907} INFO - Sync 2 DAGs
[2023-08-24T03:05:23.808+0000] {logging_mixin.py:151} INFO - [2023-08-24T03:05:23.808+0000] {dag.py:3677} INFO - Setting next_dagrun for example_xcom_args to None, run_after=None
[2023-08-24T03:05:23.812+0000] {logging_mixin.py:151} INFO - [2023-08-24T03:05:23.812+0000] {dag.py:3677} INFO - Setting next_dagrun for example_xcom_args_with_operators to None, run_after=None
[2023-08-24T03:05:23.824+0000] {processor.py:179} INFO - Processing /home/airflow/.local/lib/python3.8/site-packages/airflow/example_dags/example_xcomargs.py took 0.071 seconds
[2023-08-24T03:05:53.864+0000] {processor.py:157} INFO - Started process (PID=169) to work on /home/airflow/.local/lib/python3.8/site-packages/airflow/example_dags/example_xcomargs.py
[2023-08-24T03:05:53.865+0000] {processor.py:829} INFO - Processing file /home/airflow/.local/lib/python3.8/site-packages/airflow/example_dags/example_xcomargs.py for tasks to queue
[2023-08-24T03:05:53.867+0000] {logging_mixin.py:151} INFO - [2023-08-24T03:05:53.867+0000] {dagbag.py:539} INFO - Filling up the DagBag from /home/airflow/.local/lib/python3.8/site-packages/airflow/example_dags/example_xcomargs.py
[2023-08-24T03:05:53.873+0000] {processor.py:839} INFO - DAG(s) dict_keys(['example_xcom_args_with_operators', 'example_xcom_args']) retrieved from /home/airflow/.local/lib/python3.8/site-packages/airflow/example_dags/example_xcomargs.py
[2023-08-24T03:05:53.890+0000] {logging_mixin.py:151} INFO - [2023-08-24T03:05:53.889+0000] {dag.py:2907} INFO - Sync 2 DAGs
[2023-08-24T03:05:53.897+0000] {logging_mixin.py:151} INFO - [2023-08-24T03:05:53.897+0000] {dag.py:3677} INFO - Setting next_dagrun for example_xcom_args to None, run_after=None
[2023-08-24T03:05:53.899+0000] {logging_mixin.py:151} INFO - [2023-08-24T03:05:53.899+0000] {dag.py:3677} INFO - Setting next_dagrun for example_xcom_args_with_operators to None, run_after=None
[2023-08-24T03:05:53.908+0000] {processor.py:179} INFO - Processing /home/airflow/.local/lib/python3.8/site-packages/airflow/example_dags/example_xcomargs.py took 0.047 seconds
[2023-08-24T03:06:24.891+0000] {processor.py:157} INFO - Started process (PID=232) to work on /home/airflow/.local/lib/python3.8/site-packages/airflow/example_dags/example_xcomargs.py
[2023-08-24T03:06:24.892+0000] {processor.py:829} INFO - Processing file /home/airflow/.local/lib/python3.8/site-packages/airflow/example_dags/example_xcomargs.py for tasks to queue
[2023-08-24T03:06:24.894+0000] {logging_mixin.py:151} INFO - [2023-08-24T03:06:24.894+0000] {dagbag.py:539} INFO - Filling up the DagBag from /home/airflow/.local/lib/python3.8/site-packages/airflow/example_dags/example_xcomargs.py
[2023-08-24T03:06:24.901+0000] {processor.py:839} INFO - DAG(s) dict_keys(['example_xcom_args', 'example_xcom_args_with_operators']) retrieved from /home/airflow/.local/lib/python3.8/site-packages/airflow/example_dags/example_xcomargs.py
[2023-08-24T03:06:24.919+0000] {logging_mixin.py:151} INFO - [2023-08-24T03:06:24.919+0000] {dag.py:2907} INFO - Sync 2 DAGs
[2023-08-24T03:06:24.927+0000] {logging_mixin.py:151} INFO - [2023-08-24T03:06:24.926+0000] {dag.py:3677} INFO - Setting next_dagrun for example_xcom_args to None, run_after=None
[2023-08-24T03:06:24.929+0000] {logging_mixin.py:151} INFO - [2023-08-24T03:06:24.929+0000] {dag.py:3677} INFO - Setting next_dagrun for example_xcom_args_with_operators to None, run_after=None
[2023-08-24T03:06:24.939+0000] {processor.py:179} INFO - Processing /home/airflow/.local/lib/python3.8/site-packages/airflow/example_dags/example_xcomargs.py took 0.051 seconds
[2023-08-24T03:06:55.730+0000] {processor.py:157} INFO - Started process (PID=295) to work on /home/airflow/.local/lib/python3.8/site-packages/airflow/example_dags/example_xcomargs.py
[2023-08-24T03:06:55.731+0000] {processor.py:829} INFO - Processing file /home/airflow/.local/lib/python3.8/site-packages/airflow/example_dags/example_xcomargs.py for tasks to queue
[2023-08-24T03:06:55.733+0000] {logging_mixin.py:151} INFO - [2023-08-24T03:06:55.733+0000] {dagbag.py:539} INFO - Filling up the DagBag from /home/airflow/.local/lib/python3.8/site-packages/airflow/example_dags/example_xcomargs.py
[2023-08-24T03:06:55.739+0000] {processor.py:839} INFO - DAG(s) dict_keys(['example_xcom_args_with_operators', 'example_xcom_args']) retrieved from /home/airflow/.local/lib/python3.8/site-packages/airflow/example_dags/example_xcomargs.py
[2023-08-24T03:06:55.757+0000] {logging_mixin.py:151} INFO - [2023-08-24T03:06:55.757+0000] {dag.py:2907} INFO - Sync 2 DAGs
[2023-08-24T03:06:55.765+0000] {logging_mixin.py:151} INFO - [2023-08-24T03:06:55.764+0000] {dag.py:3677} INFO - Setting next_dagrun for example_xcom_args to None, run_after=None
[2023-08-24T03:06:55.767+0000] {logging_mixin.py:151} INFO - [2023-08-24T03:06:55.767+0000] {dag.py:3677} INFO - Setting next_dagrun for example_xcom_args_with_operators to None, run_after=None
[2023-08-24T03:06:55.776+0000] {processor.py:179} INFO - Processing /home/airflow/.local/lib/python3.8/site-packages/airflow/example_dags/example_xcomargs.py took 0.049 seconds
[2023-08-24T03:07:26.560+0000] {processor.py:157} INFO - Started process (PID=362) to work on /home/airflow/.local/lib/python3.8/site-packages/airflow/example_dags/example_xcomargs.py
[2023-08-24T03:07:26.561+0000] {processor.py:829} INFO - Processing file /home/airflow/.local/lib/python3.8/site-packages/airflow/example_dags/example_xcomargs.py for tasks to queue
[2023-08-24T03:07:26.563+0000] {logging_mixin.py:151} INFO - [2023-08-24T03:07:26.563+0000] {dagbag.py:539} INFO - Filling up the DagBag from /home/airflow/.local/lib/python3.8/site-packages/airflow/example_dags/example_xcomargs.py
[2023-08-24T03:07:26.568+0000] {processor.py:839} INFO - DAG(s) dict_keys(['example_xcom_args_with_operators', 'example_xcom_args']) retrieved from /home/airflow/.local/lib/python3.8/site-packages/airflow/example_dags/example_xcomargs.py
[2023-08-24T03:07:26.585+0000] {logging_mixin.py:151} INFO - [2023-08-24T03:07:26.585+0000] {dag.py:2907} INFO - Sync 2 DAGs
[2023-08-24T03:07:26.592+0000] {logging_mixin.py:151} INFO - [2023-08-24T03:07:26.592+0000] {dag.py:3677} INFO - Setting next_dagrun for example_xcom_args to None, run_after=None
[2023-08-24T03:07:26.595+0000] {logging_mixin.py:151} INFO - [2023-08-24T03:07:26.595+0000] {dag.py:3677} INFO - Setting next_dagrun for example_xcom_args_with_operators to None, run_after=None
[2023-08-24T03:07:26.603+0000] {processor.py:179} INFO - Processing /home/airflow/.local/lib/python3.8/site-packages/airflow/example_dags/example_xcomargs.py took 0.046 seconds
[2023-08-24T03:07:57.201+0000] {processor.py:157} INFO - Started process (PID=425) to work on /home/airflow/.local/lib/python3.8/site-packages/airflow/example_dags/example_xcomargs.py
[2023-08-24T03:07:57.202+0000] {processor.py:829} INFO - Processing file /home/airflow/.local/lib/python3.8/site-packages/airflow/example_dags/example_xcomargs.py for tasks to queue
[2023-08-24T03:07:57.204+0000] {logging_mixin.py:151} INFO - [2023-08-24T03:07:57.204+0000] {dagbag.py:539} INFO - Filling up the DagBag from /home/airflow/.local/lib/python3.8/site-packages/airflow/example_dags/example_xcomargs.py
[2023-08-24T03:07:57.209+0000] {processor.py:839} INFO - DAG(s) dict_keys(['example_xcom_args', 'example_xcom_args_with_operators']) retrieved from /home/airflow/.local/lib/python3.8/site-packages/airflow/example_dags/example_xcomargs.py
[2023-08-24T03:07:57.226+0000] {logging_mixin.py:151} INFO - [2023-08-24T03:07:57.226+0000] {dag.py:2907} INFO - Sync 2 DAGs
[2023-08-24T03:07:57.234+0000] {logging_mixin.py:151} INFO - [2023-08-24T03:07:57.234+0000] {dag.py:3677} INFO - Setting next_dagrun for example_xcom_args to None, run_after=None
[2023-08-24T03:07:57.236+0000] {logging_mixin.py:151} INFO - [2023-08-24T03:07:57.236+0000] {dag.py:3677} INFO - Setting next_dagrun for example_xcom_args_with_operators to None, run_after=None
[2023-08-24T03:07:57.245+0000] {processor.py:179} INFO - Processing /home/airflow/.local/lib/python3.8/site-packages/airflow/example_dags/example_xcomargs.py took 0.047 seconds
[2023-08-24T03:08:28.081+0000] {processor.py:157} INFO - Started process (PID=489) to work on /home/airflow/.local/lib/python3.8/site-packages/airflow/example_dags/example_xcomargs.py
[2023-08-24T03:08:28.082+0000] {processor.py:829} INFO - Processing file /home/airflow/.local/lib/python3.8/site-packages/airflow/example_dags/example_xcomargs.py for tasks to queue
[2023-08-24T03:08:28.084+0000] {logging_mixin.py:151} INFO - [2023-08-24T03:08:28.083+0000] {dagbag.py:539} INFO - Filling up the DagBag from /home/airflow/.local/lib/python3.8/site-packages/airflow/example_dags/example_xcomargs.py
[2023-08-24T03:08:28.090+0000] {processor.py:839} INFO - DAG(s) dict_keys(['example_xcom_args', 'example_xcom_args_with_operators']) retrieved from /home/airflow/.local/lib/python3.8/site-packages/airflow/example_dags/example_xcomargs.py
[2023-08-24T03:08:28.108+0000] {logging_mixin.py:151} INFO - [2023-08-24T03:08:28.108+0000] {dag.py:2907} INFO - Sync 2 DAGs
[2023-08-24T03:08:28.116+0000] {logging_mixin.py:151} INFO - [2023-08-24T03:08:28.116+0000] {dag.py:3677} INFO - Setting next_dagrun for example_xcom_args to None, run_after=None
[2023-08-24T03:08:28.118+0000] {logging_mixin.py:151} INFO - [2023-08-24T03:08:28.118+0000] {dag.py:3677} INFO - Setting next_dagrun for example_xcom_args_with_operators to None, run_after=None
[2023-08-24T03:08:28.129+0000] {processor.py:179} INFO - Processing /home/airflow/.local/lib/python3.8/site-packages/airflow/example_dags/example_xcomargs.py took 0.051 seconds
[2023-08-24T03:08:58.897+0000] {processor.py:157} INFO - Started process (PID=552) to work on /home/airflow/.local/lib/python3.8/site-packages/airflow/example_dags/example_xcomargs.py
[2023-08-24T03:08:58.898+0000] {processor.py:829} INFO - Processing file /home/airflow/.local/lib/python3.8/site-packages/airflow/example_dags/example_xcomargs.py for tasks to queue
[2023-08-24T03:08:58.901+0000] {logging_mixin.py:151} INFO - [2023-08-24T03:08:58.901+0000] {dagbag.py:539} INFO - Filling up the DagBag from /home/airflow/.local/lib/python3.8/site-packages/airflow/example_dags/example_xcomargs.py
[2023-08-24T03:08:58.907+0000] {processor.py:839} INFO - DAG(s) dict_keys(['example_xcom_args', 'example_xcom_args_with_operators']) retrieved from /home/airflow/.local/lib/python3.8/site-packages/airflow/example_dags/example_xcomargs.py
[2023-08-24T03:08:58.924+0000] {logging_mixin.py:151} INFO - [2023-08-24T03:08:58.924+0000] {dag.py:2907} INFO - Sync 2 DAGs
[2023-08-24T03:08:58.932+0000] {logging_mixin.py:151} INFO - [2023-08-24T03:08:58.932+0000] {dag.py:3677} INFO - Setting next_dagrun for example_xcom_args to None, run_after=None
[2023-08-24T03:08:58.934+0000] {logging_mixin.py:151} INFO - [2023-08-24T03:08:58.934+0000] {dag.py:3677} INFO - Setting next_dagrun for example_xcom_args_with_operators to None, run_after=None
[2023-08-24T03:08:58.943+0000] {processor.py:179} INFO - Processing /home/airflow/.local/lib/python3.8/site-packages/airflow/example_dags/example_xcomargs.py took 0.050 seconds
[2023-08-24T03:16:29.240+0000] {processor.py:157} INFO - Started process (PID=45) to work on /home/airflow/.local/lib/python3.8/site-packages/airflow/example_dags/example_xcomargs.py
[2023-08-24T03:16:29.241+0000] {processor.py:829} INFO - Processing file /home/airflow/.local/lib/python3.8/site-packages/airflow/example_dags/example_xcomargs.py for tasks to queue
[2023-08-24T03:16:29.243+0000] {logging_mixin.py:151} INFO - [2023-08-24T03:16:29.243+0000] {dagbag.py:539} INFO - Filling up the DagBag from /home/airflow/.local/lib/python3.8/site-packages/airflow/example_dags/example_xcomargs.py
[2023-08-24T03:16:29.251+0000] {processor.py:839} INFO - DAG(s) dict_keys(['example_xcom_args', 'example_xcom_args_with_operators']) retrieved from /home/airflow/.local/lib/python3.8/site-packages/airflow/example_dags/example_xcomargs.py
[2023-08-24T03:16:29.264+0000] {logging_mixin.py:151} INFO - [2023-08-24T03:16:29.264+0000] {dag.py:2907} INFO - Sync 2 DAGs
[2023-08-24T03:16:29.273+0000] {logging_mixin.py:151} INFO - [2023-08-24T03:16:29.273+0000] {dag.py:3677} INFO - Setting next_dagrun for example_xcom_args to None, run_after=None
[2023-08-24T03:16:29.276+0000] {logging_mixin.py:151} INFO - [2023-08-24T03:16:29.276+0000] {dag.py:3677} INFO - Setting next_dagrun for example_xcom_args_with_operators to None, run_after=None
[2023-08-24T03:16:29.288+0000] {processor.py:179} INFO - Processing /home/airflow/.local/lib/python3.8/site-packages/airflow/example_dags/example_xcomargs.py took 0.051 seconds
[2023-08-24T03:16:59.429+0000] {processor.py:157} INFO - Started process (PID=108) to work on /home/airflow/.local/lib/python3.8/site-packages/airflow/example_dags/example_xcomargs.py
[2023-08-24T03:16:59.430+0000] {processor.py:829} INFO - Processing file /home/airflow/.local/lib/python3.8/site-packages/airflow/example_dags/example_xcomargs.py for tasks to queue
[2023-08-24T03:16:59.432+0000] {logging_mixin.py:151} INFO - [2023-08-24T03:16:59.432+0000] {dagbag.py:539} INFO - Filling up the DagBag from /home/airflow/.local/lib/python3.8/site-packages/airflow/example_dags/example_xcomargs.py
[2023-08-24T03:16:59.437+0000] {processor.py:839} INFO - DAG(s) dict_keys(['example_xcom_args_with_operators', 'example_xcom_args']) retrieved from /home/airflow/.local/lib/python3.8/site-packages/airflow/example_dags/example_xcomargs.py
[2023-08-24T03:16:59.455+0000] {logging_mixin.py:151} INFO - [2023-08-24T03:16:59.455+0000] {dag.py:2907} INFO - Sync 2 DAGs
[2023-08-24T03:16:59.463+0000] {logging_mixin.py:151} INFO - [2023-08-24T03:16:59.463+0000] {dag.py:3677} INFO - Setting next_dagrun for example_xcom_args to None, run_after=None
[2023-08-24T03:16:59.465+0000] {logging_mixin.py:151} INFO - [2023-08-24T03:16:59.465+0000] {dag.py:3677} INFO - Setting next_dagrun for example_xcom_args_with_operators to None, run_after=None
[2023-08-24T03:16:59.475+0000] {processor.py:179} INFO - Processing /home/airflow/.local/lib/python3.8/site-packages/airflow/example_dags/example_xcomargs.py took 0.049 seconds
[2023-08-24T03:17:30.250+0000] {processor.py:157} INFO - Started process (PID=171) to work on /home/airflow/.local/lib/python3.8/site-packages/airflow/example_dags/example_xcomargs.py
[2023-08-24T03:17:30.251+0000] {processor.py:829} INFO - Processing file /home/airflow/.local/lib/python3.8/site-packages/airflow/example_dags/example_xcomargs.py for tasks to queue
[2023-08-24T03:17:30.253+0000] {logging_mixin.py:151} INFO - [2023-08-24T03:17:30.253+0000] {dagbag.py:539} INFO - Filling up the DagBag from /home/airflow/.local/lib/python3.8/site-packages/airflow/example_dags/example_xcomargs.py
[2023-08-24T03:17:30.260+0000] {processor.py:839} INFO - DAG(s) dict_keys(['example_xcom_args_with_operators', 'example_xcom_args']) retrieved from /home/airflow/.local/lib/python3.8/site-packages/airflow/example_dags/example_xcomargs.py
[2023-08-24T03:17:30.278+0000] {logging_mixin.py:151} INFO - [2023-08-24T03:17:30.278+0000] {dag.py:2907} INFO - Sync 2 DAGs
[2023-08-24T03:17:30.285+0000] {logging_mixin.py:151} INFO - [2023-08-24T03:17:30.285+0000] {dag.py:3677} INFO - Setting next_dagrun for example_xcom_args to None, run_after=None
[2023-08-24T03:17:30.288+0000] {logging_mixin.py:151} INFO - [2023-08-24T03:17:30.288+0000] {dag.py:3677} INFO - Setting next_dagrun for example_xcom_args_with_operators to None, run_after=None
[2023-08-24T03:17:30.297+0000] {processor.py:179} INFO - Processing /home/airflow/.local/lib/python3.8/site-packages/airflow/example_dags/example_xcomargs.py took 0.050 seconds
[2023-08-24T03:18:01.047+0000] {processor.py:157} INFO - Started process (PID=234) to work on /home/airflow/.local/lib/python3.8/site-packages/airflow/example_dags/example_xcomargs.py
[2023-08-24T03:18:01.048+0000] {processor.py:829} INFO - Processing file /home/airflow/.local/lib/python3.8/site-packages/airflow/example_dags/example_xcomargs.py for tasks to queue
[2023-08-24T03:18:01.051+0000] {logging_mixin.py:151} INFO - [2023-08-24T03:18:01.050+0000] {dagbag.py:539} INFO - Filling up the DagBag from /home/airflow/.local/lib/python3.8/site-packages/airflow/example_dags/example_xcomargs.py
[2023-08-24T03:18:01.056+0000] {processor.py:839} INFO - DAG(s) dict_keys(['example_xcom_args_with_operators', 'example_xcom_args']) retrieved from /home/airflow/.local/lib/python3.8/site-packages/airflow/example_dags/example_xcomargs.py
[2023-08-24T03:18:01.074+0000] {logging_mixin.py:151} INFO - [2023-08-24T03:18:01.074+0000] {dag.py:2907} INFO - Sync 2 DAGs
[2023-08-24T03:18:01.082+0000] {logging_mixin.py:151} INFO - [2023-08-24T03:18:01.082+0000] {dag.py:3677} INFO - Setting next_dagrun for example_xcom_args to None, run_after=None
[2023-08-24T03:18:01.085+0000] {logging_mixin.py:151} INFO - [2023-08-24T03:18:01.084+0000] {dag.py:3677} INFO - Setting next_dagrun for example_xcom_args_with_operators to None, run_after=None
[2023-08-24T03:18:01.093+0000] {processor.py:179} INFO - Processing /home/airflow/.local/lib/python3.8/site-packages/airflow/example_dags/example_xcomargs.py took 0.049 seconds
[2023-08-24T03:19:15.494+0000] {processor.py:157} INFO - Started process (PID=44) to work on /home/airflow/.local/lib/python3.8/site-packages/airflow/example_dags/example_xcomargs.py
[2023-08-24T03:19:15.495+0000] {processor.py:829} INFO - Processing file /home/airflow/.local/lib/python3.8/site-packages/airflow/example_dags/example_xcomargs.py for tasks to queue
[2023-08-24T03:19:15.497+0000] {logging_mixin.py:151} INFO - [2023-08-24T03:19:15.497+0000] {dagbag.py:539} INFO - Filling up the DagBag from /home/airflow/.local/lib/python3.8/site-packages/airflow/example_dags/example_xcomargs.py
[2023-08-24T03:19:15.505+0000] {processor.py:839} INFO - DAG(s) dict_keys(['example_xcom_args_with_operators', 'example_xcom_args']) retrieved from /home/airflow/.local/lib/python3.8/site-packages/airflow/example_dags/example_xcomargs.py
[2023-08-24T03:19:15.519+0000] {logging_mixin.py:151} INFO - [2023-08-24T03:19:15.518+0000] {dag.py:2907} INFO - Sync 2 DAGs
[2023-08-24T03:19:15.528+0000] {logging_mixin.py:151} INFO - [2023-08-24T03:19:15.528+0000] {dag.py:3677} INFO - Setting next_dagrun for example_xcom_args to None, run_after=None
[2023-08-24T03:19:15.531+0000] {logging_mixin.py:151} INFO - [2023-08-24T03:19:15.531+0000] {dag.py:3677} INFO - Setting next_dagrun for example_xcom_args_with_operators to None, run_after=None
[2023-08-24T03:19:15.542+0000] {processor.py:179} INFO - Processing /home/airflow/.local/lib/python3.8/site-packages/airflow/example_dags/example_xcomargs.py took 0.052 seconds
[2023-08-24T03:22:55.837+0000] {processor.py:157} INFO - Started process (PID=43) to work on /home/airflow/.local/lib/python3.8/site-packages/airflow/example_dags/example_xcomargs.py
[2023-08-24T03:22:55.838+0000] {processor.py:829} INFO - Processing file /home/airflow/.local/lib/python3.8/site-packages/airflow/example_dags/example_xcomargs.py for tasks to queue
[2023-08-24T03:22:55.840+0000] {logging_mixin.py:151} INFO - [2023-08-24T03:22:55.840+0000] {dagbag.py:539} INFO - Filling up the DagBag from /home/airflow/.local/lib/python3.8/site-packages/airflow/example_dags/example_xcomargs.py
[2023-08-24T03:22:55.850+0000] {processor.py:839} INFO - DAG(s) dict_keys(['example_xcom_args_with_operators', 'example_xcom_args']) retrieved from /home/airflow/.local/lib/python3.8/site-packages/airflow/example_dags/example_xcomargs.py
[2023-08-24T03:22:55.871+0000] {logging_mixin.py:151} INFO - [2023-08-24T03:22:55.871+0000] {dag.py:2907} INFO - Sync 2 DAGs
[2023-08-24T03:22:55.882+0000] {logging_mixin.py:151} INFO - [2023-08-24T03:22:55.882+0000] {dag.py:3677} INFO - Setting next_dagrun for example_xcom_args to None, run_after=None
[2023-08-24T03:22:55.885+0000] {logging_mixin.py:151} INFO - [2023-08-24T03:22:55.885+0000] {dag.py:3677} INFO - Setting next_dagrun for example_xcom_args_with_operators to None, run_after=None
[2023-08-24T03:22:55.898+0000] {processor.py:179} INFO - Processing /home/airflow/.local/lib/python3.8/site-packages/airflow/example_dags/example_xcomargs.py took 0.064 seconds
[2023-08-24T03:23:26.382+0000] {processor.py:157} INFO - Started process (PID=106) to work on /home/airflow/.local/lib/python3.8/site-packages/airflow/example_dags/example_xcomargs.py
[2023-08-24T03:23:26.383+0000] {processor.py:829} INFO - Processing file /home/airflow/.local/lib/python3.8/site-packages/airflow/example_dags/example_xcomargs.py for tasks to queue
[2023-08-24T03:23:26.385+0000] {logging_mixin.py:151} INFO - [2023-08-24T03:23:26.385+0000] {dagbag.py:539} INFO - Filling up the DagBag from /home/airflow/.local/lib/python3.8/site-packages/airflow/example_dags/example_xcomargs.py
[2023-08-24T03:23:26.391+0000] {processor.py:839} INFO - DAG(s) dict_keys(['example_xcom_args_with_operators', 'example_xcom_args']) retrieved from /home/airflow/.local/lib/python3.8/site-packages/airflow/example_dags/example_xcomargs.py
[2023-08-24T03:23:26.408+0000] {logging_mixin.py:151} INFO - [2023-08-24T03:23:26.408+0000] {dag.py:2907} INFO - Sync 2 DAGs
[2023-08-24T03:23:26.416+0000] {logging_mixin.py:151} INFO - [2023-08-24T03:23:26.415+0000] {dag.py:3677} INFO - Setting next_dagrun for example_xcom_args to None, run_after=None
[2023-08-24T03:23:26.418+0000] {logging_mixin.py:151} INFO - [2023-08-24T03:23:26.418+0000] {dag.py:3677} INFO - Setting next_dagrun for example_xcom_args_with_operators to None, run_after=None
[2023-08-24T03:23:26.426+0000] {processor.py:179} INFO - Processing /home/airflow/.local/lib/python3.8/site-packages/airflow/example_dags/example_xcomargs.py took 0.047 seconds
[2023-08-24T03:59:48.144+0000] {processor.py:157} INFO - Started process (PID=44) to work on /home/airflow/.local/lib/python3.8/site-packages/airflow/example_dags/example_xcomargs.py
[2023-08-24T03:59:48.145+0000] {processor.py:829} INFO - Processing file /home/airflow/.local/lib/python3.8/site-packages/airflow/example_dags/example_xcomargs.py for tasks to queue
[2023-08-24T03:59:48.147+0000] {logging_mixin.py:151} INFO - [2023-08-24T03:59:48.147+0000] {dagbag.py:539} INFO - Filling up the DagBag from /home/airflow/.local/lib/python3.8/site-packages/airflow/example_dags/example_xcomargs.py
[2023-08-24T03:59:48.157+0000] {processor.py:839} INFO - DAG(s) dict_keys(['example_xcom_args_with_operators', 'example_xcom_args']) retrieved from /home/airflow/.local/lib/python3.8/site-packages/airflow/example_dags/example_xcomargs.py
[2023-08-24T03:59:48.170+0000] {logging_mixin.py:151} INFO - [2023-08-24T03:59:48.170+0000] {dag.py:2907} INFO - Sync 2 DAGs
[2023-08-24T03:59:48.183+0000] {logging_mixin.py:151} INFO - [2023-08-24T03:59:48.183+0000] {dag.py:3677} INFO - Setting next_dagrun for example_xcom_args to None, run_after=None
[2023-08-24T03:59:48.186+0000] {logging_mixin.py:151} INFO - [2023-08-24T03:59:48.186+0000] {dag.py:3677} INFO - Setting next_dagrun for example_xcom_args_with_operators to None, run_after=None
[2023-08-24T03:59:48.206+0000] {processor.py:179} INFO - Processing /home/airflow/.local/lib/python3.8/site-packages/airflow/example_dags/example_xcomargs.py took 0.065 seconds
[2023-08-24T04:00:18.485+0000] {processor.py:157} INFO - Started process (PID=107) to work on /home/airflow/.local/lib/python3.8/site-packages/airflow/example_dags/example_xcomargs.py
[2023-08-24T04:00:18.486+0000] {processor.py:829} INFO - Processing file /home/airflow/.local/lib/python3.8/site-packages/airflow/example_dags/example_xcomargs.py for tasks to queue
[2023-08-24T04:00:18.488+0000] {logging_mixin.py:151} INFO - [2023-08-24T04:00:18.488+0000] {dagbag.py:539} INFO - Filling up the DagBag from /home/airflow/.local/lib/python3.8/site-packages/airflow/example_dags/example_xcomargs.py
[2023-08-24T04:00:18.494+0000] {processor.py:839} INFO - DAG(s) dict_keys(['example_xcom_args', 'example_xcom_args_with_operators']) retrieved from /home/airflow/.local/lib/python3.8/site-packages/airflow/example_dags/example_xcomargs.py
[2023-08-24T04:00:18.512+0000] {logging_mixin.py:151} INFO - [2023-08-24T04:00:18.512+0000] {dag.py:2907} INFO - Sync 2 DAGs
[2023-08-24T04:00:18.520+0000] {logging_mixin.py:151} INFO - [2023-08-24T04:00:18.520+0000] {dag.py:3677} INFO - Setting next_dagrun for example_xcom_args to None, run_after=None
[2023-08-24T04:00:18.522+0000] {logging_mixin.py:151} INFO - [2023-08-24T04:00:18.522+0000] {dag.py:3677} INFO - Setting next_dagrun for example_xcom_args_with_operators to None, run_after=None
[2023-08-24T04:00:18.532+0000] {processor.py:179} INFO - Processing /home/airflow/.local/lib/python3.8/site-packages/airflow/example_dags/example_xcomargs.py took 0.050 seconds
[2023-08-24T04:00:49.353+0000] {processor.py:157} INFO - Started process (PID=170) to work on /home/airflow/.local/lib/python3.8/site-packages/airflow/example_dags/example_xcomargs.py
[2023-08-24T04:00:49.354+0000] {processor.py:829} INFO - Processing file /home/airflow/.local/lib/python3.8/site-packages/airflow/example_dags/example_xcomargs.py for tasks to queue
[2023-08-24T04:00:49.356+0000] {logging_mixin.py:151} INFO - [2023-08-24T04:00:49.356+0000] {dagbag.py:539} INFO - Filling up the DagBag from /home/airflow/.local/lib/python3.8/site-packages/airflow/example_dags/example_xcomargs.py
[2023-08-24T04:00:49.362+0000] {processor.py:839} INFO - DAG(s) dict_keys(['example_xcom_args', 'example_xcom_args_with_operators']) retrieved from /home/airflow/.local/lib/python3.8/site-packages/airflow/example_dags/example_xcomargs.py
[2023-08-24T04:00:49.381+0000] {logging_mixin.py:151} INFO - [2023-08-24T04:00:49.380+0000] {dag.py:2907} INFO - Sync 2 DAGs
[2023-08-24T04:00:49.388+0000] {logging_mixin.py:151} INFO - [2023-08-24T04:00:49.388+0000] {dag.py:3677} INFO - Setting next_dagrun for example_xcom_args to None, run_after=None
[2023-08-24T04:00:49.390+0000] {logging_mixin.py:151} INFO - [2023-08-24T04:00:49.390+0000] {dag.py:3677} INFO - Setting next_dagrun for example_xcom_args_with_operators to None, run_after=None
[2023-08-24T04:00:49.399+0000] {processor.py:179} INFO - Processing /home/airflow/.local/lib/python3.8/site-packages/airflow/example_dags/example_xcomargs.py took 0.048 seconds
[2023-08-24T04:01:19.978+0000] {processor.py:157} INFO - Started process (PID=233) to work on /home/airflow/.local/lib/python3.8/site-packages/airflow/example_dags/example_xcomargs.py
[2023-08-24T04:01:19.980+0000] {processor.py:829} INFO - Processing file /home/airflow/.local/lib/python3.8/site-packages/airflow/example_dags/example_xcomargs.py for tasks to queue
[2023-08-24T04:01:19.982+0000] {logging_mixin.py:151} INFO - [2023-08-24T04:01:19.982+0000] {dagbag.py:539} INFO - Filling up the DagBag from /home/airflow/.local/lib/python3.8/site-packages/airflow/example_dags/example_xcomargs.py
[2023-08-24T04:01:19.987+0000] {processor.py:839} INFO - DAG(s) dict_keys(['example_xcom_args', 'example_xcom_args_with_operators']) retrieved from /home/airflow/.local/lib/python3.8/site-packages/airflow/example_dags/example_xcomargs.py
[2023-08-24T04:01:20.006+0000] {logging_mixin.py:151} INFO - [2023-08-24T04:01:20.006+0000] {dag.py:2907} INFO - Sync 2 DAGs
[2023-08-24T04:01:20.014+0000] {logging_mixin.py:151} INFO - [2023-08-24T04:01:20.014+0000] {dag.py:3677} INFO - Setting next_dagrun for example_xcom_args to None, run_after=None
[2023-08-24T04:01:20.016+0000] {logging_mixin.py:151} INFO - [2023-08-24T04:01:20.016+0000] {dag.py:3677} INFO - Setting next_dagrun for example_xcom_args_with_operators to None, run_after=None
[2023-08-24T04:01:20.026+0000] {processor.py:179} INFO - Processing /home/airflow/.local/lib/python3.8/site-packages/airflow/example_dags/example_xcomargs.py took 0.050 seconds
[2023-08-24T04:01:50.871+0000] {processor.py:157} INFO - Started process (PID=296) to work on /home/airflow/.local/lib/python3.8/site-packages/airflow/example_dags/example_xcomargs.py
[2023-08-24T04:01:50.872+0000] {processor.py:829} INFO - Processing file /home/airflow/.local/lib/python3.8/site-packages/airflow/example_dags/example_xcomargs.py for tasks to queue
[2023-08-24T04:01:50.874+0000] {logging_mixin.py:151} INFO - [2023-08-24T04:01:50.874+0000] {dagbag.py:539} INFO - Filling up the DagBag from /home/airflow/.local/lib/python3.8/site-packages/airflow/example_dags/example_xcomargs.py
[2023-08-24T04:01:50.880+0000] {processor.py:839} INFO - DAG(s) dict_keys(['example_xcom_args_with_operators', 'example_xcom_args']) retrieved from /home/airflow/.local/lib/python3.8/site-packages/airflow/example_dags/example_xcomargs.py
[2023-08-24T04:01:50.898+0000] {logging_mixin.py:151} INFO - [2023-08-24T04:01:50.898+0000] {dag.py:2907} INFO - Sync 2 DAGs
[2023-08-24T04:01:50.905+0000] {logging_mixin.py:151} INFO - [2023-08-24T04:01:50.905+0000] {dag.py:3677} INFO - Setting next_dagrun for example_xcom_args to None, run_after=None
[2023-08-24T04:01:50.908+0000] {logging_mixin.py:151} INFO - [2023-08-24T04:01:50.907+0000] {dag.py:3677} INFO - Setting next_dagrun for example_xcom_args_with_operators to None, run_after=None
[2023-08-24T04:01:50.917+0000] {processor.py:179} INFO - Processing /home/airflow/.local/lib/python3.8/site-packages/airflow/example_dags/example_xcomargs.py took 0.049 seconds
[2023-08-24T04:02:21.853+0000] {processor.py:157} INFO - Started process (PID=359) to work on /home/airflow/.local/lib/python3.8/site-packages/airflow/example_dags/example_xcomargs.py
[2023-08-24T04:02:21.854+0000] {processor.py:829} INFO - Processing file /home/airflow/.local/lib/python3.8/site-packages/airflow/example_dags/example_xcomargs.py for tasks to queue
[2023-08-24T04:02:21.857+0000] {logging_mixin.py:151} INFO - [2023-08-24T04:02:21.856+0000] {dagbag.py:539} INFO - Filling up the DagBag from /home/airflow/.local/lib/python3.8/site-packages/airflow/example_dags/example_xcomargs.py
[2023-08-24T04:02:21.863+0000] {processor.py:839} INFO - DAG(s) dict_keys(['example_xcom_args_with_operators', 'example_xcom_args']) retrieved from /home/airflow/.local/lib/python3.8/site-packages/airflow/example_dags/example_xcomargs.py
[2023-08-24T04:02:21.881+0000] {logging_mixin.py:151} INFO - [2023-08-24T04:02:21.881+0000] {dag.py:2907} INFO - Sync 2 DAGs
[2023-08-24T04:02:21.889+0000] {logging_mixin.py:151} INFO - [2023-08-24T04:02:21.889+0000] {dag.py:3677} INFO - Setting next_dagrun for example_xcom_args to None, run_after=None
[2023-08-24T04:02:21.891+0000] {logging_mixin.py:151} INFO - [2023-08-24T04:02:21.891+0000] {dag.py:3677} INFO - Setting next_dagrun for example_xcom_args_with_operators to None, run_after=None
[2023-08-24T04:02:21.901+0000] {processor.py:179} INFO - Processing /home/airflow/.local/lib/python3.8/site-packages/airflow/example_dags/example_xcomargs.py took 0.051 seconds
[2023-08-24T04:02:52.497+0000] {processor.py:157} INFO - Started process (PID=422) to work on /home/airflow/.local/lib/python3.8/site-packages/airflow/example_dags/example_xcomargs.py
[2023-08-24T04:02:52.498+0000] {processor.py:829} INFO - Processing file /home/airflow/.local/lib/python3.8/site-packages/airflow/example_dags/example_xcomargs.py for tasks to queue
[2023-08-24T04:02:52.500+0000] {logging_mixin.py:151} INFO - [2023-08-24T04:02:52.500+0000] {dagbag.py:539} INFO - Filling up the DagBag from /home/airflow/.local/lib/python3.8/site-packages/airflow/example_dags/example_xcomargs.py
[2023-08-24T04:02:52.506+0000] {processor.py:839} INFO - DAG(s) dict_keys(['example_xcom_args', 'example_xcom_args_with_operators']) retrieved from /home/airflow/.local/lib/python3.8/site-packages/airflow/example_dags/example_xcomargs.py
[2023-08-24T04:02:52.524+0000] {logging_mixin.py:151} INFO - [2023-08-24T04:02:52.524+0000] {dag.py:2907} INFO - Sync 2 DAGs
[2023-08-24T04:02:52.531+0000] {logging_mixin.py:151} INFO - [2023-08-24T04:02:52.531+0000] {dag.py:3677} INFO - Setting next_dagrun for example_xcom_args to None, run_after=None
[2023-08-24T04:02:52.533+0000] {logging_mixin.py:151} INFO - [2023-08-24T04:02:52.533+0000] {dag.py:3677} INFO - Setting next_dagrun for example_xcom_args_with_operators to None, run_after=None
[2023-08-24T04:02:52.543+0000] {processor.py:179} INFO - Processing /home/airflow/.local/lib/python3.8/site-packages/airflow/example_dags/example_xcomargs.py took 0.049 seconds
[2023-08-24T04:03:23.105+0000] {processor.py:157} INFO - Started process (PID=485) to work on /home/airflow/.local/lib/python3.8/site-packages/airflow/example_dags/example_xcomargs.py
[2023-08-24T04:03:23.106+0000] {processor.py:829} INFO - Processing file /home/airflow/.local/lib/python3.8/site-packages/airflow/example_dags/example_xcomargs.py for tasks to queue
[2023-08-24T04:03:23.108+0000] {logging_mixin.py:151} INFO - [2023-08-24T04:03:23.108+0000] {dagbag.py:539} INFO - Filling up the DagBag from /home/airflow/.local/lib/python3.8/site-packages/airflow/example_dags/example_xcomargs.py
[2023-08-24T04:03:23.114+0000] {processor.py:839} INFO - DAG(s) dict_keys(['example_xcom_args', 'example_xcom_args_with_operators']) retrieved from /home/airflow/.local/lib/python3.8/site-packages/airflow/example_dags/example_xcomargs.py
[2023-08-24T04:03:23.132+0000] {logging_mixin.py:151} INFO - [2023-08-24T04:03:23.132+0000] {dag.py:2907} INFO - Sync 2 DAGs
[2023-08-24T04:03:23.140+0000] {logging_mixin.py:151} INFO - [2023-08-24T04:03:23.140+0000] {dag.py:3677} INFO - Setting next_dagrun for example_xcom_args to None, run_after=None
[2023-08-24T04:03:23.142+0000] {logging_mixin.py:151} INFO - [2023-08-24T04:03:23.142+0000] {dag.py:3677} INFO - Setting next_dagrun for example_xcom_args_with_operators to None, run_after=None
[2023-08-24T04:03:23.151+0000] {processor.py:179} INFO - Processing /home/airflow/.local/lib/python3.8/site-packages/airflow/example_dags/example_xcomargs.py took 0.049 seconds
[2023-08-24T04:03:53.870+0000] {processor.py:157} INFO - Started process (PID=548) to work on /home/airflow/.local/lib/python3.8/site-packages/airflow/example_dags/example_xcomargs.py
[2023-08-24T04:03:53.872+0000] {processor.py:829} INFO - Processing file /home/airflow/.local/lib/python3.8/site-packages/airflow/example_dags/example_xcomargs.py for tasks to queue
[2023-08-24T04:03:53.874+0000] {logging_mixin.py:151} INFO - [2023-08-24T04:03:53.874+0000] {dagbag.py:539} INFO - Filling up the DagBag from /home/airflow/.local/lib/python3.8/site-packages/airflow/example_dags/example_xcomargs.py
[2023-08-24T04:03:53.880+0000] {processor.py:839} INFO - DAG(s) dict_keys(['example_xcom_args', 'example_xcom_args_with_operators']) retrieved from /home/airflow/.local/lib/python3.8/site-packages/airflow/example_dags/example_xcomargs.py
[2023-08-24T04:03:53.898+0000] {logging_mixin.py:151} INFO - [2023-08-24T04:03:53.897+0000] {dag.py:2907} INFO - Sync 2 DAGs
[2023-08-24T04:03:53.906+0000] {logging_mixin.py:151} INFO - [2023-08-24T04:03:53.906+0000] {dag.py:3677} INFO - Setting next_dagrun for example_xcom_args to None, run_after=None
[2023-08-24T04:03:53.908+0000] {logging_mixin.py:151} INFO - [2023-08-24T04:03:53.908+0000] {dag.py:3677} INFO - Setting next_dagrun for example_xcom_args_with_operators to None, run_after=None
[2023-08-24T04:03:53.917+0000] {processor.py:179} INFO - Processing /home/airflow/.local/lib/python3.8/site-packages/airflow/example_dags/example_xcomargs.py took 0.049 seconds
[2023-08-24T04:04:24.582+0000] {processor.py:157} INFO - Started process (PID=611) to work on /home/airflow/.local/lib/python3.8/site-packages/airflow/example_dags/example_xcomargs.py
[2023-08-24T04:04:24.584+0000] {processor.py:829} INFO - Processing file /home/airflow/.local/lib/python3.8/site-packages/airflow/example_dags/example_xcomargs.py for tasks to queue
[2023-08-24T04:04:24.586+0000] {logging_mixin.py:151} INFO - [2023-08-24T04:04:24.586+0000] {dagbag.py:539} INFO - Filling up the DagBag from /home/airflow/.local/lib/python3.8/site-packages/airflow/example_dags/example_xcomargs.py
[2023-08-24T04:04:24.592+0000] {processor.py:839} INFO - DAG(s) dict_keys(['example_xcom_args_with_operators', 'example_xcom_args']) retrieved from /home/airflow/.local/lib/python3.8/site-packages/airflow/example_dags/example_xcomargs.py
[2023-08-24T04:04:24.609+0000] {logging_mixin.py:151} INFO - [2023-08-24T04:04:24.608+0000] {dag.py:2907} INFO - Sync 2 DAGs
[2023-08-24T04:04:24.616+0000] {logging_mixin.py:151} INFO - [2023-08-24T04:04:24.616+0000] {dag.py:3677} INFO - Setting next_dagrun for example_xcom_args to None, run_after=None
[2023-08-24T04:04:24.618+0000] {logging_mixin.py:151} INFO - [2023-08-24T04:04:24.618+0000] {dag.py:3677} INFO - Setting next_dagrun for example_xcom_args_with_operators to None, run_after=None
[2023-08-24T04:04:24.627+0000] {processor.py:179} INFO - Processing /home/airflow/.local/lib/python3.8/site-packages/airflow/example_dags/example_xcomargs.py took 0.047 seconds
[2023-08-24T04:04:55.612+0000] {processor.py:157} INFO - Started process (PID=674) to work on /home/airflow/.local/lib/python3.8/site-packages/airflow/example_dags/example_xcomargs.py
[2023-08-24T04:04:55.613+0000] {processor.py:829} INFO - Processing file /home/airflow/.local/lib/python3.8/site-packages/airflow/example_dags/example_xcomargs.py for tasks to queue
[2023-08-24T04:04:55.615+0000] {logging_mixin.py:151} INFO - [2023-08-24T04:04:55.615+0000] {dagbag.py:539} INFO - Filling up the DagBag from /home/airflow/.local/lib/python3.8/site-packages/airflow/example_dags/example_xcomargs.py
[2023-08-24T04:04:55.621+0000] {processor.py:839} INFO - DAG(s) dict_keys(['example_xcom_args_with_operators', 'example_xcom_args']) retrieved from /home/airflow/.local/lib/python3.8/site-packages/airflow/example_dags/example_xcomargs.py
[2023-08-24T04:04:55.640+0000] {logging_mixin.py:151} INFO - [2023-08-24T04:04:55.640+0000] {dag.py:2907} INFO - Sync 2 DAGs
[2023-08-24T04:04:55.647+0000] {logging_mixin.py:151} INFO - [2023-08-24T04:04:55.647+0000] {dag.py:3677} INFO - Setting next_dagrun for example_xcom_args to None, run_after=None
[2023-08-24T04:04:55.650+0000] {logging_mixin.py:151} INFO - [2023-08-24T04:04:55.649+0000] {dag.py:3677} INFO - Setting next_dagrun for example_xcom_args_with_operators to None, run_after=None
[2023-08-24T04:04:55.659+0000] {processor.py:179} INFO - Processing /home/airflow/.local/lib/python3.8/site-packages/airflow/example_dags/example_xcomargs.py took 0.050 seconds
[2023-08-24T04:05:26.294+0000] {processor.py:157} INFO - Started process (PID=737) to work on /home/airflow/.local/lib/python3.8/site-packages/airflow/example_dags/example_xcomargs.py
[2023-08-24T04:05:26.296+0000] {processor.py:829} INFO - Processing file /home/airflow/.local/lib/python3.8/site-packages/airflow/example_dags/example_xcomargs.py for tasks to queue
[2023-08-24T04:05:26.298+0000] {logging_mixin.py:151} INFO - [2023-08-24T04:05:26.298+0000] {dagbag.py:539} INFO - Filling up the DagBag from /home/airflow/.local/lib/python3.8/site-packages/airflow/example_dags/example_xcomargs.py
[2023-08-24T04:05:26.304+0000] {processor.py:839} INFO - DAG(s) dict_keys(['example_xcom_args_with_operators', 'example_xcom_args']) retrieved from /home/airflow/.local/lib/python3.8/site-packages/airflow/example_dags/example_xcomargs.py
[2023-08-24T04:05:26.324+0000] {logging_mixin.py:151} INFO - [2023-08-24T04:05:26.324+0000] {dag.py:2907} INFO - Sync 2 DAGs
[2023-08-24T04:05:26.332+0000] {logging_mixin.py:151} INFO - [2023-08-24T04:05:26.332+0000] {dag.py:3677} INFO - Setting next_dagrun for example_xcom_args to None, run_after=None
[2023-08-24T04:05:26.335+0000] {logging_mixin.py:151} INFO - [2023-08-24T04:05:26.334+0000] {dag.py:3677} INFO - Setting next_dagrun for example_xcom_args_with_operators to None, run_after=None
[2023-08-24T04:05:26.345+0000] {processor.py:179} INFO - Processing /home/airflow/.local/lib/python3.8/site-packages/airflow/example_dags/example_xcomargs.py took 0.053 seconds
[2023-08-24T04:05:57.051+0000] {processor.py:157} INFO - Started process (PID=800) to work on /home/airflow/.local/lib/python3.8/site-packages/airflow/example_dags/example_xcomargs.py
[2023-08-24T04:05:57.053+0000] {processor.py:829} INFO - Processing file /home/airflow/.local/lib/python3.8/site-packages/airflow/example_dags/example_xcomargs.py for tasks to queue
[2023-08-24T04:05:57.055+0000] {logging_mixin.py:151} INFO - [2023-08-24T04:05:57.055+0000] {dagbag.py:539} INFO - Filling up the DagBag from /home/airflow/.local/lib/python3.8/site-packages/airflow/example_dags/example_xcomargs.py
[2023-08-24T04:05:57.061+0000] {processor.py:839} INFO - DAG(s) dict_keys(['example_xcom_args', 'example_xcom_args_with_operators']) retrieved from /home/airflow/.local/lib/python3.8/site-packages/airflow/example_dags/example_xcomargs.py
[2023-08-24T04:05:57.079+0000] {logging_mixin.py:151} INFO - [2023-08-24T04:05:57.079+0000] {dag.py:2907} INFO - Sync 2 DAGs
[2023-08-24T04:05:57.086+0000] {logging_mixin.py:151} INFO - [2023-08-24T04:05:57.086+0000] {dag.py:3677} INFO - Setting next_dagrun for example_xcom_args to None, run_after=None
[2023-08-24T04:05:57.089+0000] {logging_mixin.py:151} INFO - [2023-08-24T04:05:57.088+0000] {dag.py:3677} INFO - Setting next_dagrun for example_xcom_args_with_operators to None, run_after=None
[2023-08-24T04:05:57.097+0000] {processor.py:179} INFO - Processing /home/airflow/.local/lib/python3.8/site-packages/airflow/example_dags/example_xcomargs.py took 0.049 seconds
[2023-08-24T04:06:27.728+0000] {processor.py:157} INFO - Started process (PID=863) to work on /home/airflow/.local/lib/python3.8/site-packages/airflow/example_dags/example_xcomargs.py
[2023-08-24T04:06:27.730+0000] {processor.py:829} INFO - Processing file /home/airflow/.local/lib/python3.8/site-packages/airflow/example_dags/example_xcomargs.py for tasks to queue
[2023-08-24T04:06:27.732+0000] {logging_mixin.py:151} INFO - [2023-08-24T04:06:27.732+0000] {dagbag.py:539} INFO - Filling up the DagBag from /home/airflow/.local/lib/python3.8/site-packages/airflow/example_dags/example_xcomargs.py
[2023-08-24T04:06:27.737+0000] {processor.py:839} INFO - DAG(s) dict_keys(['example_xcom_args_with_operators', 'example_xcom_args']) retrieved from /home/airflow/.local/lib/python3.8/site-packages/airflow/example_dags/example_xcomargs.py
[2023-08-24T04:06:27.756+0000] {logging_mixin.py:151} INFO - [2023-08-24T04:06:27.756+0000] {dag.py:2907} INFO - Sync 2 DAGs
[2023-08-24T04:06:27.763+0000] {logging_mixin.py:151} INFO - [2023-08-24T04:06:27.763+0000] {dag.py:3677} INFO - Setting next_dagrun for example_xcom_args to None, run_after=None
[2023-08-24T04:06:27.765+0000] {logging_mixin.py:151} INFO - [2023-08-24T04:06:27.765+0000] {dag.py:3677} INFO - Setting next_dagrun for example_xcom_args_with_operators to None, run_after=None
[2023-08-24T04:06:27.779+0000] {processor.py:179} INFO - Processing /home/airflow/.local/lib/python3.8/site-packages/airflow/example_dags/example_xcomargs.py took 0.053 seconds
[2023-08-24T04:06:58.417+0000] {processor.py:157} INFO - Started process (PID=925) to work on /home/airflow/.local/lib/python3.8/site-packages/airflow/example_dags/example_xcomargs.py
[2023-08-24T04:06:58.418+0000] {processor.py:829} INFO - Processing file /home/airflow/.local/lib/python3.8/site-packages/airflow/example_dags/example_xcomargs.py for tasks to queue
[2023-08-24T04:06:58.420+0000] {logging_mixin.py:151} INFO - [2023-08-24T04:06:58.420+0000] {dagbag.py:539} INFO - Filling up the DagBag from /home/airflow/.local/lib/python3.8/site-packages/airflow/example_dags/example_xcomargs.py
[2023-08-24T04:06:58.426+0000] {processor.py:839} INFO - DAG(s) dict_keys(['example_xcom_args', 'example_xcom_args_with_operators']) retrieved from /home/airflow/.local/lib/python3.8/site-packages/airflow/example_dags/example_xcomargs.py
[2023-08-24T04:06:58.444+0000] {logging_mixin.py:151} INFO - [2023-08-24T04:06:58.444+0000] {dag.py:2907} INFO - Sync 2 DAGs
[2023-08-24T04:06:58.452+0000] {logging_mixin.py:151} INFO - [2023-08-24T04:06:58.452+0000] {dag.py:3677} INFO - Setting next_dagrun for example_xcom_args to None, run_after=None
[2023-08-24T04:06:58.454+0000] {logging_mixin.py:151} INFO - [2023-08-24T04:06:58.454+0000] {dag.py:3677} INFO - Setting next_dagrun for example_xcom_args_with_operators to None, run_after=None
[2023-08-24T04:06:58.462+0000] {processor.py:179} INFO - Processing /home/airflow/.local/lib/python3.8/site-packages/airflow/example_dags/example_xcomargs.py took 0.048 seconds
[2023-08-24T04:07:29.086+0000] {processor.py:157} INFO - Started process (PID=988) to work on /home/airflow/.local/lib/python3.8/site-packages/airflow/example_dags/example_xcomargs.py
[2023-08-24T04:07:29.087+0000] {processor.py:829} INFO - Processing file /home/airflow/.local/lib/python3.8/site-packages/airflow/example_dags/example_xcomargs.py for tasks to queue
[2023-08-24T04:07:29.090+0000] {logging_mixin.py:151} INFO - [2023-08-24T04:07:29.089+0000] {dagbag.py:539} INFO - Filling up the DagBag from /home/airflow/.local/lib/python3.8/site-packages/airflow/example_dags/example_xcomargs.py
[2023-08-24T04:07:29.095+0000] {processor.py:839} INFO - DAG(s) dict_keys(['example_xcom_args_with_operators', 'example_xcom_args']) retrieved from /home/airflow/.local/lib/python3.8/site-packages/airflow/example_dags/example_xcomargs.py
[2023-08-24T04:07:29.113+0000] {logging_mixin.py:151} INFO - [2023-08-24T04:07:29.113+0000] {dag.py:2907} INFO - Sync 2 DAGs
[2023-08-24T04:07:29.120+0000] {logging_mixin.py:151} INFO - [2023-08-24T04:07:29.120+0000] {dag.py:3677} INFO - Setting next_dagrun for example_xcom_args to None, run_after=None
[2023-08-24T04:07:29.122+0000] {logging_mixin.py:151} INFO - [2023-08-24T04:07:29.122+0000] {dag.py:3677} INFO - Setting next_dagrun for example_xcom_args_with_operators to None, run_after=None
[2023-08-24T04:07:29.132+0000] {processor.py:179} INFO - Processing /home/airflow/.local/lib/python3.8/site-packages/airflow/example_dags/example_xcomargs.py took 0.049 seconds
[2023-08-24T04:07:59.821+0000] {processor.py:157} INFO - Started process (PID=1051) to work on /home/airflow/.local/lib/python3.8/site-packages/airflow/example_dags/example_xcomargs.py
[2023-08-24T04:07:59.823+0000] {processor.py:829} INFO - Processing file /home/airflow/.local/lib/python3.8/site-packages/airflow/example_dags/example_xcomargs.py for tasks to queue
[2023-08-24T04:07:59.825+0000] {logging_mixin.py:151} INFO - [2023-08-24T04:07:59.825+0000] {dagbag.py:539} INFO - Filling up the DagBag from /home/airflow/.local/lib/python3.8/site-packages/airflow/example_dags/example_xcomargs.py
[2023-08-24T04:07:59.831+0000] {processor.py:839} INFO - DAG(s) dict_keys(['example_xcom_args', 'example_xcom_args_with_operators']) retrieved from /home/airflow/.local/lib/python3.8/site-packages/airflow/example_dags/example_xcomargs.py
[2023-08-24T04:07:59.849+0000] {logging_mixin.py:151} INFO - [2023-08-24T04:07:59.849+0000] {dag.py:2907} INFO - Sync 2 DAGs
[2023-08-24T04:07:59.857+0000] {logging_mixin.py:151} INFO - [2023-08-24T04:07:59.857+0000] {dag.py:3677} INFO - Setting next_dagrun for example_xcom_args to None, run_after=None
[2023-08-24T04:07:59.859+0000] {logging_mixin.py:151} INFO - [2023-08-24T04:07:59.859+0000] {dag.py:3677} INFO - Setting next_dagrun for example_xcom_args_with_operators to None, run_after=None
[2023-08-24T04:07:59.868+0000] {processor.py:179} INFO - Processing /home/airflow/.local/lib/python3.8/site-packages/airflow/example_dags/example_xcomargs.py took 0.049 seconds
[2023-08-24T04:08:30.527+0000] {processor.py:157} INFO - Started process (PID=1114) to work on /home/airflow/.local/lib/python3.8/site-packages/airflow/example_dags/example_xcomargs.py
[2023-08-24T04:08:30.528+0000] {processor.py:829} INFO - Processing file /home/airflow/.local/lib/python3.8/site-packages/airflow/example_dags/example_xcomargs.py for tasks to queue
[2023-08-24T04:08:30.531+0000] {logging_mixin.py:151} INFO - [2023-08-24T04:08:30.531+0000] {dagbag.py:539} INFO - Filling up the DagBag from /home/airflow/.local/lib/python3.8/site-packages/airflow/example_dags/example_xcomargs.py
[2023-08-24T04:08:30.537+0000] {processor.py:839} INFO - DAG(s) dict_keys(['example_xcom_args_with_operators', 'example_xcom_args']) retrieved from /home/airflow/.local/lib/python3.8/site-packages/airflow/example_dags/example_xcomargs.py
[2023-08-24T04:08:30.555+0000] {logging_mixin.py:151} INFO - [2023-08-24T04:08:30.555+0000] {dag.py:2907} INFO - Sync 2 DAGs
[2023-08-24T04:08:30.563+0000] {logging_mixin.py:151} INFO - [2023-08-24T04:08:30.563+0000] {dag.py:3677} INFO - Setting next_dagrun for example_xcom_args to None, run_after=None
[2023-08-24T04:08:30.565+0000] {logging_mixin.py:151} INFO - [2023-08-24T04:08:30.565+0000] {dag.py:3677} INFO - Setting next_dagrun for example_xcom_args_with_operators to None, run_after=None
[2023-08-24T04:08:30.575+0000] {processor.py:179} INFO - Processing /home/airflow/.local/lib/python3.8/site-packages/airflow/example_dags/example_xcomargs.py took 0.050 seconds
[2023-08-24T04:09:01.237+0000] {processor.py:157} INFO - Started process (PID=1177) to work on /home/airflow/.local/lib/python3.8/site-packages/airflow/example_dags/example_xcomargs.py
[2023-08-24T04:09:01.238+0000] {processor.py:829} INFO - Processing file /home/airflow/.local/lib/python3.8/site-packages/airflow/example_dags/example_xcomargs.py for tasks to queue
[2023-08-24T04:09:01.240+0000] {logging_mixin.py:151} INFO - [2023-08-24T04:09:01.240+0000] {dagbag.py:539} INFO - Filling up the DagBag from /home/airflow/.local/lib/python3.8/site-packages/airflow/example_dags/example_xcomargs.py
[2023-08-24T04:09:01.246+0000] {processor.py:839} INFO - DAG(s) dict_keys(['example_xcom_args_with_operators', 'example_xcom_args']) retrieved from /home/airflow/.local/lib/python3.8/site-packages/airflow/example_dags/example_xcomargs.py
[2023-08-24T04:09:01.265+0000] {logging_mixin.py:151} INFO - [2023-08-24T04:09:01.265+0000] {dag.py:2907} INFO - Sync 2 DAGs
[2023-08-24T04:09:01.273+0000] {logging_mixin.py:151} INFO - [2023-08-24T04:09:01.273+0000] {dag.py:3677} INFO - Setting next_dagrun for example_xcom_args to None, run_after=None
[2023-08-24T04:09:01.276+0000] {logging_mixin.py:151} INFO - [2023-08-24T04:09:01.276+0000] {dag.py:3677} INFO - Setting next_dagrun for example_xcom_args_with_operators to None, run_after=None
[2023-08-24T04:09:01.286+0000] {processor.py:179} INFO - Processing /home/airflow/.local/lib/python3.8/site-packages/airflow/example_dags/example_xcomargs.py took 0.052 seconds
[2023-08-24T04:09:32.010+0000] {processor.py:157} INFO - Started process (PID=1240) to work on /home/airflow/.local/lib/python3.8/site-packages/airflow/example_dags/example_xcomargs.py
[2023-08-24T04:09:32.011+0000] {processor.py:829} INFO - Processing file /home/airflow/.local/lib/python3.8/site-packages/airflow/example_dags/example_xcomargs.py for tasks to queue
[2023-08-24T04:09:32.013+0000] {logging_mixin.py:151} INFO - [2023-08-24T04:09:32.013+0000] {dagbag.py:539} INFO - Filling up the DagBag from /home/airflow/.local/lib/python3.8/site-packages/airflow/example_dags/example_xcomargs.py
[2023-08-24T04:09:32.018+0000] {processor.py:839} INFO - DAG(s) dict_keys(['example_xcom_args', 'example_xcom_args_with_operators']) retrieved from /home/airflow/.local/lib/python3.8/site-packages/airflow/example_dags/example_xcomargs.py
[2023-08-24T04:09:32.036+0000] {logging_mixin.py:151} INFO - [2023-08-24T04:09:32.036+0000] {dag.py:2907} INFO - Sync 2 DAGs
[2023-08-24T04:09:32.044+0000] {logging_mixin.py:151} INFO - [2023-08-24T04:09:32.043+0000] {dag.py:3677} INFO - Setting next_dagrun for example_xcom_args to None, run_after=None
[2023-08-24T04:09:32.046+0000] {logging_mixin.py:151} INFO - [2023-08-24T04:09:32.046+0000] {dag.py:3677} INFO - Setting next_dagrun for example_xcom_args_with_operators to None, run_after=None
[2023-08-24T04:09:32.055+0000] {processor.py:179} INFO - Processing /home/airflow/.local/lib/python3.8/site-packages/airflow/example_dags/example_xcomargs.py took 0.048 seconds
[2023-08-24T04:10:02.757+0000] {processor.py:157} INFO - Started process (PID=1303) to work on /home/airflow/.local/lib/python3.8/site-packages/airflow/example_dags/example_xcomargs.py
[2023-08-24T04:10:02.758+0000] {processor.py:829} INFO - Processing file /home/airflow/.local/lib/python3.8/site-packages/airflow/example_dags/example_xcomargs.py for tasks to queue
[2023-08-24T04:10:02.761+0000] {logging_mixin.py:151} INFO - [2023-08-24T04:10:02.760+0000] {dagbag.py:539} INFO - Filling up the DagBag from /home/airflow/.local/lib/python3.8/site-packages/airflow/example_dags/example_xcomargs.py
[2023-08-24T04:10:02.766+0000] {processor.py:839} INFO - DAG(s) dict_keys(['example_xcom_args_with_operators', 'example_xcom_args']) retrieved from /home/airflow/.local/lib/python3.8/site-packages/airflow/example_dags/example_xcomargs.py
[2023-08-24T04:10:02.786+0000] {logging_mixin.py:151} INFO - [2023-08-24T04:10:02.786+0000] {dag.py:2907} INFO - Sync 2 DAGs
[2023-08-24T04:10:02.794+0000] {logging_mixin.py:151} INFO - [2023-08-24T04:10:02.794+0000] {dag.py:3677} INFO - Setting next_dagrun for example_xcom_args to None, run_after=None
[2023-08-24T04:10:02.796+0000] {logging_mixin.py:151} INFO - [2023-08-24T04:10:02.796+0000] {dag.py:3677} INFO - Setting next_dagrun for example_xcom_args_with_operators to None, run_after=None
[2023-08-24T04:10:02.806+0000] {processor.py:179} INFO - Processing /home/airflow/.local/lib/python3.8/site-packages/airflow/example_dags/example_xcomargs.py took 0.051 seconds
[2023-08-24T04:10:33.472+0000] {processor.py:157} INFO - Started process (PID=1366) to work on /home/airflow/.local/lib/python3.8/site-packages/airflow/example_dags/example_xcomargs.py
[2023-08-24T04:10:33.473+0000] {processor.py:829} INFO - Processing file /home/airflow/.local/lib/python3.8/site-packages/airflow/example_dags/example_xcomargs.py for tasks to queue
[2023-08-24T04:10:33.475+0000] {logging_mixin.py:151} INFO - [2023-08-24T04:10:33.475+0000] {dagbag.py:539} INFO - Filling up the DagBag from /home/airflow/.local/lib/python3.8/site-packages/airflow/example_dags/example_xcomargs.py
[2023-08-24T04:10:33.482+0000] {processor.py:839} INFO - DAG(s) dict_keys(['example_xcom_args_with_operators', 'example_xcom_args']) retrieved from /home/airflow/.local/lib/python3.8/site-packages/airflow/example_dags/example_xcomargs.py
[2023-08-24T04:10:33.501+0000] {logging_mixin.py:151} INFO - [2023-08-24T04:10:33.501+0000] {dag.py:2907} INFO - Sync 2 DAGs
[2023-08-24T04:10:33.509+0000] {logging_mixin.py:151} INFO - [2023-08-24T04:10:33.509+0000] {dag.py:3677} INFO - Setting next_dagrun for example_xcom_args to None, run_after=None
[2023-08-24T04:10:33.511+0000] {logging_mixin.py:151} INFO - [2023-08-24T04:10:33.511+0000] {dag.py:3677} INFO - Setting next_dagrun for example_xcom_args_with_operators to None, run_after=None
[2023-08-24T04:10:33.523+0000] {processor.py:179} INFO - Processing /home/airflow/.local/lib/python3.8/site-packages/airflow/example_dags/example_xcomargs.py took 0.054 seconds
[2023-08-24T04:11:04.184+0000] {processor.py:157} INFO - Started process (PID=1429) to work on /home/airflow/.local/lib/python3.8/site-packages/airflow/example_dags/example_xcomargs.py
[2023-08-24T04:11:04.185+0000] {processor.py:829} INFO - Processing file /home/airflow/.local/lib/python3.8/site-packages/airflow/example_dags/example_xcomargs.py for tasks to queue
[2023-08-24T04:11:04.187+0000] {logging_mixin.py:151} INFO - [2023-08-24T04:11:04.187+0000] {dagbag.py:539} INFO - Filling up the DagBag from /home/airflow/.local/lib/python3.8/site-packages/airflow/example_dags/example_xcomargs.py
[2023-08-24T04:11:04.194+0000] {processor.py:839} INFO - DAG(s) dict_keys(['example_xcom_args', 'example_xcom_args_with_operators']) retrieved from /home/airflow/.local/lib/python3.8/site-packages/airflow/example_dags/example_xcomargs.py
[2023-08-24T04:11:04.213+0000] {logging_mixin.py:151} INFO - [2023-08-24T04:11:04.213+0000] {dag.py:2907} INFO - Sync 2 DAGs
[2023-08-24T04:11:04.220+0000] {logging_mixin.py:151} INFO - [2023-08-24T04:11:04.220+0000] {dag.py:3677} INFO - Setting next_dagrun for example_xcom_args to None, run_after=None
[2023-08-24T04:11:04.223+0000] {logging_mixin.py:151} INFO - [2023-08-24T04:11:04.222+0000] {dag.py:3677} INFO - Setting next_dagrun for example_xcom_args_with_operators to None, run_after=None
[2023-08-24T04:11:04.232+0000] {processor.py:179} INFO - Processing /home/airflow/.local/lib/python3.8/site-packages/airflow/example_dags/example_xcomargs.py took 0.052 seconds
[2023-08-24T04:11:34.977+0000] {processor.py:157} INFO - Started process (PID=1492) to work on /home/airflow/.local/lib/python3.8/site-packages/airflow/example_dags/example_xcomargs.py
[2023-08-24T04:11:34.978+0000] {processor.py:829} INFO - Processing file /home/airflow/.local/lib/python3.8/site-packages/airflow/example_dags/example_xcomargs.py for tasks to queue
[2023-08-24T04:11:34.980+0000] {logging_mixin.py:151} INFO - [2023-08-24T04:11:34.980+0000] {dagbag.py:539} INFO - Filling up the DagBag from /home/airflow/.local/lib/python3.8/site-packages/airflow/example_dags/example_xcomargs.py
[2023-08-24T04:11:34.986+0000] {processor.py:839} INFO - DAG(s) dict_keys(['example_xcom_args_with_operators', 'example_xcom_args']) retrieved from /home/airflow/.local/lib/python3.8/site-packages/airflow/example_dags/example_xcomargs.py
[2023-08-24T04:11:35.005+0000] {logging_mixin.py:151} INFO - [2023-08-24T04:11:35.005+0000] {dag.py:2907} INFO - Sync 2 DAGs
[2023-08-24T04:11:35.012+0000] {logging_mixin.py:151} INFO - [2023-08-24T04:11:35.012+0000] {dag.py:3677} INFO - Setting next_dagrun for example_xcom_args to None, run_after=None
[2023-08-24T04:11:35.015+0000] {logging_mixin.py:151} INFO - [2023-08-24T04:11:35.015+0000] {dag.py:3677} INFO - Setting next_dagrun for example_xcom_args_with_operators to None, run_after=None
[2023-08-24T04:11:35.026+0000] {processor.py:179} INFO - Processing /home/airflow/.local/lib/python3.8/site-packages/airflow/example_dags/example_xcomargs.py took 0.052 seconds
[2023-08-24T04:12:05.699+0000] {processor.py:157} INFO - Started process (PID=1555) to work on /home/airflow/.local/lib/python3.8/site-packages/airflow/example_dags/example_xcomargs.py
[2023-08-24T04:12:05.700+0000] {processor.py:829} INFO - Processing file /home/airflow/.local/lib/python3.8/site-packages/airflow/example_dags/example_xcomargs.py for tasks to queue
[2023-08-24T04:12:05.702+0000] {logging_mixin.py:151} INFO - [2023-08-24T04:12:05.702+0000] {dagbag.py:539} INFO - Filling up the DagBag from /home/airflow/.local/lib/python3.8/site-packages/airflow/example_dags/example_xcomargs.py
[2023-08-24T04:12:05.707+0000] {processor.py:839} INFO - DAG(s) dict_keys(['example_xcom_args', 'example_xcom_args_with_operators']) retrieved from /home/airflow/.local/lib/python3.8/site-packages/airflow/example_dags/example_xcomargs.py
[2023-08-24T04:12:05.728+0000] {logging_mixin.py:151} INFO - [2023-08-24T04:12:05.728+0000] {dag.py:2907} INFO - Sync 2 DAGs
[2023-08-24T04:12:05.735+0000] {logging_mixin.py:151} INFO - [2023-08-24T04:12:05.735+0000] {dag.py:3677} INFO - Setting next_dagrun for example_xcom_args to None, run_after=None
[2023-08-24T04:12:05.738+0000] {logging_mixin.py:151} INFO - [2023-08-24T04:12:05.738+0000] {dag.py:3677} INFO - Setting next_dagrun for example_xcom_args_with_operators to None, run_after=None
[2023-08-24T04:12:05.747+0000] {processor.py:179} INFO - Processing /home/airflow/.local/lib/python3.8/site-packages/airflow/example_dags/example_xcomargs.py took 0.051 seconds
[2023-08-24T04:12:36.295+0000] {processor.py:157} INFO - Started process (PID=1618) to work on /home/airflow/.local/lib/python3.8/site-packages/airflow/example_dags/example_xcomargs.py
[2023-08-24T04:12:36.296+0000] {processor.py:829} INFO - Processing file /home/airflow/.local/lib/python3.8/site-packages/airflow/example_dags/example_xcomargs.py for tasks to queue
[2023-08-24T04:12:36.299+0000] {logging_mixin.py:151} INFO - [2023-08-24T04:12:36.298+0000] {dagbag.py:539} INFO - Filling up the DagBag from /home/airflow/.local/lib/python3.8/site-packages/airflow/example_dags/example_xcomargs.py
[2023-08-24T04:12:36.304+0000] {processor.py:839} INFO - DAG(s) dict_keys(['example_xcom_args_with_operators', 'example_xcom_args']) retrieved from /home/airflow/.local/lib/python3.8/site-packages/airflow/example_dags/example_xcomargs.py
[2023-08-24T04:12:36.323+0000] {logging_mixin.py:151} INFO - [2023-08-24T04:12:36.323+0000] {dag.py:2907} INFO - Sync 2 DAGs
[2023-08-24T04:12:36.330+0000] {logging_mixin.py:151} INFO - [2023-08-24T04:12:36.330+0000] {dag.py:3677} INFO - Setting next_dagrun for example_xcom_args to None, run_after=None
[2023-08-24T04:12:36.333+0000] {logging_mixin.py:151} INFO - [2023-08-24T04:12:36.333+0000] {dag.py:3677} INFO - Setting next_dagrun for example_xcom_args_with_operators to None, run_after=None
[2023-08-24T04:12:36.344+0000] {processor.py:179} INFO - Processing /home/airflow/.local/lib/python3.8/site-packages/airflow/example_dags/example_xcomargs.py took 0.052 seconds
[2023-08-24T04:13:07.154+0000] {processor.py:157} INFO - Started process (PID=1681) to work on /home/airflow/.local/lib/python3.8/site-packages/airflow/example_dags/example_xcomargs.py
[2023-08-24T04:13:07.155+0000] {processor.py:829} INFO - Processing file /home/airflow/.local/lib/python3.8/site-packages/airflow/example_dags/example_xcomargs.py for tasks to queue
[2023-08-24T04:13:07.158+0000] {logging_mixin.py:151} INFO - [2023-08-24T04:13:07.157+0000] {dagbag.py:539} INFO - Filling up the DagBag from /home/airflow/.local/lib/python3.8/site-packages/airflow/example_dags/example_xcomargs.py
[2023-08-24T04:13:07.164+0000] {processor.py:839} INFO - DAG(s) dict_keys(['example_xcom_args', 'example_xcom_args_with_operators']) retrieved from /home/airflow/.local/lib/python3.8/site-packages/airflow/example_dags/example_xcomargs.py
[2023-08-24T04:13:07.182+0000] {logging_mixin.py:151} INFO - [2023-08-24T04:13:07.182+0000] {dag.py:2907} INFO - Sync 2 DAGs
[2023-08-24T04:13:07.190+0000] {logging_mixin.py:151} INFO - [2023-08-24T04:13:07.190+0000] {dag.py:3677} INFO - Setting next_dagrun for example_xcom_args to None, run_after=None
[2023-08-24T04:13:07.192+0000] {logging_mixin.py:151} INFO - [2023-08-24T04:13:07.192+0000] {dag.py:3677} INFO - Setting next_dagrun for example_xcom_args_with_operators to None, run_after=None
[2023-08-24T04:13:07.202+0000] {processor.py:179} INFO - Processing /home/airflow/.local/lib/python3.8/site-packages/airflow/example_dags/example_xcomargs.py took 0.051 seconds
[2023-08-24T04:13:37.803+0000] {processor.py:157} INFO - Started process (PID=1744) to work on /home/airflow/.local/lib/python3.8/site-packages/airflow/example_dags/example_xcomargs.py
[2023-08-24T04:13:37.804+0000] {processor.py:829} INFO - Processing file /home/airflow/.local/lib/python3.8/site-packages/airflow/example_dags/example_xcomargs.py for tasks to queue
[2023-08-24T04:13:37.807+0000] {logging_mixin.py:151} INFO - [2023-08-24T04:13:37.806+0000] {dagbag.py:539} INFO - Filling up the DagBag from /home/airflow/.local/lib/python3.8/site-packages/airflow/example_dags/example_xcomargs.py
[2023-08-24T04:13:37.813+0000] {processor.py:839} INFO - DAG(s) dict_keys(['example_xcom_args_with_operators', 'example_xcom_args']) retrieved from /home/airflow/.local/lib/python3.8/site-packages/airflow/example_dags/example_xcomargs.py
[2023-08-24T04:13:37.833+0000] {logging_mixin.py:151} INFO - [2023-08-24T04:13:37.833+0000] {dag.py:2907} INFO - Sync 2 DAGs
[2023-08-24T04:13:37.842+0000] {logging_mixin.py:151} INFO - [2023-08-24T04:13:37.842+0000] {dag.py:3677} INFO - Setting next_dagrun for example_xcom_args to None, run_after=None
[2023-08-24T04:13:37.844+0000] {logging_mixin.py:151} INFO - [2023-08-24T04:13:37.844+0000] {dag.py:3677} INFO - Setting next_dagrun for example_xcom_args_with_operators to None, run_after=None
[2023-08-24T04:13:37.854+0000] {processor.py:179} INFO - Processing /home/airflow/.local/lib/python3.8/site-packages/airflow/example_dags/example_xcomargs.py took 0.054 seconds
[2023-08-24T04:14:08.639+0000] {processor.py:157} INFO - Started process (PID=1807) to work on /home/airflow/.local/lib/python3.8/site-packages/airflow/example_dags/example_xcomargs.py
[2023-08-24T04:14:08.640+0000] {processor.py:829} INFO - Processing file /home/airflow/.local/lib/python3.8/site-packages/airflow/example_dags/example_xcomargs.py for tasks to queue
[2023-08-24T04:14:08.643+0000] {logging_mixin.py:151} INFO - [2023-08-24T04:14:08.643+0000] {dagbag.py:539} INFO - Filling up the DagBag from /home/airflow/.local/lib/python3.8/site-packages/airflow/example_dags/example_xcomargs.py
[2023-08-24T04:14:08.650+0000] {processor.py:839} INFO - DAG(s) dict_keys(['example_xcom_args', 'example_xcom_args_with_operators']) retrieved from /home/airflow/.local/lib/python3.8/site-packages/airflow/example_dags/example_xcomargs.py
[2023-08-24T04:14:08.669+0000] {logging_mixin.py:151} INFO - [2023-08-24T04:14:08.669+0000] {dag.py:2907} INFO - Sync 2 DAGs
[2023-08-24T04:14:08.677+0000] {logging_mixin.py:151} INFO - [2023-08-24T04:14:08.677+0000] {dag.py:3677} INFO - Setting next_dagrun for example_xcom_args to None, run_after=None
[2023-08-24T04:14:08.679+0000] {logging_mixin.py:151} INFO - [2023-08-24T04:14:08.679+0000] {dag.py:3677} INFO - Setting next_dagrun for example_xcom_args_with_operators to None, run_after=None
[2023-08-24T04:14:08.690+0000] {processor.py:179} INFO - Processing /home/airflow/.local/lib/python3.8/site-packages/airflow/example_dags/example_xcomargs.py took 0.053 seconds
[2023-08-24T04:14:38.736+0000] {processor.py:157} INFO - Started process (PID=1870) to work on /home/airflow/.local/lib/python3.8/site-packages/airflow/example_dags/example_xcomargs.py
[2023-08-24T04:14:38.737+0000] {processor.py:829} INFO - Processing file /home/airflow/.local/lib/python3.8/site-packages/airflow/example_dags/example_xcomargs.py for tasks to queue
[2023-08-24T04:14:38.739+0000] {logging_mixin.py:151} INFO - [2023-08-24T04:14:38.738+0000] {dagbag.py:539} INFO - Filling up the DagBag from /home/airflow/.local/lib/python3.8/site-packages/airflow/example_dags/example_xcomargs.py
[2023-08-24T04:14:38.745+0000] {processor.py:839} INFO - DAG(s) dict_keys(['example_xcom_args_with_operators', 'example_xcom_args']) retrieved from /home/airflow/.local/lib/python3.8/site-packages/airflow/example_dags/example_xcomargs.py
[2023-08-24T04:14:38.763+0000] {logging_mixin.py:151} INFO - [2023-08-24T04:14:38.763+0000] {dag.py:2907} INFO - Sync 2 DAGs
[2023-08-24T04:14:38.772+0000] {logging_mixin.py:151} INFO - [2023-08-24T04:14:38.772+0000] {dag.py:3677} INFO - Setting next_dagrun for example_xcom_args to None, run_after=None
[2023-08-24T04:14:38.774+0000] {logging_mixin.py:151} INFO - [2023-08-24T04:14:38.774+0000] {dag.py:3677} INFO - Setting next_dagrun for example_xcom_args_with_operators to None, run_after=None
[2023-08-24T04:14:38.785+0000] {processor.py:179} INFO - Processing /home/airflow/.local/lib/python3.8/site-packages/airflow/example_dags/example_xcomargs.py took 0.052 seconds
[2023-08-24T04:15:09.636+0000] {processor.py:157} INFO - Started process (PID=1933) to work on /home/airflow/.local/lib/python3.8/site-packages/airflow/example_dags/example_xcomargs.py
[2023-08-24T04:15:09.637+0000] {processor.py:829} INFO - Processing file /home/airflow/.local/lib/python3.8/site-packages/airflow/example_dags/example_xcomargs.py for tasks to queue
[2023-08-24T04:15:09.639+0000] {logging_mixin.py:151} INFO - [2023-08-24T04:15:09.639+0000] {dagbag.py:539} INFO - Filling up the DagBag from /home/airflow/.local/lib/python3.8/site-packages/airflow/example_dags/example_xcomargs.py
[2023-08-24T04:15:09.645+0000] {processor.py:839} INFO - DAG(s) dict_keys(['example_xcom_args', 'example_xcom_args_with_operators']) retrieved from /home/airflow/.local/lib/python3.8/site-packages/airflow/example_dags/example_xcomargs.py
[2023-08-24T04:15:09.664+0000] {logging_mixin.py:151} INFO - [2023-08-24T04:15:09.664+0000] {dag.py:2907} INFO - Sync 2 DAGs
[2023-08-24T04:15:09.671+0000] {logging_mixin.py:151} INFO - [2023-08-24T04:15:09.671+0000] {dag.py:3677} INFO - Setting next_dagrun for example_xcom_args to None, run_after=None
[2023-08-24T04:15:09.674+0000] {logging_mixin.py:151} INFO - [2023-08-24T04:15:09.674+0000] {dag.py:3677} INFO - Setting next_dagrun for example_xcom_args_with_operators to None, run_after=None
[2023-08-24T04:15:09.684+0000] {processor.py:179} INFO - Processing /home/airflow/.local/lib/python3.8/site-packages/airflow/example_dags/example_xcomargs.py took 0.051 seconds
[2023-08-24T04:15:40.530+0000] {processor.py:157} INFO - Started process (PID=1995) to work on /home/airflow/.local/lib/python3.8/site-packages/airflow/example_dags/example_xcomargs.py
[2023-08-24T04:15:40.531+0000] {processor.py:829} INFO - Processing file /home/airflow/.local/lib/python3.8/site-packages/airflow/example_dags/example_xcomargs.py for tasks to queue
[2023-08-24T04:15:40.534+0000] {logging_mixin.py:151} INFO - [2023-08-24T04:15:40.533+0000] {dagbag.py:539} INFO - Filling up the DagBag from /home/airflow/.local/lib/python3.8/site-packages/airflow/example_dags/example_xcomargs.py
[2023-08-24T04:15:40.539+0000] {processor.py:839} INFO - DAG(s) dict_keys(['example_xcom_args_with_operators', 'example_xcom_args']) retrieved from /home/airflow/.local/lib/python3.8/site-packages/airflow/example_dags/example_xcomargs.py
[2023-08-24T04:15:40.558+0000] {logging_mixin.py:151} INFO - [2023-08-24T04:15:40.558+0000] {dag.py:2907} INFO - Sync 2 DAGs
[2023-08-24T04:15:40.567+0000] {logging_mixin.py:151} INFO - [2023-08-24T04:15:40.567+0000] {dag.py:3677} INFO - Setting next_dagrun for example_xcom_args to None, run_after=None
[2023-08-24T04:15:40.569+0000] {logging_mixin.py:151} INFO - [2023-08-24T04:15:40.569+0000] {dag.py:3677} INFO - Setting next_dagrun for example_xcom_args_with_operators to None, run_after=None
[2023-08-24T04:15:40.578+0000] {processor.py:179} INFO - Processing /home/airflow/.local/lib/python3.8/site-packages/airflow/example_dags/example_xcomargs.py took 0.051 seconds
[2023-08-24T04:16:11.286+0000] {processor.py:157} INFO - Started process (PID=2058) to work on /home/airflow/.local/lib/python3.8/site-packages/airflow/example_dags/example_xcomargs.py
[2023-08-24T04:16:11.287+0000] {processor.py:829} INFO - Processing file /home/airflow/.local/lib/python3.8/site-packages/airflow/example_dags/example_xcomargs.py for tasks to queue
[2023-08-24T04:16:11.290+0000] {logging_mixin.py:151} INFO - [2023-08-24T04:16:11.289+0000] {dagbag.py:539} INFO - Filling up the DagBag from /home/airflow/.local/lib/python3.8/site-packages/airflow/example_dags/example_xcomargs.py
[2023-08-24T04:16:11.295+0000] {processor.py:839} INFO - DAG(s) dict_keys(['example_xcom_args_with_operators', 'example_xcom_args']) retrieved from /home/airflow/.local/lib/python3.8/site-packages/airflow/example_dags/example_xcomargs.py
[2023-08-24T04:16:11.314+0000] {logging_mixin.py:151} INFO - [2023-08-24T04:16:11.314+0000] {dag.py:2907} INFO - Sync 2 DAGs
[2023-08-24T04:16:11.321+0000] {logging_mixin.py:151} INFO - [2023-08-24T04:16:11.321+0000] {dag.py:3677} INFO - Setting next_dagrun for example_xcom_args to None, run_after=None
[2023-08-24T04:16:11.323+0000] {logging_mixin.py:151} INFO - [2023-08-24T04:16:11.323+0000] {dag.py:3677} INFO - Setting next_dagrun for example_xcom_args_with_operators to None, run_after=None
[2023-08-24T04:16:11.333+0000] {processor.py:179} INFO - Processing /home/airflow/.local/lib/python3.8/site-packages/airflow/example_dags/example_xcomargs.py took 0.050 seconds
[2023-08-24T04:16:42.040+0000] {processor.py:157} INFO - Started process (PID=2121) to work on /home/airflow/.local/lib/python3.8/site-packages/airflow/example_dags/example_xcomargs.py
[2023-08-24T04:16:42.042+0000] {processor.py:829} INFO - Processing file /home/airflow/.local/lib/python3.8/site-packages/airflow/example_dags/example_xcomargs.py for tasks to queue
[2023-08-24T04:16:42.044+0000] {logging_mixin.py:151} INFO - [2023-08-24T04:16:42.043+0000] {dagbag.py:539} INFO - Filling up the DagBag from /home/airflow/.local/lib/python3.8/site-packages/airflow/example_dags/example_xcomargs.py
[2023-08-24T04:16:42.049+0000] {processor.py:839} INFO - DAG(s) dict_keys(['example_xcom_args_with_operators', 'example_xcom_args']) retrieved from /home/airflow/.local/lib/python3.8/site-packages/airflow/example_dags/example_xcomargs.py
[2023-08-24T04:16:42.067+0000] {logging_mixin.py:151} INFO - [2023-08-24T04:16:42.067+0000] {dag.py:2907} INFO - Sync 2 DAGs
[2023-08-24T04:16:42.075+0000] {logging_mixin.py:151} INFO - [2023-08-24T04:16:42.075+0000] {dag.py:3677} INFO - Setting next_dagrun for example_xcom_args to None, run_after=None
[2023-08-24T04:16:42.077+0000] {logging_mixin.py:151} INFO - [2023-08-24T04:16:42.077+0000] {dag.py:3677} INFO - Setting next_dagrun for example_xcom_args_with_operators to None, run_after=None
[2023-08-24T04:16:42.087+0000] {processor.py:179} INFO - Processing /home/airflow/.local/lib/python3.8/site-packages/airflow/example_dags/example_xcomargs.py took 0.049 seconds
[2023-08-24T04:17:12.853+0000] {processor.py:157} INFO - Started process (PID=2191) to work on /home/airflow/.local/lib/python3.8/site-packages/airflow/example_dags/example_xcomargs.py
[2023-08-24T04:17:12.854+0000] {processor.py:829} INFO - Processing file /home/airflow/.local/lib/python3.8/site-packages/airflow/example_dags/example_xcomargs.py for tasks to queue
[2023-08-24T04:17:12.856+0000] {logging_mixin.py:151} INFO - [2023-08-24T04:17:12.856+0000] {dagbag.py:539} INFO - Filling up the DagBag from /home/airflow/.local/lib/python3.8/site-packages/airflow/example_dags/example_xcomargs.py
[2023-08-24T04:17:12.862+0000] {processor.py:839} INFO - DAG(s) dict_keys(['example_xcom_args', 'example_xcom_args_with_operators']) retrieved from /home/airflow/.local/lib/python3.8/site-packages/airflow/example_dags/example_xcomargs.py
[2023-08-24T04:17:12.880+0000] {logging_mixin.py:151} INFO - [2023-08-24T04:17:12.880+0000] {dag.py:2907} INFO - Sync 2 DAGs
[2023-08-24T04:17:12.888+0000] {logging_mixin.py:151} INFO - [2023-08-24T04:17:12.888+0000] {dag.py:3677} INFO - Setting next_dagrun for example_xcom_args to None, run_after=None
[2023-08-24T04:17:12.890+0000] {logging_mixin.py:151} INFO - [2023-08-24T04:17:12.890+0000] {dag.py:3677} INFO - Setting next_dagrun for example_xcom_args_with_operators to None, run_after=None
[2023-08-24T04:17:12.900+0000] {processor.py:179} INFO - Processing /home/airflow/.local/lib/python3.8/site-packages/airflow/example_dags/example_xcomargs.py took 0.050 seconds
[2023-08-24T04:17:43.131+0000] {processor.py:157} INFO - Started process (PID=2258) to work on /home/airflow/.local/lib/python3.8/site-packages/airflow/example_dags/example_xcomargs.py
[2023-08-24T04:17:43.132+0000] {processor.py:829} INFO - Processing file /home/airflow/.local/lib/python3.8/site-packages/airflow/example_dags/example_xcomargs.py for tasks to queue
[2023-08-24T04:17:43.134+0000] {logging_mixin.py:151} INFO - [2023-08-24T04:17:43.134+0000] {dagbag.py:539} INFO - Filling up the DagBag from /home/airflow/.local/lib/python3.8/site-packages/airflow/example_dags/example_xcomargs.py
[2023-08-24T04:17:43.139+0000] {processor.py:839} INFO - DAG(s) dict_keys(['example_xcom_args_with_operators', 'example_xcom_args']) retrieved from /home/airflow/.local/lib/python3.8/site-packages/airflow/example_dags/example_xcomargs.py
[2023-08-24T04:17:43.157+0000] {logging_mixin.py:151} INFO - [2023-08-24T04:17:43.157+0000] {dag.py:2907} INFO - Sync 2 DAGs
[2023-08-24T04:17:43.165+0000] {logging_mixin.py:151} INFO - [2023-08-24T04:17:43.165+0000] {dag.py:3677} INFO - Setting next_dagrun for example_xcom_args to None, run_after=None
[2023-08-24T04:17:43.167+0000] {logging_mixin.py:151} INFO - [2023-08-24T04:17:43.167+0000] {dag.py:3677} INFO - Setting next_dagrun for example_xcom_args_with_operators to None, run_after=None
[2023-08-24T04:17:43.176+0000] {processor.py:179} INFO - Processing /home/airflow/.local/lib/python3.8/site-packages/airflow/example_dags/example_xcomargs.py took 0.047 seconds
[2023-08-24T04:18:13.958+0000] {processor.py:157} INFO - Started process (PID=2320) to work on /home/airflow/.local/lib/python3.8/site-packages/airflow/example_dags/example_xcomargs.py
[2023-08-24T04:18:13.959+0000] {processor.py:829} INFO - Processing file /home/airflow/.local/lib/python3.8/site-packages/airflow/example_dags/example_xcomargs.py for tasks to queue
[2023-08-24T04:18:13.961+0000] {logging_mixin.py:151} INFO - [2023-08-24T04:18:13.961+0000] {dagbag.py:539} INFO - Filling up the DagBag from /home/airflow/.local/lib/python3.8/site-packages/airflow/example_dags/example_xcomargs.py
[2023-08-24T04:18:13.967+0000] {processor.py:839} INFO - DAG(s) dict_keys(['example_xcom_args_with_operators', 'example_xcom_args']) retrieved from /home/airflow/.local/lib/python3.8/site-packages/airflow/example_dags/example_xcomargs.py
[2023-08-24T04:18:13.985+0000] {logging_mixin.py:151} INFO - [2023-08-24T04:18:13.985+0000] {dag.py:2907} INFO - Sync 2 DAGs
[2023-08-24T04:18:13.992+0000] {logging_mixin.py:151} INFO - [2023-08-24T04:18:13.992+0000] {dag.py:3677} INFO - Setting next_dagrun for example_xcom_args to None, run_after=None
[2023-08-24T04:18:13.995+0000] {logging_mixin.py:151} INFO - [2023-08-24T04:18:13.994+0000] {dag.py:3677} INFO - Setting next_dagrun for example_xcom_args_with_operators to None, run_after=None
[2023-08-24T04:18:14.005+0000] {processor.py:179} INFO - Processing /home/airflow/.local/lib/python3.8/site-packages/airflow/example_dags/example_xcomargs.py took 0.050 seconds
[2023-08-24T04:24:29.348+0000] {processor.py:157} INFO - Started process (PID=44) to work on /home/airflow/.local/lib/python3.8/site-packages/airflow/example_dags/example_xcomargs.py
[2023-08-24T04:24:29.350+0000] {processor.py:829} INFO - Processing file /home/airflow/.local/lib/python3.8/site-packages/airflow/example_dags/example_xcomargs.py for tasks to queue
[2023-08-24T04:24:29.352+0000] {logging_mixin.py:151} INFO - [2023-08-24T04:24:29.352+0000] {dagbag.py:539} INFO - Filling up the DagBag from /home/airflow/.local/lib/python3.8/site-packages/airflow/example_dags/example_xcomargs.py
[2023-08-24T04:24:29.367+0000] {processor.py:839} INFO - DAG(s) dict_keys(['example_xcom_args', 'example_xcom_args_with_operators']) retrieved from /home/airflow/.local/lib/python3.8/site-packages/airflow/example_dags/example_xcomargs.py
[2023-08-24T04:24:29.385+0000] {logging_mixin.py:151} INFO - [2023-08-24T04:24:29.385+0000] {dag.py:2907} INFO - Sync 2 DAGs
[2023-08-24T04:24:29.395+0000] {logging_mixin.py:151} INFO - [2023-08-24T04:24:29.395+0000] {dag.py:3677} INFO - Setting next_dagrun for example_xcom_args to None, run_after=None
[2023-08-24T04:24:29.401+0000] {logging_mixin.py:151} INFO - [2023-08-24T04:24:29.401+0000] {dag.py:3677} INFO - Setting next_dagrun for example_xcom_args_with_operators to None, run_after=None
[2023-08-24T04:24:29.412+0000] {processor.py:179} INFO - Processing /home/airflow/.local/lib/python3.8/site-packages/airflow/example_dags/example_xcomargs.py took 0.067 seconds
[2023-08-24T04:24:59.538+0000] {processor.py:157} INFO - Started process (PID=107) to work on /home/airflow/.local/lib/python3.8/site-packages/airflow/example_dags/example_xcomargs.py
[2023-08-24T04:24:59.539+0000] {processor.py:829} INFO - Processing file /home/airflow/.local/lib/python3.8/site-packages/airflow/example_dags/example_xcomargs.py for tasks to queue
[2023-08-24T04:24:59.542+0000] {logging_mixin.py:151} INFO - [2023-08-24T04:24:59.541+0000] {dagbag.py:539} INFO - Filling up the DagBag from /home/airflow/.local/lib/python3.8/site-packages/airflow/example_dags/example_xcomargs.py
[2023-08-24T04:24:59.548+0000] {processor.py:839} INFO - DAG(s) dict_keys(['example_xcom_args', 'example_xcom_args_with_operators']) retrieved from /home/airflow/.local/lib/python3.8/site-packages/airflow/example_dags/example_xcomargs.py
[2023-08-24T04:24:59.566+0000] {logging_mixin.py:151} INFO - [2023-08-24T04:24:59.566+0000] {dag.py:2907} INFO - Sync 2 DAGs
[2023-08-24T04:24:59.574+0000] {logging_mixin.py:151} INFO - [2023-08-24T04:24:59.574+0000] {dag.py:3677} INFO - Setting next_dagrun for example_xcom_args to None, run_after=None
[2023-08-24T04:24:59.576+0000] {logging_mixin.py:151} INFO - [2023-08-24T04:24:59.576+0000] {dag.py:3677} INFO - Setting next_dagrun for example_xcom_args_with_operators to None, run_after=None
[2023-08-24T04:24:59.585+0000] {processor.py:179} INFO - Processing /home/airflow/.local/lib/python3.8/site-packages/airflow/example_dags/example_xcomargs.py took 0.050 seconds
[2023-08-24T04:26:39.433+0000] {processor.py:157} INFO - Started process (PID=44) to work on /home/airflow/.local/lib/python3.8/site-packages/airflow/example_dags/example_xcomargs.py
[2023-08-24T04:26:39.434+0000] {processor.py:829} INFO - Processing file /home/airflow/.local/lib/python3.8/site-packages/airflow/example_dags/example_xcomargs.py for tasks to queue
[2023-08-24T04:26:39.436+0000] {logging_mixin.py:151} INFO - [2023-08-24T04:26:39.436+0000] {dagbag.py:539} INFO - Filling up the DagBag from /home/airflow/.local/lib/python3.8/site-packages/airflow/example_dags/example_xcomargs.py
[2023-08-24T04:26:39.445+0000] {processor.py:839} INFO - DAG(s) dict_keys(['example_xcom_args', 'example_xcom_args_with_operators']) retrieved from /home/airflow/.local/lib/python3.8/site-packages/airflow/example_dags/example_xcomargs.py
[2023-08-24T04:26:39.468+0000] {logging_mixin.py:151} INFO - [2023-08-24T04:26:39.468+0000] {dag.py:2907} INFO - Sync 2 DAGs
[2023-08-24T04:26:39.482+0000] {logging_mixin.py:151} INFO - [2023-08-24T04:26:39.481+0000] {dag.py:3677} INFO - Setting next_dagrun for example_xcom_args to None, run_after=None
[2023-08-24T04:26:39.491+0000] {logging_mixin.py:151} INFO - [2023-08-24T04:26:39.491+0000] {dag.py:3677} INFO - Setting next_dagrun for example_xcom_args_with_operators to None, run_after=None
[2023-08-24T04:26:39.503+0000] {processor.py:179} INFO - Processing /home/airflow/.local/lib/python3.8/site-packages/airflow/example_dags/example_xcomargs.py took 0.073 seconds
[2023-08-24T04:27:09.535+0000] {processor.py:157} INFO - Started process (PID=106) to work on /home/airflow/.local/lib/python3.8/site-packages/airflow/example_dags/example_xcomargs.py
[2023-08-24T04:27:09.536+0000] {processor.py:829} INFO - Processing file /home/airflow/.local/lib/python3.8/site-packages/airflow/example_dags/example_xcomargs.py for tasks to queue
[2023-08-24T04:27:09.538+0000] {logging_mixin.py:151} INFO - [2023-08-24T04:27:09.538+0000] {dagbag.py:539} INFO - Filling up the DagBag from /home/airflow/.local/lib/python3.8/site-packages/airflow/example_dags/example_xcomargs.py
[2023-08-24T04:27:09.544+0000] {processor.py:839} INFO - DAG(s) dict_keys(['example_xcom_args_with_operators', 'example_xcom_args']) retrieved from /home/airflow/.local/lib/python3.8/site-packages/airflow/example_dags/example_xcomargs.py
[2023-08-24T04:27:09.561+0000] {logging_mixin.py:151} INFO - [2023-08-24T04:27:09.561+0000] {dag.py:2907} INFO - Sync 2 DAGs
[2023-08-24T04:27:09.568+0000] {logging_mixin.py:151} INFO - [2023-08-24T04:27:09.568+0000] {dag.py:3677} INFO - Setting next_dagrun for example_xcom_args to None, run_after=None
[2023-08-24T04:27:09.570+0000] {logging_mixin.py:151} INFO - [2023-08-24T04:27:09.570+0000] {dag.py:3677} INFO - Setting next_dagrun for example_xcom_args_with_operators to None, run_after=None
[2023-08-24T04:27:09.579+0000] {processor.py:179} INFO - Processing /home/airflow/.local/lib/python3.8/site-packages/airflow/example_dags/example_xcomargs.py took 0.047 seconds
