[2023-08-24T03:04:54.777+0000] {processor.py:157} INFO - Started process (PID=71) to work on /home/airflow/.local/lib/python3.8/site-packages/airflow/example_dags/example_branch_operator.py
[2023-08-24T03:04:54.778+0000] {processor.py:829} INFO - Processing file /home/airflow/.local/lib/python3.8/site-packages/airflow/example_dags/example_branch_operator.py for tasks to queue
[2023-08-24T03:04:54.781+0000] {logging_mixin.py:151} INFO - [2023-08-24T03:04:54.780+0000] {dagbag.py:539} INFO - Filling up the DagBag from /home/airflow/.local/lib/python3.8/site-packages/airflow/example_dags/example_branch_operator.py
[2023-08-24T03:04:54.789+0000] {processor.py:839} INFO - DAG(s) dict_keys(['example_branch_operator']) retrieved from /home/airflow/.local/lib/python3.8/site-packages/airflow/example_dags/example_branch_operator.py
[2023-08-24T03:04:54.802+0000] {logging_mixin.py:151} INFO - [2023-08-24T03:04:54.802+0000] {dag.py:2907} INFO - Sync 1 DAGs
[2023-08-24T03:04:54.818+0000] {logging_mixin.py:151} INFO - [2023-08-24T03:04:54.818+0000] {dag.py:3677} INFO - Setting next_dagrun for example_branch_operator to 2023-08-23T00:00:00+00:00, run_after=2023-08-24T00:00:00+00:00
[2023-08-24T03:04:54.829+0000] {processor.py:179} INFO - Processing /home/airflow/.local/lib/python3.8/site-packages/airflow/example_dags/example_branch_operator.py took 0.055 seconds
[2023-08-24T03:05:25.149+0000] {processor.py:157} INFO - Started process (PID=134) to work on /home/airflow/.local/lib/python3.8/site-packages/airflow/example_dags/example_branch_operator.py
[2023-08-24T03:05:25.151+0000] {processor.py:829} INFO - Processing file /home/airflow/.local/lib/python3.8/site-packages/airflow/example_dags/example_branch_operator.py for tasks to queue
[2023-08-24T03:05:25.155+0000] {logging_mixin.py:151} INFO - [2023-08-24T03:05:25.155+0000] {dagbag.py:539} INFO - Filling up the DagBag from /home/airflow/.local/lib/python3.8/site-packages/airflow/example_dags/example_branch_operator.py
[2023-08-24T03:05:25.163+0000] {processor.py:839} INFO - DAG(s) dict_keys(['example_branch_operator']) retrieved from /home/airflow/.local/lib/python3.8/site-packages/airflow/example_dags/example_branch_operator.py
[2023-08-24T03:05:25.193+0000] {logging_mixin.py:151} INFO - [2023-08-24T03:05:25.193+0000] {dag.py:2907} INFO - Sync 1 DAGs
[2023-08-24T03:05:25.209+0000] {logging_mixin.py:151} INFO - [2023-08-24T03:05:25.209+0000] {dag.py:3677} INFO - Setting next_dagrun for example_branch_operator to 2023-08-23T00:00:00+00:00, run_after=2023-08-24T00:00:00+00:00
[2023-08-24T03:05:25.221+0000] {processor.py:179} INFO - Processing /home/airflow/.local/lib/python3.8/site-packages/airflow/example_dags/example_branch_operator.py took 0.075 seconds
[2023-08-24T03:05:56.095+0000] {processor.py:157} INFO - Started process (PID=197) to work on /home/airflow/.local/lib/python3.8/site-packages/airflow/example_dags/example_branch_operator.py
[2023-08-24T03:05:56.097+0000] {processor.py:829} INFO - Processing file /home/airflow/.local/lib/python3.8/site-packages/airflow/example_dags/example_branch_operator.py for tasks to queue
[2023-08-24T03:05:56.099+0000] {logging_mixin.py:151} INFO - [2023-08-24T03:05:56.099+0000] {dagbag.py:539} INFO - Filling up the DagBag from /home/airflow/.local/lib/python3.8/site-packages/airflow/example_dags/example_branch_operator.py
[2023-08-24T03:05:56.105+0000] {processor.py:839} INFO - DAG(s) dict_keys(['example_branch_operator']) retrieved from /home/airflow/.local/lib/python3.8/site-packages/airflow/example_dags/example_branch_operator.py
[2023-08-24T03:05:56.123+0000] {logging_mixin.py:151} INFO - [2023-08-24T03:05:56.123+0000] {dag.py:2907} INFO - Sync 1 DAGs
[2023-08-24T03:05:56.137+0000] {logging_mixin.py:151} INFO - [2023-08-24T03:05:56.136+0000] {dag.py:3677} INFO - Setting next_dagrun for example_branch_operator to 2023-08-23T00:00:00+00:00, run_after=2023-08-24T00:00:00+00:00
[2023-08-24T03:05:56.147+0000] {processor.py:179} INFO - Processing /home/airflow/.local/lib/python3.8/site-packages/airflow/example_dags/example_branch_operator.py took 0.055 seconds
[2023-08-24T03:06:27.078+0000] {processor.py:157} INFO - Started process (PID=260) to work on /home/airflow/.local/lib/python3.8/site-packages/airflow/example_dags/example_branch_operator.py
[2023-08-24T03:06:27.079+0000] {processor.py:829} INFO - Processing file /home/airflow/.local/lib/python3.8/site-packages/airflow/example_dags/example_branch_operator.py for tasks to queue
[2023-08-24T03:06:27.081+0000] {logging_mixin.py:151} INFO - [2023-08-24T03:06:27.081+0000] {dagbag.py:539} INFO - Filling up the DagBag from /home/airflow/.local/lib/python3.8/site-packages/airflow/example_dags/example_branch_operator.py
[2023-08-24T03:06:27.088+0000] {processor.py:839} INFO - DAG(s) dict_keys(['example_branch_operator']) retrieved from /home/airflow/.local/lib/python3.8/site-packages/airflow/example_dags/example_branch_operator.py
[2023-08-24T03:06:27.106+0000] {logging_mixin.py:151} INFO - [2023-08-24T03:06:27.106+0000] {dag.py:2907} INFO - Sync 1 DAGs
[2023-08-24T03:06:27.120+0000] {logging_mixin.py:151} INFO - [2023-08-24T03:06:27.120+0000] {dag.py:3677} INFO - Setting next_dagrun for example_branch_operator to 2023-08-23T00:00:00+00:00, run_after=2023-08-24T00:00:00+00:00
[2023-08-24T03:06:27.130+0000] {processor.py:179} INFO - Processing /home/airflow/.local/lib/python3.8/site-packages/airflow/example_dags/example_branch_operator.py took 0.055 seconds
[2023-08-24T03:06:57.955+0000] {processor.py:157} INFO - Started process (PID=323) to work on /home/airflow/.local/lib/python3.8/site-packages/airflow/example_dags/example_branch_operator.py
[2023-08-24T03:06:57.956+0000] {processor.py:829} INFO - Processing file /home/airflow/.local/lib/python3.8/site-packages/airflow/example_dags/example_branch_operator.py for tasks to queue
[2023-08-24T03:06:57.959+0000] {logging_mixin.py:151} INFO - [2023-08-24T03:06:57.958+0000] {dagbag.py:539} INFO - Filling up the DagBag from /home/airflow/.local/lib/python3.8/site-packages/airflow/example_dags/example_branch_operator.py
[2023-08-24T03:06:57.966+0000] {processor.py:839} INFO - DAG(s) dict_keys(['example_branch_operator']) retrieved from /home/airflow/.local/lib/python3.8/site-packages/airflow/example_dags/example_branch_operator.py
[2023-08-24T03:06:57.986+0000] {logging_mixin.py:151} INFO - [2023-08-24T03:06:57.986+0000] {dag.py:2907} INFO - Sync 1 DAGs
[2023-08-24T03:06:58.000+0000] {logging_mixin.py:151} INFO - [2023-08-24T03:06:58.000+0000] {dag.py:3677} INFO - Setting next_dagrun for example_branch_operator to 2023-08-23T00:00:00+00:00, run_after=2023-08-24T00:00:00+00:00
[2023-08-24T03:06:58.011+0000] {processor.py:179} INFO - Processing /home/airflow/.local/lib/python3.8/site-packages/airflow/example_dags/example_branch_operator.py took 0.059 seconds
[2023-08-24T03:07:28.696+0000] {processor.py:157} INFO - Started process (PID=390) to work on /home/airflow/.local/lib/python3.8/site-packages/airflow/example_dags/example_branch_operator.py
[2023-08-24T03:07:28.697+0000] {processor.py:829} INFO - Processing file /home/airflow/.local/lib/python3.8/site-packages/airflow/example_dags/example_branch_operator.py for tasks to queue
[2023-08-24T03:07:28.699+0000] {logging_mixin.py:151} INFO - [2023-08-24T03:07:28.699+0000] {dagbag.py:539} INFO - Filling up the DagBag from /home/airflow/.local/lib/python3.8/site-packages/airflow/example_dags/example_branch_operator.py
[2023-08-24T03:07:28.706+0000] {processor.py:839} INFO - DAG(s) dict_keys(['example_branch_operator']) retrieved from /home/airflow/.local/lib/python3.8/site-packages/airflow/example_dags/example_branch_operator.py
[2023-08-24T03:07:28.723+0000] {logging_mixin.py:151} INFO - [2023-08-24T03:07:28.722+0000] {dag.py:2907} INFO - Sync 1 DAGs
[2023-08-24T03:07:28.736+0000] {logging_mixin.py:151} INFO - [2023-08-24T03:07:28.736+0000] {dag.py:3677} INFO - Setting next_dagrun for example_branch_operator to 2023-08-23T00:00:00+00:00, run_after=2023-08-24T00:00:00+00:00
[2023-08-24T03:07:28.745+0000] {processor.py:179} INFO - Processing /home/airflow/.local/lib/python3.8/site-packages/airflow/example_dags/example_branch_operator.py took 0.053 seconds
[2023-08-24T03:07:59.360+0000] {processor.py:157} INFO - Started process (PID=453) to work on /home/airflow/.local/lib/python3.8/site-packages/airflow/example_dags/example_branch_operator.py
[2023-08-24T03:07:59.361+0000] {processor.py:829} INFO - Processing file /home/airflow/.local/lib/python3.8/site-packages/airflow/example_dags/example_branch_operator.py for tasks to queue
[2023-08-24T03:07:59.363+0000] {logging_mixin.py:151} INFO - [2023-08-24T03:07:59.363+0000] {dagbag.py:539} INFO - Filling up the DagBag from /home/airflow/.local/lib/python3.8/site-packages/airflow/example_dags/example_branch_operator.py
[2023-08-24T03:07:59.370+0000] {processor.py:839} INFO - DAG(s) dict_keys(['example_branch_operator']) retrieved from /home/airflow/.local/lib/python3.8/site-packages/airflow/example_dags/example_branch_operator.py
[2023-08-24T03:07:59.388+0000] {logging_mixin.py:151} INFO - [2023-08-24T03:07:59.388+0000] {dag.py:2907} INFO - Sync 1 DAGs
[2023-08-24T03:07:59.403+0000] {logging_mixin.py:151} INFO - [2023-08-24T03:07:59.403+0000] {dag.py:3677} INFO - Setting next_dagrun for example_branch_operator to 2023-08-23T00:00:00+00:00, run_after=2023-08-24T00:00:00+00:00
[2023-08-24T03:07:59.415+0000] {processor.py:179} INFO - Processing /home/airflow/.local/lib/python3.8/site-packages/airflow/example_dags/example_branch_operator.py took 0.058 seconds
[2023-08-24T03:08:30.252+0000] {processor.py:157} INFO - Started process (PID=517) to work on /home/airflow/.local/lib/python3.8/site-packages/airflow/example_dags/example_branch_operator.py
[2023-08-24T03:08:30.253+0000] {processor.py:829} INFO - Processing file /home/airflow/.local/lib/python3.8/site-packages/airflow/example_dags/example_branch_operator.py for tasks to queue
[2023-08-24T03:08:30.255+0000] {logging_mixin.py:151} INFO - [2023-08-24T03:08:30.255+0000] {dagbag.py:539} INFO - Filling up the DagBag from /home/airflow/.local/lib/python3.8/site-packages/airflow/example_dags/example_branch_operator.py
[2023-08-24T03:08:30.263+0000] {processor.py:839} INFO - DAG(s) dict_keys(['example_branch_operator']) retrieved from /home/airflow/.local/lib/python3.8/site-packages/airflow/example_dags/example_branch_operator.py
[2023-08-24T03:08:30.283+0000] {logging_mixin.py:151} INFO - [2023-08-24T03:08:30.283+0000] {dag.py:2907} INFO - Sync 1 DAGs
[2023-08-24T03:08:30.300+0000] {logging_mixin.py:151} INFO - [2023-08-24T03:08:30.300+0000] {dag.py:3677} INFO - Setting next_dagrun for example_branch_operator to 2023-08-23T00:00:00+00:00, run_after=2023-08-24T00:00:00+00:00
[2023-08-24T03:08:30.312+0000] {processor.py:179} INFO - Processing /home/airflow/.local/lib/python3.8/site-packages/airflow/example_dags/example_branch_operator.py took 0.064 seconds
[2023-08-24T03:09:01.079+0000] {processor.py:157} INFO - Started process (PID=580) to work on /home/airflow/.local/lib/python3.8/site-packages/airflow/example_dags/example_branch_operator.py
[2023-08-24T03:09:01.080+0000] {processor.py:829} INFO - Processing file /home/airflow/.local/lib/python3.8/site-packages/airflow/example_dags/example_branch_operator.py for tasks to queue
[2023-08-24T03:09:01.082+0000] {logging_mixin.py:151} INFO - [2023-08-24T03:09:01.082+0000] {dagbag.py:539} INFO - Filling up the DagBag from /home/airflow/.local/lib/python3.8/site-packages/airflow/example_dags/example_branch_operator.py
[2023-08-24T03:09:01.090+0000] {processor.py:839} INFO - DAG(s) dict_keys(['example_branch_operator']) retrieved from /home/airflow/.local/lib/python3.8/site-packages/airflow/example_dags/example_branch_operator.py
[2023-08-24T03:09:01.107+0000] {logging_mixin.py:151} INFO - [2023-08-24T03:09:01.107+0000] {dag.py:2907} INFO - Sync 1 DAGs
[2023-08-24T03:09:01.120+0000] {logging_mixin.py:151} INFO - [2023-08-24T03:09:01.120+0000] {dag.py:3677} INFO - Setting next_dagrun for example_branch_operator to 2023-08-23T00:00:00+00:00, run_after=2023-08-24T00:00:00+00:00
[2023-08-24T03:09:01.131+0000] {processor.py:179} INFO - Processing /home/airflow/.local/lib/python3.8/site-packages/airflow/example_dags/example_branch_operator.py took 0.055 seconds
[2023-08-24T03:16:30.377+0000] {processor.py:157} INFO - Started process (PID=72) to work on /home/airflow/.local/lib/python3.8/site-packages/airflow/example_dags/example_branch_operator.py
[2023-08-24T03:16:30.378+0000] {processor.py:829} INFO - Processing file /home/airflow/.local/lib/python3.8/site-packages/airflow/example_dags/example_branch_operator.py for tasks to queue
[2023-08-24T03:16:30.380+0000] {logging_mixin.py:151} INFO - [2023-08-24T03:16:30.379+0000] {dagbag.py:539} INFO - Filling up the DagBag from /home/airflow/.local/lib/python3.8/site-packages/airflow/example_dags/example_branch_operator.py
[2023-08-24T03:16:30.387+0000] {processor.py:839} INFO - DAG(s) dict_keys(['example_branch_operator']) retrieved from /home/airflow/.local/lib/python3.8/site-packages/airflow/example_dags/example_branch_operator.py
[2023-08-24T03:16:30.399+0000] {logging_mixin.py:151} INFO - [2023-08-24T03:16:30.399+0000] {dag.py:2907} INFO - Sync 1 DAGs
[2023-08-24T03:16:30.414+0000] {logging_mixin.py:151} INFO - [2023-08-24T03:16:30.414+0000] {dag.py:3677} INFO - Setting next_dagrun for example_branch_operator to 2023-08-23T00:00:00+00:00, run_after=2023-08-24T00:00:00+00:00
[2023-08-24T03:16:30.425+0000] {processor.py:179} INFO - Processing /home/airflow/.local/lib/python3.8/site-packages/airflow/example_dags/example_branch_operator.py took 0.051 seconds
[2023-08-24T03:17:00.553+0000] {processor.py:157} INFO - Started process (PID=135) to work on /home/airflow/.local/lib/python3.8/site-packages/airflow/example_dags/example_branch_operator.py
[2023-08-24T03:17:00.554+0000] {processor.py:829} INFO - Processing file /home/airflow/.local/lib/python3.8/site-packages/airflow/example_dags/example_branch_operator.py for tasks to queue
[2023-08-24T03:17:00.556+0000] {logging_mixin.py:151} INFO - [2023-08-24T03:17:00.555+0000] {dagbag.py:539} INFO - Filling up the DagBag from /home/airflow/.local/lib/python3.8/site-packages/airflow/example_dags/example_branch_operator.py
[2023-08-24T03:17:00.563+0000] {processor.py:839} INFO - DAG(s) dict_keys(['example_branch_operator']) retrieved from /home/airflow/.local/lib/python3.8/site-packages/airflow/example_dags/example_branch_operator.py
[2023-08-24T03:17:00.581+0000] {logging_mixin.py:151} INFO - [2023-08-24T03:17:00.581+0000] {dag.py:2907} INFO - Sync 1 DAGs
[2023-08-24T03:17:00.595+0000] {logging_mixin.py:151} INFO - [2023-08-24T03:17:00.595+0000] {dag.py:3677} INFO - Setting next_dagrun for example_branch_operator to 2023-08-23T00:00:00+00:00, run_after=2023-08-24T00:00:00+00:00
[2023-08-24T03:17:00.605+0000] {processor.py:179} INFO - Processing /home/airflow/.local/lib/python3.8/site-packages/airflow/example_dags/example_branch_operator.py took 0.055 seconds
[2023-08-24T03:17:31.325+0000] {processor.py:157} INFO - Started process (PID=198) to work on /home/airflow/.local/lib/python3.8/site-packages/airflow/example_dags/example_branch_operator.py
[2023-08-24T03:17:31.326+0000] {processor.py:829} INFO - Processing file /home/airflow/.local/lib/python3.8/site-packages/airflow/example_dags/example_branch_operator.py for tasks to queue
[2023-08-24T03:17:31.328+0000] {logging_mixin.py:151} INFO - [2023-08-24T03:17:31.328+0000] {dagbag.py:539} INFO - Filling up the DagBag from /home/airflow/.local/lib/python3.8/site-packages/airflow/example_dags/example_branch_operator.py
[2023-08-24T03:17:31.334+0000] {processor.py:839} INFO - DAG(s) dict_keys(['example_branch_operator']) retrieved from /home/airflow/.local/lib/python3.8/site-packages/airflow/example_dags/example_branch_operator.py
[2023-08-24T03:17:31.351+0000] {logging_mixin.py:151} INFO - [2023-08-24T03:17:31.351+0000] {dag.py:2907} INFO - Sync 1 DAGs
[2023-08-24T03:17:31.364+0000] {logging_mixin.py:151} INFO - [2023-08-24T03:17:31.364+0000] {dag.py:3677} INFO - Setting next_dagrun for example_branch_operator to 2023-08-23T00:00:00+00:00, run_after=2023-08-24T00:00:00+00:00
[2023-08-24T03:17:31.374+0000] {processor.py:179} INFO - Processing /home/airflow/.local/lib/python3.8/site-packages/airflow/example_dags/example_branch_operator.py took 0.052 seconds
[2023-08-24T03:18:02.432+0000] {processor.py:157} INFO - Started process (PID=261) to work on /home/airflow/.local/lib/python3.8/site-packages/airflow/example_dags/example_branch_operator.py
[2023-08-24T03:18:02.434+0000] {processor.py:829} INFO - Processing file /home/airflow/.local/lib/python3.8/site-packages/airflow/example_dags/example_branch_operator.py for tasks to queue
[2023-08-24T03:18:02.436+0000] {logging_mixin.py:151} INFO - [2023-08-24T03:18:02.436+0000] {dagbag.py:539} INFO - Filling up the DagBag from /home/airflow/.local/lib/python3.8/site-packages/airflow/example_dags/example_branch_operator.py
[2023-08-24T03:18:02.451+0000] {processor.py:839} INFO - DAG(s) dict_keys(['example_branch_operator']) retrieved from /home/airflow/.local/lib/python3.8/site-packages/airflow/example_dags/example_branch_operator.py
[2023-08-24T03:18:02.481+0000] {logging_mixin.py:151} INFO - [2023-08-24T03:18:02.481+0000] {dag.py:2907} INFO - Sync 1 DAGs
[2023-08-24T03:18:02.499+0000] {logging_mixin.py:151} INFO - [2023-08-24T03:18:02.499+0000] {dag.py:3677} INFO - Setting next_dagrun for example_branch_operator to 2023-08-23T00:00:00+00:00, run_after=2023-08-24T00:00:00+00:00
[2023-08-24T03:18:02.518+0000] {processor.py:179} INFO - Processing /home/airflow/.local/lib/python3.8/site-packages/airflow/example_dags/example_branch_operator.py took 0.096 seconds
[2023-08-24T03:19:16.605+0000] {processor.py:157} INFO - Started process (PID=71) to work on /home/airflow/.local/lib/python3.8/site-packages/airflow/example_dags/example_branch_operator.py
[2023-08-24T03:19:16.607+0000] {processor.py:829} INFO - Processing file /home/airflow/.local/lib/python3.8/site-packages/airflow/example_dags/example_branch_operator.py for tasks to queue
[2023-08-24T03:19:16.609+0000] {logging_mixin.py:151} INFO - [2023-08-24T03:19:16.609+0000] {dagbag.py:539} INFO - Filling up the DagBag from /home/airflow/.local/lib/python3.8/site-packages/airflow/example_dags/example_branch_operator.py
[2023-08-24T03:19:16.617+0000] {processor.py:839} INFO - DAG(s) dict_keys(['example_branch_operator']) retrieved from /home/airflow/.local/lib/python3.8/site-packages/airflow/example_dags/example_branch_operator.py
[2023-08-24T03:19:16.628+0000] {logging_mixin.py:151} INFO - [2023-08-24T03:19:16.628+0000] {dag.py:2907} INFO - Sync 1 DAGs
[2023-08-24T03:19:16.644+0000] {logging_mixin.py:151} INFO - [2023-08-24T03:19:16.644+0000] {dag.py:3677} INFO - Setting next_dagrun for example_branch_operator to 2023-08-23T00:00:00+00:00, run_after=2023-08-24T00:00:00+00:00
[2023-08-24T03:19:16.656+0000] {processor.py:179} INFO - Processing /home/airflow/.local/lib/python3.8/site-packages/airflow/example_dags/example_branch_operator.py took 0.053 seconds
[2023-08-24T03:22:57.297+0000] {processor.py:157} INFO - Started process (PID=70) to work on /home/airflow/.local/lib/python3.8/site-packages/airflow/example_dags/example_branch_operator.py
[2023-08-24T03:22:57.299+0000] {processor.py:829} INFO - Processing file /home/airflow/.local/lib/python3.8/site-packages/airflow/example_dags/example_branch_operator.py for tasks to queue
[2023-08-24T03:22:57.301+0000] {logging_mixin.py:151} INFO - [2023-08-24T03:22:57.301+0000] {dagbag.py:539} INFO - Filling up the DagBag from /home/airflow/.local/lib/python3.8/site-packages/airflow/example_dags/example_branch_operator.py
[2023-08-24T03:22:57.309+0000] {processor.py:839} INFO - DAG(s) dict_keys(['example_branch_operator']) retrieved from /home/airflow/.local/lib/python3.8/site-packages/airflow/example_dags/example_branch_operator.py
[2023-08-24T03:22:57.321+0000] {logging_mixin.py:151} INFO - [2023-08-24T03:22:57.321+0000] {dag.py:2907} INFO - Sync 1 DAGs
[2023-08-24T03:22:57.337+0000] {logging_mixin.py:151} INFO - [2023-08-24T03:22:57.337+0000] {dag.py:3677} INFO - Setting next_dagrun for example_branch_operator to 2023-08-23T00:00:00+00:00, run_after=2023-08-24T00:00:00+00:00
[2023-08-24T03:22:57.349+0000] {processor.py:179} INFO - Processing /home/airflow/.local/lib/python3.8/site-packages/airflow/example_dags/example_branch_operator.py took 0.055 seconds
[2023-08-24T03:23:27.735+0000] {processor.py:157} INFO - Started process (PID=133) to work on /home/airflow/.local/lib/python3.8/site-packages/airflow/example_dags/example_branch_operator.py
[2023-08-24T03:23:27.736+0000] {processor.py:829} INFO - Processing file /home/airflow/.local/lib/python3.8/site-packages/airflow/example_dags/example_branch_operator.py for tasks to queue
[2023-08-24T03:23:27.738+0000] {logging_mixin.py:151} INFO - [2023-08-24T03:23:27.738+0000] {dagbag.py:539} INFO - Filling up the DagBag from /home/airflow/.local/lib/python3.8/site-packages/airflow/example_dags/example_branch_operator.py
[2023-08-24T03:23:27.745+0000] {processor.py:839} INFO - DAG(s) dict_keys(['example_branch_operator']) retrieved from /home/airflow/.local/lib/python3.8/site-packages/airflow/example_dags/example_branch_operator.py
[2023-08-24T03:23:27.763+0000] {logging_mixin.py:151} INFO - [2023-08-24T03:23:27.763+0000] {dag.py:2907} INFO - Sync 1 DAGs
[2023-08-24T03:23:27.776+0000] {logging_mixin.py:151} INFO - [2023-08-24T03:23:27.776+0000] {dag.py:3677} INFO - Setting next_dagrun for example_branch_operator to 2023-08-23T00:00:00+00:00, run_after=2023-08-24T00:00:00+00:00
[2023-08-24T03:23:27.786+0000] {processor.py:179} INFO - Processing /home/airflow/.local/lib/python3.8/site-packages/airflow/example_dags/example_branch_operator.py took 0.054 seconds
[2023-08-24T03:59:49.331+0000] {processor.py:157} INFO - Started process (PID=71) to work on /home/airflow/.local/lib/python3.8/site-packages/airflow/example_dags/example_branch_operator.py
[2023-08-24T03:59:49.332+0000] {processor.py:829} INFO - Processing file /home/airflow/.local/lib/python3.8/site-packages/airflow/example_dags/example_branch_operator.py for tasks to queue
[2023-08-24T03:59:49.334+0000] {logging_mixin.py:151} INFO - [2023-08-24T03:59:49.334+0000] {dagbag.py:539} INFO - Filling up the DagBag from /home/airflow/.local/lib/python3.8/site-packages/airflow/example_dags/example_branch_operator.py
[2023-08-24T03:59:49.343+0000] {processor.py:839} INFO - DAG(s) dict_keys(['example_branch_operator']) retrieved from /home/airflow/.local/lib/python3.8/site-packages/airflow/example_dags/example_branch_operator.py
[2023-08-24T03:59:49.355+0000] {logging_mixin.py:151} INFO - [2023-08-24T03:59:49.355+0000] {dag.py:2907} INFO - Sync 1 DAGs
[2023-08-24T03:59:49.372+0000] {logging_mixin.py:151} INFO - [2023-08-24T03:59:49.372+0000] {dag.py:3677} INFO - Setting next_dagrun for example_branch_operator to 2023-08-23T00:00:00+00:00, run_after=2023-08-24T00:00:00+00:00
[2023-08-24T03:59:49.387+0000] {processor.py:179} INFO - Processing /home/airflow/.local/lib/python3.8/site-packages/airflow/example_dags/example_branch_operator.py took 0.060 seconds
[2023-08-24T04:00:19.550+0000] {processor.py:157} INFO - Started process (PID=134) to work on /home/airflow/.local/lib/python3.8/site-packages/airflow/example_dags/example_branch_operator.py
[2023-08-24T04:00:19.552+0000] {processor.py:829} INFO - Processing file /home/airflow/.local/lib/python3.8/site-packages/airflow/example_dags/example_branch_operator.py for tasks to queue
[2023-08-24T04:00:19.554+0000] {logging_mixin.py:151} INFO - [2023-08-24T04:00:19.553+0000] {dagbag.py:539} INFO - Filling up the DagBag from /home/airflow/.local/lib/python3.8/site-packages/airflow/example_dags/example_branch_operator.py
[2023-08-24T04:00:19.561+0000] {processor.py:839} INFO - DAG(s) dict_keys(['example_branch_operator']) retrieved from /home/airflow/.local/lib/python3.8/site-packages/airflow/example_dags/example_branch_operator.py
[2023-08-24T04:00:19.579+0000] {logging_mixin.py:151} INFO - [2023-08-24T04:00:19.579+0000] {dag.py:2907} INFO - Sync 1 DAGs
[2023-08-24T04:00:19.592+0000] {logging_mixin.py:151} INFO - [2023-08-24T04:00:19.592+0000] {dag.py:3677} INFO - Setting next_dagrun for example_branch_operator to 2023-08-23T00:00:00+00:00, run_after=2023-08-24T00:00:00+00:00
[2023-08-24T04:00:19.603+0000] {processor.py:179} INFO - Processing /home/airflow/.local/lib/python3.8/site-packages/airflow/example_dags/example_branch_operator.py took 0.055 seconds
[2023-08-24T04:00:50.374+0000] {processor.py:157} INFO - Started process (PID=197) to work on /home/airflow/.local/lib/python3.8/site-packages/airflow/example_dags/example_branch_operator.py
[2023-08-24T04:00:50.375+0000] {processor.py:829} INFO - Processing file /home/airflow/.local/lib/python3.8/site-packages/airflow/example_dags/example_branch_operator.py for tasks to queue
[2023-08-24T04:00:50.377+0000] {logging_mixin.py:151} INFO - [2023-08-24T04:00:50.377+0000] {dagbag.py:539} INFO - Filling up the DagBag from /home/airflow/.local/lib/python3.8/site-packages/airflow/example_dags/example_branch_operator.py
[2023-08-24T04:00:50.383+0000] {processor.py:839} INFO - DAG(s) dict_keys(['example_branch_operator']) retrieved from /home/airflow/.local/lib/python3.8/site-packages/airflow/example_dags/example_branch_operator.py
[2023-08-24T04:00:50.400+0000] {logging_mixin.py:151} INFO - [2023-08-24T04:00:50.400+0000] {dag.py:2907} INFO - Sync 1 DAGs
[2023-08-24T04:00:50.415+0000] {logging_mixin.py:151} INFO - [2023-08-24T04:00:50.415+0000] {dag.py:3677} INFO - Setting next_dagrun for example_branch_operator to 2023-08-23T00:00:00+00:00, run_after=2023-08-24T00:00:00+00:00
[2023-08-24T04:00:50.426+0000] {processor.py:179} INFO - Processing /home/airflow/.local/lib/python3.8/site-packages/airflow/example_dags/example_branch_operator.py took 0.054 seconds
[2023-08-24T04:01:21.159+0000] {processor.py:157} INFO - Started process (PID=260) to work on /home/airflow/.local/lib/python3.8/site-packages/airflow/example_dags/example_branch_operator.py
[2023-08-24T04:01:21.160+0000] {processor.py:829} INFO - Processing file /home/airflow/.local/lib/python3.8/site-packages/airflow/example_dags/example_branch_operator.py for tasks to queue
[2023-08-24T04:01:21.162+0000] {logging_mixin.py:151} INFO - [2023-08-24T04:01:21.162+0000] {dagbag.py:539} INFO - Filling up the DagBag from /home/airflow/.local/lib/python3.8/site-packages/airflow/example_dags/example_branch_operator.py
[2023-08-24T04:01:21.169+0000] {processor.py:839} INFO - DAG(s) dict_keys(['example_branch_operator']) retrieved from /home/airflow/.local/lib/python3.8/site-packages/airflow/example_dags/example_branch_operator.py
[2023-08-24T04:01:21.186+0000] {logging_mixin.py:151} INFO - [2023-08-24T04:01:21.186+0000] {dag.py:2907} INFO - Sync 1 DAGs
[2023-08-24T04:01:21.200+0000] {logging_mixin.py:151} INFO - [2023-08-24T04:01:21.199+0000] {dag.py:3677} INFO - Setting next_dagrun for example_branch_operator to 2023-08-23T00:00:00+00:00, run_after=2023-08-24T00:00:00+00:00
[2023-08-24T04:01:21.209+0000] {processor.py:179} INFO - Processing /home/airflow/.local/lib/python3.8/site-packages/airflow/example_dags/example_branch_operator.py took 0.053 seconds
[2023-08-24T04:01:51.947+0000] {processor.py:157} INFO - Started process (PID=323) to work on /home/airflow/.local/lib/python3.8/site-packages/airflow/example_dags/example_branch_operator.py
[2023-08-24T04:01:51.949+0000] {processor.py:829} INFO - Processing file /home/airflow/.local/lib/python3.8/site-packages/airflow/example_dags/example_branch_operator.py for tasks to queue
[2023-08-24T04:01:51.951+0000] {logging_mixin.py:151} INFO - [2023-08-24T04:01:51.950+0000] {dagbag.py:539} INFO - Filling up the DagBag from /home/airflow/.local/lib/python3.8/site-packages/airflow/example_dags/example_branch_operator.py
[2023-08-24T04:01:51.957+0000] {processor.py:839} INFO - DAG(s) dict_keys(['example_branch_operator']) retrieved from /home/airflow/.local/lib/python3.8/site-packages/airflow/example_dags/example_branch_operator.py
[2023-08-24T04:01:51.975+0000] {logging_mixin.py:151} INFO - [2023-08-24T04:01:51.975+0000] {dag.py:2907} INFO - Sync 1 DAGs
[2023-08-24T04:01:51.990+0000] {logging_mixin.py:151} INFO - [2023-08-24T04:01:51.990+0000] {dag.py:3677} INFO - Setting next_dagrun for example_branch_operator to 2023-08-23T00:00:00+00:00, run_after=2023-08-24T00:00:00+00:00
[2023-08-24T04:01:52.001+0000] {processor.py:179} INFO - Processing /home/airflow/.local/lib/python3.8/site-packages/airflow/example_dags/example_branch_operator.py took 0.056 seconds
[2023-08-24T04:02:22.864+0000] {processor.py:157} INFO - Started process (PID=386) to work on /home/airflow/.local/lib/python3.8/site-packages/airflow/example_dags/example_branch_operator.py
[2023-08-24T04:02:22.865+0000] {processor.py:829} INFO - Processing file /home/airflow/.local/lib/python3.8/site-packages/airflow/example_dags/example_branch_operator.py for tasks to queue
[2023-08-24T04:02:22.867+0000] {logging_mixin.py:151} INFO - [2023-08-24T04:02:22.867+0000] {dagbag.py:539} INFO - Filling up the DagBag from /home/airflow/.local/lib/python3.8/site-packages/airflow/example_dags/example_branch_operator.py
[2023-08-24T04:02:22.874+0000] {processor.py:839} INFO - DAG(s) dict_keys(['example_branch_operator']) retrieved from /home/airflow/.local/lib/python3.8/site-packages/airflow/example_dags/example_branch_operator.py
[2023-08-24T04:02:22.890+0000] {logging_mixin.py:151} INFO - [2023-08-24T04:02:22.890+0000] {dag.py:2907} INFO - Sync 1 DAGs
[2023-08-24T04:02:22.903+0000] {logging_mixin.py:151} INFO - [2023-08-24T04:02:22.903+0000] {dag.py:3677} INFO - Setting next_dagrun for example_branch_operator to 2023-08-23T00:00:00+00:00, run_after=2023-08-24T00:00:00+00:00
[2023-08-24T04:02:22.913+0000] {processor.py:179} INFO - Processing /home/airflow/.local/lib/python3.8/site-packages/airflow/example_dags/example_branch_operator.py took 0.052 seconds
[2023-08-24T04:02:53.509+0000] {processor.py:157} INFO - Started process (PID=449) to work on /home/airflow/.local/lib/python3.8/site-packages/airflow/example_dags/example_branch_operator.py
[2023-08-24T04:02:53.511+0000] {processor.py:829} INFO - Processing file /home/airflow/.local/lib/python3.8/site-packages/airflow/example_dags/example_branch_operator.py for tasks to queue
[2023-08-24T04:02:53.512+0000] {logging_mixin.py:151} INFO - [2023-08-24T04:02:53.512+0000] {dagbag.py:539} INFO - Filling up the DagBag from /home/airflow/.local/lib/python3.8/site-packages/airflow/example_dags/example_branch_operator.py
[2023-08-24T04:02:53.519+0000] {processor.py:839} INFO - DAG(s) dict_keys(['example_branch_operator']) retrieved from /home/airflow/.local/lib/python3.8/site-packages/airflow/example_dags/example_branch_operator.py
[2023-08-24T04:02:53.539+0000] {logging_mixin.py:151} INFO - [2023-08-24T04:02:53.538+0000] {dag.py:2907} INFO - Sync 1 DAGs
[2023-08-24T04:02:53.552+0000] {logging_mixin.py:151} INFO - [2023-08-24T04:02:53.552+0000] {dag.py:3677} INFO - Setting next_dagrun for example_branch_operator to 2023-08-23T00:00:00+00:00, run_after=2023-08-24T00:00:00+00:00
[2023-08-24T04:02:53.562+0000] {processor.py:179} INFO - Processing /home/airflow/.local/lib/python3.8/site-packages/airflow/example_dags/example_branch_operator.py took 0.056 seconds
[2023-08-24T04:03:24.122+0000] {processor.py:157} INFO - Started process (PID=512) to work on /home/airflow/.local/lib/python3.8/site-packages/airflow/example_dags/example_branch_operator.py
[2023-08-24T04:03:24.123+0000] {processor.py:829} INFO - Processing file /home/airflow/.local/lib/python3.8/site-packages/airflow/example_dags/example_branch_operator.py for tasks to queue
[2023-08-24T04:03:24.125+0000] {logging_mixin.py:151} INFO - [2023-08-24T04:03:24.124+0000] {dagbag.py:539} INFO - Filling up the DagBag from /home/airflow/.local/lib/python3.8/site-packages/airflow/example_dags/example_branch_operator.py
[2023-08-24T04:03:24.131+0000] {processor.py:839} INFO - DAG(s) dict_keys(['example_branch_operator']) retrieved from /home/airflow/.local/lib/python3.8/site-packages/airflow/example_dags/example_branch_operator.py
[2023-08-24T04:03:24.148+0000] {logging_mixin.py:151} INFO - [2023-08-24T04:03:24.148+0000] {dag.py:2907} INFO - Sync 1 DAGs
[2023-08-24T04:03:24.161+0000] {logging_mixin.py:151} INFO - [2023-08-24T04:03:24.161+0000] {dag.py:3677} INFO - Setting next_dagrun for example_branch_operator to 2023-08-23T00:00:00+00:00, run_after=2023-08-24T00:00:00+00:00
[2023-08-24T04:03:24.171+0000] {processor.py:179} INFO - Processing /home/airflow/.local/lib/python3.8/site-packages/airflow/example_dags/example_branch_operator.py took 0.052 seconds
[2023-08-24T04:03:54.941+0000] {processor.py:157} INFO - Started process (PID=575) to work on /home/airflow/.local/lib/python3.8/site-packages/airflow/example_dags/example_branch_operator.py
[2023-08-24T04:03:54.943+0000] {processor.py:829} INFO - Processing file /home/airflow/.local/lib/python3.8/site-packages/airflow/example_dags/example_branch_operator.py for tasks to queue
[2023-08-24T04:03:54.945+0000] {logging_mixin.py:151} INFO - [2023-08-24T04:03:54.945+0000] {dagbag.py:539} INFO - Filling up the DagBag from /home/airflow/.local/lib/python3.8/site-packages/airflow/example_dags/example_branch_operator.py
[2023-08-24T04:03:54.953+0000] {processor.py:839} INFO - DAG(s) dict_keys(['example_branch_operator']) retrieved from /home/airflow/.local/lib/python3.8/site-packages/airflow/example_dags/example_branch_operator.py
[2023-08-24T04:03:54.971+0000] {logging_mixin.py:151} INFO - [2023-08-24T04:03:54.971+0000] {dag.py:2907} INFO - Sync 1 DAGs
[2023-08-24T04:03:54.985+0000] {logging_mixin.py:151} INFO - [2023-08-24T04:03:54.985+0000] {dag.py:3677} INFO - Setting next_dagrun for example_branch_operator to 2023-08-23T00:00:00+00:00, run_after=2023-08-24T00:00:00+00:00
[2023-08-24T04:03:54.996+0000] {processor.py:179} INFO - Processing /home/airflow/.local/lib/python3.8/site-packages/airflow/example_dags/example_branch_operator.py took 0.057 seconds
[2023-08-24T04:04:25.682+0000] {processor.py:157} INFO - Started process (PID=638) to work on /home/airflow/.local/lib/python3.8/site-packages/airflow/example_dags/example_branch_operator.py
[2023-08-24T04:04:25.684+0000] {processor.py:829} INFO - Processing file /home/airflow/.local/lib/python3.8/site-packages/airflow/example_dags/example_branch_operator.py for tasks to queue
[2023-08-24T04:04:25.686+0000] {logging_mixin.py:151} INFO - [2023-08-24T04:04:25.685+0000] {dagbag.py:539} INFO - Filling up the DagBag from /home/airflow/.local/lib/python3.8/site-packages/airflow/example_dags/example_branch_operator.py
[2023-08-24T04:04:25.692+0000] {processor.py:839} INFO - DAG(s) dict_keys(['example_branch_operator']) retrieved from /home/airflow/.local/lib/python3.8/site-packages/airflow/example_dags/example_branch_operator.py
[2023-08-24T04:04:25.711+0000] {logging_mixin.py:151} INFO - [2023-08-24T04:04:25.710+0000] {dag.py:2907} INFO - Sync 1 DAGs
[2023-08-24T04:04:25.726+0000] {logging_mixin.py:151} INFO - [2023-08-24T04:04:25.726+0000] {dag.py:3677} INFO - Setting next_dagrun for example_branch_operator to 2023-08-23T00:00:00+00:00, run_after=2023-08-24T00:00:00+00:00
[2023-08-24T04:04:25.739+0000] {processor.py:179} INFO - Processing /home/airflow/.local/lib/python3.8/site-packages/airflow/example_dags/example_branch_operator.py took 0.059 seconds
[2023-08-24T04:04:56.683+0000] {processor.py:157} INFO - Started process (PID=701) to work on /home/airflow/.local/lib/python3.8/site-packages/airflow/example_dags/example_branch_operator.py
[2023-08-24T04:04:56.684+0000] {processor.py:829} INFO - Processing file /home/airflow/.local/lib/python3.8/site-packages/airflow/example_dags/example_branch_operator.py for tasks to queue
[2023-08-24T04:04:56.686+0000] {logging_mixin.py:151} INFO - [2023-08-24T04:04:56.686+0000] {dagbag.py:539} INFO - Filling up the DagBag from /home/airflow/.local/lib/python3.8/site-packages/airflow/example_dags/example_branch_operator.py
[2023-08-24T04:04:56.693+0000] {processor.py:839} INFO - DAG(s) dict_keys(['example_branch_operator']) retrieved from /home/airflow/.local/lib/python3.8/site-packages/airflow/example_dags/example_branch_operator.py
[2023-08-24T04:04:56.711+0000] {logging_mixin.py:151} INFO - [2023-08-24T04:04:56.711+0000] {dag.py:2907} INFO - Sync 1 DAGs
[2023-08-24T04:04:56.724+0000] {logging_mixin.py:151} INFO - [2023-08-24T04:04:56.724+0000] {dag.py:3677} INFO - Setting next_dagrun for example_branch_operator to 2023-08-23T00:00:00+00:00, run_after=2023-08-24T00:00:00+00:00
[2023-08-24T04:04:56.734+0000] {processor.py:179} INFO - Processing /home/airflow/.local/lib/python3.8/site-packages/airflow/example_dags/example_branch_operator.py took 0.054 seconds
[2023-08-24T04:05:27.317+0000] {processor.py:157} INFO - Started process (PID=764) to work on /home/airflow/.local/lib/python3.8/site-packages/airflow/example_dags/example_branch_operator.py
[2023-08-24T04:05:27.318+0000] {processor.py:829} INFO - Processing file /home/airflow/.local/lib/python3.8/site-packages/airflow/example_dags/example_branch_operator.py for tasks to queue
[2023-08-24T04:05:27.320+0000] {logging_mixin.py:151} INFO - [2023-08-24T04:05:27.320+0000] {dagbag.py:539} INFO - Filling up the DagBag from /home/airflow/.local/lib/python3.8/site-packages/airflow/example_dags/example_branch_operator.py
[2023-08-24T04:05:27.326+0000] {processor.py:839} INFO - DAG(s) dict_keys(['example_branch_operator']) retrieved from /home/airflow/.local/lib/python3.8/site-packages/airflow/example_dags/example_branch_operator.py
[2023-08-24T04:05:27.344+0000] {logging_mixin.py:151} INFO - [2023-08-24T04:05:27.344+0000] {dag.py:2907} INFO - Sync 1 DAGs
[2023-08-24T04:05:27.358+0000] {logging_mixin.py:151} INFO - [2023-08-24T04:05:27.358+0000] {dag.py:3677} INFO - Setting next_dagrun for example_branch_operator to 2023-08-23T00:00:00+00:00, run_after=2023-08-24T00:00:00+00:00
[2023-08-24T04:05:27.368+0000] {processor.py:179} INFO - Processing /home/airflow/.local/lib/python3.8/site-packages/airflow/example_dags/example_branch_operator.py took 0.054 seconds
[2023-08-24T04:05:58.102+0000] {processor.py:157} INFO - Started process (PID=827) to work on /home/airflow/.local/lib/python3.8/site-packages/airflow/example_dags/example_branch_operator.py
[2023-08-24T04:05:58.103+0000] {processor.py:829} INFO - Processing file /home/airflow/.local/lib/python3.8/site-packages/airflow/example_dags/example_branch_operator.py for tasks to queue
[2023-08-24T04:05:58.105+0000] {logging_mixin.py:151} INFO - [2023-08-24T04:05:58.104+0000] {dagbag.py:539} INFO - Filling up the DagBag from /home/airflow/.local/lib/python3.8/site-packages/airflow/example_dags/example_branch_operator.py
[2023-08-24T04:05:58.112+0000] {processor.py:839} INFO - DAG(s) dict_keys(['example_branch_operator']) retrieved from /home/airflow/.local/lib/python3.8/site-packages/airflow/example_dags/example_branch_operator.py
[2023-08-24T04:05:58.130+0000] {logging_mixin.py:151} INFO - [2023-08-24T04:05:58.130+0000] {dag.py:2907} INFO - Sync 1 DAGs
[2023-08-24T04:05:58.144+0000] {logging_mixin.py:151} INFO - [2023-08-24T04:05:58.143+0000] {dag.py:3677} INFO - Setting next_dagrun for example_branch_operator to 2023-08-23T00:00:00+00:00, run_after=2023-08-24T00:00:00+00:00
[2023-08-24T04:05:58.153+0000] {processor.py:179} INFO - Processing /home/airflow/.local/lib/python3.8/site-packages/airflow/example_dags/example_branch_operator.py took 0.054 seconds
[2023-08-24T04:06:28.755+0000] {processor.py:157} INFO - Started process (PID=890) to work on /home/airflow/.local/lib/python3.8/site-packages/airflow/example_dags/example_branch_operator.py
[2023-08-24T04:06:28.756+0000] {processor.py:829} INFO - Processing file /home/airflow/.local/lib/python3.8/site-packages/airflow/example_dags/example_branch_operator.py for tasks to queue
[2023-08-24T04:06:28.758+0000] {logging_mixin.py:151} INFO - [2023-08-24T04:06:28.758+0000] {dagbag.py:539} INFO - Filling up the DagBag from /home/airflow/.local/lib/python3.8/site-packages/airflow/example_dags/example_branch_operator.py
[2023-08-24T04:06:28.765+0000] {processor.py:839} INFO - DAG(s) dict_keys(['example_branch_operator']) retrieved from /home/airflow/.local/lib/python3.8/site-packages/airflow/example_dags/example_branch_operator.py
[2023-08-24T04:06:28.785+0000] {logging_mixin.py:151} INFO - [2023-08-24T04:06:28.784+0000] {dag.py:2907} INFO - Sync 1 DAGs
[2023-08-24T04:06:28.800+0000] {logging_mixin.py:151} INFO - [2023-08-24T04:06:28.800+0000] {dag.py:3677} INFO - Setting next_dagrun for example_branch_operator to 2023-08-23T00:00:00+00:00, run_after=2023-08-24T00:00:00+00:00
[2023-08-24T04:06:28.818+0000] {processor.py:179} INFO - Processing /home/airflow/.local/lib/python3.8/site-packages/airflow/example_dags/example_branch_operator.py took 0.065 seconds
[2023-08-24T04:06:59.497+0000] {processor.py:157} INFO - Started process (PID=952) to work on /home/airflow/.local/lib/python3.8/site-packages/airflow/example_dags/example_branch_operator.py
[2023-08-24T04:06:59.498+0000] {processor.py:829} INFO - Processing file /home/airflow/.local/lib/python3.8/site-packages/airflow/example_dags/example_branch_operator.py for tasks to queue
[2023-08-24T04:06:59.500+0000] {logging_mixin.py:151} INFO - [2023-08-24T04:06:59.499+0000] {dagbag.py:539} INFO - Filling up the DagBag from /home/airflow/.local/lib/python3.8/site-packages/airflow/example_dags/example_branch_operator.py
[2023-08-24T04:06:59.507+0000] {processor.py:839} INFO - DAG(s) dict_keys(['example_branch_operator']) retrieved from /home/airflow/.local/lib/python3.8/site-packages/airflow/example_dags/example_branch_operator.py
[2023-08-24T04:06:59.524+0000] {logging_mixin.py:151} INFO - [2023-08-24T04:06:59.524+0000] {dag.py:2907} INFO - Sync 1 DAGs
[2023-08-24T04:06:59.537+0000] {logging_mixin.py:151} INFO - [2023-08-24T04:06:59.537+0000] {dag.py:3677} INFO - Setting next_dagrun for example_branch_operator to 2023-08-23T00:00:00+00:00, run_after=2023-08-24T00:00:00+00:00
[2023-08-24T04:06:59.548+0000] {processor.py:179} INFO - Processing /home/airflow/.local/lib/python3.8/site-packages/airflow/example_dags/example_branch_operator.py took 0.055 seconds
[2023-08-24T04:07:30.115+0000] {processor.py:157} INFO - Started process (PID=1015) to work on /home/airflow/.local/lib/python3.8/site-packages/airflow/example_dags/example_branch_operator.py
[2023-08-24T04:07:30.116+0000] {processor.py:829} INFO - Processing file /home/airflow/.local/lib/python3.8/site-packages/airflow/example_dags/example_branch_operator.py for tasks to queue
[2023-08-24T04:07:30.118+0000] {logging_mixin.py:151} INFO - [2023-08-24T04:07:30.118+0000] {dagbag.py:539} INFO - Filling up the DagBag from /home/airflow/.local/lib/python3.8/site-packages/airflow/example_dags/example_branch_operator.py
[2023-08-24T04:07:30.125+0000] {processor.py:839} INFO - DAG(s) dict_keys(['example_branch_operator']) retrieved from /home/airflow/.local/lib/python3.8/site-packages/airflow/example_dags/example_branch_operator.py
[2023-08-24T04:07:30.144+0000] {logging_mixin.py:151} INFO - [2023-08-24T04:07:30.144+0000] {dag.py:2907} INFO - Sync 1 DAGs
[2023-08-24T04:07:30.157+0000] {logging_mixin.py:151} INFO - [2023-08-24T04:07:30.157+0000] {dag.py:3677} INFO - Setting next_dagrun for example_branch_operator to 2023-08-23T00:00:00+00:00, run_after=2023-08-24T00:00:00+00:00
[2023-08-24T04:07:30.167+0000] {processor.py:179} INFO - Processing /home/airflow/.local/lib/python3.8/site-packages/airflow/example_dags/example_branch_operator.py took 0.055 seconds
[2023-08-24T04:08:00.887+0000] {processor.py:157} INFO - Started process (PID=1078) to work on /home/airflow/.local/lib/python3.8/site-packages/airflow/example_dags/example_branch_operator.py
[2023-08-24T04:08:00.888+0000] {processor.py:829} INFO - Processing file /home/airflow/.local/lib/python3.8/site-packages/airflow/example_dags/example_branch_operator.py for tasks to queue
[2023-08-24T04:08:00.890+0000] {logging_mixin.py:151} INFO - [2023-08-24T04:08:00.890+0000] {dagbag.py:539} INFO - Filling up the DagBag from /home/airflow/.local/lib/python3.8/site-packages/airflow/example_dags/example_branch_operator.py
[2023-08-24T04:08:00.898+0000] {processor.py:839} INFO - DAG(s) dict_keys(['example_branch_operator']) retrieved from /home/airflow/.local/lib/python3.8/site-packages/airflow/example_dags/example_branch_operator.py
[2023-08-24T04:08:00.916+0000] {logging_mixin.py:151} INFO - [2023-08-24T04:08:00.916+0000] {dag.py:2907} INFO - Sync 1 DAGs
[2023-08-24T04:08:00.929+0000] {logging_mixin.py:151} INFO - [2023-08-24T04:08:00.929+0000] {dag.py:3677} INFO - Setting next_dagrun for example_branch_operator to 2023-08-23T00:00:00+00:00, run_after=2023-08-24T00:00:00+00:00
[2023-08-24T04:08:00.940+0000] {processor.py:179} INFO - Processing /home/airflow/.local/lib/python3.8/site-packages/airflow/example_dags/example_branch_operator.py took 0.057 seconds
[2023-08-24T04:08:31.572+0000] {processor.py:157} INFO - Started process (PID=1141) to work on /home/airflow/.local/lib/python3.8/site-packages/airflow/example_dags/example_branch_operator.py
[2023-08-24T04:08:31.573+0000] {processor.py:829} INFO - Processing file /home/airflow/.local/lib/python3.8/site-packages/airflow/example_dags/example_branch_operator.py for tasks to queue
[2023-08-24T04:08:31.575+0000] {logging_mixin.py:151} INFO - [2023-08-24T04:08:31.575+0000] {dagbag.py:539} INFO - Filling up the DagBag from /home/airflow/.local/lib/python3.8/site-packages/airflow/example_dags/example_branch_operator.py
[2023-08-24T04:08:31.582+0000] {processor.py:839} INFO - DAG(s) dict_keys(['example_branch_operator']) retrieved from /home/airflow/.local/lib/python3.8/site-packages/airflow/example_dags/example_branch_operator.py
[2023-08-24T04:08:31.599+0000] {logging_mixin.py:151} INFO - [2023-08-24T04:08:31.599+0000] {dag.py:2907} INFO - Sync 1 DAGs
[2023-08-24T04:08:31.613+0000] {logging_mixin.py:151} INFO - [2023-08-24T04:08:31.613+0000] {dag.py:3677} INFO - Setting next_dagrun for example_branch_operator to 2023-08-23T00:00:00+00:00, run_after=2023-08-24T00:00:00+00:00
[2023-08-24T04:08:31.623+0000] {processor.py:179} INFO - Processing /home/airflow/.local/lib/python3.8/site-packages/airflow/example_dags/example_branch_operator.py took 0.054 seconds
[2023-08-24T04:09:02.363+0000] {processor.py:157} INFO - Started process (PID=1204) to work on /home/airflow/.local/lib/python3.8/site-packages/airflow/example_dags/example_branch_operator.py
[2023-08-24T04:09:02.364+0000] {processor.py:829} INFO - Processing file /home/airflow/.local/lib/python3.8/site-packages/airflow/example_dags/example_branch_operator.py for tasks to queue
[2023-08-24T04:09:02.366+0000] {logging_mixin.py:151} INFO - [2023-08-24T04:09:02.366+0000] {dagbag.py:539} INFO - Filling up the DagBag from /home/airflow/.local/lib/python3.8/site-packages/airflow/example_dags/example_branch_operator.py
[2023-08-24T04:09:02.373+0000] {processor.py:839} INFO - DAG(s) dict_keys(['example_branch_operator']) retrieved from /home/airflow/.local/lib/python3.8/site-packages/airflow/example_dags/example_branch_operator.py
[2023-08-24T04:09:02.390+0000] {logging_mixin.py:151} INFO - [2023-08-24T04:09:02.390+0000] {dag.py:2907} INFO - Sync 1 DAGs
[2023-08-24T04:09:02.404+0000] {logging_mixin.py:151} INFO - [2023-08-24T04:09:02.403+0000] {dag.py:3677} INFO - Setting next_dagrun for example_branch_operator to 2023-08-23T00:00:00+00:00, run_after=2023-08-24T00:00:00+00:00
[2023-08-24T04:09:02.414+0000] {processor.py:179} INFO - Processing /home/airflow/.local/lib/python3.8/site-packages/airflow/example_dags/example_branch_operator.py took 0.054 seconds
[2023-08-24T04:09:33.024+0000] {processor.py:157} INFO - Started process (PID=1267) to work on /home/airflow/.local/lib/python3.8/site-packages/airflow/example_dags/example_branch_operator.py
[2023-08-24T04:09:33.025+0000] {processor.py:829} INFO - Processing file /home/airflow/.local/lib/python3.8/site-packages/airflow/example_dags/example_branch_operator.py for tasks to queue
[2023-08-24T04:09:33.027+0000] {logging_mixin.py:151} INFO - [2023-08-24T04:09:33.027+0000] {dagbag.py:539} INFO - Filling up the DagBag from /home/airflow/.local/lib/python3.8/site-packages/airflow/example_dags/example_branch_operator.py
[2023-08-24T04:09:33.034+0000] {processor.py:839} INFO - DAG(s) dict_keys(['example_branch_operator']) retrieved from /home/airflow/.local/lib/python3.8/site-packages/airflow/example_dags/example_branch_operator.py
[2023-08-24T04:09:33.052+0000] {logging_mixin.py:151} INFO - [2023-08-24T04:09:33.052+0000] {dag.py:2907} INFO - Sync 1 DAGs
[2023-08-24T04:09:33.065+0000] {logging_mixin.py:151} INFO - [2023-08-24T04:09:33.065+0000] {dag.py:3677} INFO - Setting next_dagrun for example_branch_operator to 2023-08-23T00:00:00+00:00, run_after=2023-08-24T00:00:00+00:00
[2023-08-24T04:09:33.076+0000] {processor.py:179} INFO - Processing /home/airflow/.local/lib/python3.8/site-packages/airflow/example_dags/example_branch_operator.py took 0.054 seconds
[2023-08-24T04:10:03.762+0000] {processor.py:157} INFO - Started process (PID=1330) to work on /home/airflow/.local/lib/python3.8/site-packages/airflow/example_dags/example_branch_operator.py
[2023-08-24T04:10:03.763+0000] {processor.py:829} INFO - Processing file /home/airflow/.local/lib/python3.8/site-packages/airflow/example_dags/example_branch_operator.py for tasks to queue
[2023-08-24T04:10:03.765+0000] {logging_mixin.py:151} INFO - [2023-08-24T04:10:03.765+0000] {dagbag.py:539} INFO - Filling up the DagBag from /home/airflow/.local/lib/python3.8/site-packages/airflow/example_dags/example_branch_operator.py
[2023-08-24T04:10:03.773+0000] {processor.py:839} INFO - DAG(s) dict_keys(['example_branch_operator']) retrieved from /home/airflow/.local/lib/python3.8/site-packages/airflow/example_dags/example_branch_operator.py
[2023-08-24T04:10:03.794+0000] {logging_mixin.py:151} INFO - [2023-08-24T04:10:03.794+0000] {dag.py:2907} INFO - Sync 1 DAGs
[2023-08-24T04:10:03.809+0000] {logging_mixin.py:151} INFO - [2023-08-24T04:10:03.809+0000] {dag.py:3677} INFO - Setting next_dagrun for example_branch_operator to 2023-08-23T00:00:00+00:00, run_after=2023-08-24T00:00:00+00:00
[2023-08-24T04:10:03.821+0000] {processor.py:179} INFO - Processing /home/airflow/.local/lib/python3.8/site-packages/airflow/example_dags/example_branch_operator.py took 0.063 seconds
[2023-08-24T04:10:34.512+0000] {processor.py:157} INFO - Started process (PID=1393) to work on /home/airflow/.local/lib/python3.8/site-packages/airflow/example_dags/example_branch_operator.py
[2023-08-24T04:10:34.513+0000] {processor.py:829} INFO - Processing file /home/airflow/.local/lib/python3.8/site-packages/airflow/example_dags/example_branch_operator.py for tasks to queue
[2023-08-24T04:10:34.515+0000] {logging_mixin.py:151} INFO - [2023-08-24T04:10:34.515+0000] {dagbag.py:539} INFO - Filling up the DagBag from /home/airflow/.local/lib/python3.8/site-packages/airflow/example_dags/example_branch_operator.py
[2023-08-24T04:10:34.522+0000] {processor.py:839} INFO - DAG(s) dict_keys(['example_branch_operator']) retrieved from /home/airflow/.local/lib/python3.8/site-packages/airflow/example_dags/example_branch_operator.py
[2023-08-24T04:10:34.542+0000] {logging_mixin.py:151} INFO - [2023-08-24T04:10:34.542+0000] {dag.py:2907} INFO - Sync 1 DAGs
[2023-08-24T04:10:34.559+0000] {logging_mixin.py:151} INFO - [2023-08-24T04:10:34.559+0000] {dag.py:3677} INFO - Setting next_dagrun for example_branch_operator to 2023-08-23T00:00:00+00:00, run_after=2023-08-24T00:00:00+00:00
[2023-08-24T04:10:34.571+0000] {processor.py:179} INFO - Processing /home/airflow/.local/lib/python3.8/site-packages/airflow/example_dags/example_branch_operator.py took 0.062 seconds
[2023-08-24T04:11:05.262+0000] {processor.py:157} INFO - Started process (PID=1456) to work on /home/airflow/.local/lib/python3.8/site-packages/airflow/example_dags/example_branch_operator.py
[2023-08-24T04:11:05.263+0000] {processor.py:829} INFO - Processing file /home/airflow/.local/lib/python3.8/site-packages/airflow/example_dags/example_branch_operator.py for tasks to queue
[2023-08-24T04:11:05.265+0000] {logging_mixin.py:151} INFO - [2023-08-24T04:11:05.265+0000] {dagbag.py:539} INFO - Filling up the DagBag from /home/airflow/.local/lib/python3.8/site-packages/airflow/example_dags/example_branch_operator.py
[2023-08-24T04:11:05.272+0000] {processor.py:839} INFO - DAG(s) dict_keys(['example_branch_operator']) retrieved from /home/airflow/.local/lib/python3.8/site-packages/airflow/example_dags/example_branch_operator.py
[2023-08-24T04:11:05.289+0000] {logging_mixin.py:151} INFO - [2023-08-24T04:11:05.289+0000] {dag.py:2907} INFO - Sync 1 DAGs
[2023-08-24T04:11:05.302+0000] {logging_mixin.py:151} INFO - [2023-08-24T04:11:05.302+0000] {dag.py:3677} INFO - Setting next_dagrun for example_branch_operator to 2023-08-23T00:00:00+00:00, run_after=2023-08-24T00:00:00+00:00
[2023-08-24T04:11:05.312+0000] {processor.py:179} INFO - Processing /home/airflow/.local/lib/python3.8/site-packages/airflow/example_dags/example_branch_operator.py took 0.052 seconds
[2023-08-24T04:11:36.057+0000] {processor.py:157} INFO - Started process (PID=1519) to work on /home/airflow/.local/lib/python3.8/site-packages/airflow/example_dags/example_branch_operator.py
[2023-08-24T04:11:36.058+0000] {processor.py:829} INFO - Processing file /home/airflow/.local/lib/python3.8/site-packages/airflow/example_dags/example_branch_operator.py for tasks to queue
[2023-08-24T04:11:36.060+0000] {logging_mixin.py:151} INFO - [2023-08-24T04:11:36.060+0000] {dagbag.py:539} INFO - Filling up the DagBag from /home/airflow/.local/lib/python3.8/site-packages/airflow/example_dags/example_branch_operator.py
[2023-08-24T04:11:36.067+0000] {processor.py:839} INFO - DAG(s) dict_keys(['example_branch_operator']) retrieved from /home/airflow/.local/lib/python3.8/site-packages/airflow/example_dags/example_branch_operator.py
[2023-08-24T04:11:36.088+0000] {logging_mixin.py:151} INFO - [2023-08-24T04:11:36.088+0000] {dag.py:2907} INFO - Sync 1 DAGs
[2023-08-24T04:11:36.101+0000] {logging_mixin.py:151} INFO - [2023-08-24T04:11:36.101+0000] {dag.py:3677} INFO - Setting next_dagrun for example_branch_operator to 2023-08-23T00:00:00+00:00, run_after=2023-08-24T00:00:00+00:00
[2023-08-24T04:11:36.111+0000] {processor.py:179} INFO - Processing /home/airflow/.local/lib/python3.8/site-packages/airflow/example_dags/example_branch_operator.py took 0.057 seconds
[2023-08-24T04:12:06.758+0000] {processor.py:157} INFO - Started process (PID=1582) to work on /home/airflow/.local/lib/python3.8/site-packages/airflow/example_dags/example_branch_operator.py
[2023-08-24T04:12:06.759+0000] {processor.py:829} INFO - Processing file /home/airflow/.local/lib/python3.8/site-packages/airflow/example_dags/example_branch_operator.py for tasks to queue
[2023-08-24T04:12:06.761+0000] {logging_mixin.py:151} INFO - [2023-08-24T04:12:06.761+0000] {dagbag.py:539} INFO - Filling up the DagBag from /home/airflow/.local/lib/python3.8/site-packages/airflow/example_dags/example_branch_operator.py
[2023-08-24T04:12:06.768+0000] {processor.py:839} INFO - DAG(s) dict_keys(['example_branch_operator']) retrieved from /home/airflow/.local/lib/python3.8/site-packages/airflow/example_dags/example_branch_operator.py
[2023-08-24T04:12:06.786+0000] {logging_mixin.py:151} INFO - [2023-08-24T04:12:06.785+0000] {dag.py:2907} INFO - Sync 1 DAGs
[2023-08-24T04:12:06.800+0000] {logging_mixin.py:151} INFO - [2023-08-24T04:12:06.799+0000] {dag.py:3677} INFO - Setting next_dagrun for example_branch_operator to 2023-08-23T00:00:00+00:00, run_after=2023-08-24T00:00:00+00:00
[2023-08-24T04:12:06.810+0000] {processor.py:179} INFO - Processing /home/airflow/.local/lib/python3.8/site-packages/airflow/example_dags/example_branch_operator.py took 0.054 seconds
[2023-08-24T04:12:37.451+0000] {processor.py:157} INFO - Started process (PID=1645) to work on /home/airflow/.local/lib/python3.8/site-packages/airflow/example_dags/example_branch_operator.py
[2023-08-24T04:12:37.452+0000] {processor.py:829} INFO - Processing file /home/airflow/.local/lib/python3.8/site-packages/airflow/example_dags/example_branch_operator.py for tasks to queue
[2023-08-24T04:12:37.454+0000] {logging_mixin.py:151} INFO - [2023-08-24T04:12:37.454+0000] {dagbag.py:539} INFO - Filling up the DagBag from /home/airflow/.local/lib/python3.8/site-packages/airflow/example_dags/example_branch_operator.py
[2023-08-24T04:12:37.461+0000] {processor.py:839} INFO - DAG(s) dict_keys(['example_branch_operator']) retrieved from /home/airflow/.local/lib/python3.8/site-packages/airflow/example_dags/example_branch_operator.py
[2023-08-24T04:12:37.477+0000] {logging_mixin.py:151} INFO - [2023-08-24T04:12:37.477+0000] {dag.py:2907} INFO - Sync 1 DAGs
[2023-08-24T04:12:37.490+0000] {logging_mixin.py:151} INFO - [2023-08-24T04:12:37.490+0000] {dag.py:3677} INFO - Setting next_dagrun for example_branch_operator to 2023-08-23T00:00:00+00:00, run_after=2023-08-24T00:00:00+00:00
[2023-08-24T04:12:37.500+0000] {processor.py:179} INFO - Processing /home/airflow/.local/lib/python3.8/site-packages/airflow/example_dags/example_branch_operator.py took 0.051 seconds
[2023-08-24T04:13:08.256+0000] {processor.py:157} INFO - Started process (PID=1708) to work on /home/airflow/.local/lib/python3.8/site-packages/airflow/example_dags/example_branch_operator.py
[2023-08-24T04:13:08.257+0000] {processor.py:829} INFO - Processing file /home/airflow/.local/lib/python3.8/site-packages/airflow/example_dags/example_branch_operator.py for tasks to queue
[2023-08-24T04:13:08.259+0000] {logging_mixin.py:151} INFO - [2023-08-24T04:13:08.259+0000] {dagbag.py:539} INFO - Filling up the DagBag from /home/airflow/.local/lib/python3.8/site-packages/airflow/example_dags/example_branch_operator.py
[2023-08-24T04:13:08.267+0000] {processor.py:839} INFO - DAG(s) dict_keys(['example_branch_operator']) retrieved from /home/airflow/.local/lib/python3.8/site-packages/airflow/example_dags/example_branch_operator.py
[2023-08-24T04:13:08.284+0000] {logging_mixin.py:151} INFO - [2023-08-24T04:13:08.284+0000] {dag.py:2907} INFO - Sync 1 DAGs
[2023-08-24T04:13:08.298+0000] {logging_mixin.py:151} INFO - [2023-08-24T04:13:08.298+0000] {dag.py:3677} INFO - Setting next_dagrun for example_branch_operator to 2023-08-23T00:00:00+00:00, run_after=2023-08-24T00:00:00+00:00
[2023-08-24T04:13:08.308+0000] {processor.py:179} INFO - Processing /home/airflow/.local/lib/python3.8/site-packages/airflow/example_dags/example_branch_operator.py took 0.055 seconds
[2023-08-24T04:13:38.885+0000] {processor.py:157} INFO - Started process (PID=1771) to work on /home/airflow/.local/lib/python3.8/site-packages/airflow/example_dags/example_branch_operator.py
[2023-08-24T04:13:38.886+0000] {processor.py:829} INFO - Processing file /home/airflow/.local/lib/python3.8/site-packages/airflow/example_dags/example_branch_operator.py for tasks to queue
[2023-08-24T04:13:38.888+0000] {logging_mixin.py:151} INFO - [2023-08-24T04:13:38.888+0000] {dagbag.py:539} INFO - Filling up the DagBag from /home/airflow/.local/lib/python3.8/site-packages/airflow/example_dags/example_branch_operator.py
[2023-08-24T04:13:38.895+0000] {processor.py:839} INFO - DAG(s) dict_keys(['example_branch_operator']) retrieved from /home/airflow/.local/lib/python3.8/site-packages/airflow/example_dags/example_branch_operator.py
[2023-08-24T04:13:38.922+0000] {logging_mixin.py:151} INFO - [2023-08-24T04:13:38.922+0000] {dag.py:2907} INFO - Sync 1 DAGs
[2023-08-24T04:13:38.939+0000] {logging_mixin.py:151} INFO - [2023-08-24T04:13:38.939+0000] {dag.py:3677} INFO - Setting next_dagrun for example_branch_operator to 2023-08-23T00:00:00+00:00, run_after=2023-08-24T00:00:00+00:00
[2023-08-24T04:13:38.953+0000] {processor.py:179} INFO - Processing /home/airflow/.local/lib/python3.8/site-packages/airflow/example_dags/example_branch_operator.py took 0.071 seconds
[2023-08-24T04:14:09.913+0000] {processor.py:157} INFO - Started process (PID=1834) to work on /home/airflow/.local/lib/python3.8/site-packages/airflow/example_dags/example_branch_operator.py
[2023-08-24T04:14:09.914+0000] {processor.py:829} INFO - Processing file /home/airflow/.local/lib/python3.8/site-packages/airflow/example_dags/example_branch_operator.py for tasks to queue
[2023-08-24T04:14:09.916+0000] {logging_mixin.py:151} INFO - [2023-08-24T04:14:09.916+0000] {dagbag.py:539} INFO - Filling up the DagBag from /home/airflow/.local/lib/python3.8/site-packages/airflow/example_dags/example_branch_operator.py
[2023-08-24T04:14:09.923+0000] {processor.py:839} INFO - DAG(s) dict_keys(['example_branch_operator']) retrieved from /home/airflow/.local/lib/python3.8/site-packages/airflow/example_dags/example_branch_operator.py
[2023-08-24T04:14:09.940+0000] {logging_mixin.py:151} INFO - [2023-08-24T04:14:09.940+0000] {dag.py:2907} INFO - Sync 1 DAGs
[2023-08-24T04:14:09.954+0000] {logging_mixin.py:151} INFO - [2023-08-24T04:14:09.954+0000] {dag.py:3677} INFO - Setting next_dagrun for example_branch_operator to 2023-08-23T00:00:00+00:00, run_after=2023-08-24T00:00:00+00:00
[2023-08-24T04:14:09.966+0000] {processor.py:179} INFO - Processing /home/airflow/.local/lib/python3.8/site-packages/airflow/example_dags/example_branch_operator.py took 0.055 seconds
[2023-08-24T04:14:40.893+0000] {processor.py:157} INFO - Started process (PID=1897) to work on /home/airflow/.local/lib/python3.8/site-packages/airflow/example_dags/example_branch_operator.py
[2023-08-24T04:14:40.894+0000] {processor.py:829} INFO - Processing file /home/airflow/.local/lib/python3.8/site-packages/airflow/example_dags/example_branch_operator.py for tasks to queue
[2023-08-24T04:14:40.896+0000] {logging_mixin.py:151} INFO - [2023-08-24T04:14:40.896+0000] {dagbag.py:539} INFO - Filling up the DagBag from /home/airflow/.local/lib/python3.8/site-packages/airflow/example_dags/example_branch_operator.py
[2023-08-24T04:14:40.903+0000] {processor.py:839} INFO - DAG(s) dict_keys(['example_branch_operator']) retrieved from /home/airflow/.local/lib/python3.8/site-packages/airflow/example_dags/example_branch_operator.py
[2023-08-24T04:14:40.925+0000] {logging_mixin.py:151} INFO - [2023-08-24T04:14:40.925+0000] {dag.py:2907} INFO - Sync 1 DAGs
[2023-08-24T04:14:40.940+0000] {logging_mixin.py:151} INFO - [2023-08-24T04:14:40.940+0000] {dag.py:3677} INFO - Setting next_dagrun for example_branch_operator to 2023-08-23T00:00:00+00:00, run_after=2023-08-24T00:00:00+00:00
[2023-08-24T04:14:40.952+0000] {processor.py:179} INFO - Processing /home/airflow/.local/lib/python3.8/site-packages/airflow/example_dags/example_branch_operator.py took 0.062 seconds
[2023-08-24T04:15:11.737+0000] {processor.py:157} INFO - Started process (PID=1960) to work on /home/airflow/.local/lib/python3.8/site-packages/airflow/example_dags/example_branch_operator.py
[2023-08-24T04:15:11.738+0000] {processor.py:829} INFO - Processing file /home/airflow/.local/lib/python3.8/site-packages/airflow/example_dags/example_branch_operator.py for tasks to queue
[2023-08-24T04:15:11.740+0000] {logging_mixin.py:151} INFO - [2023-08-24T04:15:11.740+0000] {dagbag.py:539} INFO - Filling up the DagBag from /home/airflow/.local/lib/python3.8/site-packages/airflow/example_dags/example_branch_operator.py
[2023-08-24T04:15:11.747+0000] {processor.py:839} INFO - DAG(s) dict_keys(['example_branch_operator']) retrieved from /home/airflow/.local/lib/python3.8/site-packages/airflow/example_dags/example_branch_operator.py
[2023-08-24T04:15:11.765+0000] {logging_mixin.py:151} INFO - [2023-08-24T04:15:11.765+0000] {dag.py:2907} INFO - Sync 1 DAGs
[2023-08-24T04:15:11.778+0000] {logging_mixin.py:151} INFO - [2023-08-24T04:15:11.778+0000] {dag.py:3677} INFO - Setting next_dagrun for example_branch_operator to 2023-08-23T00:00:00+00:00, run_after=2023-08-24T00:00:00+00:00
[2023-08-24T04:15:11.789+0000] {processor.py:179} INFO - Processing /home/airflow/.local/lib/python3.8/site-packages/airflow/example_dags/example_branch_operator.py took 0.056 seconds
[2023-08-24T04:15:42.623+0000] {processor.py:157} INFO - Started process (PID=2029) to work on /home/airflow/.local/lib/python3.8/site-packages/airflow/example_dags/example_branch_operator.py
[2023-08-24T04:15:42.624+0000] {processor.py:829} INFO - Processing file /home/airflow/.local/lib/python3.8/site-packages/airflow/example_dags/example_branch_operator.py for tasks to queue
[2023-08-24T04:15:42.626+0000] {logging_mixin.py:151} INFO - [2023-08-24T04:15:42.625+0000] {dagbag.py:539} INFO - Filling up the DagBag from /home/airflow/.local/lib/python3.8/site-packages/airflow/example_dags/example_branch_operator.py
[2023-08-24T04:15:42.633+0000] {processor.py:839} INFO - DAG(s) dict_keys(['example_branch_operator']) retrieved from /home/airflow/.local/lib/python3.8/site-packages/airflow/example_dags/example_branch_operator.py
[2023-08-24T04:15:42.656+0000] {logging_mixin.py:151} INFO - [2023-08-24T04:15:42.656+0000] {dag.py:2907} INFO - Sync 1 DAGs
[2023-08-24T04:15:42.676+0000] {logging_mixin.py:151} INFO - [2023-08-24T04:15:42.676+0000] {dag.py:3677} INFO - Setting next_dagrun for example_branch_operator to 2023-08-23T00:00:00+00:00, run_after=2023-08-24T00:00:00+00:00
[2023-08-24T04:15:42.688+0000] {processor.py:179} INFO - Processing /home/airflow/.local/lib/python3.8/site-packages/airflow/example_dags/example_branch_operator.py took 0.069 seconds
[2023-08-24T04:16:13.336+0000] {processor.py:157} INFO - Started process (PID=2092) to work on /home/airflow/.local/lib/python3.8/site-packages/airflow/example_dags/example_branch_operator.py
[2023-08-24T04:16:13.337+0000] {processor.py:829} INFO - Processing file /home/airflow/.local/lib/python3.8/site-packages/airflow/example_dags/example_branch_operator.py for tasks to queue
[2023-08-24T04:16:13.339+0000] {logging_mixin.py:151} INFO - [2023-08-24T04:16:13.339+0000] {dagbag.py:539} INFO - Filling up the DagBag from /home/airflow/.local/lib/python3.8/site-packages/airflow/example_dags/example_branch_operator.py
[2023-08-24T04:16:13.346+0000] {processor.py:839} INFO - DAG(s) dict_keys(['example_branch_operator']) retrieved from /home/airflow/.local/lib/python3.8/site-packages/airflow/example_dags/example_branch_operator.py
[2023-08-24T04:16:13.365+0000] {logging_mixin.py:151} INFO - [2023-08-24T04:16:13.365+0000] {dag.py:2907} INFO - Sync 1 DAGs
[2023-08-24T04:16:13.379+0000] {logging_mixin.py:151} INFO - [2023-08-24T04:16:13.379+0000] {dag.py:3677} INFO - Setting next_dagrun for example_branch_operator to 2023-08-23T00:00:00+00:00, run_after=2023-08-24T00:00:00+00:00
[2023-08-24T04:16:13.390+0000] {processor.py:179} INFO - Processing /home/airflow/.local/lib/python3.8/site-packages/airflow/example_dags/example_branch_operator.py took 0.057 seconds
[2023-08-24T04:16:44.109+0000] {processor.py:157} INFO - Started process (PID=2155) to work on /home/airflow/.local/lib/python3.8/site-packages/airflow/example_dags/example_branch_operator.py
[2023-08-24T04:16:44.110+0000] {processor.py:829} INFO - Processing file /home/airflow/.local/lib/python3.8/site-packages/airflow/example_dags/example_branch_operator.py for tasks to queue
[2023-08-24T04:16:44.112+0000] {logging_mixin.py:151} INFO - [2023-08-24T04:16:44.112+0000] {dagbag.py:539} INFO - Filling up the DagBag from /home/airflow/.local/lib/python3.8/site-packages/airflow/example_dags/example_branch_operator.py
[2023-08-24T04:16:44.119+0000] {processor.py:839} INFO - DAG(s) dict_keys(['example_branch_operator']) retrieved from /home/airflow/.local/lib/python3.8/site-packages/airflow/example_dags/example_branch_operator.py
[2023-08-24T04:16:44.138+0000] {logging_mixin.py:151} INFO - [2023-08-24T04:16:44.138+0000] {dag.py:2907} INFO - Sync 1 DAGs
[2023-08-24T04:16:44.151+0000] {logging_mixin.py:151} INFO - [2023-08-24T04:16:44.151+0000] {dag.py:3677} INFO - Setting next_dagrun for example_branch_operator to 2023-08-23T00:00:00+00:00, run_after=2023-08-24T00:00:00+00:00
[2023-08-24T04:16:44.162+0000] {processor.py:179} INFO - Processing /home/airflow/.local/lib/python3.8/site-packages/airflow/example_dags/example_branch_operator.py took 0.055 seconds
[2023-08-24T04:17:15.050+0000] {processor.py:157} INFO - Started process (PID=2218) to work on /home/airflow/.local/lib/python3.8/site-packages/airflow/example_dags/example_branch_operator.py
[2023-08-24T04:17:15.051+0000] {processor.py:829} INFO - Processing file /home/airflow/.local/lib/python3.8/site-packages/airflow/example_dags/example_branch_operator.py for tasks to queue
[2023-08-24T04:17:15.054+0000] {logging_mixin.py:151} INFO - [2023-08-24T04:17:15.053+0000] {dagbag.py:539} INFO - Filling up the DagBag from /home/airflow/.local/lib/python3.8/site-packages/airflow/example_dags/example_branch_operator.py
[2023-08-24T04:17:15.061+0000] {processor.py:839} INFO - DAG(s) dict_keys(['example_branch_operator']) retrieved from /home/airflow/.local/lib/python3.8/site-packages/airflow/example_dags/example_branch_operator.py
[2023-08-24T04:17:15.081+0000] {logging_mixin.py:151} INFO - [2023-08-24T04:17:15.081+0000] {dag.py:2907} INFO - Sync 1 DAGs
[2023-08-24T04:17:15.097+0000] {logging_mixin.py:151} INFO - [2023-08-24T04:17:15.097+0000] {dag.py:3677} INFO - Setting next_dagrun for example_branch_operator to 2023-08-23T00:00:00+00:00, run_after=2023-08-24T00:00:00+00:00
[2023-08-24T04:17:15.111+0000] {processor.py:179} INFO - Processing /home/airflow/.local/lib/python3.8/site-packages/airflow/example_dags/example_branch_operator.py took 0.064 seconds
[2023-08-24T04:17:45.232+0000] {processor.py:157} INFO - Started process (PID=2285) to work on /home/airflow/.local/lib/python3.8/site-packages/airflow/example_dags/example_branch_operator.py
[2023-08-24T04:17:45.233+0000] {processor.py:829} INFO - Processing file /home/airflow/.local/lib/python3.8/site-packages/airflow/example_dags/example_branch_operator.py for tasks to queue
[2023-08-24T04:17:45.236+0000] {logging_mixin.py:151} INFO - [2023-08-24T04:17:45.235+0000] {dagbag.py:539} INFO - Filling up the DagBag from /home/airflow/.local/lib/python3.8/site-packages/airflow/example_dags/example_branch_operator.py
[2023-08-24T04:17:45.243+0000] {processor.py:839} INFO - DAG(s) dict_keys(['example_branch_operator']) retrieved from /home/airflow/.local/lib/python3.8/site-packages/airflow/example_dags/example_branch_operator.py
[2023-08-24T04:17:45.261+0000] {logging_mixin.py:151} INFO - [2023-08-24T04:17:45.261+0000] {dag.py:2907} INFO - Sync 1 DAGs
[2023-08-24T04:17:45.273+0000] {logging_mixin.py:151} INFO - [2023-08-24T04:17:45.273+0000] {dag.py:3677} INFO - Setting next_dagrun for example_branch_operator to 2023-08-23T00:00:00+00:00, run_after=2023-08-24T00:00:00+00:00
[2023-08-24T04:17:45.283+0000] {processor.py:179} INFO - Processing /home/airflow/.local/lib/python3.8/site-packages/airflow/example_dags/example_branch_operator.py took 0.054 seconds
[2023-08-24T04:18:15.981+0000] {processor.py:157} INFO - Started process (PID=2347) to work on /home/airflow/.local/lib/python3.8/site-packages/airflow/example_dags/example_branch_operator.py
[2023-08-24T04:18:15.982+0000] {processor.py:829} INFO - Processing file /home/airflow/.local/lib/python3.8/site-packages/airflow/example_dags/example_branch_operator.py for tasks to queue
[2023-08-24T04:18:15.983+0000] {logging_mixin.py:151} INFO - [2023-08-24T04:18:15.983+0000] {dagbag.py:539} INFO - Filling up the DagBag from /home/airflow/.local/lib/python3.8/site-packages/airflow/example_dags/example_branch_operator.py
[2023-08-24T04:18:15.991+0000] {processor.py:839} INFO - DAG(s) dict_keys(['example_branch_operator']) retrieved from /home/airflow/.local/lib/python3.8/site-packages/airflow/example_dags/example_branch_operator.py
[2023-08-24T04:18:16.009+0000] {logging_mixin.py:151} INFO - [2023-08-24T04:18:16.008+0000] {dag.py:2907} INFO - Sync 1 DAGs
[2023-08-24T04:18:16.021+0000] {logging_mixin.py:151} INFO - [2023-08-24T04:18:16.021+0000] {dag.py:3677} INFO - Setting next_dagrun for example_branch_operator to 2023-08-23T00:00:00+00:00, run_after=2023-08-24T00:00:00+00:00
[2023-08-24T04:18:16.032+0000] {processor.py:179} INFO - Processing /home/airflow/.local/lib/python3.8/site-packages/airflow/example_dags/example_branch_operator.py took 0.054 seconds
[2023-08-24T04:24:30.522+0000] {processor.py:157} INFO - Started process (PID=71) to work on /home/airflow/.local/lib/python3.8/site-packages/airflow/example_dags/example_branch_operator.py
[2023-08-24T04:24:30.523+0000] {processor.py:829} INFO - Processing file /home/airflow/.local/lib/python3.8/site-packages/airflow/example_dags/example_branch_operator.py for tasks to queue
[2023-08-24T04:24:30.525+0000] {logging_mixin.py:151} INFO - [2023-08-24T04:24:30.525+0000] {dagbag.py:539} INFO - Filling up the DagBag from /home/airflow/.local/lib/python3.8/site-packages/airflow/example_dags/example_branch_operator.py
[2023-08-24T04:24:30.532+0000] {processor.py:839} INFO - DAG(s) dict_keys(['example_branch_operator']) retrieved from /home/airflow/.local/lib/python3.8/site-packages/airflow/example_dags/example_branch_operator.py
[2023-08-24T04:24:30.544+0000] {logging_mixin.py:151} INFO - [2023-08-24T04:24:30.544+0000] {dag.py:2907} INFO - Sync 1 DAGs
[2023-08-24T04:24:30.559+0000] {logging_mixin.py:151} INFO - [2023-08-24T04:24:30.559+0000] {dag.py:3677} INFO - Setting next_dagrun for example_branch_operator to 2023-08-23T00:00:00+00:00, run_after=2023-08-24T00:00:00+00:00
[2023-08-24T04:24:30.570+0000] {processor.py:179} INFO - Processing /home/airflow/.local/lib/python3.8/site-packages/airflow/example_dags/example_branch_operator.py took 0.050 seconds
[2023-08-24T04:25:00.674+0000] {processor.py:157} INFO - Started process (PID=134) to work on /home/airflow/.local/lib/python3.8/site-packages/airflow/example_dags/example_branch_operator.py
[2023-08-24T04:25:00.675+0000] {processor.py:829} INFO - Processing file /home/airflow/.local/lib/python3.8/site-packages/airflow/example_dags/example_branch_operator.py for tasks to queue
[2023-08-24T04:25:00.677+0000] {logging_mixin.py:151} INFO - [2023-08-24T04:25:00.676+0000] {dagbag.py:539} INFO - Filling up the DagBag from /home/airflow/.local/lib/python3.8/site-packages/airflow/example_dags/example_branch_operator.py
[2023-08-24T04:25:00.684+0000] {processor.py:839} INFO - DAG(s) dict_keys(['example_branch_operator']) retrieved from /home/airflow/.local/lib/python3.8/site-packages/airflow/example_dags/example_branch_operator.py
[2023-08-24T04:25:00.702+0000] {logging_mixin.py:151} INFO - [2023-08-24T04:25:00.702+0000] {dag.py:2907} INFO - Sync 1 DAGs
[2023-08-24T04:25:00.717+0000] {logging_mixin.py:151} INFO - [2023-08-24T04:25:00.717+0000] {dag.py:3677} INFO - Setting next_dagrun for example_branch_operator to 2023-08-23T00:00:00+00:00, run_after=2023-08-24T00:00:00+00:00
[2023-08-24T04:25:00.728+0000] {processor.py:179} INFO - Processing /home/airflow/.local/lib/python3.8/site-packages/airflow/example_dags/example_branch_operator.py took 0.058 seconds
[2023-08-24T04:26:40.501+0000] {processor.py:157} INFO - Started process (PID=71) to work on /home/airflow/.local/lib/python3.8/site-packages/airflow/example_dags/example_branch_operator.py
[2023-08-24T04:26:40.502+0000] {processor.py:829} INFO - Processing file /home/airflow/.local/lib/python3.8/site-packages/airflow/example_dags/example_branch_operator.py for tasks to queue
[2023-08-24T04:26:40.504+0000] {logging_mixin.py:151} INFO - [2023-08-24T04:26:40.504+0000] {dagbag.py:539} INFO - Filling up the DagBag from /home/airflow/.local/lib/python3.8/site-packages/airflow/example_dags/example_branch_operator.py
[2023-08-24T04:26:40.512+0000] {processor.py:839} INFO - DAG(s) dict_keys(['example_branch_operator']) retrieved from /home/airflow/.local/lib/python3.8/site-packages/airflow/example_dags/example_branch_operator.py
[2023-08-24T04:26:40.523+0000] {logging_mixin.py:151} INFO - [2023-08-24T04:26:40.523+0000] {dag.py:2907} INFO - Sync 1 DAGs
[2023-08-24T04:26:40.538+0000] {logging_mixin.py:151} INFO - [2023-08-24T04:26:40.538+0000] {dag.py:3677} INFO - Setting next_dagrun for example_branch_operator to 2023-08-23T00:00:00+00:00, run_after=2023-08-24T00:00:00+00:00
[2023-08-24T04:26:40.549+0000] {processor.py:179} INFO - Processing /home/airflow/.local/lib/python3.8/site-packages/airflow/example_dags/example_branch_operator.py took 0.051 seconds
[2023-08-24T04:27:10.729+0000] {processor.py:157} INFO - Started process (PID=133) to work on /home/airflow/.local/lib/python3.8/site-packages/airflow/example_dags/example_branch_operator.py
[2023-08-24T04:27:10.730+0000] {processor.py:829} INFO - Processing file /home/airflow/.local/lib/python3.8/site-packages/airflow/example_dags/example_branch_operator.py for tasks to queue
[2023-08-24T04:27:10.732+0000] {logging_mixin.py:151} INFO - [2023-08-24T04:27:10.732+0000] {dagbag.py:539} INFO - Filling up the DagBag from /home/airflow/.local/lib/python3.8/site-packages/airflow/example_dags/example_branch_operator.py
[2023-08-24T04:27:10.738+0000] {processor.py:839} INFO - DAG(s) dict_keys(['example_branch_operator']) retrieved from /home/airflow/.local/lib/python3.8/site-packages/airflow/example_dags/example_branch_operator.py
[2023-08-24T04:27:10.755+0000] {logging_mixin.py:151} INFO - [2023-08-24T04:27:10.755+0000] {dag.py:2907} INFO - Sync 1 DAGs
[2023-08-24T04:27:10.769+0000] {logging_mixin.py:151} INFO - [2023-08-24T04:27:10.769+0000] {dag.py:3677} INFO - Setting next_dagrun for example_branch_operator to 2023-08-23T00:00:00+00:00, run_after=2023-08-24T00:00:00+00:00
[2023-08-24T04:27:10.780+0000] {processor.py:179} INFO - Processing /home/airflow/.local/lib/python3.8/site-packages/airflow/example_dags/example_branch_operator.py took 0.054 seconds
