[2023-08-24T03:04:52.509+0000] {processor.py:157} INFO - Started process (PID=36) to work on /home/airflow/.local/lib/python3.8/site-packages/airflow/example_dags/example_task_group.py
[2023-08-24T03:04:52.510+0000] {processor.py:829} INFO - Processing file /home/airflow/.local/lib/python3.8/site-packages/airflow/example_dags/example_task_group.py for tasks to queue
[2023-08-24T03:04:52.512+0000] {logging_mixin.py:151} INFO - [2023-08-24T03:04:52.512+0000] {dagbag.py:539} INFO - Filling up the DagBag from /home/airflow/.local/lib/python3.8/site-packages/airflow/example_dags/example_task_group.py
[2023-08-24T03:04:52.521+0000] {processor.py:839} INFO - DAG(s) dict_keys(['example_task_group']) retrieved from /home/airflow/.local/lib/python3.8/site-packages/airflow/example_dags/example_task_group.py
[2023-08-24T03:04:52.633+0000] {logging_mixin.py:151} INFO - [2023-08-24T03:04:52.633+0000] {dag.py:2907} INFO - Sync 1 DAGs
[2023-08-24T03:04:52.648+0000] {logging_mixin.py:151} INFO - [2023-08-24T03:04:52.647+0000] {dag.py:3677} INFO - Setting next_dagrun for example_task_group to 2023-08-23T03:04:52.647619+00:00, run_after=2023-08-24T03:04:52.647619+00:00
[2023-08-24T03:04:52.660+0000] {processor.py:179} INFO - Processing /home/airflow/.local/lib/python3.8/site-packages/airflow/example_dags/example_task_group.py took 0.154 seconds
[2023-08-24T03:05:23.400+0000] {processor.py:157} INFO - Started process (PID=99) to work on /home/airflow/.local/lib/python3.8/site-packages/airflow/example_dags/example_task_group.py
[2023-08-24T03:05:23.402+0000] {processor.py:829} INFO - Processing file /home/airflow/.local/lib/python3.8/site-packages/airflow/example_dags/example_task_group.py for tasks to queue
[2023-08-24T03:05:23.403+0000] {logging_mixin.py:151} INFO - [2023-08-24T03:05:23.403+0000] {dagbag.py:539} INFO - Filling up the DagBag from /home/airflow/.local/lib/python3.8/site-packages/airflow/example_dags/example_task_group.py
[2023-08-24T03:05:23.409+0000] {processor.py:839} INFO - DAG(s) dict_keys(['example_task_group']) retrieved from /home/airflow/.local/lib/python3.8/site-packages/airflow/example_dags/example_task_group.py
[2023-08-24T03:05:23.425+0000] {logging_mixin.py:151} INFO - [2023-08-24T03:05:23.425+0000] {dag.py:2907} INFO - Sync 1 DAGs
[2023-08-24T03:05:23.437+0000] {logging_mixin.py:151} INFO - [2023-08-24T03:05:23.437+0000] {dag.py:3677} INFO - Setting next_dagrun for example_task_group to 2023-08-23T03:05:23.437557+00:00, run_after=2023-08-24T03:05:23.437557+00:00
[2023-08-24T03:05:23.449+0000] {processor.py:179} INFO - Processing /home/airflow/.local/lib/python3.8/site-packages/airflow/example_dags/example_task_group.py took 0.051 seconds
[2023-08-24T03:05:53.518+0000] {processor.py:157} INFO - Started process (PID=162) to work on /home/airflow/.local/lib/python3.8/site-packages/airflow/example_dags/example_task_group.py
[2023-08-24T03:05:53.519+0000] {processor.py:829} INFO - Processing file /home/airflow/.local/lib/python3.8/site-packages/airflow/example_dags/example_task_group.py for tasks to queue
[2023-08-24T03:05:53.521+0000] {logging_mixin.py:151} INFO - [2023-08-24T03:05:53.521+0000] {dagbag.py:539} INFO - Filling up the DagBag from /home/airflow/.local/lib/python3.8/site-packages/airflow/example_dags/example_task_group.py
[2023-08-24T03:05:53.526+0000] {processor.py:839} INFO - DAG(s) dict_keys(['example_task_group']) retrieved from /home/airflow/.local/lib/python3.8/site-packages/airflow/example_dags/example_task_group.py
[2023-08-24T03:05:53.542+0000] {logging_mixin.py:151} INFO - [2023-08-24T03:05:53.542+0000] {dag.py:2907} INFO - Sync 1 DAGs
[2023-08-24T03:05:53.554+0000] {logging_mixin.py:151} INFO - [2023-08-24T03:05:53.554+0000] {dag.py:3677} INFO - Setting next_dagrun for example_task_group to 2023-08-23T03:05:53.554178+00:00, run_after=2023-08-24T03:05:53.554178+00:00
[2023-08-24T03:05:53.564+0000] {processor.py:179} INFO - Processing /home/airflow/.local/lib/python3.8/site-packages/airflow/example_dags/example_task_group.py took 0.049 seconds
[2023-08-24T03:06:24.513+0000] {processor.py:157} INFO - Started process (PID=225) to work on /home/airflow/.local/lib/python3.8/site-packages/airflow/example_dags/example_task_group.py
[2023-08-24T03:06:24.514+0000] {processor.py:829} INFO - Processing file /home/airflow/.local/lib/python3.8/site-packages/airflow/example_dags/example_task_group.py for tasks to queue
[2023-08-24T03:06:24.516+0000] {logging_mixin.py:151} INFO - [2023-08-24T03:06:24.516+0000] {dagbag.py:539} INFO - Filling up the DagBag from /home/airflow/.local/lib/python3.8/site-packages/airflow/example_dags/example_task_group.py
[2023-08-24T03:06:24.522+0000] {processor.py:839} INFO - DAG(s) dict_keys(['example_task_group']) retrieved from /home/airflow/.local/lib/python3.8/site-packages/airflow/example_dags/example_task_group.py
[2023-08-24T03:06:24.540+0000] {logging_mixin.py:151} INFO - [2023-08-24T03:06:24.540+0000] {dag.py:2907} INFO - Sync 1 DAGs
[2023-08-24T03:06:24.552+0000] {logging_mixin.py:151} INFO - [2023-08-24T03:06:24.552+0000] {dag.py:3677} INFO - Setting next_dagrun for example_task_group to 2023-08-23T03:06:24.552154+00:00, run_after=2023-08-24T03:06:24.552154+00:00
[2023-08-24T03:06:24.563+0000] {processor.py:179} INFO - Processing /home/airflow/.local/lib/python3.8/site-packages/airflow/example_dags/example_task_group.py took 0.053 seconds
[2023-08-24T03:06:55.388+0000] {processor.py:157} INFO - Started process (PID=288) to work on /home/airflow/.local/lib/python3.8/site-packages/airflow/example_dags/example_task_group.py
[2023-08-24T03:06:55.389+0000] {processor.py:829} INFO - Processing file /home/airflow/.local/lib/python3.8/site-packages/airflow/example_dags/example_task_group.py for tasks to queue
[2023-08-24T03:06:55.391+0000] {logging_mixin.py:151} INFO - [2023-08-24T03:06:55.390+0000] {dagbag.py:539} INFO - Filling up the DagBag from /home/airflow/.local/lib/python3.8/site-packages/airflow/example_dags/example_task_group.py
[2023-08-24T03:06:55.396+0000] {processor.py:839} INFO - DAG(s) dict_keys(['example_task_group']) retrieved from /home/airflow/.local/lib/python3.8/site-packages/airflow/example_dags/example_task_group.py
[2023-08-24T03:06:55.412+0000] {logging_mixin.py:151} INFO - [2023-08-24T03:06:55.412+0000] {dag.py:2907} INFO - Sync 1 DAGs
[2023-08-24T03:06:55.425+0000] {logging_mixin.py:151} INFO - [2023-08-24T03:06:55.424+0000] {dag.py:3677} INFO - Setting next_dagrun for example_task_group to 2023-08-23T03:06:55.424711+00:00, run_after=2023-08-24T03:06:55.424711+00:00
[2023-08-24T03:06:55.434+0000] {processor.py:179} INFO - Processing /home/airflow/.local/lib/python3.8/site-packages/airflow/example_dags/example_task_group.py took 0.048 seconds
[2023-08-24T03:07:26.284+0000] {processor.py:157} INFO - Started process (PID=355) to work on /home/airflow/.local/lib/python3.8/site-packages/airflow/example_dags/example_task_group.py
[2023-08-24T03:07:26.284+0000] {processor.py:829} INFO - Processing file /home/airflow/.local/lib/python3.8/site-packages/airflow/example_dags/example_task_group.py for tasks to queue
[2023-08-24T03:07:26.286+0000] {logging_mixin.py:151} INFO - [2023-08-24T03:07:26.286+0000] {dagbag.py:539} INFO - Filling up the DagBag from /home/airflow/.local/lib/python3.8/site-packages/airflow/example_dags/example_task_group.py
[2023-08-24T03:07:26.291+0000] {processor.py:839} INFO - DAG(s) dict_keys(['example_task_group']) retrieved from /home/airflow/.local/lib/python3.8/site-packages/airflow/example_dags/example_task_group.py
[2023-08-24T03:07:26.307+0000] {logging_mixin.py:151} INFO - [2023-08-24T03:07:26.307+0000] {dag.py:2907} INFO - Sync 1 DAGs
[2023-08-24T03:07:26.319+0000] {logging_mixin.py:151} INFO - [2023-08-24T03:07:26.319+0000] {dag.py:3677} INFO - Setting next_dagrun for example_task_group to 2023-08-23T03:07:26.319570+00:00, run_after=2023-08-24T03:07:26.319570+00:00
[2023-08-24T03:07:26.330+0000] {processor.py:179} INFO - Processing /home/airflow/.local/lib/python3.8/site-packages/airflow/example_dags/example_task_group.py took 0.049 seconds
[2023-08-24T03:07:56.918+0000] {processor.py:157} INFO - Started process (PID=418) to work on /home/airflow/.local/lib/python3.8/site-packages/airflow/example_dags/example_task_group.py
[2023-08-24T03:07:56.919+0000] {processor.py:829} INFO - Processing file /home/airflow/.local/lib/python3.8/site-packages/airflow/example_dags/example_task_group.py for tasks to queue
[2023-08-24T03:07:56.921+0000] {logging_mixin.py:151} INFO - [2023-08-24T03:07:56.921+0000] {dagbag.py:539} INFO - Filling up the DagBag from /home/airflow/.local/lib/python3.8/site-packages/airflow/example_dags/example_task_group.py
[2023-08-24T03:07:56.926+0000] {processor.py:839} INFO - DAG(s) dict_keys(['example_task_group']) retrieved from /home/airflow/.local/lib/python3.8/site-packages/airflow/example_dags/example_task_group.py
[2023-08-24T03:07:56.943+0000] {logging_mixin.py:151} INFO - [2023-08-24T03:07:56.942+0000] {dag.py:2907} INFO - Sync 1 DAGs
[2023-08-24T03:07:56.955+0000] {logging_mixin.py:151} INFO - [2023-08-24T03:07:56.955+0000] {dag.py:3677} INFO - Setting next_dagrun for example_task_group to 2023-08-23T03:07:56.955497+00:00, run_after=2023-08-24T03:07:56.955497+00:00
[2023-08-24T03:07:56.965+0000] {processor.py:179} INFO - Processing /home/airflow/.local/lib/python3.8/site-packages/airflow/example_dags/example_task_group.py took 0.049 seconds
[2023-08-24T03:08:27.720+0000] {processor.py:157} INFO - Started process (PID=482) to work on /home/airflow/.local/lib/python3.8/site-packages/airflow/example_dags/example_task_group.py
[2023-08-24T03:08:27.721+0000] {processor.py:829} INFO - Processing file /home/airflow/.local/lib/python3.8/site-packages/airflow/example_dags/example_task_group.py for tasks to queue
[2023-08-24T03:08:27.723+0000] {logging_mixin.py:151} INFO - [2023-08-24T03:08:27.723+0000] {dagbag.py:539} INFO - Filling up the DagBag from /home/airflow/.local/lib/python3.8/site-packages/airflow/example_dags/example_task_group.py
[2023-08-24T03:08:27.728+0000] {processor.py:839} INFO - DAG(s) dict_keys(['example_task_group']) retrieved from /home/airflow/.local/lib/python3.8/site-packages/airflow/example_dags/example_task_group.py
[2023-08-24T03:08:27.746+0000] {logging_mixin.py:151} INFO - [2023-08-24T03:08:27.746+0000] {dag.py:2907} INFO - Sync 1 DAGs
[2023-08-24T03:08:27.759+0000] {logging_mixin.py:151} INFO - [2023-08-24T03:08:27.759+0000] {dag.py:3677} INFO - Setting next_dagrun for example_task_group to 2023-08-23T03:08:27.759191+00:00, run_after=2023-08-24T03:08:27.759191+00:00
[2023-08-24T03:08:27.770+0000] {processor.py:179} INFO - Processing /home/airflow/.local/lib/python3.8/site-packages/airflow/example_dags/example_task_group.py took 0.053 seconds
[2023-08-24T03:08:58.595+0000] {processor.py:157} INFO - Started process (PID=545) to work on /home/airflow/.local/lib/python3.8/site-packages/airflow/example_dags/example_task_group.py
[2023-08-24T03:08:58.596+0000] {processor.py:829} INFO - Processing file /home/airflow/.local/lib/python3.8/site-packages/airflow/example_dags/example_task_group.py for tasks to queue
[2023-08-24T03:08:58.598+0000] {logging_mixin.py:151} INFO - [2023-08-24T03:08:58.598+0000] {dagbag.py:539} INFO - Filling up the DagBag from /home/airflow/.local/lib/python3.8/site-packages/airflow/example_dags/example_task_group.py
[2023-08-24T03:08:58.603+0000] {processor.py:839} INFO - DAG(s) dict_keys(['example_task_group']) retrieved from /home/airflow/.local/lib/python3.8/site-packages/airflow/example_dags/example_task_group.py
[2023-08-24T03:08:58.620+0000] {logging_mixin.py:151} INFO - [2023-08-24T03:08:58.620+0000] {dag.py:2907} INFO - Sync 1 DAGs
[2023-08-24T03:08:58.632+0000] {logging_mixin.py:151} INFO - [2023-08-24T03:08:58.632+0000] {dag.py:3677} INFO - Setting next_dagrun for example_task_group to 2023-08-23T03:08:58.632131+00:00, run_after=2023-08-24T03:08:58.632131+00:00
[2023-08-24T03:08:58.643+0000] {processor.py:179} INFO - Processing /home/airflow/.local/lib/python3.8/site-packages/airflow/example_dags/example_task_group.py took 0.050 seconds
[2023-08-24T03:16:27.555+0000] {processor.py:157} INFO - Started process (PID=37) to work on /home/airflow/.local/lib/python3.8/site-packages/airflow/example_dags/example_task_group.py
[2023-08-24T03:16:27.556+0000] {processor.py:829} INFO - Processing file /home/airflow/.local/lib/python3.8/site-packages/airflow/example_dags/example_task_group.py for tasks to queue
[2023-08-24T03:16:27.558+0000] {logging_mixin.py:151} INFO - [2023-08-24T03:16:27.558+0000] {dagbag.py:539} INFO - Filling up the DagBag from /home/airflow/.local/lib/python3.8/site-packages/airflow/example_dags/example_task_group.py
[2023-08-24T03:16:27.567+0000] {processor.py:839} INFO - DAG(s) dict_keys(['example_task_group']) retrieved from /home/airflow/.local/lib/python3.8/site-packages/airflow/example_dags/example_task_group.py
[2023-08-24T03:16:27.674+0000] {logging_mixin.py:151} INFO - [2023-08-24T03:16:27.674+0000] {dag.py:2907} INFO - Sync 1 DAGs
[2023-08-24T03:16:27.686+0000] {logging_mixin.py:151} INFO - [2023-08-24T03:16:27.686+0000] {dag.py:3677} INFO - Setting next_dagrun for example_task_group to 2023-08-23T03:16:27.686035+00:00, run_after=2023-08-24T03:16:27.686035+00:00
[2023-08-24T03:16:27.699+0000] {processor.py:179} INFO - Processing /home/airflow/.local/lib/python3.8/site-packages/airflow/example_dags/example_task_group.py took 0.147 seconds
[2023-08-24T03:16:58.027+0000] {processor.py:157} INFO - Started process (PID=100) to work on /home/airflow/.local/lib/python3.8/site-packages/airflow/example_dags/example_task_group.py
[2023-08-24T03:16:58.028+0000] {processor.py:829} INFO - Processing file /home/airflow/.local/lib/python3.8/site-packages/airflow/example_dags/example_task_group.py for tasks to queue
[2023-08-24T03:16:58.030+0000] {logging_mixin.py:151} INFO - [2023-08-24T03:16:58.030+0000] {dagbag.py:539} INFO - Filling up the DagBag from /home/airflow/.local/lib/python3.8/site-packages/airflow/example_dags/example_task_group.py
[2023-08-24T03:16:58.035+0000] {processor.py:839} INFO - DAG(s) dict_keys(['example_task_group']) retrieved from /home/airflow/.local/lib/python3.8/site-packages/airflow/example_dags/example_task_group.py
[2023-08-24T03:16:58.053+0000] {logging_mixin.py:151} INFO - [2023-08-24T03:16:58.053+0000] {dag.py:2907} INFO - Sync 1 DAGs
[2023-08-24T03:16:58.066+0000] {logging_mixin.py:151} INFO - [2023-08-24T03:16:58.066+0000] {dag.py:3677} INFO - Setting next_dagrun for example_task_group to 2023-08-23T03:16:58.065950+00:00, run_after=2023-08-24T03:16:58.065950+00:00
[2023-08-24T03:16:58.076+0000] {processor.py:179} INFO - Processing /home/airflow/.local/lib/python3.8/site-packages/airflow/example_dags/example_task_group.py took 0.052 seconds
[2023-08-24T03:17:28.847+0000] {processor.py:157} INFO - Started process (PID=163) to work on /home/airflow/.local/lib/python3.8/site-packages/airflow/example_dags/example_task_group.py
[2023-08-24T03:17:28.848+0000] {processor.py:829} INFO - Processing file /home/airflow/.local/lib/python3.8/site-packages/airflow/example_dags/example_task_group.py for tasks to queue
[2023-08-24T03:17:28.850+0000] {logging_mixin.py:151} INFO - [2023-08-24T03:17:28.849+0000] {dagbag.py:539} INFO - Filling up the DagBag from /home/airflow/.local/lib/python3.8/site-packages/airflow/example_dags/example_task_group.py
[2023-08-24T03:17:28.855+0000] {processor.py:839} INFO - DAG(s) dict_keys(['example_task_group']) retrieved from /home/airflow/.local/lib/python3.8/site-packages/airflow/example_dags/example_task_group.py
[2023-08-24T03:17:28.873+0000] {logging_mixin.py:151} INFO - [2023-08-24T03:17:28.873+0000] {dag.py:2907} INFO - Sync 1 DAGs
[2023-08-24T03:17:28.885+0000] {logging_mixin.py:151} INFO - [2023-08-24T03:17:28.885+0000] {dag.py:3677} INFO - Setting next_dagrun for example_task_group to 2023-08-23T03:17:28.885428+00:00, run_after=2023-08-24T03:17:28.885428+00:00
[2023-08-24T03:17:28.898+0000] {processor.py:179} INFO - Processing /home/airflow/.local/lib/python3.8/site-packages/airflow/example_dags/example_task_group.py took 0.054 seconds
[2023-08-24T03:17:59.681+0000] {processor.py:157} INFO - Started process (PID=226) to work on /home/airflow/.local/lib/python3.8/site-packages/airflow/example_dags/example_task_group.py
[2023-08-24T03:17:59.682+0000] {processor.py:829} INFO - Processing file /home/airflow/.local/lib/python3.8/site-packages/airflow/example_dags/example_task_group.py for tasks to queue
[2023-08-24T03:17:59.684+0000] {logging_mixin.py:151} INFO - [2023-08-24T03:17:59.683+0000] {dagbag.py:539} INFO - Filling up the DagBag from /home/airflow/.local/lib/python3.8/site-packages/airflow/example_dags/example_task_group.py
[2023-08-24T03:17:59.689+0000] {processor.py:839} INFO - DAG(s) dict_keys(['example_task_group']) retrieved from /home/airflow/.local/lib/python3.8/site-packages/airflow/example_dags/example_task_group.py
[2023-08-24T03:17:59.705+0000] {logging_mixin.py:151} INFO - [2023-08-24T03:17:59.705+0000] {dag.py:2907} INFO - Sync 1 DAGs
[2023-08-24T03:17:59.717+0000] {logging_mixin.py:151} INFO - [2023-08-24T03:17:59.717+0000] {dag.py:3677} INFO - Setting next_dagrun for example_task_group to 2023-08-23T03:17:59.716810+00:00, run_after=2023-08-24T03:17:59.716810+00:00
[2023-08-24T03:17:59.726+0000] {processor.py:179} INFO - Processing /home/airflow/.local/lib/python3.8/site-packages/airflow/example_dags/example_task_group.py took 0.048 seconds
[2023-08-24T03:19:13.929+0000] {processor.py:157} INFO - Started process (PID=36) to work on /home/airflow/.local/lib/python3.8/site-packages/airflow/example_dags/example_task_group.py
[2023-08-24T03:19:13.930+0000] {processor.py:829} INFO - Processing file /home/airflow/.local/lib/python3.8/site-packages/airflow/example_dags/example_task_group.py for tasks to queue
[2023-08-24T03:19:13.932+0000] {logging_mixin.py:151} INFO - [2023-08-24T03:19:13.932+0000] {dagbag.py:539} INFO - Filling up the DagBag from /home/airflow/.local/lib/python3.8/site-packages/airflow/example_dags/example_task_group.py
[2023-08-24T03:19:13.941+0000] {processor.py:839} INFO - DAG(s) dict_keys(['example_task_group']) retrieved from /home/airflow/.local/lib/python3.8/site-packages/airflow/example_dags/example_task_group.py
[2023-08-24T03:19:14.039+0000] {logging_mixin.py:151} INFO - [2023-08-24T03:19:14.038+0000] {dag.py:2907} INFO - Sync 1 DAGs
[2023-08-24T03:19:14.050+0000] {logging_mixin.py:151} INFO - [2023-08-24T03:19:14.050+0000] {dag.py:3677} INFO - Setting next_dagrun for example_task_group to 2023-08-23T03:19:14.050089+00:00, run_after=2023-08-24T03:19:14.050089+00:00
[2023-08-24T03:19:14.062+0000] {processor.py:179} INFO - Processing /home/airflow/.local/lib/python3.8/site-packages/airflow/example_dags/example_task_group.py took 0.136 seconds
[2023-08-24T03:22:54.323+0000] {processor.py:157} INFO - Started process (PID=35) to work on /home/airflow/.local/lib/python3.8/site-packages/airflow/example_dags/example_task_group.py
[2023-08-24T03:22:54.324+0000] {processor.py:829} INFO - Processing file /home/airflow/.local/lib/python3.8/site-packages/airflow/example_dags/example_task_group.py for tasks to queue
[2023-08-24T03:22:54.326+0000] {logging_mixin.py:151} INFO - [2023-08-24T03:22:54.326+0000] {dagbag.py:539} INFO - Filling up the DagBag from /home/airflow/.local/lib/python3.8/site-packages/airflow/example_dags/example_task_group.py
[2023-08-24T03:22:54.337+0000] {processor.py:839} INFO - DAG(s) dict_keys(['example_task_group']) retrieved from /home/airflow/.local/lib/python3.8/site-packages/airflow/example_dags/example_task_group.py
[2023-08-24T03:22:54.450+0000] {logging_mixin.py:151} INFO - [2023-08-24T03:22:54.450+0000] {dag.py:2907} INFO - Sync 1 DAGs
[2023-08-24T03:22:54.467+0000] {logging_mixin.py:151} INFO - [2023-08-24T03:22:54.466+0000] {dag.py:3677} INFO - Setting next_dagrun for example_task_group to 2023-08-23T03:22:54.466723+00:00, run_after=2023-08-24T03:22:54.466723+00:00
[2023-08-24T03:22:54.482+0000] {processor.py:179} INFO - Processing /home/airflow/.local/lib/python3.8/site-packages/airflow/example_dags/example_task_group.py took 0.162 seconds
[2023-08-24T03:23:24.985+0000] {processor.py:157} INFO - Started process (PID=98) to work on /home/airflow/.local/lib/python3.8/site-packages/airflow/example_dags/example_task_group.py
[2023-08-24T03:23:24.985+0000] {processor.py:829} INFO - Processing file /home/airflow/.local/lib/python3.8/site-packages/airflow/example_dags/example_task_group.py for tasks to queue
[2023-08-24T03:23:24.988+0000] {logging_mixin.py:151} INFO - [2023-08-24T03:23:24.988+0000] {dagbag.py:539} INFO - Filling up the DagBag from /home/airflow/.local/lib/python3.8/site-packages/airflow/example_dags/example_task_group.py
[2023-08-24T03:23:24.993+0000] {processor.py:839} INFO - DAG(s) dict_keys(['example_task_group']) retrieved from /home/airflow/.local/lib/python3.8/site-packages/airflow/example_dags/example_task_group.py
[2023-08-24T03:23:25.008+0000] {logging_mixin.py:151} INFO - [2023-08-24T03:23:25.008+0000] {dag.py:2907} INFO - Sync 1 DAGs
[2023-08-24T03:23:25.020+0000] {logging_mixin.py:151} INFO - [2023-08-24T03:23:25.020+0000] {dag.py:3677} INFO - Setting next_dagrun for example_task_group to 2023-08-23T03:23:25.020085+00:00, run_after=2023-08-24T03:23:25.020085+00:00
[2023-08-24T03:23:25.031+0000] {processor.py:179} INFO - Processing /home/airflow/.local/lib/python3.8/site-packages/airflow/example_dags/example_task_group.py took 0.050 seconds
[2023-08-24T03:59:46.528+0000] {processor.py:157} INFO - Started process (PID=36) to work on /home/airflow/.local/lib/python3.8/site-packages/airflow/example_dags/example_task_group.py
[2023-08-24T03:59:46.529+0000] {processor.py:829} INFO - Processing file /home/airflow/.local/lib/python3.8/site-packages/airflow/example_dags/example_task_group.py for tasks to queue
[2023-08-24T03:59:46.531+0000] {logging_mixin.py:151} INFO - [2023-08-24T03:59:46.531+0000] {dagbag.py:539} INFO - Filling up the DagBag from /home/airflow/.local/lib/python3.8/site-packages/airflow/example_dags/example_task_group.py
[2023-08-24T03:59:46.540+0000] {processor.py:839} INFO - DAG(s) dict_keys(['example_task_group']) retrieved from /home/airflow/.local/lib/python3.8/site-packages/airflow/example_dags/example_task_group.py
[2023-08-24T03:59:46.654+0000] {logging_mixin.py:151} INFO - [2023-08-24T03:59:46.654+0000] {dag.py:2907} INFO - Sync 1 DAGs
[2023-08-24T03:59:46.666+0000] {logging_mixin.py:151} INFO - [2023-08-24T03:59:46.665+0000] {dag.py:3677} INFO - Setting next_dagrun for example_task_group to 2023-08-23T03:59:46.665763+00:00, run_after=2023-08-24T03:59:46.665763+00:00
[2023-08-24T03:59:46.678+0000] {processor.py:179} INFO - Processing /home/airflow/.local/lib/python3.8/site-packages/airflow/example_dags/example_task_group.py took 0.152 seconds
[2023-08-24T04:00:17.093+0000] {processor.py:157} INFO - Started process (PID=99) to work on /home/airflow/.local/lib/python3.8/site-packages/airflow/example_dags/example_task_group.py
[2023-08-24T04:00:17.095+0000] {processor.py:829} INFO - Processing file /home/airflow/.local/lib/python3.8/site-packages/airflow/example_dags/example_task_group.py for tasks to queue
[2023-08-24T04:00:17.097+0000] {logging_mixin.py:151} INFO - [2023-08-24T04:00:17.096+0000] {dagbag.py:539} INFO - Filling up the DagBag from /home/airflow/.local/lib/python3.8/site-packages/airflow/example_dags/example_task_group.py
[2023-08-24T04:00:17.102+0000] {processor.py:839} INFO - DAG(s) dict_keys(['example_task_group']) retrieved from /home/airflow/.local/lib/python3.8/site-packages/airflow/example_dags/example_task_group.py
[2023-08-24T04:00:17.118+0000] {logging_mixin.py:151} INFO - [2023-08-24T04:00:17.118+0000] {dag.py:2907} INFO - Sync 1 DAGs
[2023-08-24T04:00:17.130+0000] {logging_mixin.py:151} INFO - [2023-08-24T04:00:17.130+0000] {dag.py:3677} INFO - Setting next_dagrun for example_task_group to 2023-08-23T04:00:17.130037+00:00, run_after=2023-08-24T04:00:17.130037+00:00
[2023-08-24T04:00:17.140+0000] {processor.py:179} INFO - Processing /home/airflow/.local/lib/python3.8/site-packages/airflow/example_dags/example_task_group.py took 0.049 seconds
[2023-08-24T04:00:47.954+0000] {processor.py:157} INFO - Started process (PID=162) to work on /home/airflow/.local/lib/python3.8/site-packages/airflow/example_dags/example_task_group.py
[2023-08-24T04:00:47.955+0000] {processor.py:829} INFO - Processing file /home/airflow/.local/lib/python3.8/site-packages/airflow/example_dags/example_task_group.py for tasks to queue
[2023-08-24T04:00:47.957+0000] {logging_mixin.py:151} INFO - [2023-08-24T04:00:47.957+0000] {dagbag.py:539} INFO - Filling up the DagBag from /home/airflow/.local/lib/python3.8/site-packages/airflow/example_dags/example_task_group.py
[2023-08-24T04:00:47.962+0000] {processor.py:839} INFO - DAG(s) dict_keys(['example_task_group']) retrieved from /home/airflow/.local/lib/python3.8/site-packages/airflow/example_dags/example_task_group.py
[2023-08-24T04:00:47.979+0000] {logging_mixin.py:151} INFO - [2023-08-24T04:00:47.979+0000] {dag.py:2907} INFO - Sync 1 DAGs
[2023-08-24T04:00:47.991+0000] {logging_mixin.py:151} INFO - [2023-08-24T04:00:47.990+0000] {dag.py:3677} INFO - Setting next_dagrun for example_task_group to 2023-08-23T04:00:47.990699+00:00, run_after=2023-08-24T04:00:47.990699+00:00
[2023-08-24T04:00:48.001+0000] {processor.py:179} INFO - Processing /home/airflow/.local/lib/python3.8/site-packages/airflow/example_dags/example_task_group.py took 0.050 seconds
[2023-08-24T04:01:18.634+0000] {processor.py:157} INFO - Started process (PID=225) to work on /home/airflow/.local/lib/python3.8/site-packages/airflow/example_dags/example_task_group.py
[2023-08-24T04:01:18.635+0000] {processor.py:829} INFO - Processing file /home/airflow/.local/lib/python3.8/site-packages/airflow/example_dags/example_task_group.py for tasks to queue
[2023-08-24T04:01:18.637+0000] {logging_mixin.py:151} INFO - [2023-08-24T04:01:18.637+0000] {dagbag.py:539} INFO - Filling up the DagBag from /home/airflow/.local/lib/python3.8/site-packages/airflow/example_dags/example_task_group.py
[2023-08-24T04:01:18.642+0000] {processor.py:839} INFO - DAG(s) dict_keys(['example_task_group']) retrieved from /home/airflow/.local/lib/python3.8/site-packages/airflow/example_dags/example_task_group.py
[2023-08-24T04:01:18.659+0000] {logging_mixin.py:151} INFO - [2023-08-24T04:01:18.659+0000] {dag.py:2907} INFO - Sync 1 DAGs
[2023-08-24T04:01:18.671+0000] {logging_mixin.py:151} INFO - [2023-08-24T04:01:18.670+0000] {dag.py:3677} INFO - Setting next_dagrun for example_task_group to 2023-08-23T04:01:18.670697+00:00, run_after=2023-08-24T04:01:18.670697+00:00
[2023-08-24T04:01:18.681+0000] {processor.py:179} INFO - Processing /home/airflow/.local/lib/python3.8/site-packages/airflow/example_dags/example_task_group.py took 0.050 seconds
[2023-08-24T04:01:49.517+0000] {processor.py:157} INFO - Started process (PID=288) to work on /home/airflow/.local/lib/python3.8/site-packages/airflow/example_dags/example_task_group.py
[2023-08-24T04:01:49.518+0000] {processor.py:829} INFO - Processing file /home/airflow/.local/lib/python3.8/site-packages/airflow/example_dags/example_task_group.py for tasks to queue
[2023-08-24T04:01:49.520+0000] {logging_mixin.py:151} INFO - [2023-08-24T04:01:49.520+0000] {dagbag.py:539} INFO - Filling up the DagBag from /home/airflow/.local/lib/python3.8/site-packages/airflow/example_dags/example_task_group.py
[2023-08-24T04:01:49.525+0000] {processor.py:839} INFO - DAG(s) dict_keys(['example_task_group']) retrieved from /home/airflow/.local/lib/python3.8/site-packages/airflow/example_dags/example_task_group.py
[2023-08-24T04:01:49.541+0000] {logging_mixin.py:151} INFO - [2023-08-24T04:01:49.541+0000] {dag.py:2907} INFO - Sync 1 DAGs
[2023-08-24T04:01:49.553+0000] {logging_mixin.py:151} INFO - [2023-08-24T04:01:49.553+0000] {dag.py:3677} INFO - Setting next_dagrun for example_task_group to 2023-08-23T04:01:49.553448+00:00, run_after=2023-08-24T04:01:49.553448+00:00
[2023-08-24T04:01:49.563+0000] {processor.py:179} INFO - Processing /home/airflow/.local/lib/python3.8/site-packages/airflow/example_dags/example_task_group.py took 0.049 seconds
[2023-08-24T04:02:20.365+0000] {processor.py:157} INFO - Started process (PID=351) to work on /home/airflow/.local/lib/python3.8/site-packages/airflow/example_dags/example_task_group.py
[2023-08-24T04:02:20.366+0000] {processor.py:829} INFO - Processing file /home/airflow/.local/lib/python3.8/site-packages/airflow/example_dags/example_task_group.py for tasks to queue
[2023-08-24T04:02:20.368+0000] {logging_mixin.py:151} INFO - [2023-08-24T04:02:20.368+0000] {dagbag.py:539} INFO - Filling up the DagBag from /home/airflow/.local/lib/python3.8/site-packages/airflow/example_dags/example_task_group.py
[2023-08-24T04:02:20.374+0000] {processor.py:839} INFO - DAG(s) dict_keys(['example_task_group']) retrieved from /home/airflow/.local/lib/python3.8/site-packages/airflow/example_dags/example_task_group.py
[2023-08-24T04:02:20.392+0000] {logging_mixin.py:151} INFO - [2023-08-24T04:02:20.392+0000] {dag.py:2907} INFO - Sync 1 DAGs
[2023-08-24T04:02:20.405+0000] {logging_mixin.py:151} INFO - [2023-08-24T04:02:20.405+0000] {dag.py:3677} INFO - Setting next_dagrun for example_task_group to 2023-08-23T04:02:20.405342+00:00, run_after=2023-08-24T04:02:20.405342+00:00
[2023-08-24T04:02:20.415+0000] {processor.py:179} INFO - Processing /home/airflow/.local/lib/python3.8/site-packages/airflow/example_dags/example_task_group.py took 0.053 seconds
[2023-08-24T04:02:51.158+0000] {processor.py:157} INFO - Started process (PID=414) to work on /home/airflow/.local/lib/python3.8/site-packages/airflow/example_dags/example_task_group.py
[2023-08-24T04:02:51.159+0000] {processor.py:829} INFO - Processing file /home/airflow/.local/lib/python3.8/site-packages/airflow/example_dags/example_task_group.py for tasks to queue
[2023-08-24T04:02:51.161+0000] {logging_mixin.py:151} INFO - [2023-08-24T04:02:51.161+0000] {dagbag.py:539} INFO - Filling up the DagBag from /home/airflow/.local/lib/python3.8/site-packages/airflow/example_dags/example_task_group.py
[2023-08-24T04:02:51.167+0000] {processor.py:839} INFO - DAG(s) dict_keys(['example_task_group']) retrieved from /home/airflow/.local/lib/python3.8/site-packages/airflow/example_dags/example_task_group.py
[2023-08-24T04:02:51.187+0000] {logging_mixin.py:151} INFO - [2023-08-24T04:02:51.186+0000] {dag.py:2907} INFO - Sync 1 DAGs
[2023-08-24T04:02:51.200+0000] {logging_mixin.py:151} INFO - [2023-08-24T04:02:51.200+0000] {dag.py:3677} INFO - Setting next_dagrun for example_task_group to 2023-08-23T04:02:51.200285+00:00, run_after=2023-08-24T04:02:51.200285+00:00
[2023-08-24T04:02:51.212+0000] {processor.py:179} INFO - Processing /home/airflow/.local/lib/python3.8/site-packages/airflow/example_dags/example_task_group.py took 0.057 seconds
[2023-08-24T04:03:21.757+0000] {processor.py:157} INFO - Started process (PID=477) to work on /home/airflow/.local/lib/python3.8/site-packages/airflow/example_dags/example_task_group.py
[2023-08-24T04:03:21.758+0000] {processor.py:829} INFO - Processing file /home/airflow/.local/lib/python3.8/site-packages/airflow/example_dags/example_task_group.py for tasks to queue
[2023-08-24T04:03:21.760+0000] {logging_mixin.py:151} INFO - [2023-08-24T04:03:21.759+0000] {dagbag.py:539} INFO - Filling up the DagBag from /home/airflow/.local/lib/python3.8/site-packages/airflow/example_dags/example_task_group.py
[2023-08-24T04:03:21.765+0000] {processor.py:839} INFO - DAG(s) dict_keys(['example_task_group']) retrieved from /home/airflow/.local/lib/python3.8/site-packages/airflow/example_dags/example_task_group.py
[2023-08-24T04:03:21.781+0000] {logging_mixin.py:151} INFO - [2023-08-24T04:03:21.781+0000] {dag.py:2907} INFO - Sync 1 DAGs
[2023-08-24T04:03:21.793+0000] {logging_mixin.py:151} INFO - [2023-08-24T04:03:21.793+0000] {dag.py:3677} INFO - Setting next_dagrun for example_task_group to 2023-08-23T04:03:21.793452+00:00, run_after=2023-08-24T04:03:21.793452+00:00
[2023-08-24T04:03:21.804+0000] {processor.py:179} INFO - Processing /home/airflow/.local/lib/python3.8/site-packages/airflow/example_dags/example_task_group.py took 0.050 seconds
[2023-08-24T04:03:52.399+0000] {processor.py:157} INFO - Started process (PID=540) to work on /home/airflow/.local/lib/python3.8/site-packages/airflow/example_dags/example_task_group.py
[2023-08-24T04:03:52.401+0000] {processor.py:829} INFO - Processing file /home/airflow/.local/lib/python3.8/site-packages/airflow/example_dags/example_task_group.py for tasks to queue
[2023-08-24T04:03:52.403+0000] {logging_mixin.py:151} INFO - [2023-08-24T04:03:52.402+0000] {dagbag.py:539} INFO - Filling up the DagBag from /home/airflow/.local/lib/python3.8/site-packages/airflow/example_dags/example_task_group.py
[2023-08-24T04:03:52.409+0000] {processor.py:839} INFO - DAG(s) dict_keys(['example_task_group']) retrieved from /home/airflow/.local/lib/python3.8/site-packages/airflow/example_dags/example_task_group.py
[2023-08-24T04:03:52.426+0000] {logging_mixin.py:151} INFO - [2023-08-24T04:03:52.425+0000] {dag.py:2907} INFO - Sync 1 DAGs
[2023-08-24T04:03:52.438+0000] {logging_mixin.py:151} INFO - [2023-08-24T04:03:52.438+0000] {dag.py:3677} INFO - Setting next_dagrun for example_task_group to 2023-08-23T04:03:52.438078+00:00, run_after=2023-08-24T04:03:52.438078+00:00
[2023-08-24T04:03:52.447+0000] {processor.py:179} INFO - Processing /home/airflow/.local/lib/python3.8/site-packages/airflow/example_dags/example_task_group.py took 0.050 seconds
[2023-08-24T04:04:23.241+0000] {processor.py:157} INFO - Started process (PID=603) to work on /home/airflow/.local/lib/python3.8/site-packages/airflow/example_dags/example_task_group.py
[2023-08-24T04:04:23.242+0000] {processor.py:829} INFO - Processing file /home/airflow/.local/lib/python3.8/site-packages/airflow/example_dags/example_task_group.py for tasks to queue
[2023-08-24T04:04:23.245+0000] {logging_mixin.py:151} INFO - [2023-08-24T04:04:23.244+0000] {dagbag.py:539} INFO - Filling up the DagBag from /home/airflow/.local/lib/python3.8/site-packages/airflow/example_dags/example_task_group.py
[2023-08-24T04:04:23.250+0000] {processor.py:839} INFO - DAG(s) dict_keys(['example_task_group']) retrieved from /home/airflow/.local/lib/python3.8/site-packages/airflow/example_dags/example_task_group.py
[2023-08-24T04:04:23.270+0000] {logging_mixin.py:151} INFO - [2023-08-24T04:04:23.269+0000] {dag.py:2907} INFO - Sync 1 DAGs
[2023-08-24T04:04:23.284+0000] {logging_mixin.py:151} INFO - [2023-08-24T04:04:23.284+0000] {dag.py:3677} INFO - Setting next_dagrun for example_task_group to 2023-08-23T04:04:23.283874+00:00, run_after=2023-08-24T04:04:23.283874+00:00
[2023-08-24T04:04:23.297+0000] {processor.py:179} INFO - Processing /home/airflow/.local/lib/python3.8/site-packages/airflow/example_dags/example_task_group.py took 0.059 seconds
[2023-08-24T04:04:54.111+0000] {processor.py:157} INFO - Started process (PID=666) to work on /home/airflow/.local/lib/python3.8/site-packages/airflow/example_dags/example_task_group.py
[2023-08-24T04:04:54.112+0000] {processor.py:829} INFO - Processing file /home/airflow/.local/lib/python3.8/site-packages/airflow/example_dags/example_task_group.py for tasks to queue
[2023-08-24T04:04:54.114+0000] {logging_mixin.py:151} INFO - [2023-08-24T04:04:54.114+0000] {dagbag.py:539} INFO - Filling up the DagBag from /home/airflow/.local/lib/python3.8/site-packages/airflow/example_dags/example_task_group.py
[2023-08-24T04:04:54.120+0000] {processor.py:839} INFO - DAG(s) dict_keys(['example_task_group']) retrieved from /home/airflow/.local/lib/python3.8/site-packages/airflow/example_dags/example_task_group.py
[2023-08-24T04:04:54.137+0000] {logging_mixin.py:151} INFO - [2023-08-24T04:04:54.137+0000] {dag.py:2907} INFO - Sync 1 DAGs
[2023-08-24T04:04:54.150+0000] {logging_mixin.py:151} INFO - [2023-08-24T04:04:54.150+0000] {dag.py:3677} INFO - Setting next_dagrun for example_task_group to 2023-08-23T04:04:54.150311+00:00, run_after=2023-08-24T04:04:54.150311+00:00
[2023-08-24T04:04:54.163+0000] {processor.py:179} INFO - Processing /home/airflow/.local/lib/python3.8/site-packages/airflow/example_dags/example_task_group.py took 0.055 seconds
[2023-08-24T04:05:24.953+0000] {processor.py:157} INFO - Started process (PID=729) to work on /home/airflow/.local/lib/python3.8/site-packages/airflow/example_dags/example_task_group.py
[2023-08-24T04:05:24.955+0000] {processor.py:829} INFO - Processing file /home/airflow/.local/lib/python3.8/site-packages/airflow/example_dags/example_task_group.py for tasks to queue
[2023-08-24T04:05:24.956+0000] {logging_mixin.py:151} INFO - [2023-08-24T04:05:24.956+0000] {dagbag.py:539} INFO - Filling up the DagBag from /home/airflow/.local/lib/python3.8/site-packages/airflow/example_dags/example_task_group.py
[2023-08-24T04:05:24.962+0000] {processor.py:839} INFO - DAG(s) dict_keys(['example_task_group']) retrieved from /home/airflow/.local/lib/python3.8/site-packages/airflow/example_dags/example_task_group.py
[2023-08-24T04:05:24.978+0000] {logging_mixin.py:151} INFO - [2023-08-24T04:05:24.978+0000] {dag.py:2907} INFO - Sync 1 DAGs
[2023-08-24T04:05:24.990+0000] {logging_mixin.py:151} INFO - [2023-08-24T04:05:24.990+0000] {dag.py:3677} INFO - Setting next_dagrun for example_task_group to 2023-08-23T04:05:24.990209+00:00, run_after=2023-08-24T04:05:24.990209+00:00
[2023-08-24T04:05:25.001+0000] {processor.py:179} INFO - Processing /home/airflow/.local/lib/python3.8/site-packages/airflow/example_dags/example_task_group.py took 0.050 seconds
[2023-08-24T04:05:55.671+0000] {processor.py:157} INFO - Started process (PID=792) to work on /home/airflow/.local/lib/python3.8/site-packages/airflow/example_dags/example_task_group.py
[2023-08-24T04:05:55.672+0000] {processor.py:829} INFO - Processing file /home/airflow/.local/lib/python3.8/site-packages/airflow/example_dags/example_task_group.py for tasks to queue
[2023-08-24T04:05:55.674+0000] {logging_mixin.py:151} INFO - [2023-08-24T04:05:55.674+0000] {dagbag.py:539} INFO - Filling up the DagBag from /home/airflow/.local/lib/python3.8/site-packages/airflow/example_dags/example_task_group.py
[2023-08-24T04:05:55.679+0000] {processor.py:839} INFO - DAG(s) dict_keys(['example_task_group']) retrieved from /home/airflow/.local/lib/python3.8/site-packages/airflow/example_dags/example_task_group.py
[2023-08-24T04:05:55.698+0000] {logging_mixin.py:151} INFO - [2023-08-24T04:05:55.698+0000] {dag.py:2907} INFO - Sync 1 DAGs
[2023-08-24T04:05:55.711+0000] {logging_mixin.py:151} INFO - [2023-08-24T04:05:55.711+0000] {dag.py:3677} INFO - Setting next_dagrun for example_task_group to 2023-08-23T04:05:55.710930+00:00, run_after=2023-08-24T04:05:55.710930+00:00
[2023-08-24T04:05:55.721+0000] {processor.py:179} INFO - Processing /home/airflow/.local/lib/python3.8/site-packages/airflow/example_dags/example_task_group.py took 0.053 seconds
[2023-08-24T04:06:26.270+0000] {processor.py:157} INFO - Started process (PID=855) to work on /home/airflow/.local/lib/python3.8/site-packages/airflow/example_dags/example_task_group.py
[2023-08-24T04:06:26.271+0000] {processor.py:829} INFO - Processing file /home/airflow/.local/lib/python3.8/site-packages/airflow/example_dags/example_task_group.py for tasks to queue
[2023-08-24T04:06:26.272+0000] {logging_mixin.py:151} INFO - [2023-08-24T04:06:26.272+0000] {dagbag.py:539} INFO - Filling up the DagBag from /home/airflow/.local/lib/python3.8/site-packages/airflow/example_dags/example_task_group.py
[2023-08-24T04:06:26.278+0000] {processor.py:839} INFO - DAG(s) dict_keys(['example_task_group']) retrieved from /home/airflow/.local/lib/python3.8/site-packages/airflow/example_dags/example_task_group.py
[2023-08-24T04:06:26.294+0000] {logging_mixin.py:151} INFO - [2023-08-24T04:06:26.294+0000] {dag.py:2907} INFO - Sync 1 DAGs
[2023-08-24T04:06:26.306+0000] {logging_mixin.py:151} INFO - [2023-08-24T04:06:26.306+0000] {dag.py:3677} INFO - Setting next_dagrun for example_task_group to 2023-08-23T04:06:26.306329+00:00, run_after=2023-08-24T04:06:26.306329+00:00
[2023-08-24T04:06:26.318+0000] {processor.py:179} INFO - Processing /home/airflow/.local/lib/python3.8/site-packages/airflow/example_dags/example_task_group.py took 0.051 seconds
[2023-08-24T04:06:57.018+0000] {processor.py:157} INFO - Started process (PID=917) to work on /home/airflow/.local/lib/python3.8/site-packages/airflow/example_dags/example_task_group.py
[2023-08-24T04:06:57.019+0000] {processor.py:829} INFO - Processing file /home/airflow/.local/lib/python3.8/site-packages/airflow/example_dags/example_task_group.py for tasks to queue
[2023-08-24T04:06:57.021+0000] {logging_mixin.py:151} INFO - [2023-08-24T04:06:57.021+0000] {dagbag.py:539} INFO - Filling up the DagBag from /home/airflow/.local/lib/python3.8/site-packages/airflow/example_dags/example_task_group.py
[2023-08-24T04:06:57.028+0000] {processor.py:839} INFO - DAG(s) dict_keys(['example_task_group']) retrieved from /home/airflow/.local/lib/python3.8/site-packages/airflow/example_dags/example_task_group.py
[2023-08-24T04:06:57.047+0000] {logging_mixin.py:151} INFO - [2023-08-24T04:06:57.047+0000] {dag.py:2907} INFO - Sync 1 DAGs
[2023-08-24T04:06:57.060+0000] {logging_mixin.py:151} INFO - [2023-08-24T04:06:57.060+0000] {dag.py:3677} INFO - Setting next_dagrun for example_task_group to 2023-08-23T04:06:57.060536+00:00, run_after=2023-08-24T04:06:57.060536+00:00
[2023-08-24T04:06:57.071+0000] {processor.py:179} INFO - Processing /home/airflow/.local/lib/python3.8/site-packages/airflow/example_dags/example_task_group.py took 0.056 seconds
[2023-08-24T04:07:27.686+0000] {processor.py:157} INFO - Started process (PID=980) to work on /home/airflow/.local/lib/python3.8/site-packages/airflow/example_dags/example_task_group.py
[2023-08-24T04:07:27.687+0000] {processor.py:829} INFO - Processing file /home/airflow/.local/lib/python3.8/site-packages/airflow/example_dags/example_task_group.py for tasks to queue
[2023-08-24T04:07:27.689+0000] {logging_mixin.py:151} INFO - [2023-08-24T04:07:27.689+0000] {dagbag.py:539} INFO - Filling up the DagBag from /home/airflow/.local/lib/python3.8/site-packages/airflow/example_dags/example_task_group.py
[2023-08-24T04:07:27.695+0000] {processor.py:839} INFO - DAG(s) dict_keys(['example_task_group']) retrieved from /home/airflow/.local/lib/python3.8/site-packages/airflow/example_dags/example_task_group.py
[2023-08-24T04:07:27.711+0000] {logging_mixin.py:151} INFO - [2023-08-24T04:07:27.711+0000] {dag.py:2907} INFO - Sync 1 DAGs
[2023-08-24T04:07:27.724+0000] {logging_mixin.py:151} INFO - [2023-08-24T04:07:27.723+0000] {dag.py:3677} INFO - Setting next_dagrun for example_task_group to 2023-08-23T04:07:27.723750+00:00, run_after=2023-08-24T04:07:27.723750+00:00
[2023-08-24T04:07:27.733+0000] {processor.py:179} INFO - Processing /home/airflow/.local/lib/python3.8/site-packages/airflow/example_dags/example_task_group.py took 0.050 seconds
[2023-08-24T04:07:58.423+0000] {processor.py:157} INFO - Started process (PID=1043) to work on /home/airflow/.local/lib/python3.8/site-packages/airflow/example_dags/example_task_group.py
[2023-08-24T04:07:58.425+0000] {processor.py:829} INFO - Processing file /home/airflow/.local/lib/python3.8/site-packages/airflow/example_dags/example_task_group.py for tasks to queue
[2023-08-24T04:07:58.426+0000] {logging_mixin.py:151} INFO - [2023-08-24T04:07:58.426+0000] {dagbag.py:539} INFO - Filling up the DagBag from /home/airflow/.local/lib/python3.8/site-packages/airflow/example_dags/example_task_group.py
[2023-08-24T04:07:58.431+0000] {processor.py:839} INFO - DAG(s) dict_keys(['example_task_group']) retrieved from /home/airflow/.local/lib/python3.8/site-packages/airflow/example_dags/example_task_group.py
[2023-08-24T04:07:58.448+0000] {logging_mixin.py:151} INFO - [2023-08-24T04:07:58.448+0000] {dag.py:2907} INFO - Sync 1 DAGs
[2023-08-24T04:07:58.460+0000] {logging_mixin.py:151} INFO - [2023-08-24T04:07:58.460+0000] {dag.py:3677} INFO - Setting next_dagrun for example_task_group to 2023-08-23T04:07:58.460003+00:00, run_after=2023-08-24T04:07:58.460003+00:00
[2023-08-24T04:07:58.471+0000] {processor.py:179} INFO - Processing /home/airflow/.local/lib/python3.8/site-packages/airflow/example_dags/example_task_group.py took 0.050 seconds
[2023-08-24T04:08:29.129+0000] {processor.py:157} INFO - Started process (PID=1106) to work on /home/airflow/.local/lib/python3.8/site-packages/airflow/example_dags/example_task_group.py
[2023-08-24T04:08:29.130+0000] {processor.py:829} INFO - Processing file /home/airflow/.local/lib/python3.8/site-packages/airflow/example_dags/example_task_group.py for tasks to queue
[2023-08-24T04:08:29.133+0000] {logging_mixin.py:151} INFO - [2023-08-24T04:08:29.132+0000] {dagbag.py:539} INFO - Filling up the DagBag from /home/airflow/.local/lib/python3.8/site-packages/airflow/example_dags/example_task_group.py
[2023-08-24T04:08:29.139+0000] {processor.py:839} INFO - DAG(s) dict_keys(['example_task_group']) retrieved from /home/airflow/.local/lib/python3.8/site-packages/airflow/example_dags/example_task_group.py
[2023-08-24T04:08:29.156+0000] {logging_mixin.py:151} INFO - [2023-08-24T04:08:29.156+0000] {dag.py:2907} INFO - Sync 1 DAGs
[2023-08-24T04:08:29.169+0000] {logging_mixin.py:151} INFO - [2023-08-24T04:08:29.169+0000] {dag.py:3677} INFO - Setting next_dagrun for example_task_group to 2023-08-23T04:08:29.169198+00:00, run_after=2023-08-24T04:08:29.169198+00:00
[2023-08-24T04:08:29.180+0000] {processor.py:179} INFO - Processing /home/airflow/.local/lib/python3.8/site-packages/airflow/example_dags/example_task_group.py took 0.054 seconds
[2023-08-24T04:08:59.822+0000] {processor.py:157} INFO - Started process (PID=1169) to work on /home/airflow/.local/lib/python3.8/site-packages/airflow/example_dags/example_task_group.py
[2023-08-24T04:08:59.823+0000] {processor.py:829} INFO - Processing file /home/airflow/.local/lib/python3.8/site-packages/airflow/example_dags/example_task_group.py for tasks to queue
[2023-08-24T04:08:59.825+0000] {logging_mixin.py:151} INFO - [2023-08-24T04:08:59.824+0000] {dagbag.py:539} INFO - Filling up the DagBag from /home/airflow/.local/lib/python3.8/site-packages/airflow/example_dags/example_task_group.py
[2023-08-24T04:08:59.830+0000] {processor.py:839} INFO - DAG(s) dict_keys(['example_task_group']) retrieved from /home/airflow/.local/lib/python3.8/site-packages/airflow/example_dags/example_task_group.py
[2023-08-24T04:08:59.847+0000] {logging_mixin.py:151} INFO - [2023-08-24T04:08:59.847+0000] {dag.py:2907} INFO - Sync 1 DAGs
[2023-08-24T04:08:59.860+0000] {logging_mixin.py:151} INFO - [2023-08-24T04:08:59.859+0000] {dag.py:3677} INFO - Setting next_dagrun for example_task_group to 2023-08-23T04:08:59.859683+00:00, run_after=2023-08-24T04:08:59.859683+00:00
[2023-08-24T04:08:59.870+0000] {processor.py:179} INFO - Processing /home/airflow/.local/lib/python3.8/site-packages/airflow/example_dags/example_task_group.py took 0.051 seconds
[2023-08-24T04:09:30.673+0000] {processor.py:157} INFO - Started process (PID=1232) to work on /home/airflow/.local/lib/python3.8/site-packages/airflow/example_dags/example_task_group.py
[2023-08-24T04:09:30.675+0000] {processor.py:829} INFO - Processing file /home/airflow/.local/lib/python3.8/site-packages/airflow/example_dags/example_task_group.py for tasks to queue
[2023-08-24T04:09:30.676+0000] {logging_mixin.py:151} INFO - [2023-08-24T04:09:30.676+0000] {dagbag.py:539} INFO - Filling up the DagBag from /home/airflow/.local/lib/python3.8/site-packages/airflow/example_dags/example_task_group.py
[2023-08-24T04:09:30.682+0000] {processor.py:839} INFO - DAG(s) dict_keys(['example_task_group']) retrieved from /home/airflow/.local/lib/python3.8/site-packages/airflow/example_dags/example_task_group.py
[2023-08-24T04:09:30.697+0000] {logging_mixin.py:151} INFO - [2023-08-24T04:09:30.697+0000] {dag.py:2907} INFO - Sync 1 DAGs
[2023-08-24T04:09:30.709+0000] {logging_mixin.py:151} INFO - [2023-08-24T04:09:30.709+0000] {dag.py:3677} INFO - Setting next_dagrun for example_task_group to 2023-08-23T04:09:30.709553+00:00, run_after=2023-08-24T04:09:30.709553+00:00
[2023-08-24T04:09:30.719+0000] {processor.py:179} INFO - Processing /home/airflow/.local/lib/python3.8/site-packages/airflow/example_dags/example_task_group.py took 0.048 seconds
[2023-08-24T04:10:01.349+0000] {processor.py:157} INFO - Started process (PID=1295) to work on /home/airflow/.local/lib/python3.8/site-packages/airflow/example_dags/example_task_group.py
[2023-08-24T04:10:01.350+0000] {processor.py:829} INFO - Processing file /home/airflow/.local/lib/python3.8/site-packages/airflow/example_dags/example_task_group.py for tasks to queue
[2023-08-24T04:10:01.352+0000] {logging_mixin.py:151} INFO - [2023-08-24T04:10:01.351+0000] {dagbag.py:539} INFO - Filling up the DagBag from /home/airflow/.local/lib/python3.8/site-packages/airflow/example_dags/example_task_group.py
[2023-08-24T04:10:01.357+0000] {processor.py:839} INFO - DAG(s) dict_keys(['example_task_group']) retrieved from /home/airflow/.local/lib/python3.8/site-packages/airflow/example_dags/example_task_group.py
[2023-08-24T04:10:01.373+0000] {logging_mixin.py:151} INFO - [2023-08-24T04:10:01.373+0000] {dag.py:2907} INFO - Sync 1 DAGs
[2023-08-24T04:10:01.386+0000] {logging_mixin.py:151} INFO - [2023-08-24T04:10:01.386+0000] {dag.py:3677} INFO - Setting next_dagrun for example_task_group to 2023-08-23T04:10:01.385911+00:00, run_after=2023-08-24T04:10:01.385911+00:00
[2023-08-24T04:10:01.396+0000] {processor.py:179} INFO - Processing /home/airflow/.local/lib/python3.8/site-packages/airflow/example_dags/example_task_group.py took 0.050 seconds
[2023-08-24T04:10:31.990+0000] {processor.py:157} INFO - Started process (PID=1358) to work on /home/airflow/.local/lib/python3.8/site-packages/airflow/example_dags/example_task_group.py
[2023-08-24T04:10:31.991+0000] {processor.py:829} INFO - Processing file /home/airflow/.local/lib/python3.8/site-packages/airflow/example_dags/example_task_group.py for tasks to queue
[2023-08-24T04:10:31.993+0000] {logging_mixin.py:151} INFO - [2023-08-24T04:10:31.993+0000] {dagbag.py:539} INFO - Filling up the DagBag from /home/airflow/.local/lib/python3.8/site-packages/airflow/example_dags/example_task_group.py
[2023-08-24T04:10:31.998+0000] {processor.py:839} INFO - DAG(s) dict_keys(['example_task_group']) retrieved from /home/airflow/.local/lib/python3.8/site-packages/airflow/example_dags/example_task_group.py
[2023-08-24T04:10:32.018+0000] {logging_mixin.py:151} INFO - [2023-08-24T04:10:32.018+0000] {dag.py:2907} INFO - Sync 1 DAGs
[2023-08-24T04:10:32.031+0000] {logging_mixin.py:151} INFO - [2023-08-24T04:10:32.031+0000] {dag.py:3677} INFO - Setting next_dagrun for example_task_group to 2023-08-23T04:10:32.030951+00:00, run_after=2023-08-24T04:10:32.030951+00:00
[2023-08-24T04:10:32.042+0000] {processor.py:179} INFO - Processing /home/airflow/.local/lib/python3.8/site-packages/airflow/example_dags/example_task_group.py took 0.055 seconds
[2023-08-24T04:11:02.724+0000] {processor.py:157} INFO - Started process (PID=1421) to work on /home/airflow/.local/lib/python3.8/site-packages/airflow/example_dags/example_task_group.py
[2023-08-24T04:11:02.725+0000] {processor.py:829} INFO - Processing file /home/airflow/.local/lib/python3.8/site-packages/airflow/example_dags/example_task_group.py for tasks to queue
[2023-08-24T04:11:02.727+0000] {logging_mixin.py:151} INFO - [2023-08-24T04:11:02.727+0000] {dagbag.py:539} INFO - Filling up the DagBag from /home/airflow/.local/lib/python3.8/site-packages/airflow/example_dags/example_task_group.py
[2023-08-24T04:11:02.732+0000] {processor.py:839} INFO - DAG(s) dict_keys(['example_task_group']) retrieved from /home/airflow/.local/lib/python3.8/site-packages/airflow/example_dags/example_task_group.py
[2023-08-24T04:11:02.750+0000] {logging_mixin.py:151} INFO - [2023-08-24T04:11:02.750+0000] {dag.py:2907} INFO - Sync 1 DAGs
[2023-08-24T04:11:02.763+0000] {logging_mixin.py:151} INFO - [2023-08-24T04:11:02.762+0000] {dag.py:3677} INFO - Setting next_dagrun for example_task_group to 2023-08-23T04:11:02.762795+00:00, run_after=2023-08-24T04:11:02.762795+00:00
[2023-08-24T04:11:02.773+0000] {processor.py:179} INFO - Processing /home/airflow/.local/lib/python3.8/site-packages/airflow/example_dags/example_task_group.py took 0.052 seconds
[2023-08-24T04:11:33.596+0000] {processor.py:157} INFO - Started process (PID=1484) to work on /home/airflow/.local/lib/python3.8/site-packages/airflow/example_dags/example_task_group.py
[2023-08-24T04:11:33.597+0000] {processor.py:829} INFO - Processing file /home/airflow/.local/lib/python3.8/site-packages/airflow/example_dags/example_task_group.py for tasks to queue
[2023-08-24T04:11:33.600+0000] {logging_mixin.py:151} INFO - [2023-08-24T04:11:33.599+0000] {dagbag.py:539} INFO - Filling up the DagBag from /home/airflow/.local/lib/python3.8/site-packages/airflow/example_dags/example_task_group.py
[2023-08-24T04:11:33.605+0000] {processor.py:839} INFO - DAG(s) dict_keys(['example_task_group']) retrieved from /home/airflow/.local/lib/python3.8/site-packages/airflow/example_dags/example_task_group.py
[2023-08-24T04:11:33.625+0000] {logging_mixin.py:151} INFO - [2023-08-24T04:11:33.624+0000] {dag.py:2907} INFO - Sync 1 DAGs
[2023-08-24T04:11:33.638+0000] {logging_mixin.py:151} INFO - [2023-08-24T04:11:33.638+0000] {dag.py:3677} INFO - Setting next_dagrun for example_task_group to 2023-08-23T04:11:33.638298+00:00, run_after=2023-08-24T04:11:33.638298+00:00
[2023-08-24T04:11:33.650+0000] {processor.py:179} INFO - Processing /home/airflow/.local/lib/python3.8/site-packages/airflow/example_dags/example_task_group.py took 0.058 seconds
[2023-08-24T04:12:04.270+0000] {processor.py:157} INFO - Started process (PID=1547) to work on /home/airflow/.local/lib/python3.8/site-packages/airflow/example_dags/example_task_group.py
[2023-08-24T04:12:04.271+0000] {processor.py:829} INFO - Processing file /home/airflow/.local/lib/python3.8/site-packages/airflow/example_dags/example_task_group.py for tasks to queue
[2023-08-24T04:12:04.273+0000] {logging_mixin.py:151} INFO - [2023-08-24T04:12:04.273+0000] {dagbag.py:539} INFO - Filling up the DagBag from /home/airflow/.local/lib/python3.8/site-packages/airflow/example_dags/example_task_group.py
[2023-08-24T04:12:04.278+0000] {processor.py:839} INFO - DAG(s) dict_keys(['example_task_group']) retrieved from /home/airflow/.local/lib/python3.8/site-packages/airflow/example_dags/example_task_group.py
[2023-08-24T04:12:04.294+0000] {logging_mixin.py:151} INFO - [2023-08-24T04:12:04.294+0000] {dag.py:2907} INFO - Sync 1 DAGs
[2023-08-24T04:12:04.306+0000] {logging_mixin.py:151} INFO - [2023-08-24T04:12:04.306+0000] {dag.py:3677} INFO - Setting next_dagrun for example_task_group to 2023-08-23T04:12:04.306255+00:00, run_after=2023-08-24T04:12:04.306255+00:00
[2023-08-24T04:12:04.319+0000] {processor.py:179} INFO - Processing /home/airflow/.local/lib/python3.8/site-packages/airflow/example_dags/example_task_group.py took 0.052 seconds
[2023-08-24T04:12:34.997+0000] {processor.py:157} INFO - Started process (PID=1610) to work on /home/airflow/.local/lib/python3.8/site-packages/airflow/example_dags/example_task_group.py
[2023-08-24T04:12:34.998+0000] {processor.py:829} INFO - Processing file /home/airflow/.local/lib/python3.8/site-packages/airflow/example_dags/example_task_group.py for tasks to queue
[2023-08-24T04:12:35.000+0000] {logging_mixin.py:151} INFO - [2023-08-24T04:12:35.000+0000] {dagbag.py:539} INFO - Filling up the DagBag from /home/airflow/.local/lib/python3.8/site-packages/airflow/example_dags/example_task_group.py
[2023-08-24T04:12:35.005+0000] {processor.py:839} INFO - DAG(s) dict_keys(['example_task_group']) retrieved from /home/airflow/.local/lib/python3.8/site-packages/airflow/example_dags/example_task_group.py
[2023-08-24T04:12:35.022+0000] {logging_mixin.py:151} INFO - [2023-08-24T04:12:35.021+0000] {dag.py:2907} INFO - Sync 1 DAGs
[2023-08-24T04:12:35.034+0000] {logging_mixin.py:151} INFO - [2023-08-24T04:12:35.034+0000] {dag.py:3677} INFO - Setting next_dagrun for example_task_group to 2023-08-23T04:12:35.033833+00:00, run_after=2023-08-24T04:12:35.033833+00:00
[2023-08-24T04:12:35.045+0000] {processor.py:179} INFO - Processing /home/airflow/.local/lib/python3.8/site-packages/airflow/example_dags/example_task_group.py took 0.050 seconds
[2023-08-24T04:13:05.776+0000] {processor.py:157} INFO - Started process (PID=1673) to work on /home/airflow/.local/lib/python3.8/site-packages/airflow/example_dags/example_task_group.py
[2023-08-24T04:13:05.777+0000] {processor.py:829} INFO - Processing file /home/airflow/.local/lib/python3.8/site-packages/airflow/example_dags/example_task_group.py for tasks to queue
[2023-08-24T04:13:05.778+0000] {logging_mixin.py:151} INFO - [2023-08-24T04:13:05.778+0000] {dagbag.py:539} INFO - Filling up the DagBag from /home/airflow/.local/lib/python3.8/site-packages/airflow/example_dags/example_task_group.py
[2023-08-24T04:13:05.784+0000] {processor.py:839} INFO - DAG(s) dict_keys(['example_task_group']) retrieved from /home/airflow/.local/lib/python3.8/site-packages/airflow/example_dags/example_task_group.py
[2023-08-24T04:13:05.800+0000] {logging_mixin.py:151} INFO - [2023-08-24T04:13:05.799+0000] {dag.py:2907} INFO - Sync 1 DAGs
[2023-08-24T04:13:05.811+0000] {logging_mixin.py:151} INFO - [2023-08-24T04:13:05.811+0000] {dag.py:3677} INFO - Setting next_dagrun for example_task_group to 2023-08-23T04:13:05.811329+00:00, run_after=2023-08-24T04:13:05.811329+00:00
[2023-08-24T04:13:05.821+0000] {processor.py:179} INFO - Processing /home/airflow/.local/lib/python3.8/site-packages/airflow/example_dags/example_task_group.py took 0.048 seconds
[2023-08-24T04:13:36.413+0000] {processor.py:157} INFO - Started process (PID=1736) to work on /home/airflow/.local/lib/python3.8/site-packages/airflow/example_dags/example_task_group.py
[2023-08-24T04:13:36.414+0000] {processor.py:829} INFO - Processing file /home/airflow/.local/lib/python3.8/site-packages/airflow/example_dags/example_task_group.py for tasks to queue
[2023-08-24T04:13:36.416+0000] {logging_mixin.py:151} INFO - [2023-08-24T04:13:36.416+0000] {dagbag.py:539} INFO - Filling up the DagBag from /home/airflow/.local/lib/python3.8/site-packages/airflow/example_dags/example_task_group.py
[2023-08-24T04:13:36.422+0000] {processor.py:839} INFO - DAG(s) dict_keys(['example_task_group']) retrieved from /home/airflow/.local/lib/python3.8/site-packages/airflow/example_dags/example_task_group.py
[2023-08-24T04:13:36.440+0000] {logging_mixin.py:151} INFO - [2023-08-24T04:13:36.439+0000] {dag.py:2907} INFO - Sync 1 DAGs
[2023-08-24T04:13:36.452+0000] {logging_mixin.py:151} INFO - [2023-08-24T04:13:36.452+0000] {dag.py:3677} INFO - Setting next_dagrun for example_task_group to 2023-08-23T04:13:36.452585+00:00, run_after=2023-08-24T04:13:36.452585+00:00
[2023-08-24T04:13:36.464+0000] {processor.py:179} INFO - Processing /home/airflow/.local/lib/python3.8/site-packages/airflow/example_dags/example_task_group.py took 0.054 seconds
[2023-08-24T04:14:07.189+0000] {processor.py:157} INFO - Started process (PID=1799) to work on /home/airflow/.local/lib/python3.8/site-packages/airflow/example_dags/example_task_group.py
[2023-08-24T04:14:07.190+0000] {processor.py:829} INFO - Processing file /home/airflow/.local/lib/python3.8/site-packages/airflow/example_dags/example_task_group.py for tasks to queue
[2023-08-24T04:14:07.192+0000] {logging_mixin.py:151} INFO - [2023-08-24T04:14:07.191+0000] {dagbag.py:539} INFO - Filling up the DagBag from /home/airflow/.local/lib/python3.8/site-packages/airflow/example_dags/example_task_group.py
[2023-08-24T04:14:07.197+0000] {processor.py:839} INFO - DAG(s) dict_keys(['example_task_group']) retrieved from /home/airflow/.local/lib/python3.8/site-packages/airflow/example_dags/example_task_group.py
[2023-08-24T04:14:07.213+0000] {logging_mixin.py:151} INFO - [2023-08-24T04:14:07.213+0000] {dag.py:2907} INFO - Sync 1 DAGs
[2023-08-24T04:14:07.225+0000] {logging_mixin.py:151} INFO - [2023-08-24T04:14:07.225+0000] {dag.py:3677} INFO - Setting next_dagrun for example_task_group to 2023-08-23T04:14:07.225567+00:00, run_after=2023-08-24T04:14:07.225567+00:00
[2023-08-24T04:14:07.236+0000] {processor.py:179} INFO - Processing /home/airflow/.local/lib/python3.8/site-packages/airflow/example_dags/example_task_group.py took 0.050 seconds
[2023-08-24T04:14:37.380+0000] {processor.py:157} INFO - Started process (PID=1862) to work on /home/airflow/.local/lib/python3.8/site-packages/airflow/example_dags/example_task_group.py
[2023-08-24T04:14:37.381+0000] {processor.py:829} INFO - Processing file /home/airflow/.local/lib/python3.8/site-packages/airflow/example_dags/example_task_group.py for tasks to queue
[2023-08-24T04:14:37.383+0000] {logging_mixin.py:151} INFO - [2023-08-24T04:14:37.383+0000] {dagbag.py:539} INFO - Filling up the DagBag from /home/airflow/.local/lib/python3.8/site-packages/airflow/example_dags/example_task_group.py
[2023-08-24T04:14:37.388+0000] {processor.py:839} INFO - DAG(s) dict_keys(['example_task_group']) retrieved from /home/airflow/.local/lib/python3.8/site-packages/airflow/example_dags/example_task_group.py
[2023-08-24T04:14:37.404+0000] {logging_mixin.py:151} INFO - [2023-08-24T04:14:37.404+0000] {dag.py:2907} INFO - Sync 1 DAGs
[2023-08-24T04:14:37.417+0000] {logging_mixin.py:151} INFO - [2023-08-24T04:14:37.417+0000] {dag.py:3677} INFO - Setting next_dagrun for example_task_group to 2023-08-23T04:14:37.416856+00:00, run_after=2023-08-24T04:14:37.416856+00:00
[2023-08-24T04:14:37.427+0000] {processor.py:179} INFO - Processing /home/airflow/.local/lib/python3.8/site-packages/airflow/example_dags/example_task_group.py took 0.050 seconds
[2023-08-24T04:15:08.242+0000] {processor.py:157} INFO - Started process (PID=1925) to work on /home/airflow/.local/lib/python3.8/site-packages/airflow/example_dags/example_task_group.py
[2023-08-24T04:15:08.243+0000] {processor.py:829} INFO - Processing file /home/airflow/.local/lib/python3.8/site-packages/airflow/example_dags/example_task_group.py for tasks to queue
[2023-08-24T04:15:08.245+0000] {logging_mixin.py:151} INFO - [2023-08-24T04:15:08.245+0000] {dagbag.py:539} INFO - Filling up the DagBag from /home/airflow/.local/lib/python3.8/site-packages/airflow/example_dags/example_task_group.py
[2023-08-24T04:15:08.250+0000] {processor.py:839} INFO - DAG(s) dict_keys(['example_task_group']) retrieved from /home/airflow/.local/lib/python3.8/site-packages/airflow/example_dags/example_task_group.py
[2023-08-24T04:15:08.267+0000] {logging_mixin.py:151} INFO - [2023-08-24T04:15:08.267+0000] {dag.py:2907} INFO - Sync 1 DAGs
[2023-08-24T04:15:08.279+0000] {logging_mixin.py:151} INFO - [2023-08-24T04:15:08.279+0000] {dag.py:3677} INFO - Setting next_dagrun for example_task_group to 2023-08-23T04:15:08.279263+00:00, run_after=2023-08-24T04:15:08.279263+00:00
[2023-08-24T04:15:08.291+0000] {processor.py:179} INFO - Processing /home/airflow/.local/lib/python3.8/site-packages/airflow/example_dags/example_task_group.py took 0.051 seconds
[2023-08-24T04:15:39.132+0000] {processor.py:157} INFO - Started process (PID=1987) to work on /home/airflow/.local/lib/python3.8/site-packages/airflow/example_dags/example_task_group.py
[2023-08-24T04:15:39.133+0000] {processor.py:829} INFO - Processing file /home/airflow/.local/lib/python3.8/site-packages/airflow/example_dags/example_task_group.py for tasks to queue
[2023-08-24T04:15:39.135+0000] {logging_mixin.py:151} INFO - [2023-08-24T04:15:39.134+0000] {dagbag.py:539} INFO - Filling up the DagBag from /home/airflow/.local/lib/python3.8/site-packages/airflow/example_dags/example_task_group.py
[2023-08-24T04:15:39.140+0000] {processor.py:839} INFO - DAG(s) dict_keys(['example_task_group']) retrieved from /home/airflow/.local/lib/python3.8/site-packages/airflow/example_dags/example_task_group.py
[2023-08-24T04:15:39.157+0000] {logging_mixin.py:151} INFO - [2023-08-24T04:15:39.157+0000] {dag.py:2907} INFO - Sync 1 DAGs
[2023-08-24T04:15:39.169+0000] {logging_mixin.py:151} INFO - [2023-08-24T04:15:39.169+0000] {dag.py:3677} INFO - Setting next_dagrun for example_task_group to 2023-08-23T04:15:39.168993+00:00, run_after=2023-08-24T04:15:39.168993+00:00
[2023-08-24T04:15:39.179+0000] {processor.py:179} INFO - Processing /home/airflow/.local/lib/python3.8/site-packages/airflow/example_dags/example_task_group.py took 0.050 seconds
[2023-08-24T04:16:09.885+0000] {processor.py:157} INFO - Started process (PID=2050) to work on /home/airflow/.local/lib/python3.8/site-packages/airflow/example_dags/example_task_group.py
[2023-08-24T04:16:09.886+0000] {processor.py:829} INFO - Processing file /home/airflow/.local/lib/python3.8/site-packages/airflow/example_dags/example_task_group.py for tasks to queue
[2023-08-24T04:16:09.888+0000] {logging_mixin.py:151} INFO - [2023-08-24T04:16:09.888+0000] {dagbag.py:539} INFO - Filling up the DagBag from /home/airflow/.local/lib/python3.8/site-packages/airflow/example_dags/example_task_group.py
[2023-08-24T04:16:09.894+0000] {processor.py:839} INFO - DAG(s) dict_keys(['example_task_group']) retrieved from /home/airflow/.local/lib/python3.8/site-packages/airflow/example_dags/example_task_group.py
[2023-08-24T04:16:09.911+0000] {logging_mixin.py:151} INFO - [2023-08-24T04:16:09.910+0000] {dag.py:2907} INFO - Sync 1 DAGs
[2023-08-24T04:16:09.922+0000] {logging_mixin.py:151} INFO - [2023-08-24T04:16:09.922+0000] {dag.py:3677} INFO - Setting next_dagrun for example_task_group to 2023-08-23T04:16:09.922465+00:00, run_after=2023-08-24T04:16:09.922465+00:00
[2023-08-24T04:16:09.933+0000] {processor.py:179} INFO - Processing /home/airflow/.local/lib/python3.8/site-packages/airflow/example_dags/example_task_group.py took 0.050 seconds
[2023-08-24T04:16:40.660+0000] {processor.py:157} INFO - Started process (PID=2113) to work on /home/airflow/.local/lib/python3.8/site-packages/airflow/example_dags/example_task_group.py
[2023-08-24T04:16:40.661+0000] {processor.py:829} INFO - Processing file /home/airflow/.local/lib/python3.8/site-packages/airflow/example_dags/example_task_group.py for tasks to queue
[2023-08-24T04:16:40.663+0000] {logging_mixin.py:151} INFO - [2023-08-24T04:16:40.663+0000] {dagbag.py:539} INFO - Filling up the DagBag from /home/airflow/.local/lib/python3.8/site-packages/airflow/example_dags/example_task_group.py
[2023-08-24T04:16:40.668+0000] {processor.py:839} INFO - DAG(s) dict_keys(['example_task_group']) retrieved from /home/airflow/.local/lib/python3.8/site-packages/airflow/example_dags/example_task_group.py
[2023-08-24T04:16:40.685+0000] {logging_mixin.py:151} INFO - [2023-08-24T04:16:40.684+0000] {dag.py:2907} INFO - Sync 1 DAGs
[2023-08-24T04:16:40.696+0000] {logging_mixin.py:151} INFO - [2023-08-24T04:16:40.696+0000] {dag.py:3677} INFO - Setting next_dagrun for example_task_group to 2023-08-23T04:16:40.696125+00:00, run_after=2023-08-24T04:16:40.696125+00:00
[2023-08-24T04:16:40.707+0000] {processor.py:179} INFO - Processing /home/airflow/.local/lib/python3.8/site-packages/airflow/example_dags/example_task_group.py took 0.049 seconds
[2023-08-24T04:17:11.472+0000] {processor.py:157} INFO - Started process (PID=2176) to work on /home/airflow/.local/lib/python3.8/site-packages/airflow/example_dags/example_task_group.py
[2023-08-24T04:17:11.474+0000] {processor.py:829} INFO - Processing file /home/airflow/.local/lib/python3.8/site-packages/airflow/example_dags/example_task_group.py for tasks to queue
[2023-08-24T04:17:11.477+0000] {logging_mixin.py:151} INFO - [2023-08-24T04:17:11.477+0000] {dagbag.py:539} INFO - Filling up the DagBag from /home/airflow/.local/lib/python3.8/site-packages/airflow/example_dags/example_task_group.py
[2023-08-24T04:17:11.484+0000] {processor.py:839} INFO - DAG(s) dict_keys(['example_task_group']) retrieved from /home/airflow/.local/lib/python3.8/site-packages/airflow/example_dags/example_task_group.py
[2023-08-24T04:17:11.504+0000] {logging_mixin.py:151} INFO - [2023-08-24T04:17:11.504+0000] {dag.py:2907} INFO - Sync 1 DAGs
[2023-08-24T04:17:11.517+0000] {logging_mixin.py:151} INFO - [2023-08-24T04:17:11.517+0000] {dag.py:3677} INFO - Setting next_dagrun for example_task_group to 2023-08-23T04:17:11.517589+00:00, run_after=2023-08-24T04:17:11.517589+00:00
[2023-08-24T04:17:11.530+0000] {processor.py:179} INFO - Processing /home/airflow/.local/lib/python3.8/site-packages/airflow/example_dags/example_task_group.py took 0.063 seconds
[2023-08-24T04:17:41.593+0000] {processor.py:157} INFO - Started process (PID=2243) to work on /home/airflow/.local/lib/python3.8/site-packages/airflow/example_dags/example_task_group.py
[2023-08-24T04:17:41.594+0000] {processor.py:829} INFO - Processing file /home/airflow/.local/lib/python3.8/site-packages/airflow/example_dags/example_task_group.py for tasks to queue
[2023-08-24T04:17:41.596+0000] {logging_mixin.py:151} INFO - [2023-08-24T04:17:41.595+0000] {dagbag.py:539} INFO - Filling up the DagBag from /home/airflow/.local/lib/python3.8/site-packages/airflow/example_dags/example_task_group.py
[2023-08-24T04:17:41.601+0000] {processor.py:839} INFO - DAG(s) dict_keys(['example_task_group']) retrieved from /home/airflow/.local/lib/python3.8/site-packages/airflow/example_dags/example_task_group.py
[2023-08-24T04:17:41.617+0000] {logging_mixin.py:151} INFO - [2023-08-24T04:17:41.617+0000] {dag.py:2907} INFO - Sync 1 DAGs
[2023-08-24T04:17:41.629+0000] {logging_mixin.py:151} INFO - [2023-08-24T04:17:41.629+0000] {dag.py:3677} INFO - Setting next_dagrun for example_task_group to 2023-08-23T04:17:41.629431+00:00, run_after=2023-08-24T04:17:41.629431+00:00
[2023-08-24T04:17:41.639+0000] {processor.py:179} INFO - Processing /home/airflow/.local/lib/python3.8/site-packages/airflow/example_dags/example_task_group.py took 0.049 seconds
[2023-08-24T04:18:12.533+0000] {processor.py:157} INFO - Started process (PID=2306) to work on /home/airflow/.local/lib/python3.8/site-packages/airflow/example_dags/example_task_group.py
[2023-08-24T04:18:12.536+0000] {processor.py:829} INFO - Processing file /home/airflow/.local/lib/python3.8/site-packages/airflow/example_dags/example_task_group.py for tasks to queue
[2023-08-24T04:18:12.549+0000] {logging_mixin.py:151} INFO - [2023-08-24T04:18:12.549+0000] {dagbag.py:539} INFO - Filling up the DagBag from /home/airflow/.local/lib/python3.8/site-packages/airflow/example_dags/example_task_group.py
[2023-08-24T04:18:12.558+0000] {processor.py:839} INFO - DAG(s) dict_keys(['example_task_group']) retrieved from /home/airflow/.local/lib/python3.8/site-packages/airflow/example_dags/example_task_group.py
[2023-08-24T04:18:12.576+0000] {logging_mixin.py:151} INFO - [2023-08-24T04:18:12.576+0000] {dag.py:2907} INFO - Sync 1 DAGs
[2023-08-24T04:18:12.592+0000] {logging_mixin.py:151} INFO - [2023-08-24T04:18:12.591+0000] {dag.py:3677} INFO - Setting next_dagrun for example_task_group to 2023-08-23T04:18:12.591781+00:00, run_after=2023-08-24T04:18:12.591781+00:00
[2023-08-24T04:18:12.605+0000] {processor.py:179} INFO - Processing /home/airflow/.local/lib/python3.8/site-packages/airflow/example_dags/example_task_group.py took 0.075 seconds
[2023-08-24T04:24:28.011+0000] {processor.py:157} INFO - Started process (PID=36) to work on /home/airflow/.local/lib/python3.8/site-packages/airflow/example_dags/example_task_group.py
[2023-08-24T04:24:28.012+0000] {processor.py:829} INFO - Processing file /home/airflow/.local/lib/python3.8/site-packages/airflow/example_dags/example_task_group.py for tasks to queue
[2023-08-24T04:24:28.014+0000] {logging_mixin.py:151} INFO - [2023-08-24T04:24:28.013+0000] {dagbag.py:539} INFO - Filling up the DagBag from /home/airflow/.local/lib/python3.8/site-packages/airflow/example_dags/example_task_group.py
[2023-08-24T04:24:28.023+0000] {processor.py:839} INFO - DAG(s) dict_keys(['example_task_group']) retrieved from /home/airflow/.local/lib/python3.8/site-packages/airflow/example_dags/example_task_group.py
[2023-08-24T04:24:28.110+0000] {logging_mixin.py:151} INFO - [2023-08-24T04:24:28.110+0000] {dag.py:2907} INFO - Sync 1 DAGs
[2023-08-24T04:24:28.121+0000] {logging_mixin.py:151} INFO - [2023-08-24T04:24:28.121+0000] {dag.py:3677} INFO - Setting next_dagrun for example_task_group to 2023-08-23T04:24:28.121192+00:00, run_after=2023-08-24T04:24:28.121192+00:00
[2023-08-24T04:24:28.130+0000] {processor.py:179} INFO - Processing /home/airflow/.local/lib/python3.8/site-packages/airflow/example_dags/example_task_group.py took 0.122 seconds
[2023-08-24T04:24:59.108+0000] {processor.py:157} INFO - Started process (PID=99) to work on /home/airflow/.local/lib/python3.8/site-packages/airflow/example_dags/example_task_group.py
[2023-08-24T04:24:59.110+0000] {processor.py:829} INFO - Processing file /home/airflow/.local/lib/python3.8/site-packages/airflow/example_dags/example_task_group.py for tasks to queue
[2023-08-24T04:24:59.112+0000] {logging_mixin.py:151} INFO - [2023-08-24T04:24:59.111+0000] {dagbag.py:539} INFO - Filling up the DagBag from /home/airflow/.local/lib/python3.8/site-packages/airflow/example_dags/example_task_group.py
[2023-08-24T04:24:59.117+0000] {processor.py:839} INFO - DAG(s) dict_keys(['example_task_group']) retrieved from /home/airflow/.local/lib/python3.8/site-packages/airflow/example_dags/example_task_group.py
[2023-08-24T04:24:59.134+0000] {logging_mixin.py:151} INFO - [2023-08-24T04:24:59.134+0000] {dag.py:2907} INFO - Sync 1 DAGs
[2023-08-24T04:24:59.147+0000] {logging_mixin.py:151} INFO - [2023-08-24T04:24:59.147+0000] {dag.py:3677} INFO - Setting next_dagrun for example_task_group to 2023-08-23T04:24:59.147017+00:00, run_after=2023-08-24T04:24:59.147017+00:00
[2023-08-24T04:24:59.157+0000] {processor.py:179} INFO - Processing /home/airflow/.local/lib/python3.8/site-packages/airflow/example_dags/example_task_group.py took 0.052 seconds
[2023-08-24T04:26:37.688+0000] {processor.py:157} INFO - Started process (PID=36) to work on /home/airflow/.local/lib/python3.8/site-packages/airflow/example_dags/example_task_group.py
[2023-08-24T04:26:37.689+0000] {processor.py:829} INFO - Processing file /home/airflow/.local/lib/python3.8/site-packages/airflow/example_dags/example_task_group.py for tasks to queue
[2023-08-24T04:26:37.691+0000] {logging_mixin.py:151} INFO - [2023-08-24T04:26:37.691+0000] {dagbag.py:539} INFO - Filling up the DagBag from /home/airflow/.local/lib/python3.8/site-packages/airflow/example_dags/example_task_group.py
[2023-08-24T04:26:37.701+0000] {processor.py:839} INFO - DAG(s) dict_keys(['example_task_group']) retrieved from /home/airflow/.local/lib/python3.8/site-packages/airflow/example_dags/example_task_group.py
[2023-08-24T04:26:37.802+0000] {logging_mixin.py:151} INFO - [2023-08-24T04:26:37.801+0000] {dag.py:2907} INFO - Sync 1 DAGs
[2023-08-24T04:26:37.812+0000] {logging_mixin.py:151} INFO - [2023-08-24T04:26:37.812+0000] {dag.py:3677} INFO - Setting next_dagrun for example_task_group to 2023-08-23T04:26:37.812641+00:00, run_after=2023-08-24T04:26:37.812641+00:00
[2023-08-24T04:26:37.825+0000] {processor.py:179} INFO - Processing /home/airflow/.local/lib/python3.8/site-packages/airflow/example_dags/example_task_group.py took 0.139 seconds
[2023-08-24T04:27:08.142+0000] {processor.py:157} INFO - Started process (PID=98) to work on /home/airflow/.local/lib/python3.8/site-packages/airflow/example_dags/example_task_group.py
[2023-08-24T04:27:08.143+0000] {processor.py:829} INFO - Processing file /home/airflow/.local/lib/python3.8/site-packages/airflow/example_dags/example_task_group.py for tasks to queue
[2023-08-24T04:27:08.145+0000] {logging_mixin.py:151} INFO - [2023-08-24T04:27:08.144+0000] {dagbag.py:539} INFO - Filling up the DagBag from /home/airflow/.local/lib/python3.8/site-packages/airflow/example_dags/example_task_group.py
[2023-08-24T04:27:08.150+0000] {processor.py:839} INFO - DAG(s) dict_keys(['example_task_group']) retrieved from /home/airflow/.local/lib/python3.8/site-packages/airflow/example_dags/example_task_group.py
[2023-08-24T04:27:08.166+0000] {logging_mixin.py:151} INFO - [2023-08-24T04:27:08.165+0000] {dag.py:2907} INFO - Sync 1 DAGs
[2023-08-24T04:27:08.178+0000] {logging_mixin.py:151} INFO - [2023-08-24T04:27:08.178+0000] {dag.py:3677} INFO - Setting next_dagrun for example_task_group to 2023-08-23T04:27:08.178297+00:00, run_after=2023-08-24T04:27:08.178297+00:00
[2023-08-24T04:27:08.189+0000] {processor.py:179} INFO - Processing /home/airflow/.local/lib/python3.8/site-packages/airflow/example_dags/example_task_group.py took 0.050 seconds
