[2023-08-24T03:04:54.194+0000] {processor.py:157} INFO - Started process (PID=60) to work on /home/airflow/.local/lib/python3.8/site-packages/airflow/example_dags/example_trigger_target_dag.py
[2023-08-24T03:04:54.196+0000] {processor.py:829} INFO - Processing file /home/airflow/.local/lib/python3.8/site-packages/airflow/example_dags/example_trigger_target_dag.py for tasks to queue
[2023-08-24T03:04:54.199+0000] {logging_mixin.py:151} INFO - [2023-08-24T03:04:54.198+0000] {dagbag.py:539} INFO - Filling up the DagBag from /home/airflow/.local/lib/python3.8/site-packages/airflow/example_dags/example_trigger_target_dag.py
[2023-08-24T03:04:54.204+0000] {processor.py:839} INFO - DAG(s) dict_keys(['example_trigger_target_dag']) retrieved from /home/airflow/.local/lib/python3.8/site-packages/airflow/example_dags/example_trigger_target_dag.py
[2023-08-24T03:04:54.219+0000] {logging_mixin.py:151} INFO - [2023-08-24T03:04:54.219+0000] {dag.py:2907} INFO - Sync 1 DAGs
[2023-08-24T03:04:54.227+0000] {logging_mixin.py:151} INFO - [2023-08-24T03:04:54.227+0000] {dag.py:3677} INFO - Setting next_dagrun for example_trigger_target_dag to None, run_after=None
[2023-08-24T03:04:54.241+0000] {processor.py:179} INFO - Processing /home/airflow/.local/lib/python3.8/site-packages/airflow/example_dags/example_trigger_target_dag.py took 0.050 seconds
[2023-08-24T03:05:24.731+0000] {processor.py:157} INFO - Started process (PID=123) to work on /home/airflow/.local/lib/python3.8/site-packages/airflow/example_dags/example_trigger_target_dag.py
[2023-08-24T03:05:24.732+0000] {processor.py:829} INFO - Processing file /home/airflow/.local/lib/python3.8/site-packages/airflow/example_dags/example_trigger_target_dag.py for tasks to queue
[2023-08-24T03:05:24.734+0000] {logging_mixin.py:151} INFO - [2023-08-24T03:05:24.734+0000] {dagbag.py:539} INFO - Filling up the DagBag from /home/airflow/.local/lib/python3.8/site-packages/airflow/example_dags/example_trigger_target_dag.py
[2023-08-24T03:05:24.739+0000] {processor.py:839} INFO - DAG(s) dict_keys(['example_trigger_target_dag']) retrieved from /home/airflow/.local/lib/python3.8/site-packages/airflow/example_dags/example_trigger_target_dag.py
[2023-08-24T03:05:24.755+0000] {logging_mixin.py:151} INFO - [2023-08-24T03:05:24.755+0000] {dag.py:2907} INFO - Sync 1 DAGs
[2023-08-24T03:05:24.763+0000] {logging_mixin.py:151} INFO - [2023-08-24T03:05:24.762+0000] {dag.py:3677} INFO - Setting next_dagrun for example_trigger_target_dag to None, run_after=None
[2023-08-24T03:05:24.773+0000] {processor.py:179} INFO - Processing /home/airflow/.local/lib/python3.8/site-packages/airflow/example_dags/example_trigger_target_dag.py took 0.045 seconds
[2023-08-24T03:05:55.682+0000] {processor.py:157} INFO - Started process (PID=186) to work on /home/airflow/.local/lib/python3.8/site-packages/airflow/example_dags/example_trigger_target_dag.py
[2023-08-24T03:05:55.683+0000] {processor.py:829} INFO - Processing file /home/airflow/.local/lib/python3.8/site-packages/airflow/example_dags/example_trigger_target_dag.py for tasks to queue
[2023-08-24T03:05:55.685+0000] {logging_mixin.py:151} INFO - [2023-08-24T03:05:55.685+0000] {dagbag.py:539} INFO - Filling up the DagBag from /home/airflow/.local/lib/python3.8/site-packages/airflow/example_dags/example_trigger_target_dag.py
[2023-08-24T03:05:55.690+0000] {processor.py:839} INFO - DAG(s) dict_keys(['example_trigger_target_dag']) retrieved from /home/airflow/.local/lib/python3.8/site-packages/airflow/example_dags/example_trigger_target_dag.py
[2023-08-24T03:05:55.706+0000] {logging_mixin.py:151} INFO - [2023-08-24T03:05:55.706+0000] {dag.py:2907} INFO - Sync 1 DAGs
[2023-08-24T03:05:55.713+0000] {logging_mixin.py:151} INFO - [2023-08-24T03:05:55.713+0000] {dag.py:3677} INFO - Setting next_dagrun for example_trigger_target_dag to None, run_after=None
[2023-08-24T03:05:55.723+0000] {processor.py:179} INFO - Processing /home/airflow/.local/lib/python3.8/site-packages/airflow/example_dags/example_trigger_target_dag.py took 0.045 seconds
[2023-08-24T03:06:26.673+0000] {processor.py:157} INFO - Started process (PID=249) to work on /home/airflow/.local/lib/python3.8/site-packages/airflow/example_dags/example_trigger_target_dag.py
[2023-08-24T03:06:26.675+0000] {processor.py:829} INFO - Processing file /home/airflow/.local/lib/python3.8/site-packages/airflow/example_dags/example_trigger_target_dag.py for tasks to queue
[2023-08-24T03:06:26.677+0000] {logging_mixin.py:151} INFO - [2023-08-24T03:06:26.677+0000] {dagbag.py:539} INFO - Filling up the DagBag from /home/airflow/.local/lib/python3.8/site-packages/airflow/example_dags/example_trigger_target_dag.py
[2023-08-24T03:06:26.682+0000] {processor.py:839} INFO - DAG(s) dict_keys(['example_trigger_target_dag']) retrieved from /home/airflow/.local/lib/python3.8/site-packages/airflow/example_dags/example_trigger_target_dag.py
[2023-08-24T03:06:26.699+0000] {logging_mixin.py:151} INFO - [2023-08-24T03:06:26.698+0000] {dag.py:2907} INFO - Sync 1 DAGs
[2023-08-24T03:06:26.706+0000] {logging_mixin.py:151} INFO - [2023-08-24T03:06:26.706+0000] {dag.py:3677} INFO - Setting next_dagrun for example_trigger_target_dag to None, run_after=None
[2023-08-24T03:06:26.716+0000] {processor.py:179} INFO - Processing /home/airflow/.local/lib/python3.8/site-packages/airflow/example_dags/example_trigger_target_dag.py took 0.045 seconds
[2023-08-24T03:06:57.477+0000] {processor.py:157} INFO - Started process (PID=312) to work on /home/airflow/.local/lib/python3.8/site-packages/airflow/example_dags/example_trigger_target_dag.py
[2023-08-24T03:06:57.478+0000] {processor.py:829} INFO - Processing file /home/airflow/.local/lib/python3.8/site-packages/airflow/example_dags/example_trigger_target_dag.py for tasks to queue
[2023-08-24T03:06:57.481+0000] {logging_mixin.py:151} INFO - [2023-08-24T03:06:57.480+0000] {dagbag.py:539} INFO - Filling up the DagBag from /home/airflow/.local/lib/python3.8/site-packages/airflow/example_dags/example_trigger_target_dag.py
[2023-08-24T03:06:57.486+0000] {processor.py:839} INFO - DAG(s) dict_keys(['example_trigger_target_dag']) retrieved from /home/airflow/.local/lib/python3.8/site-packages/airflow/example_dags/example_trigger_target_dag.py
[2023-08-24T03:06:57.502+0000] {logging_mixin.py:151} INFO - [2023-08-24T03:06:57.501+0000] {dag.py:2907} INFO - Sync 1 DAGs
[2023-08-24T03:06:57.510+0000] {logging_mixin.py:151} INFO - [2023-08-24T03:06:57.510+0000] {dag.py:3677} INFO - Setting next_dagrun for example_trigger_target_dag to None, run_after=None
[2023-08-24T03:06:57.519+0000] {processor.py:179} INFO - Processing /home/airflow/.local/lib/python3.8/site-packages/airflow/example_dags/example_trigger_target_dag.py took 0.045 seconds
[2023-08-24T03:07:28.292+0000] {processor.py:157} INFO - Started process (PID=379) to work on /home/airflow/.local/lib/python3.8/site-packages/airflow/example_dags/example_trigger_target_dag.py
[2023-08-24T03:07:28.293+0000] {processor.py:829} INFO - Processing file /home/airflow/.local/lib/python3.8/site-packages/airflow/example_dags/example_trigger_target_dag.py for tasks to queue
[2023-08-24T03:07:28.294+0000] {logging_mixin.py:151} INFO - [2023-08-24T03:07:28.294+0000] {dagbag.py:539} INFO - Filling up the DagBag from /home/airflow/.local/lib/python3.8/site-packages/airflow/example_dags/example_trigger_target_dag.py
[2023-08-24T03:07:28.299+0000] {processor.py:839} INFO - DAG(s) dict_keys(['example_trigger_target_dag']) retrieved from /home/airflow/.local/lib/python3.8/site-packages/airflow/example_dags/example_trigger_target_dag.py
[2023-08-24T03:07:28.316+0000] {logging_mixin.py:151} INFO - [2023-08-24T03:07:28.316+0000] {dag.py:2907} INFO - Sync 1 DAGs
[2023-08-24T03:07:28.323+0000] {logging_mixin.py:151} INFO - [2023-08-24T03:07:28.323+0000] {dag.py:3677} INFO - Setting next_dagrun for example_trigger_target_dag to None, run_after=None
[2023-08-24T03:07:28.334+0000] {processor.py:179} INFO - Processing /home/airflow/.local/lib/python3.8/site-packages/airflow/example_dags/example_trigger_target_dag.py took 0.045 seconds
[2023-08-24T03:07:58.973+0000] {processor.py:157} INFO - Started process (PID=442) to work on /home/airflow/.local/lib/python3.8/site-packages/airflow/example_dags/example_trigger_target_dag.py
[2023-08-24T03:07:58.975+0000] {processor.py:829} INFO - Processing file /home/airflow/.local/lib/python3.8/site-packages/airflow/example_dags/example_trigger_target_dag.py for tasks to queue
[2023-08-24T03:07:58.977+0000] {logging_mixin.py:151} INFO - [2023-08-24T03:07:58.977+0000] {dagbag.py:539} INFO - Filling up the DagBag from /home/airflow/.local/lib/python3.8/site-packages/airflow/example_dags/example_trigger_target_dag.py
[2023-08-24T03:07:58.981+0000] {processor.py:839} INFO - DAG(s) dict_keys(['example_trigger_target_dag']) retrieved from /home/airflow/.local/lib/python3.8/site-packages/airflow/example_dags/example_trigger_target_dag.py
[2023-08-24T03:07:58.997+0000] {logging_mixin.py:151} INFO - [2023-08-24T03:07:58.997+0000] {dag.py:2907} INFO - Sync 1 DAGs
[2023-08-24T03:07:59.004+0000] {logging_mixin.py:151} INFO - [2023-08-24T03:07:59.004+0000] {dag.py:3677} INFO - Setting next_dagrun for example_trigger_target_dag to None, run_after=None
[2023-08-24T03:07:59.015+0000] {processor.py:179} INFO - Processing /home/airflow/.local/lib/python3.8/site-packages/airflow/example_dags/example_trigger_target_dag.py took 0.044 seconds
[2023-08-24T03:08:29.818+0000] {processor.py:157} INFO - Started process (PID=506) to work on /home/airflow/.local/lib/python3.8/site-packages/airflow/example_dags/example_trigger_target_dag.py
[2023-08-24T03:08:29.819+0000] {processor.py:829} INFO - Processing file /home/airflow/.local/lib/python3.8/site-packages/airflow/example_dags/example_trigger_target_dag.py for tasks to queue
[2023-08-24T03:08:29.821+0000] {logging_mixin.py:151} INFO - [2023-08-24T03:08:29.821+0000] {dagbag.py:539} INFO - Filling up the DagBag from /home/airflow/.local/lib/python3.8/site-packages/airflow/example_dags/example_trigger_target_dag.py
[2023-08-24T03:08:29.826+0000] {processor.py:839} INFO - DAG(s) dict_keys(['example_trigger_target_dag']) retrieved from /home/airflow/.local/lib/python3.8/site-packages/airflow/example_dags/example_trigger_target_dag.py
[2023-08-24T03:08:29.843+0000] {logging_mixin.py:151} INFO - [2023-08-24T03:08:29.843+0000] {dag.py:2907} INFO - Sync 1 DAGs
[2023-08-24T03:08:29.851+0000] {logging_mixin.py:151} INFO - [2023-08-24T03:08:29.850+0000] {dag.py:3677} INFO - Setting next_dagrun for example_trigger_target_dag to None, run_after=None
[2023-08-24T03:08:29.861+0000] {processor.py:179} INFO - Processing /home/airflow/.local/lib/python3.8/site-packages/airflow/example_dags/example_trigger_target_dag.py took 0.045 seconds
[2023-08-24T03:09:00.667+0000] {processor.py:157} INFO - Started process (PID=569) to work on /home/airflow/.local/lib/python3.8/site-packages/airflow/example_dags/example_trigger_target_dag.py
[2023-08-24T03:09:00.668+0000] {processor.py:829} INFO - Processing file /home/airflow/.local/lib/python3.8/site-packages/airflow/example_dags/example_trigger_target_dag.py for tasks to queue
[2023-08-24T03:09:00.670+0000] {logging_mixin.py:151} INFO - [2023-08-24T03:09:00.670+0000] {dagbag.py:539} INFO - Filling up the DagBag from /home/airflow/.local/lib/python3.8/site-packages/airflow/example_dags/example_trigger_target_dag.py
[2023-08-24T03:09:00.675+0000] {processor.py:839} INFO - DAG(s) dict_keys(['example_trigger_target_dag']) retrieved from /home/airflow/.local/lib/python3.8/site-packages/airflow/example_dags/example_trigger_target_dag.py
[2023-08-24T03:09:00.692+0000] {logging_mixin.py:151} INFO - [2023-08-24T03:09:00.692+0000] {dag.py:2907} INFO - Sync 1 DAGs
[2023-08-24T03:09:00.700+0000] {logging_mixin.py:151} INFO - [2023-08-24T03:09:00.700+0000] {dag.py:3677} INFO - Setting next_dagrun for example_trigger_target_dag to None, run_after=None
[2023-08-24T03:09:00.710+0000] {processor.py:179} INFO - Processing /home/airflow/.local/lib/python3.8/site-packages/airflow/example_dags/example_trigger_target_dag.py took 0.045 seconds
[2023-08-24T03:16:30.006+0000] {processor.py:157} INFO - Started process (PID=61) to work on /home/airflow/.local/lib/python3.8/site-packages/airflow/example_dags/example_trigger_target_dag.py
[2023-08-24T03:16:30.007+0000] {processor.py:829} INFO - Processing file /home/airflow/.local/lib/python3.8/site-packages/airflow/example_dags/example_trigger_target_dag.py for tasks to queue
[2023-08-24T03:16:30.009+0000] {logging_mixin.py:151} INFO - [2023-08-24T03:16:30.009+0000] {dagbag.py:539} INFO - Filling up the DagBag from /home/airflow/.local/lib/python3.8/site-packages/airflow/example_dags/example_trigger_target_dag.py
[2023-08-24T03:16:30.014+0000] {processor.py:839} INFO - DAG(s) dict_keys(['example_trigger_target_dag']) retrieved from /home/airflow/.local/lib/python3.8/site-packages/airflow/example_dags/example_trigger_target_dag.py
[2023-08-24T03:16:30.026+0000] {logging_mixin.py:151} INFO - [2023-08-24T03:16:30.026+0000] {dag.py:2907} INFO - Sync 1 DAGs
[2023-08-24T03:16:30.034+0000] {logging_mixin.py:151} INFO - [2023-08-24T03:16:30.034+0000] {dag.py:3677} INFO - Setting next_dagrun for example_trigger_target_dag to None, run_after=None
[2023-08-24T03:16:30.046+0000] {processor.py:179} INFO - Processing /home/airflow/.local/lib/python3.8/site-packages/airflow/example_dags/example_trigger_target_dag.py took 0.043 seconds
[2023-08-24T03:17:00.137+0000] {processor.py:157} INFO - Started process (PID=124) to work on /home/airflow/.local/lib/python3.8/site-packages/airflow/example_dags/example_trigger_target_dag.py
[2023-08-24T03:17:00.138+0000] {processor.py:829} INFO - Processing file /home/airflow/.local/lib/python3.8/site-packages/airflow/example_dags/example_trigger_target_dag.py for tasks to queue
[2023-08-24T03:17:00.140+0000] {logging_mixin.py:151} INFO - [2023-08-24T03:17:00.140+0000] {dagbag.py:539} INFO - Filling up the DagBag from /home/airflow/.local/lib/python3.8/site-packages/airflow/example_dags/example_trigger_target_dag.py
[2023-08-24T03:17:00.146+0000] {processor.py:839} INFO - DAG(s) dict_keys(['example_trigger_target_dag']) retrieved from /home/airflow/.local/lib/python3.8/site-packages/airflow/example_dags/example_trigger_target_dag.py
[2023-08-24T03:17:00.164+0000] {logging_mixin.py:151} INFO - [2023-08-24T03:17:00.164+0000] {dag.py:2907} INFO - Sync 1 DAGs
[2023-08-24T03:17:00.173+0000] {logging_mixin.py:151} INFO - [2023-08-24T03:17:00.173+0000] {dag.py:3677} INFO - Setting next_dagrun for example_trigger_target_dag to None, run_after=None
[2023-08-24T03:17:00.186+0000] {processor.py:179} INFO - Processing /home/airflow/.local/lib/python3.8/site-packages/airflow/example_dags/example_trigger_target_dag.py took 0.051 seconds
[2023-08-24T03:17:30.841+0000] {processor.py:157} INFO - Started process (PID=187) to work on /home/airflow/.local/lib/python3.8/site-packages/airflow/example_dags/example_trigger_target_dag.py
[2023-08-24T03:17:30.842+0000] {processor.py:829} INFO - Processing file /home/airflow/.local/lib/python3.8/site-packages/airflow/example_dags/example_trigger_target_dag.py for tasks to queue
[2023-08-24T03:17:30.844+0000] {logging_mixin.py:151} INFO - [2023-08-24T03:17:30.844+0000] {dagbag.py:539} INFO - Filling up the DagBag from /home/airflow/.local/lib/python3.8/site-packages/airflow/example_dags/example_trigger_target_dag.py
[2023-08-24T03:17:30.850+0000] {processor.py:839} INFO - DAG(s) dict_keys(['example_trigger_target_dag']) retrieved from /home/airflow/.local/lib/python3.8/site-packages/airflow/example_dags/example_trigger_target_dag.py
[2023-08-24T03:17:30.865+0000] {logging_mixin.py:151} INFO - [2023-08-24T03:17:30.865+0000] {dag.py:2907} INFO - Sync 1 DAGs
[2023-08-24T03:17:30.873+0000] {logging_mixin.py:151} INFO - [2023-08-24T03:17:30.873+0000] {dag.py:3677} INFO - Setting next_dagrun for example_trigger_target_dag to None, run_after=None
[2023-08-24T03:17:30.884+0000] {processor.py:179} INFO - Processing /home/airflow/.local/lib/python3.8/site-packages/airflow/example_dags/example_trigger_target_dag.py took 0.046 seconds
[2023-08-24T03:18:01.659+0000] {processor.py:157} INFO - Started process (PID=250) to work on /home/airflow/.local/lib/python3.8/site-packages/airflow/example_dags/example_trigger_target_dag.py
[2023-08-24T03:18:01.660+0000] {processor.py:829} INFO - Processing file /home/airflow/.local/lib/python3.8/site-packages/airflow/example_dags/example_trigger_target_dag.py for tasks to queue
[2023-08-24T03:18:01.662+0000] {logging_mixin.py:151} INFO - [2023-08-24T03:18:01.662+0000] {dagbag.py:539} INFO - Filling up the DagBag from /home/airflow/.local/lib/python3.8/site-packages/airflow/example_dags/example_trigger_target_dag.py
[2023-08-24T03:18:01.667+0000] {processor.py:839} INFO - DAG(s) dict_keys(['example_trigger_target_dag']) retrieved from /home/airflow/.local/lib/python3.8/site-packages/airflow/example_dags/example_trigger_target_dag.py
[2023-08-24T03:18:01.689+0000] {logging_mixin.py:151} INFO - [2023-08-24T03:18:01.688+0000] {dag.py:2907} INFO - Sync 1 DAGs
[2023-08-24T03:18:01.703+0000] {logging_mixin.py:151} INFO - [2023-08-24T03:18:01.703+0000] {dag.py:3677} INFO - Setting next_dagrun for example_trigger_target_dag to None, run_after=None
[2023-08-24T03:18:01.729+0000] {processor.py:179} INFO - Processing /home/airflow/.local/lib/python3.8/site-packages/airflow/example_dags/example_trigger_target_dag.py took 0.073 seconds
[2023-08-24T03:19:16.226+0000] {processor.py:157} INFO - Started process (PID=60) to work on /home/airflow/.local/lib/python3.8/site-packages/airflow/example_dags/example_trigger_target_dag.py
[2023-08-24T03:19:16.227+0000] {processor.py:829} INFO - Processing file /home/airflow/.local/lib/python3.8/site-packages/airflow/example_dags/example_trigger_target_dag.py for tasks to queue
[2023-08-24T03:19:16.230+0000] {logging_mixin.py:151} INFO - [2023-08-24T03:19:16.229+0000] {dagbag.py:539} INFO - Filling up the DagBag from /home/airflow/.local/lib/python3.8/site-packages/airflow/example_dags/example_trigger_target_dag.py
[2023-08-24T03:19:16.235+0000] {processor.py:839} INFO - DAG(s) dict_keys(['example_trigger_target_dag']) retrieved from /home/airflow/.local/lib/python3.8/site-packages/airflow/example_dags/example_trigger_target_dag.py
[2023-08-24T03:19:16.246+0000] {logging_mixin.py:151} INFO - [2023-08-24T03:19:16.246+0000] {dag.py:2907} INFO - Sync 1 DAGs
[2023-08-24T03:19:16.254+0000] {logging_mixin.py:151} INFO - [2023-08-24T03:19:16.254+0000] {dag.py:3677} INFO - Setting next_dagrun for example_trigger_target_dag to None, run_after=None
[2023-08-24T03:19:16.265+0000] {processor.py:179} INFO - Processing /home/airflow/.local/lib/python3.8/site-packages/airflow/example_dags/example_trigger_target_dag.py took 0.042 seconds
[2023-08-24T03:22:56.762+0000] {processor.py:157} INFO - Started process (PID=59) to work on /home/airflow/.local/lib/python3.8/site-packages/airflow/example_dags/example_trigger_target_dag.py
[2023-08-24T03:22:56.775+0000] {processor.py:829} INFO - Processing file /home/airflow/.local/lib/python3.8/site-packages/airflow/example_dags/example_trigger_target_dag.py for tasks to queue
[2023-08-24T03:22:56.779+0000] {logging_mixin.py:151} INFO - [2023-08-24T03:22:56.779+0000] {dagbag.py:539} INFO - Filling up the DagBag from /home/airflow/.local/lib/python3.8/site-packages/airflow/example_dags/example_trigger_target_dag.py
[2023-08-24T03:22:56.791+0000] {processor.py:839} INFO - DAG(s) dict_keys(['example_trigger_target_dag']) retrieved from /home/airflow/.local/lib/python3.8/site-packages/airflow/example_dags/example_trigger_target_dag.py
[2023-08-24T03:22:56.811+0000] {logging_mixin.py:151} INFO - [2023-08-24T03:22:56.811+0000] {dag.py:2907} INFO - Sync 1 DAGs
[2023-08-24T03:22:56.832+0000] {logging_mixin.py:151} INFO - [2023-08-24T03:22:56.832+0000] {dag.py:3677} INFO - Setting next_dagrun for example_trigger_target_dag to None, run_after=None
[2023-08-24T03:22:56.847+0000] {processor.py:179} INFO - Processing /home/airflow/.local/lib/python3.8/site-packages/airflow/example_dags/example_trigger_target_dag.py took 0.091 seconds
[2023-08-24T03:23:27.201+0000] {processor.py:157} INFO - Started process (PID=122) to work on /home/airflow/.local/lib/python3.8/site-packages/airflow/example_dags/example_trigger_target_dag.py
[2023-08-24T03:23:27.202+0000] {processor.py:829} INFO - Processing file /home/airflow/.local/lib/python3.8/site-packages/airflow/example_dags/example_trigger_target_dag.py for tasks to queue
[2023-08-24T03:23:27.204+0000] {logging_mixin.py:151} INFO - [2023-08-24T03:23:27.204+0000] {dagbag.py:539} INFO - Filling up the DagBag from /home/airflow/.local/lib/python3.8/site-packages/airflow/example_dags/example_trigger_target_dag.py
[2023-08-24T03:23:27.210+0000] {processor.py:839} INFO - DAG(s) dict_keys(['example_trigger_target_dag']) retrieved from /home/airflow/.local/lib/python3.8/site-packages/airflow/example_dags/example_trigger_target_dag.py
[2023-08-24T03:23:27.228+0000] {logging_mixin.py:151} INFO - [2023-08-24T03:23:27.228+0000] {dag.py:2907} INFO - Sync 1 DAGs
[2023-08-24T03:23:27.237+0000] {logging_mixin.py:151} INFO - [2023-08-24T03:23:27.237+0000] {dag.py:3677} INFO - Setting next_dagrun for example_trigger_target_dag to None, run_after=None
[2023-08-24T03:23:27.248+0000] {processor.py:179} INFO - Processing /home/airflow/.local/lib/python3.8/site-packages/airflow/example_dags/example_trigger_target_dag.py took 0.051 seconds
[2023-08-24T03:59:48.901+0000] {processor.py:157} INFO - Started process (PID=60) to work on /home/airflow/.local/lib/python3.8/site-packages/airflow/example_dags/example_trigger_target_dag.py
[2023-08-24T03:59:48.902+0000] {processor.py:829} INFO - Processing file /home/airflow/.local/lib/python3.8/site-packages/airflow/example_dags/example_trigger_target_dag.py for tasks to queue
[2023-08-24T03:59:48.905+0000] {logging_mixin.py:151} INFO - [2023-08-24T03:59:48.905+0000] {dagbag.py:539} INFO - Filling up the DagBag from /home/airflow/.local/lib/python3.8/site-packages/airflow/example_dags/example_trigger_target_dag.py
[2023-08-24T03:59:48.911+0000] {processor.py:839} INFO - DAG(s) dict_keys(['example_trigger_target_dag']) retrieved from /home/airflow/.local/lib/python3.8/site-packages/airflow/example_dags/example_trigger_target_dag.py
[2023-08-24T03:59:48.923+0000] {logging_mixin.py:151} INFO - [2023-08-24T03:59:48.923+0000] {dag.py:2907} INFO - Sync 1 DAGs
[2023-08-24T03:59:48.932+0000] {logging_mixin.py:151} INFO - [2023-08-24T03:59:48.932+0000] {dag.py:3677} INFO - Setting next_dagrun for example_trigger_target_dag to None, run_after=None
[2023-08-24T03:59:48.945+0000] {processor.py:179} INFO - Processing /home/airflow/.local/lib/python3.8/site-packages/airflow/example_dags/example_trigger_target_dag.py took 0.047 seconds
[2023-08-24T04:00:19.167+0000] {processor.py:157} INFO - Started process (PID=123) to work on /home/airflow/.local/lib/python3.8/site-packages/airflow/example_dags/example_trigger_target_dag.py
[2023-08-24T04:00:19.168+0000] {processor.py:829} INFO - Processing file /home/airflow/.local/lib/python3.8/site-packages/airflow/example_dags/example_trigger_target_dag.py for tasks to queue
[2023-08-24T04:00:19.170+0000] {logging_mixin.py:151} INFO - [2023-08-24T04:00:19.170+0000] {dagbag.py:539} INFO - Filling up the DagBag from /home/airflow/.local/lib/python3.8/site-packages/airflow/example_dags/example_trigger_target_dag.py
[2023-08-24T04:00:19.175+0000] {processor.py:839} INFO - DAG(s) dict_keys(['example_trigger_target_dag']) retrieved from /home/airflow/.local/lib/python3.8/site-packages/airflow/example_dags/example_trigger_target_dag.py
[2023-08-24T04:00:19.189+0000] {logging_mixin.py:151} INFO - [2023-08-24T04:00:19.189+0000] {dag.py:2907} INFO - Sync 1 DAGs
[2023-08-24T04:00:19.197+0000] {logging_mixin.py:151} INFO - [2023-08-24T04:00:19.196+0000] {dag.py:3677} INFO - Setting next_dagrun for example_trigger_target_dag to None, run_after=None
[2023-08-24T04:00:19.208+0000] {processor.py:179} INFO - Processing /home/airflow/.local/lib/python3.8/site-packages/airflow/example_dags/example_trigger_target_dag.py took 0.044 seconds
[2023-08-24T04:00:49.952+0000] {processor.py:157} INFO - Started process (PID=186) to work on /home/airflow/.local/lib/python3.8/site-packages/airflow/example_dags/example_trigger_target_dag.py
[2023-08-24T04:00:49.958+0000] {processor.py:829} INFO - Processing file /home/airflow/.local/lib/python3.8/site-packages/airflow/example_dags/example_trigger_target_dag.py for tasks to queue
[2023-08-24T04:00:49.961+0000] {logging_mixin.py:151} INFO - [2023-08-24T04:00:49.960+0000] {dagbag.py:539} INFO - Filling up the DagBag from /home/airflow/.local/lib/python3.8/site-packages/airflow/example_dags/example_trigger_target_dag.py
[2023-08-24T04:00:49.966+0000] {processor.py:839} INFO - DAG(s) dict_keys(['example_trigger_target_dag']) retrieved from /home/airflow/.local/lib/python3.8/site-packages/airflow/example_dags/example_trigger_target_dag.py
[2023-08-24T04:00:49.991+0000] {logging_mixin.py:151} INFO - [2023-08-24T04:00:49.990+0000] {dag.py:2907} INFO - Sync 1 DAGs
[2023-08-24T04:00:49.999+0000] {logging_mixin.py:151} INFO - [2023-08-24T04:00:49.999+0000] {dag.py:3677} INFO - Setting next_dagrun for example_trigger_target_dag to None, run_after=None
[2023-08-24T04:00:50.011+0000] {processor.py:179} INFO - Processing /home/airflow/.local/lib/python3.8/site-packages/airflow/example_dags/example_trigger_target_dag.py took 0.062 seconds
[2023-08-24T04:01:20.597+0000] {processor.py:157} INFO - Started process (PID=249) to work on /home/airflow/.local/lib/python3.8/site-packages/airflow/example_dags/example_trigger_target_dag.py
[2023-08-24T04:01:20.598+0000] {processor.py:829} INFO - Processing file /home/airflow/.local/lib/python3.8/site-packages/airflow/example_dags/example_trigger_target_dag.py for tasks to queue
[2023-08-24T04:01:20.600+0000] {logging_mixin.py:151} INFO - [2023-08-24T04:01:20.600+0000] {dagbag.py:539} INFO - Filling up the DagBag from /home/airflow/.local/lib/python3.8/site-packages/airflow/example_dags/example_trigger_target_dag.py
[2023-08-24T04:01:20.605+0000] {processor.py:839} INFO - DAG(s) dict_keys(['example_trigger_target_dag']) retrieved from /home/airflow/.local/lib/python3.8/site-packages/airflow/example_dags/example_trigger_target_dag.py
[2023-08-24T04:01:20.621+0000] {logging_mixin.py:151} INFO - [2023-08-24T04:01:20.621+0000] {dag.py:2907} INFO - Sync 1 DAGs
[2023-08-24T04:01:20.628+0000] {logging_mixin.py:151} INFO - [2023-08-24T04:01:20.628+0000] {dag.py:3677} INFO - Setting next_dagrun for example_trigger_target_dag to None, run_after=None
[2023-08-24T04:01:20.639+0000] {processor.py:179} INFO - Processing /home/airflow/.local/lib/python3.8/site-packages/airflow/example_dags/example_trigger_target_dag.py took 0.044 seconds
[2023-08-24T04:01:51.569+0000] {processor.py:157} INFO - Started process (PID=312) to work on /home/airflow/.local/lib/python3.8/site-packages/airflow/example_dags/example_trigger_target_dag.py
[2023-08-24T04:01:51.570+0000] {processor.py:829} INFO - Processing file /home/airflow/.local/lib/python3.8/site-packages/airflow/example_dags/example_trigger_target_dag.py for tasks to queue
[2023-08-24T04:01:51.572+0000] {logging_mixin.py:151} INFO - [2023-08-24T04:01:51.572+0000] {dagbag.py:539} INFO - Filling up the DagBag from /home/airflow/.local/lib/python3.8/site-packages/airflow/example_dags/example_trigger_target_dag.py
[2023-08-24T04:01:51.578+0000] {processor.py:839} INFO - DAG(s) dict_keys(['example_trigger_target_dag']) retrieved from /home/airflow/.local/lib/python3.8/site-packages/airflow/example_dags/example_trigger_target_dag.py
[2023-08-24T04:01:51.594+0000] {logging_mixin.py:151} INFO - [2023-08-24T04:01:51.594+0000] {dag.py:2907} INFO - Sync 1 DAGs
[2023-08-24T04:01:51.602+0000] {logging_mixin.py:151} INFO - [2023-08-24T04:01:51.602+0000] {dag.py:3677} INFO - Setting next_dagrun for example_trigger_target_dag to None, run_after=None
[2023-08-24T04:01:51.612+0000] {processor.py:179} INFO - Processing /home/airflow/.local/lib/python3.8/site-packages/airflow/example_dags/example_trigger_target_dag.py took 0.046 seconds
[2023-08-24T04:02:22.462+0000] {processor.py:157} INFO - Started process (PID=375) to work on /home/airflow/.local/lib/python3.8/site-packages/airflow/example_dags/example_trigger_target_dag.py
[2023-08-24T04:02:22.464+0000] {processor.py:829} INFO - Processing file /home/airflow/.local/lib/python3.8/site-packages/airflow/example_dags/example_trigger_target_dag.py for tasks to queue
[2023-08-24T04:02:22.466+0000] {logging_mixin.py:151} INFO - [2023-08-24T04:02:22.465+0000] {dagbag.py:539} INFO - Filling up the DagBag from /home/airflow/.local/lib/python3.8/site-packages/airflow/example_dags/example_trigger_target_dag.py
[2023-08-24T04:02:22.470+0000] {processor.py:839} INFO - DAG(s) dict_keys(['example_trigger_target_dag']) retrieved from /home/airflow/.local/lib/python3.8/site-packages/airflow/example_dags/example_trigger_target_dag.py
[2023-08-24T04:02:22.486+0000] {logging_mixin.py:151} INFO - [2023-08-24T04:02:22.486+0000] {dag.py:2907} INFO - Sync 1 DAGs
[2023-08-24T04:02:22.494+0000] {logging_mixin.py:151} INFO - [2023-08-24T04:02:22.494+0000] {dag.py:3677} INFO - Setting next_dagrun for example_trigger_target_dag to None, run_after=None
[2023-08-24T04:02:22.503+0000] {processor.py:179} INFO - Processing /home/airflow/.local/lib/python3.8/site-packages/airflow/example_dags/example_trigger_target_dag.py took 0.044 seconds
[2023-08-24T04:02:53.114+0000] {processor.py:157} INFO - Started process (PID=438) to work on /home/airflow/.local/lib/python3.8/site-packages/airflow/example_dags/example_trigger_target_dag.py
[2023-08-24T04:02:53.115+0000] {processor.py:829} INFO - Processing file /home/airflow/.local/lib/python3.8/site-packages/airflow/example_dags/example_trigger_target_dag.py for tasks to queue
[2023-08-24T04:02:53.117+0000] {logging_mixin.py:151} INFO - [2023-08-24T04:02:53.117+0000] {dagbag.py:539} INFO - Filling up the DagBag from /home/airflow/.local/lib/python3.8/site-packages/airflow/example_dags/example_trigger_target_dag.py
[2023-08-24T04:02:53.122+0000] {processor.py:839} INFO - DAG(s) dict_keys(['example_trigger_target_dag']) retrieved from /home/airflow/.local/lib/python3.8/site-packages/airflow/example_dags/example_trigger_target_dag.py
[2023-08-24T04:02:53.138+0000] {logging_mixin.py:151} INFO - [2023-08-24T04:02:53.138+0000] {dag.py:2907} INFO - Sync 1 DAGs
[2023-08-24T04:02:53.146+0000] {logging_mixin.py:151} INFO - [2023-08-24T04:02:53.145+0000] {dag.py:3677} INFO - Setting next_dagrun for example_trigger_target_dag to None, run_after=None
[2023-08-24T04:02:53.156+0000] {processor.py:179} INFO - Processing /home/airflow/.local/lib/python3.8/site-packages/airflow/example_dags/example_trigger_target_dag.py took 0.045 seconds
[2023-08-24T04:03:23.724+0000] {processor.py:157} INFO - Started process (PID=501) to work on /home/airflow/.local/lib/python3.8/site-packages/airflow/example_dags/example_trigger_target_dag.py
[2023-08-24T04:03:23.725+0000] {processor.py:829} INFO - Processing file /home/airflow/.local/lib/python3.8/site-packages/airflow/example_dags/example_trigger_target_dag.py for tasks to queue
[2023-08-24T04:03:23.727+0000] {logging_mixin.py:151} INFO - [2023-08-24T04:03:23.727+0000] {dagbag.py:539} INFO - Filling up the DagBag from /home/airflow/.local/lib/python3.8/site-packages/airflow/example_dags/example_trigger_target_dag.py
[2023-08-24T04:03:23.732+0000] {processor.py:839} INFO - DAG(s) dict_keys(['example_trigger_target_dag']) retrieved from /home/airflow/.local/lib/python3.8/site-packages/airflow/example_dags/example_trigger_target_dag.py
[2023-08-24T04:03:23.748+0000] {logging_mixin.py:151} INFO - [2023-08-24T04:03:23.748+0000] {dag.py:2907} INFO - Sync 1 DAGs
[2023-08-24T04:03:23.755+0000] {logging_mixin.py:151} INFO - [2023-08-24T04:03:23.755+0000] {dag.py:3677} INFO - Setting next_dagrun for example_trigger_target_dag to None, run_after=None
[2023-08-24T04:03:23.766+0000] {processor.py:179} INFO - Processing /home/airflow/.local/lib/python3.8/site-packages/airflow/example_dags/example_trigger_target_dag.py took 0.045 seconds
[2023-08-24T04:03:54.515+0000] {processor.py:157} INFO - Started process (PID=564) to work on /home/airflow/.local/lib/python3.8/site-packages/airflow/example_dags/example_trigger_target_dag.py
[2023-08-24T04:03:54.518+0000] {processor.py:829} INFO - Processing file /home/airflow/.local/lib/python3.8/site-packages/airflow/example_dags/example_trigger_target_dag.py for tasks to queue
[2023-08-24T04:03:54.520+0000] {logging_mixin.py:151} INFO - [2023-08-24T04:03:54.519+0000] {dagbag.py:539} INFO - Filling up the DagBag from /home/airflow/.local/lib/python3.8/site-packages/airflow/example_dags/example_trigger_target_dag.py
[2023-08-24T04:03:54.526+0000] {processor.py:839} INFO - DAG(s) dict_keys(['example_trigger_target_dag']) retrieved from /home/airflow/.local/lib/python3.8/site-packages/airflow/example_dags/example_trigger_target_dag.py
[2023-08-24T04:03:54.544+0000] {logging_mixin.py:151} INFO - [2023-08-24T04:03:54.543+0000] {dag.py:2907} INFO - Sync 1 DAGs
[2023-08-24T04:03:54.552+0000] {logging_mixin.py:151} INFO - [2023-08-24T04:03:54.552+0000] {dag.py:3677} INFO - Setting next_dagrun for example_trigger_target_dag to None, run_after=None
[2023-08-24T04:03:54.563+0000] {processor.py:179} INFO - Processing /home/airflow/.local/lib/python3.8/site-packages/airflow/example_dags/example_trigger_target_dag.py took 0.050 seconds
[2023-08-24T04:04:25.217+0000] {processor.py:157} INFO - Started process (PID=627) to work on /home/airflow/.local/lib/python3.8/site-packages/airflow/example_dags/example_trigger_target_dag.py
[2023-08-24T04:04:25.218+0000] {processor.py:829} INFO - Processing file /home/airflow/.local/lib/python3.8/site-packages/airflow/example_dags/example_trigger_target_dag.py for tasks to queue
[2023-08-24T04:04:25.221+0000] {logging_mixin.py:151} INFO - [2023-08-24T04:04:25.220+0000] {dagbag.py:539} INFO - Filling up the DagBag from /home/airflow/.local/lib/python3.8/site-packages/airflow/example_dags/example_trigger_target_dag.py
[2023-08-24T04:04:25.225+0000] {processor.py:839} INFO - DAG(s) dict_keys(['example_trigger_target_dag']) retrieved from /home/airflow/.local/lib/python3.8/site-packages/airflow/example_dags/example_trigger_target_dag.py
[2023-08-24T04:04:25.241+0000] {logging_mixin.py:151} INFO - [2023-08-24T04:04:25.241+0000] {dag.py:2907} INFO - Sync 1 DAGs
[2023-08-24T04:04:25.249+0000] {logging_mixin.py:151} INFO - [2023-08-24T04:04:25.248+0000] {dag.py:3677} INFO - Setting next_dagrun for example_trigger_target_dag to None, run_after=None
[2023-08-24T04:04:25.260+0000] {processor.py:179} INFO - Processing /home/airflow/.local/lib/python3.8/site-packages/airflow/example_dags/example_trigger_target_dag.py took 0.046 seconds
[2023-08-24T04:04:56.265+0000] {processor.py:157} INFO - Started process (PID=690) to work on /home/airflow/.local/lib/python3.8/site-packages/airflow/example_dags/example_trigger_target_dag.py
[2023-08-24T04:04:56.266+0000] {processor.py:829} INFO - Processing file /home/airflow/.local/lib/python3.8/site-packages/airflow/example_dags/example_trigger_target_dag.py for tasks to queue
[2023-08-24T04:04:56.268+0000] {logging_mixin.py:151} INFO - [2023-08-24T04:04:56.268+0000] {dagbag.py:539} INFO - Filling up the DagBag from /home/airflow/.local/lib/python3.8/site-packages/airflow/example_dags/example_trigger_target_dag.py
[2023-08-24T04:04:56.273+0000] {processor.py:839} INFO - DAG(s) dict_keys(['example_trigger_target_dag']) retrieved from /home/airflow/.local/lib/python3.8/site-packages/airflow/example_dags/example_trigger_target_dag.py
[2023-08-24T04:04:56.290+0000] {logging_mixin.py:151} INFO - [2023-08-24T04:04:56.290+0000] {dag.py:2907} INFO - Sync 1 DAGs
[2023-08-24T04:04:56.298+0000] {logging_mixin.py:151} INFO - [2023-08-24T04:04:56.298+0000] {dag.py:3677} INFO - Setting next_dagrun for example_trigger_target_dag to None, run_after=None
[2023-08-24T04:04:56.309+0000] {processor.py:179} INFO - Processing /home/airflow/.local/lib/python3.8/site-packages/airflow/example_dags/example_trigger_target_dag.py took 0.047 seconds
[2023-08-24T04:05:26.928+0000] {processor.py:157} INFO - Started process (PID=753) to work on /home/airflow/.local/lib/python3.8/site-packages/airflow/example_dags/example_trigger_target_dag.py
[2023-08-24T04:05:26.929+0000] {processor.py:829} INFO - Processing file /home/airflow/.local/lib/python3.8/site-packages/airflow/example_dags/example_trigger_target_dag.py for tasks to queue
[2023-08-24T04:05:26.931+0000] {logging_mixin.py:151} INFO - [2023-08-24T04:05:26.931+0000] {dagbag.py:539} INFO - Filling up the DagBag from /home/airflow/.local/lib/python3.8/site-packages/airflow/example_dags/example_trigger_target_dag.py
[2023-08-24T04:05:26.936+0000] {processor.py:839} INFO - DAG(s) dict_keys(['example_trigger_target_dag']) retrieved from /home/airflow/.local/lib/python3.8/site-packages/airflow/example_dags/example_trigger_target_dag.py
[2023-08-24T04:05:26.951+0000] {logging_mixin.py:151} INFO - [2023-08-24T04:05:26.951+0000] {dag.py:2907} INFO - Sync 1 DAGs
[2023-08-24T04:05:26.958+0000] {logging_mixin.py:151} INFO - [2023-08-24T04:05:26.958+0000] {dag.py:3677} INFO - Setting next_dagrun for example_trigger_target_dag to None, run_after=None
[2023-08-24T04:05:26.969+0000] {processor.py:179} INFO - Processing /home/airflow/.local/lib/python3.8/site-packages/airflow/example_dags/example_trigger_target_dag.py took 0.045 seconds
[2023-08-24T04:05:57.696+0000] {processor.py:157} INFO - Started process (PID=816) to work on /home/airflow/.local/lib/python3.8/site-packages/airflow/example_dags/example_trigger_target_dag.py
[2023-08-24T04:05:57.697+0000] {processor.py:829} INFO - Processing file /home/airflow/.local/lib/python3.8/site-packages/airflow/example_dags/example_trigger_target_dag.py for tasks to queue
[2023-08-24T04:05:57.699+0000] {logging_mixin.py:151} INFO - [2023-08-24T04:05:57.699+0000] {dagbag.py:539} INFO - Filling up the DagBag from /home/airflow/.local/lib/python3.8/site-packages/airflow/example_dags/example_trigger_target_dag.py
[2023-08-24T04:05:57.704+0000] {processor.py:839} INFO - DAG(s) dict_keys(['example_trigger_target_dag']) retrieved from /home/airflow/.local/lib/python3.8/site-packages/airflow/example_dags/example_trigger_target_dag.py
[2023-08-24T04:05:57.721+0000] {logging_mixin.py:151} INFO - [2023-08-24T04:05:57.720+0000] {dag.py:2907} INFO - Sync 1 DAGs
[2023-08-24T04:05:57.728+0000] {logging_mixin.py:151} INFO - [2023-08-24T04:05:57.728+0000] {dag.py:3677} INFO - Setting next_dagrun for example_trigger_target_dag to None, run_after=None
[2023-08-24T04:05:57.739+0000] {processor.py:179} INFO - Processing /home/airflow/.local/lib/python3.8/site-packages/airflow/example_dags/example_trigger_target_dag.py took 0.046 seconds
[2023-08-24T04:06:28.323+0000] {processor.py:157} INFO - Started process (PID=879) to work on /home/airflow/.local/lib/python3.8/site-packages/airflow/example_dags/example_trigger_target_dag.py
[2023-08-24T04:06:28.324+0000] {processor.py:829} INFO - Processing file /home/airflow/.local/lib/python3.8/site-packages/airflow/example_dags/example_trigger_target_dag.py for tasks to queue
[2023-08-24T04:06:28.327+0000] {logging_mixin.py:151} INFO - [2023-08-24T04:06:28.327+0000] {dagbag.py:539} INFO - Filling up the DagBag from /home/airflow/.local/lib/python3.8/site-packages/airflow/example_dags/example_trigger_target_dag.py
[2023-08-24T04:06:28.332+0000] {processor.py:839} INFO - DAG(s) dict_keys(['example_trigger_target_dag']) retrieved from /home/airflow/.local/lib/python3.8/site-packages/airflow/example_dags/example_trigger_target_dag.py
[2023-08-24T04:06:28.355+0000] {logging_mixin.py:151} INFO - [2023-08-24T04:06:28.355+0000] {dag.py:2907} INFO - Sync 1 DAGs
[2023-08-24T04:06:28.363+0000] {logging_mixin.py:151} INFO - [2023-08-24T04:06:28.363+0000] {dag.py:3677} INFO - Setting next_dagrun for example_trigger_target_dag to None, run_after=None
[2023-08-24T04:06:28.376+0000] {processor.py:179} INFO - Processing /home/airflow/.local/lib/python3.8/site-packages/airflow/example_dags/example_trigger_target_dag.py took 0.056 seconds
[2023-08-24T04:06:59.093+0000] {processor.py:157} INFO - Started process (PID=941) to work on /home/airflow/.local/lib/python3.8/site-packages/airflow/example_dags/example_trigger_target_dag.py
[2023-08-24T04:06:59.094+0000] {processor.py:829} INFO - Processing file /home/airflow/.local/lib/python3.8/site-packages/airflow/example_dags/example_trigger_target_dag.py for tasks to queue
[2023-08-24T04:06:59.096+0000] {logging_mixin.py:151} INFO - [2023-08-24T04:06:59.096+0000] {dagbag.py:539} INFO - Filling up the DagBag from /home/airflow/.local/lib/python3.8/site-packages/airflow/example_dags/example_trigger_target_dag.py
[2023-08-24T04:06:59.102+0000] {processor.py:839} INFO - DAG(s) dict_keys(['example_trigger_target_dag']) retrieved from /home/airflow/.local/lib/python3.8/site-packages/airflow/example_dags/example_trigger_target_dag.py
[2023-08-24T04:06:59.118+0000] {logging_mixin.py:151} INFO - [2023-08-24T04:06:59.118+0000] {dag.py:2907} INFO - Sync 1 DAGs
[2023-08-24T04:06:59.126+0000] {logging_mixin.py:151} INFO - [2023-08-24T04:06:59.125+0000] {dag.py:3677} INFO - Setting next_dagrun for example_trigger_target_dag to None, run_after=None
[2023-08-24T04:06:59.137+0000] {processor.py:179} INFO - Processing /home/airflow/.local/lib/python3.8/site-packages/airflow/example_dags/example_trigger_target_dag.py took 0.047 seconds
[2023-08-24T04:07:29.705+0000] {processor.py:157} INFO - Started process (PID=1004) to work on /home/airflow/.local/lib/python3.8/site-packages/airflow/example_dags/example_trigger_target_dag.py
[2023-08-24T04:07:29.706+0000] {processor.py:829} INFO - Processing file /home/airflow/.local/lib/python3.8/site-packages/airflow/example_dags/example_trigger_target_dag.py for tasks to queue
[2023-08-24T04:07:29.708+0000] {logging_mixin.py:151} INFO - [2023-08-24T04:07:29.708+0000] {dagbag.py:539} INFO - Filling up the DagBag from /home/airflow/.local/lib/python3.8/site-packages/airflow/example_dags/example_trigger_target_dag.py
[2023-08-24T04:07:29.713+0000] {processor.py:839} INFO - DAG(s) dict_keys(['example_trigger_target_dag']) retrieved from /home/airflow/.local/lib/python3.8/site-packages/airflow/example_dags/example_trigger_target_dag.py
[2023-08-24T04:07:29.730+0000] {logging_mixin.py:151} INFO - [2023-08-24T04:07:29.730+0000] {dag.py:2907} INFO - Sync 1 DAGs
[2023-08-24T04:07:29.738+0000] {logging_mixin.py:151} INFO - [2023-08-24T04:07:29.738+0000] {dag.py:3677} INFO - Setting next_dagrun for example_trigger_target_dag to None, run_after=None
[2023-08-24T04:07:29.749+0000] {processor.py:179} INFO - Processing /home/airflow/.local/lib/python3.8/site-packages/airflow/example_dags/example_trigger_target_dag.py took 0.047 seconds
[2023-08-24T04:08:00.455+0000] {processor.py:157} INFO - Started process (PID=1067) to work on /home/airflow/.local/lib/python3.8/site-packages/airflow/example_dags/example_trigger_target_dag.py
[2023-08-24T04:08:00.457+0000] {processor.py:829} INFO - Processing file /home/airflow/.local/lib/python3.8/site-packages/airflow/example_dags/example_trigger_target_dag.py for tasks to queue
[2023-08-24T04:08:00.459+0000] {logging_mixin.py:151} INFO - [2023-08-24T04:08:00.458+0000] {dagbag.py:539} INFO - Filling up the DagBag from /home/airflow/.local/lib/python3.8/site-packages/airflow/example_dags/example_trigger_target_dag.py
[2023-08-24T04:08:00.463+0000] {processor.py:839} INFO - DAG(s) dict_keys(['example_trigger_target_dag']) retrieved from /home/airflow/.local/lib/python3.8/site-packages/airflow/example_dags/example_trigger_target_dag.py
[2023-08-24T04:08:00.481+0000] {logging_mixin.py:151} INFO - [2023-08-24T04:08:00.481+0000] {dag.py:2907} INFO - Sync 1 DAGs
[2023-08-24T04:08:00.489+0000] {logging_mixin.py:151} INFO - [2023-08-24T04:08:00.489+0000] {dag.py:3677} INFO - Setting next_dagrun for example_trigger_target_dag to None, run_after=None
[2023-08-24T04:08:00.499+0000] {processor.py:179} INFO - Processing /home/airflow/.local/lib/python3.8/site-packages/airflow/example_dags/example_trigger_target_dag.py took 0.046 seconds
[2023-08-24T04:08:31.197+0000] {processor.py:157} INFO - Started process (PID=1130) to work on /home/airflow/.local/lib/python3.8/site-packages/airflow/example_dags/example_trigger_target_dag.py
[2023-08-24T04:08:31.199+0000] {processor.py:829} INFO - Processing file /home/airflow/.local/lib/python3.8/site-packages/airflow/example_dags/example_trigger_target_dag.py for tasks to queue
[2023-08-24T04:08:31.201+0000] {logging_mixin.py:151} INFO - [2023-08-24T04:08:31.200+0000] {dagbag.py:539} INFO - Filling up the DagBag from /home/airflow/.local/lib/python3.8/site-packages/airflow/example_dags/example_trigger_target_dag.py
[2023-08-24T04:08:31.206+0000] {processor.py:839} INFO - DAG(s) dict_keys(['example_trigger_target_dag']) retrieved from /home/airflow/.local/lib/python3.8/site-packages/airflow/example_dags/example_trigger_target_dag.py
[2023-08-24T04:08:31.222+0000] {logging_mixin.py:151} INFO - [2023-08-24T04:08:31.222+0000] {dag.py:2907} INFO - Sync 1 DAGs
[2023-08-24T04:08:31.229+0000] {logging_mixin.py:151} INFO - [2023-08-24T04:08:31.229+0000] {dag.py:3677} INFO - Setting next_dagrun for example_trigger_target_dag to None, run_after=None
[2023-08-24T04:08:31.239+0000] {processor.py:179} INFO - Processing /home/airflow/.local/lib/python3.8/site-packages/airflow/example_dags/example_trigger_target_dag.py took 0.045 seconds
[2023-08-24T04:09:01.987+0000] {processor.py:157} INFO - Started process (PID=1193) to work on /home/airflow/.local/lib/python3.8/site-packages/airflow/example_dags/example_trigger_target_dag.py
[2023-08-24T04:09:01.988+0000] {processor.py:829} INFO - Processing file /home/airflow/.local/lib/python3.8/site-packages/airflow/example_dags/example_trigger_target_dag.py for tasks to queue
[2023-08-24T04:09:01.990+0000] {logging_mixin.py:151} INFO - [2023-08-24T04:09:01.989+0000] {dagbag.py:539} INFO - Filling up the DagBag from /home/airflow/.local/lib/python3.8/site-packages/airflow/example_dags/example_trigger_target_dag.py
[2023-08-24T04:09:01.995+0000] {processor.py:839} INFO - DAG(s) dict_keys(['example_trigger_target_dag']) retrieved from /home/airflow/.local/lib/python3.8/site-packages/airflow/example_dags/example_trigger_target_dag.py
[2023-08-24T04:09:02.011+0000] {logging_mixin.py:151} INFO - [2023-08-24T04:09:02.011+0000] {dag.py:2907} INFO - Sync 1 DAGs
[2023-08-24T04:09:02.019+0000] {logging_mixin.py:151} INFO - [2023-08-24T04:09:02.019+0000] {dag.py:3677} INFO - Setting next_dagrun for example_trigger_target_dag to None, run_after=None
[2023-08-24T04:09:02.028+0000] {processor.py:179} INFO - Processing /home/airflow/.local/lib/python3.8/site-packages/airflow/example_dags/example_trigger_target_dag.py took 0.045 seconds
[2023-08-24T04:09:32.618+0000] {processor.py:157} INFO - Started process (PID=1256) to work on /home/airflow/.local/lib/python3.8/site-packages/airflow/example_dags/example_trigger_target_dag.py
[2023-08-24T04:09:32.619+0000] {processor.py:829} INFO - Processing file /home/airflow/.local/lib/python3.8/site-packages/airflow/example_dags/example_trigger_target_dag.py for tasks to queue
[2023-08-24T04:09:32.621+0000] {logging_mixin.py:151} INFO - [2023-08-24T04:09:32.621+0000] {dagbag.py:539} INFO - Filling up the DagBag from /home/airflow/.local/lib/python3.8/site-packages/airflow/example_dags/example_trigger_target_dag.py
[2023-08-24T04:09:32.625+0000] {processor.py:839} INFO - DAG(s) dict_keys(['example_trigger_target_dag']) retrieved from /home/airflow/.local/lib/python3.8/site-packages/airflow/example_dags/example_trigger_target_dag.py
[2023-08-24T04:09:32.642+0000] {logging_mixin.py:151} INFO - [2023-08-24T04:09:32.642+0000] {dag.py:2907} INFO - Sync 1 DAGs
[2023-08-24T04:09:32.649+0000] {logging_mixin.py:151} INFO - [2023-08-24T04:09:32.649+0000] {dag.py:3677} INFO - Setting next_dagrun for example_trigger_target_dag to None, run_after=None
[2023-08-24T04:09:32.659+0000] {processor.py:179} INFO - Processing /home/airflow/.local/lib/python3.8/site-packages/airflow/example_dags/example_trigger_target_dag.py took 0.045 seconds
[2023-08-24T04:10:03.341+0000] {processor.py:157} INFO - Started process (PID=1319) to work on /home/airflow/.local/lib/python3.8/site-packages/airflow/example_dags/example_trigger_target_dag.py
[2023-08-24T04:10:03.342+0000] {processor.py:829} INFO - Processing file /home/airflow/.local/lib/python3.8/site-packages/airflow/example_dags/example_trigger_target_dag.py for tasks to queue
[2023-08-24T04:10:03.345+0000] {logging_mixin.py:151} INFO - [2023-08-24T04:10:03.344+0000] {dagbag.py:539} INFO - Filling up the DagBag from /home/airflow/.local/lib/python3.8/site-packages/airflow/example_dags/example_trigger_target_dag.py
[2023-08-24T04:10:03.350+0000] {processor.py:839} INFO - DAG(s) dict_keys(['example_trigger_target_dag']) retrieved from /home/airflow/.local/lib/python3.8/site-packages/airflow/example_dags/example_trigger_target_dag.py
[2023-08-24T04:10:03.368+0000] {logging_mixin.py:151} INFO - [2023-08-24T04:10:03.368+0000] {dag.py:2907} INFO - Sync 1 DAGs
[2023-08-24T04:10:03.377+0000] {logging_mixin.py:151} INFO - [2023-08-24T04:10:03.377+0000] {dag.py:3677} INFO - Setting next_dagrun for example_trigger_target_dag to None, run_after=None
[2023-08-24T04:10:03.390+0000] {processor.py:179} INFO - Processing /home/airflow/.local/lib/python3.8/site-packages/airflow/example_dags/example_trigger_target_dag.py took 0.052 seconds
[2023-08-24T04:10:34.091+0000] {processor.py:157} INFO - Started process (PID=1382) to work on /home/airflow/.local/lib/python3.8/site-packages/airflow/example_dags/example_trigger_target_dag.py
[2023-08-24T04:10:34.092+0000] {processor.py:829} INFO - Processing file /home/airflow/.local/lib/python3.8/site-packages/airflow/example_dags/example_trigger_target_dag.py for tasks to queue
[2023-08-24T04:10:34.094+0000] {logging_mixin.py:151} INFO - [2023-08-24T04:10:34.094+0000] {dagbag.py:539} INFO - Filling up the DagBag from /home/airflow/.local/lib/python3.8/site-packages/airflow/example_dags/example_trigger_target_dag.py
[2023-08-24T04:10:34.101+0000] {processor.py:839} INFO - DAG(s) dict_keys(['example_trigger_target_dag']) retrieved from /home/airflow/.local/lib/python3.8/site-packages/airflow/example_dags/example_trigger_target_dag.py
[2023-08-24T04:10:34.117+0000] {logging_mixin.py:151} INFO - [2023-08-24T04:10:34.117+0000] {dag.py:2907} INFO - Sync 1 DAGs
[2023-08-24T04:10:34.124+0000] {logging_mixin.py:151} INFO - [2023-08-24T04:10:34.124+0000] {dag.py:3677} INFO - Setting next_dagrun for example_trigger_target_dag to None, run_after=None
[2023-08-24T04:10:34.134+0000] {processor.py:179} INFO - Processing /home/airflow/.local/lib/python3.8/site-packages/airflow/example_dags/example_trigger_target_dag.py took 0.046 seconds
[2023-08-24T04:11:04.765+0000] {processor.py:157} INFO - Started process (PID=1445) to work on /home/airflow/.local/lib/python3.8/site-packages/airflow/example_dags/example_trigger_target_dag.py
[2023-08-24T04:11:04.765+0000] {processor.py:829} INFO - Processing file /home/airflow/.local/lib/python3.8/site-packages/airflow/example_dags/example_trigger_target_dag.py for tasks to queue
[2023-08-24T04:11:04.767+0000] {logging_mixin.py:151} INFO - [2023-08-24T04:11:04.767+0000] {dagbag.py:539} INFO - Filling up the DagBag from /home/airflow/.local/lib/python3.8/site-packages/airflow/example_dags/example_trigger_target_dag.py
[2023-08-24T04:11:04.771+0000] {processor.py:839} INFO - DAG(s) dict_keys(['example_trigger_target_dag']) retrieved from /home/airflow/.local/lib/python3.8/site-packages/airflow/example_dags/example_trigger_target_dag.py
[2023-08-24T04:11:04.786+0000] {logging_mixin.py:151} INFO - [2023-08-24T04:11:04.786+0000] {dag.py:2907} INFO - Sync 1 DAGs
[2023-08-24T04:11:04.793+0000] {logging_mixin.py:151} INFO - [2023-08-24T04:11:04.793+0000] {dag.py:3677} INFO - Setting next_dagrun for example_trigger_target_dag to None, run_after=None
[2023-08-24T04:11:04.804+0000] {processor.py:179} INFO - Processing /home/airflow/.local/lib/python3.8/site-packages/airflow/example_dags/example_trigger_target_dag.py took 0.042 seconds
[2023-08-24T04:11:35.633+0000] {processor.py:157} INFO - Started process (PID=1508) to work on /home/airflow/.local/lib/python3.8/site-packages/airflow/example_dags/example_trigger_target_dag.py
[2023-08-24T04:11:35.634+0000] {processor.py:829} INFO - Processing file /home/airflow/.local/lib/python3.8/site-packages/airflow/example_dags/example_trigger_target_dag.py for tasks to queue
[2023-08-24T04:11:35.637+0000] {logging_mixin.py:151} INFO - [2023-08-24T04:11:35.637+0000] {dagbag.py:539} INFO - Filling up the DagBag from /home/airflow/.local/lib/python3.8/site-packages/airflow/example_dags/example_trigger_target_dag.py
[2023-08-24T04:11:35.642+0000] {processor.py:839} INFO - DAG(s) dict_keys(['example_trigger_target_dag']) retrieved from /home/airflow/.local/lib/python3.8/site-packages/airflow/example_dags/example_trigger_target_dag.py
[2023-08-24T04:11:35.659+0000] {logging_mixin.py:151} INFO - [2023-08-24T04:11:35.659+0000] {dag.py:2907} INFO - Sync 1 DAGs
[2023-08-24T04:11:35.667+0000] {logging_mixin.py:151} INFO - [2023-08-24T04:11:35.667+0000] {dag.py:3677} INFO - Setting next_dagrun for example_trigger_target_dag to None, run_after=None
[2023-08-24T04:11:35.680+0000] {processor.py:179} INFO - Processing /home/airflow/.local/lib/python3.8/site-packages/airflow/example_dags/example_trigger_target_dag.py took 0.049 seconds
[2023-08-24T04:12:06.391+0000] {processor.py:157} INFO - Started process (PID=1571) to work on /home/airflow/.local/lib/python3.8/site-packages/airflow/example_dags/example_trigger_target_dag.py
[2023-08-24T04:12:06.392+0000] {processor.py:829} INFO - Processing file /home/airflow/.local/lib/python3.8/site-packages/airflow/example_dags/example_trigger_target_dag.py for tasks to queue
[2023-08-24T04:12:06.394+0000] {logging_mixin.py:151} INFO - [2023-08-24T04:12:06.394+0000] {dagbag.py:539} INFO - Filling up the DagBag from /home/airflow/.local/lib/python3.8/site-packages/airflow/example_dags/example_trigger_target_dag.py
[2023-08-24T04:12:06.399+0000] {processor.py:839} INFO - DAG(s) dict_keys(['example_trigger_target_dag']) retrieved from /home/airflow/.local/lib/python3.8/site-packages/airflow/example_dags/example_trigger_target_dag.py
[2023-08-24T04:12:06.414+0000] {logging_mixin.py:151} INFO - [2023-08-24T04:12:06.414+0000] {dag.py:2907} INFO - Sync 1 DAGs
[2023-08-24T04:12:06.422+0000] {logging_mixin.py:151} INFO - [2023-08-24T04:12:06.422+0000] {dag.py:3677} INFO - Setting next_dagrun for example_trigger_target_dag to None, run_after=None
[2023-08-24T04:12:06.432+0000] {processor.py:179} INFO - Processing /home/airflow/.local/lib/python3.8/site-packages/airflow/example_dags/example_trigger_target_dag.py took 0.044 seconds
[2023-08-24T04:12:36.968+0000] {processor.py:157} INFO - Started process (PID=1634) to work on /home/airflow/.local/lib/python3.8/site-packages/airflow/example_dags/example_trigger_target_dag.py
[2023-08-24T04:12:36.969+0000] {processor.py:829} INFO - Processing file /home/airflow/.local/lib/python3.8/site-packages/airflow/example_dags/example_trigger_target_dag.py for tasks to queue
[2023-08-24T04:12:36.971+0000] {logging_mixin.py:151} INFO - [2023-08-24T04:12:36.971+0000] {dagbag.py:539} INFO - Filling up the DagBag from /home/airflow/.local/lib/python3.8/site-packages/airflow/example_dags/example_trigger_target_dag.py
[2023-08-24T04:12:36.976+0000] {processor.py:839} INFO - DAG(s) dict_keys(['example_trigger_target_dag']) retrieved from /home/airflow/.local/lib/python3.8/site-packages/airflow/example_dags/example_trigger_target_dag.py
[2023-08-24T04:12:36.993+0000] {logging_mixin.py:151} INFO - [2023-08-24T04:12:36.993+0000] {dag.py:2907} INFO - Sync 1 DAGs
[2023-08-24T04:12:37.001+0000] {logging_mixin.py:151} INFO - [2023-08-24T04:12:37.001+0000] {dag.py:3677} INFO - Setting next_dagrun for example_trigger_target_dag to None, run_after=None
[2023-08-24T04:12:37.012+0000] {processor.py:179} INFO - Processing /home/airflow/.local/lib/python3.8/site-packages/airflow/example_dags/example_trigger_target_dag.py took 0.046 seconds
[2023-08-24T04:13:07.858+0000] {processor.py:157} INFO - Started process (PID=1697) to work on /home/airflow/.local/lib/python3.8/site-packages/airflow/example_dags/example_trigger_target_dag.py
[2023-08-24T04:13:07.860+0000] {processor.py:829} INFO - Processing file /home/airflow/.local/lib/python3.8/site-packages/airflow/example_dags/example_trigger_target_dag.py for tasks to queue
[2023-08-24T04:13:07.862+0000] {logging_mixin.py:151} INFO - [2023-08-24T04:13:07.862+0000] {dagbag.py:539} INFO - Filling up the DagBag from /home/airflow/.local/lib/python3.8/site-packages/airflow/example_dags/example_trigger_target_dag.py
[2023-08-24T04:13:07.870+0000] {processor.py:839} INFO - DAG(s) dict_keys(['example_trigger_target_dag']) retrieved from /home/airflow/.local/lib/python3.8/site-packages/airflow/example_dags/example_trigger_target_dag.py
[2023-08-24T04:13:07.888+0000] {logging_mixin.py:151} INFO - [2023-08-24T04:13:07.888+0000] {dag.py:2907} INFO - Sync 1 DAGs
[2023-08-24T04:13:07.897+0000] {logging_mixin.py:151} INFO - [2023-08-24T04:13:07.897+0000] {dag.py:3677} INFO - Setting next_dagrun for example_trigger_target_dag to None, run_after=None
[2023-08-24T04:13:07.909+0000] {processor.py:179} INFO - Processing /home/airflow/.local/lib/python3.8/site-packages/airflow/example_dags/example_trigger_target_dag.py took 0.055 seconds
[2023-08-24T04:13:38.450+0000] {processor.py:157} INFO - Started process (PID=1760) to work on /home/airflow/.local/lib/python3.8/site-packages/airflow/example_dags/example_trigger_target_dag.py
[2023-08-24T04:13:38.451+0000] {processor.py:829} INFO - Processing file /home/airflow/.local/lib/python3.8/site-packages/airflow/example_dags/example_trigger_target_dag.py for tasks to queue
[2023-08-24T04:13:38.453+0000] {logging_mixin.py:151} INFO - [2023-08-24T04:13:38.453+0000] {dagbag.py:539} INFO - Filling up the DagBag from /home/airflow/.local/lib/python3.8/site-packages/airflow/example_dags/example_trigger_target_dag.py
[2023-08-24T04:13:38.459+0000] {processor.py:839} INFO - DAG(s) dict_keys(['example_trigger_target_dag']) retrieved from /home/airflow/.local/lib/python3.8/site-packages/airflow/example_dags/example_trigger_target_dag.py
[2023-08-24T04:13:38.477+0000] {logging_mixin.py:151} INFO - [2023-08-24T04:13:38.477+0000] {dag.py:2907} INFO - Sync 1 DAGs
[2023-08-24T04:13:38.485+0000] {logging_mixin.py:151} INFO - [2023-08-24T04:13:38.484+0000] {dag.py:3677} INFO - Setting next_dagrun for example_trigger_target_dag to None, run_after=None
[2023-08-24T04:13:38.496+0000] {processor.py:179} INFO - Processing /home/airflow/.local/lib/python3.8/site-packages/airflow/example_dags/example_trigger_target_dag.py took 0.049 seconds
[2023-08-24T04:14:09.352+0000] {processor.py:157} INFO - Started process (PID=1823) to work on /home/airflow/.local/lib/python3.8/site-packages/airflow/example_dags/example_trigger_target_dag.py
[2023-08-24T04:14:09.353+0000] {processor.py:829} INFO - Processing file /home/airflow/.local/lib/python3.8/site-packages/airflow/example_dags/example_trigger_target_dag.py for tasks to queue
[2023-08-24T04:14:09.355+0000] {logging_mixin.py:151} INFO - [2023-08-24T04:14:09.355+0000] {dagbag.py:539} INFO - Filling up the DagBag from /home/airflow/.local/lib/python3.8/site-packages/airflow/example_dags/example_trigger_target_dag.py
[2023-08-24T04:14:09.361+0000] {processor.py:839} INFO - DAG(s) dict_keys(['example_trigger_target_dag']) retrieved from /home/airflow/.local/lib/python3.8/site-packages/airflow/example_dags/example_trigger_target_dag.py
[2023-08-24T04:14:09.379+0000] {logging_mixin.py:151} INFO - [2023-08-24T04:14:09.379+0000] {dag.py:2907} INFO - Sync 1 DAGs
[2023-08-24T04:14:09.387+0000] {logging_mixin.py:151} INFO - [2023-08-24T04:14:09.386+0000] {dag.py:3677} INFO - Setting next_dagrun for example_trigger_target_dag to None, run_after=None
[2023-08-24T04:14:09.398+0000] {processor.py:179} INFO - Processing /home/airflow/.local/lib/python3.8/site-packages/airflow/example_dags/example_trigger_target_dag.py took 0.049 seconds
[2023-08-24T04:14:40.445+0000] {processor.py:157} INFO - Started process (PID=1886) to work on /home/airflow/.local/lib/python3.8/site-packages/airflow/example_dags/example_trigger_target_dag.py
[2023-08-24T04:14:40.446+0000] {processor.py:829} INFO - Processing file /home/airflow/.local/lib/python3.8/site-packages/airflow/example_dags/example_trigger_target_dag.py for tasks to queue
[2023-08-24T04:14:40.448+0000] {logging_mixin.py:151} INFO - [2023-08-24T04:14:40.447+0000] {dagbag.py:539} INFO - Filling up the DagBag from /home/airflow/.local/lib/python3.8/site-packages/airflow/example_dags/example_trigger_target_dag.py
[2023-08-24T04:14:40.453+0000] {processor.py:839} INFO - DAG(s) dict_keys(['example_trigger_target_dag']) retrieved from /home/airflow/.local/lib/python3.8/site-packages/airflow/example_dags/example_trigger_target_dag.py
[2023-08-24T04:14:40.469+0000] {logging_mixin.py:151} INFO - [2023-08-24T04:14:40.469+0000] {dag.py:2907} INFO - Sync 1 DAGs
[2023-08-24T04:14:40.477+0000] {logging_mixin.py:151} INFO - [2023-08-24T04:14:40.477+0000] {dag.py:3677} INFO - Setting next_dagrun for example_trigger_target_dag to None, run_after=None
[2023-08-24T04:14:40.488+0000] {processor.py:179} INFO - Processing /home/airflow/.local/lib/python3.8/site-packages/airflow/example_dags/example_trigger_target_dag.py took 0.046 seconds
[2023-08-24T04:15:11.276+0000] {processor.py:157} INFO - Started process (PID=1949) to work on /home/airflow/.local/lib/python3.8/site-packages/airflow/example_dags/example_trigger_target_dag.py
[2023-08-24T04:15:11.277+0000] {processor.py:829} INFO - Processing file /home/airflow/.local/lib/python3.8/site-packages/airflow/example_dags/example_trigger_target_dag.py for tasks to queue
[2023-08-24T04:15:11.279+0000] {logging_mixin.py:151} INFO - [2023-08-24T04:15:11.279+0000] {dagbag.py:539} INFO - Filling up the DagBag from /home/airflow/.local/lib/python3.8/site-packages/airflow/example_dags/example_trigger_target_dag.py
[2023-08-24T04:15:11.284+0000] {processor.py:839} INFO - DAG(s) dict_keys(['example_trigger_target_dag']) retrieved from /home/airflow/.local/lib/python3.8/site-packages/airflow/example_dags/example_trigger_target_dag.py
[2023-08-24T04:15:11.300+0000] {logging_mixin.py:151} INFO - [2023-08-24T04:15:11.300+0000] {dag.py:2907} INFO - Sync 1 DAGs
[2023-08-24T04:15:11.308+0000] {logging_mixin.py:151} INFO - [2023-08-24T04:15:11.308+0000] {dag.py:3677} INFO - Setting next_dagrun for example_trigger_target_dag to None, run_after=None
[2023-08-24T04:15:11.318+0000] {processor.py:179} INFO - Processing /home/airflow/.local/lib/python3.8/site-packages/airflow/example_dags/example_trigger_target_dag.py took 0.044 seconds
[2023-08-24T04:15:42.159+0000] {processor.py:157} INFO - Started process (PID=2011) to work on /home/airflow/.local/lib/python3.8/site-packages/airflow/example_dags/example_trigger_target_dag.py
[2023-08-24T04:15:42.161+0000] {processor.py:829} INFO - Processing file /home/airflow/.local/lib/python3.8/site-packages/airflow/example_dags/example_trigger_target_dag.py for tasks to queue
[2023-08-24T04:15:42.163+0000] {logging_mixin.py:151} INFO - [2023-08-24T04:15:42.163+0000] {dagbag.py:539} INFO - Filling up the DagBag from /home/airflow/.local/lib/python3.8/site-packages/airflow/example_dags/example_trigger_target_dag.py
[2023-08-24T04:15:42.170+0000] {processor.py:839} INFO - DAG(s) dict_keys(['example_trigger_target_dag']) retrieved from /home/airflow/.local/lib/python3.8/site-packages/airflow/example_dags/example_trigger_target_dag.py
[2023-08-24T04:15:42.187+0000] {logging_mixin.py:151} INFO - [2023-08-24T04:15:42.187+0000] {dag.py:2907} INFO - Sync 1 DAGs
[2023-08-24T04:15:42.195+0000] {logging_mixin.py:151} INFO - [2023-08-24T04:15:42.195+0000] {dag.py:3677} INFO - Setting next_dagrun for example_trigger_target_dag to None, run_after=None
[2023-08-24T04:15:42.215+0000] {processor.py:179} INFO - Processing /home/airflow/.local/lib/python3.8/site-packages/airflow/example_dags/example_trigger_target_dag.py took 0.059 seconds
[2023-08-24T04:16:12.914+0000] {processor.py:157} INFO - Started process (PID=2081) to work on /home/airflow/.local/lib/python3.8/site-packages/airflow/example_dags/example_trigger_target_dag.py
[2023-08-24T04:16:12.915+0000] {processor.py:829} INFO - Processing file /home/airflow/.local/lib/python3.8/site-packages/airflow/example_dags/example_trigger_target_dag.py for tasks to queue
[2023-08-24T04:16:12.917+0000] {logging_mixin.py:151} INFO - [2023-08-24T04:16:12.917+0000] {dagbag.py:539} INFO - Filling up the DagBag from /home/airflow/.local/lib/python3.8/site-packages/airflow/example_dags/example_trigger_target_dag.py
[2023-08-24T04:16:12.923+0000] {processor.py:839} INFO - DAG(s) dict_keys(['example_trigger_target_dag']) retrieved from /home/airflow/.local/lib/python3.8/site-packages/airflow/example_dags/example_trigger_target_dag.py
[2023-08-24T04:16:12.942+0000] {logging_mixin.py:151} INFO - [2023-08-24T04:16:12.941+0000] {dag.py:2907} INFO - Sync 1 DAGs
[2023-08-24T04:16:12.950+0000] {logging_mixin.py:151} INFO - [2023-08-24T04:16:12.949+0000] {dag.py:3677} INFO - Setting next_dagrun for example_trigger_target_dag to None, run_after=None
[2023-08-24T04:16:12.962+0000] {processor.py:179} INFO - Processing /home/airflow/.local/lib/python3.8/site-packages/airflow/example_dags/example_trigger_target_dag.py took 0.051 seconds
[2023-08-24T04:16:43.694+0000] {processor.py:157} INFO - Started process (PID=2144) to work on /home/airflow/.local/lib/python3.8/site-packages/airflow/example_dags/example_trigger_target_dag.py
[2023-08-24T04:16:43.695+0000] {processor.py:829} INFO - Processing file /home/airflow/.local/lib/python3.8/site-packages/airflow/example_dags/example_trigger_target_dag.py for tasks to queue
[2023-08-24T04:16:43.697+0000] {logging_mixin.py:151} INFO - [2023-08-24T04:16:43.697+0000] {dagbag.py:539} INFO - Filling up the DagBag from /home/airflow/.local/lib/python3.8/site-packages/airflow/example_dags/example_trigger_target_dag.py
[2023-08-24T04:16:43.702+0000] {processor.py:839} INFO - DAG(s) dict_keys(['example_trigger_target_dag']) retrieved from /home/airflow/.local/lib/python3.8/site-packages/airflow/example_dags/example_trigger_target_dag.py
[2023-08-24T04:16:43.719+0000] {logging_mixin.py:151} INFO - [2023-08-24T04:16:43.719+0000] {dag.py:2907} INFO - Sync 1 DAGs
[2023-08-24T04:16:43.728+0000] {logging_mixin.py:151} INFO - [2023-08-24T04:16:43.727+0000] {dag.py:3677} INFO - Setting next_dagrun for example_trigger_target_dag to None, run_after=None
[2023-08-24T04:16:43.738+0000] {processor.py:179} INFO - Processing /home/airflow/.local/lib/python3.8/site-packages/airflow/example_dags/example_trigger_target_dag.py took 0.047 seconds
[2023-08-24T04:17:14.618+0000] {processor.py:157} INFO - Started process (PID=2207) to work on /home/airflow/.local/lib/python3.8/site-packages/airflow/example_dags/example_trigger_target_dag.py
[2023-08-24T04:17:14.619+0000] {processor.py:829} INFO - Processing file /home/airflow/.local/lib/python3.8/site-packages/airflow/example_dags/example_trigger_target_dag.py for tasks to queue
[2023-08-24T04:17:14.621+0000] {logging_mixin.py:151} INFO - [2023-08-24T04:17:14.621+0000] {dagbag.py:539} INFO - Filling up the DagBag from /home/airflow/.local/lib/python3.8/site-packages/airflow/example_dags/example_trigger_target_dag.py
[2023-08-24T04:17:14.626+0000] {processor.py:839} INFO - DAG(s) dict_keys(['example_trigger_target_dag']) retrieved from /home/airflow/.local/lib/python3.8/site-packages/airflow/example_dags/example_trigger_target_dag.py
[2023-08-24T04:17:14.643+0000] {logging_mixin.py:151} INFO - [2023-08-24T04:17:14.643+0000] {dag.py:2907} INFO - Sync 1 DAGs
[2023-08-24T04:17:14.651+0000] {logging_mixin.py:151} INFO - [2023-08-24T04:17:14.650+0000] {dag.py:3677} INFO - Setting next_dagrun for example_trigger_target_dag to None, run_after=None
[2023-08-24T04:17:14.661+0000] {processor.py:179} INFO - Processing /home/airflow/.local/lib/python3.8/site-packages/airflow/example_dags/example_trigger_target_dag.py took 0.046 seconds
[2023-08-24T04:17:44.823+0000] {processor.py:157} INFO - Started process (PID=2274) to work on /home/airflow/.local/lib/python3.8/site-packages/airflow/example_dags/example_trigger_target_dag.py
[2023-08-24T04:17:44.824+0000] {processor.py:829} INFO - Processing file /home/airflow/.local/lib/python3.8/site-packages/airflow/example_dags/example_trigger_target_dag.py for tasks to queue
[2023-08-24T04:17:44.826+0000] {logging_mixin.py:151} INFO - [2023-08-24T04:17:44.825+0000] {dagbag.py:539} INFO - Filling up the DagBag from /home/airflow/.local/lib/python3.8/site-packages/airflow/example_dags/example_trigger_target_dag.py
[2023-08-24T04:17:44.831+0000] {processor.py:839} INFO - DAG(s) dict_keys(['example_trigger_target_dag']) retrieved from /home/airflow/.local/lib/python3.8/site-packages/airflow/example_dags/example_trigger_target_dag.py
[2023-08-24T04:17:44.848+0000] {logging_mixin.py:151} INFO - [2023-08-24T04:17:44.848+0000] {dag.py:2907} INFO - Sync 1 DAGs
[2023-08-24T04:17:44.856+0000] {logging_mixin.py:151} INFO - [2023-08-24T04:17:44.855+0000] {dag.py:3677} INFO - Setting next_dagrun for example_trigger_target_dag to None, run_after=None
[2023-08-24T04:17:44.866+0000] {processor.py:179} INFO - Processing /home/airflow/.local/lib/python3.8/site-packages/airflow/example_dags/example_trigger_target_dag.py took 0.046 seconds
[2023-08-24T04:18:15.576+0000] {processor.py:157} INFO - Started process (PID=2336) to work on /home/airflow/.local/lib/python3.8/site-packages/airflow/example_dags/example_trigger_target_dag.py
[2023-08-24T04:18:15.578+0000] {processor.py:829} INFO - Processing file /home/airflow/.local/lib/python3.8/site-packages/airflow/example_dags/example_trigger_target_dag.py for tasks to queue
[2023-08-24T04:18:15.580+0000] {logging_mixin.py:151} INFO - [2023-08-24T04:18:15.579+0000] {dagbag.py:539} INFO - Filling up the DagBag from /home/airflow/.local/lib/python3.8/site-packages/airflow/example_dags/example_trigger_target_dag.py
[2023-08-24T04:18:15.584+0000] {processor.py:839} INFO - DAG(s) dict_keys(['example_trigger_target_dag']) retrieved from /home/airflow/.local/lib/python3.8/site-packages/airflow/example_dags/example_trigger_target_dag.py
[2023-08-24T04:18:15.602+0000] {logging_mixin.py:151} INFO - [2023-08-24T04:18:15.602+0000] {dag.py:2907} INFO - Sync 1 DAGs
[2023-08-24T04:18:15.609+0000] {logging_mixin.py:151} INFO - [2023-08-24T04:18:15.609+0000] {dag.py:3677} INFO - Setting next_dagrun for example_trigger_target_dag to None, run_after=None
[2023-08-24T04:18:15.619+0000] {processor.py:179} INFO - Processing /home/airflow/.local/lib/python3.8/site-packages/airflow/example_dags/example_trigger_target_dag.py took 0.046 seconds
[2023-08-24T04:24:30.084+0000] {processor.py:157} INFO - Started process (PID=60) to work on /home/airflow/.local/lib/python3.8/site-packages/airflow/example_dags/example_trigger_target_dag.py
[2023-08-24T04:24:30.086+0000] {processor.py:829} INFO - Processing file /home/airflow/.local/lib/python3.8/site-packages/airflow/example_dags/example_trigger_target_dag.py for tasks to queue
[2023-08-24T04:24:30.090+0000] {logging_mixin.py:151} INFO - [2023-08-24T04:24:30.089+0000] {dagbag.py:539} INFO - Filling up the DagBag from /home/airflow/.local/lib/python3.8/site-packages/airflow/example_dags/example_trigger_target_dag.py
[2023-08-24T04:24:30.096+0000] {processor.py:839} INFO - DAG(s) dict_keys(['example_trigger_target_dag']) retrieved from /home/airflow/.local/lib/python3.8/site-packages/airflow/example_dags/example_trigger_target_dag.py
[2023-08-24T04:24:30.110+0000] {logging_mixin.py:151} INFO - [2023-08-24T04:24:30.109+0000] {dag.py:2907} INFO - Sync 1 DAGs
[2023-08-24T04:24:30.119+0000] {logging_mixin.py:151} INFO - [2023-08-24T04:24:30.119+0000] {dag.py:3677} INFO - Setting next_dagrun for example_trigger_target_dag to None, run_after=None
[2023-08-24T04:24:30.137+0000] {processor.py:179} INFO - Processing /home/airflow/.local/lib/python3.8/site-packages/airflow/example_dags/example_trigger_target_dag.py took 0.056 seconds
[2023-08-24T04:25:00.177+0000] {processor.py:157} INFO - Started process (PID=123) to work on /home/airflow/.local/lib/python3.8/site-packages/airflow/example_dags/example_trigger_target_dag.py
[2023-08-24T04:25:00.179+0000] {processor.py:829} INFO - Processing file /home/airflow/.local/lib/python3.8/site-packages/airflow/example_dags/example_trigger_target_dag.py for tasks to queue
[2023-08-24T04:25:00.181+0000] {logging_mixin.py:151} INFO - [2023-08-24T04:25:00.181+0000] {dagbag.py:539} INFO - Filling up the DagBag from /home/airflow/.local/lib/python3.8/site-packages/airflow/example_dags/example_trigger_target_dag.py
[2023-08-24T04:25:00.185+0000] {processor.py:839} INFO - DAG(s) dict_keys(['example_trigger_target_dag']) retrieved from /home/airflow/.local/lib/python3.8/site-packages/airflow/example_dags/example_trigger_target_dag.py
[2023-08-24T04:25:00.200+0000] {logging_mixin.py:151} INFO - [2023-08-24T04:25:00.200+0000] {dag.py:2907} INFO - Sync 1 DAGs
[2023-08-24T04:25:00.208+0000] {logging_mixin.py:151} INFO - [2023-08-24T04:25:00.208+0000] {dag.py:3677} INFO - Setting next_dagrun for example_trigger_target_dag to None, run_after=None
[2023-08-24T04:25:00.219+0000] {processor.py:179} INFO - Processing /home/airflow/.local/lib/python3.8/site-packages/airflow/example_dags/example_trigger_target_dag.py took 0.045 seconds
[2023-08-24T04:26:40.119+0000] {processor.py:157} INFO - Started process (PID=60) to work on /home/airflow/.local/lib/python3.8/site-packages/airflow/example_dags/example_trigger_target_dag.py
[2023-08-24T04:26:40.121+0000] {processor.py:829} INFO - Processing file /home/airflow/.local/lib/python3.8/site-packages/airflow/example_dags/example_trigger_target_dag.py for tasks to queue
[2023-08-24T04:26:40.123+0000] {logging_mixin.py:151} INFO - [2023-08-24T04:26:40.123+0000] {dagbag.py:539} INFO - Filling up the DagBag from /home/airflow/.local/lib/python3.8/site-packages/airflow/example_dags/example_trigger_target_dag.py
[2023-08-24T04:26:40.128+0000] {processor.py:839} INFO - DAG(s) dict_keys(['example_trigger_target_dag']) retrieved from /home/airflow/.local/lib/python3.8/site-packages/airflow/example_dags/example_trigger_target_dag.py
[2023-08-24T04:26:40.140+0000] {logging_mixin.py:151} INFO - [2023-08-24T04:26:40.139+0000] {dag.py:2907} INFO - Sync 1 DAGs
[2023-08-24T04:26:40.148+0000] {logging_mixin.py:151} INFO - [2023-08-24T04:26:40.148+0000] {dag.py:3677} INFO - Setting next_dagrun for example_trigger_target_dag to None, run_after=None
[2023-08-24T04:26:40.159+0000] {processor.py:179} INFO - Processing /home/airflow/.local/lib/python3.8/site-packages/airflow/example_dags/example_trigger_target_dag.py took 0.043 seconds
[2023-08-24T04:27:10.288+0000] {processor.py:157} INFO - Started process (PID=122) to work on /home/airflow/.local/lib/python3.8/site-packages/airflow/example_dags/example_trigger_target_dag.py
[2023-08-24T04:27:10.289+0000] {processor.py:829} INFO - Processing file /home/airflow/.local/lib/python3.8/site-packages/airflow/example_dags/example_trigger_target_dag.py for tasks to queue
[2023-08-24T04:27:10.291+0000] {logging_mixin.py:151} INFO - [2023-08-24T04:27:10.290+0000] {dagbag.py:539} INFO - Filling up the DagBag from /home/airflow/.local/lib/python3.8/site-packages/airflow/example_dags/example_trigger_target_dag.py
[2023-08-24T04:27:10.295+0000] {processor.py:839} INFO - DAG(s) dict_keys(['example_trigger_target_dag']) retrieved from /home/airflow/.local/lib/python3.8/site-packages/airflow/example_dags/example_trigger_target_dag.py
[2023-08-24T04:27:10.310+0000] {logging_mixin.py:151} INFO - [2023-08-24T04:27:10.310+0000] {dag.py:2907} INFO - Sync 1 DAGs
[2023-08-24T04:27:10.317+0000] {logging_mixin.py:151} INFO - [2023-08-24T04:27:10.317+0000] {dag.py:3677} INFO - Setting next_dagrun for example_trigger_target_dag to None, run_after=None
[2023-08-24T04:27:10.328+0000] {processor.py:179} INFO - Processing /home/airflow/.local/lib/python3.8/site-packages/airflow/example_dags/example_trigger_target_dag.py took 0.042 seconds
