[2023-08-24T03:04:54.359+0000] {processor.py:157} INFO - Started process (PID=64) to work on /home/airflow/.local/lib/python3.8/site-packages/airflow/example_dags/example_short_circuit_decorator.py
[2023-08-24T03:04:54.361+0000] {processor.py:829} INFO - Processing file /home/airflow/.local/lib/python3.8/site-packages/airflow/example_dags/example_short_circuit_decorator.py for tasks to queue
[2023-08-24T03:04:54.364+0000] {logging_mixin.py:151} INFO - [2023-08-24T03:04:54.364+0000] {dagbag.py:539} INFO - Filling up the DagBag from /home/airflow/.local/lib/python3.8/site-packages/airflow/example_dags/example_short_circuit_decorator.py
[2023-08-24T03:04:54.372+0000] {processor.py:839} INFO - DAG(s) dict_keys(['example_short_circuit_decorator']) retrieved from /home/airflow/.local/lib/python3.8/site-packages/airflow/example_dags/example_short_circuit_decorator.py
[2023-08-24T03:04:54.393+0000] {logging_mixin.py:151} INFO - [2023-08-24T03:04:54.393+0000] {dag.py:2907} INFO - Sync 1 DAGs
[2023-08-24T03:04:54.425+0000] {logging_mixin.py:151} INFO - [2023-08-24T03:04:54.424+0000] {dag.py:3677} INFO - Setting next_dagrun for example_short_circuit_decorator to 2023-08-23T03:04:54.424575+00:00, run_after=2023-08-24T03:04:54.424575+00:00
[2023-08-24T03:04:54.437+0000] {processor.py:179} INFO - Processing /home/airflow/.local/lib/python3.8/site-packages/airflow/example_dags/example_short_circuit_decorator.py took 0.082 seconds
[2023-08-24T03:05:24.870+0000] {processor.py:157} INFO - Started process (PID=127) to work on /home/airflow/.local/lib/python3.8/site-packages/airflow/example_dags/example_short_circuit_decorator.py
[2023-08-24T03:05:24.871+0000] {processor.py:829} INFO - Processing file /home/airflow/.local/lib/python3.8/site-packages/airflow/example_dags/example_short_circuit_decorator.py for tasks to queue
[2023-08-24T03:05:24.873+0000] {logging_mixin.py:151} INFO - [2023-08-24T03:05:24.872+0000] {dagbag.py:539} INFO - Filling up the DagBag from /home/airflow/.local/lib/python3.8/site-packages/airflow/example_dags/example_short_circuit_decorator.py
[2023-08-24T03:05:24.879+0000] {processor.py:839} INFO - DAG(s) dict_keys(['example_short_circuit_decorator']) retrieved from /home/airflow/.local/lib/python3.8/site-packages/airflow/example_dags/example_short_circuit_decorator.py
[2023-08-24T03:05:24.897+0000] {logging_mixin.py:151} INFO - [2023-08-24T03:05:24.897+0000] {dag.py:2907} INFO - Sync 1 DAGs
[2023-08-24T03:05:24.910+0000] {logging_mixin.py:151} INFO - [2023-08-24T03:05:24.910+0000] {dag.py:3677} INFO - Setting next_dagrun for example_short_circuit_decorator to 2023-08-23T03:05:24.909777+00:00, run_after=2023-08-24T03:05:24.909777+00:00
[2023-08-24T03:05:24.920+0000] {processor.py:179} INFO - Processing /home/airflow/.local/lib/python3.8/site-packages/airflow/example_dags/example_short_circuit_decorator.py took 0.053 seconds
[2023-08-24T03:05:55.826+0000] {processor.py:157} INFO - Started process (PID=190) to work on /home/airflow/.local/lib/python3.8/site-packages/airflow/example_dags/example_short_circuit_decorator.py
[2023-08-24T03:05:55.827+0000] {processor.py:829} INFO - Processing file /home/airflow/.local/lib/python3.8/site-packages/airflow/example_dags/example_short_circuit_decorator.py for tasks to queue
[2023-08-24T03:05:55.829+0000] {logging_mixin.py:151} INFO - [2023-08-24T03:05:55.829+0000] {dagbag.py:539} INFO - Filling up the DagBag from /home/airflow/.local/lib/python3.8/site-packages/airflow/example_dags/example_short_circuit_decorator.py
[2023-08-24T03:05:55.836+0000] {processor.py:839} INFO - DAG(s) dict_keys(['example_short_circuit_decorator']) retrieved from /home/airflow/.local/lib/python3.8/site-packages/airflow/example_dags/example_short_circuit_decorator.py
[2023-08-24T03:05:55.853+0000] {logging_mixin.py:151} INFO - [2023-08-24T03:05:55.853+0000] {dag.py:2907} INFO - Sync 1 DAGs
[2023-08-24T03:05:55.866+0000] {logging_mixin.py:151} INFO - [2023-08-24T03:05:55.866+0000] {dag.py:3677} INFO - Setting next_dagrun for example_short_circuit_decorator to 2023-08-23T03:05:55.866172+00:00, run_after=2023-08-24T03:05:55.866172+00:00
[2023-08-24T03:05:55.877+0000] {processor.py:179} INFO - Processing /home/airflow/.local/lib/python3.8/site-packages/airflow/example_dags/example_short_circuit_decorator.py took 0.054 seconds
[2023-08-24T03:06:26.814+0000] {processor.py:157} INFO - Started process (PID=253) to work on /home/airflow/.local/lib/python3.8/site-packages/airflow/example_dags/example_short_circuit_decorator.py
[2023-08-24T03:06:26.815+0000] {processor.py:829} INFO - Processing file /home/airflow/.local/lib/python3.8/site-packages/airflow/example_dags/example_short_circuit_decorator.py for tasks to queue
[2023-08-24T03:06:26.817+0000] {logging_mixin.py:151} INFO - [2023-08-24T03:06:26.817+0000] {dagbag.py:539} INFO - Filling up the DagBag from /home/airflow/.local/lib/python3.8/site-packages/airflow/example_dags/example_short_circuit_decorator.py
[2023-08-24T03:06:26.823+0000] {processor.py:839} INFO - DAG(s) dict_keys(['example_short_circuit_decorator']) retrieved from /home/airflow/.local/lib/python3.8/site-packages/airflow/example_dags/example_short_circuit_decorator.py
[2023-08-24T03:06:26.840+0000] {logging_mixin.py:151} INFO - [2023-08-24T03:06:26.840+0000] {dag.py:2907} INFO - Sync 1 DAGs
[2023-08-24T03:06:26.853+0000] {logging_mixin.py:151} INFO - [2023-08-24T03:06:26.853+0000] {dag.py:3677} INFO - Setting next_dagrun for example_short_circuit_decorator to 2023-08-23T03:06:26.853229+00:00, run_after=2023-08-24T03:06:26.853229+00:00
[2023-08-24T03:06:26.863+0000] {processor.py:179} INFO - Processing /home/airflow/.local/lib/python3.8/site-packages/airflow/example_dags/example_short_circuit_decorator.py took 0.052 seconds
[2023-08-24T03:06:57.618+0000] {processor.py:157} INFO - Started process (PID=316) to work on /home/airflow/.local/lib/python3.8/site-packages/airflow/example_dags/example_short_circuit_decorator.py
[2023-08-24T03:06:57.620+0000] {processor.py:829} INFO - Processing file /home/airflow/.local/lib/python3.8/site-packages/airflow/example_dags/example_short_circuit_decorator.py for tasks to queue
[2023-08-24T03:06:57.622+0000] {logging_mixin.py:151} INFO - [2023-08-24T03:06:57.622+0000] {dagbag.py:539} INFO - Filling up the DagBag from /home/airflow/.local/lib/python3.8/site-packages/airflow/example_dags/example_short_circuit_decorator.py
[2023-08-24T03:06:57.629+0000] {processor.py:839} INFO - DAG(s) dict_keys(['example_short_circuit_decorator']) retrieved from /home/airflow/.local/lib/python3.8/site-packages/airflow/example_dags/example_short_circuit_decorator.py
[2023-08-24T03:06:57.648+0000] {logging_mixin.py:151} INFO - [2023-08-24T03:06:57.648+0000] {dag.py:2907} INFO - Sync 1 DAGs
[2023-08-24T03:06:57.662+0000] {logging_mixin.py:151} INFO - [2023-08-24T03:06:57.662+0000] {dag.py:3677} INFO - Setting next_dagrun for example_short_circuit_decorator to 2023-08-23T03:06:57.661972+00:00, run_after=2023-08-24T03:06:57.661972+00:00
[2023-08-24T03:06:57.673+0000] {processor.py:179} INFO - Processing /home/airflow/.local/lib/python3.8/site-packages/airflow/example_dags/example_short_circuit_decorator.py took 0.058 seconds
[2023-08-24T03:07:28.426+0000] {processor.py:157} INFO - Started process (PID=383) to work on /home/airflow/.local/lib/python3.8/site-packages/airflow/example_dags/example_short_circuit_decorator.py
[2023-08-24T03:07:28.427+0000] {processor.py:829} INFO - Processing file /home/airflow/.local/lib/python3.8/site-packages/airflow/example_dags/example_short_circuit_decorator.py for tasks to queue
[2023-08-24T03:07:28.430+0000] {logging_mixin.py:151} INFO - [2023-08-24T03:07:28.429+0000] {dagbag.py:539} INFO - Filling up the DagBag from /home/airflow/.local/lib/python3.8/site-packages/airflow/example_dags/example_short_circuit_decorator.py
[2023-08-24T03:07:28.436+0000] {processor.py:839} INFO - DAG(s) dict_keys(['example_short_circuit_decorator']) retrieved from /home/airflow/.local/lib/python3.8/site-packages/airflow/example_dags/example_short_circuit_decorator.py
[2023-08-24T03:07:28.453+0000] {logging_mixin.py:151} INFO - [2023-08-24T03:07:28.453+0000] {dag.py:2907} INFO - Sync 1 DAGs
[2023-08-24T03:07:28.466+0000] {logging_mixin.py:151} INFO - [2023-08-24T03:07:28.466+0000] {dag.py:3677} INFO - Setting next_dagrun for example_short_circuit_decorator to 2023-08-23T03:07:28.465961+00:00, run_after=2023-08-24T03:07:28.465961+00:00
[2023-08-24T03:07:28.476+0000] {processor.py:179} INFO - Processing /home/airflow/.local/lib/python3.8/site-packages/airflow/example_dags/example_short_circuit_decorator.py took 0.052 seconds
[2023-08-24T03:07:59.110+0000] {processor.py:157} INFO - Started process (PID=446) to work on /home/airflow/.local/lib/python3.8/site-packages/airflow/example_dags/example_short_circuit_decorator.py
[2023-08-24T03:07:59.111+0000] {processor.py:829} INFO - Processing file /home/airflow/.local/lib/python3.8/site-packages/airflow/example_dags/example_short_circuit_decorator.py for tasks to queue
[2023-08-24T03:07:59.113+0000] {logging_mixin.py:151} INFO - [2023-08-24T03:07:59.113+0000] {dagbag.py:539} INFO - Filling up the DagBag from /home/airflow/.local/lib/python3.8/site-packages/airflow/example_dags/example_short_circuit_decorator.py
[2023-08-24T03:07:59.119+0000] {processor.py:839} INFO - DAG(s) dict_keys(['example_short_circuit_decorator']) retrieved from /home/airflow/.local/lib/python3.8/site-packages/airflow/example_dags/example_short_circuit_decorator.py
[2023-08-24T03:07:59.137+0000] {logging_mixin.py:151} INFO - [2023-08-24T03:07:59.136+0000] {dag.py:2907} INFO - Sync 1 DAGs
[2023-08-24T03:07:59.150+0000] {logging_mixin.py:151} INFO - [2023-08-24T03:07:59.150+0000] {dag.py:3677} INFO - Setting next_dagrun for example_short_circuit_decorator to 2023-08-23T03:07:59.149972+00:00, run_after=2023-08-24T03:07:59.149972+00:00
[2023-08-24T03:07:59.160+0000] {processor.py:179} INFO - Processing /home/airflow/.local/lib/python3.8/site-packages/airflow/example_dags/example_short_circuit_decorator.py took 0.053 seconds
[2023-08-24T03:08:29.961+0000] {processor.py:157} INFO - Started process (PID=510) to work on /home/airflow/.local/lib/python3.8/site-packages/airflow/example_dags/example_short_circuit_decorator.py
[2023-08-24T03:08:29.962+0000] {processor.py:829} INFO - Processing file /home/airflow/.local/lib/python3.8/site-packages/airflow/example_dags/example_short_circuit_decorator.py for tasks to queue
[2023-08-24T03:08:29.965+0000] {logging_mixin.py:151} INFO - [2023-08-24T03:08:29.964+0000] {dagbag.py:539} INFO - Filling up the DagBag from /home/airflow/.local/lib/python3.8/site-packages/airflow/example_dags/example_short_circuit_decorator.py
[2023-08-24T03:08:29.972+0000] {processor.py:839} INFO - DAG(s) dict_keys(['example_short_circuit_decorator']) retrieved from /home/airflow/.local/lib/python3.8/site-packages/airflow/example_dags/example_short_circuit_decorator.py
[2023-08-24T03:08:29.991+0000] {logging_mixin.py:151} INFO - [2023-08-24T03:08:29.991+0000] {dag.py:2907} INFO - Sync 1 DAGs
[2023-08-24T03:08:30.005+0000] {logging_mixin.py:151} INFO - [2023-08-24T03:08:30.005+0000] {dag.py:3677} INFO - Setting next_dagrun for example_short_circuit_decorator to 2023-08-23T03:08:30.005042+00:00, run_after=2023-08-24T03:08:30.005042+00:00
[2023-08-24T03:08:30.016+0000] {processor.py:179} INFO - Processing /home/airflow/.local/lib/python3.8/site-packages/airflow/example_dags/example_short_circuit_decorator.py took 0.059 seconds
[2023-08-24T03:09:00.809+0000] {processor.py:157} INFO - Started process (PID=573) to work on /home/airflow/.local/lib/python3.8/site-packages/airflow/example_dags/example_short_circuit_decorator.py
[2023-08-24T03:09:00.810+0000] {processor.py:829} INFO - Processing file /home/airflow/.local/lib/python3.8/site-packages/airflow/example_dags/example_short_circuit_decorator.py for tasks to queue
[2023-08-24T03:09:00.812+0000] {logging_mixin.py:151} INFO - [2023-08-24T03:09:00.812+0000] {dagbag.py:539} INFO - Filling up the DagBag from /home/airflow/.local/lib/python3.8/site-packages/airflow/example_dags/example_short_circuit_decorator.py
[2023-08-24T03:09:00.819+0000] {processor.py:839} INFO - DAG(s) dict_keys(['example_short_circuit_decorator']) retrieved from /home/airflow/.local/lib/python3.8/site-packages/airflow/example_dags/example_short_circuit_decorator.py
[2023-08-24T03:09:00.838+0000] {logging_mixin.py:151} INFO - [2023-08-24T03:09:00.838+0000] {dag.py:2907} INFO - Sync 1 DAGs
[2023-08-24T03:09:00.851+0000] {logging_mixin.py:151} INFO - [2023-08-24T03:09:00.851+0000] {dag.py:3677} INFO - Setting next_dagrun for example_short_circuit_decorator to 2023-08-23T03:09:00.851151+00:00, run_after=2023-08-24T03:09:00.851151+00:00
[2023-08-24T03:09:00.863+0000] {processor.py:179} INFO - Processing /home/airflow/.local/lib/python3.8/site-packages/airflow/example_dags/example_short_circuit_decorator.py took 0.057 seconds
[2023-08-24T03:16:30.138+0000] {processor.py:157} INFO - Started process (PID=65) to work on /home/airflow/.local/lib/python3.8/site-packages/airflow/example_dags/example_short_circuit_decorator.py
[2023-08-24T03:16:30.139+0000] {processor.py:829} INFO - Processing file /home/airflow/.local/lib/python3.8/site-packages/airflow/example_dags/example_short_circuit_decorator.py for tasks to queue
[2023-08-24T03:16:30.142+0000] {logging_mixin.py:151} INFO - [2023-08-24T03:16:30.141+0000] {dagbag.py:539} INFO - Filling up the DagBag from /home/airflow/.local/lib/python3.8/site-packages/airflow/example_dags/example_short_circuit_decorator.py
[2023-08-24T03:16:30.149+0000] {processor.py:839} INFO - DAG(s) dict_keys(['example_short_circuit_decorator']) retrieved from /home/airflow/.local/lib/python3.8/site-packages/airflow/example_dags/example_short_circuit_decorator.py
[2023-08-24T03:16:30.160+0000] {logging_mixin.py:151} INFO - [2023-08-24T03:16:30.160+0000] {dag.py:2907} INFO - Sync 1 DAGs
[2023-08-24T03:16:30.176+0000] {logging_mixin.py:151} INFO - [2023-08-24T03:16:30.176+0000] {dag.py:3677} INFO - Setting next_dagrun for example_short_circuit_decorator to 2023-08-23T03:16:30.176321+00:00, run_after=2023-08-24T03:16:30.176321+00:00
[2023-08-24T03:16:30.189+0000] {processor.py:179} INFO - Processing /home/airflow/.local/lib/python3.8/site-packages/airflow/example_dags/example_short_circuit_decorator.py took 0.054 seconds
[2023-08-24T03:17:00.287+0000] {processor.py:157} INFO - Started process (PID=128) to work on /home/airflow/.local/lib/python3.8/site-packages/airflow/example_dags/example_short_circuit_decorator.py
[2023-08-24T03:17:00.288+0000] {processor.py:829} INFO - Processing file /home/airflow/.local/lib/python3.8/site-packages/airflow/example_dags/example_short_circuit_decorator.py for tasks to queue
[2023-08-24T03:17:00.290+0000] {logging_mixin.py:151} INFO - [2023-08-24T03:17:00.290+0000] {dagbag.py:539} INFO - Filling up the DagBag from /home/airflow/.local/lib/python3.8/site-packages/airflow/example_dags/example_short_circuit_decorator.py
[2023-08-24T03:17:00.297+0000] {processor.py:839} INFO - DAG(s) dict_keys(['example_short_circuit_decorator']) retrieved from /home/airflow/.local/lib/python3.8/site-packages/airflow/example_dags/example_short_circuit_decorator.py
[2023-08-24T03:17:00.315+0000] {logging_mixin.py:151} INFO - [2023-08-24T03:17:00.314+0000] {dag.py:2907} INFO - Sync 1 DAGs
[2023-08-24T03:17:00.328+0000] {logging_mixin.py:151} INFO - [2023-08-24T03:17:00.328+0000] {dag.py:3677} INFO - Setting next_dagrun for example_short_circuit_decorator to 2023-08-23T03:17:00.328242+00:00, run_after=2023-08-24T03:17:00.328242+00:00
[2023-08-24T03:17:00.339+0000] {processor.py:179} INFO - Processing /home/airflow/.local/lib/python3.8/site-packages/airflow/example_dags/example_short_circuit_decorator.py took 0.055 seconds
[2023-08-24T03:17:30.981+0000] {processor.py:157} INFO - Started process (PID=191) to work on /home/airflow/.local/lib/python3.8/site-packages/airflow/example_dags/example_short_circuit_decorator.py
[2023-08-24T03:17:30.982+0000] {processor.py:829} INFO - Processing file /home/airflow/.local/lib/python3.8/site-packages/airflow/example_dags/example_short_circuit_decorator.py for tasks to queue
[2023-08-24T03:17:30.984+0000] {logging_mixin.py:151} INFO - [2023-08-24T03:17:30.983+0000] {dagbag.py:539} INFO - Filling up the DagBag from /home/airflow/.local/lib/python3.8/site-packages/airflow/example_dags/example_short_circuit_decorator.py
[2023-08-24T03:17:30.991+0000] {processor.py:839} INFO - DAG(s) dict_keys(['example_short_circuit_decorator']) retrieved from /home/airflow/.local/lib/python3.8/site-packages/airflow/example_dags/example_short_circuit_decorator.py
[2023-08-24T03:17:31.008+0000] {logging_mixin.py:151} INFO - [2023-08-24T03:17:31.008+0000] {dag.py:2907} INFO - Sync 1 DAGs
[2023-08-24T03:17:31.020+0000] {logging_mixin.py:151} INFO - [2023-08-24T03:17:31.019+0000] {dag.py:3677} INFO - Setting next_dagrun for example_short_circuit_decorator to 2023-08-23T03:17:31.019716+00:00, run_after=2023-08-24T03:17:31.019716+00:00
[2023-08-24T03:17:31.029+0000] {processor.py:179} INFO - Processing /home/airflow/.local/lib/python3.8/site-packages/airflow/example_dags/example_short_circuit_decorator.py took 0.051 seconds
[2023-08-24T03:18:01.854+0000] {processor.py:157} INFO - Started process (PID=254) to work on /home/airflow/.local/lib/python3.8/site-packages/airflow/example_dags/example_short_circuit_decorator.py
[2023-08-24T03:18:01.855+0000] {processor.py:829} INFO - Processing file /home/airflow/.local/lib/python3.8/site-packages/airflow/example_dags/example_short_circuit_decorator.py for tasks to queue
[2023-08-24T03:18:01.857+0000] {logging_mixin.py:151} INFO - [2023-08-24T03:18:01.857+0000] {dagbag.py:539} INFO - Filling up the DagBag from /home/airflow/.local/lib/python3.8/site-packages/airflow/example_dags/example_short_circuit_decorator.py
[2023-08-24T03:18:01.865+0000] {processor.py:839} INFO - DAG(s) dict_keys(['example_short_circuit_decorator']) retrieved from /home/airflow/.local/lib/python3.8/site-packages/airflow/example_dags/example_short_circuit_decorator.py
[2023-08-24T03:18:01.895+0000] {logging_mixin.py:151} INFO - [2023-08-24T03:18:01.894+0000] {dag.py:2907} INFO - Sync 1 DAGs
[2023-08-24T03:18:01.916+0000] {logging_mixin.py:151} INFO - [2023-08-24T03:18:01.916+0000] {dag.py:3677} INFO - Setting next_dagrun for example_short_circuit_decorator to 2023-08-23T03:18:01.915903+00:00, run_after=2023-08-24T03:18:01.915903+00:00
[2023-08-24T03:18:01.928+0000] {processor.py:179} INFO - Processing /home/airflow/.local/lib/python3.8/site-packages/airflow/example_dags/example_short_circuit_decorator.py took 0.078 seconds
[2023-08-24T03:19:16.370+0000] {processor.py:157} INFO - Started process (PID=64) to work on /home/airflow/.local/lib/python3.8/site-packages/airflow/example_dags/example_short_circuit_decorator.py
[2023-08-24T03:19:16.371+0000] {processor.py:829} INFO - Processing file /home/airflow/.local/lib/python3.8/site-packages/airflow/example_dags/example_short_circuit_decorator.py for tasks to queue
[2023-08-24T03:19:16.374+0000] {logging_mixin.py:151} INFO - [2023-08-24T03:19:16.373+0000] {dagbag.py:539} INFO - Filling up the DagBag from /home/airflow/.local/lib/python3.8/site-packages/airflow/example_dags/example_short_circuit_decorator.py
[2023-08-24T03:19:16.382+0000] {processor.py:839} INFO - DAG(s) dict_keys(['example_short_circuit_decorator']) retrieved from /home/airflow/.local/lib/python3.8/site-packages/airflow/example_dags/example_short_circuit_decorator.py
[2023-08-24T03:19:16.393+0000] {logging_mixin.py:151} INFO - [2023-08-24T03:19:16.393+0000] {dag.py:2907} INFO - Sync 1 DAGs
[2023-08-24T03:19:16.408+0000] {logging_mixin.py:151} INFO - [2023-08-24T03:19:16.408+0000] {dag.py:3677} INFO - Setting next_dagrun for example_short_circuit_decorator to 2023-08-23T03:19:16.408028+00:00, run_after=2023-08-24T03:19:16.408028+00:00
[2023-08-24T03:19:16.418+0000] {processor.py:179} INFO - Processing /home/airflow/.local/lib/python3.8/site-packages/airflow/example_dags/example_short_circuit_decorator.py took 0.051 seconds
[2023-08-24T03:22:56.998+0000] {processor.py:157} INFO - Started process (PID=63) to work on /home/airflow/.local/lib/python3.8/site-packages/airflow/example_dags/example_short_circuit_decorator.py
[2023-08-24T03:22:56.999+0000] {processor.py:829} INFO - Processing file /home/airflow/.local/lib/python3.8/site-packages/airflow/example_dags/example_short_circuit_decorator.py for tasks to queue
[2023-08-24T03:22:57.002+0000] {logging_mixin.py:151} INFO - [2023-08-24T03:22:57.002+0000] {dagbag.py:539} INFO - Filling up the DagBag from /home/airflow/.local/lib/python3.8/site-packages/airflow/example_dags/example_short_circuit_decorator.py
[2023-08-24T03:22:57.011+0000] {processor.py:839} INFO - DAG(s) dict_keys(['example_short_circuit_decorator']) retrieved from /home/airflow/.local/lib/python3.8/site-packages/airflow/example_dags/example_short_circuit_decorator.py
[2023-08-24T03:22:57.024+0000] {logging_mixin.py:151} INFO - [2023-08-24T03:22:57.024+0000] {dag.py:2907} INFO - Sync 1 DAGs
[2023-08-24T03:22:57.043+0000] {logging_mixin.py:151} INFO - [2023-08-24T03:22:57.043+0000] {dag.py:3677} INFO - Setting next_dagrun for example_short_circuit_decorator to 2023-08-23T03:22:57.043094+00:00, run_after=2023-08-24T03:22:57.043094+00:00
[2023-08-24T03:22:57.061+0000] {processor.py:179} INFO - Processing /home/airflow/.local/lib/python3.8/site-packages/airflow/example_dags/example_short_circuit_decorator.py took 0.066 seconds
[2023-08-24T03:23:27.441+0000] {processor.py:157} INFO - Started process (PID=126) to work on /home/airflow/.local/lib/python3.8/site-packages/airflow/example_dags/example_short_circuit_decorator.py
[2023-08-24T03:23:27.442+0000] {processor.py:829} INFO - Processing file /home/airflow/.local/lib/python3.8/site-packages/airflow/example_dags/example_short_circuit_decorator.py for tasks to queue
[2023-08-24T03:23:27.444+0000] {logging_mixin.py:151} INFO - [2023-08-24T03:23:27.444+0000] {dagbag.py:539} INFO - Filling up the DagBag from /home/airflow/.local/lib/python3.8/site-packages/airflow/example_dags/example_short_circuit_decorator.py
[2023-08-24T03:23:27.450+0000] {processor.py:839} INFO - DAG(s) dict_keys(['example_short_circuit_decorator']) retrieved from /home/airflow/.local/lib/python3.8/site-packages/airflow/example_dags/example_short_circuit_decorator.py
[2023-08-24T03:23:27.468+0000] {logging_mixin.py:151} INFO - [2023-08-24T03:23:27.468+0000] {dag.py:2907} INFO - Sync 1 DAGs
[2023-08-24T03:23:27.481+0000] {logging_mixin.py:151} INFO - [2023-08-24T03:23:27.481+0000] {dag.py:3677} INFO - Setting next_dagrun for example_short_circuit_decorator to 2023-08-23T03:23:27.481192+00:00, run_after=2023-08-24T03:23:27.481192+00:00
[2023-08-24T03:23:27.492+0000] {processor.py:179} INFO - Processing /home/airflow/.local/lib/python3.8/site-packages/airflow/example_dags/example_short_circuit_decorator.py took 0.055 seconds
[2023-08-24T03:59:49.049+0000] {processor.py:157} INFO - Started process (PID=64) to work on /home/airflow/.local/lib/python3.8/site-packages/airflow/example_dags/example_short_circuit_decorator.py
[2023-08-24T03:59:49.051+0000] {processor.py:829} INFO - Processing file /home/airflow/.local/lib/python3.8/site-packages/airflow/example_dags/example_short_circuit_decorator.py for tasks to queue
[2023-08-24T03:59:49.054+0000] {logging_mixin.py:151} INFO - [2023-08-24T03:59:49.054+0000] {dagbag.py:539} INFO - Filling up the DagBag from /home/airflow/.local/lib/python3.8/site-packages/airflow/example_dags/example_short_circuit_decorator.py
[2023-08-24T03:59:49.062+0000] {processor.py:839} INFO - DAG(s) dict_keys(['example_short_circuit_decorator']) retrieved from /home/airflow/.local/lib/python3.8/site-packages/airflow/example_dags/example_short_circuit_decorator.py
[2023-08-24T03:59:49.077+0000] {logging_mixin.py:151} INFO - [2023-08-24T03:59:49.077+0000] {dag.py:2907} INFO - Sync 1 DAGs
[2023-08-24T03:59:49.093+0000] {logging_mixin.py:151} INFO - [2023-08-24T03:59:49.093+0000] {dag.py:3677} INFO - Setting next_dagrun for example_short_circuit_decorator to 2023-08-23T03:59:49.093414+00:00, run_after=2023-08-24T03:59:49.093414+00:00
[2023-08-24T03:59:49.105+0000] {processor.py:179} INFO - Processing /home/airflow/.local/lib/python3.8/site-packages/airflow/example_dags/example_short_circuit_decorator.py took 0.060 seconds
[2023-08-24T04:00:19.302+0000] {processor.py:157} INFO - Started process (PID=127) to work on /home/airflow/.local/lib/python3.8/site-packages/airflow/example_dags/example_short_circuit_decorator.py
[2023-08-24T04:00:19.304+0000] {processor.py:829} INFO - Processing file /home/airflow/.local/lib/python3.8/site-packages/airflow/example_dags/example_short_circuit_decorator.py for tasks to queue
[2023-08-24T04:00:19.306+0000] {logging_mixin.py:151} INFO - [2023-08-24T04:00:19.306+0000] {dagbag.py:539} INFO - Filling up the DagBag from /home/airflow/.local/lib/python3.8/site-packages/airflow/example_dags/example_short_circuit_decorator.py
[2023-08-24T04:00:19.312+0000] {processor.py:839} INFO - DAG(s) dict_keys(['example_short_circuit_decorator']) retrieved from /home/airflow/.local/lib/python3.8/site-packages/airflow/example_dags/example_short_circuit_decorator.py
[2023-08-24T04:00:19.331+0000] {logging_mixin.py:151} INFO - [2023-08-24T04:00:19.331+0000] {dag.py:2907} INFO - Sync 1 DAGs
[2023-08-24T04:00:19.344+0000] {logging_mixin.py:151} INFO - [2023-08-24T04:00:19.344+0000] {dag.py:3677} INFO - Setting next_dagrun for example_short_circuit_decorator to 2023-08-23T04:00:19.344563+00:00, run_after=2023-08-24T04:00:19.344563+00:00
[2023-08-24T04:00:19.354+0000] {processor.py:179} INFO - Processing /home/airflow/.local/lib/python3.8/site-packages/airflow/example_dags/example_short_circuit_decorator.py took 0.055 seconds
[2023-08-24T04:00:50.117+0000] {processor.py:157} INFO - Started process (PID=190) to work on /home/airflow/.local/lib/python3.8/site-packages/airflow/example_dags/example_short_circuit_decorator.py
[2023-08-24T04:00:50.118+0000] {processor.py:829} INFO - Processing file /home/airflow/.local/lib/python3.8/site-packages/airflow/example_dags/example_short_circuit_decorator.py for tasks to queue
[2023-08-24T04:00:50.120+0000] {logging_mixin.py:151} INFO - [2023-08-24T04:00:50.120+0000] {dagbag.py:539} INFO - Filling up the DagBag from /home/airflow/.local/lib/python3.8/site-packages/airflow/example_dags/example_short_circuit_decorator.py
[2023-08-24T04:00:50.127+0000] {processor.py:839} INFO - DAG(s) dict_keys(['example_short_circuit_decorator']) retrieved from /home/airflow/.local/lib/python3.8/site-packages/airflow/example_dags/example_short_circuit_decorator.py
[2023-08-24T04:00:50.145+0000] {logging_mixin.py:151} INFO - [2023-08-24T04:00:50.145+0000] {dag.py:2907} INFO - Sync 1 DAGs
[2023-08-24T04:00:50.164+0000] {logging_mixin.py:151} INFO - [2023-08-24T04:00:50.164+0000] {dag.py:3677} INFO - Setting next_dagrun for example_short_circuit_decorator to 2023-08-23T04:00:50.164432+00:00, run_after=2023-08-24T04:00:50.164432+00:00
[2023-08-24T04:00:50.176+0000] {processor.py:179} INFO - Processing /home/airflow/.local/lib/python3.8/site-packages/airflow/example_dags/example_short_circuit_decorator.py took 0.061 seconds
[2023-08-24T04:01:20.805+0000] {processor.py:157} INFO - Started process (PID=253) to work on /home/airflow/.local/lib/python3.8/site-packages/airflow/example_dags/example_short_circuit_decorator.py
[2023-08-24T04:01:20.807+0000] {processor.py:829} INFO - Processing file /home/airflow/.local/lib/python3.8/site-packages/airflow/example_dags/example_short_circuit_decorator.py for tasks to queue
[2023-08-24T04:01:20.809+0000] {logging_mixin.py:151} INFO - [2023-08-24T04:01:20.808+0000] {dagbag.py:539} INFO - Filling up the DagBag from /home/airflow/.local/lib/python3.8/site-packages/airflow/example_dags/example_short_circuit_decorator.py
[2023-08-24T04:01:20.815+0000] {processor.py:839} INFO - DAG(s) dict_keys(['example_short_circuit_decorator']) retrieved from /home/airflow/.local/lib/python3.8/site-packages/airflow/example_dags/example_short_circuit_decorator.py
[2023-08-24T04:01:20.832+0000] {logging_mixin.py:151} INFO - [2023-08-24T04:01:20.832+0000] {dag.py:2907} INFO - Sync 1 DAGs
[2023-08-24T04:01:20.844+0000] {logging_mixin.py:151} INFO - [2023-08-24T04:01:20.844+0000] {dag.py:3677} INFO - Setting next_dagrun for example_short_circuit_decorator to 2023-08-23T04:01:20.844632+00:00, run_after=2023-08-24T04:01:20.844632+00:00
[2023-08-24T04:01:20.855+0000] {processor.py:179} INFO - Processing /home/airflow/.local/lib/python3.8/site-packages/airflow/example_dags/example_short_circuit_decorator.py took 0.053 seconds
[2023-08-24T04:01:51.707+0000] {processor.py:157} INFO - Started process (PID=316) to work on /home/airflow/.local/lib/python3.8/site-packages/airflow/example_dags/example_short_circuit_decorator.py
[2023-08-24T04:01:51.709+0000] {processor.py:829} INFO - Processing file /home/airflow/.local/lib/python3.8/site-packages/airflow/example_dags/example_short_circuit_decorator.py for tasks to queue
[2023-08-24T04:01:51.711+0000] {logging_mixin.py:151} INFO - [2023-08-24T04:01:51.710+0000] {dagbag.py:539} INFO - Filling up the DagBag from /home/airflow/.local/lib/python3.8/site-packages/airflow/example_dags/example_short_circuit_decorator.py
[2023-08-24T04:01:51.717+0000] {processor.py:839} INFO - DAG(s) dict_keys(['example_short_circuit_decorator']) retrieved from /home/airflow/.local/lib/python3.8/site-packages/airflow/example_dags/example_short_circuit_decorator.py
[2023-08-24T04:01:51.736+0000] {logging_mixin.py:151} INFO - [2023-08-24T04:01:51.736+0000] {dag.py:2907} INFO - Sync 1 DAGs
[2023-08-24T04:01:51.749+0000] {logging_mixin.py:151} INFO - [2023-08-24T04:01:51.748+0000] {dag.py:3677} INFO - Setting next_dagrun for example_short_circuit_decorator to 2023-08-23T04:01:51.748733+00:00, run_after=2023-08-24T04:01:51.748733+00:00
[2023-08-24T04:01:51.759+0000] {processor.py:179} INFO - Processing /home/airflow/.local/lib/python3.8/site-packages/airflow/example_dags/example_short_circuit_decorator.py took 0.054 seconds
[2023-08-24T04:02:22.597+0000] {processor.py:157} INFO - Started process (PID=379) to work on /home/airflow/.local/lib/python3.8/site-packages/airflow/example_dags/example_short_circuit_decorator.py
[2023-08-24T04:02:22.598+0000] {processor.py:829} INFO - Processing file /home/airflow/.local/lib/python3.8/site-packages/airflow/example_dags/example_short_circuit_decorator.py for tasks to queue
[2023-08-24T04:02:22.600+0000] {logging_mixin.py:151} INFO - [2023-08-24T04:02:22.600+0000] {dagbag.py:539} INFO - Filling up the DagBag from /home/airflow/.local/lib/python3.8/site-packages/airflow/example_dags/example_short_circuit_decorator.py
[2023-08-24T04:02:22.606+0000] {processor.py:839} INFO - DAG(s) dict_keys(['example_short_circuit_decorator']) retrieved from /home/airflow/.local/lib/python3.8/site-packages/airflow/example_dags/example_short_circuit_decorator.py
[2023-08-24T04:02:22.622+0000] {logging_mixin.py:151} INFO - [2023-08-24T04:02:22.622+0000] {dag.py:2907} INFO - Sync 1 DAGs
[2023-08-24T04:02:22.635+0000] {logging_mixin.py:151} INFO - [2023-08-24T04:02:22.635+0000] {dag.py:3677} INFO - Setting next_dagrun for example_short_circuit_decorator to 2023-08-23T04:02:22.634860+00:00, run_after=2023-08-24T04:02:22.634860+00:00
[2023-08-24T04:02:22.645+0000] {processor.py:179} INFO - Processing /home/airflow/.local/lib/python3.8/site-packages/airflow/example_dags/example_short_circuit_decorator.py took 0.051 seconds
[2023-08-24T04:02:53.249+0000] {processor.py:157} INFO - Started process (PID=442) to work on /home/airflow/.local/lib/python3.8/site-packages/airflow/example_dags/example_short_circuit_decorator.py
[2023-08-24T04:02:53.251+0000] {processor.py:829} INFO - Processing file /home/airflow/.local/lib/python3.8/site-packages/airflow/example_dags/example_short_circuit_decorator.py for tasks to queue
[2023-08-24T04:02:53.252+0000] {logging_mixin.py:151} INFO - [2023-08-24T04:02:53.252+0000] {dagbag.py:539} INFO - Filling up the DagBag from /home/airflow/.local/lib/python3.8/site-packages/airflow/example_dags/example_short_circuit_decorator.py
[2023-08-24T04:02:53.258+0000] {processor.py:839} INFO - DAG(s) dict_keys(['example_short_circuit_decorator']) retrieved from /home/airflow/.local/lib/python3.8/site-packages/airflow/example_dags/example_short_circuit_decorator.py
[2023-08-24T04:02:53.276+0000] {logging_mixin.py:151} INFO - [2023-08-24T04:02:53.276+0000] {dag.py:2907} INFO - Sync 1 DAGs
[2023-08-24T04:02:53.289+0000] {logging_mixin.py:151} INFO - [2023-08-24T04:02:53.289+0000] {dag.py:3677} INFO - Setting next_dagrun for example_short_circuit_decorator to 2023-08-23T04:02:53.289431+00:00, run_after=2023-08-24T04:02:53.289431+00:00
[2023-08-24T04:02:53.300+0000] {processor.py:179} INFO - Processing /home/airflow/.local/lib/python3.8/site-packages/airflow/example_dags/example_short_circuit_decorator.py took 0.053 seconds
[2023-08-24T04:03:23.862+0000] {processor.py:157} INFO - Started process (PID=505) to work on /home/airflow/.local/lib/python3.8/site-packages/airflow/example_dags/example_short_circuit_decorator.py
[2023-08-24T04:03:23.863+0000] {processor.py:829} INFO - Processing file /home/airflow/.local/lib/python3.8/site-packages/airflow/example_dags/example_short_circuit_decorator.py for tasks to queue
[2023-08-24T04:03:23.865+0000] {logging_mixin.py:151} INFO - [2023-08-24T04:03:23.865+0000] {dagbag.py:539} INFO - Filling up the DagBag from /home/airflow/.local/lib/python3.8/site-packages/airflow/example_dags/example_short_circuit_decorator.py
[2023-08-24T04:03:23.871+0000] {processor.py:839} INFO - DAG(s) dict_keys(['example_short_circuit_decorator']) retrieved from /home/airflow/.local/lib/python3.8/site-packages/airflow/example_dags/example_short_circuit_decorator.py
[2023-08-24T04:03:23.889+0000] {logging_mixin.py:151} INFO - [2023-08-24T04:03:23.889+0000] {dag.py:2907} INFO - Sync 1 DAGs
[2023-08-24T04:03:23.902+0000] {logging_mixin.py:151} INFO - [2023-08-24T04:03:23.902+0000] {dag.py:3677} INFO - Setting next_dagrun for example_short_circuit_decorator to 2023-08-23T04:03:23.902058+00:00, run_after=2023-08-24T04:03:23.902058+00:00
[2023-08-24T04:03:23.912+0000] {processor.py:179} INFO - Processing /home/airflow/.local/lib/python3.8/site-packages/airflow/example_dags/example_short_circuit_decorator.py took 0.053 seconds
[2023-08-24T04:03:54.664+0000] {processor.py:157} INFO - Started process (PID=568) to work on /home/airflow/.local/lib/python3.8/site-packages/airflow/example_dags/example_short_circuit_decorator.py
[2023-08-24T04:03:54.665+0000] {processor.py:829} INFO - Processing file /home/airflow/.local/lib/python3.8/site-packages/airflow/example_dags/example_short_circuit_decorator.py for tasks to queue
[2023-08-24T04:03:54.667+0000] {logging_mixin.py:151} INFO - [2023-08-24T04:03:54.667+0000] {dagbag.py:539} INFO - Filling up the DagBag from /home/airflow/.local/lib/python3.8/site-packages/airflow/example_dags/example_short_circuit_decorator.py
[2023-08-24T04:03:54.673+0000] {processor.py:839} INFO - DAG(s) dict_keys(['example_short_circuit_decorator']) retrieved from /home/airflow/.local/lib/python3.8/site-packages/airflow/example_dags/example_short_circuit_decorator.py
[2023-08-24T04:03:54.691+0000] {logging_mixin.py:151} INFO - [2023-08-24T04:03:54.691+0000] {dag.py:2907} INFO - Sync 1 DAGs
[2023-08-24T04:03:54.704+0000] {logging_mixin.py:151} INFO - [2023-08-24T04:03:54.704+0000] {dag.py:3677} INFO - Setting next_dagrun for example_short_circuit_decorator to 2023-08-23T04:03:54.703919+00:00, run_after=2023-08-24T04:03:54.703919+00:00
[2023-08-24T04:03:54.715+0000] {processor.py:179} INFO - Processing /home/airflow/.local/lib/python3.8/site-packages/airflow/example_dags/example_short_circuit_decorator.py took 0.054 seconds
[2023-08-24T04:04:25.385+0000] {processor.py:157} INFO - Started process (PID=631) to work on /home/airflow/.local/lib/python3.8/site-packages/airflow/example_dags/example_short_circuit_decorator.py
[2023-08-24T04:04:25.388+0000] {processor.py:829} INFO - Processing file /home/airflow/.local/lib/python3.8/site-packages/airflow/example_dags/example_short_circuit_decorator.py for tasks to queue
[2023-08-24T04:04:25.390+0000] {logging_mixin.py:151} INFO - [2023-08-24T04:04:25.390+0000] {dagbag.py:539} INFO - Filling up the DagBag from /home/airflow/.local/lib/python3.8/site-packages/airflow/example_dags/example_short_circuit_decorator.py
[2023-08-24T04:04:25.398+0000] {processor.py:839} INFO - DAG(s) dict_keys(['example_short_circuit_decorator']) retrieved from /home/airflow/.local/lib/python3.8/site-packages/airflow/example_dags/example_short_circuit_decorator.py
[2023-08-24T04:04:25.419+0000] {logging_mixin.py:151} INFO - [2023-08-24T04:04:25.419+0000] {dag.py:2907} INFO - Sync 1 DAGs
[2023-08-24T04:04:25.435+0000] {logging_mixin.py:151} INFO - [2023-08-24T04:04:25.435+0000] {dag.py:3677} INFO - Setting next_dagrun for example_short_circuit_decorator to 2023-08-23T04:04:25.435050+00:00, run_after=2023-08-24T04:04:25.435050+00:00
[2023-08-24T04:04:25.447+0000] {processor.py:179} INFO - Processing /home/airflow/.local/lib/python3.8/site-packages/airflow/example_dags/example_short_circuit_decorator.py took 0.066 seconds
[2023-08-24T04:04:56.405+0000] {processor.py:157} INFO - Started process (PID=694) to work on /home/airflow/.local/lib/python3.8/site-packages/airflow/example_dags/example_short_circuit_decorator.py
[2023-08-24T04:04:56.406+0000] {processor.py:829} INFO - Processing file /home/airflow/.local/lib/python3.8/site-packages/airflow/example_dags/example_short_circuit_decorator.py for tasks to queue
[2023-08-24T04:04:56.408+0000] {logging_mixin.py:151} INFO - [2023-08-24T04:04:56.408+0000] {dagbag.py:539} INFO - Filling up the DagBag from /home/airflow/.local/lib/python3.8/site-packages/airflow/example_dags/example_short_circuit_decorator.py
[2023-08-24T04:04:56.414+0000] {processor.py:839} INFO - DAG(s) dict_keys(['example_short_circuit_decorator']) retrieved from /home/airflow/.local/lib/python3.8/site-packages/airflow/example_dags/example_short_circuit_decorator.py
[2023-08-24T04:04:56.431+0000] {logging_mixin.py:151} INFO - [2023-08-24T04:04:56.431+0000] {dag.py:2907} INFO - Sync 1 DAGs
[2023-08-24T04:04:56.443+0000] {logging_mixin.py:151} INFO - [2023-08-24T04:04:56.443+0000] {dag.py:3677} INFO - Setting next_dagrun for example_short_circuit_decorator to 2023-08-23T04:04:56.443118+00:00, run_after=2023-08-24T04:04:56.443118+00:00
[2023-08-24T04:04:56.454+0000] {processor.py:179} INFO - Processing /home/airflow/.local/lib/python3.8/site-packages/airflow/example_dags/example_short_circuit_decorator.py took 0.051 seconds
[2023-08-24T04:05:27.065+0000] {processor.py:157} INFO - Started process (PID=757) to work on /home/airflow/.local/lib/python3.8/site-packages/airflow/example_dags/example_short_circuit_decorator.py
[2023-08-24T04:05:27.066+0000] {processor.py:829} INFO - Processing file /home/airflow/.local/lib/python3.8/site-packages/airflow/example_dags/example_short_circuit_decorator.py for tasks to queue
[2023-08-24T04:05:27.068+0000] {logging_mixin.py:151} INFO - [2023-08-24T04:05:27.068+0000] {dagbag.py:539} INFO - Filling up the DagBag from /home/airflow/.local/lib/python3.8/site-packages/airflow/example_dags/example_short_circuit_decorator.py
[2023-08-24T04:05:27.076+0000] {processor.py:839} INFO - DAG(s) dict_keys(['example_short_circuit_decorator']) retrieved from /home/airflow/.local/lib/python3.8/site-packages/airflow/example_dags/example_short_circuit_decorator.py
[2023-08-24T04:05:27.095+0000] {logging_mixin.py:151} INFO - [2023-08-24T04:05:27.095+0000] {dag.py:2907} INFO - Sync 1 DAGs
[2023-08-24T04:05:27.108+0000] {logging_mixin.py:151} INFO - [2023-08-24T04:05:27.108+0000] {dag.py:3677} INFO - Setting next_dagrun for example_short_circuit_decorator to 2023-08-23T04:05:27.108526+00:00, run_after=2023-08-24T04:05:27.108526+00:00
[2023-08-24T04:05:27.118+0000] {processor.py:179} INFO - Processing /home/airflow/.local/lib/python3.8/site-packages/airflow/example_dags/example_short_circuit_decorator.py took 0.056 seconds
[2023-08-24T04:05:57.841+0000] {processor.py:157} INFO - Started process (PID=820) to work on /home/airflow/.local/lib/python3.8/site-packages/airflow/example_dags/example_short_circuit_decorator.py
[2023-08-24T04:05:57.842+0000] {processor.py:829} INFO - Processing file /home/airflow/.local/lib/python3.8/site-packages/airflow/example_dags/example_short_circuit_decorator.py for tasks to queue
[2023-08-24T04:05:57.844+0000] {logging_mixin.py:151} INFO - [2023-08-24T04:05:57.844+0000] {dagbag.py:539} INFO - Filling up the DagBag from /home/airflow/.local/lib/python3.8/site-packages/airflow/example_dags/example_short_circuit_decorator.py
[2023-08-24T04:05:57.850+0000] {processor.py:839} INFO - DAG(s) dict_keys(['example_short_circuit_decorator']) retrieved from /home/airflow/.local/lib/python3.8/site-packages/airflow/example_dags/example_short_circuit_decorator.py
[2023-08-24T04:05:57.868+0000] {logging_mixin.py:151} INFO - [2023-08-24T04:05:57.868+0000] {dag.py:2907} INFO - Sync 1 DAGs
[2023-08-24T04:05:57.881+0000] {logging_mixin.py:151} INFO - [2023-08-24T04:05:57.881+0000] {dag.py:3677} INFO - Setting next_dagrun for example_short_circuit_decorator to 2023-08-23T04:05:57.880971+00:00, run_after=2023-08-24T04:05:57.880971+00:00
[2023-08-24T04:05:57.893+0000] {processor.py:179} INFO - Processing /home/airflow/.local/lib/python3.8/site-packages/airflow/example_dags/example_short_circuit_decorator.py took 0.055 seconds
[2023-08-24T04:06:28.484+0000] {processor.py:157} INFO - Started process (PID=883) to work on /home/airflow/.local/lib/python3.8/site-packages/airflow/example_dags/example_short_circuit_decorator.py
[2023-08-24T04:06:28.485+0000] {processor.py:829} INFO - Processing file /home/airflow/.local/lib/python3.8/site-packages/airflow/example_dags/example_short_circuit_decorator.py for tasks to queue
[2023-08-24T04:06:28.487+0000] {logging_mixin.py:151} INFO - [2023-08-24T04:06:28.487+0000] {dagbag.py:539} INFO - Filling up the DagBag from /home/airflow/.local/lib/python3.8/site-packages/airflow/example_dags/example_short_circuit_decorator.py
[2023-08-24T04:06:28.494+0000] {processor.py:839} INFO - DAG(s) dict_keys(['example_short_circuit_decorator']) retrieved from /home/airflow/.local/lib/python3.8/site-packages/airflow/example_dags/example_short_circuit_decorator.py
[2023-08-24T04:06:28.518+0000] {logging_mixin.py:151} INFO - [2023-08-24T04:06:28.517+0000] {dag.py:2907} INFO - Sync 1 DAGs
[2023-08-24T04:06:28.532+0000] {logging_mixin.py:151} INFO - [2023-08-24T04:06:28.531+0000] {dag.py:3677} INFO - Setting next_dagrun for example_short_circuit_decorator to 2023-08-23T04:06:28.531674+00:00, run_after=2023-08-24T04:06:28.531674+00:00
[2023-08-24T04:06:28.543+0000] {processor.py:179} INFO - Processing /home/airflow/.local/lib/python3.8/site-packages/airflow/example_dags/example_short_circuit_decorator.py took 0.063 seconds
[2023-08-24T04:06:59.236+0000] {processor.py:157} INFO - Started process (PID=945) to work on /home/airflow/.local/lib/python3.8/site-packages/airflow/example_dags/example_short_circuit_decorator.py
[2023-08-24T04:06:59.237+0000] {processor.py:829} INFO - Processing file /home/airflow/.local/lib/python3.8/site-packages/airflow/example_dags/example_short_circuit_decorator.py for tasks to queue
[2023-08-24T04:06:59.239+0000] {logging_mixin.py:151} INFO - [2023-08-24T04:06:59.239+0000] {dagbag.py:539} INFO - Filling up the DagBag from /home/airflow/.local/lib/python3.8/site-packages/airflow/example_dags/example_short_circuit_decorator.py
[2023-08-24T04:06:59.246+0000] {processor.py:839} INFO - DAG(s) dict_keys(['example_short_circuit_decorator']) retrieved from /home/airflow/.local/lib/python3.8/site-packages/airflow/example_dags/example_short_circuit_decorator.py
[2023-08-24T04:06:59.265+0000] {logging_mixin.py:151} INFO - [2023-08-24T04:06:59.265+0000] {dag.py:2907} INFO - Sync 1 DAGs
[2023-08-24T04:06:59.278+0000] {logging_mixin.py:151} INFO - [2023-08-24T04:06:59.278+0000] {dag.py:3677} INFO - Setting next_dagrun for example_short_circuit_decorator to 2023-08-23T04:06:59.278190+00:00, run_after=2023-08-24T04:06:59.278190+00:00
[2023-08-24T04:06:59.288+0000] {processor.py:179} INFO - Processing /home/airflow/.local/lib/python3.8/site-packages/airflow/example_dags/example_short_circuit_decorator.py took 0.055 seconds
[2023-08-24T04:07:29.846+0000] {processor.py:157} INFO - Started process (PID=1008) to work on /home/airflow/.local/lib/python3.8/site-packages/airflow/example_dags/example_short_circuit_decorator.py
[2023-08-24T04:07:29.848+0000] {processor.py:829} INFO - Processing file /home/airflow/.local/lib/python3.8/site-packages/airflow/example_dags/example_short_circuit_decorator.py for tasks to queue
[2023-08-24T04:07:29.850+0000] {logging_mixin.py:151} INFO - [2023-08-24T04:07:29.849+0000] {dagbag.py:539} INFO - Filling up the DagBag from /home/airflow/.local/lib/python3.8/site-packages/airflow/example_dags/example_short_circuit_decorator.py
[2023-08-24T04:07:29.856+0000] {processor.py:839} INFO - DAG(s) dict_keys(['example_short_circuit_decorator']) retrieved from /home/airflow/.local/lib/python3.8/site-packages/airflow/example_dags/example_short_circuit_decorator.py
[2023-08-24T04:07:29.873+0000] {logging_mixin.py:151} INFO - [2023-08-24T04:07:29.873+0000] {dag.py:2907} INFO - Sync 1 DAGs
[2023-08-24T04:07:29.886+0000] {logging_mixin.py:151} INFO - [2023-08-24T04:07:29.886+0000] {dag.py:3677} INFO - Setting next_dagrun for example_short_circuit_decorator to 2023-08-23T04:07:29.886112+00:00, run_after=2023-08-24T04:07:29.886112+00:00
[2023-08-24T04:07:29.897+0000] {processor.py:179} INFO - Processing /home/airflow/.local/lib/python3.8/site-packages/airflow/example_dags/example_short_circuit_decorator.py took 0.054 seconds
[2023-08-24T04:08:00.596+0000] {processor.py:157} INFO - Started process (PID=1071) to work on /home/airflow/.local/lib/python3.8/site-packages/airflow/example_dags/example_short_circuit_decorator.py
[2023-08-24T04:08:00.597+0000] {processor.py:829} INFO - Processing file /home/airflow/.local/lib/python3.8/site-packages/airflow/example_dags/example_short_circuit_decorator.py for tasks to queue
[2023-08-24T04:08:00.599+0000] {logging_mixin.py:151} INFO - [2023-08-24T04:08:00.599+0000] {dagbag.py:539} INFO - Filling up the DagBag from /home/airflow/.local/lib/python3.8/site-packages/airflow/example_dags/example_short_circuit_decorator.py
[2023-08-24T04:08:00.606+0000] {processor.py:839} INFO - DAG(s) dict_keys(['example_short_circuit_decorator']) retrieved from /home/airflow/.local/lib/python3.8/site-packages/airflow/example_dags/example_short_circuit_decorator.py
[2023-08-24T04:08:00.624+0000] {logging_mixin.py:151} INFO - [2023-08-24T04:08:00.624+0000] {dag.py:2907} INFO - Sync 1 DAGs
[2023-08-24T04:08:00.638+0000] {logging_mixin.py:151} INFO - [2023-08-24T04:08:00.638+0000] {dag.py:3677} INFO - Setting next_dagrun for example_short_circuit_decorator to 2023-08-23T04:08:00.638203+00:00, run_after=2023-08-24T04:08:00.638203+00:00
[2023-08-24T04:08:00.650+0000] {processor.py:179} INFO - Processing /home/airflow/.local/lib/python3.8/site-packages/airflow/example_dags/example_short_circuit_decorator.py took 0.057 seconds
[2023-08-24T04:08:31.331+0000] {processor.py:157} INFO - Started process (PID=1134) to work on /home/airflow/.local/lib/python3.8/site-packages/airflow/example_dags/example_short_circuit_decorator.py
[2023-08-24T04:08:31.332+0000] {processor.py:829} INFO - Processing file /home/airflow/.local/lib/python3.8/site-packages/airflow/example_dags/example_short_circuit_decorator.py for tasks to queue
[2023-08-24T04:08:31.334+0000] {logging_mixin.py:151} INFO - [2023-08-24T04:08:31.334+0000] {dagbag.py:539} INFO - Filling up the DagBag from /home/airflow/.local/lib/python3.8/site-packages/airflow/example_dags/example_short_circuit_decorator.py
[2023-08-24T04:08:31.341+0000] {processor.py:839} INFO - DAG(s) dict_keys(['example_short_circuit_decorator']) retrieved from /home/airflow/.local/lib/python3.8/site-packages/airflow/example_dags/example_short_circuit_decorator.py
[2023-08-24T04:08:31.359+0000] {logging_mixin.py:151} INFO - [2023-08-24T04:08:31.358+0000] {dag.py:2907} INFO - Sync 1 DAGs
[2023-08-24T04:08:31.371+0000] {logging_mixin.py:151} INFO - [2023-08-24T04:08:31.371+0000] {dag.py:3677} INFO - Setting next_dagrun for example_short_circuit_decorator to 2023-08-23T04:08:31.371473+00:00, run_after=2023-08-24T04:08:31.371473+00:00
[2023-08-24T04:08:31.381+0000] {processor.py:179} INFO - Processing /home/airflow/.local/lib/python3.8/site-packages/airflow/example_dags/example_short_circuit_decorator.py took 0.053 seconds
[2023-08-24T04:09:02.127+0000] {processor.py:157} INFO - Started process (PID=1197) to work on /home/airflow/.local/lib/python3.8/site-packages/airflow/example_dags/example_short_circuit_decorator.py
[2023-08-24T04:09:02.129+0000] {processor.py:829} INFO - Processing file /home/airflow/.local/lib/python3.8/site-packages/airflow/example_dags/example_short_circuit_decorator.py for tasks to queue
[2023-08-24T04:09:02.131+0000] {logging_mixin.py:151} INFO - [2023-08-24T04:09:02.131+0000] {dagbag.py:539} INFO - Filling up the DagBag from /home/airflow/.local/lib/python3.8/site-packages/airflow/example_dags/example_short_circuit_decorator.py
[2023-08-24T04:09:02.138+0000] {processor.py:839} INFO - DAG(s) dict_keys(['example_short_circuit_decorator']) retrieved from /home/airflow/.local/lib/python3.8/site-packages/airflow/example_dags/example_short_circuit_decorator.py
[2023-08-24T04:09:02.155+0000] {logging_mixin.py:151} INFO - [2023-08-24T04:09:02.155+0000] {dag.py:2907} INFO - Sync 1 DAGs
[2023-08-24T04:09:02.168+0000] {logging_mixin.py:151} INFO - [2023-08-24T04:09:02.167+0000] {dag.py:3677} INFO - Setting next_dagrun for example_short_circuit_decorator to 2023-08-23T04:09:02.167700+00:00, run_after=2023-08-24T04:09:02.167700+00:00
[2023-08-24T04:09:02.178+0000] {processor.py:179} INFO - Processing /home/airflow/.local/lib/python3.8/site-packages/airflow/example_dags/example_short_circuit_decorator.py took 0.054 seconds
[2023-08-24T04:09:32.758+0000] {processor.py:157} INFO - Started process (PID=1260) to work on /home/airflow/.local/lib/python3.8/site-packages/airflow/example_dags/example_short_circuit_decorator.py
[2023-08-24T04:09:32.759+0000] {processor.py:829} INFO - Processing file /home/airflow/.local/lib/python3.8/site-packages/airflow/example_dags/example_short_circuit_decorator.py for tasks to queue
[2023-08-24T04:09:32.761+0000] {logging_mixin.py:151} INFO - [2023-08-24T04:09:32.761+0000] {dagbag.py:539} INFO - Filling up the DagBag from /home/airflow/.local/lib/python3.8/site-packages/airflow/example_dags/example_short_circuit_decorator.py
[2023-08-24T04:09:32.767+0000] {processor.py:839} INFO - DAG(s) dict_keys(['example_short_circuit_decorator']) retrieved from /home/airflow/.local/lib/python3.8/site-packages/airflow/example_dags/example_short_circuit_decorator.py
[2023-08-24T04:09:32.784+0000] {logging_mixin.py:151} INFO - [2023-08-24T04:09:32.784+0000] {dag.py:2907} INFO - Sync 1 DAGs
[2023-08-24T04:09:32.798+0000] {logging_mixin.py:151} INFO - [2023-08-24T04:09:32.798+0000] {dag.py:3677} INFO - Setting next_dagrun for example_short_circuit_decorator to 2023-08-23T04:09:32.798121+00:00, run_after=2023-08-24T04:09:32.798121+00:00
[2023-08-24T04:09:32.809+0000] {processor.py:179} INFO - Processing /home/airflow/.local/lib/python3.8/site-packages/airflow/example_dags/example_short_circuit_decorator.py took 0.054 seconds
[2023-08-24T04:10:03.497+0000] {processor.py:157} INFO - Started process (PID=1323) to work on /home/airflow/.local/lib/python3.8/site-packages/airflow/example_dags/example_short_circuit_decorator.py
[2023-08-24T04:10:03.498+0000] {processor.py:829} INFO - Processing file /home/airflow/.local/lib/python3.8/site-packages/airflow/example_dags/example_short_circuit_decorator.py for tasks to queue
[2023-08-24T04:10:03.500+0000] {logging_mixin.py:151} INFO - [2023-08-24T04:10:03.500+0000] {dagbag.py:539} INFO - Filling up the DagBag from /home/airflow/.local/lib/python3.8/site-packages/airflow/example_dags/example_short_circuit_decorator.py
[2023-08-24T04:10:03.507+0000] {processor.py:839} INFO - DAG(s) dict_keys(['example_short_circuit_decorator']) retrieved from /home/airflow/.local/lib/python3.8/site-packages/airflow/example_dags/example_short_circuit_decorator.py
[2023-08-24T04:10:03.531+0000] {logging_mixin.py:151} INFO - [2023-08-24T04:10:03.531+0000] {dag.py:2907} INFO - Sync 1 DAGs
[2023-08-24T04:10:03.544+0000] {logging_mixin.py:151} INFO - [2023-08-24T04:10:03.544+0000] {dag.py:3677} INFO - Setting next_dagrun for example_short_circuit_decorator to 2023-08-23T04:10:03.544265+00:00, run_after=2023-08-24T04:10:03.544265+00:00
[2023-08-24T04:10:03.558+0000] {processor.py:179} INFO - Processing /home/airflow/.local/lib/python3.8/site-packages/airflow/example_dags/example_short_circuit_decorator.py took 0.063 seconds
[2023-08-24T04:10:34.233+0000] {processor.py:157} INFO - Started process (PID=1386) to work on /home/airflow/.local/lib/python3.8/site-packages/airflow/example_dags/example_short_circuit_decorator.py
[2023-08-24T04:10:34.234+0000] {processor.py:829} INFO - Processing file /home/airflow/.local/lib/python3.8/site-packages/airflow/example_dags/example_short_circuit_decorator.py for tasks to queue
[2023-08-24T04:10:34.236+0000] {logging_mixin.py:151} INFO - [2023-08-24T04:10:34.236+0000] {dagbag.py:539} INFO - Filling up the DagBag from /home/airflow/.local/lib/python3.8/site-packages/airflow/example_dags/example_short_circuit_decorator.py
[2023-08-24T04:10:34.243+0000] {processor.py:839} INFO - DAG(s) dict_keys(['example_short_circuit_decorator']) retrieved from /home/airflow/.local/lib/python3.8/site-packages/airflow/example_dags/example_short_circuit_decorator.py
[2023-08-24T04:10:34.262+0000] {logging_mixin.py:151} INFO - [2023-08-24T04:10:34.262+0000] {dag.py:2907} INFO - Sync 1 DAGs
[2023-08-24T04:10:34.276+0000] {logging_mixin.py:151} INFO - [2023-08-24T04:10:34.276+0000] {dag.py:3677} INFO - Setting next_dagrun for example_short_circuit_decorator to 2023-08-23T04:10:34.276128+00:00, run_after=2023-08-24T04:10:34.276128+00:00
[2023-08-24T04:10:34.288+0000] {processor.py:179} INFO - Processing /home/airflow/.local/lib/python3.8/site-packages/airflow/example_dags/example_short_circuit_decorator.py took 0.058 seconds
[2023-08-24T04:11:04.974+0000] {processor.py:157} INFO - Started process (PID=1449) to work on /home/airflow/.local/lib/python3.8/site-packages/airflow/example_dags/example_short_circuit_decorator.py
[2023-08-24T04:11:04.975+0000] {processor.py:829} INFO - Processing file /home/airflow/.local/lib/python3.8/site-packages/airflow/example_dags/example_short_circuit_decorator.py for tasks to queue
[2023-08-24T04:11:04.977+0000] {logging_mixin.py:151} INFO - [2023-08-24T04:11:04.977+0000] {dagbag.py:539} INFO - Filling up the DagBag from /home/airflow/.local/lib/python3.8/site-packages/airflow/example_dags/example_short_circuit_decorator.py
[2023-08-24T04:11:04.983+0000] {processor.py:839} INFO - DAG(s) dict_keys(['example_short_circuit_decorator']) retrieved from /home/airflow/.local/lib/python3.8/site-packages/airflow/example_dags/example_short_circuit_decorator.py
[2023-08-24T04:11:05.000+0000] {logging_mixin.py:151} INFO - [2023-08-24T04:11:05.000+0000] {dag.py:2907} INFO - Sync 1 DAGs
[2023-08-24T04:11:05.013+0000] {logging_mixin.py:151} INFO - [2023-08-24T04:11:05.013+0000] {dag.py:3677} INFO - Setting next_dagrun for example_short_circuit_decorator to 2023-08-23T04:11:05.013202+00:00, run_after=2023-08-24T04:11:05.013202+00:00
[2023-08-24T04:11:05.023+0000] {processor.py:179} INFO - Processing /home/airflow/.local/lib/python3.8/site-packages/airflow/example_dags/example_short_circuit_decorator.py took 0.053 seconds
[2023-08-24T04:11:35.786+0000] {processor.py:157} INFO - Started process (PID=1512) to work on /home/airflow/.local/lib/python3.8/site-packages/airflow/example_dags/example_short_circuit_decorator.py
[2023-08-24T04:11:35.787+0000] {processor.py:829} INFO - Processing file /home/airflow/.local/lib/python3.8/site-packages/airflow/example_dags/example_short_circuit_decorator.py for tasks to queue
[2023-08-24T04:11:35.789+0000] {logging_mixin.py:151} INFO - [2023-08-24T04:11:35.789+0000] {dagbag.py:539} INFO - Filling up the DagBag from /home/airflow/.local/lib/python3.8/site-packages/airflow/example_dags/example_short_circuit_decorator.py
[2023-08-24T04:11:35.796+0000] {processor.py:839} INFO - DAG(s) dict_keys(['example_short_circuit_decorator']) retrieved from /home/airflow/.local/lib/python3.8/site-packages/airflow/example_dags/example_short_circuit_decorator.py
[2023-08-24T04:11:35.816+0000] {logging_mixin.py:151} INFO - [2023-08-24T04:11:35.815+0000] {dag.py:2907} INFO - Sync 1 DAGs
[2023-08-24T04:11:35.829+0000] {logging_mixin.py:151} INFO - [2023-08-24T04:11:35.829+0000] {dag.py:3677} INFO - Setting next_dagrun for example_short_circuit_decorator to 2023-08-23T04:11:35.829310+00:00, run_after=2023-08-24T04:11:35.829310+00:00
[2023-08-24T04:11:35.840+0000] {processor.py:179} INFO - Processing /home/airflow/.local/lib/python3.8/site-packages/airflow/example_dags/example_short_circuit_decorator.py took 0.057 seconds
[2023-08-24T04:12:06.524+0000] {processor.py:157} INFO - Started process (PID=1575) to work on /home/airflow/.local/lib/python3.8/site-packages/airflow/example_dags/example_short_circuit_decorator.py
[2023-08-24T04:12:06.525+0000] {processor.py:829} INFO - Processing file /home/airflow/.local/lib/python3.8/site-packages/airflow/example_dags/example_short_circuit_decorator.py for tasks to queue
[2023-08-24T04:12:06.527+0000] {logging_mixin.py:151} INFO - [2023-08-24T04:12:06.527+0000] {dagbag.py:539} INFO - Filling up the DagBag from /home/airflow/.local/lib/python3.8/site-packages/airflow/example_dags/example_short_circuit_decorator.py
[2023-08-24T04:12:06.533+0000] {processor.py:839} INFO - DAG(s) dict_keys(['example_short_circuit_decorator']) retrieved from /home/airflow/.local/lib/python3.8/site-packages/airflow/example_dags/example_short_circuit_decorator.py
[2023-08-24T04:12:06.551+0000] {logging_mixin.py:151} INFO - [2023-08-24T04:12:06.551+0000] {dag.py:2907} INFO - Sync 1 DAGs
[2023-08-24T04:12:06.564+0000] {logging_mixin.py:151} INFO - [2023-08-24T04:12:06.564+0000] {dag.py:3677} INFO - Setting next_dagrun for example_short_circuit_decorator to 2023-08-23T04:12:06.563880+00:00, run_after=2023-08-24T04:12:06.563880+00:00
[2023-08-24T04:12:06.574+0000] {processor.py:179} INFO - Processing /home/airflow/.local/lib/python3.8/site-packages/airflow/example_dags/example_short_circuit_decorator.py took 0.052 seconds
[2023-08-24T04:12:37.105+0000] {processor.py:157} INFO - Started process (PID=1638) to work on /home/airflow/.local/lib/python3.8/site-packages/airflow/example_dags/example_short_circuit_decorator.py
[2023-08-24T04:12:37.106+0000] {processor.py:829} INFO - Processing file /home/airflow/.local/lib/python3.8/site-packages/airflow/example_dags/example_short_circuit_decorator.py for tasks to queue
[2023-08-24T04:12:37.108+0000] {logging_mixin.py:151} INFO - [2023-08-24T04:12:37.108+0000] {dagbag.py:539} INFO - Filling up the DagBag from /home/airflow/.local/lib/python3.8/site-packages/airflow/example_dags/example_short_circuit_decorator.py
[2023-08-24T04:12:37.114+0000] {processor.py:839} INFO - DAG(s) dict_keys(['example_short_circuit_decorator']) retrieved from /home/airflow/.local/lib/python3.8/site-packages/airflow/example_dags/example_short_circuit_decorator.py
[2023-08-24T04:12:37.131+0000] {logging_mixin.py:151} INFO - [2023-08-24T04:12:37.131+0000] {dag.py:2907} INFO - Sync 1 DAGs
[2023-08-24T04:12:37.143+0000] {logging_mixin.py:151} INFO - [2023-08-24T04:12:37.143+0000] {dag.py:3677} INFO - Setting next_dagrun for example_short_circuit_decorator to 2023-08-23T04:12:37.143308+00:00, run_after=2023-08-24T04:12:37.143308+00:00
[2023-08-24T04:12:37.153+0000] {processor.py:179} INFO - Processing /home/airflow/.local/lib/python3.8/site-packages/airflow/example_dags/example_short_circuit_decorator.py took 0.051 seconds
[2023-08-24T04:13:08.013+0000] {processor.py:157} INFO - Started process (PID=1701) to work on /home/airflow/.local/lib/python3.8/site-packages/airflow/example_dags/example_short_circuit_decorator.py
[2023-08-24T04:13:08.014+0000] {processor.py:829} INFO - Processing file /home/airflow/.local/lib/python3.8/site-packages/airflow/example_dags/example_short_circuit_decorator.py for tasks to queue
[2023-08-24T04:13:08.016+0000] {logging_mixin.py:151} INFO - [2023-08-24T04:13:08.016+0000] {dagbag.py:539} INFO - Filling up the DagBag from /home/airflow/.local/lib/python3.8/site-packages/airflow/example_dags/example_short_circuit_decorator.py
[2023-08-24T04:13:08.022+0000] {processor.py:839} INFO - DAG(s) dict_keys(['example_short_circuit_decorator']) retrieved from /home/airflow/.local/lib/python3.8/site-packages/airflow/example_dags/example_short_circuit_decorator.py
[2023-08-24T04:13:08.040+0000] {logging_mixin.py:151} INFO - [2023-08-24T04:13:08.040+0000] {dag.py:2907} INFO - Sync 1 DAGs
[2023-08-24T04:13:08.053+0000] {logging_mixin.py:151} INFO - [2023-08-24T04:13:08.053+0000] {dag.py:3677} INFO - Setting next_dagrun for example_short_circuit_decorator to 2023-08-23T04:13:08.053658+00:00, run_after=2023-08-24T04:13:08.053658+00:00
[2023-08-24T04:13:08.064+0000] {processor.py:179} INFO - Processing /home/airflow/.local/lib/python3.8/site-packages/airflow/example_dags/example_short_circuit_decorator.py took 0.053 seconds
[2023-08-24T04:13:38.595+0000] {processor.py:157} INFO - Started process (PID=1764) to work on /home/airflow/.local/lib/python3.8/site-packages/airflow/example_dags/example_short_circuit_decorator.py
[2023-08-24T04:13:38.597+0000] {processor.py:829} INFO - Processing file /home/airflow/.local/lib/python3.8/site-packages/airflow/example_dags/example_short_circuit_decorator.py for tasks to queue
[2023-08-24T04:13:38.598+0000] {logging_mixin.py:151} INFO - [2023-08-24T04:13:38.598+0000] {dagbag.py:539} INFO - Filling up the DagBag from /home/airflow/.local/lib/python3.8/site-packages/airflow/example_dags/example_short_circuit_decorator.py
[2023-08-24T04:13:38.606+0000] {processor.py:839} INFO - DAG(s) dict_keys(['example_short_circuit_decorator']) retrieved from /home/airflow/.local/lib/python3.8/site-packages/airflow/example_dags/example_short_circuit_decorator.py
[2023-08-24T04:13:38.625+0000] {logging_mixin.py:151} INFO - [2023-08-24T04:13:38.625+0000] {dag.py:2907} INFO - Sync 1 DAGs
[2023-08-24T04:13:38.646+0000] {logging_mixin.py:151} INFO - [2023-08-24T04:13:38.646+0000] {dag.py:3677} INFO - Setting next_dagrun for example_short_circuit_decorator to 2023-08-23T04:13:38.646365+00:00, run_after=2023-08-24T04:13:38.646365+00:00
[2023-08-24T04:13:38.658+0000] {processor.py:179} INFO - Processing /home/airflow/.local/lib/python3.8/site-packages/airflow/example_dags/example_short_circuit_decorator.py took 0.065 seconds
[2023-08-24T04:14:09.589+0000] {processor.py:157} INFO - Started process (PID=1827) to work on /home/airflow/.local/lib/python3.8/site-packages/airflow/example_dags/example_short_circuit_decorator.py
[2023-08-24T04:14:09.590+0000] {processor.py:829} INFO - Processing file /home/airflow/.local/lib/python3.8/site-packages/airflow/example_dags/example_short_circuit_decorator.py for tasks to queue
[2023-08-24T04:14:09.593+0000] {logging_mixin.py:151} INFO - [2023-08-24T04:14:09.592+0000] {dagbag.py:539} INFO - Filling up the DagBag from /home/airflow/.local/lib/python3.8/site-packages/airflow/example_dags/example_short_circuit_decorator.py
[2023-08-24T04:14:09.600+0000] {processor.py:839} INFO - DAG(s) dict_keys(['example_short_circuit_decorator']) retrieved from /home/airflow/.local/lib/python3.8/site-packages/airflow/example_dags/example_short_circuit_decorator.py
[2023-08-24T04:14:09.620+0000] {logging_mixin.py:151} INFO - [2023-08-24T04:14:09.620+0000] {dag.py:2907} INFO - Sync 1 DAGs
[2023-08-24T04:14:09.633+0000] {logging_mixin.py:151} INFO - [2023-08-24T04:14:09.633+0000] {dag.py:3677} INFO - Setting next_dagrun for example_short_circuit_decorator to 2023-08-23T04:14:09.633394+00:00, run_after=2023-08-24T04:14:09.633394+00:00
[2023-08-24T04:14:09.645+0000] {processor.py:179} INFO - Processing /home/airflow/.local/lib/python3.8/site-packages/airflow/example_dags/example_short_circuit_decorator.py took 0.059 seconds
[2023-08-24T04:14:40.594+0000] {processor.py:157} INFO - Started process (PID=1890) to work on /home/airflow/.local/lib/python3.8/site-packages/airflow/example_dags/example_short_circuit_decorator.py
[2023-08-24T04:14:40.595+0000] {processor.py:829} INFO - Processing file /home/airflow/.local/lib/python3.8/site-packages/airflow/example_dags/example_short_circuit_decorator.py for tasks to queue
[2023-08-24T04:14:40.597+0000] {logging_mixin.py:151} INFO - [2023-08-24T04:14:40.597+0000] {dagbag.py:539} INFO - Filling up the DagBag from /home/airflow/.local/lib/python3.8/site-packages/airflow/example_dags/example_short_circuit_decorator.py
[2023-08-24T04:14:40.605+0000] {processor.py:839} INFO - DAG(s) dict_keys(['example_short_circuit_decorator']) retrieved from /home/airflow/.local/lib/python3.8/site-packages/airflow/example_dags/example_short_circuit_decorator.py
[2023-08-24T04:14:40.629+0000] {logging_mixin.py:151} INFO - [2023-08-24T04:14:40.629+0000] {dag.py:2907} INFO - Sync 1 DAGs
[2023-08-24T04:14:40.644+0000] {logging_mixin.py:151} INFO - [2023-08-24T04:14:40.643+0000] {dag.py:3677} INFO - Setting next_dagrun for example_short_circuit_decorator to 2023-08-23T04:14:40.643669+00:00, run_after=2023-08-24T04:14:40.643669+00:00
[2023-08-24T04:14:40.657+0000] {processor.py:179} INFO - Processing /home/airflow/.local/lib/python3.8/site-packages/airflow/example_dags/example_short_circuit_decorator.py took 0.066 seconds
[2023-08-24T04:15:11.441+0000] {processor.py:157} INFO - Started process (PID=1953) to work on /home/airflow/.local/lib/python3.8/site-packages/airflow/example_dags/example_short_circuit_decorator.py
[2023-08-24T04:15:11.442+0000] {processor.py:829} INFO - Processing file /home/airflow/.local/lib/python3.8/site-packages/airflow/example_dags/example_short_circuit_decorator.py for tasks to queue
[2023-08-24T04:15:11.444+0000] {logging_mixin.py:151} INFO - [2023-08-24T04:15:11.444+0000] {dagbag.py:539} INFO - Filling up the DagBag from /home/airflow/.local/lib/python3.8/site-packages/airflow/example_dags/example_short_circuit_decorator.py
[2023-08-24T04:15:11.451+0000] {processor.py:839} INFO - DAG(s) dict_keys(['example_short_circuit_decorator']) retrieved from /home/airflow/.local/lib/python3.8/site-packages/airflow/example_dags/example_short_circuit_decorator.py
[2023-08-24T04:15:11.470+0000] {logging_mixin.py:151} INFO - [2023-08-24T04:15:11.470+0000] {dag.py:2907} INFO - Sync 1 DAGs
[2023-08-24T04:15:11.486+0000] {logging_mixin.py:151} INFO - [2023-08-24T04:15:11.486+0000] {dag.py:3677} INFO - Setting next_dagrun for example_short_circuit_decorator to 2023-08-23T04:15:11.485959+00:00, run_after=2023-08-24T04:15:11.485959+00:00
[2023-08-24T04:15:11.497+0000] {processor.py:179} INFO - Processing /home/airflow/.local/lib/python3.8/site-packages/airflow/example_dags/example_short_circuit_decorator.py took 0.059 seconds
[2023-08-24T04:15:42.343+0000] {processor.py:157} INFO - Started process (PID=2022) to work on /home/airflow/.local/lib/python3.8/site-packages/airflow/example_dags/example_short_circuit_decorator.py
[2023-08-24T04:15:42.344+0000] {processor.py:829} INFO - Processing file /home/airflow/.local/lib/python3.8/site-packages/airflow/example_dags/example_short_circuit_decorator.py for tasks to queue
[2023-08-24T04:15:42.346+0000] {logging_mixin.py:151} INFO - [2023-08-24T04:15:42.346+0000] {dagbag.py:539} INFO - Filling up the DagBag from /home/airflow/.local/lib/python3.8/site-packages/airflow/example_dags/example_short_circuit_decorator.py
[2023-08-24T04:15:42.353+0000] {processor.py:839} INFO - DAG(s) dict_keys(['example_short_circuit_decorator']) retrieved from /home/airflow/.local/lib/python3.8/site-packages/airflow/example_dags/example_short_circuit_decorator.py
[2023-08-24T04:15:42.372+0000] {logging_mixin.py:151} INFO - [2023-08-24T04:15:42.371+0000] {dag.py:2907} INFO - Sync 1 DAGs
[2023-08-24T04:15:42.385+0000] {logging_mixin.py:151} INFO - [2023-08-24T04:15:42.385+0000] {dag.py:3677} INFO - Setting next_dagrun for example_short_circuit_decorator to 2023-08-23T04:15:42.385667+00:00, run_after=2023-08-24T04:15:42.385667+00:00
[2023-08-24T04:15:42.396+0000] {processor.py:179} INFO - Processing /home/airflow/.local/lib/python3.8/site-packages/airflow/example_dags/example_short_circuit_decorator.py took 0.056 seconds
[2023-08-24T04:16:13.061+0000] {processor.py:157} INFO - Started process (PID=2085) to work on /home/airflow/.local/lib/python3.8/site-packages/airflow/example_dags/example_short_circuit_decorator.py
[2023-08-24T04:16:13.062+0000] {processor.py:829} INFO - Processing file /home/airflow/.local/lib/python3.8/site-packages/airflow/example_dags/example_short_circuit_decorator.py for tasks to queue
[2023-08-24T04:16:13.064+0000] {logging_mixin.py:151} INFO - [2023-08-24T04:16:13.063+0000] {dagbag.py:539} INFO - Filling up the DagBag from /home/airflow/.local/lib/python3.8/site-packages/airflow/example_dags/example_short_circuit_decorator.py
[2023-08-24T04:16:13.071+0000] {processor.py:839} INFO - DAG(s) dict_keys(['example_short_circuit_decorator']) retrieved from /home/airflow/.local/lib/python3.8/site-packages/airflow/example_dags/example_short_circuit_decorator.py
[2023-08-24T04:16:13.089+0000] {logging_mixin.py:151} INFO - [2023-08-24T04:16:13.089+0000] {dag.py:2907} INFO - Sync 1 DAGs
[2023-08-24T04:16:13.102+0000] {logging_mixin.py:151} INFO - [2023-08-24T04:16:13.102+0000] {dag.py:3677} INFO - Setting next_dagrun for example_short_circuit_decorator to 2023-08-23T04:16:13.102193+00:00, run_after=2023-08-24T04:16:13.102193+00:00
[2023-08-24T04:16:13.113+0000] {processor.py:179} INFO - Processing /home/airflow/.local/lib/python3.8/site-packages/airflow/example_dags/example_short_circuit_decorator.py took 0.056 seconds
[2023-08-24T04:16:43.835+0000] {processor.py:157} INFO - Started process (PID=2148) to work on /home/airflow/.local/lib/python3.8/site-packages/airflow/example_dags/example_short_circuit_decorator.py
[2023-08-24T04:16:43.836+0000] {processor.py:829} INFO - Processing file /home/airflow/.local/lib/python3.8/site-packages/airflow/example_dags/example_short_circuit_decorator.py for tasks to queue
[2023-08-24T04:16:43.838+0000] {logging_mixin.py:151} INFO - [2023-08-24T04:16:43.837+0000] {dagbag.py:539} INFO - Filling up the DagBag from /home/airflow/.local/lib/python3.8/site-packages/airflow/example_dags/example_short_circuit_decorator.py
[2023-08-24T04:16:43.843+0000] {processor.py:839} INFO - DAG(s) dict_keys(['example_short_circuit_decorator']) retrieved from /home/airflow/.local/lib/python3.8/site-packages/airflow/example_dags/example_short_circuit_decorator.py
[2023-08-24T04:16:43.860+0000] {logging_mixin.py:151} INFO - [2023-08-24T04:16:43.860+0000] {dag.py:2907} INFO - Sync 1 DAGs
[2023-08-24T04:16:43.873+0000] {logging_mixin.py:151} INFO - [2023-08-24T04:16:43.873+0000] {dag.py:3677} INFO - Setting next_dagrun for example_short_circuit_decorator to 2023-08-23T04:16:43.873261+00:00, run_after=2023-08-24T04:16:43.873261+00:00
[2023-08-24T04:16:43.883+0000] {processor.py:179} INFO - Processing /home/airflow/.local/lib/python3.8/site-packages/airflow/example_dags/example_short_circuit_decorator.py took 0.051 seconds
[2023-08-24T04:17:14.766+0000] {processor.py:157} INFO - Started process (PID=2211) to work on /home/airflow/.local/lib/python3.8/site-packages/airflow/example_dags/example_short_circuit_decorator.py
[2023-08-24T04:17:14.767+0000] {processor.py:829} INFO - Processing file /home/airflow/.local/lib/python3.8/site-packages/airflow/example_dags/example_short_circuit_decorator.py for tasks to queue
[2023-08-24T04:17:14.769+0000] {logging_mixin.py:151} INFO - [2023-08-24T04:17:14.769+0000] {dagbag.py:539} INFO - Filling up the DagBag from /home/airflow/.local/lib/python3.8/site-packages/airflow/example_dags/example_short_circuit_decorator.py
[2023-08-24T04:17:14.776+0000] {processor.py:839} INFO - DAG(s) dict_keys(['example_short_circuit_decorator']) retrieved from /home/airflow/.local/lib/python3.8/site-packages/airflow/example_dags/example_short_circuit_decorator.py
[2023-08-24T04:17:14.795+0000] {logging_mixin.py:151} INFO - [2023-08-24T04:17:14.795+0000] {dag.py:2907} INFO - Sync 1 DAGs
[2023-08-24T04:17:14.810+0000] {logging_mixin.py:151} INFO - [2023-08-24T04:17:14.810+0000] {dag.py:3677} INFO - Setting next_dagrun for example_short_circuit_decorator to 2023-08-23T04:17:14.810217+00:00, run_after=2023-08-24T04:17:14.810217+00:00
[2023-08-24T04:17:14.822+0000] {processor.py:179} INFO - Processing /home/airflow/.local/lib/python3.8/site-packages/airflow/example_dags/example_short_circuit_decorator.py took 0.059 seconds
[2023-08-24T04:17:44.960+0000] {processor.py:157} INFO - Started process (PID=2278) to work on /home/airflow/.local/lib/python3.8/site-packages/airflow/example_dags/example_short_circuit_decorator.py
[2023-08-24T04:17:44.961+0000] {processor.py:829} INFO - Processing file /home/airflow/.local/lib/python3.8/site-packages/airflow/example_dags/example_short_circuit_decorator.py for tasks to queue
[2023-08-24T04:17:44.963+0000] {logging_mixin.py:151} INFO - [2023-08-24T04:17:44.963+0000] {dagbag.py:539} INFO - Filling up the DagBag from /home/airflow/.local/lib/python3.8/site-packages/airflow/example_dags/example_short_circuit_decorator.py
[2023-08-24T04:17:44.969+0000] {processor.py:839} INFO - DAG(s) dict_keys(['example_short_circuit_decorator']) retrieved from /home/airflow/.local/lib/python3.8/site-packages/airflow/example_dags/example_short_circuit_decorator.py
[2023-08-24T04:17:44.987+0000] {logging_mixin.py:151} INFO - [2023-08-24T04:17:44.987+0000] {dag.py:2907} INFO - Sync 1 DAGs
[2023-08-24T04:17:44.999+0000] {logging_mixin.py:151} INFO - [2023-08-24T04:17:44.999+0000] {dag.py:3677} INFO - Setting next_dagrun for example_short_circuit_decorator to 2023-08-23T04:17:44.999315+00:00, run_after=2023-08-24T04:17:44.999315+00:00
[2023-08-24T04:17:45.010+0000] {processor.py:179} INFO - Processing /home/airflow/.local/lib/python3.8/site-packages/airflow/example_dags/example_short_circuit_decorator.py took 0.053 seconds
[2023-08-24T04:18:15.715+0000] {processor.py:157} INFO - Started process (PID=2340) to work on /home/airflow/.local/lib/python3.8/site-packages/airflow/example_dags/example_short_circuit_decorator.py
[2023-08-24T04:18:15.717+0000] {processor.py:829} INFO - Processing file /home/airflow/.local/lib/python3.8/site-packages/airflow/example_dags/example_short_circuit_decorator.py for tasks to queue
[2023-08-24T04:18:15.718+0000] {logging_mixin.py:151} INFO - [2023-08-24T04:18:15.718+0000] {dagbag.py:539} INFO - Filling up the DagBag from /home/airflow/.local/lib/python3.8/site-packages/airflow/example_dags/example_short_circuit_decorator.py
[2023-08-24T04:18:15.724+0000] {processor.py:839} INFO - DAG(s) dict_keys(['example_short_circuit_decorator']) retrieved from /home/airflow/.local/lib/python3.8/site-packages/airflow/example_dags/example_short_circuit_decorator.py
[2023-08-24T04:18:15.741+0000] {logging_mixin.py:151} INFO - [2023-08-24T04:18:15.741+0000] {dag.py:2907} INFO - Sync 1 DAGs
[2023-08-24T04:18:15.754+0000] {logging_mixin.py:151} INFO - [2023-08-24T04:18:15.754+0000] {dag.py:3677} INFO - Setting next_dagrun for example_short_circuit_decorator to 2023-08-23T04:18:15.754032+00:00, run_after=2023-08-24T04:18:15.754032+00:00
[2023-08-24T04:18:15.764+0000] {processor.py:179} INFO - Processing /home/airflow/.local/lib/python3.8/site-packages/airflow/example_dags/example_short_circuit_decorator.py took 0.052 seconds
[2023-08-24T04:24:30.270+0000] {processor.py:157} INFO - Started process (PID=64) to work on /home/airflow/.local/lib/python3.8/site-packages/airflow/example_dags/example_short_circuit_decorator.py
[2023-08-24T04:24:30.272+0000] {processor.py:829} INFO - Processing file /home/airflow/.local/lib/python3.8/site-packages/airflow/example_dags/example_short_circuit_decorator.py for tasks to queue
[2023-08-24T04:24:30.275+0000] {logging_mixin.py:151} INFO - [2023-08-24T04:24:30.274+0000] {dagbag.py:539} INFO - Filling up the DagBag from /home/airflow/.local/lib/python3.8/site-packages/airflow/example_dags/example_short_circuit_decorator.py
[2023-08-24T04:24:30.284+0000] {processor.py:839} INFO - DAG(s) dict_keys(['example_short_circuit_decorator']) retrieved from /home/airflow/.local/lib/python3.8/site-packages/airflow/example_dags/example_short_circuit_decorator.py
[2023-08-24T04:24:30.297+0000] {logging_mixin.py:151} INFO - [2023-08-24T04:24:30.297+0000] {dag.py:2907} INFO - Sync 1 DAGs
[2023-08-24T04:24:30.313+0000] {logging_mixin.py:151} INFO - [2023-08-24T04:24:30.313+0000] {dag.py:3677} INFO - Setting next_dagrun for example_short_circuit_decorator to 2023-08-23T04:24:30.313353+00:00, run_after=2023-08-24T04:24:30.313353+00:00
[2023-08-24T04:24:30.325+0000] {processor.py:179} INFO - Processing /home/airflow/.local/lib/python3.8/site-packages/airflow/example_dags/example_short_circuit_decorator.py took 0.061 seconds
[2023-08-24T04:25:00.380+0000] {processor.py:157} INFO - Started process (PID=127) to work on /home/airflow/.local/lib/python3.8/site-packages/airflow/example_dags/example_short_circuit_decorator.py
[2023-08-24T04:25:00.382+0000] {processor.py:829} INFO - Processing file /home/airflow/.local/lib/python3.8/site-packages/airflow/example_dags/example_short_circuit_decorator.py for tasks to queue
[2023-08-24T04:25:00.384+0000] {logging_mixin.py:151} INFO - [2023-08-24T04:25:00.383+0000] {dagbag.py:539} INFO - Filling up the DagBag from /home/airflow/.local/lib/python3.8/site-packages/airflow/example_dags/example_short_circuit_decorator.py
[2023-08-24T04:25:00.390+0000] {processor.py:839} INFO - DAG(s) dict_keys(['example_short_circuit_decorator']) retrieved from /home/airflow/.local/lib/python3.8/site-packages/airflow/example_dags/example_short_circuit_decorator.py
[2023-08-24T04:25:00.407+0000] {logging_mixin.py:151} INFO - [2023-08-24T04:25:00.407+0000] {dag.py:2907} INFO - Sync 1 DAGs
[2023-08-24T04:25:00.420+0000] {logging_mixin.py:151} INFO - [2023-08-24T04:25:00.420+0000] {dag.py:3677} INFO - Setting next_dagrun for example_short_circuit_decorator to 2023-08-23T04:25:00.419869+00:00, run_after=2023-08-24T04:25:00.419869+00:00
[2023-08-24T04:25:00.429+0000] {processor.py:179} INFO - Processing /home/airflow/.local/lib/python3.8/site-packages/airflow/example_dags/example_short_circuit_decorator.py took 0.053 seconds
[2023-08-24T04:26:40.256+0000] {processor.py:157} INFO - Started process (PID=64) to work on /home/airflow/.local/lib/python3.8/site-packages/airflow/example_dags/example_short_circuit_decorator.py
[2023-08-24T04:26:40.257+0000] {processor.py:829} INFO - Processing file /home/airflow/.local/lib/python3.8/site-packages/airflow/example_dags/example_short_circuit_decorator.py for tasks to queue
[2023-08-24T04:26:40.259+0000] {logging_mixin.py:151} INFO - [2023-08-24T04:26:40.258+0000] {dagbag.py:539} INFO - Filling up the DagBag from /home/airflow/.local/lib/python3.8/site-packages/airflow/example_dags/example_short_circuit_decorator.py
[2023-08-24T04:26:40.266+0000] {processor.py:839} INFO - DAG(s) dict_keys(['example_short_circuit_decorator']) retrieved from /home/airflow/.local/lib/python3.8/site-packages/airflow/example_dags/example_short_circuit_decorator.py
[2023-08-24T04:26:40.277+0000] {logging_mixin.py:151} INFO - [2023-08-24T04:26:40.277+0000] {dag.py:2907} INFO - Sync 1 DAGs
[2023-08-24T04:26:40.293+0000] {logging_mixin.py:151} INFO - [2023-08-24T04:26:40.293+0000] {dag.py:3677} INFO - Setting next_dagrun for example_short_circuit_decorator to 2023-08-23T04:26:40.293263+00:00, run_after=2023-08-24T04:26:40.293263+00:00
[2023-08-24T04:26:40.304+0000] {processor.py:179} INFO - Processing /home/airflow/.local/lib/python3.8/site-packages/airflow/example_dags/example_short_circuit_decorator.py took 0.051 seconds
[2023-08-24T04:27:10.502+0000] {processor.py:157} INFO - Started process (PID=126) to work on /home/airflow/.local/lib/python3.8/site-packages/airflow/example_dags/example_short_circuit_decorator.py
[2023-08-24T04:27:10.503+0000] {processor.py:829} INFO - Processing file /home/airflow/.local/lib/python3.8/site-packages/airflow/example_dags/example_short_circuit_decorator.py for tasks to queue
[2023-08-24T04:27:10.505+0000] {logging_mixin.py:151} INFO - [2023-08-24T04:27:10.504+0000] {dagbag.py:539} INFO - Filling up the DagBag from /home/airflow/.local/lib/python3.8/site-packages/airflow/example_dags/example_short_circuit_decorator.py
[2023-08-24T04:27:10.511+0000] {processor.py:839} INFO - DAG(s) dict_keys(['example_short_circuit_decorator']) retrieved from /home/airflow/.local/lib/python3.8/site-packages/airflow/example_dags/example_short_circuit_decorator.py
[2023-08-24T04:27:10.529+0000] {logging_mixin.py:151} INFO - [2023-08-24T04:27:10.529+0000] {dag.py:2907} INFO - Sync 1 DAGs
[2023-08-24T04:27:10.541+0000] {logging_mixin.py:151} INFO - [2023-08-24T04:27:10.541+0000] {dag.py:3677} INFO - Setting next_dagrun for example_short_circuit_decorator to 2023-08-23T04:27:10.541627+00:00, run_after=2023-08-24T04:27:10.541627+00:00
[2023-08-24T04:27:10.556+0000] {processor.py:179} INFO - Processing /home/airflow/.local/lib/python3.8/site-packages/airflow/example_dags/example_short_circuit_decorator.py took 0.057 seconds
