[2023-08-24T03:04:54.103+0000] {processor.py:157} INFO - Started process (PID=58) to work on /home/airflow/.local/lib/python3.8/site-packages/airflow/example_dags/example_external_task_marker_dag.py
[2023-08-24T03:04:54.105+0000] {processor.py:829} INFO - Processing file /home/airflow/.local/lib/python3.8/site-packages/airflow/example_dags/example_external_task_marker_dag.py for tasks to queue
[2023-08-24T03:04:54.107+0000] {logging_mixin.py:151} INFO - [2023-08-24T03:04:54.107+0000] {dagbag.py:539} INFO - Filling up the DagBag from /home/airflow/.local/lib/python3.8/site-packages/airflow/example_dags/example_external_task_marker_dag.py
[2023-08-24T03:04:54.113+0000] {processor.py:839} INFO - DAG(s) dict_keys(['example_external_task_marker_child', 'example_external_task_marker_parent']) retrieved from /home/airflow/.local/lib/python3.8/site-packages/airflow/example_dags/example_external_task_marker_dag.py
[2023-08-24T03:04:54.130+0000] {logging_mixin.py:151} INFO - [2023-08-24T03:04:54.130+0000] {dag.py:2907} INFO - Sync 2 DAGs
[2023-08-24T03:04:54.141+0000] {logging_mixin.py:151} INFO - [2023-08-24T03:04:54.140+0000] {dag.py:3677} INFO - Setting next_dagrun for example_external_task_marker_child to None, run_after=None
[2023-08-24T03:04:54.143+0000] {logging_mixin.py:151} INFO - [2023-08-24T03:04:54.143+0000] {dag.py:3677} INFO - Setting next_dagrun for example_external_task_marker_parent to None, run_after=None
[2023-08-24T03:04:54.164+0000] {processor.py:179} INFO - Processing /home/airflow/.local/lib/python3.8/site-packages/airflow/example_dags/example_external_task_marker_dag.py took 0.064 seconds
[2023-08-24T03:05:24.587+0000] {processor.py:157} INFO - Started process (PID=121) to work on /home/airflow/.local/lib/python3.8/site-packages/airflow/example_dags/example_external_task_marker_dag.py
[2023-08-24T03:05:24.588+0000] {processor.py:829} INFO - Processing file /home/airflow/.local/lib/python3.8/site-packages/airflow/example_dags/example_external_task_marker_dag.py for tasks to queue
[2023-08-24T03:05:24.590+0000] {logging_mixin.py:151} INFO - [2023-08-24T03:05:24.590+0000] {dagbag.py:539} INFO - Filling up the DagBag from /home/airflow/.local/lib/python3.8/site-packages/airflow/example_dags/example_external_task_marker_dag.py
[2023-08-24T03:05:24.595+0000] {processor.py:839} INFO - DAG(s) dict_keys(['example_external_task_marker_parent', 'example_external_task_marker_child']) retrieved from /home/airflow/.local/lib/python3.8/site-packages/airflow/example_dags/example_external_task_marker_dag.py
[2023-08-24T03:05:24.613+0000] {logging_mixin.py:151} INFO - [2023-08-24T03:05:24.612+0000] {dag.py:2907} INFO - Sync 2 DAGs
[2023-08-24T03:05:24.620+0000] {logging_mixin.py:151} INFO - [2023-08-24T03:05:24.620+0000] {dag.py:3677} INFO - Setting next_dagrun for example_external_task_marker_child to None, run_after=None
[2023-08-24T03:05:24.623+0000] {logging_mixin.py:151} INFO - [2023-08-24T03:05:24.622+0000] {dag.py:3677} INFO - Setting next_dagrun for example_external_task_marker_parent to None, run_after=None
[2023-08-24T03:05:24.632+0000] {processor.py:179} INFO - Processing /home/airflow/.local/lib/python3.8/site-packages/airflow/example_dags/example_external_task_marker_dag.py took 0.048 seconds
[2023-08-24T03:05:55.611+0000] {processor.py:157} INFO - Started process (PID=184) to work on /home/airflow/.local/lib/python3.8/site-packages/airflow/example_dags/example_external_task_marker_dag.py
[2023-08-24T03:05:55.612+0000] {processor.py:829} INFO - Processing file /home/airflow/.local/lib/python3.8/site-packages/airflow/example_dags/example_external_task_marker_dag.py for tasks to queue
[2023-08-24T03:05:55.614+0000] {logging_mixin.py:151} INFO - [2023-08-24T03:05:55.614+0000] {dagbag.py:539} INFO - Filling up the DagBag from /home/airflow/.local/lib/python3.8/site-packages/airflow/example_dags/example_external_task_marker_dag.py
[2023-08-24T03:05:55.619+0000] {processor.py:839} INFO - DAG(s) dict_keys(['example_external_task_marker_child', 'example_external_task_marker_parent']) retrieved from /home/airflow/.local/lib/python3.8/site-packages/airflow/example_dags/example_external_task_marker_dag.py
[2023-08-24T03:05:55.639+0000] {logging_mixin.py:151} INFO - [2023-08-24T03:05:55.639+0000] {dag.py:2907} INFO - Sync 2 DAGs
[2023-08-24T03:05:55.647+0000] {logging_mixin.py:151} INFO - [2023-08-24T03:05:55.647+0000] {dag.py:3677} INFO - Setting next_dagrun for example_external_task_marker_child to None, run_after=None
[2023-08-24T03:05:55.649+0000] {logging_mixin.py:151} INFO - [2023-08-24T03:05:55.649+0000] {dag.py:3677} INFO - Setting next_dagrun for example_external_task_marker_parent to None, run_after=None
[2023-08-24T03:05:55.658+0000] {processor.py:179} INFO - Processing /home/airflow/.local/lib/python3.8/site-packages/airflow/example_dags/example_external_task_marker_dag.py took 0.050 seconds
[2023-08-24T03:06:26.604+0000] {processor.py:157} INFO - Started process (PID=247) to work on /home/airflow/.local/lib/python3.8/site-packages/airflow/example_dags/example_external_task_marker_dag.py
[2023-08-24T03:06:26.605+0000] {processor.py:829} INFO - Processing file /home/airflow/.local/lib/python3.8/site-packages/airflow/example_dags/example_external_task_marker_dag.py for tasks to queue
[2023-08-24T03:06:26.607+0000] {logging_mixin.py:151} INFO - [2023-08-24T03:06:26.607+0000] {dagbag.py:539} INFO - Filling up the DagBag from /home/airflow/.local/lib/python3.8/site-packages/airflow/example_dags/example_external_task_marker_dag.py
[2023-08-24T03:06:26.613+0000] {processor.py:839} INFO - DAG(s) dict_keys(['example_external_task_marker_child', 'example_external_task_marker_parent']) retrieved from /home/airflow/.local/lib/python3.8/site-packages/airflow/example_dags/example_external_task_marker_dag.py
[2023-08-24T03:06:26.632+0000] {logging_mixin.py:151} INFO - [2023-08-24T03:06:26.632+0000] {dag.py:2907} INFO - Sync 2 DAGs
[2023-08-24T03:06:26.639+0000] {logging_mixin.py:151} INFO - [2023-08-24T03:06:26.639+0000] {dag.py:3677} INFO - Setting next_dagrun for example_external_task_marker_child to None, run_after=None
[2023-08-24T03:06:26.642+0000] {logging_mixin.py:151} INFO - [2023-08-24T03:06:26.642+0000] {dag.py:3677} INFO - Setting next_dagrun for example_external_task_marker_parent to None, run_after=None
[2023-08-24T03:06:26.651+0000] {processor.py:179} INFO - Processing /home/airflow/.local/lib/python3.8/site-packages/airflow/example_dags/example_external_task_marker_dag.py took 0.050 seconds
[2023-08-24T03:06:57.411+0000] {processor.py:157} INFO - Started process (PID=310) to work on /home/airflow/.local/lib/python3.8/site-packages/airflow/example_dags/example_external_task_marker_dag.py
[2023-08-24T03:06:57.412+0000] {processor.py:829} INFO - Processing file /home/airflow/.local/lib/python3.8/site-packages/airflow/example_dags/example_external_task_marker_dag.py for tasks to queue
[2023-08-24T03:06:57.414+0000] {logging_mixin.py:151} INFO - [2023-08-24T03:06:57.414+0000] {dagbag.py:539} INFO - Filling up the DagBag from /home/airflow/.local/lib/python3.8/site-packages/airflow/example_dags/example_external_task_marker_dag.py
[2023-08-24T03:06:57.419+0000] {processor.py:839} INFO - DAG(s) dict_keys(['example_external_task_marker_child', 'example_external_task_marker_parent']) retrieved from /home/airflow/.local/lib/python3.8/site-packages/airflow/example_dags/example_external_task_marker_dag.py
[2023-08-24T03:06:57.437+0000] {logging_mixin.py:151} INFO - [2023-08-24T03:06:57.437+0000] {dag.py:2907} INFO - Sync 2 DAGs
[2023-08-24T03:06:57.445+0000] {logging_mixin.py:151} INFO - [2023-08-24T03:06:57.445+0000] {dag.py:3677} INFO - Setting next_dagrun for example_external_task_marker_child to None, run_after=None
[2023-08-24T03:06:57.447+0000] {logging_mixin.py:151} INFO - [2023-08-24T03:06:57.447+0000] {dag.py:3677} INFO - Setting next_dagrun for example_external_task_marker_parent to None, run_after=None
[2023-08-24T03:06:57.455+0000] {processor.py:179} INFO - Processing /home/airflow/.local/lib/python3.8/site-packages/airflow/example_dags/example_external_task_marker_dag.py took 0.048 seconds
[2023-08-24T03:07:28.221+0000] {processor.py:157} INFO - Started process (PID=377) to work on /home/airflow/.local/lib/python3.8/site-packages/airflow/example_dags/example_external_task_marker_dag.py
[2023-08-24T03:07:28.223+0000] {processor.py:829} INFO - Processing file /home/airflow/.local/lib/python3.8/site-packages/airflow/example_dags/example_external_task_marker_dag.py for tasks to queue
[2023-08-24T03:07:28.225+0000] {logging_mixin.py:151} INFO - [2023-08-24T03:07:28.225+0000] {dagbag.py:539} INFO - Filling up the DagBag from /home/airflow/.local/lib/python3.8/site-packages/airflow/example_dags/example_external_task_marker_dag.py
[2023-08-24T03:07:28.230+0000] {processor.py:839} INFO - DAG(s) dict_keys(['example_external_task_marker_parent', 'example_external_task_marker_child']) retrieved from /home/airflow/.local/lib/python3.8/site-packages/airflow/example_dags/example_external_task_marker_dag.py
[2023-08-24T03:07:28.249+0000] {logging_mixin.py:151} INFO - [2023-08-24T03:07:28.249+0000] {dag.py:2907} INFO - Sync 2 DAGs
[2023-08-24T03:07:28.257+0000] {logging_mixin.py:151} INFO - [2023-08-24T03:07:28.257+0000] {dag.py:3677} INFO - Setting next_dagrun for example_external_task_marker_child to None, run_after=None
[2023-08-24T03:07:28.259+0000] {logging_mixin.py:151} INFO - [2023-08-24T03:07:28.259+0000] {dag.py:3677} INFO - Setting next_dagrun for example_external_task_marker_parent to None, run_after=None
[2023-08-24T03:07:28.268+0000] {processor.py:179} INFO - Processing /home/airflow/.local/lib/python3.8/site-packages/airflow/example_dags/example_external_task_marker_dag.py took 0.050 seconds
[2023-08-24T03:07:58.903+0000] {processor.py:157} INFO - Started process (PID=440) to work on /home/airflow/.local/lib/python3.8/site-packages/airflow/example_dags/example_external_task_marker_dag.py
[2023-08-24T03:07:58.905+0000] {processor.py:829} INFO - Processing file /home/airflow/.local/lib/python3.8/site-packages/airflow/example_dags/example_external_task_marker_dag.py for tasks to queue
[2023-08-24T03:07:58.906+0000] {logging_mixin.py:151} INFO - [2023-08-24T03:07:58.906+0000] {dagbag.py:539} INFO - Filling up the DagBag from /home/airflow/.local/lib/python3.8/site-packages/airflow/example_dags/example_external_task_marker_dag.py
[2023-08-24T03:07:58.911+0000] {processor.py:839} INFO - DAG(s) dict_keys(['example_external_task_marker_parent', 'example_external_task_marker_child']) retrieved from /home/airflow/.local/lib/python3.8/site-packages/airflow/example_dags/example_external_task_marker_dag.py
[2023-08-24T03:07:58.929+0000] {logging_mixin.py:151} INFO - [2023-08-24T03:07:58.929+0000] {dag.py:2907} INFO - Sync 2 DAGs
[2023-08-24T03:07:58.937+0000] {logging_mixin.py:151} INFO - [2023-08-24T03:07:58.937+0000] {dag.py:3677} INFO - Setting next_dagrun for example_external_task_marker_child to None, run_after=None
[2023-08-24T03:07:58.939+0000] {logging_mixin.py:151} INFO - [2023-08-24T03:07:58.939+0000] {dag.py:3677} INFO - Setting next_dagrun for example_external_task_marker_parent to None, run_after=None
[2023-08-24T03:07:58.949+0000] {processor.py:179} INFO - Processing /home/airflow/.local/lib/python3.8/site-packages/airflow/example_dags/example_external_task_marker_dag.py took 0.048 seconds
[2023-08-24T03:08:29.747+0000] {processor.py:157} INFO - Started process (PID=504) to work on /home/airflow/.local/lib/python3.8/site-packages/airflow/example_dags/example_external_task_marker_dag.py
[2023-08-24T03:08:29.748+0000] {processor.py:829} INFO - Processing file /home/airflow/.local/lib/python3.8/site-packages/airflow/example_dags/example_external_task_marker_dag.py for tasks to queue
[2023-08-24T03:08:29.750+0000] {logging_mixin.py:151} INFO - [2023-08-24T03:08:29.749+0000] {dagbag.py:539} INFO - Filling up the DagBag from /home/airflow/.local/lib/python3.8/site-packages/airflow/example_dags/example_external_task_marker_dag.py
[2023-08-24T03:08:29.755+0000] {processor.py:839} INFO - DAG(s) dict_keys(['example_external_task_marker_parent', 'example_external_task_marker_child']) retrieved from /home/airflow/.local/lib/python3.8/site-packages/airflow/example_dags/example_external_task_marker_dag.py
[2023-08-24T03:08:29.775+0000] {logging_mixin.py:151} INFO - [2023-08-24T03:08:29.775+0000] {dag.py:2907} INFO - Sync 2 DAGs
[2023-08-24T03:08:29.783+0000] {logging_mixin.py:151} INFO - [2023-08-24T03:08:29.783+0000] {dag.py:3677} INFO - Setting next_dagrun for example_external_task_marker_child to None, run_after=None
[2023-08-24T03:08:29.785+0000] {logging_mixin.py:151} INFO - [2023-08-24T03:08:29.785+0000] {dag.py:3677} INFO - Setting next_dagrun for example_external_task_marker_parent to None, run_after=None
[2023-08-24T03:08:29.795+0000] {processor.py:179} INFO - Processing /home/airflow/.local/lib/python3.8/site-packages/airflow/example_dags/example_external_task_marker_dag.py took 0.052 seconds
[2023-08-24T03:09:00.597+0000] {processor.py:157} INFO - Started process (PID=567) to work on /home/airflow/.local/lib/python3.8/site-packages/airflow/example_dags/example_external_task_marker_dag.py
[2023-08-24T03:09:00.598+0000] {processor.py:829} INFO - Processing file /home/airflow/.local/lib/python3.8/site-packages/airflow/example_dags/example_external_task_marker_dag.py for tasks to queue
[2023-08-24T03:09:00.600+0000] {logging_mixin.py:151} INFO - [2023-08-24T03:09:00.600+0000] {dagbag.py:539} INFO - Filling up the DagBag from /home/airflow/.local/lib/python3.8/site-packages/airflow/example_dags/example_external_task_marker_dag.py
[2023-08-24T03:09:00.606+0000] {processor.py:839} INFO - DAG(s) dict_keys(['example_external_task_marker_child', 'example_external_task_marker_parent']) retrieved from /home/airflow/.local/lib/python3.8/site-packages/airflow/example_dags/example_external_task_marker_dag.py
[2023-08-24T03:09:00.625+0000] {logging_mixin.py:151} INFO - [2023-08-24T03:09:00.625+0000] {dag.py:2907} INFO - Sync 2 DAGs
[2023-08-24T03:09:00.634+0000] {logging_mixin.py:151} INFO - [2023-08-24T03:09:00.633+0000] {dag.py:3677} INFO - Setting next_dagrun for example_external_task_marker_child to None, run_after=None
[2023-08-24T03:09:00.636+0000] {logging_mixin.py:151} INFO - [2023-08-24T03:09:00.636+0000] {dag.py:3677} INFO - Setting next_dagrun for example_external_task_marker_parent to None, run_after=None
[2023-08-24T03:09:00.645+0000] {processor.py:179} INFO - Processing /home/airflow/.local/lib/python3.8/site-packages/airflow/example_dags/example_external_task_marker_dag.py took 0.051 seconds
[2023-08-24T03:16:29.874+0000] {processor.py:157} INFO - Started process (PID=59) to work on /home/airflow/.local/lib/python3.8/site-packages/airflow/example_dags/example_external_task_marker_dag.py
[2023-08-24T03:16:29.875+0000] {processor.py:829} INFO - Processing file /home/airflow/.local/lib/python3.8/site-packages/airflow/example_dags/example_external_task_marker_dag.py for tasks to queue
[2023-08-24T03:16:29.878+0000] {logging_mixin.py:151} INFO - [2023-08-24T03:16:29.878+0000] {dagbag.py:539} INFO - Filling up the DagBag from /home/airflow/.local/lib/python3.8/site-packages/airflow/example_dags/example_external_task_marker_dag.py
[2023-08-24T03:16:29.883+0000] {processor.py:839} INFO - DAG(s) dict_keys(['example_external_task_marker_parent', 'example_external_task_marker_child']) retrieved from /home/airflow/.local/lib/python3.8/site-packages/airflow/example_dags/example_external_task_marker_dag.py
[2023-08-24T03:16:29.893+0000] {logging_mixin.py:151} INFO - [2023-08-24T03:16:29.893+0000] {dag.py:2907} INFO - Sync 2 DAGs
[2023-08-24T03:16:29.902+0000] {logging_mixin.py:151} INFO - [2023-08-24T03:16:29.902+0000] {dag.py:3677} INFO - Setting next_dagrun for example_external_task_marker_child to None, run_after=None
[2023-08-24T03:16:29.905+0000] {logging_mixin.py:151} INFO - [2023-08-24T03:16:29.905+0000] {dag.py:3677} INFO - Setting next_dagrun for example_external_task_marker_parent to None, run_after=None
[2023-08-24T03:16:29.916+0000] {processor.py:179} INFO - Processing /home/airflow/.local/lib/python3.8/site-packages/airflow/example_dags/example_external_task_marker_dag.py took 0.044 seconds
[2023-08-24T03:17:00.065+0000] {processor.py:157} INFO - Started process (PID=122) to work on /home/airflow/.local/lib/python3.8/site-packages/airflow/example_dags/example_external_task_marker_dag.py
[2023-08-24T03:17:00.066+0000] {processor.py:829} INFO - Processing file /home/airflow/.local/lib/python3.8/site-packages/airflow/example_dags/example_external_task_marker_dag.py for tasks to queue
[2023-08-24T03:17:00.069+0000] {logging_mixin.py:151} INFO - [2023-08-24T03:17:00.068+0000] {dagbag.py:539} INFO - Filling up the DagBag from /home/airflow/.local/lib/python3.8/site-packages/airflow/example_dags/example_external_task_marker_dag.py
[2023-08-24T03:17:00.074+0000] {processor.py:839} INFO - DAG(s) dict_keys(['example_external_task_marker_parent', 'example_external_task_marker_child']) retrieved from /home/airflow/.local/lib/python3.8/site-packages/airflow/example_dags/example_external_task_marker_dag.py
[2023-08-24T03:17:00.094+0000] {logging_mixin.py:151} INFO - [2023-08-24T03:17:00.094+0000] {dag.py:2907} INFO - Sync 2 DAGs
[2023-08-24T03:17:00.102+0000] {logging_mixin.py:151} INFO - [2023-08-24T03:17:00.102+0000] {dag.py:3677} INFO - Setting next_dagrun for example_external_task_marker_child to None, run_after=None
[2023-08-24T03:17:00.104+0000] {logging_mixin.py:151} INFO - [2023-08-24T03:17:00.104+0000] {dag.py:3677} INFO - Setting next_dagrun for example_external_task_marker_parent to None, run_after=None
[2023-08-24T03:17:00.114+0000] {processor.py:179} INFO - Processing /home/airflow/.local/lib/python3.8/site-packages/airflow/example_dags/example_external_task_marker_dag.py took 0.052 seconds
[2023-08-24T03:17:30.769+0000] {processor.py:157} INFO - Started process (PID=185) to work on /home/airflow/.local/lib/python3.8/site-packages/airflow/example_dags/example_external_task_marker_dag.py
[2023-08-24T03:17:30.770+0000] {processor.py:829} INFO - Processing file /home/airflow/.local/lib/python3.8/site-packages/airflow/example_dags/example_external_task_marker_dag.py for tasks to queue
[2023-08-24T03:17:30.772+0000] {logging_mixin.py:151} INFO - [2023-08-24T03:17:30.772+0000] {dagbag.py:539} INFO - Filling up the DagBag from /home/airflow/.local/lib/python3.8/site-packages/airflow/example_dags/example_external_task_marker_dag.py
[2023-08-24T03:17:30.777+0000] {processor.py:839} INFO - DAG(s) dict_keys(['example_external_task_marker_child', 'example_external_task_marker_parent']) retrieved from /home/airflow/.local/lib/python3.8/site-packages/airflow/example_dags/example_external_task_marker_dag.py
[2023-08-24T03:17:30.797+0000] {logging_mixin.py:151} INFO - [2023-08-24T03:17:30.797+0000] {dag.py:2907} INFO - Sync 2 DAGs
[2023-08-24T03:17:30.806+0000] {logging_mixin.py:151} INFO - [2023-08-24T03:17:30.806+0000] {dag.py:3677} INFO - Setting next_dagrun for example_external_task_marker_child to None, run_after=None
[2023-08-24T03:17:30.808+0000] {logging_mixin.py:151} INFO - [2023-08-24T03:17:30.808+0000] {dag.py:3677} INFO - Setting next_dagrun for example_external_task_marker_parent to None, run_after=None
[2023-08-24T03:17:30.818+0000] {processor.py:179} INFO - Processing /home/airflow/.local/lib/python3.8/site-packages/airflow/example_dags/example_external_task_marker_dag.py took 0.051 seconds
[2023-08-24T03:18:01.586+0000] {processor.py:157} INFO - Started process (PID=248) to work on /home/airflow/.local/lib/python3.8/site-packages/airflow/example_dags/example_external_task_marker_dag.py
[2023-08-24T03:18:01.587+0000] {processor.py:829} INFO - Processing file /home/airflow/.local/lib/python3.8/site-packages/airflow/example_dags/example_external_task_marker_dag.py for tasks to queue
[2023-08-24T03:18:01.589+0000] {logging_mixin.py:151} INFO - [2023-08-24T03:18:01.589+0000] {dagbag.py:539} INFO - Filling up the DagBag from /home/airflow/.local/lib/python3.8/site-packages/airflow/example_dags/example_external_task_marker_dag.py
[2023-08-24T03:18:01.594+0000] {processor.py:839} INFO - DAG(s) dict_keys(['example_external_task_marker_parent', 'example_external_task_marker_child']) retrieved from /home/airflow/.local/lib/python3.8/site-packages/airflow/example_dags/example_external_task_marker_dag.py
[2023-08-24T03:18:01.615+0000] {logging_mixin.py:151} INFO - [2023-08-24T03:18:01.615+0000] {dag.py:2907} INFO - Sync 2 DAGs
[2023-08-24T03:18:01.623+0000] {logging_mixin.py:151} INFO - [2023-08-24T03:18:01.623+0000] {dag.py:3677} INFO - Setting next_dagrun for example_external_task_marker_child to None, run_after=None
[2023-08-24T03:18:01.626+0000] {logging_mixin.py:151} INFO - [2023-08-24T03:18:01.626+0000] {dag.py:3677} INFO - Setting next_dagrun for example_external_task_marker_parent to None, run_after=None
[2023-08-24T03:18:01.636+0000] {processor.py:179} INFO - Processing /home/airflow/.local/lib/python3.8/site-packages/airflow/example_dags/example_external_task_marker_dag.py took 0.053 seconds
[2023-08-24T03:19:16.162+0000] {processor.py:157} INFO - Started process (PID=58) to work on /home/airflow/.local/lib/python3.8/site-packages/airflow/example_dags/example_external_task_marker_dag.py
[2023-08-24T03:19:16.163+0000] {processor.py:829} INFO - Processing file /home/airflow/.local/lib/python3.8/site-packages/airflow/example_dags/example_external_task_marker_dag.py for tasks to queue
[2023-08-24T03:19:16.166+0000] {logging_mixin.py:151} INFO - [2023-08-24T03:19:16.165+0000] {dagbag.py:539} INFO - Filling up the DagBag from /home/airflow/.local/lib/python3.8/site-packages/airflow/example_dags/example_external_task_marker_dag.py
[2023-08-24T03:19:16.170+0000] {processor.py:839} INFO - DAG(s) dict_keys(['example_external_task_marker_parent', 'example_external_task_marker_child']) retrieved from /home/airflow/.local/lib/python3.8/site-packages/airflow/example_dags/example_external_task_marker_dag.py
[2023-08-24T03:19:16.182+0000] {logging_mixin.py:151} INFO - [2023-08-24T03:19:16.182+0000] {dag.py:2907} INFO - Sync 2 DAGs
[2023-08-24T03:19:16.191+0000] {logging_mixin.py:151} INFO - [2023-08-24T03:19:16.191+0000] {dag.py:3677} INFO - Setting next_dagrun for example_external_task_marker_child to None, run_after=None
[2023-08-24T03:19:16.193+0000] {logging_mixin.py:151} INFO - [2023-08-24T03:19:16.193+0000] {dag.py:3677} INFO - Setting next_dagrun for example_external_task_marker_parent to None, run_after=None
[2023-08-24T03:19:16.203+0000] {processor.py:179} INFO - Processing /home/airflow/.local/lib/python3.8/site-packages/airflow/example_dags/example_external_task_marker_dag.py took 0.044 seconds
[2023-08-24T03:22:56.598+0000] {processor.py:157} INFO - Started process (PID=57) to work on /home/airflow/.local/lib/python3.8/site-packages/airflow/example_dags/example_external_task_marker_dag.py
[2023-08-24T03:22:56.616+0000] {processor.py:829} INFO - Processing file /home/airflow/.local/lib/python3.8/site-packages/airflow/example_dags/example_external_task_marker_dag.py for tasks to queue
[2023-08-24T03:22:56.620+0000] {logging_mixin.py:151} INFO - [2023-08-24T03:22:56.620+0000] {dagbag.py:539} INFO - Filling up the DagBag from /home/airflow/.local/lib/python3.8/site-packages/airflow/example_dags/example_external_task_marker_dag.py
[2023-08-24T03:22:56.643+0000] {processor.py:839} INFO - DAG(s) dict_keys(['example_external_task_marker_child', 'example_external_task_marker_parent']) retrieved from /home/airflow/.local/lib/python3.8/site-packages/airflow/example_dags/example_external_task_marker_dag.py
[2023-08-24T03:22:56.674+0000] {logging_mixin.py:151} INFO - [2023-08-24T03:22:56.674+0000] {dag.py:2907} INFO - Sync 2 DAGs
[2023-08-24T03:22:56.689+0000] {logging_mixin.py:151} INFO - [2023-08-24T03:22:56.689+0000] {dag.py:3677} INFO - Setting next_dagrun for example_external_task_marker_child to None, run_after=None
[2023-08-24T03:22:56.695+0000] {logging_mixin.py:151} INFO - [2023-08-24T03:22:56.695+0000] {dag.py:3677} INFO - Setting next_dagrun for example_external_task_marker_parent to None, run_after=None
[2023-08-24T03:22:56.714+0000] {processor.py:179} INFO - Processing /home/airflow/.local/lib/python3.8/site-packages/airflow/example_dags/example_external_task_marker_dag.py took 0.134 seconds
[2023-08-24T03:23:27.126+0000] {processor.py:157} INFO - Started process (PID=120) to work on /home/airflow/.local/lib/python3.8/site-packages/airflow/example_dags/example_external_task_marker_dag.py
[2023-08-24T03:23:27.127+0000] {processor.py:829} INFO - Processing file /home/airflow/.local/lib/python3.8/site-packages/airflow/example_dags/example_external_task_marker_dag.py for tasks to queue
[2023-08-24T03:23:27.129+0000] {logging_mixin.py:151} INFO - [2023-08-24T03:23:27.129+0000] {dagbag.py:539} INFO - Filling up the DagBag from /home/airflow/.local/lib/python3.8/site-packages/airflow/example_dags/example_external_task_marker_dag.py
[2023-08-24T03:23:27.134+0000] {processor.py:839} INFO - DAG(s) dict_keys(['example_external_task_marker_parent', 'example_external_task_marker_child']) retrieved from /home/airflow/.local/lib/python3.8/site-packages/airflow/example_dags/example_external_task_marker_dag.py
[2023-08-24T03:23:27.154+0000] {logging_mixin.py:151} INFO - [2023-08-24T03:23:27.154+0000] {dag.py:2907} INFO - Sync 2 DAGs
[2023-08-24T03:23:27.162+0000] {logging_mixin.py:151} INFO - [2023-08-24T03:23:27.162+0000] {dag.py:3677} INFO - Setting next_dagrun for example_external_task_marker_child to None, run_after=None
[2023-08-24T03:23:27.165+0000] {logging_mixin.py:151} INFO - [2023-08-24T03:23:27.165+0000] {dag.py:3677} INFO - Setting next_dagrun for example_external_task_marker_parent to None, run_after=None
[2023-08-24T03:23:27.176+0000] {processor.py:179} INFO - Processing /home/airflow/.local/lib/python3.8/site-packages/airflow/example_dags/example_external_task_marker_dag.py took 0.054 seconds
[2023-08-24T03:59:48.832+0000] {processor.py:157} INFO - Started process (PID=58) to work on /home/airflow/.local/lib/python3.8/site-packages/airflow/example_dags/example_external_task_marker_dag.py
[2023-08-24T03:59:48.833+0000] {processor.py:829} INFO - Processing file /home/airflow/.local/lib/python3.8/site-packages/airflow/example_dags/example_external_task_marker_dag.py for tasks to queue
[2023-08-24T03:59:48.836+0000] {logging_mixin.py:151} INFO - [2023-08-24T03:59:48.836+0000] {dagbag.py:539} INFO - Filling up the DagBag from /home/airflow/.local/lib/python3.8/site-packages/airflow/example_dags/example_external_task_marker_dag.py
[2023-08-24T03:59:48.842+0000] {processor.py:839} INFO - DAG(s) dict_keys(['example_external_task_marker_child', 'example_external_task_marker_parent']) retrieved from /home/airflow/.local/lib/python3.8/site-packages/airflow/example_dags/example_external_task_marker_dag.py
[2023-08-24T03:59:48.854+0000] {logging_mixin.py:151} INFO - [2023-08-24T03:59:48.854+0000] {dag.py:2907} INFO - Sync 2 DAGs
[2023-08-24T03:59:48.864+0000] {logging_mixin.py:151} INFO - [2023-08-24T03:59:48.864+0000] {dag.py:3677} INFO - Setting next_dagrun for example_external_task_marker_child to None, run_after=None
[2023-08-24T03:59:48.867+0000] {logging_mixin.py:151} INFO - [2023-08-24T03:59:48.866+0000] {dag.py:3677} INFO - Setting next_dagrun for example_external_task_marker_parent to None, run_after=None
[2023-08-24T03:59:48.877+0000] {processor.py:179} INFO - Processing /home/airflow/.local/lib/python3.8/site-packages/airflow/example_dags/example_external_task_marker_dag.py took 0.048 seconds
[2023-08-24T04:00:19.099+0000] {processor.py:157} INFO - Started process (PID=121) to work on /home/airflow/.local/lib/python3.8/site-packages/airflow/example_dags/example_external_task_marker_dag.py
[2023-08-24T04:00:19.100+0000] {processor.py:829} INFO - Processing file /home/airflow/.local/lib/python3.8/site-packages/airflow/example_dags/example_external_task_marker_dag.py for tasks to queue
[2023-08-24T04:00:19.102+0000] {logging_mixin.py:151} INFO - [2023-08-24T04:00:19.102+0000] {dagbag.py:539} INFO - Filling up the DagBag from /home/airflow/.local/lib/python3.8/site-packages/airflow/example_dags/example_external_task_marker_dag.py
[2023-08-24T04:00:19.107+0000] {processor.py:839} INFO - DAG(s) dict_keys(['example_external_task_marker_parent', 'example_external_task_marker_child']) retrieved from /home/airflow/.local/lib/python3.8/site-packages/airflow/example_dags/example_external_task_marker_dag.py
[2023-08-24T04:00:19.125+0000] {logging_mixin.py:151} INFO - [2023-08-24T04:00:19.125+0000] {dag.py:2907} INFO - Sync 2 DAGs
[2023-08-24T04:00:19.134+0000] {logging_mixin.py:151} INFO - [2023-08-24T04:00:19.133+0000] {dag.py:3677} INFO - Setting next_dagrun for example_external_task_marker_child to None, run_after=None
[2023-08-24T04:00:19.136+0000] {logging_mixin.py:151} INFO - [2023-08-24T04:00:19.136+0000] {dag.py:3677} INFO - Setting next_dagrun for example_external_task_marker_parent to None, run_after=None
[2023-08-24T04:00:19.146+0000] {processor.py:179} INFO - Processing /home/airflow/.local/lib/python3.8/site-packages/airflow/example_dags/example_external_task_marker_dag.py took 0.050 seconds
[2023-08-24T04:00:49.877+0000] {processor.py:157} INFO - Started process (PID=184) to work on /home/airflow/.local/lib/python3.8/site-packages/airflow/example_dags/example_external_task_marker_dag.py
[2023-08-24T04:00:49.878+0000] {processor.py:829} INFO - Processing file /home/airflow/.local/lib/python3.8/site-packages/airflow/example_dags/example_external_task_marker_dag.py for tasks to queue
[2023-08-24T04:00:49.880+0000] {logging_mixin.py:151} INFO - [2023-08-24T04:00:49.880+0000] {dagbag.py:539} INFO - Filling up the DagBag from /home/airflow/.local/lib/python3.8/site-packages/airflow/example_dags/example_external_task_marker_dag.py
[2023-08-24T04:00:49.885+0000] {processor.py:839} INFO - DAG(s) dict_keys(['example_external_task_marker_child', 'example_external_task_marker_parent']) retrieved from /home/airflow/.local/lib/python3.8/site-packages/airflow/example_dags/example_external_task_marker_dag.py
[2023-08-24T04:00:49.904+0000] {logging_mixin.py:151} INFO - [2023-08-24T04:00:49.904+0000] {dag.py:2907} INFO - Sync 2 DAGs
[2023-08-24T04:00:49.912+0000] {logging_mixin.py:151} INFO - [2023-08-24T04:00:49.912+0000] {dag.py:3677} INFO - Setting next_dagrun for example_external_task_marker_child to None, run_after=None
[2023-08-24T04:00:49.915+0000] {logging_mixin.py:151} INFO - [2023-08-24T04:00:49.915+0000] {dag.py:3677} INFO - Setting next_dagrun for example_external_task_marker_parent to None, run_after=None
[2023-08-24T04:00:49.925+0000] {processor.py:179} INFO - Processing /home/airflow/.local/lib/python3.8/site-packages/airflow/example_dags/example_external_task_marker_dag.py took 0.052 seconds
[2023-08-24T04:01:20.529+0000] {processor.py:157} INFO - Started process (PID=247) to work on /home/airflow/.local/lib/python3.8/site-packages/airflow/example_dags/example_external_task_marker_dag.py
[2023-08-24T04:01:20.530+0000] {processor.py:829} INFO - Processing file /home/airflow/.local/lib/python3.8/site-packages/airflow/example_dags/example_external_task_marker_dag.py for tasks to queue
[2023-08-24T04:01:20.532+0000] {logging_mixin.py:151} INFO - [2023-08-24T04:01:20.532+0000] {dagbag.py:539} INFO - Filling up the DagBag from /home/airflow/.local/lib/python3.8/site-packages/airflow/example_dags/example_external_task_marker_dag.py
[2023-08-24T04:01:20.536+0000] {processor.py:839} INFO - DAG(s) dict_keys(['example_external_task_marker_child', 'example_external_task_marker_parent']) retrieved from /home/airflow/.local/lib/python3.8/site-packages/airflow/example_dags/example_external_task_marker_dag.py
[2023-08-24T04:01:20.555+0000] {logging_mixin.py:151} INFO - [2023-08-24T04:01:20.555+0000] {dag.py:2907} INFO - Sync 2 DAGs
[2023-08-24T04:01:20.563+0000] {logging_mixin.py:151} INFO - [2023-08-24T04:01:20.563+0000] {dag.py:3677} INFO - Setting next_dagrun for example_external_task_marker_child to None, run_after=None
[2023-08-24T04:01:20.565+0000] {logging_mixin.py:151} INFO - [2023-08-24T04:01:20.565+0000] {dag.py:3677} INFO - Setting next_dagrun for example_external_task_marker_parent to None, run_after=None
[2023-08-24T04:01:20.575+0000] {processor.py:179} INFO - Processing /home/airflow/.local/lib/python3.8/site-packages/airflow/example_dags/example_external_task_marker_dag.py took 0.049 seconds
[2023-08-24T04:01:51.429+0000] {processor.py:157} INFO - Started process (PID=310) to work on /home/airflow/.local/lib/python3.8/site-packages/airflow/example_dags/example_external_task_marker_dag.py
[2023-08-24T04:01:51.430+0000] {processor.py:829} INFO - Processing file /home/airflow/.local/lib/python3.8/site-packages/airflow/example_dags/example_external_task_marker_dag.py for tasks to queue
[2023-08-24T04:01:51.432+0000] {logging_mixin.py:151} INFO - [2023-08-24T04:01:51.432+0000] {dagbag.py:539} INFO - Filling up the DagBag from /home/airflow/.local/lib/python3.8/site-packages/airflow/example_dags/example_external_task_marker_dag.py
[2023-08-24T04:01:51.436+0000] {processor.py:839} INFO - DAG(s) dict_keys(['example_external_task_marker_parent', 'example_external_task_marker_child']) retrieved from /home/airflow/.local/lib/python3.8/site-packages/airflow/example_dags/example_external_task_marker_dag.py
[2023-08-24T04:01:51.453+0000] {logging_mixin.py:151} INFO - [2023-08-24T04:01:51.453+0000] {dag.py:2907} INFO - Sync 2 DAGs
[2023-08-24T04:01:51.461+0000] {logging_mixin.py:151} INFO - [2023-08-24T04:01:51.461+0000] {dag.py:3677} INFO - Setting next_dagrun for example_external_task_marker_child to None, run_after=None
[2023-08-24T04:01:51.463+0000] {logging_mixin.py:151} INFO - [2023-08-24T04:01:51.463+0000] {dag.py:3677} INFO - Setting next_dagrun for example_external_task_marker_parent to None, run_after=None
[2023-08-24T04:01:51.472+0000] {processor.py:179} INFO - Processing /home/airflow/.local/lib/python3.8/site-packages/airflow/example_dags/example_external_task_marker_dag.py took 0.046 seconds
[2023-08-24T04:02:22.395+0000] {processor.py:157} INFO - Started process (PID=373) to work on /home/airflow/.local/lib/python3.8/site-packages/airflow/example_dags/example_external_task_marker_dag.py
[2023-08-24T04:02:22.396+0000] {processor.py:829} INFO - Processing file /home/airflow/.local/lib/python3.8/site-packages/airflow/example_dags/example_external_task_marker_dag.py for tasks to queue
[2023-08-24T04:02:22.398+0000] {logging_mixin.py:151} INFO - [2023-08-24T04:02:22.398+0000] {dagbag.py:539} INFO - Filling up the DagBag from /home/airflow/.local/lib/python3.8/site-packages/airflow/example_dags/example_external_task_marker_dag.py
[2023-08-24T04:02:22.403+0000] {processor.py:839} INFO - DAG(s) dict_keys(['example_external_task_marker_parent', 'example_external_task_marker_child']) retrieved from /home/airflow/.local/lib/python3.8/site-packages/airflow/example_dags/example_external_task_marker_dag.py
[2023-08-24T04:02:22.423+0000] {logging_mixin.py:151} INFO - [2023-08-24T04:02:22.422+0000] {dag.py:2907} INFO - Sync 2 DAGs
[2023-08-24T04:02:22.430+0000] {logging_mixin.py:151} INFO - [2023-08-24T04:02:22.430+0000] {dag.py:3677} INFO - Setting next_dagrun for example_external_task_marker_child to None, run_after=None
[2023-08-24T04:02:22.433+0000] {logging_mixin.py:151} INFO - [2023-08-24T04:02:22.433+0000] {dag.py:3677} INFO - Setting next_dagrun for example_external_task_marker_parent to None, run_after=None
[2023-08-24T04:02:22.441+0000] {processor.py:179} INFO - Processing /home/airflow/.local/lib/python3.8/site-packages/airflow/example_dags/example_external_task_marker_dag.py took 0.049 seconds
[2023-08-24T04:02:53.046+0000] {processor.py:157} INFO - Started process (PID=436) to work on /home/airflow/.local/lib/python3.8/site-packages/airflow/example_dags/example_external_task_marker_dag.py
[2023-08-24T04:02:53.048+0000] {processor.py:829} INFO - Processing file /home/airflow/.local/lib/python3.8/site-packages/airflow/example_dags/example_external_task_marker_dag.py for tasks to queue
[2023-08-24T04:02:53.049+0000] {logging_mixin.py:151} INFO - [2023-08-24T04:02:53.049+0000] {dagbag.py:539} INFO - Filling up the DagBag from /home/airflow/.local/lib/python3.8/site-packages/airflow/example_dags/example_external_task_marker_dag.py
[2023-08-24T04:02:53.054+0000] {processor.py:839} INFO - DAG(s) dict_keys(['example_external_task_marker_child', 'example_external_task_marker_parent']) retrieved from /home/airflow/.local/lib/python3.8/site-packages/airflow/example_dags/example_external_task_marker_dag.py
[2023-08-24T04:02:53.072+0000] {logging_mixin.py:151} INFO - [2023-08-24T04:02:53.072+0000] {dag.py:2907} INFO - Sync 2 DAGs
[2023-08-24T04:02:53.080+0000] {logging_mixin.py:151} INFO - [2023-08-24T04:02:53.080+0000] {dag.py:3677} INFO - Setting next_dagrun for example_external_task_marker_child to None, run_after=None
[2023-08-24T04:02:53.082+0000] {logging_mixin.py:151} INFO - [2023-08-24T04:02:53.082+0000] {dag.py:3677} INFO - Setting next_dagrun for example_external_task_marker_parent to None, run_after=None
[2023-08-24T04:02:53.091+0000] {processor.py:179} INFO - Processing /home/airflow/.local/lib/python3.8/site-packages/airflow/example_dags/example_external_task_marker_dag.py took 0.048 seconds
[2023-08-24T04:03:23.655+0000] {processor.py:157} INFO - Started process (PID=499) to work on /home/airflow/.local/lib/python3.8/site-packages/airflow/example_dags/example_external_task_marker_dag.py
[2023-08-24T04:03:23.657+0000] {processor.py:829} INFO - Processing file /home/airflow/.local/lib/python3.8/site-packages/airflow/example_dags/example_external_task_marker_dag.py for tasks to queue
[2023-08-24T04:03:23.659+0000] {logging_mixin.py:151} INFO - [2023-08-24T04:03:23.658+0000] {dagbag.py:539} INFO - Filling up the DagBag from /home/airflow/.local/lib/python3.8/site-packages/airflow/example_dags/example_external_task_marker_dag.py
[2023-08-24T04:03:23.664+0000] {processor.py:839} INFO - DAG(s) dict_keys(['example_external_task_marker_parent', 'example_external_task_marker_child']) retrieved from /home/airflow/.local/lib/python3.8/site-packages/airflow/example_dags/example_external_task_marker_dag.py
[2023-08-24T04:03:23.683+0000] {logging_mixin.py:151} INFO - [2023-08-24T04:03:23.682+0000] {dag.py:2907} INFO - Sync 2 DAGs
[2023-08-24T04:03:23.690+0000] {logging_mixin.py:151} INFO - [2023-08-24T04:03:23.690+0000] {dag.py:3677} INFO - Setting next_dagrun for example_external_task_marker_child to None, run_after=None
[2023-08-24T04:03:23.692+0000] {logging_mixin.py:151} INFO - [2023-08-24T04:03:23.692+0000] {dag.py:3677} INFO - Setting next_dagrun for example_external_task_marker_parent to None, run_after=None
[2023-08-24T04:03:23.701+0000] {processor.py:179} INFO - Processing /home/airflow/.local/lib/python3.8/site-packages/airflow/example_dags/example_external_task_marker_dag.py took 0.049 seconds
[2023-08-24T04:03:54.439+0000] {processor.py:157} INFO - Started process (PID=562) to work on /home/airflow/.local/lib/python3.8/site-packages/airflow/example_dags/example_external_task_marker_dag.py
[2023-08-24T04:03:54.440+0000] {processor.py:829} INFO - Processing file /home/airflow/.local/lib/python3.8/site-packages/airflow/example_dags/example_external_task_marker_dag.py for tasks to queue
[2023-08-24T04:03:54.442+0000] {logging_mixin.py:151} INFO - [2023-08-24T04:03:54.442+0000] {dagbag.py:539} INFO - Filling up the DagBag from /home/airflow/.local/lib/python3.8/site-packages/airflow/example_dags/example_external_task_marker_dag.py
[2023-08-24T04:03:54.448+0000] {processor.py:839} INFO - DAG(s) dict_keys(['example_external_task_marker_child', 'example_external_task_marker_parent']) retrieved from /home/airflow/.local/lib/python3.8/site-packages/airflow/example_dags/example_external_task_marker_dag.py
[2023-08-24T04:03:54.469+0000] {logging_mixin.py:151} INFO - [2023-08-24T04:03:54.469+0000] {dag.py:2907} INFO - Sync 2 DAGs
[2023-08-24T04:03:54.478+0000] {logging_mixin.py:151} INFO - [2023-08-24T04:03:54.478+0000] {dag.py:3677} INFO - Setting next_dagrun for example_external_task_marker_child to None, run_after=None
[2023-08-24T04:03:54.481+0000] {logging_mixin.py:151} INFO - [2023-08-24T04:03:54.481+0000] {dag.py:3677} INFO - Setting next_dagrun for example_external_task_marker_parent to None, run_after=None
[2023-08-24T04:03:54.492+0000] {processor.py:179} INFO - Processing /home/airflow/.local/lib/python3.8/site-packages/airflow/example_dags/example_external_task_marker_dag.py took 0.055 seconds
[2023-08-24T04:04:25.145+0000] {processor.py:157} INFO - Started process (PID=625) to work on /home/airflow/.local/lib/python3.8/site-packages/airflow/example_dags/example_external_task_marker_dag.py
[2023-08-24T04:04:25.147+0000] {processor.py:829} INFO - Processing file /home/airflow/.local/lib/python3.8/site-packages/airflow/example_dags/example_external_task_marker_dag.py for tasks to queue
[2023-08-24T04:04:25.149+0000] {logging_mixin.py:151} INFO - [2023-08-24T04:04:25.149+0000] {dagbag.py:539} INFO - Filling up the DagBag from /home/airflow/.local/lib/python3.8/site-packages/airflow/example_dags/example_external_task_marker_dag.py
[2023-08-24T04:04:25.154+0000] {processor.py:839} INFO - DAG(s) dict_keys(['example_external_task_marker_child', 'example_external_task_marker_parent']) retrieved from /home/airflow/.local/lib/python3.8/site-packages/airflow/example_dags/example_external_task_marker_dag.py
[2023-08-24T04:04:25.173+0000] {logging_mixin.py:151} INFO - [2023-08-24T04:04:25.173+0000] {dag.py:2907} INFO - Sync 2 DAGs
[2023-08-24T04:04:25.182+0000] {logging_mixin.py:151} INFO - [2023-08-24T04:04:25.181+0000] {dag.py:3677} INFO - Setting next_dagrun for example_external_task_marker_child to None, run_after=None
[2023-08-24T04:04:25.184+0000] {logging_mixin.py:151} INFO - [2023-08-24T04:04:25.184+0000] {dag.py:3677} INFO - Setting next_dagrun for example_external_task_marker_parent to None, run_after=None
[2023-08-24T04:04:25.193+0000] {processor.py:179} INFO - Processing /home/airflow/.local/lib/python3.8/site-packages/airflow/example_dags/example_external_task_marker_dag.py took 0.051 seconds
[2023-08-24T04:04:56.191+0000] {processor.py:157} INFO - Started process (PID=688) to work on /home/airflow/.local/lib/python3.8/site-packages/airflow/example_dags/example_external_task_marker_dag.py
[2023-08-24T04:04:56.193+0000] {processor.py:829} INFO - Processing file /home/airflow/.local/lib/python3.8/site-packages/airflow/example_dags/example_external_task_marker_dag.py for tasks to queue
[2023-08-24T04:04:56.195+0000] {logging_mixin.py:151} INFO - [2023-08-24T04:04:56.194+0000] {dagbag.py:539} INFO - Filling up the DagBag from /home/airflow/.local/lib/python3.8/site-packages/airflow/example_dags/example_external_task_marker_dag.py
[2023-08-24T04:04:56.199+0000] {processor.py:839} INFO - DAG(s) dict_keys(['example_external_task_marker_child', 'example_external_task_marker_parent']) retrieved from /home/airflow/.local/lib/python3.8/site-packages/airflow/example_dags/example_external_task_marker_dag.py
[2023-08-24T04:04:56.220+0000] {logging_mixin.py:151} INFO - [2023-08-24T04:04:56.220+0000] {dag.py:2907} INFO - Sync 2 DAGs
[2023-08-24T04:04:56.229+0000] {logging_mixin.py:151} INFO - [2023-08-24T04:04:56.229+0000] {dag.py:3677} INFO - Setting next_dagrun for example_external_task_marker_child to None, run_after=None
[2023-08-24T04:04:56.231+0000] {logging_mixin.py:151} INFO - [2023-08-24T04:04:56.231+0000] {dag.py:3677} INFO - Setting next_dagrun for example_external_task_marker_parent to None, run_after=None
[2023-08-24T04:04:56.241+0000] {processor.py:179} INFO - Processing /home/airflow/.local/lib/python3.8/site-packages/airflow/example_dags/example_external_task_marker_dag.py took 0.053 seconds
[2023-08-24T04:05:26.861+0000] {processor.py:157} INFO - Started process (PID=751) to work on /home/airflow/.local/lib/python3.8/site-packages/airflow/example_dags/example_external_task_marker_dag.py
[2023-08-24T04:05:26.861+0000] {processor.py:829} INFO - Processing file /home/airflow/.local/lib/python3.8/site-packages/airflow/example_dags/example_external_task_marker_dag.py for tasks to queue
[2023-08-24T04:05:26.863+0000] {logging_mixin.py:151} INFO - [2023-08-24T04:05:26.863+0000] {dagbag.py:539} INFO - Filling up the DagBag from /home/airflow/.local/lib/python3.8/site-packages/airflow/example_dags/example_external_task_marker_dag.py
[2023-08-24T04:05:26.868+0000] {processor.py:839} INFO - DAG(s) dict_keys(['example_external_task_marker_parent', 'example_external_task_marker_child']) retrieved from /home/airflow/.local/lib/python3.8/site-packages/airflow/example_dags/example_external_task_marker_dag.py
[2023-08-24T04:05:26.886+0000] {logging_mixin.py:151} INFO - [2023-08-24T04:05:26.886+0000] {dag.py:2907} INFO - Sync 2 DAGs
[2023-08-24T04:05:26.894+0000] {logging_mixin.py:151} INFO - [2023-08-24T04:05:26.894+0000] {dag.py:3677} INFO - Setting next_dagrun for example_external_task_marker_child to None, run_after=None
[2023-08-24T04:05:26.896+0000] {logging_mixin.py:151} INFO - [2023-08-24T04:05:26.896+0000] {dag.py:3677} INFO - Setting next_dagrun for example_external_task_marker_parent to None, run_after=None
[2023-08-24T04:05:26.906+0000] {processor.py:179} INFO - Processing /home/airflow/.local/lib/python3.8/site-packages/airflow/example_dags/example_external_task_marker_dag.py took 0.048 seconds
[2023-08-24T04:05:57.628+0000] {processor.py:157} INFO - Started process (PID=814) to work on /home/airflow/.local/lib/python3.8/site-packages/airflow/example_dags/example_external_task_marker_dag.py
[2023-08-24T04:05:57.629+0000] {processor.py:829} INFO - Processing file /home/airflow/.local/lib/python3.8/site-packages/airflow/example_dags/example_external_task_marker_dag.py for tasks to queue
[2023-08-24T04:05:57.631+0000] {logging_mixin.py:151} INFO - [2023-08-24T04:05:57.631+0000] {dagbag.py:539} INFO - Filling up the DagBag from /home/airflow/.local/lib/python3.8/site-packages/airflow/example_dags/example_external_task_marker_dag.py
[2023-08-24T04:05:57.636+0000] {processor.py:839} INFO - DAG(s) dict_keys(['example_external_task_marker_parent', 'example_external_task_marker_child']) retrieved from /home/airflow/.local/lib/python3.8/site-packages/airflow/example_dags/example_external_task_marker_dag.py
[2023-08-24T04:05:57.654+0000] {logging_mixin.py:151} INFO - [2023-08-24T04:05:57.654+0000] {dag.py:2907} INFO - Sync 2 DAGs
[2023-08-24T04:05:57.662+0000] {logging_mixin.py:151} INFO - [2023-08-24T04:05:57.662+0000] {dag.py:3677} INFO - Setting next_dagrun for example_external_task_marker_child to None, run_after=None
[2023-08-24T04:05:57.664+0000] {logging_mixin.py:151} INFO - [2023-08-24T04:05:57.664+0000] {dag.py:3677} INFO - Setting next_dagrun for example_external_task_marker_parent to None, run_after=None
[2023-08-24T04:05:57.673+0000] {processor.py:179} INFO - Processing /home/airflow/.local/lib/python3.8/site-packages/airflow/example_dags/example_external_task_marker_dag.py took 0.049 seconds
[2023-08-24T04:06:28.250+0000] {processor.py:157} INFO - Started process (PID=877) to work on /home/airflow/.local/lib/python3.8/site-packages/airflow/example_dags/example_external_task_marker_dag.py
[2023-08-24T04:06:28.252+0000] {processor.py:829} INFO - Processing file /home/airflow/.local/lib/python3.8/site-packages/airflow/example_dags/example_external_task_marker_dag.py for tasks to queue
[2023-08-24T04:06:28.254+0000] {logging_mixin.py:151} INFO - [2023-08-24T04:06:28.254+0000] {dagbag.py:539} INFO - Filling up the DagBag from /home/airflow/.local/lib/python3.8/site-packages/airflow/example_dags/example_external_task_marker_dag.py
[2023-08-24T04:06:28.259+0000] {processor.py:839} INFO - DAG(s) dict_keys(['example_external_task_marker_parent', 'example_external_task_marker_child']) retrieved from /home/airflow/.local/lib/python3.8/site-packages/airflow/example_dags/example_external_task_marker_dag.py
[2023-08-24T04:06:28.278+0000] {logging_mixin.py:151} INFO - [2023-08-24T04:06:28.278+0000] {dag.py:2907} INFO - Sync 2 DAGs
[2023-08-24T04:06:28.287+0000] {logging_mixin.py:151} INFO - [2023-08-24T04:06:28.287+0000] {dag.py:3677} INFO - Setting next_dagrun for example_external_task_marker_child to None, run_after=None
[2023-08-24T04:06:28.289+0000] {logging_mixin.py:151} INFO - [2023-08-24T04:06:28.289+0000] {dag.py:3677} INFO - Setting next_dagrun for example_external_task_marker_parent to None, run_after=None
[2023-08-24T04:06:28.299+0000] {processor.py:179} INFO - Processing /home/airflow/.local/lib/python3.8/site-packages/airflow/example_dags/example_external_task_marker_dag.py took 0.052 seconds
[2023-08-24T04:06:59.026+0000] {processor.py:157} INFO - Started process (PID=939) to work on /home/airflow/.local/lib/python3.8/site-packages/airflow/example_dags/example_external_task_marker_dag.py
[2023-08-24T04:06:59.026+0000] {processor.py:829} INFO - Processing file /home/airflow/.local/lib/python3.8/site-packages/airflow/example_dags/example_external_task_marker_dag.py for tasks to queue
[2023-08-24T04:06:59.029+0000] {logging_mixin.py:151} INFO - [2023-08-24T04:06:59.029+0000] {dagbag.py:539} INFO - Filling up the DagBag from /home/airflow/.local/lib/python3.8/site-packages/airflow/example_dags/example_external_task_marker_dag.py
[2023-08-24T04:06:59.034+0000] {processor.py:839} INFO - DAG(s) dict_keys(['example_external_task_marker_child', 'example_external_task_marker_parent']) retrieved from /home/airflow/.local/lib/python3.8/site-packages/airflow/example_dags/example_external_task_marker_dag.py
[2023-08-24T04:06:59.051+0000] {logging_mixin.py:151} INFO - [2023-08-24T04:06:59.051+0000] {dag.py:2907} INFO - Sync 2 DAGs
[2023-08-24T04:06:59.059+0000] {logging_mixin.py:151} INFO - [2023-08-24T04:06:59.059+0000] {dag.py:3677} INFO - Setting next_dagrun for example_external_task_marker_child to None, run_after=None
[2023-08-24T04:06:59.062+0000] {logging_mixin.py:151} INFO - [2023-08-24T04:06:59.061+0000] {dag.py:3677} INFO - Setting next_dagrun for example_external_task_marker_parent to None, run_after=None
[2023-08-24T04:06:59.071+0000] {processor.py:179} INFO - Processing /home/airflow/.local/lib/python3.8/site-packages/airflow/example_dags/example_external_task_marker_dag.py took 0.048 seconds
[2023-08-24T04:07:29.633+0000] {processor.py:157} INFO - Started process (PID=1002) to work on /home/airflow/.local/lib/python3.8/site-packages/airflow/example_dags/example_external_task_marker_dag.py
[2023-08-24T04:07:29.635+0000] {processor.py:829} INFO - Processing file /home/airflow/.local/lib/python3.8/site-packages/airflow/example_dags/example_external_task_marker_dag.py for tasks to queue
[2023-08-24T04:07:29.636+0000] {logging_mixin.py:151} INFO - [2023-08-24T04:07:29.636+0000] {dagbag.py:539} INFO - Filling up the DagBag from /home/airflow/.local/lib/python3.8/site-packages/airflow/example_dags/example_external_task_marker_dag.py
[2023-08-24T04:07:29.641+0000] {processor.py:839} INFO - DAG(s) dict_keys(['example_external_task_marker_child', 'example_external_task_marker_parent']) retrieved from /home/airflow/.local/lib/python3.8/site-packages/airflow/example_dags/example_external_task_marker_dag.py
[2023-08-24T04:07:29.661+0000] {logging_mixin.py:151} INFO - [2023-08-24T04:07:29.661+0000] {dag.py:2907} INFO - Sync 2 DAGs
[2023-08-24T04:07:29.669+0000] {logging_mixin.py:151} INFO - [2023-08-24T04:07:29.668+0000] {dag.py:3677} INFO - Setting next_dagrun for example_external_task_marker_child to None, run_after=None
[2023-08-24T04:07:29.671+0000] {logging_mixin.py:151} INFO - [2023-08-24T04:07:29.671+0000] {dag.py:3677} INFO - Setting next_dagrun for example_external_task_marker_parent to None, run_after=None
[2023-08-24T04:07:29.680+0000] {processor.py:179} INFO - Processing /home/airflow/.local/lib/python3.8/site-packages/airflow/example_dags/example_external_task_marker_dag.py took 0.050 seconds
[2023-08-24T04:08:00.386+0000] {processor.py:157} INFO - Started process (PID=1065) to work on /home/airflow/.local/lib/python3.8/site-packages/airflow/example_dags/example_external_task_marker_dag.py
[2023-08-24T04:08:00.387+0000] {processor.py:829} INFO - Processing file /home/airflow/.local/lib/python3.8/site-packages/airflow/example_dags/example_external_task_marker_dag.py for tasks to queue
[2023-08-24T04:08:00.389+0000] {logging_mixin.py:151} INFO - [2023-08-24T04:08:00.389+0000] {dagbag.py:539} INFO - Filling up the DagBag from /home/airflow/.local/lib/python3.8/site-packages/airflow/example_dags/example_external_task_marker_dag.py
[2023-08-24T04:08:00.394+0000] {processor.py:839} INFO - DAG(s) dict_keys(['example_external_task_marker_parent', 'example_external_task_marker_child']) retrieved from /home/airflow/.local/lib/python3.8/site-packages/airflow/example_dags/example_external_task_marker_dag.py
[2023-08-24T04:08:00.414+0000] {logging_mixin.py:151} INFO - [2023-08-24T04:08:00.414+0000] {dag.py:2907} INFO - Sync 2 DAGs
[2023-08-24T04:08:00.422+0000] {logging_mixin.py:151} INFO - [2023-08-24T04:08:00.422+0000] {dag.py:3677} INFO - Setting next_dagrun for example_external_task_marker_child to None, run_after=None
[2023-08-24T04:08:00.424+0000] {logging_mixin.py:151} INFO - [2023-08-24T04:08:00.424+0000] {dag.py:3677} INFO - Setting next_dagrun for example_external_task_marker_parent to None, run_after=None
[2023-08-24T04:08:00.434+0000] {processor.py:179} INFO - Processing /home/airflow/.local/lib/python3.8/site-packages/airflow/example_dags/example_external_task_marker_dag.py took 0.051 seconds
[2023-08-24T04:08:31.061+0000] {processor.py:157} INFO - Started process (PID=1128) to work on /home/airflow/.local/lib/python3.8/site-packages/airflow/example_dags/example_external_task_marker_dag.py
[2023-08-24T04:08:31.062+0000] {processor.py:829} INFO - Processing file /home/airflow/.local/lib/python3.8/site-packages/airflow/example_dags/example_external_task_marker_dag.py for tasks to queue
[2023-08-24T04:08:31.064+0000] {logging_mixin.py:151} INFO - [2023-08-24T04:08:31.064+0000] {dagbag.py:539} INFO - Filling up the DagBag from /home/airflow/.local/lib/python3.8/site-packages/airflow/example_dags/example_external_task_marker_dag.py
[2023-08-24T04:08:31.069+0000] {processor.py:839} INFO - DAG(s) dict_keys(['example_external_task_marker_parent', 'example_external_task_marker_child']) retrieved from /home/airflow/.local/lib/python3.8/site-packages/airflow/example_dags/example_external_task_marker_dag.py
[2023-08-24T04:08:31.087+0000] {logging_mixin.py:151} INFO - [2023-08-24T04:08:31.087+0000] {dag.py:2907} INFO - Sync 2 DAGs
[2023-08-24T04:08:31.094+0000] {logging_mixin.py:151} INFO - [2023-08-24T04:08:31.094+0000] {dag.py:3677} INFO - Setting next_dagrun for example_external_task_marker_child to None, run_after=None
[2023-08-24T04:08:31.096+0000] {logging_mixin.py:151} INFO - [2023-08-24T04:08:31.096+0000] {dag.py:3677} INFO - Setting next_dagrun for example_external_task_marker_parent to None, run_after=None
[2023-08-24T04:08:31.105+0000] {processor.py:179} INFO - Processing /home/airflow/.local/lib/python3.8/site-packages/airflow/example_dags/example_external_task_marker_dag.py took 0.047 seconds
[2023-08-24T04:09:01.847+0000] {processor.py:157} INFO - Started process (PID=1191) to work on /home/airflow/.local/lib/python3.8/site-packages/airflow/example_dags/example_external_task_marker_dag.py
[2023-08-24T04:09:01.848+0000] {processor.py:829} INFO - Processing file /home/airflow/.local/lib/python3.8/site-packages/airflow/example_dags/example_external_task_marker_dag.py for tasks to queue
[2023-08-24T04:09:01.850+0000] {logging_mixin.py:151} INFO - [2023-08-24T04:09:01.849+0000] {dagbag.py:539} INFO - Filling up the DagBag from /home/airflow/.local/lib/python3.8/site-packages/airflow/example_dags/example_external_task_marker_dag.py
[2023-08-24T04:09:01.854+0000] {processor.py:839} INFO - DAG(s) dict_keys(['example_external_task_marker_parent', 'example_external_task_marker_child']) retrieved from /home/airflow/.local/lib/python3.8/site-packages/airflow/example_dags/example_external_task_marker_dag.py
[2023-08-24T04:09:01.872+0000] {logging_mixin.py:151} INFO - [2023-08-24T04:09:01.872+0000] {dag.py:2907} INFO - Sync 2 DAGs
[2023-08-24T04:09:01.880+0000] {logging_mixin.py:151} INFO - [2023-08-24T04:09:01.879+0000] {dag.py:3677} INFO - Setting next_dagrun for example_external_task_marker_child to None, run_after=None
[2023-08-24T04:09:01.882+0000] {logging_mixin.py:151} INFO - [2023-08-24T04:09:01.882+0000] {dag.py:3677} INFO - Setting next_dagrun for example_external_task_marker_parent to None, run_after=None
[2023-08-24T04:09:01.892+0000] {processor.py:179} INFO - Processing /home/airflow/.local/lib/python3.8/site-packages/airflow/example_dags/example_external_task_marker_dag.py took 0.048 seconds
[2023-08-24T04:09:32.548+0000] {processor.py:157} INFO - Started process (PID=1254) to work on /home/airflow/.local/lib/python3.8/site-packages/airflow/example_dags/example_external_task_marker_dag.py
[2023-08-24T04:09:32.549+0000] {processor.py:829} INFO - Processing file /home/airflow/.local/lib/python3.8/site-packages/airflow/example_dags/example_external_task_marker_dag.py for tasks to queue
[2023-08-24T04:09:32.552+0000] {logging_mixin.py:151} INFO - [2023-08-24T04:09:32.551+0000] {dagbag.py:539} INFO - Filling up the DagBag from /home/airflow/.local/lib/python3.8/site-packages/airflow/example_dags/example_external_task_marker_dag.py
[2023-08-24T04:09:32.556+0000] {processor.py:839} INFO - DAG(s) dict_keys(['example_external_task_marker_parent', 'example_external_task_marker_child']) retrieved from /home/airflow/.local/lib/python3.8/site-packages/airflow/example_dags/example_external_task_marker_dag.py
[2023-08-24T04:09:32.575+0000] {logging_mixin.py:151} INFO - [2023-08-24T04:09:32.575+0000] {dag.py:2907} INFO - Sync 2 DAGs
[2023-08-24T04:09:32.583+0000] {logging_mixin.py:151} INFO - [2023-08-24T04:09:32.583+0000] {dag.py:3677} INFO - Setting next_dagrun for example_external_task_marker_child to None, run_after=None
[2023-08-24T04:09:32.585+0000] {logging_mixin.py:151} INFO - [2023-08-24T04:09:32.585+0000] {dag.py:3677} INFO - Setting next_dagrun for example_external_task_marker_parent to None, run_after=None
[2023-08-24T04:09:32.595+0000] {processor.py:179} INFO - Processing /home/airflow/.local/lib/python3.8/site-packages/airflow/example_dags/example_external_task_marker_dag.py took 0.050 seconds
[2023-08-24T04:10:03.275+0000] {processor.py:157} INFO - Started process (PID=1317) to work on /home/airflow/.local/lib/python3.8/site-packages/airflow/example_dags/example_external_task_marker_dag.py
[2023-08-24T04:10:03.276+0000] {processor.py:829} INFO - Processing file /home/airflow/.local/lib/python3.8/site-packages/airflow/example_dags/example_external_task_marker_dag.py for tasks to queue
[2023-08-24T04:10:03.278+0000] {logging_mixin.py:151} INFO - [2023-08-24T04:10:03.278+0000] {dagbag.py:539} INFO - Filling up the DagBag from /home/airflow/.local/lib/python3.8/site-packages/airflow/example_dags/example_external_task_marker_dag.py
[2023-08-24T04:10:03.283+0000] {processor.py:839} INFO - DAG(s) dict_keys(['example_external_task_marker_child', 'example_external_task_marker_parent']) retrieved from /home/airflow/.local/lib/python3.8/site-packages/airflow/example_dags/example_external_task_marker_dag.py
[2023-08-24T04:10:03.301+0000] {logging_mixin.py:151} INFO - [2023-08-24T04:10:03.300+0000] {dag.py:2907} INFO - Sync 2 DAGs
[2023-08-24T04:10:03.308+0000] {logging_mixin.py:151} INFO - [2023-08-24T04:10:03.308+0000] {dag.py:3677} INFO - Setting next_dagrun for example_external_task_marker_child to None, run_after=None
[2023-08-24T04:10:03.310+0000] {logging_mixin.py:151} INFO - [2023-08-24T04:10:03.310+0000] {dag.py:3677} INFO - Setting next_dagrun for example_external_task_marker_parent to None, run_after=None
[2023-08-24T04:10:03.320+0000] {processor.py:179} INFO - Processing /home/airflow/.local/lib/python3.8/site-packages/airflow/example_dags/example_external_task_marker_dag.py took 0.047 seconds
[2023-08-24T04:10:34.012+0000] {processor.py:157} INFO - Started process (PID=1380) to work on /home/airflow/.local/lib/python3.8/site-packages/airflow/example_dags/example_external_task_marker_dag.py
[2023-08-24T04:10:34.013+0000] {processor.py:829} INFO - Processing file /home/airflow/.local/lib/python3.8/site-packages/airflow/example_dags/example_external_task_marker_dag.py for tasks to queue
[2023-08-24T04:10:34.015+0000] {logging_mixin.py:151} INFO - [2023-08-24T04:10:34.015+0000] {dagbag.py:539} INFO - Filling up the DagBag from /home/airflow/.local/lib/python3.8/site-packages/airflow/example_dags/example_external_task_marker_dag.py
[2023-08-24T04:10:34.021+0000] {processor.py:839} INFO - DAG(s) dict_keys(['example_external_task_marker_parent', 'example_external_task_marker_child']) retrieved from /home/airflow/.local/lib/python3.8/site-packages/airflow/example_dags/example_external_task_marker_dag.py
[2023-08-24T04:10:34.042+0000] {logging_mixin.py:151} INFO - [2023-08-24T04:10:34.042+0000] {dag.py:2907} INFO - Sync 2 DAGs
[2023-08-24T04:10:34.052+0000] {logging_mixin.py:151} INFO - [2023-08-24T04:10:34.052+0000] {dag.py:3677} INFO - Setting next_dagrun for example_external_task_marker_child to None, run_after=None
[2023-08-24T04:10:34.056+0000] {logging_mixin.py:151} INFO - [2023-08-24T04:10:34.056+0000] {dag.py:3677} INFO - Setting next_dagrun for example_external_task_marker_parent to None, run_after=None
[2023-08-24T04:10:34.068+0000] {processor.py:179} INFO - Processing /home/airflow/.local/lib/python3.8/site-packages/airflow/example_dags/example_external_task_marker_dag.py took 0.059 seconds
[2023-08-24T04:11:04.693+0000] {processor.py:157} INFO - Started process (PID=1443) to work on /home/airflow/.local/lib/python3.8/site-packages/airflow/example_dags/example_external_task_marker_dag.py
[2023-08-24T04:11:04.694+0000] {processor.py:829} INFO - Processing file /home/airflow/.local/lib/python3.8/site-packages/airflow/example_dags/example_external_task_marker_dag.py for tasks to queue
[2023-08-24T04:11:04.696+0000] {logging_mixin.py:151} INFO - [2023-08-24T04:11:04.696+0000] {dagbag.py:539} INFO - Filling up the DagBag from /home/airflow/.local/lib/python3.8/site-packages/airflow/example_dags/example_external_task_marker_dag.py
[2023-08-24T04:11:04.701+0000] {processor.py:839} INFO - DAG(s) dict_keys(['example_external_task_marker_parent', 'example_external_task_marker_child']) retrieved from /home/airflow/.local/lib/python3.8/site-packages/airflow/example_dags/example_external_task_marker_dag.py
[2023-08-24T04:11:04.721+0000] {logging_mixin.py:151} INFO - [2023-08-24T04:11:04.721+0000] {dag.py:2907} INFO - Sync 2 DAGs
[2023-08-24T04:11:04.729+0000] {logging_mixin.py:151} INFO - [2023-08-24T04:11:04.729+0000] {dag.py:3677} INFO - Setting next_dagrun for example_external_task_marker_child to None, run_after=None
[2023-08-24T04:11:04.732+0000] {logging_mixin.py:151} INFO - [2023-08-24T04:11:04.732+0000] {dag.py:3677} INFO - Setting next_dagrun for example_external_task_marker_parent to None, run_after=None
[2023-08-24T04:11:04.741+0000] {processor.py:179} INFO - Processing /home/airflow/.local/lib/python3.8/site-packages/airflow/example_dags/example_external_task_marker_dag.py took 0.051 seconds
[2023-08-24T04:11:35.563+0000] {processor.py:157} INFO - Started process (PID=1506) to work on /home/airflow/.local/lib/python3.8/site-packages/airflow/example_dags/example_external_task_marker_dag.py
[2023-08-24T04:11:35.564+0000] {processor.py:829} INFO - Processing file /home/airflow/.local/lib/python3.8/site-packages/airflow/example_dags/example_external_task_marker_dag.py for tasks to queue
[2023-08-24T04:11:35.566+0000] {logging_mixin.py:151} INFO - [2023-08-24T04:11:35.565+0000] {dagbag.py:539} INFO - Filling up the DagBag from /home/airflow/.local/lib/python3.8/site-packages/airflow/example_dags/example_external_task_marker_dag.py
[2023-08-24T04:11:35.570+0000] {processor.py:839} INFO - DAG(s) dict_keys(['example_external_task_marker_child', 'example_external_task_marker_parent']) retrieved from /home/airflow/.local/lib/python3.8/site-packages/airflow/example_dags/example_external_task_marker_dag.py
[2023-08-24T04:11:35.589+0000] {logging_mixin.py:151} INFO - [2023-08-24T04:11:35.589+0000] {dag.py:2907} INFO - Sync 2 DAGs
[2023-08-24T04:11:35.597+0000] {logging_mixin.py:151} INFO - [2023-08-24T04:11:35.597+0000] {dag.py:3677} INFO - Setting next_dagrun for example_external_task_marker_child to None, run_after=None
[2023-08-24T04:11:35.599+0000] {logging_mixin.py:151} INFO - [2023-08-24T04:11:35.599+0000] {dag.py:3677} INFO - Setting next_dagrun for example_external_task_marker_parent to None, run_after=None
[2023-08-24T04:11:35.611+0000] {processor.py:179} INFO - Processing /home/airflow/.local/lib/python3.8/site-packages/airflow/example_dags/example_external_task_marker_dag.py took 0.052 seconds
[2023-08-24T04:12:06.244+0000] {processor.py:157} INFO - Started process (PID=1569) to work on /home/airflow/.local/lib/python3.8/site-packages/airflow/example_dags/example_external_task_marker_dag.py
[2023-08-24T04:12:06.245+0000] {processor.py:829} INFO - Processing file /home/airflow/.local/lib/python3.8/site-packages/airflow/example_dags/example_external_task_marker_dag.py for tasks to queue
[2023-08-24T04:12:06.247+0000] {logging_mixin.py:151} INFO - [2023-08-24T04:12:06.246+0000] {dagbag.py:539} INFO - Filling up the DagBag from /home/airflow/.local/lib/python3.8/site-packages/airflow/example_dags/example_external_task_marker_dag.py
[2023-08-24T04:12:06.251+0000] {processor.py:839} INFO - DAG(s) dict_keys(['example_external_task_marker_child', 'example_external_task_marker_parent']) retrieved from /home/airflow/.local/lib/python3.8/site-packages/airflow/example_dags/example_external_task_marker_dag.py
[2023-08-24T04:12:06.268+0000] {logging_mixin.py:151} INFO - [2023-08-24T04:12:06.268+0000] {dag.py:2907} INFO - Sync 2 DAGs
[2023-08-24T04:12:06.276+0000] {logging_mixin.py:151} INFO - [2023-08-24T04:12:06.276+0000] {dag.py:3677} INFO - Setting next_dagrun for example_external_task_marker_child to None, run_after=None
[2023-08-24T04:12:06.278+0000] {logging_mixin.py:151} INFO - [2023-08-24T04:12:06.278+0000] {dag.py:3677} INFO - Setting next_dagrun for example_external_task_marker_parent to None, run_after=None
[2023-08-24T04:12:06.287+0000] {processor.py:179} INFO - Processing /home/airflow/.local/lib/python3.8/site-packages/airflow/example_dags/example_external_task_marker_dag.py took 0.046 seconds
[2023-08-24T04:12:36.901+0000] {processor.py:157} INFO - Started process (PID=1632) to work on /home/airflow/.local/lib/python3.8/site-packages/airflow/example_dags/example_external_task_marker_dag.py
[2023-08-24T04:12:36.902+0000] {processor.py:829} INFO - Processing file /home/airflow/.local/lib/python3.8/site-packages/airflow/example_dags/example_external_task_marker_dag.py for tasks to queue
[2023-08-24T04:12:36.904+0000] {logging_mixin.py:151} INFO - [2023-08-24T04:12:36.904+0000] {dagbag.py:539} INFO - Filling up the DagBag from /home/airflow/.local/lib/python3.8/site-packages/airflow/example_dags/example_external_task_marker_dag.py
[2023-08-24T04:12:36.908+0000] {processor.py:839} INFO - DAG(s) dict_keys(['example_external_task_marker_parent', 'example_external_task_marker_child']) retrieved from /home/airflow/.local/lib/python3.8/site-packages/airflow/example_dags/example_external_task_marker_dag.py
[2023-08-24T04:12:36.927+0000] {logging_mixin.py:151} INFO - [2023-08-24T04:12:36.926+0000] {dag.py:2907} INFO - Sync 2 DAGs
[2023-08-24T04:12:36.934+0000] {logging_mixin.py:151} INFO - [2023-08-24T04:12:36.934+0000] {dag.py:3677} INFO - Setting next_dagrun for example_external_task_marker_child to None, run_after=None
[2023-08-24T04:12:36.937+0000] {logging_mixin.py:151} INFO - [2023-08-24T04:12:36.937+0000] {dag.py:3677} INFO - Setting next_dagrun for example_external_task_marker_parent to None, run_after=None
[2023-08-24T04:12:36.947+0000] {processor.py:179} INFO - Processing /home/airflow/.local/lib/python3.8/site-packages/airflow/example_dags/example_external_task_marker_dag.py took 0.049 seconds
[2023-08-24T04:13:07.700+0000] {processor.py:157} INFO - Started process (PID=1695) to work on /home/airflow/.local/lib/python3.8/site-packages/airflow/example_dags/example_external_task_marker_dag.py
[2023-08-24T04:13:07.701+0000] {processor.py:829} INFO - Processing file /home/airflow/.local/lib/python3.8/site-packages/airflow/example_dags/example_external_task_marker_dag.py for tasks to queue
[2023-08-24T04:13:07.703+0000] {logging_mixin.py:151} INFO - [2023-08-24T04:13:07.703+0000] {dagbag.py:539} INFO - Filling up the DagBag from /home/airflow/.local/lib/python3.8/site-packages/airflow/example_dags/example_external_task_marker_dag.py
[2023-08-24T04:13:07.708+0000] {processor.py:839} INFO - DAG(s) dict_keys(['example_external_task_marker_parent', 'example_external_task_marker_child']) retrieved from /home/airflow/.local/lib/python3.8/site-packages/airflow/example_dags/example_external_task_marker_dag.py
[2023-08-24T04:13:07.727+0000] {logging_mixin.py:151} INFO - [2023-08-24T04:13:07.727+0000] {dag.py:2907} INFO - Sync 2 DAGs
[2023-08-24T04:13:07.734+0000] {logging_mixin.py:151} INFO - [2023-08-24T04:13:07.734+0000] {dag.py:3677} INFO - Setting next_dagrun for example_external_task_marker_child to None, run_after=None
[2023-08-24T04:13:07.738+0000] {logging_mixin.py:151} INFO - [2023-08-24T04:13:07.738+0000] {dag.py:3677} INFO - Setting next_dagrun for example_external_task_marker_parent to None, run_after=None
[2023-08-24T04:13:07.747+0000] {processor.py:179} INFO - Processing /home/airflow/.local/lib/python3.8/site-packages/airflow/example_dags/example_external_task_marker_dag.py took 0.050 seconds
[2023-08-24T04:13:38.375+0000] {processor.py:157} INFO - Started process (PID=1758) to work on /home/airflow/.local/lib/python3.8/site-packages/airflow/example_dags/example_external_task_marker_dag.py
[2023-08-24T04:13:38.376+0000] {processor.py:829} INFO - Processing file /home/airflow/.local/lib/python3.8/site-packages/airflow/example_dags/example_external_task_marker_dag.py for tasks to queue
[2023-08-24T04:13:38.379+0000] {logging_mixin.py:151} INFO - [2023-08-24T04:13:38.378+0000] {dagbag.py:539} INFO - Filling up the DagBag from /home/airflow/.local/lib/python3.8/site-packages/airflow/example_dags/example_external_task_marker_dag.py
[2023-08-24T04:13:38.383+0000] {processor.py:839} INFO - DAG(s) dict_keys(['example_external_task_marker_child', 'example_external_task_marker_parent']) retrieved from /home/airflow/.local/lib/python3.8/site-packages/airflow/example_dags/example_external_task_marker_dag.py
[2023-08-24T04:13:38.405+0000] {logging_mixin.py:151} INFO - [2023-08-24T04:13:38.405+0000] {dag.py:2907} INFO - Sync 2 DAGs
[2023-08-24T04:13:38.413+0000] {logging_mixin.py:151} INFO - [2023-08-24T04:13:38.413+0000] {dag.py:3677} INFO - Setting next_dagrun for example_external_task_marker_child to None, run_after=None
[2023-08-24T04:13:38.416+0000] {logging_mixin.py:151} INFO - [2023-08-24T04:13:38.415+0000] {dag.py:3677} INFO - Setting next_dagrun for example_external_task_marker_parent to None, run_after=None
[2023-08-24T04:13:38.427+0000] {processor.py:179} INFO - Processing /home/airflow/.local/lib/python3.8/site-packages/airflow/example_dags/example_external_task_marker_dag.py took 0.055 seconds
[2023-08-24T04:14:09.273+0000] {processor.py:157} INFO - Started process (PID=1821) to work on /home/airflow/.local/lib/python3.8/site-packages/airflow/example_dags/example_external_task_marker_dag.py
[2023-08-24T04:14:09.274+0000] {processor.py:829} INFO - Processing file /home/airflow/.local/lib/python3.8/site-packages/airflow/example_dags/example_external_task_marker_dag.py for tasks to queue
[2023-08-24T04:14:09.277+0000] {logging_mixin.py:151} INFO - [2023-08-24T04:14:09.276+0000] {dagbag.py:539} INFO - Filling up the DagBag from /home/airflow/.local/lib/python3.8/site-packages/airflow/example_dags/example_external_task_marker_dag.py
[2023-08-24T04:14:09.283+0000] {processor.py:839} INFO - DAG(s) dict_keys(['example_external_task_marker_child', 'example_external_task_marker_parent']) retrieved from /home/airflow/.local/lib/python3.8/site-packages/airflow/example_dags/example_external_task_marker_dag.py
[2023-08-24T04:14:09.304+0000] {logging_mixin.py:151} INFO - [2023-08-24T04:14:09.304+0000] {dag.py:2907} INFO - Sync 2 DAGs
[2023-08-24T04:14:09.313+0000] {logging_mixin.py:151} INFO - [2023-08-24T04:14:09.313+0000] {dag.py:3677} INFO - Setting next_dagrun for example_external_task_marker_child to None, run_after=None
[2023-08-24T04:14:09.316+0000] {logging_mixin.py:151} INFO - [2023-08-24T04:14:09.316+0000] {dag.py:3677} INFO - Setting next_dagrun for example_external_task_marker_parent to None, run_after=None
[2023-08-24T04:14:09.329+0000] {processor.py:179} INFO - Processing /home/airflow/.local/lib/python3.8/site-packages/airflow/example_dags/example_external_task_marker_dag.py took 0.059 seconds
[2023-08-24T04:14:40.370+0000] {processor.py:157} INFO - Started process (PID=1884) to work on /home/airflow/.local/lib/python3.8/site-packages/airflow/example_dags/example_external_task_marker_dag.py
[2023-08-24T04:14:40.371+0000] {processor.py:829} INFO - Processing file /home/airflow/.local/lib/python3.8/site-packages/airflow/example_dags/example_external_task_marker_dag.py for tasks to queue
[2023-08-24T04:14:40.374+0000] {logging_mixin.py:151} INFO - [2023-08-24T04:14:40.374+0000] {dagbag.py:539} INFO - Filling up the DagBag from /home/airflow/.local/lib/python3.8/site-packages/airflow/example_dags/example_external_task_marker_dag.py
[2023-08-24T04:14:40.379+0000] {processor.py:839} INFO - DAG(s) dict_keys(['example_external_task_marker_child', 'example_external_task_marker_parent']) retrieved from /home/airflow/.local/lib/python3.8/site-packages/airflow/example_dags/example_external_task_marker_dag.py
[2023-08-24T04:14:40.397+0000] {logging_mixin.py:151} INFO - [2023-08-24T04:14:40.397+0000] {dag.py:2907} INFO - Sync 2 DAGs
[2023-08-24T04:14:40.406+0000] {logging_mixin.py:151} INFO - [2023-08-24T04:14:40.406+0000] {dag.py:3677} INFO - Setting next_dagrun for example_external_task_marker_child to None, run_after=None
[2023-08-24T04:14:40.408+0000] {logging_mixin.py:151} INFO - [2023-08-24T04:14:40.408+0000] {dag.py:3677} INFO - Setting next_dagrun for example_external_task_marker_parent to None, run_after=None
[2023-08-24T04:14:40.419+0000] {processor.py:179} INFO - Processing /home/airflow/.local/lib/python3.8/site-packages/airflow/example_dags/example_external_task_marker_dag.py took 0.051 seconds
[2023-08-24T04:15:11.207+0000] {processor.py:157} INFO - Started process (PID=1947) to work on /home/airflow/.local/lib/python3.8/site-packages/airflow/example_dags/example_external_task_marker_dag.py
[2023-08-24T04:15:11.208+0000] {processor.py:829} INFO - Processing file /home/airflow/.local/lib/python3.8/site-packages/airflow/example_dags/example_external_task_marker_dag.py for tasks to queue
[2023-08-24T04:15:11.210+0000] {logging_mixin.py:151} INFO - [2023-08-24T04:15:11.210+0000] {dagbag.py:539} INFO - Filling up the DagBag from /home/airflow/.local/lib/python3.8/site-packages/airflow/example_dags/example_external_task_marker_dag.py
[2023-08-24T04:15:11.217+0000] {processor.py:839} INFO - DAG(s) dict_keys(['example_external_task_marker_parent', 'example_external_task_marker_child']) retrieved from /home/airflow/.local/lib/python3.8/site-packages/airflow/example_dags/example_external_task_marker_dag.py
[2023-08-24T04:15:11.235+0000] {logging_mixin.py:151} INFO - [2023-08-24T04:15:11.235+0000] {dag.py:2907} INFO - Sync 2 DAGs
[2023-08-24T04:15:11.242+0000] {logging_mixin.py:151} INFO - [2023-08-24T04:15:11.242+0000] {dag.py:3677} INFO - Setting next_dagrun for example_external_task_marker_child to None, run_after=None
[2023-08-24T04:15:11.245+0000] {logging_mixin.py:151} INFO - [2023-08-24T04:15:11.245+0000] {dag.py:3677} INFO - Setting next_dagrun for example_external_task_marker_parent to None, run_after=None
[2023-08-24T04:15:11.254+0000] {processor.py:179} INFO - Processing /home/airflow/.local/lib/python3.8/site-packages/airflow/example_dags/example_external_task_marker_dag.py took 0.050 seconds
[2023-08-24T04:15:42.086+0000] {processor.py:157} INFO - Started process (PID=2009) to work on /home/airflow/.local/lib/python3.8/site-packages/airflow/example_dags/example_external_task_marker_dag.py
[2023-08-24T04:15:42.087+0000] {processor.py:829} INFO - Processing file /home/airflow/.local/lib/python3.8/site-packages/airflow/example_dags/example_external_task_marker_dag.py for tasks to queue
[2023-08-24T04:15:42.090+0000] {logging_mixin.py:151} INFO - [2023-08-24T04:15:42.089+0000] {dagbag.py:539} INFO - Filling up the DagBag from /home/airflow/.local/lib/python3.8/site-packages/airflow/example_dags/example_external_task_marker_dag.py
[2023-08-24T04:15:42.094+0000] {processor.py:839} INFO - DAG(s) dict_keys(['example_external_task_marker_parent', 'example_external_task_marker_child']) retrieved from /home/airflow/.local/lib/python3.8/site-packages/airflow/example_dags/example_external_task_marker_dag.py
[2023-08-24T04:15:42.113+0000] {logging_mixin.py:151} INFO - [2023-08-24T04:15:42.113+0000] {dag.py:2907} INFO - Sync 2 DAGs
[2023-08-24T04:15:42.121+0000] {logging_mixin.py:151} INFO - [2023-08-24T04:15:42.121+0000] {dag.py:3677} INFO - Setting next_dagrun for example_external_task_marker_child to None, run_after=None
[2023-08-24T04:15:42.124+0000] {logging_mixin.py:151} INFO - [2023-08-24T04:15:42.124+0000] {dag.py:3677} INFO - Setting next_dagrun for example_external_task_marker_parent to None, run_after=None
[2023-08-24T04:15:42.134+0000] {processor.py:179} INFO - Processing /home/airflow/.local/lib/python3.8/site-packages/airflow/example_dags/example_external_task_marker_dag.py took 0.052 seconds
[2023-08-24T04:16:12.839+0000] {processor.py:157} INFO - Started process (PID=2079) to work on /home/airflow/.local/lib/python3.8/site-packages/airflow/example_dags/example_external_task_marker_dag.py
[2023-08-24T04:16:12.840+0000] {processor.py:829} INFO - Processing file /home/airflow/.local/lib/python3.8/site-packages/airflow/example_dags/example_external_task_marker_dag.py for tasks to queue
[2023-08-24T04:16:12.842+0000] {logging_mixin.py:151} INFO - [2023-08-24T04:16:12.842+0000] {dagbag.py:539} INFO - Filling up the DagBag from /home/airflow/.local/lib/python3.8/site-packages/airflow/example_dags/example_external_task_marker_dag.py
[2023-08-24T04:16:12.847+0000] {processor.py:839} INFO - DAG(s) dict_keys(['example_external_task_marker_parent', 'example_external_task_marker_child']) retrieved from /home/airflow/.local/lib/python3.8/site-packages/airflow/example_dags/example_external_task_marker_dag.py
[2023-08-24T04:16:12.868+0000] {logging_mixin.py:151} INFO - [2023-08-24T04:16:12.867+0000] {dag.py:2907} INFO - Sync 2 DAGs
[2023-08-24T04:16:12.876+0000] {logging_mixin.py:151} INFO - [2023-08-24T04:16:12.876+0000] {dag.py:3677} INFO - Setting next_dagrun for example_external_task_marker_child to None, run_after=None
[2023-08-24T04:16:12.878+0000] {logging_mixin.py:151} INFO - [2023-08-24T04:16:12.878+0000] {dag.py:3677} INFO - Setting next_dagrun for example_external_task_marker_parent to None, run_after=None
[2023-08-24T04:16:12.890+0000] {processor.py:179} INFO - Processing /home/airflow/.local/lib/python3.8/site-packages/airflow/example_dags/example_external_task_marker_dag.py took 0.054 seconds
[2023-08-24T04:16:43.620+0000] {processor.py:157} INFO - Started process (PID=2142) to work on /home/airflow/.local/lib/python3.8/site-packages/airflow/example_dags/example_external_task_marker_dag.py
[2023-08-24T04:16:43.621+0000] {processor.py:829} INFO - Processing file /home/airflow/.local/lib/python3.8/site-packages/airflow/example_dags/example_external_task_marker_dag.py for tasks to queue
[2023-08-24T04:16:43.623+0000] {logging_mixin.py:151} INFO - [2023-08-24T04:16:43.622+0000] {dagbag.py:539} INFO - Filling up the DagBag from /home/airflow/.local/lib/python3.8/site-packages/airflow/example_dags/example_external_task_marker_dag.py
[2023-08-24T04:16:43.630+0000] {processor.py:839} INFO - DAG(s) dict_keys(['example_external_task_marker_child', 'example_external_task_marker_parent']) retrieved from /home/airflow/.local/lib/python3.8/site-packages/airflow/example_dags/example_external_task_marker_dag.py
[2023-08-24T04:16:43.648+0000] {logging_mixin.py:151} INFO - [2023-08-24T04:16:43.648+0000] {dag.py:2907} INFO - Sync 2 DAGs
[2023-08-24T04:16:43.656+0000] {logging_mixin.py:151} INFO - [2023-08-24T04:16:43.656+0000] {dag.py:3677} INFO - Setting next_dagrun for example_external_task_marker_child to None, run_after=None
[2023-08-24T04:16:43.659+0000] {logging_mixin.py:151} INFO - [2023-08-24T04:16:43.659+0000] {dag.py:3677} INFO - Setting next_dagrun for example_external_task_marker_parent to None, run_after=None
[2023-08-24T04:16:43.669+0000] {processor.py:179} INFO - Processing /home/airflow/.local/lib/python3.8/site-packages/airflow/example_dags/example_external_task_marker_dag.py took 0.052 seconds
[2023-08-24T04:17:14.542+0000] {processor.py:157} INFO - Started process (PID=2205) to work on /home/airflow/.local/lib/python3.8/site-packages/airflow/example_dags/example_external_task_marker_dag.py
[2023-08-24T04:17:14.544+0000] {processor.py:829} INFO - Processing file /home/airflow/.local/lib/python3.8/site-packages/airflow/example_dags/example_external_task_marker_dag.py for tasks to queue
[2023-08-24T04:17:14.546+0000] {logging_mixin.py:151} INFO - [2023-08-24T04:17:14.546+0000] {dagbag.py:539} INFO - Filling up the DagBag from /home/airflow/.local/lib/python3.8/site-packages/airflow/example_dags/example_external_task_marker_dag.py
[2023-08-24T04:17:14.551+0000] {processor.py:839} INFO - DAG(s) dict_keys(['example_external_task_marker_child', 'example_external_task_marker_parent']) retrieved from /home/airflow/.local/lib/python3.8/site-packages/airflow/example_dags/example_external_task_marker_dag.py
[2023-08-24T04:17:14.572+0000] {logging_mixin.py:151} INFO - [2023-08-24T04:17:14.572+0000] {dag.py:2907} INFO - Sync 2 DAGs
[2023-08-24T04:17:14.581+0000] {logging_mixin.py:151} INFO - [2023-08-24T04:17:14.580+0000] {dag.py:3677} INFO - Setting next_dagrun for example_external_task_marker_child to None, run_after=None
[2023-08-24T04:17:14.583+0000] {logging_mixin.py:151} INFO - [2023-08-24T04:17:14.583+0000] {dag.py:3677} INFO - Setting next_dagrun for example_external_task_marker_parent to None, run_after=None
[2023-08-24T04:17:14.595+0000] {processor.py:179} INFO - Processing /home/airflow/.local/lib/python3.8/site-packages/airflow/example_dags/example_external_task_marker_dag.py took 0.056 seconds
[2023-08-24T04:17:44.753+0000] {processor.py:157} INFO - Started process (PID=2272) to work on /home/airflow/.local/lib/python3.8/site-packages/airflow/example_dags/example_external_task_marker_dag.py
[2023-08-24T04:17:44.754+0000] {processor.py:829} INFO - Processing file /home/airflow/.local/lib/python3.8/site-packages/airflow/example_dags/example_external_task_marker_dag.py for tasks to queue
[2023-08-24T04:17:44.756+0000] {logging_mixin.py:151} INFO - [2023-08-24T04:17:44.756+0000] {dagbag.py:539} INFO - Filling up the DagBag from /home/airflow/.local/lib/python3.8/site-packages/airflow/example_dags/example_external_task_marker_dag.py
[2023-08-24T04:17:44.761+0000] {processor.py:839} INFO - DAG(s) dict_keys(['example_external_task_marker_parent', 'example_external_task_marker_child']) retrieved from /home/airflow/.local/lib/python3.8/site-packages/airflow/example_dags/example_external_task_marker_dag.py
[2023-08-24T04:17:44.781+0000] {logging_mixin.py:151} INFO - [2023-08-24T04:17:44.781+0000] {dag.py:2907} INFO - Sync 2 DAGs
[2023-08-24T04:17:44.789+0000] {logging_mixin.py:151} INFO - [2023-08-24T04:17:44.788+0000] {dag.py:3677} INFO - Setting next_dagrun for example_external_task_marker_child to None, run_after=None
[2023-08-24T04:17:44.791+0000] {logging_mixin.py:151} INFO - [2023-08-24T04:17:44.791+0000] {dag.py:3677} INFO - Setting next_dagrun for example_external_task_marker_parent to None, run_after=None
[2023-08-24T04:17:44.800+0000] {processor.py:179} INFO - Processing /home/airflow/.local/lib/python3.8/site-packages/airflow/example_dags/example_external_task_marker_dag.py took 0.050 seconds
[2023-08-24T04:18:15.505+0000] {processor.py:157} INFO - Started process (PID=2334) to work on /home/airflow/.local/lib/python3.8/site-packages/airflow/example_dags/example_external_task_marker_dag.py
[2023-08-24T04:18:15.506+0000] {processor.py:829} INFO - Processing file /home/airflow/.local/lib/python3.8/site-packages/airflow/example_dags/example_external_task_marker_dag.py for tasks to queue
[2023-08-24T04:18:15.508+0000] {logging_mixin.py:151} INFO - [2023-08-24T04:18:15.508+0000] {dagbag.py:539} INFO - Filling up the DagBag from /home/airflow/.local/lib/python3.8/site-packages/airflow/example_dags/example_external_task_marker_dag.py
[2023-08-24T04:18:15.514+0000] {processor.py:839} INFO - DAG(s) dict_keys(['example_external_task_marker_parent', 'example_external_task_marker_child']) retrieved from /home/airflow/.local/lib/python3.8/site-packages/airflow/example_dags/example_external_task_marker_dag.py
[2023-08-24T04:18:15.533+0000] {logging_mixin.py:151} INFO - [2023-08-24T04:18:15.533+0000] {dag.py:2907} INFO - Sync 2 DAGs
[2023-08-24T04:18:15.541+0000] {logging_mixin.py:151} INFO - [2023-08-24T04:18:15.540+0000] {dag.py:3677} INFO - Setting next_dagrun for example_external_task_marker_child to None, run_after=None
[2023-08-24T04:18:15.544+0000] {logging_mixin.py:151} INFO - [2023-08-24T04:18:15.544+0000] {dag.py:3677} INFO - Setting next_dagrun for example_external_task_marker_parent to None, run_after=None
[2023-08-24T04:18:15.553+0000] {processor.py:179} INFO - Processing /home/airflow/.local/lib/python3.8/site-packages/airflow/example_dags/example_external_task_marker_dag.py took 0.051 seconds
[2023-08-24T04:24:29.996+0000] {processor.py:157} INFO - Started process (PID=58) to work on /home/airflow/.local/lib/python3.8/site-packages/airflow/example_dags/example_external_task_marker_dag.py
[2023-08-24T04:24:29.998+0000] {processor.py:829} INFO - Processing file /home/airflow/.local/lib/python3.8/site-packages/airflow/example_dags/example_external_task_marker_dag.py for tasks to queue
[2023-08-24T04:24:30.001+0000] {logging_mixin.py:151} INFO - [2023-08-24T04:24:30.001+0000] {dagbag.py:539} INFO - Filling up the DagBag from /home/airflow/.local/lib/python3.8/site-packages/airflow/example_dags/example_external_task_marker_dag.py
[2023-08-24T04:24:30.006+0000] {processor.py:839} INFO - DAG(s) dict_keys(['example_external_task_marker_child', 'example_external_task_marker_parent']) retrieved from /home/airflow/.local/lib/python3.8/site-packages/airflow/example_dags/example_external_task_marker_dag.py
[2023-08-24T04:24:30.021+0000] {logging_mixin.py:151} INFO - [2023-08-24T04:24:30.021+0000] {dag.py:2907} INFO - Sync 2 DAGs
[2023-08-24T04:24:30.034+0000] {logging_mixin.py:151} INFO - [2023-08-24T04:24:30.034+0000] {dag.py:3677} INFO - Setting next_dagrun for example_external_task_marker_child to None, run_after=None
[2023-08-24T04:24:30.040+0000] {logging_mixin.py:151} INFO - [2023-08-24T04:24:30.040+0000] {dag.py:3677} INFO - Setting next_dagrun for example_external_task_marker_parent to None, run_after=None
[2023-08-24T04:24:30.054+0000] {processor.py:179} INFO - Processing /home/airflow/.local/lib/python3.8/site-packages/airflow/example_dags/example_external_task_marker_dag.py took 0.063 seconds
[2023-08-24T04:25:00.109+0000] {processor.py:157} INFO - Started process (PID=121) to work on /home/airflow/.local/lib/python3.8/site-packages/airflow/example_dags/example_external_task_marker_dag.py
[2023-08-24T04:25:00.111+0000] {processor.py:829} INFO - Processing file /home/airflow/.local/lib/python3.8/site-packages/airflow/example_dags/example_external_task_marker_dag.py for tasks to queue
[2023-08-24T04:25:00.113+0000] {logging_mixin.py:151} INFO - [2023-08-24T04:25:00.113+0000] {dagbag.py:539} INFO - Filling up the DagBag from /home/airflow/.local/lib/python3.8/site-packages/airflow/example_dags/example_external_task_marker_dag.py
[2023-08-24T04:25:00.118+0000] {processor.py:839} INFO - DAG(s) dict_keys(['example_external_task_marker_parent', 'example_external_task_marker_child']) retrieved from /home/airflow/.local/lib/python3.8/site-packages/airflow/example_dags/example_external_task_marker_dag.py
[2023-08-24T04:25:00.135+0000] {logging_mixin.py:151} INFO - [2023-08-24T04:25:00.135+0000] {dag.py:2907} INFO - Sync 2 DAGs
[2023-08-24T04:25:00.143+0000] {logging_mixin.py:151} INFO - [2023-08-24T04:25:00.143+0000] {dag.py:3677} INFO - Setting next_dagrun for example_external_task_marker_child to None, run_after=None
[2023-08-24T04:25:00.146+0000] {logging_mixin.py:151} INFO - [2023-08-24T04:25:00.146+0000] {dag.py:3677} INFO - Setting next_dagrun for example_external_task_marker_parent to None, run_after=None
[2023-08-24T04:25:00.155+0000] {processor.py:179} INFO - Processing /home/airflow/.local/lib/python3.8/site-packages/airflow/example_dags/example_external_task_marker_dag.py took 0.049 seconds
[2023-08-24T04:26:40.052+0000] {processor.py:157} INFO - Started process (PID=58) to work on /home/airflow/.local/lib/python3.8/site-packages/airflow/example_dags/example_external_task_marker_dag.py
[2023-08-24T04:26:40.053+0000] {processor.py:829} INFO - Processing file /home/airflow/.local/lib/python3.8/site-packages/airflow/example_dags/example_external_task_marker_dag.py for tasks to queue
[2023-08-24T04:26:40.056+0000] {logging_mixin.py:151} INFO - [2023-08-24T04:26:40.056+0000] {dagbag.py:539} INFO - Filling up the DagBag from /home/airflow/.local/lib/python3.8/site-packages/airflow/example_dags/example_external_task_marker_dag.py
[2023-08-24T04:26:40.061+0000] {processor.py:839} INFO - DAG(s) dict_keys(['example_external_task_marker_child', 'example_external_task_marker_parent']) retrieved from /home/airflow/.local/lib/python3.8/site-packages/airflow/example_dags/example_external_task_marker_dag.py
[2023-08-24T04:26:40.073+0000] {logging_mixin.py:151} INFO - [2023-08-24T04:26:40.073+0000] {dag.py:2907} INFO - Sync 2 DAGs
[2023-08-24T04:26:40.082+0000] {logging_mixin.py:151} INFO - [2023-08-24T04:26:40.082+0000] {dag.py:3677} INFO - Setting next_dagrun for example_external_task_marker_child to None, run_after=None
[2023-08-24T04:26:40.084+0000] {logging_mixin.py:151} INFO - [2023-08-24T04:26:40.084+0000] {dag.py:3677} INFO - Setting next_dagrun for example_external_task_marker_parent to None, run_after=None
[2023-08-24T04:26:40.095+0000] {processor.py:179} INFO - Processing /home/airflow/.local/lib/python3.8/site-packages/airflow/example_dags/example_external_task_marker_dag.py took 0.046 seconds
[2023-08-24T04:27:10.216+0000] {processor.py:157} INFO - Started process (PID=120) to work on /home/airflow/.local/lib/python3.8/site-packages/airflow/example_dags/example_external_task_marker_dag.py
[2023-08-24T04:27:10.218+0000] {processor.py:829} INFO - Processing file /home/airflow/.local/lib/python3.8/site-packages/airflow/example_dags/example_external_task_marker_dag.py for tasks to queue
[2023-08-24T04:27:10.220+0000] {logging_mixin.py:151} INFO - [2023-08-24T04:27:10.219+0000] {dagbag.py:539} INFO - Filling up the DagBag from /home/airflow/.local/lib/python3.8/site-packages/airflow/example_dags/example_external_task_marker_dag.py
[2023-08-24T04:27:10.224+0000] {processor.py:839} INFO - DAG(s) dict_keys(['example_external_task_marker_child', 'example_external_task_marker_parent']) retrieved from /home/airflow/.local/lib/python3.8/site-packages/airflow/example_dags/example_external_task_marker_dag.py
[2023-08-24T04:27:10.244+0000] {logging_mixin.py:151} INFO - [2023-08-24T04:27:10.243+0000] {dag.py:2907} INFO - Sync 2 DAGs
[2023-08-24T04:27:10.252+0000] {logging_mixin.py:151} INFO - [2023-08-24T04:27:10.251+0000] {dag.py:3677} INFO - Setting next_dagrun for example_external_task_marker_child to None, run_after=None
[2023-08-24T04:27:10.254+0000] {logging_mixin.py:151} INFO - [2023-08-24T04:27:10.254+0000] {dag.py:3677} INFO - Setting next_dagrun for example_external_task_marker_parent to None, run_after=None
[2023-08-24T04:27:10.263+0000] {processor.py:179} INFO - Processing /home/airflow/.local/lib/python3.8/site-packages/airflow/example_dags/example_external_task_marker_dag.py took 0.051 seconds
