[2023-08-24T03:04:54.806+0000] {processor.py:157} INFO - Started process (PID=72) to work on /home/airflow/.local/lib/python3.8/site-packages/airflow/example_dags/example_latest_only_with_trigger.py
[2023-08-24T03:04:54.807+0000] {processor.py:829} INFO - Processing file /home/airflow/.local/lib/python3.8/site-packages/airflow/example_dags/example_latest_only_with_trigger.py for tasks to queue
[2023-08-24T03:04:54.809+0000] {logging_mixin.py:151} INFO - [2023-08-24T03:04:54.809+0000] {dagbag.py:539} INFO - Filling up the DagBag from /home/airflow/.local/lib/python3.8/site-packages/airflow/example_dags/example_latest_only_with_trigger.py
[2023-08-24T03:04:54.814+0000] {processor.py:839} INFO - DAG(s) dict_keys(['latest_only_with_trigger']) retrieved from /home/airflow/.local/lib/python3.8/site-packages/airflow/example_dags/example_latest_only_with_trigger.py
[2023-08-24T03:04:54.827+0000] {logging_mixin.py:151} INFO - [2023-08-24T03:04:54.827+0000] {dag.py:2907} INFO - Sync 1 DAGs
[2023-08-24T03:04:54.843+0000] {logging_mixin.py:151} INFO - [2023-08-24T03:04:54.843+0000] {dag.py:3677} INFO - Setting next_dagrun for latest_only_with_trigger to 2023-08-23T23:04:54.842882+00:00, run_after=2023-08-24T03:04:54.842882+00:00
[2023-08-24T03:04:54.855+0000] {processor.py:179} INFO - Processing /home/airflow/.local/lib/python3.8/site-packages/airflow/example_dags/example_latest_only_with_trigger.py took 0.053 seconds
[2023-08-24T03:05:25.215+0000] {processor.py:157} INFO - Started process (PID=135) to work on /home/airflow/.local/lib/python3.8/site-packages/airflow/example_dags/example_latest_only_with_trigger.py
[2023-08-24T03:05:25.216+0000] {processor.py:829} INFO - Processing file /home/airflow/.local/lib/python3.8/site-packages/airflow/example_dags/example_latest_only_with_trigger.py for tasks to queue
[2023-08-24T03:05:25.218+0000] {logging_mixin.py:151} INFO - [2023-08-24T03:05:25.218+0000] {dagbag.py:539} INFO - Filling up the DagBag from /home/airflow/.local/lib/python3.8/site-packages/airflow/example_dags/example_latest_only_with_trigger.py
[2023-08-24T03:05:25.223+0000] {processor.py:839} INFO - DAG(s) dict_keys(['latest_only_with_trigger']) retrieved from /home/airflow/.local/lib/python3.8/site-packages/airflow/example_dags/example_latest_only_with_trigger.py
[2023-08-24T03:05:25.242+0000] {logging_mixin.py:151} INFO - [2023-08-24T03:05:25.241+0000] {dag.py:2907} INFO - Sync 1 DAGs
[2023-08-24T03:05:25.255+0000] {logging_mixin.py:151} INFO - [2023-08-24T03:05:25.255+0000] {dag.py:3677} INFO - Setting next_dagrun for latest_only_with_trigger to 2023-08-23T23:05:25.255058+00:00, run_after=2023-08-24T03:05:25.255058+00:00
[2023-08-24T03:05:25.265+0000] {processor.py:179} INFO - Processing /home/airflow/.local/lib/python3.8/site-packages/airflow/example_dags/example_latest_only_with_trigger.py took 0.053 seconds
[2023-08-24T03:05:56.134+0000] {processor.py:157} INFO - Started process (PID=198) to work on /home/airflow/.local/lib/python3.8/site-packages/airflow/example_dags/example_latest_only_with_trigger.py
[2023-08-24T03:05:56.135+0000] {processor.py:829} INFO - Processing file /home/airflow/.local/lib/python3.8/site-packages/airflow/example_dags/example_latest_only_with_trigger.py for tasks to queue
[2023-08-24T03:05:56.137+0000] {logging_mixin.py:151} INFO - [2023-08-24T03:05:56.137+0000] {dagbag.py:539} INFO - Filling up the DagBag from /home/airflow/.local/lib/python3.8/site-packages/airflow/example_dags/example_latest_only_with_trigger.py
[2023-08-24T03:05:56.142+0000] {processor.py:839} INFO - DAG(s) dict_keys(['latest_only_with_trigger']) retrieved from /home/airflow/.local/lib/python3.8/site-packages/airflow/example_dags/example_latest_only_with_trigger.py
[2023-08-24T03:05:56.160+0000] {logging_mixin.py:151} INFO - [2023-08-24T03:05:56.160+0000] {dag.py:2907} INFO - Sync 1 DAGs
[2023-08-24T03:05:56.174+0000] {logging_mixin.py:151} INFO - [2023-08-24T03:05:56.173+0000] {dag.py:3677} INFO - Setting next_dagrun for latest_only_with_trigger to 2023-08-23T23:05:56.173669+00:00, run_after=2023-08-24T03:05:56.173669+00:00
[2023-08-24T03:05:56.184+0000] {processor.py:179} INFO - Processing /home/airflow/.local/lib/python3.8/site-packages/airflow/example_dags/example_latest_only_with_trigger.py took 0.052 seconds
[2023-08-24T03:06:27.108+0000] {processor.py:157} INFO - Started process (PID=261) to work on /home/airflow/.local/lib/python3.8/site-packages/airflow/example_dags/example_latest_only_with_trigger.py
[2023-08-24T03:06:27.109+0000] {processor.py:829} INFO - Processing file /home/airflow/.local/lib/python3.8/site-packages/airflow/example_dags/example_latest_only_with_trigger.py for tasks to queue
[2023-08-24T03:06:27.111+0000] {logging_mixin.py:151} INFO - [2023-08-24T03:06:27.111+0000] {dagbag.py:539} INFO - Filling up the DagBag from /home/airflow/.local/lib/python3.8/site-packages/airflow/example_dags/example_latest_only_with_trigger.py
[2023-08-24T03:06:27.116+0000] {processor.py:839} INFO - DAG(s) dict_keys(['latest_only_with_trigger']) retrieved from /home/airflow/.local/lib/python3.8/site-packages/airflow/example_dags/example_latest_only_with_trigger.py
[2023-08-24T03:06:27.132+0000] {logging_mixin.py:151} INFO - [2023-08-24T03:06:27.132+0000] {dag.py:2907} INFO - Sync 1 DAGs
[2023-08-24T03:06:27.145+0000] {logging_mixin.py:151} INFO - [2023-08-24T03:06:27.145+0000] {dag.py:3677} INFO - Setting next_dagrun for latest_only_with_trigger to 2023-08-23T23:06:27.145012+00:00, run_after=2023-08-24T03:06:27.145012+00:00
[2023-08-24T03:06:27.157+0000] {processor.py:179} INFO - Processing /home/airflow/.local/lib/python3.8/site-packages/airflow/example_dags/example_latest_only_with_trigger.py took 0.052 seconds
[2023-08-24T03:06:57.981+0000] {processor.py:157} INFO - Started process (PID=324) to work on /home/airflow/.local/lib/python3.8/site-packages/airflow/example_dags/example_latest_only_with_trigger.py
[2023-08-24T03:06:57.982+0000] {processor.py:829} INFO - Processing file /home/airflow/.local/lib/python3.8/site-packages/airflow/example_dags/example_latest_only_with_trigger.py for tasks to queue
[2023-08-24T03:06:57.984+0000] {logging_mixin.py:151} INFO - [2023-08-24T03:06:57.984+0000] {dagbag.py:539} INFO - Filling up the DagBag from /home/airflow/.local/lib/python3.8/site-packages/airflow/example_dags/example_latest_only_with_trigger.py
[2023-08-24T03:06:57.989+0000] {processor.py:839} INFO - DAG(s) dict_keys(['latest_only_with_trigger']) retrieved from /home/airflow/.local/lib/python3.8/site-packages/airflow/example_dags/example_latest_only_with_trigger.py
[2023-08-24T03:06:58.008+0000] {logging_mixin.py:151} INFO - [2023-08-24T03:06:58.008+0000] {dag.py:2907} INFO - Sync 1 DAGs
[2023-08-24T03:06:58.023+0000] {logging_mixin.py:151} INFO - [2023-08-24T03:06:58.022+0000] {dag.py:3677} INFO - Setting next_dagrun for latest_only_with_trigger to 2023-08-23T23:06:58.022689+00:00, run_after=2023-08-24T03:06:58.022689+00:00
[2023-08-24T03:06:58.035+0000] {processor.py:179} INFO - Processing /home/airflow/.local/lib/python3.8/site-packages/airflow/example_dags/example_latest_only_with_trigger.py took 0.058 seconds
[2023-08-24T03:07:28.711+0000] {processor.py:157} INFO - Started process (PID=391) to work on /home/airflow/.local/lib/python3.8/site-packages/airflow/example_dags/example_latest_only_with_trigger.py
[2023-08-24T03:07:28.712+0000] {processor.py:829} INFO - Processing file /home/airflow/.local/lib/python3.8/site-packages/airflow/example_dags/example_latest_only_with_trigger.py for tasks to queue
[2023-08-24T03:07:28.715+0000] {logging_mixin.py:151} INFO - [2023-08-24T03:07:28.714+0000] {dagbag.py:539} INFO - Filling up the DagBag from /home/airflow/.local/lib/python3.8/site-packages/airflow/example_dags/example_latest_only_with_trigger.py
[2023-08-24T03:07:28.719+0000] {processor.py:839} INFO - DAG(s) dict_keys(['latest_only_with_trigger']) retrieved from /home/airflow/.local/lib/python3.8/site-packages/airflow/example_dags/example_latest_only_with_trigger.py
[2023-08-24T03:07:28.735+0000] {logging_mixin.py:151} INFO - [2023-08-24T03:07:28.735+0000] {dag.py:2907} INFO - Sync 1 DAGs
[2023-08-24T03:07:28.748+0000] {logging_mixin.py:151} INFO - [2023-08-24T03:07:28.748+0000] {dag.py:3677} INFO - Setting next_dagrun for latest_only_with_trigger to 2023-08-23T23:07:28.747813+00:00, run_after=2023-08-24T03:07:28.747813+00:00
[2023-08-24T03:07:28.758+0000] {processor.py:179} INFO - Processing /home/airflow/.local/lib/python3.8/site-packages/airflow/example_dags/example_latest_only_with_trigger.py took 0.049 seconds
[2023-08-24T03:07:59.402+0000] {processor.py:157} INFO - Started process (PID=454) to work on /home/airflow/.local/lib/python3.8/site-packages/airflow/example_dags/example_latest_only_with_trigger.py
[2023-08-24T03:07:59.403+0000] {processor.py:829} INFO - Processing file /home/airflow/.local/lib/python3.8/site-packages/airflow/example_dags/example_latest_only_with_trigger.py for tasks to queue
[2023-08-24T03:07:59.406+0000] {logging_mixin.py:151} INFO - [2023-08-24T03:07:59.405+0000] {dagbag.py:539} INFO - Filling up the DagBag from /home/airflow/.local/lib/python3.8/site-packages/airflow/example_dags/example_latest_only_with_trigger.py
[2023-08-24T03:07:59.411+0000] {processor.py:839} INFO - DAG(s) dict_keys(['latest_only_with_trigger']) retrieved from /home/airflow/.local/lib/python3.8/site-packages/airflow/example_dags/example_latest_only_with_trigger.py
[2023-08-24T03:07:59.428+0000] {logging_mixin.py:151} INFO - [2023-08-24T03:07:59.428+0000] {dag.py:2907} INFO - Sync 1 DAGs
[2023-08-24T03:07:59.442+0000] {logging_mixin.py:151} INFO - [2023-08-24T03:07:59.441+0000] {dag.py:3677} INFO - Setting next_dagrun for latest_only_with_trigger to 2023-08-23T23:07:59.441784+00:00, run_after=2023-08-24T03:07:59.441784+00:00
[2023-08-24T03:07:59.451+0000] {processor.py:179} INFO - Processing /home/airflow/.local/lib/python3.8/site-packages/airflow/example_dags/example_latest_only_with_trigger.py took 0.052 seconds
[2023-08-24T03:08:30.281+0000] {processor.py:157} INFO - Started process (PID=518) to work on /home/airflow/.local/lib/python3.8/site-packages/airflow/example_dags/example_latest_only_with_trigger.py
[2023-08-24T03:08:30.282+0000] {processor.py:829} INFO - Processing file /home/airflow/.local/lib/python3.8/site-packages/airflow/example_dags/example_latest_only_with_trigger.py for tasks to queue
[2023-08-24T03:08:30.284+0000] {logging_mixin.py:151} INFO - [2023-08-24T03:08:30.284+0000] {dagbag.py:539} INFO - Filling up the DagBag from /home/airflow/.local/lib/python3.8/site-packages/airflow/example_dags/example_latest_only_with_trigger.py
[2023-08-24T03:08:30.289+0000] {processor.py:839} INFO - DAG(s) dict_keys(['latest_only_with_trigger']) retrieved from /home/airflow/.local/lib/python3.8/site-packages/airflow/example_dags/example_latest_only_with_trigger.py
[2023-08-24T03:08:30.310+0000] {logging_mixin.py:151} INFO - [2023-08-24T03:08:30.310+0000] {dag.py:2907} INFO - Sync 1 DAGs
[2023-08-24T03:08:30.324+0000] {logging_mixin.py:151} INFO - [2023-08-24T03:08:30.324+0000] {dag.py:3677} INFO - Setting next_dagrun for latest_only_with_trigger to 2023-08-23T23:08:30.323866+00:00, run_after=2023-08-24T03:08:30.323866+00:00
[2023-08-24T03:08:30.335+0000] {processor.py:179} INFO - Processing /home/airflow/.local/lib/python3.8/site-packages/airflow/example_dags/example_latest_only_with_trigger.py took 0.058 seconds
[2023-08-24T03:09:01.102+0000] {processor.py:157} INFO - Started process (PID=581) to work on /home/airflow/.local/lib/python3.8/site-packages/airflow/example_dags/example_latest_only_with_trigger.py
[2023-08-24T03:09:01.104+0000] {processor.py:829} INFO - Processing file /home/airflow/.local/lib/python3.8/site-packages/airflow/example_dags/example_latest_only_with_trigger.py for tasks to queue
[2023-08-24T03:09:01.106+0000] {logging_mixin.py:151} INFO - [2023-08-24T03:09:01.106+0000] {dagbag.py:539} INFO - Filling up the DagBag from /home/airflow/.local/lib/python3.8/site-packages/airflow/example_dags/example_latest_only_with_trigger.py
[2023-08-24T03:09:01.110+0000] {processor.py:839} INFO - DAG(s) dict_keys(['latest_only_with_trigger']) retrieved from /home/airflow/.local/lib/python3.8/site-packages/airflow/example_dags/example_latest_only_with_trigger.py
[2023-08-24T03:09:01.127+0000] {logging_mixin.py:151} INFO - [2023-08-24T03:09:01.127+0000] {dag.py:2907} INFO - Sync 1 DAGs
[2023-08-24T03:09:01.141+0000] {logging_mixin.py:151} INFO - [2023-08-24T03:09:01.141+0000] {dag.py:3677} INFO - Setting next_dagrun for latest_only_with_trigger to 2023-08-23T23:09:01.141140+00:00, run_after=2023-08-24T03:09:01.141140+00:00
[2023-08-24T03:09:01.151+0000] {processor.py:179} INFO - Processing /home/airflow/.local/lib/python3.8/site-packages/airflow/example_dags/example_latest_only_with_trigger.py took 0.051 seconds
[2023-08-24T03:16:30.429+0000] {processor.py:157} INFO - Started process (PID=73) to work on /home/airflow/.local/lib/python3.8/site-packages/airflow/example_dags/example_latest_only_with_trigger.py
[2023-08-24T03:16:30.430+0000] {processor.py:829} INFO - Processing file /home/airflow/.local/lib/python3.8/site-packages/airflow/example_dags/example_latest_only_with_trigger.py for tasks to queue
[2023-08-24T03:16:30.433+0000] {logging_mixin.py:151} INFO - [2023-08-24T03:16:30.433+0000] {dagbag.py:539} INFO - Filling up the DagBag from /home/airflow/.local/lib/python3.8/site-packages/airflow/example_dags/example_latest_only_with_trigger.py
[2023-08-24T03:16:30.440+0000] {processor.py:839} INFO - DAG(s) dict_keys(['latest_only_with_trigger']) retrieved from /home/airflow/.local/lib/python3.8/site-packages/airflow/example_dags/example_latest_only_with_trigger.py
[2023-08-24T03:16:30.454+0000] {logging_mixin.py:151} INFO - [2023-08-24T03:16:30.454+0000] {dag.py:2907} INFO - Sync 1 DAGs
[2023-08-24T03:16:30.471+0000] {logging_mixin.py:151} INFO - [2023-08-24T03:16:30.471+0000] {dag.py:3677} INFO - Setting next_dagrun for latest_only_with_trigger to 2023-08-23T23:16:30.471006+00:00, run_after=2023-08-24T03:16:30.471006+00:00
[2023-08-24T03:16:30.483+0000] {processor.py:179} INFO - Processing /home/airflow/.local/lib/python3.8/site-packages/airflow/example_dags/example_latest_only_with_trigger.py took 0.057 seconds
[2023-08-24T03:17:00.576+0000] {processor.py:157} INFO - Started process (PID=136) to work on /home/airflow/.local/lib/python3.8/site-packages/airflow/example_dags/example_latest_only_with_trigger.py
[2023-08-24T03:17:00.577+0000] {processor.py:829} INFO - Processing file /home/airflow/.local/lib/python3.8/site-packages/airflow/example_dags/example_latest_only_with_trigger.py for tasks to queue
[2023-08-24T03:17:00.579+0000] {logging_mixin.py:151} INFO - [2023-08-24T03:17:00.579+0000] {dagbag.py:539} INFO - Filling up the DagBag from /home/airflow/.local/lib/python3.8/site-packages/airflow/example_dags/example_latest_only_with_trigger.py
[2023-08-24T03:17:00.584+0000] {processor.py:839} INFO - DAG(s) dict_keys(['latest_only_with_trigger']) retrieved from /home/airflow/.local/lib/python3.8/site-packages/airflow/example_dags/example_latest_only_with_trigger.py
[2023-08-24T03:17:00.601+0000] {logging_mixin.py:151} INFO - [2023-08-24T03:17:00.601+0000] {dag.py:2907} INFO - Sync 1 DAGs
[2023-08-24T03:17:00.614+0000] {logging_mixin.py:151} INFO - [2023-08-24T03:17:00.614+0000] {dag.py:3677} INFO - Setting next_dagrun for latest_only_with_trigger to 2023-08-23T23:17:00.614627+00:00, run_after=2023-08-24T03:17:00.614627+00:00
[2023-08-24T03:17:00.625+0000] {processor.py:179} INFO - Processing /home/airflow/.local/lib/python3.8/site-packages/airflow/example_dags/example_latest_only_with_trigger.py took 0.052 seconds
[2023-08-24T03:17:31.391+0000] {processor.py:157} INFO - Started process (PID=199) to work on /home/airflow/.local/lib/python3.8/site-packages/airflow/example_dags/example_latest_only_with_trigger.py
[2023-08-24T03:17:31.392+0000] {processor.py:829} INFO - Processing file /home/airflow/.local/lib/python3.8/site-packages/airflow/example_dags/example_latest_only_with_trigger.py for tasks to queue
[2023-08-24T03:17:31.393+0000] {logging_mixin.py:151} INFO - [2023-08-24T03:17:31.393+0000] {dagbag.py:539} INFO - Filling up the DagBag from /home/airflow/.local/lib/python3.8/site-packages/airflow/example_dags/example_latest_only_with_trigger.py
[2023-08-24T03:17:31.399+0000] {processor.py:839} INFO - DAG(s) dict_keys(['latest_only_with_trigger']) retrieved from /home/airflow/.local/lib/python3.8/site-packages/airflow/example_dags/example_latest_only_with_trigger.py
[2023-08-24T03:17:31.415+0000] {logging_mixin.py:151} INFO - [2023-08-24T03:17:31.415+0000] {dag.py:2907} INFO - Sync 1 DAGs
[2023-08-24T03:17:31.428+0000] {logging_mixin.py:151} INFO - [2023-08-24T03:17:31.428+0000] {dag.py:3677} INFO - Setting next_dagrun for latest_only_with_trigger to 2023-08-23T23:17:31.428676+00:00, run_after=2023-08-24T03:17:31.428676+00:00
[2023-08-24T03:17:31.438+0000] {processor.py:179} INFO - Processing /home/airflow/.local/lib/python3.8/site-packages/airflow/example_dags/example_latest_only_with_trigger.py took 0.050 seconds
[2023-08-24T03:18:02.487+0000] {processor.py:157} INFO - Started process (PID=262) to work on /home/airflow/.local/lib/python3.8/site-packages/airflow/example_dags/example_latest_only_with_trigger.py
[2023-08-24T03:18:02.491+0000] {processor.py:829} INFO - Processing file /home/airflow/.local/lib/python3.8/site-packages/airflow/example_dags/example_latest_only_with_trigger.py for tasks to queue
[2023-08-24T03:18:02.494+0000] {logging_mixin.py:151} INFO - [2023-08-24T03:18:02.494+0000] {dagbag.py:539} INFO - Filling up the DagBag from /home/airflow/.local/lib/python3.8/site-packages/airflow/example_dags/example_latest_only_with_trigger.py
[2023-08-24T03:18:02.503+0000] {processor.py:839} INFO - DAG(s) dict_keys(['latest_only_with_trigger']) retrieved from /home/airflow/.local/lib/python3.8/site-packages/airflow/example_dags/example_latest_only_with_trigger.py
[2023-08-24T03:18:02.531+0000] {logging_mixin.py:151} INFO - [2023-08-24T03:18:02.530+0000] {dag.py:2907} INFO - Sync 1 DAGs
[2023-08-24T03:18:02.546+0000] {logging_mixin.py:151} INFO - [2023-08-24T03:18:02.546+0000] {dag.py:3677} INFO - Setting next_dagrun for latest_only_with_trigger to 2023-08-23T23:18:02.546264+00:00, run_after=2023-08-24T03:18:02.546264+00:00
[2023-08-24T03:18:02.563+0000] {processor.py:179} INFO - Processing /home/airflow/.local/lib/python3.8/site-packages/airflow/example_dags/example_latest_only_with_trigger.py took 0.081 seconds
[2023-08-24T03:19:16.652+0000] {processor.py:157} INFO - Started process (PID=72) to work on /home/airflow/.local/lib/python3.8/site-packages/airflow/example_dags/example_latest_only_with_trigger.py
[2023-08-24T03:19:16.653+0000] {processor.py:829} INFO - Processing file /home/airflow/.local/lib/python3.8/site-packages/airflow/example_dags/example_latest_only_with_trigger.py for tasks to queue
[2023-08-24T03:19:16.655+0000] {logging_mixin.py:151} INFO - [2023-08-24T03:19:16.655+0000] {dagbag.py:539} INFO - Filling up the DagBag from /home/airflow/.local/lib/python3.8/site-packages/airflow/example_dags/example_latest_only_with_trigger.py
[2023-08-24T03:19:16.661+0000] {processor.py:839} INFO - DAG(s) dict_keys(['latest_only_with_trigger']) retrieved from /home/airflow/.local/lib/python3.8/site-packages/airflow/example_dags/example_latest_only_with_trigger.py
[2023-08-24T03:19:16.673+0000] {logging_mixin.py:151} INFO - [2023-08-24T03:19:16.673+0000] {dag.py:2907} INFO - Sync 1 DAGs
[2023-08-24T03:19:16.688+0000] {logging_mixin.py:151} INFO - [2023-08-24T03:19:16.687+0000] {dag.py:3677} INFO - Setting next_dagrun for latest_only_with_trigger to 2023-08-23T23:19:16.687776+00:00, run_after=2023-08-24T03:19:16.687776+00:00
[2023-08-24T03:19:16.698+0000] {processor.py:179} INFO - Processing /home/airflow/.local/lib/python3.8/site-packages/airflow/example_dags/example_latest_only_with_trigger.py took 0.049 seconds
[2023-08-24T03:22:57.354+0000] {processor.py:157} INFO - Started process (PID=71) to work on /home/airflow/.local/lib/python3.8/site-packages/airflow/example_dags/example_latest_only_with_trigger.py
[2023-08-24T03:22:57.356+0000] {processor.py:829} INFO - Processing file /home/airflow/.local/lib/python3.8/site-packages/airflow/example_dags/example_latest_only_with_trigger.py for tasks to queue
[2023-08-24T03:22:57.359+0000] {logging_mixin.py:151} INFO - [2023-08-24T03:22:57.358+0000] {dagbag.py:539} INFO - Filling up the DagBag from /home/airflow/.local/lib/python3.8/site-packages/airflow/example_dags/example_latest_only_with_trigger.py
[2023-08-24T03:22:57.365+0000] {processor.py:839} INFO - DAG(s) dict_keys(['latest_only_with_trigger']) retrieved from /home/airflow/.local/lib/python3.8/site-packages/airflow/example_dags/example_latest_only_with_trigger.py
[2023-08-24T03:22:57.377+0000] {logging_mixin.py:151} INFO - [2023-08-24T03:22:57.377+0000] {dag.py:2907} INFO - Sync 1 DAGs
[2023-08-24T03:22:57.392+0000] {logging_mixin.py:151} INFO - [2023-08-24T03:22:57.392+0000] {dag.py:3677} INFO - Setting next_dagrun for latest_only_with_trigger to 2023-08-23T23:22:57.392604+00:00, run_after=2023-08-24T03:22:57.392604+00:00
[2023-08-24T03:22:57.404+0000] {processor.py:179} INFO - Processing /home/airflow/.local/lib/python3.8/site-packages/airflow/example_dags/example_latest_only_with_trigger.py took 0.053 seconds
[2023-08-24T03:23:27.808+0000] {processor.py:157} INFO - Started process (PID=134) to work on /home/airflow/.local/lib/python3.8/site-packages/airflow/example_dags/example_latest_only_with_trigger.py
[2023-08-24T03:23:27.809+0000] {processor.py:829} INFO - Processing file /home/airflow/.local/lib/python3.8/site-packages/airflow/example_dags/example_latest_only_with_trigger.py for tasks to queue
[2023-08-24T03:23:27.811+0000] {logging_mixin.py:151} INFO - [2023-08-24T03:23:27.811+0000] {dagbag.py:539} INFO - Filling up the DagBag from /home/airflow/.local/lib/python3.8/site-packages/airflow/example_dags/example_latest_only_with_trigger.py
[2023-08-24T03:23:27.816+0000] {processor.py:839} INFO - DAG(s) dict_keys(['latest_only_with_trigger']) retrieved from /home/airflow/.local/lib/python3.8/site-packages/airflow/example_dags/example_latest_only_with_trigger.py
[2023-08-24T03:23:27.835+0000] {logging_mixin.py:151} INFO - [2023-08-24T03:23:27.835+0000] {dag.py:2907} INFO - Sync 1 DAGs
[2023-08-24T03:23:27.848+0000] {logging_mixin.py:151} INFO - [2023-08-24T03:23:27.847+0000] {dag.py:3677} INFO - Setting next_dagrun for latest_only_with_trigger to 2023-08-23T23:23:27.847628+00:00, run_after=2023-08-24T03:23:27.847628+00:00
[2023-08-24T03:23:27.858+0000] {processor.py:179} INFO - Processing /home/airflow/.local/lib/python3.8/site-packages/airflow/example_dags/example_latest_only_with_trigger.py took 0.054 seconds
[2023-08-24T03:59:49.364+0000] {processor.py:157} INFO - Started process (PID=72) to work on /home/airflow/.local/lib/python3.8/site-packages/airflow/example_dags/example_latest_only_with_trigger.py
[2023-08-24T03:59:49.366+0000] {processor.py:829} INFO - Processing file /home/airflow/.local/lib/python3.8/site-packages/airflow/example_dags/example_latest_only_with_trigger.py for tasks to queue
[2023-08-24T03:59:49.368+0000] {logging_mixin.py:151} INFO - [2023-08-24T03:59:49.368+0000] {dagbag.py:539} INFO - Filling up the DagBag from /home/airflow/.local/lib/python3.8/site-packages/airflow/example_dags/example_latest_only_with_trigger.py
[2023-08-24T03:59:49.374+0000] {processor.py:839} INFO - DAG(s) dict_keys(['latest_only_with_trigger']) retrieved from /home/airflow/.local/lib/python3.8/site-packages/airflow/example_dags/example_latest_only_with_trigger.py
[2023-08-24T03:59:49.388+0000] {logging_mixin.py:151} INFO - [2023-08-24T03:59:49.388+0000] {dag.py:2907} INFO - Sync 1 DAGs
[2023-08-24T03:59:49.405+0000] {logging_mixin.py:151} INFO - [2023-08-24T03:59:49.405+0000] {dag.py:3677} INFO - Setting next_dagrun for latest_only_with_trigger to 2023-08-23T23:59:49.405517+00:00, run_after=2023-08-24T03:59:49.405517+00:00
[2023-08-24T03:59:49.423+0000] {processor.py:179} INFO - Processing /home/airflow/.local/lib/python3.8/site-packages/airflow/example_dags/example_latest_only_with_trigger.py took 0.061 seconds
[2023-08-24T04:00:19.591+0000] {processor.py:157} INFO - Started process (PID=135) to work on /home/airflow/.local/lib/python3.8/site-packages/airflow/example_dags/example_latest_only_with_trigger.py
[2023-08-24T04:00:19.592+0000] {processor.py:829} INFO - Processing file /home/airflow/.local/lib/python3.8/site-packages/airflow/example_dags/example_latest_only_with_trigger.py for tasks to queue
[2023-08-24T04:00:19.594+0000] {logging_mixin.py:151} INFO - [2023-08-24T04:00:19.594+0000] {dagbag.py:539} INFO - Filling up the DagBag from /home/airflow/.local/lib/python3.8/site-packages/airflow/example_dags/example_latest_only_with_trigger.py
[2023-08-24T04:00:19.599+0000] {processor.py:839} INFO - DAG(s) dict_keys(['latest_only_with_trigger']) retrieved from /home/airflow/.local/lib/python3.8/site-packages/airflow/example_dags/example_latest_only_with_trigger.py
[2023-08-24T04:00:19.618+0000] {logging_mixin.py:151} INFO - [2023-08-24T04:00:19.617+0000] {dag.py:2907} INFO - Sync 1 DAGs
[2023-08-24T04:00:19.632+0000] {logging_mixin.py:151} INFO - [2023-08-24T04:00:19.632+0000] {dag.py:3677} INFO - Setting next_dagrun for latest_only_with_trigger to 2023-08-24T00:00:19.632215+00:00, run_after=2023-08-24T04:00:19.632215+00:00
[2023-08-24T04:00:19.641+0000] {processor.py:179} INFO - Processing /home/airflow/.local/lib/python3.8/site-packages/airflow/example_dags/example_latest_only_with_trigger.py took 0.053 seconds
[2023-08-24T04:00:50.421+0000] {processor.py:157} INFO - Started process (PID=198) to work on /home/airflow/.local/lib/python3.8/site-packages/airflow/example_dags/example_latest_only_with_trigger.py
[2023-08-24T04:00:50.422+0000] {processor.py:829} INFO - Processing file /home/airflow/.local/lib/python3.8/site-packages/airflow/example_dags/example_latest_only_with_trigger.py for tasks to queue
[2023-08-24T04:00:50.424+0000] {logging_mixin.py:151} INFO - [2023-08-24T04:00:50.424+0000] {dagbag.py:539} INFO - Filling up the DagBag from /home/airflow/.local/lib/python3.8/site-packages/airflow/example_dags/example_latest_only_with_trigger.py
[2023-08-24T04:00:50.428+0000] {processor.py:839} INFO - DAG(s) dict_keys(['latest_only_with_trigger']) retrieved from /home/airflow/.local/lib/python3.8/site-packages/airflow/example_dags/example_latest_only_with_trigger.py
[2023-08-24T04:00:50.446+0000] {logging_mixin.py:151} INFO - [2023-08-24T04:00:50.446+0000] {dag.py:2907} INFO - Sync 1 DAGs
[2023-08-24T04:00:50.459+0000] {logging_mixin.py:151} INFO - [2023-08-24T04:00:50.459+0000] {dag.py:3677} INFO - Setting next_dagrun for latest_only_with_trigger to 2023-08-24T00:00:50.459134+00:00, run_after=2023-08-24T04:00:50.459134+00:00
[2023-08-24T04:00:50.469+0000] {processor.py:179} INFO - Processing /home/airflow/.local/lib/python3.8/site-packages/airflow/example_dags/example_latest_only_with_trigger.py took 0.050 seconds
[2023-08-24T04:01:21.163+0000] {processor.py:157} INFO - Started process (PID=261) to work on /home/airflow/.local/lib/python3.8/site-packages/airflow/example_dags/example_latest_only_with_trigger.py
[2023-08-24T04:01:21.164+0000] {processor.py:829} INFO - Processing file /home/airflow/.local/lib/python3.8/site-packages/airflow/example_dags/example_latest_only_with_trigger.py for tasks to queue
[2023-08-24T04:01:21.166+0000] {logging_mixin.py:151} INFO - [2023-08-24T04:01:21.165+0000] {dagbag.py:539} INFO - Filling up the DagBag from /home/airflow/.local/lib/python3.8/site-packages/airflow/example_dags/example_latest_only_with_trigger.py
[2023-08-24T04:01:21.170+0000] {processor.py:839} INFO - DAG(s) dict_keys(['latest_only_with_trigger']) retrieved from /home/airflow/.local/lib/python3.8/site-packages/airflow/example_dags/example_latest_only_with_trigger.py
[2023-08-24T04:01:21.186+0000] {logging_mixin.py:151} INFO - [2023-08-24T04:01:21.186+0000] {dag.py:2907} INFO - Sync 1 DAGs
[2023-08-24T04:01:21.199+0000] {logging_mixin.py:151} INFO - [2023-08-24T04:01:21.199+0000] {dag.py:3677} INFO - Setting next_dagrun for latest_only_with_trigger to 2023-08-24T00:01:21.199156+00:00, run_after=2023-08-24T04:01:21.199156+00:00
[2023-08-24T04:01:21.209+0000] {processor.py:179} INFO - Processing /home/airflow/.local/lib/python3.8/site-packages/airflow/example_dags/example_latest_only_with_trigger.py took 0.049 seconds
[2023-08-24T04:01:51.996+0000] {processor.py:157} INFO - Started process (PID=324) to work on /home/airflow/.local/lib/python3.8/site-packages/airflow/example_dags/example_latest_only_with_trigger.py
[2023-08-24T04:01:51.998+0000] {processor.py:829} INFO - Processing file /home/airflow/.local/lib/python3.8/site-packages/airflow/example_dags/example_latest_only_with_trigger.py for tasks to queue
[2023-08-24T04:01:52.000+0000] {logging_mixin.py:151} INFO - [2023-08-24T04:01:51.999+0000] {dagbag.py:539} INFO - Filling up the DagBag from /home/airflow/.local/lib/python3.8/site-packages/airflow/example_dags/example_latest_only_with_trigger.py
[2023-08-24T04:01:52.004+0000] {processor.py:839} INFO - DAG(s) dict_keys(['latest_only_with_trigger']) retrieved from /home/airflow/.local/lib/python3.8/site-packages/airflow/example_dags/example_latest_only_with_trigger.py
[2023-08-24T04:01:52.023+0000] {logging_mixin.py:151} INFO - [2023-08-24T04:01:52.022+0000] {dag.py:2907} INFO - Sync 1 DAGs
[2023-08-24T04:01:52.035+0000] {logging_mixin.py:151} INFO - [2023-08-24T04:01:52.035+0000] {dag.py:3677} INFO - Setting next_dagrun for latest_only_with_trigger to 2023-08-24T00:01:52.034909+00:00, run_after=2023-08-24T04:01:52.034909+00:00
[2023-08-24T04:01:52.044+0000] {processor.py:179} INFO - Processing /home/airflow/.local/lib/python3.8/site-packages/airflow/example_dags/example_latest_only_with_trigger.py took 0.051 seconds
[2023-08-24T04:02:22.879+0000] {processor.py:157} INFO - Started process (PID=387) to work on /home/airflow/.local/lib/python3.8/site-packages/airflow/example_dags/example_latest_only_with_trigger.py
[2023-08-24T04:02:22.880+0000] {processor.py:829} INFO - Processing file /home/airflow/.local/lib/python3.8/site-packages/airflow/example_dags/example_latest_only_with_trigger.py for tasks to queue
[2023-08-24T04:02:22.882+0000] {logging_mixin.py:151} INFO - [2023-08-24T04:02:22.882+0000] {dagbag.py:539} INFO - Filling up the DagBag from /home/airflow/.local/lib/python3.8/site-packages/airflow/example_dags/example_latest_only_with_trigger.py
[2023-08-24T04:02:22.886+0000] {processor.py:839} INFO - DAG(s) dict_keys(['latest_only_with_trigger']) retrieved from /home/airflow/.local/lib/python3.8/site-packages/airflow/example_dags/example_latest_only_with_trigger.py
[2023-08-24T04:02:22.902+0000] {logging_mixin.py:151} INFO - [2023-08-24T04:02:22.902+0000] {dag.py:2907} INFO - Sync 1 DAGs
[2023-08-24T04:02:22.914+0000] {logging_mixin.py:151} INFO - [2023-08-24T04:02:22.914+0000] {dag.py:3677} INFO - Setting next_dagrun for latest_only_with_trigger to 2023-08-24T00:02:22.914190+00:00, run_after=2023-08-24T04:02:22.914190+00:00
[2023-08-24T04:02:22.924+0000] {processor.py:179} INFO - Processing /home/airflow/.local/lib/python3.8/site-packages/airflow/example_dags/example_latest_only_with_trigger.py took 0.048 seconds
[2023-08-24T04:02:53.539+0000] {processor.py:157} INFO - Started process (PID=450) to work on /home/airflow/.local/lib/python3.8/site-packages/airflow/example_dags/example_latest_only_with_trigger.py
[2023-08-24T04:02:53.540+0000] {processor.py:829} INFO - Processing file /home/airflow/.local/lib/python3.8/site-packages/airflow/example_dags/example_latest_only_with_trigger.py for tasks to queue
[2023-08-24T04:02:53.542+0000] {logging_mixin.py:151} INFO - [2023-08-24T04:02:53.542+0000] {dagbag.py:539} INFO - Filling up the DagBag from /home/airflow/.local/lib/python3.8/site-packages/airflow/example_dags/example_latest_only_with_trigger.py
[2023-08-24T04:02:53.546+0000] {processor.py:839} INFO - DAG(s) dict_keys(['latest_only_with_trigger']) retrieved from /home/airflow/.local/lib/python3.8/site-packages/airflow/example_dags/example_latest_only_with_trigger.py
[2023-08-24T04:02:53.563+0000] {logging_mixin.py:151} INFO - [2023-08-24T04:02:53.563+0000] {dag.py:2907} INFO - Sync 1 DAGs
[2023-08-24T04:02:53.577+0000] {logging_mixin.py:151} INFO - [2023-08-24T04:02:53.577+0000] {dag.py:3677} INFO - Setting next_dagrun for latest_only_with_trigger to 2023-08-24T00:02:53.577587+00:00, run_after=2023-08-24T04:02:53.577587+00:00
[2023-08-24T04:02:53.588+0000] {processor.py:179} INFO - Processing /home/airflow/.local/lib/python3.8/site-packages/airflow/example_dags/example_latest_only_with_trigger.py took 0.052 seconds
[2023-08-24T04:03:24.150+0000] {processor.py:157} INFO - Started process (PID=513) to work on /home/airflow/.local/lib/python3.8/site-packages/airflow/example_dags/example_latest_only_with_trigger.py
[2023-08-24T04:03:24.151+0000] {processor.py:829} INFO - Processing file /home/airflow/.local/lib/python3.8/site-packages/airflow/example_dags/example_latest_only_with_trigger.py for tasks to queue
[2023-08-24T04:03:24.153+0000] {logging_mixin.py:151} INFO - [2023-08-24T04:03:24.153+0000] {dagbag.py:539} INFO - Filling up the DagBag from /home/airflow/.local/lib/python3.8/site-packages/airflow/example_dags/example_latest_only_with_trigger.py
[2023-08-24T04:03:24.157+0000] {processor.py:839} INFO - DAG(s) dict_keys(['latest_only_with_trigger']) retrieved from /home/airflow/.local/lib/python3.8/site-packages/airflow/example_dags/example_latest_only_with_trigger.py
[2023-08-24T04:03:24.174+0000] {logging_mixin.py:151} INFO - [2023-08-24T04:03:24.174+0000] {dag.py:2907} INFO - Sync 1 DAGs
[2023-08-24T04:03:24.187+0000] {logging_mixin.py:151} INFO - [2023-08-24T04:03:24.187+0000] {dag.py:3677} INFO - Setting next_dagrun for latest_only_with_trigger to 2023-08-24T00:03:24.187596+00:00, run_after=2023-08-24T04:03:24.187596+00:00
[2023-08-24T04:03:24.198+0000] {processor.py:179} INFO - Processing /home/airflow/.local/lib/python3.8/site-packages/airflow/example_dags/example_latest_only_with_trigger.py took 0.050 seconds
[2023-08-24T04:03:54.962+0000] {processor.py:157} INFO - Started process (PID=576) to work on /home/airflow/.local/lib/python3.8/site-packages/airflow/example_dags/example_latest_only_with_trigger.py
[2023-08-24T04:03:54.964+0000] {processor.py:829} INFO - Processing file /home/airflow/.local/lib/python3.8/site-packages/airflow/example_dags/example_latest_only_with_trigger.py for tasks to queue
[2023-08-24T04:03:54.966+0000] {logging_mixin.py:151} INFO - [2023-08-24T04:03:54.966+0000] {dagbag.py:539} INFO - Filling up the DagBag from /home/airflow/.local/lib/python3.8/site-packages/airflow/example_dags/example_latest_only_with_trigger.py
[2023-08-24T04:03:54.971+0000] {processor.py:839} INFO - DAG(s) dict_keys(['latest_only_with_trigger']) retrieved from /home/airflow/.local/lib/python3.8/site-packages/airflow/example_dags/example_latest_only_with_trigger.py
[2023-08-24T04:03:54.989+0000] {logging_mixin.py:151} INFO - [2023-08-24T04:03:54.989+0000] {dag.py:2907} INFO - Sync 1 DAGs
[2023-08-24T04:03:55.001+0000] {logging_mixin.py:151} INFO - [2023-08-24T04:03:55.001+0000] {dag.py:3677} INFO - Setting next_dagrun for latest_only_with_trigger to 2023-08-24T00:03:55.001536+00:00, run_after=2023-08-24T04:03:55.001536+00:00
[2023-08-24T04:03:55.012+0000] {processor.py:179} INFO - Processing /home/airflow/.local/lib/python3.8/site-packages/airflow/example_dags/example_latest_only_with_trigger.py took 0.052 seconds
[2023-08-24T04:04:25.726+0000] {processor.py:157} INFO - Started process (PID=639) to work on /home/airflow/.local/lib/python3.8/site-packages/airflow/example_dags/example_latest_only_with_trigger.py
[2023-08-24T04:04:25.727+0000] {processor.py:829} INFO - Processing file /home/airflow/.local/lib/python3.8/site-packages/airflow/example_dags/example_latest_only_with_trigger.py for tasks to queue
[2023-08-24T04:04:25.729+0000] {logging_mixin.py:151} INFO - [2023-08-24T04:04:25.729+0000] {dagbag.py:539} INFO - Filling up the DagBag from /home/airflow/.local/lib/python3.8/site-packages/airflow/example_dags/example_latest_only_with_trigger.py
[2023-08-24T04:04:25.734+0000] {processor.py:839} INFO - DAG(s) dict_keys(['latest_only_with_trigger']) retrieved from /home/airflow/.local/lib/python3.8/site-packages/airflow/example_dags/example_latest_only_with_trigger.py
[2023-08-24T04:04:25.764+0000] {logging_mixin.py:151} INFO - [2023-08-24T04:04:25.763+0000] {dag.py:2907} INFO - Sync 1 DAGs
[2023-08-24T04:04:25.782+0000] {logging_mixin.py:151} INFO - [2023-08-24T04:04:25.782+0000] {dag.py:3677} INFO - Setting next_dagrun for latest_only_with_trigger to 2023-08-24T00:04:25.781975+00:00, run_after=2023-08-24T04:04:25.781975+00:00
[2023-08-24T04:04:25.802+0000] {processor.py:179} INFO - Processing /home/airflow/.local/lib/python3.8/site-packages/airflow/example_dags/example_latest_only_with_trigger.py took 0.079 seconds
[2023-08-24T04:04:56.703+0000] {processor.py:157} INFO - Started process (PID=702) to work on /home/airflow/.local/lib/python3.8/site-packages/airflow/example_dags/example_latest_only_with_trigger.py
[2023-08-24T04:04:56.704+0000] {processor.py:829} INFO - Processing file /home/airflow/.local/lib/python3.8/site-packages/airflow/example_dags/example_latest_only_with_trigger.py for tasks to queue
[2023-08-24T04:04:56.706+0000] {logging_mixin.py:151} INFO - [2023-08-24T04:04:56.706+0000] {dagbag.py:539} INFO - Filling up the DagBag from /home/airflow/.local/lib/python3.8/site-packages/airflow/example_dags/example_latest_only_with_trigger.py
[2023-08-24T04:04:56.710+0000] {processor.py:839} INFO - DAG(s) dict_keys(['latest_only_with_trigger']) retrieved from /home/airflow/.local/lib/python3.8/site-packages/airflow/example_dags/example_latest_only_with_trigger.py
[2023-08-24T04:04:56.727+0000] {logging_mixin.py:151} INFO - [2023-08-24T04:04:56.727+0000] {dag.py:2907} INFO - Sync 1 DAGs
[2023-08-24T04:04:56.740+0000] {logging_mixin.py:151} INFO - [2023-08-24T04:04:56.740+0000] {dag.py:3677} INFO - Setting next_dagrun for latest_only_with_trigger to 2023-08-24T00:04:56.740230+00:00, run_after=2023-08-24T04:04:56.740230+00:00
[2023-08-24T04:04:56.751+0000] {processor.py:179} INFO - Processing /home/airflow/.local/lib/python3.8/site-packages/airflow/example_dags/example_latest_only_with_trigger.py took 0.051 seconds
[2023-08-24T04:05:27.353+0000] {processor.py:157} INFO - Started process (PID=765) to work on /home/airflow/.local/lib/python3.8/site-packages/airflow/example_dags/example_latest_only_with_trigger.py
[2023-08-24T04:05:27.354+0000] {processor.py:829} INFO - Processing file /home/airflow/.local/lib/python3.8/site-packages/airflow/example_dags/example_latest_only_with_trigger.py for tasks to queue
[2023-08-24T04:05:27.356+0000] {logging_mixin.py:151} INFO - [2023-08-24T04:05:27.356+0000] {dagbag.py:539} INFO - Filling up the DagBag from /home/airflow/.local/lib/python3.8/site-packages/airflow/example_dags/example_latest_only_with_trigger.py
[2023-08-24T04:05:27.360+0000] {processor.py:839} INFO - DAG(s) dict_keys(['latest_only_with_trigger']) retrieved from /home/airflow/.local/lib/python3.8/site-packages/airflow/example_dags/example_latest_only_with_trigger.py
[2023-08-24T04:05:27.378+0000] {logging_mixin.py:151} INFO - [2023-08-24T04:05:27.378+0000] {dag.py:2907} INFO - Sync 1 DAGs
[2023-08-24T04:05:27.391+0000] {logging_mixin.py:151} INFO - [2023-08-24T04:05:27.391+0000] {dag.py:3677} INFO - Setting next_dagrun for latest_only_with_trigger to 2023-08-24T00:05:27.391417+00:00, run_after=2023-08-24T04:05:27.391417+00:00
[2023-08-24T04:05:27.402+0000] {processor.py:179} INFO - Processing /home/airflow/.local/lib/python3.8/site-packages/airflow/example_dags/example_latest_only_with_trigger.py took 0.052 seconds
[2023-08-24T04:05:58.132+0000] {processor.py:157} INFO - Started process (PID=828) to work on /home/airflow/.local/lib/python3.8/site-packages/airflow/example_dags/example_latest_only_with_trigger.py
[2023-08-24T04:05:58.133+0000] {processor.py:829} INFO - Processing file /home/airflow/.local/lib/python3.8/site-packages/airflow/example_dags/example_latest_only_with_trigger.py for tasks to queue
[2023-08-24T04:05:58.135+0000] {logging_mixin.py:151} INFO - [2023-08-24T04:05:58.135+0000] {dagbag.py:539} INFO - Filling up the DagBag from /home/airflow/.local/lib/python3.8/site-packages/airflow/example_dags/example_latest_only_with_trigger.py
[2023-08-24T04:05:58.140+0000] {processor.py:839} INFO - DAG(s) dict_keys(['latest_only_with_trigger']) retrieved from /home/airflow/.local/lib/python3.8/site-packages/airflow/example_dags/example_latest_only_with_trigger.py
[2023-08-24T04:05:58.157+0000] {logging_mixin.py:151} INFO - [2023-08-24T04:05:58.157+0000] {dag.py:2907} INFO - Sync 1 DAGs
[2023-08-24T04:05:58.171+0000] {logging_mixin.py:151} INFO - [2023-08-24T04:05:58.171+0000] {dag.py:3677} INFO - Setting next_dagrun for latest_only_with_trigger to 2023-08-24T00:05:58.171055+00:00, run_after=2023-08-24T04:05:58.171055+00:00
[2023-08-24T04:05:58.182+0000] {processor.py:179} INFO - Processing /home/airflow/.local/lib/python3.8/site-packages/airflow/example_dags/example_latest_only_with_trigger.py took 0.053 seconds
[2023-08-24T04:06:28.802+0000] {processor.py:157} INFO - Started process (PID=891) to work on /home/airflow/.local/lib/python3.8/site-packages/airflow/example_dags/example_latest_only_with_trigger.py
[2023-08-24T04:06:28.803+0000] {processor.py:829} INFO - Processing file /home/airflow/.local/lib/python3.8/site-packages/airflow/example_dags/example_latest_only_with_trigger.py for tasks to queue
[2023-08-24T04:06:28.805+0000] {logging_mixin.py:151} INFO - [2023-08-24T04:06:28.805+0000] {dagbag.py:539} INFO - Filling up the DagBag from /home/airflow/.local/lib/python3.8/site-packages/airflow/example_dags/example_latest_only_with_trigger.py
[2023-08-24T04:06:28.810+0000] {processor.py:839} INFO - DAG(s) dict_keys(['latest_only_with_trigger']) retrieved from /home/airflow/.local/lib/python3.8/site-packages/airflow/example_dags/example_latest_only_with_trigger.py
[2023-08-24T04:06:28.829+0000] {logging_mixin.py:151} INFO - [2023-08-24T04:06:28.829+0000] {dag.py:2907} INFO - Sync 1 DAGs
[2023-08-24T04:06:28.844+0000] {logging_mixin.py:151} INFO - [2023-08-24T04:06:28.844+0000] {dag.py:3677} INFO - Setting next_dagrun for latest_only_with_trigger to 2023-08-24T00:06:28.843790+00:00, run_after=2023-08-24T04:06:28.843790+00:00
[2023-08-24T04:06:28.855+0000] {processor.py:179} INFO - Processing /home/airflow/.local/lib/python3.8/site-packages/airflow/example_dags/example_latest_only_with_trigger.py took 0.056 seconds
[2023-08-24T04:06:59.530+0000] {processor.py:157} INFO - Started process (PID=953) to work on /home/airflow/.local/lib/python3.8/site-packages/airflow/example_dags/example_latest_only_with_trigger.py
[2023-08-24T04:06:59.531+0000] {processor.py:829} INFO - Processing file /home/airflow/.local/lib/python3.8/site-packages/airflow/example_dags/example_latest_only_with_trigger.py for tasks to queue
[2023-08-24T04:06:59.533+0000] {logging_mixin.py:151} INFO - [2023-08-24T04:06:59.533+0000] {dagbag.py:539} INFO - Filling up the DagBag from /home/airflow/.local/lib/python3.8/site-packages/airflow/example_dags/example_latest_only_with_trigger.py
[2023-08-24T04:06:59.537+0000] {processor.py:839} INFO - DAG(s) dict_keys(['latest_only_with_trigger']) retrieved from /home/airflow/.local/lib/python3.8/site-packages/airflow/example_dags/example_latest_only_with_trigger.py
[2023-08-24T04:06:59.555+0000] {logging_mixin.py:151} INFO - [2023-08-24T04:06:59.554+0000] {dag.py:2907} INFO - Sync 1 DAGs
[2023-08-24T04:06:59.568+0000] {logging_mixin.py:151} INFO - [2023-08-24T04:06:59.568+0000] {dag.py:3677} INFO - Setting next_dagrun for latest_only_with_trigger to 2023-08-24T00:06:59.568223+00:00, run_after=2023-08-24T04:06:59.568223+00:00
[2023-08-24T04:06:59.579+0000] {processor.py:179} INFO - Processing /home/airflow/.local/lib/python3.8/site-packages/airflow/example_dags/example_latest_only_with_trigger.py took 0.051 seconds
[2023-08-24T04:07:30.139+0000] {processor.py:157} INFO - Started process (PID=1016) to work on /home/airflow/.local/lib/python3.8/site-packages/airflow/example_dags/example_latest_only_with_trigger.py
[2023-08-24T04:07:30.140+0000] {processor.py:829} INFO - Processing file /home/airflow/.local/lib/python3.8/site-packages/airflow/example_dags/example_latest_only_with_trigger.py for tasks to queue
[2023-08-24T04:07:30.142+0000] {logging_mixin.py:151} INFO - [2023-08-24T04:07:30.142+0000] {dagbag.py:539} INFO - Filling up the DagBag from /home/airflow/.local/lib/python3.8/site-packages/airflow/example_dags/example_latest_only_with_trigger.py
[2023-08-24T04:07:30.146+0000] {processor.py:839} INFO - DAG(s) dict_keys(['latest_only_with_trigger']) retrieved from /home/airflow/.local/lib/python3.8/site-packages/airflow/example_dags/example_latest_only_with_trigger.py
[2023-08-24T04:07:30.164+0000] {logging_mixin.py:151} INFO - [2023-08-24T04:07:30.164+0000] {dag.py:2907} INFO - Sync 1 DAGs
[2023-08-24T04:07:30.177+0000] {logging_mixin.py:151} INFO - [2023-08-24T04:07:30.177+0000] {dag.py:3677} INFO - Setting next_dagrun for latest_only_with_trigger to 2023-08-24T00:07:30.177245+00:00, run_after=2023-08-24T04:07:30.177245+00:00
[2023-08-24T04:07:30.189+0000] {processor.py:179} INFO - Processing /home/airflow/.local/lib/python3.8/site-packages/airflow/example_dags/example_latest_only_with_trigger.py took 0.053 seconds
[2023-08-24T04:08:00.911+0000] {processor.py:157} INFO - Started process (PID=1079) to work on /home/airflow/.local/lib/python3.8/site-packages/airflow/example_dags/example_latest_only_with_trigger.py
[2023-08-24T04:08:00.912+0000] {processor.py:829} INFO - Processing file /home/airflow/.local/lib/python3.8/site-packages/airflow/example_dags/example_latest_only_with_trigger.py for tasks to queue
[2023-08-24T04:08:00.914+0000] {logging_mixin.py:151} INFO - [2023-08-24T04:08:00.914+0000] {dagbag.py:539} INFO - Filling up the DagBag from /home/airflow/.local/lib/python3.8/site-packages/airflow/example_dags/example_latest_only_with_trigger.py
[2023-08-24T04:08:00.919+0000] {processor.py:839} INFO - DAG(s) dict_keys(['latest_only_with_trigger']) retrieved from /home/airflow/.local/lib/python3.8/site-packages/airflow/example_dags/example_latest_only_with_trigger.py
[2023-08-24T04:08:00.937+0000] {logging_mixin.py:151} INFO - [2023-08-24T04:08:00.937+0000] {dag.py:2907} INFO - Sync 1 DAGs
[2023-08-24T04:08:00.949+0000] {logging_mixin.py:151} INFO - [2023-08-24T04:08:00.949+0000] {dag.py:3677} INFO - Setting next_dagrun for latest_only_with_trigger to 2023-08-24T00:08:00.949236+00:00, run_after=2023-08-24T04:08:00.949236+00:00
[2023-08-24T04:08:00.960+0000] {processor.py:179} INFO - Processing /home/airflow/.local/lib/python3.8/site-packages/airflow/example_dags/example_latest_only_with_trigger.py took 0.052 seconds
[2023-08-24T04:08:31.614+0000] {processor.py:157} INFO - Started process (PID=1142) to work on /home/airflow/.local/lib/python3.8/site-packages/airflow/example_dags/example_latest_only_with_trigger.py
[2023-08-24T04:08:31.615+0000] {processor.py:829} INFO - Processing file /home/airflow/.local/lib/python3.8/site-packages/airflow/example_dags/example_latest_only_with_trigger.py for tasks to queue
[2023-08-24T04:08:31.617+0000] {logging_mixin.py:151} INFO - [2023-08-24T04:08:31.617+0000] {dagbag.py:539} INFO - Filling up the DagBag from /home/airflow/.local/lib/python3.8/site-packages/airflow/example_dags/example_latest_only_with_trigger.py
[2023-08-24T04:08:31.621+0000] {processor.py:839} INFO - DAG(s) dict_keys(['latest_only_with_trigger']) retrieved from /home/airflow/.local/lib/python3.8/site-packages/airflow/example_dags/example_latest_only_with_trigger.py
[2023-08-24T04:08:31.639+0000] {logging_mixin.py:151} INFO - [2023-08-24T04:08:31.639+0000] {dag.py:2907} INFO - Sync 1 DAGs
[2023-08-24T04:08:31.652+0000] {logging_mixin.py:151} INFO - [2023-08-24T04:08:31.652+0000] {dag.py:3677} INFO - Setting next_dagrun for latest_only_with_trigger to 2023-08-24T00:08:31.652022+00:00, run_after=2023-08-24T04:08:31.652022+00:00
[2023-08-24T04:08:31.661+0000] {processor.py:179} INFO - Processing /home/airflow/.local/lib/python3.8/site-packages/airflow/example_dags/example_latest_only_with_trigger.py took 0.050 seconds
[2023-08-24T04:09:02.413+0000] {processor.py:157} INFO - Started process (PID=1205) to work on /home/airflow/.local/lib/python3.8/site-packages/airflow/example_dags/example_latest_only_with_trigger.py
[2023-08-24T04:09:02.414+0000] {processor.py:829} INFO - Processing file /home/airflow/.local/lib/python3.8/site-packages/airflow/example_dags/example_latest_only_with_trigger.py for tasks to queue
[2023-08-24T04:09:02.416+0000] {logging_mixin.py:151} INFO - [2023-08-24T04:09:02.415+0000] {dagbag.py:539} INFO - Filling up the DagBag from /home/airflow/.local/lib/python3.8/site-packages/airflow/example_dags/example_latest_only_with_trigger.py
[2023-08-24T04:09:02.422+0000] {processor.py:839} INFO - DAG(s) dict_keys(['latest_only_with_trigger']) retrieved from /home/airflow/.local/lib/python3.8/site-packages/airflow/example_dags/example_latest_only_with_trigger.py
[2023-08-24T04:09:02.439+0000] {logging_mixin.py:151} INFO - [2023-08-24T04:09:02.439+0000] {dag.py:2907} INFO - Sync 1 DAGs
[2023-08-24T04:09:02.452+0000] {logging_mixin.py:151} INFO - [2023-08-24T04:09:02.452+0000] {dag.py:3677} INFO - Setting next_dagrun for latest_only_with_trigger to 2023-08-24T00:09:02.451853+00:00, run_after=2023-08-24T04:09:02.451853+00:00
[2023-08-24T04:09:02.461+0000] {processor.py:179} INFO - Processing /home/airflow/.local/lib/python3.8/site-packages/airflow/example_dags/example_latest_only_with_trigger.py took 0.051 seconds
[2023-08-24T04:09:33.051+0000] {processor.py:157} INFO - Started process (PID=1268) to work on /home/airflow/.local/lib/python3.8/site-packages/airflow/example_dags/example_latest_only_with_trigger.py
[2023-08-24T04:09:33.052+0000] {processor.py:829} INFO - Processing file /home/airflow/.local/lib/python3.8/site-packages/airflow/example_dags/example_latest_only_with_trigger.py for tasks to queue
[2023-08-24T04:09:33.054+0000] {logging_mixin.py:151} INFO - [2023-08-24T04:09:33.054+0000] {dagbag.py:539} INFO - Filling up the DagBag from /home/airflow/.local/lib/python3.8/site-packages/airflow/example_dags/example_latest_only_with_trigger.py
[2023-08-24T04:09:33.059+0000] {processor.py:839} INFO - DAG(s) dict_keys(['latest_only_with_trigger']) retrieved from /home/airflow/.local/lib/python3.8/site-packages/airflow/example_dags/example_latest_only_with_trigger.py
[2023-08-24T04:09:33.076+0000] {logging_mixin.py:151} INFO - [2023-08-24T04:09:33.076+0000] {dag.py:2907} INFO - Sync 1 DAGs
[2023-08-24T04:09:33.088+0000] {logging_mixin.py:151} INFO - [2023-08-24T04:09:33.088+0000] {dag.py:3677} INFO - Setting next_dagrun for latest_only_with_trigger to 2023-08-24T00:09:33.088554+00:00, run_after=2023-08-24T04:09:33.088554+00:00
[2023-08-24T04:09:33.099+0000] {processor.py:179} INFO - Processing /home/airflow/.local/lib/python3.8/site-packages/airflow/example_dags/example_latest_only_with_trigger.py took 0.051 seconds
[2023-08-24T04:10:03.809+0000] {processor.py:157} INFO - Started process (PID=1331) to work on /home/airflow/.local/lib/python3.8/site-packages/airflow/example_dags/example_latest_only_with_trigger.py
[2023-08-24T04:10:03.810+0000] {processor.py:829} INFO - Processing file /home/airflow/.local/lib/python3.8/site-packages/airflow/example_dags/example_latest_only_with_trigger.py for tasks to queue
[2023-08-24T04:10:03.812+0000] {logging_mixin.py:151} INFO - [2023-08-24T04:10:03.812+0000] {dagbag.py:539} INFO - Filling up the DagBag from /home/airflow/.local/lib/python3.8/site-packages/airflow/example_dags/example_latest_only_with_trigger.py
[2023-08-24T04:10:03.817+0000] {processor.py:839} INFO - DAG(s) dict_keys(['latest_only_with_trigger']) retrieved from /home/airflow/.local/lib/python3.8/site-packages/airflow/example_dags/example_latest_only_with_trigger.py
[2023-08-24T04:10:03.836+0000] {logging_mixin.py:151} INFO - [2023-08-24T04:10:03.836+0000] {dag.py:2907} INFO - Sync 1 DAGs
[2023-08-24T04:10:03.851+0000] {logging_mixin.py:151} INFO - [2023-08-24T04:10:03.851+0000] {dag.py:3677} INFO - Setting next_dagrun for latest_only_with_trigger to 2023-08-24T00:10:03.850884+00:00, run_after=2023-08-24T04:10:03.850884+00:00
[2023-08-24T04:10:03.862+0000] {processor.py:179} INFO - Processing /home/airflow/.local/lib/python3.8/site-packages/airflow/example_dags/example_latest_only_with_trigger.py took 0.056 seconds
[2023-08-24T04:10:34.544+0000] {processor.py:157} INFO - Started process (PID=1394) to work on /home/airflow/.local/lib/python3.8/site-packages/airflow/example_dags/example_latest_only_with_trigger.py
[2023-08-24T04:10:34.546+0000] {processor.py:829} INFO - Processing file /home/airflow/.local/lib/python3.8/site-packages/airflow/example_dags/example_latest_only_with_trigger.py for tasks to queue
[2023-08-24T04:10:34.549+0000] {logging_mixin.py:151} INFO - [2023-08-24T04:10:34.548+0000] {dagbag.py:539} INFO - Filling up the DagBag from /home/airflow/.local/lib/python3.8/site-packages/airflow/example_dags/example_latest_only_with_trigger.py
[2023-08-24T04:10:34.554+0000] {processor.py:839} INFO - DAG(s) dict_keys(['latest_only_with_trigger']) retrieved from /home/airflow/.local/lib/python3.8/site-packages/airflow/example_dags/example_latest_only_with_trigger.py
[2023-08-24T04:10:34.573+0000] {logging_mixin.py:151} INFO - [2023-08-24T04:10:34.573+0000] {dag.py:2907} INFO - Sync 1 DAGs
[2023-08-24T04:10:34.589+0000] {logging_mixin.py:151} INFO - [2023-08-24T04:10:34.588+0000] {dag.py:3677} INFO - Setting next_dagrun for latest_only_with_trigger to 2023-08-24T00:10:34.588655+00:00, run_after=2023-08-24T04:10:34.588655+00:00
[2023-08-24T04:10:34.600+0000] {processor.py:179} INFO - Processing /home/airflow/.local/lib/python3.8/site-packages/airflow/example_dags/example_latest_only_with_trigger.py took 0.058 seconds
[2023-08-24T04:11:05.325+0000] {processor.py:157} INFO - Started process (PID=1457) to work on /home/airflow/.local/lib/python3.8/site-packages/airflow/example_dags/example_latest_only_with_trigger.py
[2023-08-24T04:11:05.326+0000] {processor.py:829} INFO - Processing file /home/airflow/.local/lib/python3.8/site-packages/airflow/example_dags/example_latest_only_with_trigger.py for tasks to queue
[2023-08-24T04:11:05.328+0000] {logging_mixin.py:151} INFO - [2023-08-24T04:11:05.328+0000] {dagbag.py:539} INFO - Filling up the DagBag from /home/airflow/.local/lib/python3.8/site-packages/airflow/example_dags/example_latest_only_with_trigger.py
[2023-08-24T04:11:05.332+0000] {processor.py:839} INFO - DAG(s) dict_keys(['latest_only_with_trigger']) retrieved from /home/airflow/.local/lib/python3.8/site-packages/airflow/example_dags/example_latest_only_with_trigger.py
[2023-08-24T04:11:05.349+0000] {logging_mixin.py:151} INFO - [2023-08-24T04:11:05.349+0000] {dag.py:2907} INFO - Sync 1 DAGs
[2023-08-24T04:11:05.361+0000] {logging_mixin.py:151} INFO - [2023-08-24T04:11:05.361+0000] {dag.py:3677} INFO - Setting next_dagrun for latest_only_with_trigger to 2023-08-24T00:11:05.361132+00:00, run_after=2023-08-24T04:11:05.361132+00:00
[2023-08-24T04:11:05.370+0000] {processor.py:179} INFO - Processing /home/airflow/.local/lib/python3.8/site-packages/airflow/example_dags/example_latest_only_with_trigger.py took 0.047 seconds
[2023-08-24T04:11:36.088+0000] {processor.py:157} INFO - Started process (PID=1520) to work on /home/airflow/.local/lib/python3.8/site-packages/airflow/example_dags/example_latest_only_with_trigger.py
[2023-08-24T04:11:36.089+0000] {processor.py:829} INFO - Processing file /home/airflow/.local/lib/python3.8/site-packages/airflow/example_dags/example_latest_only_with_trigger.py for tasks to queue
[2023-08-24T04:11:36.091+0000] {logging_mixin.py:151} INFO - [2023-08-24T04:11:36.090+0000] {dagbag.py:539} INFO - Filling up the DagBag from /home/airflow/.local/lib/python3.8/site-packages/airflow/example_dags/example_latest_only_with_trigger.py
[2023-08-24T04:11:36.095+0000] {processor.py:839} INFO - DAG(s) dict_keys(['latest_only_with_trigger']) retrieved from /home/airflow/.local/lib/python3.8/site-packages/airflow/example_dags/example_latest_only_with_trigger.py
[2023-08-24T04:11:36.112+0000] {logging_mixin.py:151} INFO - [2023-08-24T04:11:36.112+0000] {dag.py:2907} INFO - Sync 1 DAGs
[2023-08-24T04:11:36.126+0000] {logging_mixin.py:151} INFO - [2023-08-24T04:11:36.126+0000] {dag.py:3677} INFO - Setting next_dagrun for latest_only_with_trigger to 2023-08-24T00:11:36.126024+00:00, run_after=2023-08-24T04:11:36.126024+00:00
[2023-08-24T04:11:36.137+0000] {processor.py:179} INFO - Processing /home/airflow/.local/lib/python3.8/site-packages/airflow/example_dags/example_latest_only_with_trigger.py took 0.052 seconds
[2023-08-24T04:12:06.809+0000] {processor.py:157} INFO - Started process (PID=1583) to work on /home/airflow/.local/lib/python3.8/site-packages/airflow/example_dags/example_latest_only_with_trigger.py
[2023-08-24T04:12:06.810+0000] {processor.py:829} INFO - Processing file /home/airflow/.local/lib/python3.8/site-packages/airflow/example_dags/example_latest_only_with_trigger.py for tasks to queue
[2023-08-24T04:12:06.812+0000] {logging_mixin.py:151} INFO - [2023-08-24T04:12:06.811+0000] {dagbag.py:539} INFO - Filling up the DagBag from /home/airflow/.local/lib/python3.8/site-packages/airflow/example_dags/example_latest_only_with_trigger.py
[2023-08-24T04:12:06.817+0000] {processor.py:839} INFO - DAG(s) dict_keys(['latest_only_with_trigger']) retrieved from /home/airflow/.local/lib/python3.8/site-packages/airflow/example_dags/example_latest_only_with_trigger.py
[2023-08-24T04:12:06.834+0000] {logging_mixin.py:151} INFO - [2023-08-24T04:12:06.834+0000] {dag.py:2907} INFO - Sync 1 DAGs
[2023-08-24T04:12:06.846+0000] {logging_mixin.py:151} INFO - [2023-08-24T04:12:06.846+0000] {dag.py:3677} INFO - Setting next_dagrun for latest_only_with_trigger to 2023-08-24T00:12:06.845975+00:00, run_after=2023-08-24T04:12:06.845975+00:00
[2023-08-24T04:12:06.856+0000] {processor.py:179} INFO - Processing /home/airflow/.local/lib/python3.8/site-packages/airflow/example_dags/example_latest_only_with_trigger.py took 0.050 seconds
[2023-08-24T04:12:37.520+0000] {processor.py:157} INFO - Started process (PID=1646) to work on /home/airflow/.local/lib/python3.8/site-packages/airflow/example_dags/example_latest_only_with_trigger.py
[2023-08-24T04:12:37.521+0000] {processor.py:829} INFO - Processing file /home/airflow/.local/lib/python3.8/site-packages/airflow/example_dags/example_latest_only_with_trigger.py for tasks to queue
[2023-08-24T04:12:37.523+0000] {logging_mixin.py:151} INFO - [2023-08-24T04:12:37.523+0000] {dagbag.py:539} INFO - Filling up the DagBag from /home/airflow/.local/lib/python3.8/site-packages/airflow/example_dags/example_latest_only_with_trigger.py
[2023-08-24T04:12:37.528+0000] {processor.py:839} INFO - DAG(s) dict_keys(['latest_only_with_trigger']) retrieved from /home/airflow/.local/lib/python3.8/site-packages/airflow/example_dags/example_latest_only_with_trigger.py
[2023-08-24T04:12:37.545+0000] {logging_mixin.py:151} INFO - [2023-08-24T04:12:37.545+0000] {dag.py:2907} INFO - Sync 1 DAGs
[2023-08-24T04:12:37.557+0000] {logging_mixin.py:151} INFO - [2023-08-24T04:12:37.557+0000] {dag.py:3677} INFO - Setting next_dagrun for latest_only_with_trigger to 2023-08-24T00:12:37.557602+00:00, run_after=2023-08-24T04:12:37.557602+00:00
[2023-08-24T04:12:37.568+0000] {processor.py:179} INFO - Processing /home/airflow/.local/lib/python3.8/site-packages/airflow/example_dags/example_latest_only_with_trigger.py took 0.051 seconds
[2023-08-24T04:13:08.299+0000] {processor.py:157} INFO - Started process (PID=1709) to work on /home/airflow/.local/lib/python3.8/site-packages/airflow/example_dags/example_latest_only_with_trigger.py
[2023-08-24T04:13:08.300+0000] {processor.py:829} INFO - Processing file /home/airflow/.local/lib/python3.8/site-packages/airflow/example_dags/example_latest_only_with_trigger.py for tasks to queue
[2023-08-24T04:13:08.302+0000] {logging_mixin.py:151} INFO - [2023-08-24T04:13:08.301+0000] {dagbag.py:539} INFO - Filling up the DagBag from /home/airflow/.local/lib/python3.8/site-packages/airflow/example_dags/example_latest_only_with_trigger.py
[2023-08-24T04:13:08.307+0000] {processor.py:839} INFO - DAG(s) dict_keys(['latest_only_with_trigger']) retrieved from /home/airflow/.local/lib/python3.8/site-packages/airflow/example_dags/example_latest_only_with_trigger.py
[2023-08-24T04:13:08.324+0000] {logging_mixin.py:151} INFO - [2023-08-24T04:13:08.324+0000] {dag.py:2907} INFO - Sync 1 DAGs
[2023-08-24T04:13:08.336+0000] {logging_mixin.py:151} INFO - [2023-08-24T04:13:08.336+0000] {dag.py:3677} INFO - Setting next_dagrun for latest_only_with_trigger to 2023-08-24T00:13:08.336327+00:00, run_after=2023-08-24T04:13:08.336327+00:00
[2023-08-24T04:13:08.346+0000] {processor.py:179} INFO - Processing /home/airflow/.local/lib/python3.8/site-packages/airflow/example_dags/example_latest_only_with_trigger.py took 0.050 seconds
[2023-08-24T04:13:38.929+0000] {processor.py:157} INFO - Started process (PID=1772) to work on /home/airflow/.local/lib/python3.8/site-packages/airflow/example_dags/example_latest_only_with_trigger.py
[2023-08-24T04:13:38.930+0000] {processor.py:829} INFO - Processing file /home/airflow/.local/lib/python3.8/site-packages/airflow/example_dags/example_latest_only_with_trigger.py for tasks to queue
[2023-08-24T04:13:38.933+0000] {logging_mixin.py:151} INFO - [2023-08-24T04:13:38.932+0000] {dagbag.py:539} INFO - Filling up the DagBag from /home/airflow/.local/lib/python3.8/site-packages/airflow/example_dags/example_latest_only_with_trigger.py
[2023-08-24T04:13:38.938+0000] {processor.py:839} INFO - DAG(s) dict_keys(['latest_only_with_trigger']) retrieved from /home/airflow/.local/lib/python3.8/site-packages/airflow/example_dags/example_latest_only_with_trigger.py
[2023-08-24T04:13:38.959+0000] {logging_mixin.py:151} INFO - [2023-08-24T04:13:38.959+0000] {dag.py:2907} INFO - Sync 1 DAGs
[2023-08-24T04:13:38.978+0000] {logging_mixin.py:151} INFO - [2023-08-24T04:13:38.978+0000] {dag.py:3677} INFO - Setting next_dagrun for latest_only_with_trigger to 2023-08-24T00:13:38.978376+00:00, run_after=2023-08-24T04:13:38.978376+00:00
[2023-08-24T04:13:38.999+0000] {processor.py:179} INFO - Processing /home/airflow/.local/lib/python3.8/site-packages/airflow/example_dags/example_latest_only_with_trigger.py took 0.073 seconds
[2023-08-24T04:14:09.988+0000] {processor.py:157} INFO - Started process (PID=1835) to work on /home/airflow/.local/lib/python3.8/site-packages/airflow/example_dags/example_latest_only_with_trigger.py
[2023-08-24T04:14:09.989+0000] {processor.py:829} INFO - Processing file /home/airflow/.local/lib/python3.8/site-packages/airflow/example_dags/example_latest_only_with_trigger.py for tasks to queue
[2023-08-24T04:14:09.991+0000] {logging_mixin.py:151} INFO - [2023-08-24T04:14:09.991+0000] {dagbag.py:539} INFO - Filling up the DagBag from /home/airflow/.local/lib/python3.8/site-packages/airflow/example_dags/example_latest_only_with_trigger.py
[2023-08-24T04:14:09.996+0000] {processor.py:839} INFO - DAG(s) dict_keys(['latest_only_with_trigger']) retrieved from /home/airflow/.local/lib/python3.8/site-packages/airflow/example_dags/example_latest_only_with_trigger.py
[2023-08-24T04:14:10.013+0000] {logging_mixin.py:151} INFO - [2023-08-24T04:14:10.013+0000] {dag.py:2907} INFO - Sync 1 DAGs
[2023-08-24T04:14:10.028+0000] {logging_mixin.py:151} INFO - [2023-08-24T04:14:10.027+0000] {dag.py:3677} INFO - Setting next_dagrun for latest_only_with_trigger to 2023-08-24T00:14:10.027617+00:00, run_after=2023-08-24T04:14:10.027617+00:00
[2023-08-24T04:14:10.041+0000] {processor.py:179} INFO - Processing /home/airflow/.local/lib/python3.8/site-packages/airflow/example_dags/example_latest_only_with_trigger.py took 0.056 seconds
[2023-08-24T04:14:40.935+0000] {processor.py:157} INFO - Started process (PID=1898) to work on /home/airflow/.local/lib/python3.8/site-packages/airflow/example_dags/example_latest_only_with_trigger.py
[2023-08-24T04:14:40.936+0000] {processor.py:829} INFO - Processing file /home/airflow/.local/lib/python3.8/site-packages/airflow/example_dags/example_latest_only_with_trigger.py for tasks to queue
[2023-08-24T04:14:40.938+0000] {logging_mixin.py:151} INFO - [2023-08-24T04:14:40.938+0000] {dagbag.py:539} INFO - Filling up the DagBag from /home/airflow/.local/lib/python3.8/site-packages/airflow/example_dags/example_latest_only_with_trigger.py
[2023-08-24T04:14:40.945+0000] {processor.py:839} INFO - DAG(s) dict_keys(['latest_only_with_trigger']) retrieved from /home/airflow/.local/lib/python3.8/site-packages/airflow/example_dags/example_latest_only_with_trigger.py
[2023-08-24T04:14:40.964+0000] {logging_mixin.py:151} INFO - [2023-08-24T04:14:40.964+0000] {dag.py:2907} INFO - Sync 1 DAGs
[2023-08-24T04:14:40.980+0000] {logging_mixin.py:151} INFO - [2023-08-24T04:14:40.979+0000] {dag.py:3677} INFO - Setting next_dagrun for latest_only_with_trigger to 2023-08-24T00:14:40.979676+00:00, run_after=2023-08-24T04:14:40.979676+00:00
[2023-08-24T04:14:40.991+0000] {processor.py:179} INFO - Processing /home/airflow/.local/lib/python3.8/site-packages/airflow/example_dags/example_latest_only_with_trigger.py took 0.058 seconds
[2023-08-24T04:15:11.751+0000] {processor.py:157} INFO - Started process (PID=1961) to work on /home/airflow/.local/lib/python3.8/site-packages/airflow/example_dags/example_latest_only_with_trigger.py
[2023-08-24T04:15:11.752+0000] {processor.py:829} INFO - Processing file /home/airflow/.local/lib/python3.8/site-packages/airflow/example_dags/example_latest_only_with_trigger.py for tasks to queue
[2023-08-24T04:15:11.754+0000] {logging_mixin.py:151} INFO - [2023-08-24T04:15:11.754+0000] {dagbag.py:539} INFO - Filling up the DagBag from /home/airflow/.local/lib/python3.8/site-packages/airflow/example_dags/example_latest_only_with_trigger.py
[2023-08-24T04:15:11.759+0000] {processor.py:839} INFO - DAG(s) dict_keys(['latest_only_with_trigger']) retrieved from /home/airflow/.local/lib/python3.8/site-packages/airflow/example_dags/example_latest_only_with_trigger.py
[2023-08-24T04:15:11.781+0000] {logging_mixin.py:151} INFO - [2023-08-24T04:15:11.781+0000] {dag.py:2907} INFO - Sync 1 DAGs
[2023-08-24T04:15:11.794+0000] {logging_mixin.py:151} INFO - [2023-08-24T04:15:11.794+0000] {dag.py:3677} INFO - Setting next_dagrun for latest_only_with_trigger to 2023-08-24T00:15:11.793991+00:00, run_after=2023-08-24T04:15:11.793991+00:00
[2023-08-24T04:15:11.805+0000] {processor.py:179} INFO - Processing /home/airflow/.local/lib/python3.8/site-packages/airflow/example_dags/example_latest_only_with_trigger.py took 0.057 seconds
[2023-08-24T04:15:42.669+0000] {processor.py:157} INFO - Started process (PID=2030) to work on /home/airflow/.local/lib/python3.8/site-packages/airflow/example_dags/example_latest_only_with_trigger.py
[2023-08-24T04:15:42.670+0000] {processor.py:829} INFO - Processing file /home/airflow/.local/lib/python3.8/site-packages/airflow/example_dags/example_latest_only_with_trigger.py for tasks to queue
[2023-08-24T04:15:42.672+0000] {logging_mixin.py:151} INFO - [2023-08-24T04:15:42.672+0000] {dagbag.py:539} INFO - Filling up the DagBag from /home/airflow/.local/lib/python3.8/site-packages/airflow/example_dags/example_latest_only_with_trigger.py
[2023-08-24T04:15:42.677+0000] {processor.py:839} INFO - DAG(s) dict_keys(['latest_only_with_trigger']) retrieved from /home/airflow/.local/lib/python3.8/site-packages/airflow/example_dags/example_latest_only_with_trigger.py
[2023-08-24T04:15:42.697+0000] {logging_mixin.py:151} INFO - [2023-08-24T04:15:42.697+0000] {dag.py:2907} INFO - Sync 1 DAGs
[2023-08-24T04:15:42.711+0000] {logging_mixin.py:151} INFO - [2023-08-24T04:15:42.711+0000] {dag.py:3677} INFO - Setting next_dagrun for latest_only_with_trigger to 2023-08-24T00:15:42.711557+00:00, run_after=2023-08-24T04:15:42.711557+00:00
[2023-08-24T04:15:42.723+0000] {processor.py:179} INFO - Processing /home/airflow/.local/lib/python3.8/site-packages/airflow/example_dags/example_latest_only_with_trigger.py took 0.057 seconds
[2023-08-24T04:16:13.364+0000] {processor.py:157} INFO - Started process (PID=2093) to work on /home/airflow/.local/lib/python3.8/site-packages/airflow/example_dags/example_latest_only_with_trigger.py
[2023-08-24T04:16:13.365+0000] {processor.py:829} INFO - Processing file /home/airflow/.local/lib/python3.8/site-packages/airflow/example_dags/example_latest_only_with_trigger.py for tasks to queue
[2023-08-24T04:16:13.367+0000] {logging_mixin.py:151} INFO - [2023-08-24T04:16:13.367+0000] {dagbag.py:539} INFO - Filling up the DagBag from /home/airflow/.local/lib/python3.8/site-packages/airflow/example_dags/example_latest_only_with_trigger.py
[2023-08-24T04:16:13.372+0000] {processor.py:839} INFO - DAG(s) dict_keys(['latest_only_with_trigger']) retrieved from /home/airflow/.local/lib/python3.8/site-packages/airflow/example_dags/example_latest_only_with_trigger.py
[2023-08-24T04:16:13.390+0000] {logging_mixin.py:151} INFO - [2023-08-24T04:16:13.390+0000] {dag.py:2907} INFO - Sync 1 DAGs
[2023-08-24T04:16:13.405+0000] {logging_mixin.py:151} INFO - [2023-08-24T04:16:13.405+0000] {dag.py:3677} INFO - Setting next_dagrun for latest_only_with_trigger to 2023-08-24T00:16:13.405423+00:00, run_after=2023-08-24T04:16:13.405423+00:00
[2023-08-24T04:16:13.418+0000] {processor.py:179} INFO - Processing /home/airflow/.local/lib/python3.8/site-packages/airflow/example_dags/example_latest_only_with_trigger.py took 0.057 seconds
[2023-08-24T04:16:44.136+0000] {processor.py:157} INFO - Started process (PID=2156) to work on /home/airflow/.local/lib/python3.8/site-packages/airflow/example_dags/example_latest_only_with_trigger.py
[2023-08-24T04:16:44.137+0000] {processor.py:829} INFO - Processing file /home/airflow/.local/lib/python3.8/site-packages/airflow/example_dags/example_latest_only_with_trigger.py for tasks to queue
[2023-08-24T04:16:44.139+0000] {logging_mixin.py:151} INFO - [2023-08-24T04:16:44.139+0000] {dagbag.py:539} INFO - Filling up the DagBag from /home/airflow/.local/lib/python3.8/site-packages/airflow/example_dags/example_latest_only_with_trigger.py
[2023-08-24T04:16:44.144+0000] {processor.py:839} INFO - DAG(s) dict_keys(['latest_only_with_trigger']) retrieved from /home/airflow/.local/lib/python3.8/site-packages/airflow/example_dags/example_latest_only_with_trigger.py
[2023-08-24T04:16:44.161+0000] {logging_mixin.py:151} INFO - [2023-08-24T04:16:44.161+0000] {dag.py:2907} INFO - Sync 1 DAGs
[2023-08-24T04:16:44.174+0000] {logging_mixin.py:151} INFO - [2023-08-24T04:16:44.174+0000] {dag.py:3677} INFO - Setting next_dagrun for latest_only_with_trigger to 2023-08-24T00:16:44.174037+00:00, run_after=2023-08-24T04:16:44.174037+00:00
[2023-08-24T04:16:44.185+0000] {processor.py:179} INFO - Processing /home/airflow/.local/lib/python3.8/site-packages/airflow/example_dags/example_latest_only_with_trigger.py took 0.051 seconds
[2023-08-24T04:17:15.086+0000] {processor.py:157} INFO - Started process (PID=2219) to work on /home/airflow/.local/lib/python3.8/site-packages/airflow/example_dags/example_latest_only_with_trigger.py
[2023-08-24T04:17:15.087+0000] {processor.py:829} INFO - Processing file /home/airflow/.local/lib/python3.8/site-packages/airflow/example_dags/example_latest_only_with_trigger.py for tasks to queue
[2023-08-24T04:17:15.089+0000] {logging_mixin.py:151} INFO - [2023-08-24T04:17:15.089+0000] {dagbag.py:539} INFO - Filling up the DagBag from /home/airflow/.local/lib/python3.8/site-packages/airflow/example_dags/example_latest_only_with_trigger.py
[2023-08-24T04:17:15.094+0000] {processor.py:839} INFO - DAG(s) dict_keys(['latest_only_with_trigger']) retrieved from /home/airflow/.local/lib/python3.8/site-packages/airflow/example_dags/example_latest_only_with_trigger.py
[2023-08-24T04:17:15.114+0000] {logging_mixin.py:151} INFO - [2023-08-24T04:17:15.114+0000] {dag.py:2907} INFO - Sync 1 DAGs
[2023-08-24T04:17:15.133+0000] {logging_mixin.py:151} INFO - [2023-08-24T04:17:15.133+0000] {dag.py:3677} INFO - Setting next_dagrun for latest_only_with_trigger to 2023-08-24T00:17:15.133402+00:00, run_after=2023-08-24T04:17:15.133402+00:00
[2023-08-24T04:17:15.155+0000] {processor.py:179} INFO - Processing /home/airflow/.local/lib/python3.8/site-packages/airflow/example_dags/example_latest_only_with_trigger.py took 0.073 seconds
[2023-08-24T04:17:45.285+0000] {processor.py:157} INFO - Started process (PID=2286) to work on /home/airflow/.local/lib/python3.8/site-packages/airflow/example_dags/example_latest_only_with_trigger.py
[2023-08-24T04:17:45.286+0000] {processor.py:829} INFO - Processing file /home/airflow/.local/lib/python3.8/site-packages/airflow/example_dags/example_latest_only_with_trigger.py for tasks to queue
[2023-08-24T04:17:45.294+0000] {logging_mixin.py:151} INFO - [2023-08-24T04:17:45.294+0000] {dagbag.py:539} INFO - Filling up the DagBag from /home/airflow/.local/lib/python3.8/site-packages/airflow/example_dags/example_latest_only_with_trigger.py
[2023-08-24T04:17:45.299+0000] {processor.py:839} INFO - DAG(s) dict_keys(['latest_only_with_trigger']) retrieved from /home/airflow/.local/lib/python3.8/site-packages/airflow/example_dags/example_latest_only_with_trigger.py
[2023-08-24T04:17:45.317+0000] {logging_mixin.py:151} INFO - [2023-08-24T04:17:45.317+0000] {dag.py:2907} INFO - Sync 1 DAGs
[2023-08-24T04:17:45.329+0000] {logging_mixin.py:151} INFO - [2023-08-24T04:17:45.329+0000] {dag.py:3677} INFO - Setting next_dagrun for latest_only_with_trigger to 2023-08-24T00:17:45.329075+00:00, run_after=2023-08-24T04:17:45.329075+00:00
[2023-08-24T04:17:45.339+0000] {processor.py:179} INFO - Processing /home/airflow/.local/lib/python3.8/site-packages/airflow/example_dags/example_latest_only_with_trigger.py took 0.057 seconds
[2023-08-24T04:18:16.007+0000] {processor.py:157} INFO - Started process (PID=2348) to work on /home/airflow/.local/lib/python3.8/site-packages/airflow/example_dags/example_latest_only_with_trigger.py
[2023-08-24T04:18:16.008+0000] {processor.py:829} INFO - Processing file /home/airflow/.local/lib/python3.8/site-packages/airflow/example_dags/example_latest_only_with_trigger.py for tasks to queue
[2023-08-24T04:18:16.010+0000] {logging_mixin.py:151} INFO - [2023-08-24T04:18:16.009+0000] {dagbag.py:539} INFO - Filling up the DagBag from /home/airflow/.local/lib/python3.8/site-packages/airflow/example_dags/example_latest_only_with_trigger.py
[2023-08-24T04:18:16.014+0000] {processor.py:839} INFO - DAG(s) dict_keys(['latest_only_with_trigger']) retrieved from /home/airflow/.local/lib/python3.8/site-packages/airflow/example_dags/example_latest_only_with_trigger.py
[2023-08-24T04:18:16.031+0000] {logging_mixin.py:151} INFO - [2023-08-24T04:18:16.031+0000] {dag.py:2907} INFO - Sync 1 DAGs
[2023-08-24T04:18:16.044+0000] {logging_mixin.py:151} INFO - [2023-08-24T04:18:16.044+0000] {dag.py:3677} INFO - Setting next_dagrun for latest_only_with_trigger to 2023-08-24T00:18:16.044458+00:00, run_after=2023-08-24T04:18:16.044458+00:00
[2023-08-24T04:18:16.055+0000] {processor.py:179} INFO - Processing /home/airflow/.local/lib/python3.8/site-packages/airflow/example_dags/example_latest_only_with_trigger.py took 0.051 seconds
[2023-08-24T04:24:30.555+0000] {processor.py:157} INFO - Started process (PID=72) to work on /home/airflow/.local/lib/python3.8/site-packages/airflow/example_dags/example_latest_only_with_trigger.py
[2023-08-24T04:24:30.556+0000] {processor.py:829} INFO - Processing file /home/airflow/.local/lib/python3.8/site-packages/airflow/example_dags/example_latest_only_with_trigger.py for tasks to queue
[2023-08-24T04:24:30.558+0000] {logging_mixin.py:151} INFO - [2023-08-24T04:24:30.558+0000] {dagbag.py:539} INFO - Filling up the DagBag from /home/airflow/.local/lib/python3.8/site-packages/airflow/example_dags/example_latest_only_with_trigger.py
[2023-08-24T04:24:30.563+0000] {processor.py:839} INFO - DAG(s) dict_keys(['latest_only_with_trigger']) retrieved from /home/airflow/.local/lib/python3.8/site-packages/airflow/example_dags/example_latest_only_with_trigger.py
[2023-08-24T04:24:30.574+0000] {logging_mixin.py:151} INFO - [2023-08-24T04:24:30.574+0000] {dag.py:2907} INFO - Sync 1 DAGs
[2023-08-24T04:24:30.589+0000] {logging_mixin.py:151} INFO - [2023-08-24T04:24:30.589+0000] {dag.py:3677} INFO - Setting next_dagrun for latest_only_with_trigger to 2023-08-24T00:24:30.589501+00:00, run_after=2023-08-24T04:24:30.589501+00:00
[2023-08-24T04:24:30.599+0000] {processor.py:179} INFO - Processing /home/airflow/.local/lib/python3.8/site-packages/airflow/example_dags/example_latest_only_with_trigger.py took 0.048 seconds
[2023-08-24T04:25:00.753+0000] {processor.py:157} INFO - Started process (PID=135) to work on /home/airflow/.local/lib/python3.8/site-packages/airflow/example_dags/example_latest_only_with_trigger.py
[2023-08-24T04:25:00.755+0000] {processor.py:829} INFO - Processing file /home/airflow/.local/lib/python3.8/site-packages/airflow/example_dags/example_latest_only_with_trigger.py for tasks to queue
[2023-08-24T04:25:00.757+0000] {logging_mixin.py:151} INFO - [2023-08-24T04:25:00.757+0000] {dagbag.py:539} INFO - Filling up the DagBag from /home/airflow/.local/lib/python3.8/site-packages/airflow/example_dags/example_latest_only_with_trigger.py
[2023-08-24T04:25:00.762+0000] {processor.py:839} INFO - DAG(s) dict_keys(['latest_only_with_trigger']) retrieved from /home/airflow/.local/lib/python3.8/site-packages/airflow/example_dags/example_latest_only_with_trigger.py
[2023-08-24T04:25:00.781+0000] {logging_mixin.py:151} INFO - [2023-08-24T04:25:00.780+0000] {dag.py:2907} INFO - Sync 1 DAGs
[2023-08-24T04:25:00.794+0000] {logging_mixin.py:151} INFO - [2023-08-24T04:25:00.794+0000] {dag.py:3677} INFO - Setting next_dagrun for latest_only_with_trigger to 2023-08-24T00:25:00.794652+00:00, run_after=2023-08-24T04:25:00.794652+00:00
[2023-08-24T04:25:00.807+0000] {processor.py:179} INFO - Processing /home/airflow/.local/lib/python3.8/site-packages/airflow/example_dags/example_latest_only_with_trigger.py took 0.058 seconds
[2023-08-24T04:26:40.533+0000] {processor.py:157} INFO - Started process (PID=72) to work on /home/airflow/.local/lib/python3.8/site-packages/airflow/example_dags/example_latest_only_with_trigger.py
[2023-08-24T04:26:40.534+0000] {processor.py:829} INFO - Processing file /home/airflow/.local/lib/python3.8/site-packages/airflow/example_dags/example_latest_only_with_trigger.py for tasks to queue
[2023-08-24T04:26:40.536+0000] {logging_mixin.py:151} INFO - [2023-08-24T04:26:40.536+0000] {dagbag.py:539} INFO - Filling up the DagBag from /home/airflow/.local/lib/python3.8/site-packages/airflow/example_dags/example_latest_only_with_trigger.py
[2023-08-24T04:26:40.541+0000] {processor.py:839} INFO - DAG(s) dict_keys(['latest_only_with_trigger']) retrieved from /home/airflow/.local/lib/python3.8/site-packages/airflow/example_dags/example_latest_only_with_trigger.py
[2023-08-24T04:26:40.552+0000] {logging_mixin.py:151} INFO - [2023-08-24T04:26:40.551+0000] {dag.py:2907} INFO - Sync 1 DAGs
[2023-08-24T04:26:40.568+0000] {logging_mixin.py:151} INFO - [2023-08-24T04:26:40.567+0000] {dag.py:3677} INFO - Setting next_dagrun for latest_only_with_trigger to 2023-08-24T00:26:40.567608+00:00, run_after=2023-08-24T04:26:40.567608+00:00
[2023-08-24T04:26:40.579+0000] {processor.py:179} INFO - Processing /home/airflow/.local/lib/python3.8/site-packages/airflow/example_dags/example_latest_only_with_trigger.py took 0.049 seconds
[2023-08-24T04:27:10.780+0000] {processor.py:157} INFO - Started process (PID=134) to work on /home/airflow/.local/lib/python3.8/site-packages/airflow/example_dags/example_latest_only_with_trigger.py
[2023-08-24T04:27:10.781+0000] {processor.py:829} INFO - Processing file /home/airflow/.local/lib/python3.8/site-packages/airflow/example_dags/example_latest_only_with_trigger.py for tasks to queue
[2023-08-24T04:27:10.784+0000] {logging_mixin.py:151} INFO - [2023-08-24T04:27:10.783+0000] {dagbag.py:539} INFO - Filling up the DagBag from /home/airflow/.local/lib/python3.8/site-packages/airflow/example_dags/example_latest_only_with_trigger.py
[2023-08-24T04:27:10.788+0000] {processor.py:839} INFO - DAG(s) dict_keys(['latest_only_with_trigger']) retrieved from /home/airflow/.local/lib/python3.8/site-packages/airflow/example_dags/example_latest_only_with_trigger.py
[2023-08-24T04:27:10.805+0000] {logging_mixin.py:151} INFO - [2023-08-24T04:27:10.805+0000] {dag.py:2907} INFO - Sync 1 DAGs
[2023-08-24T04:27:10.817+0000] {logging_mixin.py:151} INFO - [2023-08-24T04:27:10.817+0000] {dag.py:3677} INFO - Setting next_dagrun for latest_only_with_trigger to 2023-08-24T00:27:10.817261+00:00, run_after=2023-08-24T04:27:10.817261+00:00
[2023-08-24T04:27:10.827+0000] {processor.py:179} INFO - Processing /home/airflow/.local/lib/python3.8/site-packages/airflow/example_dags/example_latest_only_with_trigger.py took 0.050 seconds
