[2023-08-24T03:04:52.343+0000] {processor.py:157} INFO - Started process (PID=34) to work on /home/airflow/.local/lib/python3.8/site-packages/airflow/example_dags/tutorial.py
[2023-08-24T03:04:52.344+0000] {processor.py:829} INFO - Processing file /home/airflow/.local/lib/python3.8/site-packages/airflow/example_dags/tutorial.py for tasks to queue
[2023-08-24T03:04:52.346+0000] {logging_mixin.py:151} INFO - [2023-08-24T03:04:52.346+0000] {dagbag.py:539} INFO - Filling up the DagBag from /home/airflow/.local/lib/python3.8/site-packages/airflow/example_dags/tutorial.py
[2023-08-24T03:04:52.354+0000] {processor.py:839} INFO - DAG(s) dict_keys(['tutorial']) retrieved from /home/airflow/.local/lib/python3.8/site-packages/airflow/example_dags/tutorial.py
[2023-08-24T03:04:52.364+0000] {logging_mixin.py:151} INFO - [2023-08-24T03:04:52.364+0000] {dag.py:2907} INFO - Sync 1 DAGs
[2023-08-24T03:04:52.470+0000] {logging_mixin.py:151} INFO - [2023-08-24T03:04:52.470+0000] {dag.py:3677} INFO - Setting next_dagrun for tutorial to 2023-08-23T03:04:52.469984+00:00, run_after=2023-08-24T03:04:52.469984+00:00
[2023-08-24T03:04:52.486+0000] {processor.py:179} INFO - Processing /home/airflow/.local/lib/python3.8/site-packages/airflow/example_dags/tutorial.py took 0.146 seconds
[2023-08-24T03:05:23.330+0000] {processor.py:157} INFO - Started process (PID=97) to work on /home/airflow/.local/lib/python3.8/site-packages/airflow/example_dags/tutorial.py
[2023-08-24T03:05:23.331+0000] {processor.py:829} INFO - Processing file /home/airflow/.local/lib/python3.8/site-packages/airflow/example_dags/tutorial.py for tasks to queue
[2023-08-24T03:05:23.333+0000] {logging_mixin.py:151} INFO - [2023-08-24T03:05:23.333+0000] {dagbag.py:539} INFO - Filling up the DagBag from /home/airflow/.local/lib/python3.8/site-packages/airflow/example_dags/tutorial.py
[2023-08-24T03:05:23.338+0000] {processor.py:839} INFO - DAG(s) dict_keys(['tutorial']) retrieved from /home/airflow/.local/lib/python3.8/site-packages/airflow/example_dags/tutorial.py
[2023-08-24T03:05:23.354+0000] {logging_mixin.py:151} INFO - [2023-08-24T03:05:23.354+0000] {dag.py:2907} INFO - Sync 1 DAGs
[2023-08-24T03:05:23.366+0000] {logging_mixin.py:151} INFO - [2023-08-24T03:05:23.366+0000] {dag.py:3677} INFO - Setting next_dagrun for tutorial to 2023-08-23T03:05:23.366383+00:00, run_after=2023-08-24T03:05:23.366383+00:00
[2023-08-24T03:05:23.376+0000] {processor.py:179} INFO - Processing /home/airflow/.local/lib/python3.8/site-packages/airflow/example_dags/tutorial.py took 0.049 seconds
[2023-08-24T03:05:53.439+0000] {processor.py:157} INFO - Started process (PID=160) to work on /home/airflow/.local/lib/python3.8/site-packages/airflow/example_dags/tutorial.py
[2023-08-24T03:05:53.440+0000] {processor.py:829} INFO - Processing file /home/airflow/.local/lib/python3.8/site-packages/airflow/example_dags/tutorial.py for tasks to queue
[2023-08-24T03:05:53.442+0000] {logging_mixin.py:151} INFO - [2023-08-24T03:05:53.442+0000] {dagbag.py:539} INFO - Filling up the DagBag from /home/airflow/.local/lib/python3.8/site-packages/airflow/example_dags/tutorial.py
[2023-08-24T03:05:53.448+0000] {processor.py:839} INFO - DAG(s) dict_keys(['tutorial']) retrieved from /home/airflow/.local/lib/python3.8/site-packages/airflow/example_dags/tutorial.py
[2023-08-24T03:05:53.466+0000] {logging_mixin.py:151} INFO - [2023-08-24T03:05:53.466+0000] {dag.py:2907} INFO - Sync 1 DAGs
[2023-08-24T03:05:53.480+0000] {logging_mixin.py:151} INFO - [2023-08-24T03:05:53.479+0000] {dag.py:3677} INFO - Setting next_dagrun for tutorial to 2023-08-23T03:05:53.479730+00:00, run_after=2023-08-24T03:05:53.479730+00:00
[2023-08-24T03:05:53.491+0000] {processor.py:179} INFO - Processing /home/airflow/.local/lib/python3.8/site-packages/airflow/example_dags/tutorial.py took 0.055 seconds
[2023-08-24T03:06:24.444+0000] {processor.py:157} INFO - Started process (PID=223) to work on /home/airflow/.local/lib/python3.8/site-packages/airflow/example_dags/tutorial.py
[2023-08-24T03:06:24.445+0000] {processor.py:829} INFO - Processing file /home/airflow/.local/lib/python3.8/site-packages/airflow/example_dags/tutorial.py for tasks to queue
[2023-08-24T03:06:24.447+0000] {logging_mixin.py:151} INFO - [2023-08-24T03:06:24.447+0000] {dagbag.py:539} INFO - Filling up the DagBag from /home/airflow/.local/lib/python3.8/site-packages/airflow/example_dags/tutorial.py
[2023-08-24T03:06:24.452+0000] {processor.py:839} INFO - DAG(s) dict_keys(['tutorial']) retrieved from /home/airflow/.local/lib/python3.8/site-packages/airflow/example_dags/tutorial.py
[2023-08-24T03:06:24.469+0000] {logging_mixin.py:151} INFO - [2023-08-24T03:06:24.469+0000] {dag.py:2907} INFO - Sync 1 DAGs
[2023-08-24T03:06:24.481+0000] {logging_mixin.py:151} INFO - [2023-08-24T03:06:24.481+0000] {dag.py:3677} INFO - Setting next_dagrun for tutorial to 2023-08-23T03:06:24.481521+00:00, run_after=2023-08-24T03:06:24.481521+00:00
[2023-08-24T03:06:24.491+0000] {processor.py:179} INFO - Processing /home/airflow/.local/lib/python3.8/site-packages/airflow/example_dags/tutorial.py took 0.049 seconds
[2023-08-24T03:06:55.315+0000] {processor.py:157} INFO - Started process (PID=286) to work on /home/airflow/.local/lib/python3.8/site-packages/airflow/example_dags/tutorial.py
[2023-08-24T03:06:55.316+0000] {processor.py:829} INFO - Processing file /home/airflow/.local/lib/python3.8/site-packages/airflow/example_dags/tutorial.py for tasks to queue
[2023-08-24T03:06:55.319+0000] {logging_mixin.py:151} INFO - [2023-08-24T03:06:55.319+0000] {dagbag.py:539} INFO - Filling up the DagBag from /home/airflow/.local/lib/python3.8/site-packages/airflow/example_dags/tutorial.py
[2023-08-24T03:06:55.325+0000] {processor.py:839} INFO - DAG(s) dict_keys(['tutorial']) retrieved from /home/airflow/.local/lib/python3.8/site-packages/airflow/example_dags/tutorial.py
[2023-08-24T03:06:55.342+0000] {logging_mixin.py:151} INFO - [2023-08-24T03:06:55.342+0000] {dag.py:2907} INFO - Sync 1 DAGs
[2023-08-24T03:06:55.354+0000] {logging_mixin.py:151} INFO - [2023-08-24T03:06:55.354+0000] {dag.py:3677} INFO - Setting next_dagrun for tutorial to 2023-08-23T03:06:55.354217+00:00, run_after=2023-08-24T03:06:55.354217+00:00
[2023-08-24T03:06:55.364+0000] {processor.py:179} INFO - Processing /home/airflow/.local/lib/python3.8/site-packages/airflow/example_dags/tutorial.py took 0.052 seconds
[2023-08-24T03:07:26.213+0000] {processor.py:157} INFO - Started process (PID=353) to work on /home/airflow/.local/lib/python3.8/site-packages/airflow/example_dags/tutorial.py
[2023-08-24T03:07:26.214+0000] {processor.py:829} INFO - Processing file /home/airflow/.local/lib/python3.8/site-packages/airflow/example_dags/tutorial.py for tasks to queue
[2023-08-24T03:07:26.216+0000] {logging_mixin.py:151} INFO - [2023-08-24T03:07:26.216+0000] {dagbag.py:539} INFO - Filling up the DagBag from /home/airflow/.local/lib/python3.8/site-packages/airflow/example_dags/tutorial.py
[2023-08-24T03:07:26.220+0000] {processor.py:839} INFO - DAG(s) dict_keys(['tutorial']) retrieved from /home/airflow/.local/lib/python3.8/site-packages/airflow/example_dags/tutorial.py
[2023-08-24T03:07:26.236+0000] {logging_mixin.py:151} INFO - [2023-08-24T03:07:26.236+0000] {dag.py:2907} INFO - Sync 1 DAGs
[2023-08-24T03:07:26.248+0000] {logging_mixin.py:151} INFO - [2023-08-24T03:07:26.248+0000] {dag.py:3677} INFO - Setting next_dagrun for tutorial to 2023-08-23T03:07:26.248596+00:00, run_after=2023-08-24T03:07:26.248596+00:00
[2023-08-24T03:07:26.258+0000] {processor.py:179} INFO - Processing /home/airflow/.local/lib/python3.8/site-packages/airflow/example_dags/tutorial.py took 0.048 seconds
[2023-08-24T03:07:56.845+0000] {processor.py:157} INFO - Started process (PID=416) to work on /home/airflow/.local/lib/python3.8/site-packages/airflow/example_dags/tutorial.py
[2023-08-24T03:07:56.847+0000] {processor.py:829} INFO - Processing file /home/airflow/.local/lib/python3.8/site-packages/airflow/example_dags/tutorial.py for tasks to queue
[2023-08-24T03:07:56.849+0000] {logging_mixin.py:151} INFO - [2023-08-24T03:07:56.849+0000] {dagbag.py:539} INFO - Filling up the DagBag from /home/airflow/.local/lib/python3.8/site-packages/airflow/example_dags/tutorial.py
[2023-08-24T03:07:56.854+0000] {processor.py:839} INFO - DAG(s) dict_keys(['tutorial']) retrieved from /home/airflow/.local/lib/python3.8/site-packages/airflow/example_dags/tutorial.py
[2023-08-24T03:07:56.871+0000] {logging_mixin.py:151} INFO - [2023-08-24T03:07:56.871+0000] {dag.py:2907} INFO - Sync 1 DAGs
[2023-08-24T03:07:56.883+0000] {logging_mixin.py:151} INFO - [2023-08-24T03:07:56.883+0000] {dag.py:3677} INFO - Setting next_dagrun for tutorial to 2023-08-23T03:07:56.883609+00:00, run_after=2023-08-24T03:07:56.883609+00:00
[2023-08-24T03:07:56.894+0000] {processor.py:179} INFO - Processing /home/airflow/.local/lib/python3.8/site-packages/airflow/example_dags/tutorial.py took 0.051 seconds
[2023-08-24T03:08:27.645+0000] {processor.py:157} INFO - Started process (PID=480) to work on /home/airflow/.local/lib/python3.8/site-packages/airflow/example_dags/tutorial.py
[2023-08-24T03:08:27.646+0000] {processor.py:829} INFO - Processing file /home/airflow/.local/lib/python3.8/site-packages/airflow/example_dags/tutorial.py for tasks to queue
[2023-08-24T03:08:27.648+0000] {logging_mixin.py:151} INFO - [2023-08-24T03:08:27.648+0000] {dagbag.py:539} INFO - Filling up the DagBag from /home/airflow/.local/lib/python3.8/site-packages/airflow/example_dags/tutorial.py
[2023-08-24T03:08:27.653+0000] {processor.py:839} INFO - DAG(s) dict_keys(['tutorial']) retrieved from /home/airflow/.local/lib/python3.8/site-packages/airflow/example_dags/tutorial.py
[2023-08-24T03:08:27.670+0000] {logging_mixin.py:151} INFO - [2023-08-24T03:08:27.670+0000] {dag.py:2907} INFO - Sync 1 DAGs
[2023-08-24T03:08:27.683+0000] {logging_mixin.py:151} INFO - [2023-08-24T03:08:27.683+0000] {dag.py:3677} INFO - Setting next_dagrun for tutorial to 2023-08-23T03:08:27.683373+00:00, run_after=2023-08-24T03:08:27.683373+00:00
[2023-08-24T03:08:27.694+0000] {processor.py:179} INFO - Processing /home/airflow/.local/lib/python3.8/site-packages/airflow/example_dags/tutorial.py took 0.053 seconds
[2023-08-24T03:08:58.525+0000] {processor.py:157} INFO - Started process (PID=543) to work on /home/airflow/.local/lib/python3.8/site-packages/airflow/example_dags/tutorial.py
[2023-08-24T03:08:58.526+0000] {processor.py:829} INFO - Processing file /home/airflow/.local/lib/python3.8/site-packages/airflow/example_dags/tutorial.py for tasks to queue
[2023-08-24T03:08:58.528+0000] {logging_mixin.py:151} INFO - [2023-08-24T03:08:58.528+0000] {dagbag.py:539} INFO - Filling up the DagBag from /home/airflow/.local/lib/python3.8/site-packages/airflow/example_dags/tutorial.py
[2023-08-24T03:08:58.533+0000] {processor.py:839} INFO - DAG(s) dict_keys(['tutorial']) retrieved from /home/airflow/.local/lib/python3.8/site-packages/airflow/example_dags/tutorial.py
[2023-08-24T03:08:58.549+0000] {logging_mixin.py:151} INFO - [2023-08-24T03:08:58.549+0000] {dag.py:2907} INFO - Sync 1 DAGs
[2023-08-24T03:08:58.561+0000] {logging_mixin.py:151} INFO - [2023-08-24T03:08:58.561+0000] {dag.py:3677} INFO - Setting next_dagrun for tutorial to 2023-08-23T03:08:58.561058+00:00, run_after=2023-08-24T03:08:58.561058+00:00
[2023-08-24T03:08:58.570+0000] {processor.py:179} INFO - Processing /home/airflow/.local/lib/python3.8/site-packages/airflow/example_dags/tutorial.py took 0.049 seconds
[2023-08-24T03:16:27.395+0000] {processor.py:157} INFO - Started process (PID=35) to work on /home/airflow/.local/lib/python3.8/site-packages/airflow/example_dags/tutorial.py
[2023-08-24T03:16:27.396+0000] {processor.py:829} INFO - Processing file /home/airflow/.local/lib/python3.8/site-packages/airflow/example_dags/tutorial.py for tasks to queue
[2023-08-24T03:16:27.399+0000] {logging_mixin.py:151} INFO - [2023-08-24T03:16:27.398+0000] {dagbag.py:539} INFO - Filling up the DagBag from /home/airflow/.local/lib/python3.8/site-packages/airflow/example_dags/tutorial.py
[2023-08-24T03:16:27.406+0000] {processor.py:839} INFO - DAG(s) dict_keys(['tutorial']) retrieved from /home/airflow/.local/lib/python3.8/site-packages/airflow/example_dags/tutorial.py
[2023-08-24T03:16:27.417+0000] {logging_mixin.py:151} INFO - [2023-08-24T03:16:27.417+0000] {dag.py:2907} INFO - Sync 1 DAGs
[2023-08-24T03:16:27.507+0000] {logging_mixin.py:151} INFO - [2023-08-24T03:16:27.507+0000] {dag.py:3677} INFO - Setting next_dagrun for tutorial to 2023-08-23T03:16:27.507273+00:00, run_after=2023-08-24T03:16:27.507273+00:00
[2023-08-24T03:16:27.518+0000] {processor.py:179} INFO - Processing /home/airflow/.local/lib/python3.8/site-packages/airflow/example_dags/tutorial.py took 0.125 seconds
[2023-08-24T03:16:57.957+0000] {processor.py:157} INFO - Started process (PID=98) to work on /home/airflow/.local/lib/python3.8/site-packages/airflow/example_dags/tutorial.py
[2023-08-24T03:16:57.959+0000] {processor.py:829} INFO - Processing file /home/airflow/.local/lib/python3.8/site-packages/airflow/example_dags/tutorial.py for tasks to queue
[2023-08-24T03:16:57.961+0000] {logging_mixin.py:151} INFO - [2023-08-24T03:16:57.961+0000] {dagbag.py:539} INFO - Filling up the DagBag from /home/airflow/.local/lib/python3.8/site-packages/airflow/example_dags/tutorial.py
[2023-08-24T03:16:57.966+0000] {processor.py:839} INFO - DAG(s) dict_keys(['tutorial']) retrieved from /home/airflow/.local/lib/python3.8/site-packages/airflow/example_dags/tutorial.py
[2023-08-24T03:16:57.985+0000] {logging_mixin.py:151} INFO - [2023-08-24T03:16:57.985+0000] {dag.py:2907} INFO - Sync 1 DAGs
[2023-08-24T03:16:57.998+0000] {logging_mixin.py:151} INFO - [2023-08-24T03:16:57.998+0000] {dag.py:3677} INFO - Setting next_dagrun for tutorial to 2023-08-23T03:16:57.998161+00:00, run_after=2023-08-24T03:16:57.998161+00:00
[2023-08-24T03:16:58.010+0000] {processor.py:179} INFO - Processing /home/airflow/.local/lib/python3.8/site-packages/airflow/example_dags/tutorial.py took 0.055 seconds
[2023-08-24T03:17:28.767+0000] {processor.py:157} INFO - Started process (PID=161) to work on /home/airflow/.local/lib/python3.8/site-packages/airflow/example_dags/tutorial.py
[2023-08-24T03:17:28.768+0000] {processor.py:829} INFO - Processing file /home/airflow/.local/lib/python3.8/site-packages/airflow/example_dags/tutorial.py for tasks to queue
[2023-08-24T03:17:28.771+0000] {logging_mixin.py:151} INFO - [2023-08-24T03:17:28.770+0000] {dagbag.py:539} INFO - Filling up the DagBag from /home/airflow/.local/lib/python3.8/site-packages/airflow/example_dags/tutorial.py
[2023-08-24T03:17:28.776+0000] {processor.py:839} INFO - DAG(s) dict_keys(['tutorial']) retrieved from /home/airflow/.local/lib/python3.8/site-packages/airflow/example_dags/tutorial.py
[2023-08-24T03:17:28.793+0000] {logging_mixin.py:151} INFO - [2023-08-24T03:17:28.793+0000] {dag.py:2907} INFO - Sync 1 DAGs
[2023-08-24T03:17:28.806+0000] {logging_mixin.py:151} INFO - [2023-08-24T03:17:28.806+0000] {dag.py:3677} INFO - Setting next_dagrun for tutorial to 2023-08-23T03:17:28.806415+00:00, run_after=2023-08-24T03:17:28.806415+00:00
[2023-08-24T03:17:28.820+0000] {processor.py:179} INFO - Processing /home/airflow/.local/lib/python3.8/site-packages/airflow/example_dags/tutorial.py took 0.056 seconds
[2023-08-24T03:17:59.610+0000] {processor.py:157} INFO - Started process (PID=224) to work on /home/airflow/.local/lib/python3.8/site-packages/airflow/example_dags/tutorial.py
[2023-08-24T03:17:59.611+0000] {processor.py:829} INFO - Processing file /home/airflow/.local/lib/python3.8/site-packages/airflow/example_dags/tutorial.py for tasks to queue
[2023-08-24T03:17:59.613+0000] {logging_mixin.py:151} INFO - [2023-08-24T03:17:59.613+0000] {dagbag.py:539} INFO - Filling up the DagBag from /home/airflow/.local/lib/python3.8/site-packages/airflow/example_dags/tutorial.py
[2023-08-24T03:17:59.618+0000] {processor.py:839} INFO - DAG(s) dict_keys(['tutorial']) retrieved from /home/airflow/.local/lib/python3.8/site-packages/airflow/example_dags/tutorial.py
[2023-08-24T03:17:59.634+0000] {logging_mixin.py:151} INFO - [2023-08-24T03:17:59.634+0000] {dag.py:2907} INFO - Sync 1 DAGs
[2023-08-24T03:17:59.646+0000] {logging_mixin.py:151} INFO - [2023-08-24T03:17:59.646+0000] {dag.py:3677} INFO - Setting next_dagrun for tutorial to 2023-08-23T03:17:59.646357+00:00, run_after=2023-08-24T03:17:59.646357+00:00
[2023-08-24T03:17:59.657+0000] {processor.py:179} INFO - Processing /home/airflow/.local/lib/python3.8/site-packages/airflow/example_dags/tutorial.py took 0.049 seconds
[2023-08-24T03:19:13.769+0000] {processor.py:157} INFO - Started process (PID=34) to work on /home/airflow/.local/lib/python3.8/site-packages/airflow/example_dags/tutorial.py
[2023-08-24T03:19:13.770+0000] {processor.py:829} INFO - Processing file /home/airflow/.local/lib/python3.8/site-packages/airflow/example_dags/tutorial.py for tasks to queue
[2023-08-24T03:19:13.772+0000] {logging_mixin.py:151} INFO - [2023-08-24T03:19:13.772+0000] {dagbag.py:539} INFO - Filling up the DagBag from /home/airflow/.local/lib/python3.8/site-packages/airflow/example_dags/tutorial.py
[2023-08-24T03:19:13.780+0000] {processor.py:839} INFO - DAG(s) dict_keys(['tutorial']) retrieved from /home/airflow/.local/lib/python3.8/site-packages/airflow/example_dags/tutorial.py
[2023-08-24T03:19:13.791+0000] {logging_mixin.py:151} INFO - [2023-08-24T03:19:13.791+0000] {dag.py:2907} INFO - Sync 1 DAGs
[2023-08-24T03:19:13.881+0000] {logging_mixin.py:151} INFO - [2023-08-24T03:19:13.881+0000] {dag.py:3677} INFO - Setting next_dagrun for tutorial to 2023-08-23T03:19:13.881676+00:00, run_after=2023-08-24T03:19:13.881676+00:00
[2023-08-24T03:19:13.892+0000] {processor.py:179} INFO - Processing /home/airflow/.local/lib/python3.8/site-packages/airflow/example_dags/tutorial.py took 0.125 seconds
[2023-08-24T03:22:54.139+0000] {processor.py:157} INFO - Started process (PID=33) to work on /home/airflow/.local/lib/python3.8/site-packages/airflow/example_dags/tutorial.py
[2023-08-24T03:22:54.141+0000] {processor.py:829} INFO - Processing file /home/airflow/.local/lib/python3.8/site-packages/airflow/example_dags/tutorial.py for tasks to queue
[2023-08-24T03:22:54.143+0000] {logging_mixin.py:151} INFO - [2023-08-24T03:22:54.142+0000] {dagbag.py:539} INFO - Filling up the DagBag from /home/airflow/.local/lib/python3.8/site-packages/airflow/example_dags/tutorial.py
[2023-08-24T03:22:54.150+0000] {processor.py:839} INFO - DAG(s) dict_keys(['tutorial']) retrieved from /home/airflow/.local/lib/python3.8/site-packages/airflow/example_dags/tutorial.py
[2023-08-24T03:22:54.162+0000] {logging_mixin.py:151} INFO - [2023-08-24T03:22:54.161+0000] {dag.py:2907} INFO - Sync 1 DAGs
[2023-08-24T03:22:54.266+0000] {logging_mixin.py:151} INFO - [2023-08-24T03:22:54.265+0000] {dag.py:3677} INFO - Setting next_dagrun for tutorial to 2023-08-23T03:22:54.265713+00:00, run_after=2023-08-24T03:22:54.265713+00:00
[2023-08-24T03:22:54.279+0000] {processor.py:179} INFO - Processing /home/airflow/.local/lib/python3.8/site-packages/airflow/example_dags/tutorial.py took 0.143 seconds
[2023-08-24T03:23:24.916+0000] {processor.py:157} INFO - Started process (PID=96) to work on /home/airflow/.local/lib/python3.8/site-packages/airflow/example_dags/tutorial.py
[2023-08-24T03:23:24.916+0000] {processor.py:829} INFO - Processing file /home/airflow/.local/lib/python3.8/site-packages/airflow/example_dags/tutorial.py for tasks to queue
[2023-08-24T03:23:24.918+0000] {logging_mixin.py:151} INFO - [2023-08-24T03:23:24.918+0000] {dagbag.py:539} INFO - Filling up the DagBag from /home/airflow/.local/lib/python3.8/site-packages/airflow/example_dags/tutorial.py
[2023-08-24T03:23:24.923+0000] {processor.py:839} INFO - DAG(s) dict_keys(['tutorial']) retrieved from /home/airflow/.local/lib/python3.8/site-packages/airflow/example_dags/tutorial.py
[2023-08-24T03:23:24.938+0000] {logging_mixin.py:151} INFO - [2023-08-24T03:23:24.938+0000] {dag.py:2907} INFO - Sync 1 DAGs
[2023-08-24T03:23:24.950+0000] {logging_mixin.py:151} INFO - [2023-08-24T03:23:24.950+0000] {dag.py:3677} INFO - Setting next_dagrun for tutorial to 2023-08-23T03:23:24.950527+00:00, run_after=2023-08-24T03:23:24.950527+00:00
[2023-08-24T03:23:24.961+0000] {processor.py:179} INFO - Processing /home/airflow/.local/lib/python3.8/site-packages/airflow/example_dags/tutorial.py took 0.048 seconds
[2023-08-24T03:59:46.361+0000] {processor.py:157} INFO - Started process (PID=34) to work on /home/airflow/.local/lib/python3.8/site-packages/airflow/example_dags/tutorial.py
[2023-08-24T03:59:46.362+0000] {processor.py:829} INFO - Processing file /home/airflow/.local/lib/python3.8/site-packages/airflow/example_dags/tutorial.py for tasks to queue
[2023-08-24T03:59:46.364+0000] {logging_mixin.py:151} INFO - [2023-08-24T03:59:46.364+0000] {dagbag.py:539} INFO - Filling up the DagBag from /home/airflow/.local/lib/python3.8/site-packages/airflow/example_dags/tutorial.py
[2023-08-24T03:59:46.372+0000] {processor.py:839} INFO - DAG(s) dict_keys(['tutorial']) retrieved from /home/airflow/.local/lib/python3.8/site-packages/airflow/example_dags/tutorial.py
[2023-08-24T03:59:46.383+0000] {logging_mixin.py:151} INFO - [2023-08-24T03:59:46.383+0000] {dag.py:2907} INFO - Sync 1 DAGs
[2023-08-24T03:59:46.475+0000] {logging_mixin.py:151} INFO - [2023-08-24T03:59:46.475+0000] {dag.py:3677} INFO - Setting next_dagrun for tutorial to 2023-08-23T03:59:46.475466+00:00, run_after=2023-08-24T03:59:46.475466+00:00
[2023-08-24T03:59:46.487+0000] {processor.py:179} INFO - Processing /home/airflow/.local/lib/python3.8/site-packages/airflow/example_dags/tutorial.py took 0.129 seconds
[2023-08-24T04:00:17.021+0000] {processor.py:157} INFO - Started process (PID=97) to work on /home/airflow/.local/lib/python3.8/site-packages/airflow/example_dags/tutorial.py
[2023-08-24T04:00:17.023+0000] {processor.py:829} INFO - Processing file /home/airflow/.local/lib/python3.8/site-packages/airflow/example_dags/tutorial.py for tasks to queue
[2023-08-24T04:00:17.025+0000] {logging_mixin.py:151} INFO - [2023-08-24T04:00:17.025+0000] {dagbag.py:539} INFO - Filling up the DagBag from /home/airflow/.local/lib/python3.8/site-packages/airflow/example_dags/tutorial.py
[2023-08-24T04:00:17.030+0000] {processor.py:839} INFO - DAG(s) dict_keys(['tutorial']) retrieved from /home/airflow/.local/lib/python3.8/site-packages/airflow/example_dags/tutorial.py
[2023-08-24T04:00:17.047+0000] {logging_mixin.py:151} INFO - [2023-08-24T04:00:17.046+0000] {dag.py:2907} INFO - Sync 1 DAGs
[2023-08-24T04:00:17.059+0000] {logging_mixin.py:151} INFO - [2023-08-24T04:00:17.059+0000] {dag.py:3677} INFO - Setting next_dagrun for tutorial to 2023-08-23T04:00:17.059291+00:00, run_after=2023-08-24T04:00:17.059291+00:00
[2023-08-24T04:00:17.069+0000] {processor.py:179} INFO - Processing /home/airflow/.local/lib/python3.8/site-packages/airflow/example_dags/tutorial.py took 0.050 seconds
[2023-08-24T04:00:47.882+0000] {processor.py:157} INFO - Started process (PID=160) to work on /home/airflow/.local/lib/python3.8/site-packages/airflow/example_dags/tutorial.py
[2023-08-24T04:00:47.883+0000] {processor.py:829} INFO - Processing file /home/airflow/.local/lib/python3.8/site-packages/airflow/example_dags/tutorial.py for tasks to queue
[2023-08-24T04:00:47.885+0000] {logging_mixin.py:151} INFO - [2023-08-24T04:00:47.885+0000] {dagbag.py:539} INFO - Filling up the DagBag from /home/airflow/.local/lib/python3.8/site-packages/airflow/example_dags/tutorial.py
[2023-08-24T04:00:47.891+0000] {processor.py:839} INFO - DAG(s) dict_keys(['tutorial']) retrieved from /home/airflow/.local/lib/python3.8/site-packages/airflow/example_dags/tutorial.py
[2023-08-24T04:00:47.907+0000] {logging_mixin.py:151} INFO - [2023-08-24T04:00:47.907+0000] {dag.py:2907} INFO - Sync 1 DAGs
[2023-08-24T04:00:47.919+0000] {logging_mixin.py:151} INFO - [2023-08-24T04:00:47.919+0000] {dag.py:3677} INFO - Setting next_dagrun for tutorial to 2023-08-23T04:00:47.918889+00:00, run_after=2023-08-24T04:00:47.918889+00:00
[2023-08-24T04:00:47.928+0000] {processor.py:179} INFO - Processing /home/airflow/.local/lib/python3.8/site-packages/airflow/example_dags/tutorial.py took 0.050 seconds
[2023-08-24T04:01:18.563+0000] {processor.py:157} INFO - Started process (PID=223) to work on /home/airflow/.local/lib/python3.8/site-packages/airflow/example_dags/tutorial.py
[2023-08-24T04:01:18.564+0000] {processor.py:829} INFO - Processing file /home/airflow/.local/lib/python3.8/site-packages/airflow/example_dags/tutorial.py for tasks to queue
[2023-08-24T04:01:18.566+0000] {logging_mixin.py:151} INFO - [2023-08-24T04:01:18.566+0000] {dagbag.py:539} INFO - Filling up the DagBag from /home/airflow/.local/lib/python3.8/site-packages/airflow/example_dags/tutorial.py
[2023-08-24T04:01:18.571+0000] {processor.py:839} INFO - DAG(s) dict_keys(['tutorial']) retrieved from /home/airflow/.local/lib/python3.8/site-packages/airflow/example_dags/tutorial.py
[2023-08-24T04:01:18.588+0000] {logging_mixin.py:151} INFO - [2023-08-24T04:01:18.588+0000] {dag.py:2907} INFO - Sync 1 DAGs
[2023-08-24T04:01:18.600+0000] {logging_mixin.py:151} INFO - [2023-08-24T04:01:18.600+0000] {dag.py:3677} INFO - Setting next_dagrun for tutorial to 2023-08-23T04:01:18.600100+00:00, run_after=2023-08-24T04:01:18.600100+00:00
[2023-08-24T04:01:18.609+0000] {processor.py:179} INFO - Processing /home/airflow/.local/lib/python3.8/site-packages/airflow/example_dags/tutorial.py took 0.049 seconds
[2023-08-24T04:01:49.446+0000] {processor.py:157} INFO - Started process (PID=286) to work on /home/airflow/.local/lib/python3.8/site-packages/airflow/example_dags/tutorial.py
[2023-08-24T04:01:49.447+0000] {processor.py:829} INFO - Processing file /home/airflow/.local/lib/python3.8/site-packages/airflow/example_dags/tutorial.py for tasks to queue
[2023-08-24T04:01:49.449+0000] {logging_mixin.py:151} INFO - [2023-08-24T04:01:49.448+0000] {dagbag.py:539} INFO - Filling up the DagBag from /home/airflow/.local/lib/python3.8/site-packages/airflow/example_dags/tutorial.py
[2023-08-24T04:01:49.455+0000] {processor.py:839} INFO - DAG(s) dict_keys(['tutorial']) retrieved from /home/airflow/.local/lib/python3.8/site-packages/airflow/example_dags/tutorial.py
[2023-08-24T04:01:49.472+0000] {logging_mixin.py:151} INFO - [2023-08-24T04:01:49.472+0000] {dag.py:2907} INFO - Sync 1 DAGs
[2023-08-24T04:01:49.484+0000] {logging_mixin.py:151} INFO - [2023-08-24T04:01:49.484+0000] {dag.py:3677} INFO - Setting next_dagrun for tutorial to 2023-08-23T04:01:49.483856+00:00, run_after=2023-08-24T04:01:49.483856+00:00
[2023-08-24T04:01:49.493+0000] {processor.py:179} INFO - Processing /home/airflow/.local/lib/python3.8/site-packages/airflow/example_dags/tutorial.py took 0.051 seconds
[2023-08-24T04:02:20.298+0000] {processor.py:157} INFO - Started process (PID=349) to work on /home/airflow/.local/lib/python3.8/site-packages/airflow/example_dags/tutorial.py
[2023-08-24T04:02:20.299+0000] {processor.py:829} INFO - Processing file /home/airflow/.local/lib/python3.8/site-packages/airflow/example_dags/tutorial.py for tasks to queue
[2023-08-24T04:02:20.302+0000] {logging_mixin.py:151} INFO - [2023-08-24T04:02:20.301+0000] {dagbag.py:539} INFO - Filling up the DagBag from /home/airflow/.local/lib/python3.8/site-packages/airflow/example_dags/tutorial.py
[2023-08-24T04:02:20.306+0000] {processor.py:839} INFO - DAG(s) dict_keys(['tutorial']) retrieved from /home/airflow/.local/lib/python3.8/site-packages/airflow/example_dags/tutorial.py
[2023-08-24T04:02:20.323+0000] {logging_mixin.py:151} INFO - [2023-08-24T04:02:20.323+0000] {dag.py:2907} INFO - Sync 1 DAGs
[2023-08-24T04:02:20.336+0000] {logging_mixin.py:151} INFO - [2023-08-24T04:02:20.336+0000] {dag.py:3677} INFO - Setting next_dagrun for tutorial to 2023-08-23T04:02:20.336089+00:00, run_after=2023-08-24T04:02:20.336089+00:00
[2023-08-24T04:02:20.345+0000] {processor.py:179} INFO - Processing /home/airflow/.local/lib/python3.8/site-packages/airflow/example_dags/tutorial.py took 0.050 seconds
[2023-08-24T04:02:51.078+0000] {processor.py:157} INFO - Started process (PID=412) to work on /home/airflow/.local/lib/python3.8/site-packages/airflow/example_dags/tutorial.py
[2023-08-24T04:02:51.080+0000] {processor.py:829} INFO - Processing file /home/airflow/.local/lib/python3.8/site-packages/airflow/example_dags/tutorial.py for tasks to queue
[2023-08-24T04:02:51.082+0000] {logging_mixin.py:151} INFO - [2023-08-24T04:02:51.082+0000] {dagbag.py:539} INFO - Filling up the DagBag from /home/airflow/.local/lib/python3.8/site-packages/airflow/example_dags/tutorial.py
[2023-08-24T04:02:51.088+0000] {processor.py:839} INFO - DAG(s) dict_keys(['tutorial']) retrieved from /home/airflow/.local/lib/python3.8/site-packages/airflow/example_dags/tutorial.py
[2023-08-24T04:02:51.104+0000] {logging_mixin.py:151} INFO - [2023-08-24T04:02:51.104+0000] {dag.py:2907} INFO - Sync 1 DAGs
[2023-08-24T04:02:51.119+0000] {logging_mixin.py:151} INFO - [2023-08-24T04:02:51.119+0000] {dag.py:3677} INFO - Setting next_dagrun for tutorial to 2023-08-23T04:02:51.118849+00:00, run_after=2023-08-24T04:02:51.118849+00:00
[2023-08-24T04:02:51.131+0000] {processor.py:179} INFO - Processing /home/airflow/.local/lib/python3.8/site-packages/airflow/example_dags/tutorial.py took 0.055 seconds
[2023-08-24T04:03:21.684+0000] {processor.py:157} INFO - Started process (PID=475) to work on /home/airflow/.local/lib/python3.8/site-packages/airflow/example_dags/tutorial.py
[2023-08-24T04:03:21.685+0000] {processor.py:829} INFO - Processing file /home/airflow/.local/lib/python3.8/site-packages/airflow/example_dags/tutorial.py for tasks to queue
[2023-08-24T04:03:21.687+0000] {logging_mixin.py:151} INFO - [2023-08-24T04:03:21.687+0000] {dagbag.py:539} INFO - Filling up the DagBag from /home/airflow/.local/lib/python3.8/site-packages/airflow/example_dags/tutorial.py
[2023-08-24T04:03:21.692+0000] {processor.py:839} INFO - DAG(s) dict_keys(['tutorial']) retrieved from /home/airflow/.local/lib/python3.8/site-packages/airflow/example_dags/tutorial.py
[2023-08-24T04:03:21.708+0000] {logging_mixin.py:151} INFO - [2023-08-24T04:03:21.708+0000] {dag.py:2907} INFO - Sync 1 DAGs
[2023-08-24T04:03:21.721+0000] {logging_mixin.py:151} INFO - [2023-08-24T04:03:21.721+0000] {dag.py:3677} INFO - Setting next_dagrun for tutorial to 2023-08-23T04:03:21.721316+00:00, run_after=2023-08-24T04:03:21.721316+00:00
[2023-08-24T04:03:21.731+0000] {processor.py:179} INFO - Processing /home/airflow/.local/lib/python3.8/site-packages/airflow/example_dags/tutorial.py took 0.050 seconds
[2023-08-24T04:03:52.331+0000] {processor.py:157} INFO - Started process (PID=538) to work on /home/airflow/.local/lib/python3.8/site-packages/airflow/example_dags/tutorial.py
[2023-08-24T04:03:52.332+0000] {processor.py:829} INFO - Processing file /home/airflow/.local/lib/python3.8/site-packages/airflow/example_dags/tutorial.py for tasks to queue
[2023-08-24T04:03:52.335+0000] {logging_mixin.py:151} INFO - [2023-08-24T04:03:52.334+0000] {dagbag.py:539} INFO - Filling up the DagBag from /home/airflow/.local/lib/python3.8/site-packages/airflow/example_dags/tutorial.py
[2023-08-24T04:03:52.340+0000] {processor.py:839} INFO - DAG(s) dict_keys(['tutorial']) retrieved from /home/airflow/.local/lib/python3.8/site-packages/airflow/example_dags/tutorial.py
[2023-08-24T04:03:52.357+0000] {logging_mixin.py:151} INFO - [2023-08-24T04:03:52.357+0000] {dag.py:2907} INFO - Sync 1 DAGs
[2023-08-24T04:03:52.371+0000] {logging_mixin.py:151} INFO - [2023-08-24T04:03:52.370+0000] {dag.py:3677} INFO - Setting next_dagrun for tutorial to 2023-08-23T04:03:52.370691+00:00, run_after=2023-08-24T04:03:52.370691+00:00
[2023-08-24T04:03:52.381+0000] {processor.py:179} INFO - Processing /home/airflow/.local/lib/python3.8/site-packages/airflow/example_dags/tutorial.py took 0.053 seconds
[2023-08-24T04:04:23.158+0000] {processor.py:157} INFO - Started process (PID=601) to work on /home/airflow/.local/lib/python3.8/site-packages/airflow/example_dags/tutorial.py
[2023-08-24T04:04:23.160+0000] {processor.py:829} INFO - Processing file /home/airflow/.local/lib/python3.8/site-packages/airflow/example_dags/tutorial.py for tasks to queue
[2023-08-24T04:04:23.162+0000] {logging_mixin.py:151} INFO - [2023-08-24T04:04:23.161+0000] {dagbag.py:539} INFO - Filling up the DagBag from /home/airflow/.local/lib/python3.8/site-packages/airflow/example_dags/tutorial.py
[2023-08-24T04:04:23.166+0000] {processor.py:839} INFO - DAG(s) dict_keys(['tutorial']) retrieved from /home/airflow/.local/lib/python3.8/site-packages/airflow/example_dags/tutorial.py
[2023-08-24T04:04:23.184+0000] {logging_mixin.py:151} INFO - [2023-08-24T04:04:23.184+0000] {dag.py:2907} INFO - Sync 1 DAGs
[2023-08-24T04:04:23.199+0000] {logging_mixin.py:151} INFO - [2023-08-24T04:04:23.199+0000] {dag.py:3677} INFO - Setting next_dagrun for tutorial to 2023-08-23T04:04:23.198962+00:00, run_after=2023-08-24T04:04:23.198962+00:00
[2023-08-24T04:04:23.212+0000] {processor.py:179} INFO - Processing /home/airflow/.local/lib/python3.8/site-packages/airflow/example_dags/tutorial.py took 0.056 seconds
[2023-08-24T04:04:54.029+0000] {processor.py:157} INFO - Started process (PID=664) to work on /home/airflow/.local/lib/python3.8/site-packages/airflow/example_dags/tutorial.py
[2023-08-24T04:04:54.031+0000] {processor.py:829} INFO - Processing file /home/airflow/.local/lib/python3.8/site-packages/airflow/example_dags/tutorial.py for tasks to queue
[2023-08-24T04:04:54.034+0000] {logging_mixin.py:151} INFO - [2023-08-24T04:04:54.033+0000] {dagbag.py:539} INFO - Filling up the DagBag from /home/airflow/.local/lib/python3.8/site-packages/airflow/example_dags/tutorial.py
[2023-08-24T04:04:54.038+0000] {processor.py:839} INFO - DAG(s) dict_keys(['tutorial']) retrieved from /home/airflow/.local/lib/python3.8/site-packages/airflow/example_dags/tutorial.py
[2023-08-24T04:04:54.056+0000] {logging_mixin.py:151} INFO - [2023-08-24T04:04:54.056+0000] {dag.py:2907} INFO - Sync 1 DAGs
[2023-08-24T04:04:54.071+0000] {logging_mixin.py:151} INFO - [2023-08-24T04:04:54.071+0000] {dag.py:3677} INFO - Setting next_dagrun for tutorial to 2023-08-23T04:04:54.070792+00:00, run_after=2023-08-24T04:04:54.070792+00:00
[2023-08-24T04:04:54.084+0000] {processor.py:179} INFO - Processing /home/airflow/.local/lib/python3.8/site-packages/airflow/example_dags/tutorial.py took 0.057 seconds
[2023-08-24T04:05:24.884+0000] {processor.py:157} INFO - Started process (PID=727) to work on /home/airflow/.local/lib/python3.8/site-packages/airflow/example_dags/tutorial.py
[2023-08-24T04:05:24.885+0000] {processor.py:829} INFO - Processing file /home/airflow/.local/lib/python3.8/site-packages/airflow/example_dags/tutorial.py for tasks to queue
[2023-08-24T04:05:24.887+0000] {logging_mixin.py:151} INFO - [2023-08-24T04:05:24.886+0000] {dagbag.py:539} INFO - Filling up the DagBag from /home/airflow/.local/lib/python3.8/site-packages/airflow/example_dags/tutorial.py
[2023-08-24T04:05:24.892+0000] {processor.py:839} INFO - DAG(s) dict_keys(['tutorial']) retrieved from /home/airflow/.local/lib/python3.8/site-packages/airflow/example_dags/tutorial.py
[2023-08-24T04:05:24.908+0000] {logging_mixin.py:151} INFO - [2023-08-24T04:05:24.907+0000] {dag.py:2907} INFO - Sync 1 DAGs
[2023-08-24T04:05:24.919+0000] {logging_mixin.py:151} INFO - [2023-08-24T04:05:24.919+0000] {dag.py:3677} INFO - Setting next_dagrun for tutorial to 2023-08-23T04:05:24.919549+00:00, run_after=2023-08-24T04:05:24.919549+00:00
[2023-08-24T04:05:24.929+0000] {processor.py:179} INFO - Processing /home/airflow/.local/lib/python3.8/site-packages/airflow/example_dags/tutorial.py took 0.048 seconds
[2023-08-24T04:05:55.601+0000] {processor.py:157} INFO - Started process (PID=790) to work on /home/airflow/.local/lib/python3.8/site-packages/airflow/example_dags/tutorial.py
[2023-08-24T04:05:55.602+0000] {processor.py:829} INFO - Processing file /home/airflow/.local/lib/python3.8/site-packages/airflow/example_dags/tutorial.py for tasks to queue
[2023-08-24T04:05:55.605+0000] {logging_mixin.py:151} INFO - [2023-08-24T04:05:55.604+0000] {dagbag.py:539} INFO - Filling up the DagBag from /home/airflow/.local/lib/python3.8/site-packages/airflow/example_dags/tutorial.py
[2023-08-24T04:05:55.610+0000] {processor.py:839} INFO - DAG(s) dict_keys(['tutorial']) retrieved from /home/airflow/.local/lib/python3.8/site-packages/airflow/example_dags/tutorial.py
[2023-08-24T04:05:55.627+0000] {logging_mixin.py:151} INFO - [2023-08-24T04:05:55.627+0000] {dag.py:2907} INFO - Sync 1 DAGs
[2023-08-24T04:05:55.640+0000] {logging_mixin.py:151} INFO - [2023-08-24T04:05:55.640+0000] {dag.py:3677} INFO - Setting next_dagrun for tutorial to 2023-08-23T04:05:55.639942+00:00, run_after=2023-08-24T04:05:55.639942+00:00
[2023-08-24T04:05:55.651+0000] {processor.py:179} INFO - Processing /home/airflow/.local/lib/python3.8/site-packages/airflow/example_dags/tutorial.py took 0.053 seconds
[2023-08-24T04:06:26.198+0000] {processor.py:157} INFO - Started process (PID=853) to work on /home/airflow/.local/lib/python3.8/site-packages/airflow/example_dags/tutorial.py
[2023-08-24T04:06:26.199+0000] {processor.py:829} INFO - Processing file /home/airflow/.local/lib/python3.8/site-packages/airflow/example_dags/tutorial.py for tasks to queue
[2023-08-24T04:06:26.201+0000] {logging_mixin.py:151} INFO - [2023-08-24T04:06:26.201+0000] {dagbag.py:539} INFO - Filling up the DagBag from /home/airflow/.local/lib/python3.8/site-packages/airflow/example_dags/tutorial.py
[2023-08-24T04:06:26.206+0000] {processor.py:839} INFO - DAG(s) dict_keys(['tutorial']) retrieved from /home/airflow/.local/lib/python3.8/site-packages/airflow/example_dags/tutorial.py
[2023-08-24T04:06:26.223+0000] {logging_mixin.py:151} INFO - [2023-08-24T04:06:26.223+0000] {dag.py:2907} INFO - Sync 1 DAGs
[2023-08-24T04:06:26.235+0000] {logging_mixin.py:151} INFO - [2023-08-24T04:06:26.235+0000] {dag.py:3677} INFO - Setting next_dagrun for tutorial to 2023-08-23T04:06:26.234899+00:00, run_after=2023-08-24T04:06:26.234899+00:00
[2023-08-24T04:06:26.244+0000] {processor.py:179} INFO - Processing /home/airflow/.local/lib/python3.8/site-packages/airflow/example_dags/tutorial.py took 0.050 seconds
[2023-08-24T04:06:56.950+0000] {processor.py:157} INFO - Started process (PID=915) to work on /home/airflow/.local/lib/python3.8/site-packages/airflow/example_dags/tutorial.py
[2023-08-24T04:06:56.950+0000] {processor.py:829} INFO - Processing file /home/airflow/.local/lib/python3.8/site-packages/airflow/example_dags/tutorial.py for tasks to queue
[2023-08-24T04:06:56.953+0000] {logging_mixin.py:151} INFO - [2023-08-24T04:06:56.952+0000] {dagbag.py:539} INFO - Filling up the DagBag from /home/airflow/.local/lib/python3.8/site-packages/airflow/example_dags/tutorial.py
[2023-08-24T04:06:56.958+0000] {processor.py:839} INFO - DAG(s) dict_keys(['tutorial']) retrieved from /home/airflow/.local/lib/python3.8/site-packages/airflow/example_dags/tutorial.py
[2023-08-24T04:06:56.975+0000] {logging_mixin.py:151} INFO - [2023-08-24T04:06:56.975+0000] {dag.py:2907} INFO - Sync 1 DAGs
[2023-08-24T04:06:56.988+0000] {logging_mixin.py:151} INFO - [2023-08-24T04:06:56.988+0000] {dag.py:3677} INFO - Setting next_dagrun for tutorial to 2023-08-23T04:06:56.988016+00:00, run_after=2023-08-24T04:06:56.988016+00:00
[2023-08-24T04:06:56.999+0000] {processor.py:179} INFO - Processing /home/airflow/.local/lib/python3.8/site-packages/airflow/example_dags/tutorial.py took 0.052 seconds
[2023-08-24T04:07:27.617+0000] {processor.py:157} INFO - Started process (PID=978) to work on /home/airflow/.local/lib/python3.8/site-packages/airflow/example_dags/tutorial.py
[2023-08-24T04:07:27.618+0000] {processor.py:829} INFO - Processing file /home/airflow/.local/lib/python3.8/site-packages/airflow/example_dags/tutorial.py for tasks to queue
[2023-08-24T04:07:27.620+0000] {logging_mixin.py:151} INFO - [2023-08-24T04:07:27.620+0000] {dagbag.py:539} INFO - Filling up the DagBag from /home/airflow/.local/lib/python3.8/site-packages/airflow/example_dags/tutorial.py
[2023-08-24T04:07:27.625+0000] {processor.py:839} INFO - DAG(s) dict_keys(['tutorial']) retrieved from /home/airflow/.local/lib/python3.8/site-packages/airflow/example_dags/tutorial.py
[2023-08-24T04:07:27.642+0000] {logging_mixin.py:151} INFO - [2023-08-24T04:07:27.642+0000] {dag.py:2907} INFO - Sync 1 DAGs
[2023-08-24T04:07:27.653+0000] {logging_mixin.py:151} INFO - [2023-08-24T04:07:27.653+0000] {dag.py:3677} INFO - Setting next_dagrun for tutorial to 2023-08-23T04:07:27.653427+00:00, run_after=2023-08-24T04:07:27.653427+00:00
[2023-08-24T04:07:27.662+0000] {processor.py:179} INFO - Processing /home/airflow/.local/lib/python3.8/site-packages/airflow/example_dags/tutorial.py took 0.048 seconds
[2023-08-24T04:07:58.352+0000] {processor.py:157} INFO - Started process (PID=1041) to work on /home/airflow/.local/lib/python3.8/site-packages/airflow/example_dags/tutorial.py
[2023-08-24T04:07:58.354+0000] {processor.py:829} INFO - Processing file /home/airflow/.local/lib/python3.8/site-packages/airflow/example_dags/tutorial.py for tasks to queue
[2023-08-24T04:07:58.356+0000] {logging_mixin.py:151} INFO - [2023-08-24T04:07:58.355+0000] {dagbag.py:539} INFO - Filling up the DagBag from /home/airflow/.local/lib/python3.8/site-packages/airflow/example_dags/tutorial.py
[2023-08-24T04:07:58.360+0000] {processor.py:839} INFO - DAG(s) dict_keys(['tutorial']) retrieved from /home/airflow/.local/lib/python3.8/site-packages/airflow/example_dags/tutorial.py
[2023-08-24T04:07:58.377+0000] {logging_mixin.py:151} INFO - [2023-08-24T04:07:58.377+0000] {dag.py:2907} INFO - Sync 1 DAGs
[2023-08-24T04:07:58.389+0000] {logging_mixin.py:151} INFO - [2023-08-24T04:07:58.389+0000] {dag.py:3677} INFO - Setting next_dagrun for tutorial to 2023-08-23T04:07:58.388909+00:00, run_after=2023-08-24T04:07:58.388909+00:00
[2023-08-24T04:07:58.398+0000] {processor.py:179} INFO - Processing /home/airflow/.local/lib/python3.8/site-packages/airflow/example_dags/tutorial.py took 0.049 seconds
[2023-08-24T04:08:29.054+0000] {processor.py:157} INFO - Started process (PID=1104) to work on /home/airflow/.local/lib/python3.8/site-packages/airflow/example_dags/tutorial.py
[2023-08-24T04:08:29.055+0000] {processor.py:829} INFO - Processing file /home/airflow/.local/lib/python3.8/site-packages/airflow/example_dags/tutorial.py for tasks to queue
[2023-08-24T04:08:29.057+0000] {logging_mixin.py:151} INFO - [2023-08-24T04:08:29.057+0000] {dagbag.py:539} INFO - Filling up the DagBag from /home/airflow/.local/lib/python3.8/site-packages/airflow/example_dags/tutorial.py
[2023-08-24T04:08:29.063+0000] {processor.py:839} INFO - DAG(s) dict_keys(['tutorial']) retrieved from /home/airflow/.local/lib/python3.8/site-packages/airflow/example_dags/tutorial.py
[2023-08-24T04:08:29.080+0000] {logging_mixin.py:151} INFO - [2023-08-24T04:08:29.080+0000] {dag.py:2907} INFO - Sync 1 DAGs
[2023-08-24T04:08:29.093+0000] {logging_mixin.py:151} INFO - [2023-08-24T04:08:29.093+0000] {dag.py:3677} INFO - Setting next_dagrun for tutorial to 2023-08-23T04:08:29.093205+00:00, run_after=2023-08-24T04:08:29.093205+00:00
[2023-08-24T04:08:29.103+0000] {processor.py:179} INFO - Processing /home/airflow/.local/lib/python3.8/site-packages/airflow/example_dags/tutorial.py took 0.052 seconds
[2023-08-24T04:08:59.745+0000] {processor.py:157} INFO - Started process (PID=1167) to work on /home/airflow/.local/lib/python3.8/site-packages/airflow/example_dags/tutorial.py
[2023-08-24T04:08:59.746+0000] {processor.py:829} INFO - Processing file /home/airflow/.local/lib/python3.8/site-packages/airflow/example_dags/tutorial.py for tasks to queue
[2023-08-24T04:08:59.748+0000] {logging_mixin.py:151} INFO - [2023-08-24T04:08:59.748+0000] {dagbag.py:539} INFO - Filling up the DagBag from /home/airflow/.local/lib/python3.8/site-packages/airflow/example_dags/tutorial.py
[2023-08-24T04:08:59.753+0000] {processor.py:839} INFO - DAG(s) dict_keys(['tutorial']) retrieved from /home/airflow/.local/lib/python3.8/site-packages/airflow/example_dags/tutorial.py
[2023-08-24T04:08:59.771+0000] {logging_mixin.py:151} INFO - [2023-08-24T04:08:59.771+0000] {dag.py:2907} INFO - Sync 1 DAGs
[2023-08-24T04:08:59.784+0000] {logging_mixin.py:151} INFO - [2023-08-24T04:08:59.784+0000] {dag.py:3677} INFO - Setting next_dagrun for tutorial to 2023-08-23T04:08:59.784072+00:00, run_after=2023-08-24T04:08:59.784072+00:00
[2023-08-24T04:08:59.794+0000] {processor.py:179} INFO - Processing /home/airflow/.local/lib/python3.8/site-packages/airflow/example_dags/tutorial.py took 0.053 seconds
[2023-08-24T04:09:30.603+0000] {processor.py:157} INFO - Started process (PID=1230) to work on /home/airflow/.local/lib/python3.8/site-packages/airflow/example_dags/tutorial.py
[2023-08-24T04:09:30.605+0000] {processor.py:829} INFO - Processing file /home/airflow/.local/lib/python3.8/site-packages/airflow/example_dags/tutorial.py for tasks to queue
[2023-08-24T04:09:30.607+0000] {logging_mixin.py:151} INFO - [2023-08-24T04:09:30.606+0000] {dagbag.py:539} INFO - Filling up the DagBag from /home/airflow/.local/lib/python3.8/site-packages/airflow/example_dags/tutorial.py
[2023-08-24T04:09:30.612+0000] {processor.py:839} INFO - DAG(s) dict_keys(['tutorial']) retrieved from /home/airflow/.local/lib/python3.8/site-packages/airflow/example_dags/tutorial.py
[2023-08-24T04:09:30.627+0000] {logging_mixin.py:151} INFO - [2023-08-24T04:09:30.627+0000] {dag.py:2907} INFO - Sync 1 DAGs
[2023-08-24T04:09:30.639+0000] {logging_mixin.py:151} INFO - [2023-08-24T04:09:30.639+0000] {dag.py:3677} INFO - Setting next_dagrun for tutorial to 2023-08-23T04:09:30.639519+00:00, run_after=2023-08-24T04:09:30.639519+00:00
[2023-08-24T04:09:30.649+0000] {processor.py:179} INFO - Processing /home/airflow/.local/lib/python3.8/site-packages/airflow/example_dags/tutorial.py took 0.049 seconds
[2023-08-24T04:10:01.277+0000] {processor.py:157} INFO - Started process (PID=1293) to work on /home/airflow/.local/lib/python3.8/site-packages/airflow/example_dags/tutorial.py
[2023-08-24T04:10:01.278+0000] {processor.py:829} INFO - Processing file /home/airflow/.local/lib/python3.8/site-packages/airflow/example_dags/tutorial.py for tasks to queue
[2023-08-24T04:10:01.280+0000] {logging_mixin.py:151} INFO - [2023-08-24T04:10:01.279+0000] {dagbag.py:539} INFO - Filling up the DagBag from /home/airflow/.local/lib/python3.8/site-packages/airflow/example_dags/tutorial.py
[2023-08-24T04:10:01.285+0000] {processor.py:839} INFO - DAG(s) dict_keys(['tutorial']) retrieved from /home/airflow/.local/lib/python3.8/site-packages/airflow/example_dags/tutorial.py
[2023-08-24T04:10:01.301+0000] {logging_mixin.py:151} INFO - [2023-08-24T04:10:01.301+0000] {dag.py:2907} INFO - Sync 1 DAGs
[2023-08-24T04:10:01.314+0000] {logging_mixin.py:151} INFO - [2023-08-24T04:10:01.314+0000] {dag.py:3677} INFO - Setting next_dagrun for tutorial to 2023-08-23T04:10:01.314131+00:00, run_after=2023-08-24T04:10:01.314131+00:00
[2023-08-24T04:10:01.324+0000] {processor.py:179} INFO - Processing /home/airflow/.local/lib/python3.8/site-packages/airflow/example_dags/tutorial.py took 0.050 seconds
[2023-08-24T04:10:31.911+0000] {processor.py:157} INFO - Started process (PID=1356) to work on /home/airflow/.local/lib/python3.8/site-packages/airflow/example_dags/tutorial.py
[2023-08-24T04:10:31.912+0000] {processor.py:829} INFO - Processing file /home/airflow/.local/lib/python3.8/site-packages/airflow/example_dags/tutorial.py for tasks to queue
[2023-08-24T04:10:31.914+0000] {logging_mixin.py:151} INFO - [2023-08-24T04:10:31.914+0000] {dagbag.py:539} INFO - Filling up the DagBag from /home/airflow/.local/lib/python3.8/site-packages/airflow/example_dags/tutorial.py
[2023-08-24T04:10:31.920+0000] {processor.py:839} INFO - DAG(s) dict_keys(['tutorial']) retrieved from /home/airflow/.local/lib/python3.8/site-packages/airflow/example_dags/tutorial.py
[2023-08-24T04:10:31.939+0000] {logging_mixin.py:151} INFO - [2023-08-24T04:10:31.939+0000] {dag.py:2907} INFO - Sync 1 DAGs
[2023-08-24T04:10:31.952+0000] {logging_mixin.py:151} INFO - [2023-08-24T04:10:31.952+0000] {dag.py:3677} INFO - Setting next_dagrun for tutorial to 2023-08-23T04:10:31.952567+00:00, run_after=2023-08-24T04:10:31.952567+00:00
[2023-08-24T04:10:31.965+0000] {processor.py:179} INFO - Processing /home/airflow/.local/lib/python3.8/site-packages/airflow/example_dags/tutorial.py took 0.057 seconds
[2023-08-24T04:11:02.645+0000] {processor.py:157} INFO - Started process (PID=1419) to work on /home/airflow/.local/lib/python3.8/site-packages/airflow/example_dags/tutorial.py
[2023-08-24T04:11:02.646+0000] {processor.py:829} INFO - Processing file /home/airflow/.local/lib/python3.8/site-packages/airflow/example_dags/tutorial.py for tasks to queue
[2023-08-24T04:11:02.648+0000] {logging_mixin.py:151} INFO - [2023-08-24T04:11:02.648+0000] {dagbag.py:539} INFO - Filling up the DagBag from /home/airflow/.local/lib/python3.8/site-packages/airflow/example_dags/tutorial.py
[2023-08-24T04:11:02.653+0000] {processor.py:839} INFO - DAG(s) dict_keys(['tutorial']) retrieved from /home/airflow/.local/lib/python3.8/site-packages/airflow/example_dags/tutorial.py
[2023-08-24T04:11:02.671+0000] {logging_mixin.py:151} INFO - [2023-08-24T04:11:02.671+0000] {dag.py:2907} INFO - Sync 1 DAGs
[2023-08-24T04:11:02.684+0000] {logging_mixin.py:151} INFO - [2023-08-24T04:11:02.684+0000] {dag.py:3677} INFO - Setting next_dagrun for tutorial to 2023-08-23T04:11:02.684474+00:00, run_after=2023-08-24T04:11:02.684474+00:00
[2023-08-24T04:11:02.696+0000] {processor.py:179} INFO - Processing /home/airflow/.local/lib/python3.8/site-packages/airflow/example_dags/tutorial.py took 0.055 seconds
[2023-08-24T04:11:33.504+0000] {processor.py:157} INFO - Started process (PID=1482) to work on /home/airflow/.local/lib/python3.8/site-packages/airflow/example_dags/tutorial.py
[2023-08-24T04:11:33.505+0000] {processor.py:829} INFO - Processing file /home/airflow/.local/lib/python3.8/site-packages/airflow/example_dags/tutorial.py for tasks to queue
[2023-08-24T04:11:33.508+0000] {logging_mixin.py:151} INFO - [2023-08-24T04:11:33.507+0000] {dagbag.py:539} INFO - Filling up the DagBag from /home/airflow/.local/lib/python3.8/site-packages/airflow/example_dags/tutorial.py
[2023-08-24T04:11:33.512+0000] {processor.py:839} INFO - DAG(s) dict_keys(['tutorial']) retrieved from /home/airflow/.local/lib/python3.8/site-packages/airflow/example_dags/tutorial.py
[2023-08-24T04:11:33.531+0000] {logging_mixin.py:151} INFO - [2023-08-24T04:11:33.531+0000] {dag.py:2907} INFO - Sync 1 DAGs
[2023-08-24T04:11:33.545+0000] {logging_mixin.py:151} INFO - [2023-08-24T04:11:33.544+0000] {dag.py:3677} INFO - Setting next_dagrun for tutorial to 2023-08-23T04:11:33.544701+00:00, run_after=2023-08-24T04:11:33.544701+00:00
[2023-08-24T04:11:33.565+0000] {processor.py:179} INFO - Processing /home/airflow/.local/lib/python3.8/site-packages/airflow/example_dags/tutorial.py took 0.063 seconds
[2023-08-24T04:12:04.202+0000] {processor.py:157} INFO - Started process (PID=1545) to work on /home/airflow/.local/lib/python3.8/site-packages/airflow/example_dags/tutorial.py
[2023-08-24T04:12:04.203+0000] {processor.py:829} INFO - Processing file /home/airflow/.local/lib/python3.8/site-packages/airflow/example_dags/tutorial.py for tasks to queue
[2023-08-24T04:12:04.205+0000] {logging_mixin.py:151} INFO - [2023-08-24T04:12:04.204+0000] {dagbag.py:539} INFO - Filling up the DagBag from /home/airflow/.local/lib/python3.8/site-packages/airflow/example_dags/tutorial.py
[2023-08-24T04:12:04.210+0000] {processor.py:839} INFO - DAG(s) dict_keys(['tutorial']) retrieved from /home/airflow/.local/lib/python3.8/site-packages/airflow/example_dags/tutorial.py
[2023-08-24T04:12:04.226+0000] {logging_mixin.py:151} INFO - [2023-08-24T04:12:04.226+0000] {dag.py:2907} INFO - Sync 1 DAGs
[2023-08-24T04:12:04.238+0000] {logging_mixin.py:151} INFO - [2023-08-24T04:12:04.238+0000] {dag.py:3677} INFO - Setting next_dagrun for tutorial to 2023-08-23T04:12:04.238008+00:00, run_after=2023-08-24T04:12:04.238008+00:00
[2023-08-24T04:12:04.248+0000] {processor.py:179} INFO - Processing /home/airflow/.local/lib/python3.8/site-packages/airflow/example_dags/tutorial.py took 0.048 seconds
[2023-08-24T04:12:34.929+0000] {processor.py:157} INFO - Started process (PID=1608) to work on /home/airflow/.local/lib/python3.8/site-packages/airflow/example_dags/tutorial.py
[2023-08-24T04:12:34.930+0000] {processor.py:829} INFO - Processing file /home/airflow/.local/lib/python3.8/site-packages/airflow/example_dags/tutorial.py for tasks to queue
[2023-08-24T04:12:34.932+0000] {logging_mixin.py:151} INFO - [2023-08-24T04:12:34.932+0000] {dagbag.py:539} INFO - Filling up the DagBag from /home/airflow/.local/lib/python3.8/site-packages/airflow/example_dags/tutorial.py
[2023-08-24T04:12:34.937+0000] {processor.py:839} INFO - DAG(s) dict_keys(['tutorial']) retrieved from /home/airflow/.local/lib/python3.8/site-packages/airflow/example_dags/tutorial.py
[2023-08-24T04:12:34.953+0000] {logging_mixin.py:151} INFO - [2023-08-24T04:12:34.953+0000] {dag.py:2907} INFO - Sync 1 DAGs
[2023-08-24T04:12:34.965+0000] {logging_mixin.py:151} INFO - [2023-08-24T04:12:34.965+0000] {dag.py:3677} INFO - Setting next_dagrun for tutorial to 2023-08-23T04:12:34.965184+00:00, run_after=2023-08-24T04:12:34.965184+00:00
[2023-08-24T04:12:34.974+0000] {processor.py:179} INFO - Processing /home/airflow/.local/lib/python3.8/site-packages/airflow/example_dags/tutorial.py took 0.047 seconds
[2023-08-24T04:13:05.706+0000] {processor.py:157} INFO - Started process (PID=1671) to work on /home/airflow/.local/lib/python3.8/site-packages/airflow/example_dags/tutorial.py
[2023-08-24T04:13:05.707+0000] {processor.py:829} INFO - Processing file /home/airflow/.local/lib/python3.8/site-packages/airflow/example_dags/tutorial.py for tasks to queue
[2023-08-24T04:13:05.709+0000] {logging_mixin.py:151} INFO - [2023-08-24T04:13:05.709+0000] {dagbag.py:539} INFO - Filling up the DagBag from /home/airflow/.local/lib/python3.8/site-packages/airflow/example_dags/tutorial.py
[2023-08-24T04:13:05.714+0000] {processor.py:839} INFO - DAG(s) dict_keys(['tutorial']) retrieved from /home/airflow/.local/lib/python3.8/site-packages/airflow/example_dags/tutorial.py
[2023-08-24T04:13:05.730+0000] {logging_mixin.py:151} INFO - [2023-08-24T04:13:05.730+0000] {dag.py:2907} INFO - Sync 1 DAGs
[2023-08-24T04:13:05.742+0000] {logging_mixin.py:151} INFO - [2023-08-24T04:13:05.742+0000] {dag.py:3677} INFO - Setting next_dagrun for tutorial to 2023-08-23T04:13:05.742008+00:00, run_after=2023-08-24T04:13:05.742008+00:00
[2023-08-24T04:13:05.752+0000] {processor.py:179} INFO - Processing /home/airflow/.local/lib/python3.8/site-packages/airflow/example_dags/tutorial.py took 0.048 seconds
[2023-08-24T04:13:36.335+0000] {processor.py:157} INFO - Started process (PID=1734) to work on /home/airflow/.local/lib/python3.8/site-packages/airflow/example_dags/tutorial.py
[2023-08-24T04:13:36.336+0000] {processor.py:829} INFO - Processing file /home/airflow/.local/lib/python3.8/site-packages/airflow/example_dags/tutorial.py for tasks to queue
[2023-08-24T04:13:36.338+0000] {logging_mixin.py:151} INFO - [2023-08-24T04:13:36.338+0000] {dagbag.py:539} INFO - Filling up the DagBag from /home/airflow/.local/lib/python3.8/site-packages/airflow/example_dags/tutorial.py
[2023-08-24T04:13:36.343+0000] {processor.py:839} INFO - DAG(s) dict_keys(['tutorial']) retrieved from /home/airflow/.local/lib/python3.8/site-packages/airflow/example_dags/tutorial.py
[2023-08-24T04:13:36.359+0000] {logging_mixin.py:151} INFO - [2023-08-24T04:13:36.359+0000] {dag.py:2907} INFO - Sync 1 DAGs
[2023-08-24T04:13:36.372+0000] {logging_mixin.py:151} INFO - [2023-08-24T04:13:36.372+0000] {dag.py:3677} INFO - Setting next_dagrun for tutorial to 2023-08-23T04:13:36.372345+00:00, run_after=2023-08-24T04:13:36.372345+00:00
[2023-08-24T04:13:36.384+0000] {processor.py:179} INFO - Processing /home/airflow/.local/lib/python3.8/site-packages/airflow/example_dags/tutorial.py took 0.052 seconds
[2023-08-24T04:14:07.119+0000] {processor.py:157} INFO - Started process (PID=1797) to work on /home/airflow/.local/lib/python3.8/site-packages/airflow/example_dags/tutorial.py
[2023-08-24T04:14:07.120+0000] {processor.py:829} INFO - Processing file /home/airflow/.local/lib/python3.8/site-packages/airflow/example_dags/tutorial.py for tasks to queue
[2023-08-24T04:14:07.122+0000] {logging_mixin.py:151} INFO - [2023-08-24T04:14:07.122+0000] {dagbag.py:539} INFO - Filling up the DagBag from /home/airflow/.local/lib/python3.8/site-packages/airflow/example_dags/tutorial.py
[2023-08-24T04:14:07.126+0000] {processor.py:839} INFO - DAG(s) dict_keys(['tutorial']) retrieved from /home/airflow/.local/lib/python3.8/site-packages/airflow/example_dags/tutorial.py
[2023-08-24T04:14:07.143+0000] {logging_mixin.py:151} INFO - [2023-08-24T04:14:07.143+0000] {dag.py:2907} INFO - Sync 1 DAGs
[2023-08-24T04:14:07.155+0000] {logging_mixin.py:151} INFO - [2023-08-24T04:14:07.155+0000] {dag.py:3677} INFO - Setting next_dagrun for tutorial to 2023-08-23T04:14:07.154868+00:00, run_after=2023-08-24T04:14:07.154868+00:00
[2023-08-24T04:14:07.165+0000] {processor.py:179} INFO - Processing /home/airflow/.local/lib/python3.8/site-packages/airflow/example_dags/tutorial.py took 0.048 seconds
[2023-08-24T04:14:37.308+0000] {processor.py:157} INFO - Started process (PID=1860) to work on /home/airflow/.local/lib/python3.8/site-packages/airflow/example_dags/tutorial.py
[2023-08-24T04:14:37.309+0000] {processor.py:829} INFO - Processing file /home/airflow/.local/lib/python3.8/site-packages/airflow/example_dags/tutorial.py for tasks to queue
[2023-08-24T04:14:37.311+0000] {logging_mixin.py:151} INFO - [2023-08-24T04:14:37.311+0000] {dagbag.py:539} INFO - Filling up the DagBag from /home/airflow/.local/lib/python3.8/site-packages/airflow/example_dags/tutorial.py
[2023-08-24T04:14:37.316+0000] {processor.py:839} INFO - DAG(s) dict_keys(['tutorial']) retrieved from /home/airflow/.local/lib/python3.8/site-packages/airflow/example_dags/tutorial.py
[2023-08-24T04:14:37.332+0000] {logging_mixin.py:151} INFO - [2023-08-24T04:14:37.332+0000] {dag.py:2907} INFO - Sync 1 DAGs
[2023-08-24T04:14:37.344+0000] {logging_mixin.py:151} INFO - [2023-08-24T04:14:37.344+0000] {dag.py:3677} INFO - Setting next_dagrun for tutorial to 2023-08-23T04:14:37.344470+00:00, run_after=2023-08-24T04:14:37.344470+00:00
[2023-08-24T04:14:37.355+0000] {processor.py:179} INFO - Processing /home/airflow/.local/lib/python3.8/site-packages/airflow/example_dags/tutorial.py took 0.050 seconds
[2023-08-24T04:15:08.169+0000] {processor.py:157} INFO - Started process (PID=1923) to work on /home/airflow/.local/lib/python3.8/site-packages/airflow/example_dags/tutorial.py
[2023-08-24T04:15:08.170+0000] {processor.py:829} INFO - Processing file /home/airflow/.local/lib/python3.8/site-packages/airflow/example_dags/tutorial.py for tasks to queue
[2023-08-24T04:15:08.172+0000] {logging_mixin.py:151} INFO - [2023-08-24T04:15:08.172+0000] {dagbag.py:539} INFO - Filling up the DagBag from /home/airflow/.local/lib/python3.8/site-packages/airflow/example_dags/tutorial.py
[2023-08-24T04:15:08.177+0000] {processor.py:839} INFO - DAG(s) dict_keys(['tutorial']) retrieved from /home/airflow/.local/lib/python3.8/site-packages/airflow/example_dags/tutorial.py
[2023-08-24T04:15:08.194+0000] {logging_mixin.py:151} INFO - [2023-08-24T04:15:08.194+0000] {dag.py:2907} INFO - Sync 1 DAGs
[2023-08-24T04:15:08.206+0000] {logging_mixin.py:151} INFO - [2023-08-24T04:15:08.206+0000] {dag.py:3677} INFO - Setting next_dagrun for tutorial to 2023-08-23T04:15:08.206096+00:00, run_after=2023-08-24T04:15:08.206096+00:00
[2023-08-24T04:15:08.217+0000] {processor.py:179} INFO - Processing /home/airflow/.local/lib/python3.8/site-packages/airflow/example_dags/tutorial.py took 0.052 seconds
[2023-08-24T04:15:39.059+0000] {processor.py:157} INFO - Started process (PID=1985) to work on /home/airflow/.local/lib/python3.8/site-packages/airflow/example_dags/tutorial.py
[2023-08-24T04:15:39.060+0000] {processor.py:829} INFO - Processing file /home/airflow/.local/lib/python3.8/site-packages/airflow/example_dags/tutorial.py for tasks to queue
[2023-08-24T04:15:39.061+0000] {logging_mixin.py:151} INFO - [2023-08-24T04:15:39.061+0000] {dagbag.py:539} INFO - Filling up the DagBag from /home/airflow/.local/lib/python3.8/site-packages/airflow/example_dags/tutorial.py
[2023-08-24T04:15:39.066+0000] {processor.py:839} INFO - DAG(s) dict_keys(['tutorial']) retrieved from /home/airflow/.local/lib/python3.8/site-packages/airflow/example_dags/tutorial.py
[2023-08-24T04:15:39.084+0000] {logging_mixin.py:151} INFO - [2023-08-24T04:15:39.083+0000] {dag.py:2907} INFO - Sync 1 DAGs
[2023-08-24T04:15:39.096+0000] {logging_mixin.py:151} INFO - [2023-08-24T04:15:39.096+0000] {dag.py:3677} INFO - Setting next_dagrun for tutorial to 2023-08-23T04:15:39.095972+00:00, run_after=2023-08-24T04:15:39.095972+00:00
[2023-08-24T04:15:39.106+0000] {processor.py:179} INFO - Processing /home/airflow/.local/lib/python3.8/site-packages/airflow/example_dags/tutorial.py took 0.050 seconds
[2023-08-24T04:16:09.809+0000] {processor.py:157} INFO - Started process (PID=2048) to work on /home/airflow/.local/lib/python3.8/site-packages/airflow/example_dags/tutorial.py
[2023-08-24T04:16:09.811+0000] {processor.py:829} INFO - Processing file /home/airflow/.local/lib/python3.8/site-packages/airflow/example_dags/tutorial.py for tasks to queue
[2023-08-24T04:16:09.813+0000] {logging_mixin.py:151} INFO - [2023-08-24T04:16:09.812+0000] {dagbag.py:539} INFO - Filling up the DagBag from /home/airflow/.local/lib/python3.8/site-packages/airflow/example_dags/tutorial.py
[2023-08-24T04:16:09.818+0000] {processor.py:839} INFO - DAG(s) dict_keys(['tutorial']) retrieved from /home/airflow/.local/lib/python3.8/site-packages/airflow/example_dags/tutorial.py
[2023-08-24T04:16:09.834+0000] {logging_mixin.py:151} INFO - [2023-08-24T04:16:09.834+0000] {dag.py:2907} INFO - Sync 1 DAGs
[2023-08-24T04:16:09.846+0000] {logging_mixin.py:151} INFO - [2023-08-24T04:16:09.846+0000] {dag.py:3677} INFO - Setting next_dagrun for tutorial to 2023-08-23T04:16:09.846448+00:00, run_after=2023-08-24T04:16:09.846448+00:00
[2023-08-24T04:16:09.858+0000] {processor.py:179} INFO - Processing /home/airflow/.local/lib/python3.8/site-packages/airflow/example_dags/tutorial.py took 0.052 seconds
[2023-08-24T04:16:40.586+0000] {processor.py:157} INFO - Started process (PID=2111) to work on /home/airflow/.local/lib/python3.8/site-packages/airflow/example_dags/tutorial.py
[2023-08-24T04:16:40.588+0000] {processor.py:829} INFO - Processing file /home/airflow/.local/lib/python3.8/site-packages/airflow/example_dags/tutorial.py for tasks to queue
[2023-08-24T04:16:40.590+0000] {logging_mixin.py:151} INFO - [2023-08-24T04:16:40.589+0000] {dagbag.py:539} INFO - Filling up the DagBag from /home/airflow/.local/lib/python3.8/site-packages/airflow/example_dags/tutorial.py
[2023-08-24T04:16:40.595+0000] {processor.py:839} INFO - DAG(s) dict_keys(['tutorial']) retrieved from /home/airflow/.local/lib/python3.8/site-packages/airflow/example_dags/tutorial.py
[2023-08-24T04:16:40.612+0000] {logging_mixin.py:151} INFO - [2023-08-24T04:16:40.612+0000] {dag.py:2907} INFO - Sync 1 DAGs
[2023-08-24T04:16:40.625+0000] {logging_mixin.py:151} INFO - [2023-08-24T04:16:40.625+0000] {dag.py:3677} INFO - Setting next_dagrun for tutorial to 2023-08-23T04:16:40.625076+00:00, run_after=2023-08-24T04:16:40.625076+00:00
[2023-08-24T04:16:40.635+0000] {processor.py:179} INFO - Processing /home/airflow/.local/lib/python3.8/site-packages/airflow/example_dags/tutorial.py took 0.052 seconds
[2023-08-24T04:17:11.370+0000] {processor.py:157} INFO - Started process (PID=2174) to work on /home/airflow/.local/lib/python3.8/site-packages/airflow/example_dags/tutorial.py
[2023-08-24T04:17:11.371+0000] {processor.py:829} INFO - Processing file /home/airflow/.local/lib/python3.8/site-packages/airflow/example_dags/tutorial.py for tasks to queue
[2023-08-24T04:17:11.374+0000] {logging_mixin.py:151} INFO - [2023-08-24T04:17:11.373+0000] {dagbag.py:539} INFO - Filling up the DagBag from /home/airflow/.local/lib/python3.8/site-packages/airflow/example_dags/tutorial.py
[2023-08-24T04:17:11.379+0000] {processor.py:839} INFO - DAG(s) dict_keys(['tutorial']) retrieved from /home/airflow/.local/lib/python3.8/site-packages/airflow/example_dags/tutorial.py
[2023-08-24T04:17:11.399+0000] {logging_mixin.py:151} INFO - [2023-08-24T04:17:11.399+0000] {dag.py:2907} INFO - Sync 1 DAGs
[2023-08-24T04:17:11.414+0000] {logging_mixin.py:151} INFO - [2023-08-24T04:17:11.413+0000] {dag.py:3677} INFO - Setting next_dagrun for tutorial to 2023-08-23T04:17:11.413746+00:00, run_after=2023-08-24T04:17:11.413746+00:00
[2023-08-24T04:17:11.431+0000] {processor.py:179} INFO - Processing /home/airflow/.local/lib/python3.8/site-packages/airflow/example_dags/tutorial.py took 0.065 seconds
[2023-08-24T04:17:41.520+0000] {processor.py:157} INFO - Started process (PID=2241) to work on /home/airflow/.local/lib/python3.8/site-packages/airflow/example_dags/tutorial.py
[2023-08-24T04:17:41.522+0000] {processor.py:829} INFO - Processing file /home/airflow/.local/lib/python3.8/site-packages/airflow/example_dags/tutorial.py for tasks to queue
[2023-08-24T04:17:41.524+0000] {logging_mixin.py:151} INFO - [2023-08-24T04:17:41.524+0000] {dagbag.py:539} INFO - Filling up the DagBag from /home/airflow/.local/lib/python3.8/site-packages/airflow/example_dags/tutorial.py
[2023-08-24T04:17:41.529+0000] {processor.py:839} INFO - DAG(s) dict_keys(['tutorial']) retrieved from /home/airflow/.local/lib/python3.8/site-packages/airflow/example_dags/tutorial.py
[2023-08-24T04:17:41.545+0000] {logging_mixin.py:151} INFO - [2023-08-24T04:17:41.545+0000] {dag.py:2907} INFO - Sync 1 DAGs
[2023-08-24T04:17:41.558+0000] {logging_mixin.py:151} INFO - [2023-08-24T04:17:41.558+0000] {dag.py:3677} INFO - Setting next_dagrun for tutorial to 2023-08-23T04:17:41.558071+00:00, run_after=2023-08-24T04:17:41.558071+00:00
[2023-08-24T04:17:41.568+0000] {processor.py:179} INFO - Processing /home/airflow/.local/lib/python3.8/site-packages/airflow/example_dags/tutorial.py took 0.051 seconds
[2023-08-24T04:18:12.461+0000] {processor.py:157} INFO - Started process (PID=2304) to work on /home/airflow/.local/lib/python3.8/site-packages/airflow/example_dags/tutorial.py
[2023-08-24T04:18:12.462+0000] {processor.py:829} INFO - Processing file /home/airflow/.local/lib/python3.8/site-packages/airflow/example_dags/tutorial.py for tasks to queue
[2023-08-24T04:18:12.464+0000] {logging_mixin.py:151} INFO - [2023-08-24T04:18:12.463+0000] {dagbag.py:539} INFO - Filling up the DagBag from /home/airflow/.local/lib/python3.8/site-packages/airflow/example_dags/tutorial.py
[2023-08-24T04:18:12.468+0000] {processor.py:839} INFO - DAG(s) dict_keys(['tutorial']) retrieved from /home/airflow/.local/lib/python3.8/site-packages/airflow/example_dags/tutorial.py
[2023-08-24T04:18:12.485+0000] {logging_mixin.py:151} INFO - [2023-08-24T04:18:12.485+0000] {dag.py:2907} INFO - Sync 1 DAGs
[2023-08-24T04:18:12.497+0000] {logging_mixin.py:151} INFO - [2023-08-24T04:18:12.497+0000] {dag.py:3677} INFO - Setting next_dagrun for tutorial to 2023-08-23T04:18:12.497290+00:00, run_after=2023-08-24T04:18:12.497290+00:00
[2023-08-24T04:18:12.507+0000] {processor.py:179} INFO - Processing /home/airflow/.local/lib/python3.8/site-packages/airflow/example_dags/tutorial.py took 0.050 seconds
[2023-08-24T04:24:27.849+0000] {processor.py:157} INFO - Started process (PID=34) to work on /home/airflow/.local/lib/python3.8/site-packages/airflow/example_dags/tutorial.py
[2023-08-24T04:24:27.850+0000] {processor.py:829} INFO - Processing file /home/airflow/.local/lib/python3.8/site-packages/airflow/example_dags/tutorial.py for tasks to queue
[2023-08-24T04:24:27.852+0000] {logging_mixin.py:151} INFO - [2023-08-24T04:24:27.852+0000] {dagbag.py:539} INFO - Filling up the DagBag from /home/airflow/.local/lib/python3.8/site-packages/airflow/example_dags/tutorial.py
[2023-08-24T04:24:27.859+0000] {processor.py:839} INFO - DAG(s) dict_keys(['tutorial']) retrieved from /home/airflow/.local/lib/python3.8/site-packages/airflow/example_dags/tutorial.py
[2023-08-24T04:24:27.870+0000] {logging_mixin.py:151} INFO - [2023-08-24T04:24:27.870+0000] {dag.py:2907} INFO - Sync 1 DAGs
[2023-08-24T04:24:27.972+0000] {logging_mixin.py:151} INFO - [2023-08-24T04:24:27.972+0000] {dag.py:3677} INFO - Setting next_dagrun for tutorial to 2023-08-23T04:24:27.971868+00:00, run_after=2023-08-24T04:24:27.971868+00:00
[2023-08-24T04:24:27.982+0000] {processor.py:179} INFO - Processing /home/airflow/.local/lib/python3.8/site-packages/airflow/example_dags/tutorial.py took 0.136 seconds
[2023-08-24T04:24:59.034+0000] {processor.py:157} INFO - Started process (PID=97) to work on /home/airflow/.local/lib/python3.8/site-packages/airflow/example_dags/tutorial.py
[2023-08-24T04:24:59.036+0000] {processor.py:829} INFO - Processing file /home/airflow/.local/lib/python3.8/site-packages/airflow/example_dags/tutorial.py for tasks to queue
[2023-08-24T04:24:59.039+0000] {logging_mixin.py:151} INFO - [2023-08-24T04:24:59.039+0000] {dagbag.py:539} INFO - Filling up the DagBag from /home/airflow/.local/lib/python3.8/site-packages/airflow/example_dags/tutorial.py
[2023-08-24T04:24:59.045+0000] {processor.py:839} INFO - DAG(s) dict_keys(['tutorial']) retrieved from /home/airflow/.local/lib/python3.8/site-packages/airflow/example_dags/tutorial.py
[2023-08-24T04:24:59.064+0000] {logging_mixin.py:151} INFO - [2023-08-24T04:24:59.064+0000] {dag.py:2907} INFO - Sync 1 DAGs
[2023-08-24T04:24:59.080+0000] {logging_mixin.py:151} INFO - [2023-08-24T04:24:59.080+0000] {dag.py:3677} INFO - Setting next_dagrun for tutorial to 2023-08-23T04:24:59.080054+00:00, run_after=2023-08-24T04:24:59.080054+00:00
[2023-08-24T04:24:59.091+0000] {processor.py:179} INFO - Processing /home/airflow/.local/lib/python3.8/site-packages/airflow/example_dags/tutorial.py took 0.060 seconds
[2023-08-24T04:26:37.528+0000] {processor.py:157} INFO - Started process (PID=34) to work on /home/airflow/.local/lib/python3.8/site-packages/airflow/example_dags/tutorial.py
[2023-08-24T04:26:37.530+0000] {processor.py:829} INFO - Processing file /home/airflow/.local/lib/python3.8/site-packages/airflow/example_dags/tutorial.py for tasks to queue
[2023-08-24T04:26:37.532+0000] {logging_mixin.py:151} INFO - [2023-08-24T04:26:37.532+0000] {dagbag.py:539} INFO - Filling up the DagBag from /home/airflow/.local/lib/python3.8/site-packages/airflow/example_dags/tutorial.py
[2023-08-24T04:26:37.539+0000] {processor.py:839} INFO - DAG(s) dict_keys(['tutorial']) retrieved from /home/airflow/.local/lib/python3.8/site-packages/airflow/example_dags/tutorial.py
[2023-08-24T04:26:37.551+0000] {logging_mixin.py:151} INFO - [2023-08-24T04:26:37.551+0000] {dag.py:2907} INFO - Sync 1 DAGs
[2023-08-24T04:26:37.640+0000] {logging_mixin.py:151} INFO - [2023-08-24T04:26:37.640+0000] {dag.py:3677} INFO - Setting next_dagrun for tutorial to 2023-08-23T04:26:37.640303+00:00, run_after=2023-08-24T04:26:37.640303+00:00
[2023-08-24T04:26:37.651+0000] {processor.py:179} INFO - Processing /home/airflow/.local/lib/python3.8/site-packages/airflow/example_dags/tutorial.py took 0.124 seconds
[2023-08-24T04:27:08.069+0000] {processor.py:157} INFO - Started process (PID=96) to work on /home/airflow/.local/lib/python3.8/site-packages/airflow/example_dags/tutorial.py
[2023-08-24T04:27:08.070+0000] {processor.py:829} INFO - Processing file /home/airflow/.local/lib/python3.8/site-packages/airflow/example_dags/tutorial.py for tasks to queue
[2023-08-24T04:27:08.073+0000] {logging_mixin.py:151} INFO - [2023-08-24T04:27:08.073+0000] {dagbag.py:539} INFO - Filling up the DagBag from /home/airflow/.local/lib/python3.8/site-packages/airflow/example_dags/tutorial.py
[2023-08-24T04:27:08.078+0000] {processor.py:839} INFO - DAG(s) dict_keys(['tutorial']) retrieved from /home/airflow/.local/lib/python3.8/site-packages/airflow/example_dags/tutorial.py
[2023-08-24T04:27:08.094+0000] {logging_mixin.py:151} INFO - [2023-08-24T04:27:08.093+0000] {dag.py:2907} INFO - Sync 1 DAGs
[2023-08-24T04:27:08.106+0000] {logging_mixin.py:151} INFO - [2023-08-24T04:27:08.105+0000] {dag.py:3677} INFO - Setting next_dagrun for tutorial to 2023-08-23T04:27:08.105734+00:00, run_after=2023-08-24T04:27:08.105734+00:00
[2023-08-24T04:27:08.115+0000] {processor.py:179} INFO - Processing /home/airflow/.local/lib/python3.8/site-packages/airflow/example_dags/tutorial.py took 0.048 seconds
