[2023-08-24T03:04:52.347+0000] {processor.py:157} INFO - Started process (PID=35) to work on /home/airflow/.local/lib/python3.8/site-packages/airflow/example_dags/tutorial_dag.py
[2023-08-24T03:04:52.348+0000] {processor.py:829} INFO - Processing file /home/airflow/.local/lib/python3.8/site-packages/airflow/example_dags/tutorial_dag.py for tasks to queue
[2023-08-24T03:04:52.350+0000] {logging_mixin.py:151} INFO - [2023-08-24T03:04:52.349+0000] {dagbag.py:539} INFO - Filling up the DagBag from /home/airflow/.local/lib/python3.8/site-packages/airflow/example_dags/tutorial_dag.py
[2023-08-24T03:04:52.357+0000] {processor.py:839} INFO - DAG(s) dict_keys(['tutorial_dag']) retrieved from /home/airflow/.local/lib/python3.8/site-packages/airflow/example_dags/tutorial_dag.py
[2023-08-24T03:04:52.370+0000] {logging_mixin.py:151} INFO - [2023-08-24T03:04:52.370+0000] {dag.py:2907} INFO - Sync 1 DAGs
[2023-08-24T03:04:52.465+0000] {logging_mixin.py:151} INFO - [2023-08-24T03:04:52.465+0000] {dag.py:3677} INFO - Setting next_dagrun for tutorial_dag to None, run_after=None
[2023-08-24T03:04:52.476+0000] {processor.py:179} INFO - Processing /home/airflow/.local/lib/python3.8/site-packages/airflow/example_dags/tutorial_dag.py took 0.133 seconds
[2023-08-24T03:05:23.397+0000] {processor.py:157} INFO - Started process (PID=98) to work on /home/airflow/.local/lib/python3.8/site-packages/airflow/example_dags/tutorial_dag.py
[2023-08-24T03:05:23.398+0000] {processor.py:829} INFO - Processing file /home/airflow/.local/lib/python3.8/site-packages/airflow/example_dags/tutorial_dag.py for tasks to queue
[2023-08-24T03:05:23.400+0000] {logging_mixin.py:151} INFO - [2023-08-24T03:05:23.400+0000] {dagbag.py:539} INFO - Filling up the DagBag from /home/airflow/.local/lib/python3.8/site-packages/airflow/example_dags/tutorial_dag.py
[2023-08-24T03:05:23.405+0000] {processor.py:839} INFO - DAG(s) dict_keys(['tutorial_dag']) retrieved from /home/airflow/.local/lib/python3.8/site-packages/airflow/example_dags/tutorial_dag.py
[2023-08-24T03:05:23.421+0000] {logging_mixin.py:151} INFO - [2023-08-24T03:05:23.421+0000] {dag.py:2907} INFO - Sync 1 DAGs
[2023-08-24T03:05:23.429+0000] {logging_mixin.py:151} INFO - [2023-08-24T03:05:23.429+0000] {dag.py:3677} INFO - Setting next_dagrun for tutorial_dag to None, run_after=None
[2023-08-24T03:05:23.439+0000] {processor.py:179} INFO - Processing /home/airflow/.local/lib/python3.8/site-packages/airflow/example_dags/tutorial_dag.py took 0.045 seconds
[2023-08-24T03:05:53.515+0000] {processor.py:157} INFO - Started process (PID=161) to work on /home/airflow/.local/lib/python3.8/site-packages/airflow/example_dags/tutorial_dag.py
[2023-08-24T03:05:53.516+0000] {processor.py:829} INFO - Processing file /home/airflow/.local/lib/python3.8/site-packages/airflow/example_dags/tutorial_dag.py for tasks to queue
[2023-08-24T03:05:53.518+0000] {logging_mixin.py:151} INFO - [2023-08-24T03:05:53.518+0000] {dagbag.py:539} INFO - Filling up the DagBag from /home/airflow/.local/lib/python3.8/site-packages/airflow/example_dags/tutorial_dag.py
[2023-08-24T03:05:53.523+0000] {processor.py:839} INFO - DAG(s) dict_keys(['tutorial_dag']) retrieved from /home/airflow/.local/lib/python3.8/site-packages/airflow/example_dags/tutorial_dag.py
[2023-08-24T03:05:53.539+0000] {logging_mixin.py:151} INFO - [2023-08-24T03:05:53.539+0000] {dag.py:2907} INFO - Sync 1 DAGs
[2023-08-24T03:05:53.546+0000] {logging_mixin.py:151} INFO - [2023-08-24T03:05:53.546+0000] {dag.py:3677} INFO - Setting next_dagrun for tutorial_dag to None, run_after=None
[2023-08-24T03:05:53.557+0000] {processor.py:179} INFO - Processing /home/airflow/.local/lib/python3.8/site-packages/airflow/example_dags/tutorial_dag.py took 0.046 seconds
[2023-08-24T03:06:24.448+0000] {processor.py:157} INFO - Started process (PID=224) to work on /home/airflow/.local/lib/python3.8/site-packages/airflow/example_dags/tutorial_dag.py
[2023-08-24T03:06:24.449+0000] {processor.py:829} INFO - Processing file /home/airflow/.local/lib/python3.8/site-packages/airflow/example_dags/tutorial_dag.py for tasks to queue
[2023-08-24T03:06:24.452+0000] {logging_mixin.py:151} INFO - [2023-08-24T03:06:24.452+0000] {dagbag.py:539} INFO - Filling up the DagBag from /home/airflow/.local/lib/python3.8/site-packages/airflow/example_dags/tutorial_dag.py
[2023-08-24T03:06:24.457+0000] {processor.py:839} INFO - DAG(s) dict_keys(['tutorial_dag']) retrieved from /home/airflow/.local/lib/python3.8/site-packages/airflow/example_dags/tutorial_dag.py
[2023-08-24T03:06:24.473+0000] {logging_mixin.py:151} INFO - [2023-08-24T03:06:24.472+0000] {dag.py:2907} INFO - Sync 1 DAGs
[2023-08-24T03:06:24.480+0000] {logging_mixin.py:151} INFO - [2023-08-24T03:06:24.480+0000] {dag.py:3677} INFO - Setting next_dagrun for tutorial_dag to None, run_after=None
[2023-08-24T03:06:24.491+0000] {processor.py:179} INFO - Processing /home/airflow/.local/lib/python3.8/site-packages/airflow/example_dags/tutorial_dag.py took 0.045 seconds
[2023-08-24T03:06:55.385+0000] {processor.py:157} INFO - Started process (PID=287) to work on /home/airflow/.local/lib/python3.8/site-packages/airflow/example_dags/tutorial_dag.py
[2023-08-24T03:06:55.386+0000] {processor.py:829} INFO - Processing file /home/airflow/.local/lib/python3.8/site-packages/airflow/example_dags/tutorial_dag.py for tasks to queue
[2023-08-24T03:06:55.388+0000] {logging_mixin.py:151} INFO - [2023-08-24T03:06:55.388+0000] {dagbag.py:539} INFO - Filling up the DagBag from /home/airflow/.local/lib/python3.8/site-packages/airflow/example_dags/tutorial_dag.py
[2023-08-24T03:06:55.392+0000] {processor.py:839} INFO - DAG(s) dict_keys(['tutorial_dag']) retrieved from /home/airflow/.local/lib/python3.8/site-packages/airflow/example_dags/tutorial_dag.py
[2023-08-24T03:06:55.409+0000] {logging_mixin.py:151} INFO - [2023-08-24T03:06:55.409+0000] {dag.py:2907} INFO - Sync 1 DAGs
[2023-08-24T03:06:55.417+0000] {logging_mixin.py:151} INFO - [2023-08-24T03:06:55.417+0000] {dag.py:3677} INFO - Setting next_dagrun for tutorial_dag to None, run_after=None
[2023-08-24T03:06:55.429+0000] {processor.py:179} INFO - Processing /home/airflow/.local/lib/python3.8/site-packages/airflow/example_dags/tutorial_dag.py took 0.047 seconds
[2023-08-24T03:07:26.280+0000] {processor.py:157} INFO - Started process (PID=354) to work on /home/airflow/.local/lib/python3.8/site-packages/airflow/example_dags/tutorial_dag.py
[2023-08-24T03:07:26.281+0000] {processor.py:829} INFO - Processing file /home/airflow/.local/lib/python3.8/site-packages/airflow/example_dags/tutorial_dag.py for tasks to queue
[2023-08-24T03:07:26.283+0000] {logging_mixin.py:151} INFO - [2023-08-24T03:07:26.282+0000] {dagbag.py:539} INFO - Filling up the DagBag from /home/airflow/.local/lib/python3.8/site-packages/airflow/example_dags/tutorial_dag.py
[2023-08-24T03:07:26.287+0000] {processor.py:839} INFO - DAG(s) dict_keys(['tutorial_dag']) retrieved from /home/airflow/.local/lib/python3.8/site-packages/airflow/example_dags/tutorial_dag.py
[2023-08-24T03:07:26.303+0000] {logging_mixin.py:151} INFO - [2023-08-24T03:07:26.303+0000] {dag.py:2907} INFO - Sync 1 DAGs
[2023-08-24T03:07:26.310+0000] {logging_mixin.py:151} INFO - [2023-08-24T03:07:26.310+0000] {dag.py:3677} INFO - Setting next_dagrun for tutorial_dag to None, run_after=None
[2023-08-24T03:07:26.320+0000] {processor.py:179} INFO - Processing /home/airflow/.local/lib/python3.8/site-packages/airflow/example_dags/tutorial_dag.py took 0.044 seconds
[2023-08-24T03:07:56.914+0000] {processor.py:157} INFO - Started process (PID=417) to work on /home/airflow/.local/lib/python3.8/site-packages/airflow/example_dags/tutorial_dag.py
[2023-08-24T03:07:56.916+0000] {processor.py:829} INFO - Processing file /home/airflow/.local/lib/python3.8/site-packages/airflow/example_dags/tutorial_dag.py for tasks to queue
[2023-08-24T03:07:56.917+0000] {logging_mixin.py:151} INFO - [2023-08-24T03:07:56.917+0000] {dagbag.py:539} INFO - Filling up the DagBag from /home/airflow/.local/lib/python3.8/site-packages/airflow/example_dags/tutorial_dag.py
[2023-08-24T03:07:56.922+0000] {processor.py:839} INFO - DAG(s) dict_keys(['tutorial_dag']) retrieved from /home/airflow/.local/lib/python3.8/site-packages/airflow/example_dags/tutorial_dag.py
[2023-08-24T03:07:56.938+0000] {logging_mixin.py:151} INFO - [2023-08-24T03:07:56.938+0000] {dag.py:2907} INFO - Sync 1 DAGs
[2023-08-24T03:07:56.945+0000] {logging_mixin.py:151} INFO - [2023-08-24T03:07:56.945+0000] {dag.py:3677} INFO - Setting next_dagrun for tutorial_dag to None, run_after=None
[2023-08-24T03:07:56.957+0000] {processor.py:179} INFO - Processing /home/airflow/.local/lib/python3.8/site-packages/airflow/example_dags/tutorial_dag.py took 0.045 seconds
[2023-08-24T03:08:27.716+0000] {processor.py:157} INFO - Started process (PID=481) to work on /home/airflow/.local/lib/python3.8/site-packages/airflow/example_dags/tutorial_dag.py
[2023-08-24T03:08:27.717+0000] {processor.py:829} INFO - Processing file /home/airflow/.local/lib/python3.8/site-packages/airflow/example_dags/tutorial_dag.py for tasks to queue
[2023-08-24T03:08:27.719+0000] {logging_mixin.py:151} INFO - [2023-08-24T03:08:27.719+0000] {dagbag.py:539} INFO - Filling up the DagBag from /home/airflow/.local/lib/python3.8/site-packages/airflow/example_dags/tutorial_dag.py
[2023-08-24T03:08:27.724+0000] {processor.py:839} INFO - DAG(s) dict_keys(['tutorial_dag']) retrieved from /home/airflow/.local/lib/python3.8/site-packages/airflow/example_dags/tutorial_dag.py
[2023-08-24T03:08:27.742+0000] {logging_mixin.py:151} INFO - [2023-08-24T03:08:27.742+0000] {dag.py:2907} INFO - Sync 1 DAGs
[2023-08-24T03:08:27.750+0000] {logging_mixin.py:151} INFO - [2023-08-24T03:08:27.750+0000] {dag.py:3677} INFO - Setting next_dagrun for tutorial_dag to None, run_after=None
[2023-08-24T03:08:27.762+0000] {processor.py:179} INFO - Processing /home/airflow/.local/lib/python3.8/site-packages/airflow/example_dags/tutorial_dag.py took 0.049 seconds
[2023-08-24T03:08:58.591+0000] {processor.py:157} INFO - Started process (PID=544) to work on /home/airflow/.local/lib/python3.8/site-packages/airflow/example_dags/tutorial_dag.py
[2023-08-24T03:08:58.593+0000] {processor.py:829} INFO - Processing file /home/airflow/.local/lib/python3.8/site-packages/airflow/example_dags/tutorial_dag.py for tasks to queue
[2023-08-24T03:08:58.594+0000] {logging_mixin.py:151} INFO - [2023-08-24T03:08:58.594+0000] {dagbag.py:539} INFO - Filling up the DagBag from /home/airflow/.local/lib/python3.8/site-packages/airflow/example_dags/tutorial_dag.py
[2023-08-24T03:08:58.599+0000] {processor.py:839} INFO - DAG(s) dict_keys(['tutorial_dag']) retrieved from /home/airflow/.local/lib/python3.8/site-packages/airflow/example_dags/tutorial_dag.py
[2023-08-24T03:08:58.616+0000] {logging_mixin.py:151} INFO - [2023-08-24T03:08:58.616+0000] {dag.py:2907} INFO - Sync 1 DAGs
[2023-08-24T03:08:58.623+0000] {logging_mixin.py:151} INFO - [2023-08-24T03:08:58.623+0000] {dag.py:3677} INFO - Setting next_dagrun for tutorial_dag to None, run_after=None
[2023-08-24T03:08:58.634+0000] {processor.py:179} INFO - Processing /home/airflow/.local/lib/python3.8/site-packages/airflow/example_dags/tutorial_dag.py took 0.046 seconds
[2023-08-24T03:16:27.550+0000] {processor.py:157} INFO - Started process (PID=36) to work on /home/airflow/.local/lib/python3.8/site-packages/airflow/example_dags/tutorial_dag.py
[2023-08-24T03:16:27.551+0000] {processor.py:829} INFO - Processing file /home/airflow/.local/lib/python3.8/site-packages/airflow/example_dags/tutorial_dag.py for tasks to queue
[2023-08-24T03:16:27.553+0000] {logging_mixin.py:151} INFO - [2023-08-24T03:16:27.552+0000] {dagbag.py:539} INFO - Filling up the DagBag from /home/airflow/.local/lib/python3.8/site-packages/airflow/example_dags/tutorial_dag.py
[2023-08-24T03:16:27.559+0000] {processor.py:839} INFO - DAG(s) dict_keys(['tutorial_dag']) retrieved from /home/airflow/.local/lib/python3.8/site-packages/airflow/example_dags/tutorial_dag.py
[2023-08-24T03:16:27.572+0000] {logging_mixin.py:151} INFO - [2023-08-24T03:16:27.572+0000] {dag.py:2907} INFO - Sync 1 DAGs
[2023-08-24T03:16:27.676+0000] {logging_mixin.py:151} INFO - [2023-08-24T03:16:27.675+0000] {dag.py:3677} INFO - Setting next_dagrun for tutorial_dag to None, run_after=None
[2023-08-24T03:16:27.687+0000] {processor.py:179} INFO - Processing /home/airflow/.local/lib/python3.8/site-packages/airflow/example_dags/tutorial_dag.py took 0.140 seconds
[2023-08-24T03:16:57.961+0000] {processor.py:157} INFO - Started process (PID=99) to work on /home/airflow/.local/lib/python3.8/site-packages/airflow/example_dags/tutorial_dag.py
[2023-08-24T03:16:57.962+0000] {processor.py:829} INFO - Processing file /home/airflow/.local/lib/python3.8/site-packages/airflow/example_dags/tutorial_dag.py for tasks to queue
[2023-08-24T03:16:57.964+0000] {logging_mixin.py:151} INFO - [2023-08-24T03:16:57.964+0000] {dagbag.py:539} INFO - Filling up the DagBag from /home/airflow/.local/lib/python3.8/site-packages/airflow/example_dags/tutorial_dag.py
[2023-08-24T03:16:57.970+0000] {processor.py:839} INFO - DAG(s) dict_keys(['tutorial_dag']) retrieved from /home/airflow/.local/lib/python3.8/site-packages/airflow/example_dags/tutorial_dag.py
[2023-08-24T03:16:57.986+0000] {logging_mixin.py:151} INFO - [2023-08-24T03:16:57.986+0000] {dag.py:2907} INFO - Sync 1 DAGs
[2023-08-24T03:16:57.993+0000] {logging_mixin.py:151} INFO - [2023-08-24T03:16:57.993+0000] {dag.py:3677} INFO - Setting next_dagrun for tutorial_dag to None, run_after=None
[2023-08-24T03:16:58.005+0000] {processor.py:179} INFO - Processing /home/airflow/.local/lib/python3.8/site-packages/airflow/example_dags/tutorial_dag.py took 0.047 seconds
[2023-08-24T03:17:28.843+0000] {processor.py:157} INFO - Started process (PID=162) to work on /home/airflow/.local/lib/python3.8/site-packages/airflow/example_dags/tutorial_dag.py
[2023-08-24T03:17:28.843+0000] {processor.py:829} INFO - Processing file /home/airflow/.local/lib/python3.8/site-packages/airflow/example_dags/tutorial_dag.py for tasks to queue
[2023-08-24T03:17:28.846+0000] {logging_mixin.py:151} INFO - [2023-08-24T03:17:28.845+0000] {dagbag.py:539} INFO - Filling up the DagBag from /home/airflow/.local/lib/python3.8/site-packages/airflow/example_dags/tutorial_dag.py
[2023-08-24T03:17:28.851+0000] {processor.py:839} INFO - DAG(s) dict_keys(['tutorial_dag']) retrieved from /home/airflow/.local/lib/python3.8/site-packages/airflow/example_dags/tutorial_dag.py
[2023-08-24T03:17:28.868+0000] {logging_mixin.py:151} INFO - [2023-08-24T03:17:28.868+0000] {dag.py:2907} INFO - Sync 1 DAGs
[2023-08-24T03:17:28.877+0000] {logging_mixin.py:151} INFO - [2023-08-24T03:17:28.877+0000] {dag.py:3677} INFO - Setting next_dagrun for tutorial_dag to None, run_after=None
[2023-08-24T03:17:28.889+0000] {processor.py:179} INFO - Processing /home/airflow/.local/lib/python3.8/site-packages/airflow/example_dags/tutorial_dag.py took 0.049 seconds
[2023-08-24T03:17:59.678+0000] {processor.py:157} INFO - Started process (PID=225) to work on /home/airflow/.local/lib/python3.8/site-packages/airflow/example_dags/tutorial_dag.py
[2023-08-24T03:17:59.679+0000] {processor.py:829} INFO - Processing file /home/airflow/.local/lib/python3.8/site-packages/airflow/example_dags/tutorial_dag.py for tasks to queue
[2023-08-24T03:17:59.680+0000] {logging_mixin.py:151} INFO - [2023-08-24T03:17:59.680+0000] {dagbag.py:539} INFO - Filling up the DagBag from /home/airflow/.local/lib/python3.8/site-packages/airflow/example_dags/tutorial_dag.py
[2023-08-24T03:17:59.685+0000] {processor.py:839} INFO - DAG(s) dict_keys(['tutorial_dag']) retrieved from /home/airflow/.local/lib/python3.8/site-packages/airflow/example_dags/tutorial_dag.py
[2023-08-24T03:17:59.701+0000] {logging_mixin.py:151} INFO - [2023-08-24T03:17:59.701+0000] {dag.py:2907} INFO - Sync 1 DAGs
[2023-08-24T03:17:59.709+0000] {logging_mixin.py:151} INFO - [2023-08-24T03:17:59.708+0000] {dag.py:3677} INFO - Setting next_dagrun for tutorial_dag to None, run_after=None
[2023-08-24T03:17:59.718+0000] {processor.py:179} INFO - Processing /home/airflow/.local/lib/python3.8/site-packages/airflow/example_dags/tutorial_dag.py took 0.043 seconds
[2023-08-24T03:19:13.924+0000] {processor.py:157} INFO - Started process (PID=35) to work on /home/airflow/.local/lib/python3.8/site-packages/airflow/example_dags/tutorial_dag.py
[2023-08-24T03:19:13.926+0000] {processor.py:829} INFO - Processing file /home/airflow/.local/lib/python3.8/site-packages/airflow/example_dags/tutorial_dag.py for tasks to queue
[2023-08-24T03:19:13.928+0000] {logging_mixin.py:151} INFO - [2023-08-24T03:19:13.927+0000] {dagbag.py:539} INFO - Filling up the DagBag from /home/airflow/.local/lib/python3.8/site-packages/airflow/example_dags/tutorial_dag.py
[2023-08-24T03:19:13.934+0000] {processor.py:839} INFO - DAG(s) dict_keys(['tutorial_dag']) retrieved from /home/airflow/.local/lib/python3.8/site-packages/airflow/example_dags/tutorial_dag.py
[2023-08-24T03:19:13.947+0000] {logging_mixin.py:151} INFO - [2023-08-24T03:19:13.947+0000] {dag.py:2907} INFO - Sync 1 DAGs
[2023-08-24T03:19:14.041+0000] {logging_mixin.py:151} INFO - [2023-08-24T03:19:14.041+0000] {dag.py:3677} INFO - Setting next_dagrun for tutorial_dag to None, run_after=None
[2023-08-24T03:19:14.052+0000] {processor.py:179} INFO - Processing /home/airflow/.local/lib/python3.8/site-packages/airflow/example_dags/tutorial_dag.py took 0.130 seconds
[2023-08-24T03:22:54.315+0000] {processor.py:157} INFO - Started process (PID=34) to work on /home/airflow/.local/lib/python3.8/site-packages/airflow/example_dags/tutorial_dag.py
[2023-08-24T03:22:54.316+0000] {processor.py:829} INFO - Processing file /home/airflow/.local/lib/python3.8/site-packages/airflow/example_dags/tutorial_dag.py for tasks to queue
[2023-08-24T03:22:54.319+0000] {logging_mixin.py:151} INFO - [2023-08-24T03:22:54.318+0000] {dagbag.py:539} INFO - Filling up the DagBag from /home/airflow/.local/lib/python3.8/site-packages/airflow/example_dags/tutorial_dag.py
[2023-08-24T03:22:54.328+0000] {processor.py:839} INFO - DAG(s) dict_keys(['tutorial_dag']) retrieved from /home/airflow/.local/lib/python3.8/site-packages/airflow/example_dags/tutorial_dag.py
[2023-08-24T03:22:54.341+0000] {logging_mixin.py:151} INFO - [2023-08-24T03:22:54.341+0000] {dag.py:2907} INFO - Sync 1 DAGs
[2023-08-24T03:22:54.446+0000] {logging_mixin.py:151} INFO - [2023-08-24T03:22:54.445+0000] {dag.py:3677} INFO - Setting next_dagrun for tutorial_dag to None, run_after=None
[2023-08-24T03:22:54.459+0000] {processor.py:179} INFO - Processing /home/airflow/.local/lib/python3.8/site-packages/airflow/example_dags/tutorial_dag.py took 0.147 seconds
[2023-08-24T03:23:24.981+0000] {processor.py:157} INFO - Started process (PID=97) to work on /home/airflow/.local/lib/python3.8/site-packages/airflow/example_dags/tutorial_dag.py
[2023-08-24T03:23:24.982+0000] {processor.py:829} INFO - Processing file /home/airflow/.local/lib/python3.8/site-packages/airflow/example_dags/tutorial_dag.py for tasks to queue
[2023-08-24T03:23:24.984+0000] {logging_mixin.py:151} INFO - [2023-08-24T03:23:24.983+0000] {dagbag.py:539} INFO - Filling up the DagBag from /home/airflow/.local/lib/python3.8/site-packages/airflow/example_dags/tutorial_dag.py
[2023-08-24T03:23:24.988+0000] {processor.py:839} INFO - DAG(s) dict_keys(['tutorial_dag']) retrieved from /home/airflow/.local/lib/python3.8/site-packages/airflow/example_dags/tutorial_dag.py
[2023-08-24T03:23:25.003+0000] {logging_mixin.py:151} INFO - [2023-08-24T03:23:25.003+0000] {dag.py:2907} INFO - Sync 1 DAGs
[2023-08-24T03:23:25.010+0000] {logging_mixin.py:151} INFO - [2023-08-24T03:23:25.010+0000] {dag.py:3677} INFO - Setting next_dagrun for tutorial_dag to None, run_after=None
[2023-08-24T03:23:25.020+0000] {processor.py:179} INFO - Processing /home/airflow/.local/lib/python3.8/site-packages/airflow/example_dags/tutorial_dag.py took 0.042 seconds
[2023-08-24T03:59:46.522+0000] {processor.py:157} INFO - Started process (PID=35) to work on /home/airflow/.local/lib/python3.8/site-packages/airflow/example_dags/tutorial_dag.py
[2023-08-24T03:59:46.523+0000] {processor.py:829} INFO - Processing file /home/airflow/.local/lib/python3.8/site-packages/airflow/example_dags/tutorial_dag.py for tasks to queue
[2023-08-24T03:59:46.525+0000] {logging_mixin.py:151} INFO - [2023-08-24T03:59:46.525+0000] {dagbag.py:539} INFO - Filling up the DagBag from /home/airflow/.local/lib/python3.8/site-packages/airflow/example_dags/tutorial_dag.py
[2023-08-24T03:59:46.533+0000] {processor.py:839} INFO - DAG(s) dict_keys(['tutorial_dag']) retrieved from /home/airflow/.local/lib/python3.8/site-packages/airflow/example_dags/tutorial_dag.py
[2023-08-24T03:59:46.545+0000] {logging_mixin.py:151} INFO - [2023-08-24T03:59:46.545+0000] {dag.py:2907} INFO - Sync 1 DAGs
[2023-08-24T03:59:46.653+0000] {logging_mixin.py:151} INFO - [2023-08-24T03:59:46.653+0000] {dag.py:3677} INFO - Setting next_dagrun for tutorial_dag to None, run_after=None
[2023-08-24T03:59:46.666+0000] {processor.py:179} INFO - Processing /home/airflow/.local/lib/python3.8/site-packages/airflow/example_dags/tutorial_dag.py took 0.147 seconds
[2023-08-24T04:00:17.090+0000] {processor.py:157} INFO - Started process (PID=98) to work on /home/airflow/.local/lib/python3.8/site-packages/airflow/example_dags/tutorial_dag.py
[2023-08-24T04:00:17.091+0000] {processor.py:829} INFO - Processing file /home/airflow/.local/lib/python3.8/site-packages/airflow/example_dags/tutorial_dag.py for tasks to queue
[2023-08-24T04:00:17.094+0000] {logging_mixin.py:151} INFO - [2023-08-24T04:00:17.094+0000] {dagbag.py:539} INFO - Filling up the DagBag from /home/airflow/.local/lib/python3.8/site-packages/airflow/example_dags/tutorial_dag.py
[2023-08-24T04:00:17.098+0000] {processor.py:839} INFO - DAG(s) dict_keys(['tutorial_dag']) retrieved from /home/airflow/.local/lib/python3.8/site-packages/airflow/example_dags/tutorial_dag.py
[2023-08-24T04:00:17.115+0000] {logging_mixin.py:151} INFO - [2023-08-24T04:00:17.114+0000] {dag.py:2907} INFO - Sync 1 DAGs
[2023-08-24T04:00:17.122+0000] {logging_mixin.py:151} INFO - [2023-08-24T04:00:17.122+0000] {dag.py:3677} INFO - Setting next_dagrun for tutorial_dag to None, run_after=None
[2023-08-24T04:00:17.133+0000] {processor.py:179} INFO - Processing /home/airflow/.local/lib/python3.8/site-packages/airflow/example_dags/tutorial_dag.py took 0.046 seconds
[2023-08-24T04:00:47.949+0000] {processor.py:157} INFO - Started process (PID=161) to work on /home/airflow/.local/lib/python3.8/site-packages/airflow/example_dags/tutorial_dag.py
[2023-08-24T04:00:47.951+0000] {processor.py:829} INFO - Processing file /home/airflow/.local/lib/python3.8/site-packages/airflow/example_dags/tutorial_dag.py for tasks to queue
[2023-08-24T04:00:47.953+0000] {logging_mixin.py:151} INFO - [2023-08-24T04:00:47.952+0000] {dagbag.py:539} INFO - Filling up the DagBag from /home/airflow/.local/lib/python3.8/site-packages/airflow/example_dags/tutorial_dag.py
[2023-08-24T04:00:47.957+0000] {processor.py:839} INFO - DAG(s) dict_keys(['tutorial_dag']) retrieved from /home/airflow/.local/lib/python3.8/site-packages/airflow/example_dags/tutorial_dag.py
[2023-08-24T04:00:47.974+0000] {logging_mixin.py:151} INFO - [2023-08-24T04:00:47.974+0000] {dag.py:2907} INFO - Sync 1 DAGs
[2023-08-24T04:00:47.982+0000] {logging_mixin.py:151} INFO - [2023-08-24T04:00:47.981+0000] {dag.py:3677} INFO - Setting next_dagrun for tutorial_dag to None, run_after=None
[2023-08-24T04:00:47.991+0000] {processor.py:179} INFO - Processing /home/airflow/.local/lib/python3.8/site-packages/airflow/example_dags/tutorial_dag.py took 0.045 seconds
[2023-08-24T04:01:18.630+0000] {processor.py:157} INFO - Started process (PID=224) to work on /home/airflow/.local/lib/python3.8/site-packages/airflow/example_dags/tutorial_dag.py
[2023-08-24T04:01:18.632+0000] {processor.py:829} INFO - Processing file /home/airflow/.local/lib/python3.8/site-packages/airflow/example_dags/tutorial_dag.py for tasks to queue
[2023-08-24T04:01:18.634+0000] {logging_mixin.py:151} INFO - [2023-08-24T04:01:18.633+0000] {dagbag.py:539} INFO - Filling up the DagBag from /home/airflow/.local/lib/python3.8/site-packages/airflow/example_dags/tutorial_dag.py
[2023-08-24T04:01:18.638+0000] {processor.py:839} INFO - DAG(s) dict_keys(['tutorial_dag']) retrieved from /home/airflow/.local/lib/python3.8/site-packages/airflow/example_dags/tutorial_dag.py
[2023-08-24T04:01:18.654+0000] {logging_mixin.py:151} INFO - [2023-08-24T04:01:18.654+0000] {dag.py:2907} INFO - Sync 1 DAGs
[2023-08-24T04:01:18.662+0000] {logging_mixin.py:151} INFO - [2023-08-24T04:01:18.662+0000] {dag.py:3677} INFO - Setting next_dagrun for tutorial_dag to None, run_after=None
[2023-08-24T04:01:18.673+0000] {processor.py:179} INFO - Processing /home/airflow/.local/lib/python3.8/site-packages/airflow/example_dags/tutorial_dag.py took 0.045 seconds
[2023-08-24T04:01:49.514+0000] {processor.py:157} INFO - Started process (PID=287) to work on /home/airflow/.local/lib/python3.8/site-packages/airflow/example_dags/tutorial_dag.py
[2023-08-24T04:01:49.515+0000] {processor.py:829} INFO - Processing file /home/airflow/.local/lib/python3.8/site-packages/airflow/example_dags/tutorial_dag.py for tasks to queue
[2023-08-24T04:01:49.518+0000] {logging_mixin.py:151} INFO - [2023-08-24T04:01:49.517+0000] {dagbag.py:539} INFO - Filling up the DagBag from /home/airflow/.local/lib/python3.8/site-packages/airflow/example_dags/tutorial_dag.py
[2023-08-24T04:01:49.522+0000] {processor.py:839} INFO - DAG(s) dict_keys(['tutorial_dag']) retrieved from /home/airflow/.local/lib/python3.8/site-packages/airflow/example_dags/tutorial_dag.py
[2023-08-24T04:01:49.538+0000] {logging_mixin.py:151} INFO - [2023-08-24T04:01:49.538+0000] {dag.py:2907} INFO - Sync 1 DAGs
[2023-08-24T04:01:49.546+0000] {logging_mixin.py:151} INFO - [2023-08-24T04:01:49.546+0000] {dag.py:3677} INFO - Setting next_dagrun for tutorial_dag to None, run_after=None
[2023-08-24T04:01:49.556+0000] {processor.py:179} INFO - Processing /home/airflow/.local/lib/python3.8/site-packages/airflow/example_dags/tutorial_dag.py took 0.045 seconds
[2023-08-24T04:02:20.303+0000] {processor.py:157} INFO - Started process (PID=350) to work on /home/airflow/.local/lib/python3.8/site-packages/airflow/example_dags/tutorial_dag.py
[2023-08-24T04:02:20.304+0000] {processor.py:829} INFO - Processing file /home/airflow/.local/lib/python3.8/site-packages/airflow/example_dags/tutorial_dag.py for tasks to queue
[2023-08-24T04:02:20.306+0000] {logging_mixin.py:151} INFO - [2023-08-24T04:02:20.306+0000] {dagbag.py:539} INFO - Filling up the DagBag from /home/airflow/.local/lib/python3.8/site-packages/airflow/example_dags/tutorial_dag.py
[2023-08-24T04:02:20.310+0000] {processor.py:839} INFO - DAG(s) dict_keys(['tutorial_dag']) retrieved from /home/airflow/.local/lib/python3.8/site-packages/airflow/example_dags/tutorial_dag.py
[2023-08-24T04:02:20.326+0000] {logging_mixin.py:151} INFO - [2023-08-24T04:02:20.326+0000] {dag.py:2907} INFO - Sync 1 DAGs
[2023-08-24T04:02:20.334+0000] {logging_mixin.py:151} INFO - [2023-08-24T04:02:20.334+0000] {dag.py:3677} INFO - Setting next_dagrun for tutorial_dag to None, run_after=None
[2023-08-24T04:02:20.344+0000] {processor.py:179} INFO - Processing /home/airflow/.local/lib/python3.8/site-packages/airflow/example_dags/tutorial_dag.py took 0.044 seconds
[2023-08-24T04:02:51.155+0000] {processor.py:157} INFO - Started process (PID=413) to work on /home/airflow/.local/lib/python3.8/site-packages/airflow/example_dags/tutorial_dag.py
[2023-08-24T04:02:51.156+0000] {processor.py:829} INFO - Processing file /home/airflow/.local/lib/python3.8/site-packages/airflow/example_dags/tutorial_dag.py for tasks to queue
[2023-08-24T04:02:51.158+0000] {logging_mixin.py:151} INFO - [2023-08-24T04:02:51.158+0000] {dagbag.py:539} INFO - Filling up the DagBag from /home/airflow/.local/lib/python3.8/site-packages/airflow/example_dags/tutorial_dag.py
[2023-08-24T04:02:51.163+0000] {processor.py:839} INFO - DAG(s) dict_keys(['tutorial_dag']) retrieved from /home/airflow/.local/lib/python3.8/site-packages/airflow/example_dags/tutorial_dag.py
[2023-08-24T04:02:51.184+0000] {logging_mixin.py:151} INFO - [2023-08-24T04:02:51.184+0000] {dag.py:2907} INFO - Sync 1 DAGs
[2023-08-24T04:02:51.193+0000] {logging_mixin.py:151} INFO - [2023-08-24T04:02:51.192+0000] {dag.py:3677} INFO - Setting next_dagrun for tutorial_dag to None, run_after=None
[2023-08-24T04:02:51.204+0000] {processor.py:179} INFO - Processing /home/airflow/.local/lib/python3.8/site-packages/airflow/example_dags/tutorial_dag.py took 0.052 seconds
[2023-08-24T04:03:21.753+0000] {processor.py:157} INFO - Started process (PID=476) to work on /home/airflow/.local/lib/python3.8/site-packages/airflow/example_dags/tutorial_dag.py
[2023-08-24T04:03:21.755+0000] {processor.py:829} INFO - Processing file /home/airflow/.local/lib/python3.8/site-packages/airflow/example_dags/tutorial_dag.py for tasks to queue
[2023-08-24T04:03:21.757+0000] {logging_mixin.py:151} INFO - [2023-08-24T04:03:21.756+0000] {dagbag.py:539} INFO - Filling up the DagBag from /home/airflow/.local/lib/python3.8/site-packages/airflow/example_dags/tutorial_dag.py
[2023-08-24T04:03:21.761+0000] {processor.py:839} INFO - DAG(s) dict_keys(['tutorial_dag']) retrieved from /home/airflow/.local/lib/python3.8/site-packages/airflow/example_dags/tutorial_dag.py
[2023-08-24T04:03:21.777+0000] {logging_mixin.py:151} INFO - [2023-08-24T04:03:21.777+0000] {dag.py:2907} INFO - Sync 1 DAGs
[2023-08-24T04:03:21.785+0000] {logging_mixin.py:151} INFO - [2023-08-24T04:03:21.785+0000] {dag.py:3677} INFO - Setting next_dagrun for tutorial_dag to None, run_after=None
[2023-08-24T04:03:21.795+0000] {processor.py:179} INFO - Processing /home/airflow/.local/lib/python3.8/site-packages/airflow/example_dags/tutorial_dag.py took 0.045 seconds
[2023-08-24T04:03:52.335+0000] {processor.py:157} INFO - Started process (PID=539) to work on /home/airflow/.local/lib/python3.8/site-packages/airflow/example_dags/tutorial_dag.py
[2023-08-24T04:03:52.337+0000] {processor.py:829} INFO - Processing file /home/airflow/.local/lib/python3.8/site-packages/airflow/example_dags/tutorial_dag.py for tasks to queue
[2023-08-24T04:03:52.339+0000] {logging_mixin.py:151} INFO - [2023-08-24T04:03:52.338+0000] {dagbag.py:539} INFO - Filling up the DagBag from /home/airflow/.local/lib/python3.8/site-packages/airflow/example_dags/tutorial_dag.py
[2023-08-24T04:03:52.343+0000] {processor.py:839} INFO - DAG(s) dict_keys(['tutorial_dag']) retrieved from /home/airflow/.local/lib/python3.8/site-packages/airflow/example_dags/tutorial_dag.py
[2023-08-24T04:03:52.359+0000] {logging_mixin.py:151} INFO - [2023-08-24T04:03:52.359+0000] {dag.py:2907} INFO - Sync 1 DAGs
[2023-08-24T04:03:52.367+0000] {logging_mixin.py:151} INFO - [2023-08-24T04:03:52.367+0000] {dag.py:3677} INFO - Setting next_dagrun for tutorial_dag to None, run_after=None
[2023-08-24T04:03:52.377+0000] {processor.py:179} INFO - Processing /home/airflow/.local/lib/python3.8/site-packages/airflow/example_dags/tutorial_dag.py took 0.044 seconds
[2023-08-24T04:04:23.237+0000] {processor.py:157} INFO - Started process (PID=602) to work on /home/airflow/.local/lib/python3.8/site-packages/airflow/example_dags/tutorial_dag.py
[2023-08-24T04:04:23.239+0000] {processor.py:829} INFO - Processing file /home/airflow/.local/lib/python3.8/site-packages/airflow/example_dags/tutorial_dag.py for tasks to queue
[2023-08-24T04:04:23.241+0000] {logging_mixin.py:151} INFO - [2023-08-24T04:04:23.241+0000] {dagbag.py:539} INFO - Filling up the DagBag from /home/airflow/.local/lib/python3.8/site-packages/airflow/example_dags/tutorial_dag.py
[2023-08-24T04:04:23.246+0000] {processor.py:839} INFO - DAG(s) dict_keys(['tutorial_dag']) retrieved from /home/airflow/.local/lib/python3.8/site-packages/airflow/example_dags/tutorial_dag.py
[2023-08-24T04:04:23.266+0000] {logging_mixin.py:151} INFO - [2023-08-24T04:04:23.265+0000] {dag.py:2907} INFO - Sync 1 DAGs
[2023-08-24T04:04:23.274+0000] {logging_mixin.py:151} INFO - [2023-08-24T04:04:23.274+0000] {dag.py:3677} INFO - Setting next_dagrun for tutorial_dag to None, run_after=None
[2023-08-24T04:04:23.287+0000] {processor.py:179} INFO - Processing /home/airflow/.local/lib/python3.8/site-packages/airflow/example_dags/tutorial_dag.py took 0.054 seconds
[2023-08-24T04:04:54.108+0000] {processor.py:157} INFO - Started process (PID=665) to work on /home/airflow/.local/lib/python3.8/site-packages/airflow/example_dags/tutorial_dag.py
[2023-08-24T04:04:54.109+0000] {processor.py:829} INFO - Processing file /home/airflow/.local/lib/python3.8/site-packages/airflow/example_dags/tutorial_dag.py for tasks to queue
[2023-08-24T04:04:54.112+0000] {logging_mixin.py:151} INFO - [2023-08-24T04:04:54.112+0000] {dagbag.py:539} INFO - Filling up the DagBag from /home/airflow/.local/lib/python3.8/site-packages/airflow/example_dags/tutorial_dag.py
[2023-08-24T04:04:54.116+0000] {processor.py:839} INFO - DAG(s) dict_keys(['tutorial_dag']) retrieved from /home/airflow/.local/lib/python3.8/site-packages/airflow/example_dags/tutorial_dag.py
[2023-08-24T04:04:54.135+0000] {logging_mixin.py:151} INFO - [2023-08-24T04:04:54.135+0000] {dag.py:2907} INFO - Sync 1 DAGs
[2023-08-24T04:04:54.144+0000] {logging_mixin.py:151} INFO - [2023-08-24T04:04:54.144+0000] {dag.py:3677} INFO - Setting next_dagrun for tutorial_dag to None, run_after=None
[2023-08-24T04:04:54.156+0000] {processor.py:179} INFO - Processing /home/airflow/.local/lib/python3.8/site-packages/airflow/example_dags/tutorial_dag.py took 0.052 seconds
[2023-08-24T04:05:24.949+0000] {processor.py:157} INFO - Started process (PID=728) to work on /home/airflow/.local/lib/python3.8/site-packages/airflow/example_dags/tutorial_dag.py
[2023-08-24T04:05:24.950+0000] {processor.py:829} INFO - Processing file /home/airflow/.local/lib/python3.8/site-packages/airflow/example_dags/tutorial_dag.py for tasks to queue
[2023-08-24T04:05:24.952+0000] {logging_mixin.py:151} INFO - [2023-08-24T04:05:24.952+0000] {dagbag.py:539} INFO - Filling up the DagBag from /home/airflow/.local/lib/python3.8/site-packages/airflow/example_dags/tutorial_dag.py
[2023-08-24T04:05:24.957+0000] {processor.py:839} INFO - DAG(s) dict_keys(['tutorial_dag']) retrieved from /home/airflow/.local/lib/python3.8/site-packages/airflow/example_dags/tutorial_dag.py
[2023-08-24T04:05:24.972+0000] {logging_mixin.py:151} INFO - [2023-08-24T04:05:24.972+0000] {dag.py:2907} INFO - Sync 1 DAGs
[2023-08-24T04:05:24.980+0000] {logging_mixin.py:151} INFO - [2023-08-24T04:05:24.980+0000] {dag.py:3677} INFO - Setting next_dagrun for tutorial_dag to None, run_after=None
[2023-08-24T04:05:24.991+0000] {processor.py:179} INFO - Processing /home/airflow/.local/lib/python3.8/site-packages/airflow/example_dags/tutorial_dag.py took 0.044 seconds
[2023-08-24T04:05:55.604+0000] {processor.py:157} INFO - Started process (PID=791) to work on /home/airflow/.local/lib/python3.8/site-packages/airflow/example_dags/tutorial_dag.py
[2023-08-24T04:05:55.606+0000] {processor.py:829} INFO - Processing file /home/airflow/.local/lib/python3.8/site-packages/airflow/example_dags/tutorial_dag.py for tasks to queue
[2023-08-24T04:05:55.608+0000] {logging_mixin.py:151} INFO - [2023-08-24T04:05:55.608+0000] {dagbag.py:539} INFO - Filling up the DagBag from /home/airflow/.local/lib/python3.8/site-packages/airflow/example_dags/tutorial_dag.py
[2023-08-24T04:05:55.613+0000] {processor.py:839} INFO - DAG(s) dict_keys(['tutorial_dag']) retrieved from /home/airflow/.local/lib/python3.8/site-packages/airflow/example_dags/tutorial_dag.py
[2023-08-24T04:05:55.630+0000] {logging_mixin.py:151} INFO - [2023-08-24T04:05:55.629+0000] {dag.py:2907} INFO - Sync 1 DAGs
[2023-08-24T04:05:55.636+0000] {logging_mixin.py:151} INFO - [2023-08-24T04:05:55.636+0000] {dag.py:3677} INFO - Setting next_dagrun for tutorial_dag to None, run_after=None
[2023-08-24T04:05:55.648+0000] {processor.py:179} INFO - Processing /home/airflow/.local/lib/python3.8/site-packages/airflow/example_dags/tutorial_dag.py took 0.047 seconds
[2023-08-24T04:06:26.266+0000] {processor.py:157} INFO - Started process (PID=854) to work on /home/airflow/.local/lib/python3.8/site-packages/airflow/example_dags/tutorial_dag.py
[2023-08-24T04:06:26.267+0000] {processor.py:829} INFO - Processing file /home/airflow/.local/lib/python3.8/site-packages/airflow/example_dags/tutorial_dag.py for tasks to queue
[2023-08-24T04:06:26.269+0000] {logging_mixin.py:151} INFO - [2023-08-24T04:06:26.269+0000] {dagbag.py:539} INFO - Filling up the DagBag from /home/airflow/.local/lib/python3.8/site-packages/airflow/example_dags/tutorial_dag.py
[2023-08-24T04:06:26.274+0000] {processor.py:839} INFO - DAG(s) dict_keys(['tutorial_dag']) retrieved from /home/airflow/.local/lib/python3.8/site-packages/airflow/example_dags/tutorial_dag.py
[2023-08-24T04:06:26.290+0000] {logging_mixin.py:151} INFO - [2023-08-24T04:06:26.290+0000] {dag.py:2907} INFO - Sync 1 DAGs
[2023-08-24T04:06:26.298+0000] {logging_mixin.py:151} INFO - [2023-08-24T04:06:26.298+0000] {dag.py:3677} INFO - Setting next_dagrun for tutorial_dag to None, run_after=None
[2023-08-24T04:06:26.308+0000] {processor.py:179} INFO - Processing /home/airflow/.local/lib/python3.8/site-packages/airflow/example_dags/tutorial_dag.py took 0.045 seconds
[2023-08-24T04:06:56.953+0000] {processor.py:157} INFO - Started process (PID=916) to work on /home/airflow/.local/lib/python3.8/site-packages/airflow/example_dags/tutorial_dag.py
[2023-08-24T04:06:56.954+0000] {processor.py:829} INFO - Processing file /home/airflow/.local/lib/python3.8/site-packages/airflow/example_dags/tutorial_dag.py for tasks to queue
[2023-08-24T04:06:56.956+0000] {logging_mixin.py:151} INFO - [2023-08-24T04:06:56.956+0000] {dagbag.py:539} INFO - Filling up the DagBag from /home/airflow/.local/lib/python3.8/site-packages/airflow/example_dags/tutorial_dag.py
[2023-08-24T04:06:56.961+0000] {processor.py:839} INFO - DAG(s) dict_keys(['tutorial_dag']) retrieved from /home/airflow/.local/lib/python3.8/site-packages/airflow/example_dags/tutorial_dag.py
[2023-08-24T04:06:56.977+0000] {logging_mixin.py:151} INFO - [2023-08-24T04:06:56.977+0000] {dag.py:2907} INFO - Sync 1 DAGs
[2023-08-24T04:06:56.984+0000] {logging_mixin.py:151} INFO - [2023-08-24T04:06:56.984+0000] {dag.py:3677} INFO - Setting next_dagrun for tutorial_dag to None, run_after=None
[2023-08-24T04:06:56.994+0000] {processor.py:179} INFO - Processing /home/airflow/.local/lib/python3.8/site-packages/airflow/example_dags/tutorial_dag.py took 0.044 seconds
[2023-08-24T04:07:27.682+0000] {processor.py:157} INFO - Started process (PID=979) to work on /home/airflow/.local/lib/python3.8/site-packages/airflow/example_dags/tutorial_dag.py
[2023-08-24T04:07:27.683+0000] {processor.py:829} INFO - Processing file /home/airflow/.local/lib/python3.8/site-packages/airflow/example_dags/tutorial_dag.py for tasks to queue
[2023-08-24T04:07:27.685+0000] {logging_mixin.py:151} INFO - [2023-08-24T04:07:27.684+0000] {dagbag.py:539} INFO - Filling up the DagBag from /home/airflow/.local/lib/python3.8/site-packages/airflow/example_dags/tutorial_dag.py
[2023-08-24T04:07:27.689+0000] {processor.py:839} INFO - DAG(s) dict_keys(['tutorial_dag']) retrieved from /home/airflow/.local/lib/python3.8/site-packages/airflow/example_dags/tutorial_dag.py
[2023-08-24T04:07:27.708+0000] {logging_mixin.py:151} INFO - [2023-08-24T04:07:27.707+0000] {dag.py:2907} INFO - Sync 1 DAGs
[2023-08-24T04:07:27.715+0000] {logging_mixin.py:151} INFO - [2023-08-24T04:07:27.715+0000] {dag.py:3677} INFO - Setting next_dagrun for tutorial_dag to None, run_after=None
[2023-08-24T04:07:27.726+0000] {processor.py:179} INFO - Processing /home/airflow/.local/lib/python3.8/site-packages/airflow/example_dags/tutorial_dag.py took 0.047 seconds
[2023-08-24T04:07:58.419+0000] {processor.py:157} INFO - Started process (PID=1042) to work on /home/airflow/.local/lib/python3.8/site-packages/airflow/example_dags/tutorial_dag.py
[2023-08-24T04:07:58.420+0000] {processor.py:829} INFO - Processing file /home/airflow/.local/lib/python3.8/site-packages/airflow/example_dags/tutorial_dag.py for tasks to queue
[2023-08-24T04:07:58.422+0000] {logging_mixin.py:151} INFO - [2023-08-24T04:07:58.422+0000] {dagbag.py:539} INFO - Filling up the DagBag from /home/airflow/.local/lib/python3.8/site-packages/airflow/example_dags/tutorial_dag.py
[2023-08-24T04:07:58.426+0000] {processor.py:839} INFO - DAG(s) dict_keys(['tutorial_dag']) retrieved from /home/airflow/.local/lib/python3.8/site-packages/airflow/example_dags/tutorial_dag.py
[2023-08-24T04:07:58.443+0000] {logging_mixin.py:151} INFO - [2023-08-24T04:07:58.443+0000] {dag.py:2907} INFO - Sync 1 DAGs
[2023-08-24T04:07:58.450+0000] {logging_mixin.py:151} INFO - [2023-08-24T04:07:58.450+0000] {dag.py:3677} INFO - Setting next_dagrun for tutorial_dag to None, run_after=None
[2023-08-24T04:07:58.460+0000] {processor.py:179} INFO - Processing /home/airflow/.local/lib/python3.8/site-packages/airflow/example_dags/tutorial_dag.py took 0.044 seconds
[2023-08-24T04:08:29.125+0000] {processor.py:157} INFO - Started process (PID=1105) to work on /home/airflow/.local/lib/python3.8/site-packages/airflow/example_dags/tutorial_dag.py
[2023-08-24T04:08:29.126+0000] {processor.py:829} INFO - Processing file /home/airflow/.local/lib/python3.8/site-packages/airflow/example_dags/tutorial_dag.py for tasks to queue
[2023-08-24T04:08:29.129+0000] {logging_mixin.py:151} INFO - [2023-08-24T04:08:29.129+0000] {dagbag.py:539} INFO - Filling up the DagBag from /home/airflow/.local/lib/python3.8/site-packages/airflow/example_dags/tutorial_dag.py
[2023-08-24T04:08:29.134+0000] {processor.py:839} INFO - DAG(s) dict_keys(['tutorial_dag']) retrieved from /home/airflow/.local/lib/python3.8/site-packages/airflow/example_dags/tutorial_dag.py
[2023-08-24T04:08:29.152+0000] {logging_mixin.py:151} INFO - [2023-08-24T04:08:29.152+0000] {dag.py:2907} INFO - Sync 1 DAGs
[2023-08-24T04:08:29.160+0000] {logging_mixin.py:151} INFO - [2023-08-24T04:08:29.160+0000] {dag.py:3677} INFO - Setting next_dagrun for tutorial_dag to None, run_after=None
[2023-08-24T04:08:29.172+0000] {processor.py:179} INFO - Processing /home/airflow/.local/lib/python3.8/site-packages/airflow/example_dags/tutorial_dag.py took 0.050 seconds
[2023-08-24T04:08:59.817+0000] {processor.py:157} INFO - Started process (PID=1168) to work on /home/airflow/.local/lib/python3.8/site-packages/airflow/example_dags/tutorial_dag.py
[2023-08-24T04:08:59.818+0000] {processor.py:829} INFO - Processing file /home/airflow/.local/lib/python3.8/site-packages/airflow/example_dags/tutorial_dag.py for tasks to queue
[2023-08-24T04:08:59.820+0000] {logging_mixin.py:151} INFO - [2023-08-24T04:08:59.820+0000] {dagbag.py:539} INFO - Filling up the DagBag from /home/airflow/.local/lib/python3.8/site-packages/airflow/example_dags/tutorial_dag.py
[2023-08-24T04:08:59.826+0000] {processor.py:839} INFO - DAG(s) dict_keys(['tutorial_dag']) retrieved from /home/airflow/.local/lib/python3.8/site-packages/airflow/example_dags/tutorial_dag.py
[2023-08-24T04:08:59.843+0000] {logging_mixin.py:151} INFO - [2023-08-24T04:08:59.843+0000] {dag.py:2907} INFO - Sync 1 DAGs
[2023-08-24T04:08:59.851+0000] {logging_mixin.py:151} INFO - [2023-08-24T04:08:59.851+0000] {dag.py:3677} INFO - Setting next_dagrun for tutorial_dag to None, run_after=None
[2023-08-24T04:08:59.863+0000] {processor.py:179} INFO - Processing /home/airflow/.local/lib/python3.8/site-packages/airflow/example_dags/tutorial_dag.py took 0.049 seconds
[2023-08-24T04:09:30.669+0000] {processor.py:157} INFO - Started process (PID=1231) to work on /home/airflow/.local/lib/python3.8/site-packages/airflow/example_dags/tutorial_dag.py
[2023-08-24T04:09:30.670+0000] {processor.py:829} INFO - Processing file /home/airflow/.local/lib/python3.8/site-packages/airflow/example_dags/tutorial_dag.py for tasks to queue
[2023-08-24T04:09:30.672+0000] {logging_mixin.py:151} INFO - [2023-08-24T04:09:30.672+0000] {dagbag.py:539} INFO - Filling up the DagBag from /home/airflow/.local/lib/python3.8/site-packages/airflow/example_dags/tutorial_dag.py
[2023-08-24T04:09:30.677+0000] {processor.py:839} INFO - DAG(s) dict_keys(['tutorial_dag']) retrieved from /home/airflow/.local/lib/python3.8/site-packages/airflow/example_dags/tutorial_dag.py
[2023-08-24T04:09:30.693+0000] {logging_mixin.py:151} INFO - [2023-08-24T04:09:30.693+0000] {dag.py:2907} INFO - Sync 1 DAGs
[2023-08-24T04:09:30.700+0000] {logging_mixin.py:151} INFO - [2023-08-24T04:09:30.700+0000] {dag.py:3677} INFO - Setting next_dagrun for tutorial_dag to None, run_after=None
[2023-08-24T04:09:30.711+0000] {processor.py:179} INFO - Processing /home/airflow/.local/lib/python3.8/site-packages/airflow/example_dags/tutorial_dag.py took 0.044 seconds
[2023-08-24T04:10:01.345+0000] {processor.py:157} INFO - Started process (PID=1294) to work on /home/airflow/.local/lib/python3.8/site-packages/airflow/example_dags/tutorial_dag.py
[2023-08-24T04:10:01.347+0000] {processor.py:829} INFO - Processing file /home/airflow/.local/lib/python3.8/site-packages/airflow/example_dags/tutorial_dag.py for tasks to queue
[2023-08-24T04:10:01.349+0000] {logging_mixin.py:151} INFO - [2023-08-24T04:10:01.349+0000] {dagbag.py:539} INFO - Filling up the DagBag from /home/airflow/.local/lib/python3.8/site-packages/airflow/example_dags/tutorial_dag.py
[2023-08-24T04:10:01.353+0000] {processor.py:839} INFO - DAG(s) dict_keys(['tutorial_dag']) retrieved from /home/airflow/.local/lib/python3.8/site-packages/airflow/example_dags/tutorial_dag.py
[2023-08-24T04:10:01.370+0000] {logging_mixin.py:151} INFO - [2023-08-24T04:10:01.370+0000] {dag.py:2907} INFO - Sync 1 DAGs
[2023-08-24T04:10:01.377+0000] {logging_mixin.py:151} INFO - [2023-08-24T04:10:01.377+0000] {dag.py:3677} INFO - Setting next_dagrun for tutorial_dag to None, run_after=None
[2023-08-24T04:10:01.388+0000] {processor.py:179} INFO - Processing /home/airflow/.local/lib/python3.8/site-packages/airflow/example_dags/tutorial_dag.py took 0.046 seconds
[2023-08-24T04:10:31.987+0000] {processor.py:157} INFO - Started process (PID=1357) to work on /home/airflow/.local/lib/python3.8/site-packages/airflow/example_dags/tutorial_dag.py
[2023-08-24T04:10:31.988+0000] {processor.py:829} INFO - Processing file /home/airflow/.local/lib/python3.8/site-packages/airflow/example_dags/tutorial_dag.py for tasks to queue
[2023-08-24T04:10:31.990+0000] {logging_mixin.py:151} INFO - [2023-08-24T04:10:31.989+0000] {dagbag.py:539} INFO - Filling up the DagBag from /home/airflow/.local/lib/python3.8/site-packages/airflow/example_dags/tutorial_dag.py
[2023-08-24T04:10:31.995+0000] {processor.py:839} INFO - DAG(s) dict_keys(['tutorial_dag']) retrieved from /home/airflow/.local/lib/python3.8/site-packages/airflow/example_dags/tutorial_dag.py
[2023-08-24T04:10:32.014+0000] {logging_mixin.py:151} INFO - [2023-08-24T04:10:32.014+0000] {dag.py:2907} INFO - Sync 1 DAGs
[2023-08-24T04:10:32.022+0000] {logging_mixin.py:151} INFO - [2023-08-24T04:10:32.022+0000] {dag.py:3677} INFO - Setting next_dagrun for tutorial_dag to None, run_after=None
[2023-08-24T04:10:32.034+0000] {processor.py:179} INFO - Processing /home/airflow/.local/lib/python3.8/site-packages/airflow/example_dags/tutorial_dag.py took 0.051 seconds
[2023-08-24T04:11:02.718+0000] {processor.py:157} INFO - Started process (PID=1420) to work on /home/airflow/.local/lib/python3.8/site-packages/airflow/example_dags/tutorial_dag.py
[2023-08-24T04:11:02.720+0000] {processor.py:829} INFO - Processing file /home/airflow/.local/lib/python3.8/site-packages/airflow/example_dags/tutorial_dag.py for tasks to queue
[2023-08-24T04:11:02.722+0000] {logging_mixin.py:151} INFO - [2023-08-24T04:11:02.721+0000] {dagbag.py:539} INFO - Filling up the DagBag from /home/airflow/.local/lib/python3.8/site-packages/airflow/example_dags/tutorial_dag.py
[2023-08-24T04:11:02.727+0000] {processor.py:839} INFO - DAG(s) dict_keys(['tutorial_dag']) retrieved from /home/airflow/.local/lib/python3.8/site-packages/airflow/example_dags/tutorial_dag.py
[2023-08-24T04:11:02.743+0000] {logging_mixin.py:151} INFO - [2023-08-24T04:11:02.743+0000] {dag.py:2907} INFO - Sync 1 DAGs
[2023-08-24T04:11:02.751+0000] {logging_mixin.py:151} INFO - [2023-08-24T04:11:02.751+0000] {dag.py:3677} INFO - Setting next_dagrun for tutorial_dag to None, run_after=None
[2023-08-24T04:11:02.761+0000] {processor.py:179} INFO - Processing /home/airflow/.local/lib/python3.8/site-packages/airflow/example_dags/tutorial_dag.py took 0.045 seconds
[2023-08-24T04:11:33.509+0000] {processor.py:157} INFO - Started process (PID=1483) to work on /home/airflow/.local/lib/python3.8/site-packages/airflow/example_dags/tutorial_dag.py
[2023-08-24T04:11:33.510+0000] {processor.py:829} INFO - Processing file /home/airflow/.local/lib/python3.8/site-packages/airflow/example_dags/tutorial_dag.py for tasks to queue
[2023-08-24T04:11:33.512+0000] {logging_mixin.py:151} INFO - [2023-08-24T04:11:33.512+0000] {dagbag.py:539} INFO - Filling up the DagBag from /home/airflow/.local/lib/python3.8/site-packages/airflow/example_dags/tutorial_dag.py
[2023-08-24T04:11:33.516+0000] {processor.py:839} INFO - DAG(s) dict_keys(['tutorial_dag']) retrieved from /home/airflow/.local/lib/python3.8/site-packages/airflow/example_dags/tutorial_dag.py
[2023-08-24T04:11:33.534+0000] {logging_mixin.py:151} INFO - [2023-08-24T04:11:33.534+0000] {dag.py:2907} INFO - Sync 1 DAGs
[2023-08-24T04:11:33.542+0000] {logging_mixin.py:151} INFO - [2023-08-24T04:11:33.542+0000] {dag.py:3677} INFO - Setting next_dagrun for tutorial_dag to None, run_after=None
[2023-08-24T04:11:33.557+0000] {processor.py:179} INFO - Processing /home/airflow/.local/lib/python3.8/site-packages/airflow/example_dags/tutorial_dag.py took 0.052 seconds
[2023-08-24T04:12:04.267+0000] {processor.py:157} INFO - Started process (PID=1546) to work on /home/airflow/.local/lib/python3.8/site-packages/airflow/example_dags/tutorial_dag.py
[2023-08-24T04:12:04.268+0000] {processor.py:829} INFO - Processing file /home/airflow/.local/lib/python3.8/site-packages/airflow/example_dags/tutorial_dag.py for tasks to queue
[2023-08-24T04:12:04.270+0000] {logging_mixin.py:151} INFO - [2023-08-24T04:12:04.270+0000] {dagbag.py:539} INFO - Filling up the DagBag from /home/airflow/.local/lib/python3.8/site-packages/airflow/example_dags/tutorial_dag.py
[2023-08-24T04:12:04.275+0000] {processor.py:839} INFO - DAG(s) dict_keys(['tutorial_dag']) retrieved from /home/airflow/.local/lib/python3.8/site-packages/airflow/example_dags/tutorial_dag.py
[2023-08-24T04:12:04.291+0000] {logging_mixin.py:151} INFO - [2023-08-24T04:12:04.291+0000] {dag.py:2907} INFO - Sync 1 DAGs
[2023-08-24T04:12:04.298+0000] {logging_mixin.py:151} INFO - [2023-08-24T04:12:04.298+0000] {dag.py:3677} INFO - Setting next_dagrun for tutorial_dag to None, run_after=None
[2023-08-24T04:12:04.314+0000] {processor.py:179} INFO - Processing /home/airflow/.local/lib/python3.8/site-packages/airflow/example_dags/tutorial_dag.py took 0.050 seconds
[2023-08-24T04:12:34.994+0000] {processor.py:157} INFO - Started process (PID=1609) to work on /home/airflow/.local/lib/python3.8/site-packages/airflow/example_dags/tutorial_dag.py
[2023-08-24T04:12:34.995+0000] {processor.py:829} INFO - Processing file /home/airflow/.local/lib/python3.8/site-packages/airflow/example_dags/tutorial_dag.py for tasks to queue
[2023-08-24T04:12:34.997+0000] {logging_mixin.py:151} INFO - [2023-08-24T04:12:34.997+0000] {dagbag.py:539} INFO - Filling up the DagBag from /home/airflow/.local/lib/python3.8/site-packages/airflow/example_dags/tutorial_dag.py
[2023-08-24T04:12:35.001+0000] {processor.py:839} INFO - DAG(s) dict_keys(['tutorial_dag']) retrieved from /home/airflow/.local/lib/python3.8/site-packages/airflow/example_dags/tutorial_dag.py
[2023-08-24T04:12:35.018+0000] {logging_mixin.py:151} INFO - [2023-08-24T04:12:35.018+0000] {dag.py:2907} INFO - Sync 1 DAGs
[2023-08-24T04:12:35.025+0000] {logging_mixin.py:151} INFO - [2023-08-24T04:12:35.025+0000] {dag.py:3677} INFO - Setting next_dagrun for tutorial_dag to None, run_after=None
[2023-08-24T04:12:35.035+0000] {processor.py:179} INFO - Processing /home/airflow/.local/lib/python3.8/site-packages/airflow/example_dags/tutorial_dag.py took 0.044 seconds
[2023-08-24T04:13:05.772+0000] {processor.py:157} INFO - Started process (PID=1672) to work on /home/airflow/.local/lib/python3.8/site-packages/airflow/example_dags/tutorial_dag.py
[2023-08-24T04:13:05.773+0000] {processor.py:829} INFO - Processing file /home/airflow/.local/lib/python3.8/site-packages/airflow/example_dags/tutorial_dag.py for tasks to queue
[2023-08-24T04:13:05.775+0000] {logging_mixin.py:151} INFO - [2023-08-24T04:13:05.775+0000] {dagbag.py:539} INFO - Filling up the DagBag from /home/airflow/.local/lib/python3.8/site-packages/airflow/example_dags/tutorial_dag.py
[2023-08-24T04:13:05.779+0000] {processor.py:839} INFO - DAG(s) dict_keys(['tutorial_dag']) retrieved from /home/airflow/.local/lib/python3.8/site-packages/airflow/example_dags/tutorial_dag.py
[2023-08-24T04:13:05.796+0000] {logging_mixin.py:151} INFO - [2023-08-24T04:13:05.796+0000] {dag.py:2907} INFO - Sync 1 DAGs
[2023-08-24T04:13:05.804+0000] {logging_mixin.py:151} INFO - [2023-08-24T04:13:05.804+0000] {dag.py:3677} INFO - Setting next_dagrun for tutorial_dag to None, run_after=None
[2023-08-24T04:13:05.814+0000] {processor.py:179} INFO - Processing /home/airflow/.local/lib/python3.8/site-packages/airflow/example_dags/tutorial_dag.py took 0.045 seconds
[2023-08-24T04:13:36.408+0000] {processor.py:157} INFO - Started process (PID=1735) to work on /home/airflow/.local/lib/python3.8/site-packages/airflow/example_dags/tutorial_dag.py
[2023-08-24T04:13:36.409+0000] {processor.py:829} INFO - Processing file /home/airflow/.local/lib/python3.8/site-packages/airflow/example_dags/tutorial_dag.py for tasks to queue
[2023-08-24T04:13:36.411+0000] {logging_mixin.py:151} INFO - [2023-08-24T04:13:36.411+0000] {dagbag.py:539} INFO - Filling up the DagBag from /home/airflow/.local/lib/python3.8/site-packages/airflow/example_dags/tutorial_dag.py
[2023-08-24T04:13:36.416+0000] {processor.py:839} INFO - DAG(s) dict_keys(['tutorial_dag']) retrieved from /home/airflow/.local/lib/python3.8/site-packages/airflow/example_dags/tutorial_dag.py
[2023-08-24T04:13:36.434+0000] {logging_mixin.py:151} INFO - [2023-08-24T04:13:36.433+0000] {dag.py:2907} INFO - Sync 1 DAGs
[2023-08-24T04:13:36.442+0000] {logging_mixin.py:151} INFO - [2023-08-24T04:13:36.442+0000] {dag.py:3677} INFO - Setting next_dagrun for tutorial_dag to None, run_after=None
[2023-08-24T04:13:36.453+0000] {processor.py:179} INFO - Processing /home/airflow/.local/lib/python3.8/site-packages/airflow/example_dags/tutorial_dag.py took 0.048 seconds
[2023-08-24T04:14:07.186+0000] {processor.py:157} INFO - Started process (PID=1798) to work on /home/airflow/.local/lib/python3.8/site-packages/airflow/example_dags/tutorial_dag.py
[2023-08-24T04:14:07.187+0000] {processor.py:829} INFO - Processing file /home/airflow/.local/lib/python3.8/site-packages/airflow/example_dags/tutorial_dag.py for tasks to queue
[2023-08-24T04:14:07.189+0000] {logging_mixin.py:151} INFO - [2023-08-24T04:14:07.188+0000] {dagbag.py:539} INFO - Filling up the DagBag from /home/airflow/.local/lib/python3.8/site-packages/airflow/example_dags/tutorial_dag.py
[2023-08-24T04:14:07.193+0000] {processor.py:839} INFO - DAG(s) dict_keys(['tutorial_dag']) retrieved from /home/airflow/.local/lib/python3.8/site-packages/airflow/example_dags/tutorial_dag.py
[2023-08-24T04:14:07.210+0000] {logging_mixin.py:151} INFO - [2023-08-24T04:14:07.210+0000] {dag.py:2907} INFO - Sync 1 DAGs
[2023-08-24T04:14:07.217+0000] {logging_mixin.py:151} INFO - [2023-08-24T04:14:07.217+0000] {dag.py:3677} INFO - Setting next_dagrun for tutorial_dag to None, run_after=None
[2023-08-24T04:14:07.228+0000] {processor.py:179} INFO - Processing /home/airflow/.local/lib/python3.8/site-packages/airflow/example_dags/tutorial_dag.py took 0.046 seconds
[2023-08-24T04:14:37.376+0000] {processor.py:157} INFO - Started process (PID=1861) to work on /home/airflow/.local/lib/python3.8/site-packages/airflow/example_dags/tutorial_dag.py
[2023-08-24T04:14:37.377+0000] {processor.py:829} INFO - Processing file /home/airflow/.local/lib/python3.8/site-packages/airflow/example_dags/tutorial_dag.py for tasks to queue
[2023-08-24T04:14:37.379+0000] {logging_mixin.py:151} INFO - [2023-08-24T04:14:37.379+0000] {dagbag.py:539} INFO - Filling up the DagBag from /home/airflow/.local/lib/python3.8/site-packages/airflow/example_dags/tutorial_dag.py
[2023-08-24T04:14:37.383+0000] {processor.py:839} INFO - DAG(s) dict_keys(['tutorial_dag']) retrieved from /home/airflow/.local/lib/python3.8/site-packages/airflow/example_dags/tutorial_dag.py
[2023-08-24T04:14:37.399+0000] {logging_mixin.py:151} INFO - [2023-08-24T04:14:37.399+0000] {dag.py:2907} INFO - Sync 1 DAGs
[2023-08-24T04:14:37.407+0000] {logging_mixin.py:151} INFO - [2023-08-24T04:14:37.407+0000] {dag.py:3677} INFO - Setting next_dagrun for tutorial_dag to None, run_after=None
[2023-08-24T04:14:37.418+0000] {processor.py:179} INFO - Processing /home/airflow/.local/lib/python3.8/site-packages/airflow/example_dags/tutorial_dag.py took 0.045 seconds
[2023-08-24T04:15:08.239+0000] {processor.py:157} INFO - Started process (PID=1924) to work on /home/airflow/.local/lib/python3.8/site-packages/airflow/example_dags/tutorial_dag.py
[2023-08-24T04:15:08.240+0000] {processor.py:829} INFO - Processing file /home/airflow/.local/lib/python3.8/site-packages/airflow/example_dags/tutorial_dag.py for tasks to queue
[2023-08-24T04:15:08.242+0000] {logging_mixin.py:151} INFO - [2023-08-24T04:15:08.241+0000] {dagbag.py:539} INFO - Filling up the DagBag from /home/airflow/.local/lib/python3.8/site-packages/airflow/example_dags/tutorial_dag.py
[2023-08-24T04:15:08.246+0000] {processor.py:839} INFO - DAG(s) dict_keys(['tutorial_dag']) retrieved from /home/airflow/.local/lib/python3.8/site-packages/airflow/example_dags/tutorial_dag.py
[2023-08-24T04:15:08.262+0000] {logging_mixin.py:151} INFO - [2023-08-24T04:15:08.262+0000] {dag.py:2907} INFO - Sync 1 DAGs
[2023-08-24T04:15:08.270+0000] {logging_mixin.py:151} INFO - [2023-08-24T04:15:08.270+0000] {dag.py:3677} INFO - Setting next_dagrun for tutorial_dag to None, run_after=None
[2023-08-24T04:15:08.280+0000] {processor.py:179} INFO - Processing /home/airflow/.local/lib/python3.8/site-packages/airflow/example_dags/tutorial_dag.py took 0.044 seconds
[2023-08-24T04:15:39.129+0000] {processor.py:157} INFO - Started process (PID=1986) to work on /home/airflow/.local/lib/python3.8/site-packages/airflow/example_dags/tutorial_dag.py
[2023-08-24T04:15:39.130+0000] {processor.py:829} INFO - Processing file /home/airflow/.local/lib/python3.8/site-packages/airflow/example_dags/tutorial_dag.py for tasks to queue
[2023-08-24T04:15:39.132+0000] {logging_mixin.py:151} INFO - [2023-08-24T04:15:39.132+0000] {dagbag.py:539} INFO - Filling up the DagBag from /home/airflow/.local/lib/python3.8/site-packages/airflow/example_dags/tutorial_dag.py
[2023-08-24T04:15:39.136+0000] {processor.py:839} INFO - DAG(s) dict_keys(['tutorial_dag']) retrieved from /home/airflow/.local/lib/python3.8/site-packages/airflow/example_dags/tutorial_dag.py
[2023-08-24T04:15:39.153+0000] {logging_mixin.py:151} INFO - [2023-08-24T04:15:39.153+0000] {dag.py:2907} INFO - Sync 1 DAGs
[2023-08-24T04:15:39.161+0000] {logging_mixin.py:151} INFO - [2023-08-24T04:15:39.161+0000] {dag.py:3677} INFO - Setting next_dagrun for tutorial_dag to None, run_after=None
[2023-08-24T04:15:39.171+0000] {processor.py:179} INFO - Processing /home/airflow/.local/lib/python3.8/site-packages/airflow/example_dags/tutorial_dag.py took 0.045 seconds
[2023-08-24T04:16:09.881+0000] {processor.py:157} INFO - Started process (PID=2049) to work on /home/airflow/.local/lib/python3.8/site-packages/airflow/example_dags/tutorial_dag.py
[2023-08-24T04:16:09.882+0000] {processor.py:829} INFO - Processing file /home/airflow/.local/lib/python3.8/site-packages/airflow/example_dags/tutorial_dag.py for tasks to queue
[2023-08-24T04:16:09.884+0000] {logging_mixin.py:151} INFO - [2023-08-24T04:16:09.884+0000] {dagbag.py:539} INFO - Filling up the DagBag from /home/airflow/.local/lib/python3.8/site-packages/airflow/example_dags/tutorial_dag.py
[2023-08-24T04:16:09.889+0000] {processor.py:839} INFO - DAG(s) dict_keys(['tutorial_dag']) retrieved from /home/airflow/.local/lib/python3.8/site-packages/airflow/example_dags/tutorial_dag.py
[2023-08-24T04:16:09.906+0000] {logging_mixin.py:151} INFO - [2023-08-24T04:16:09.906+0000] {dag.py:2907} INFO - Sync 1 DAGs
[2023-08-24T04:16:09.913+0000] {logging_mixin.py:151} INFO - [2023-08-24T04:16:09.913+0000] {dag.py:3677} INFO - Setting next_dagrun for tutorial_dag to None, run_after=None
[2023-08-24T04:16:09.923+0000] {processor.py:179} INFO - Processing /home/airflow/.local/lib/python3.8/site-packages/airflow/example_dags/tutorial_dag.py took 0.044 seconds
[2023-08-24T04:16:40.656+0000] {processor.py:157} INFO - Started process (PID=2112) to work on /home/airflow/.local/lib/python3.8/site-packages/airflow/example_dags/tutorial_dag.py
[2023-08-24T04:16:40.657+0000] {processor.py:829} INFO - Processing file /home/airflow/.local/lib/python3.8/site-packages/airflow/example_dags/tutorial_dag.py for tasks to queue
[2023-08-24T04:16:40.659+0000] {logging_mixin.py:151} INFO - [2023-08-24T04:16:40.659+0000] {dagbag.py:539} INFO - Filling up the DagBag from /home/airflow/.local/lib/python3.8/site-packages/airflow/example_dags/tutorial_dag.py
[2023-08-24T04:16:40.664+0000] {processor.py:839} INFO - DAG(s) dict_keys(['tutorial_dag']) retrieved from /home/airflow/.local/lib/python3.8/site-packages/airflow/example_dags/tutorial_dag.py
[2023-08-24T04:16:40.681+0000] {logging_mixin.py:151} INFO - [2023-08-24T04:16:40.680+0000] {dag.py:2907} INFO - Sync 1 DAGs
[2023-08-24T04:16:40.688+0000] {logging_mixin.py:151} INFO - [2023-08-24T04:16:40.688+0000] {dag.py:3677} INFO - Setting next_dagrun for tutorial_dag to None, run_after=None
[2023-08-24T04:16:40.698+0000] {processor.py:179} INFO - Processing /home/airflow/.local/lib/python3.8/site-packages/airflow/example_dags/tutorial_dag.py took 0.044 seconds
[2023-08-24T04:17:11.463+0000] {processor.py:157} INFO - Started process (PID=2175) to work on /home/airflow/.local/lib/python3.8/site-packages/airflow/example_dags/tutorial_dag.py
[2023-08-24T04:17:11.465+0000] {processor.py:829} INFO - Processing file /home/airflow/.local/lib/python3.8/site-packages/airflow/example_dags/tutorial_dag.py for tasks to queue
[2023-08-24T04:17:11.468+0000] {logging_mixin.py:151} INFO - [2023-08-24T04:17:11.468+0000] {dagbag.py:539} INFO - Filling up the DagBag from /home/airflow/.local/lib/python3.8/site-packages/airflow/example_dags/tutorial_dag.py
[2023-08-24T04:17:11.476+0000] {processor.py:839} INFO - DAG(s) dict_keys(['tutorial_dag']) retrieved from /home/airflow/.local/lib/python3.8/site-packages/airflow/example_dags/tutorial_dag.py
[2023-08-24T04:17:11.496+0000] {logging_mixin.py:151} INFO - [2023-08-24T04:17:11.496+0000] {dag.py:2907} INFO - Sync 1 DAGs
[2023-08-24T04:17:11.505+0000] {logging_mixin.py:151} INFO - [2023-08-24T04:17:11.505+0000] {dag.py:3677} INFO - Setting next_dagrun for tutorial_dag to None, run_after=None
[2023-08-24T04:17:11.517+0000] {processor.py:179} INFO - Processing /home/airflow/.local/lib/python3.8/site-packages/airflow/example_dags/tutorial_dag.py took 0.059 seconds
[2023-08-24T04:17:41.590+0000] {processor.py:157} INFO - Started process (PID=2242) to work on /home/airflow/.local/lib/python3.8/site-packages/airflow/example_dags/tutorial_dag.py
[2023-08-24T04:17:41.591+0000] {processor.py:829} INFO - Processing file /home/airflow/.local/lib/python3.8/site-packages/airflow/example_dags/tutorial_dag.py for tasks to queue
[2023-08-24T04:17:41.593+0000] {logging_mixin.py:151} INFO - [2023-08-24T04:17:41.592+0000] {dagbag.py:539} INFO - Filling up the DagBag from /home/airflow/.local/lib/python3.8/site-packages/airflow/example_dags/tutorial_dag.py
[2023-08-24T04:17:41.597+0000] {processor.py:839} INFO - DAG(s) dict_keys(['tutorial_dag']) retrieved from /home/airflow/.local/lib/python3.8/site-packages/airflow/example_dags/tutorial_dag.py
[2023-08-24T04:17:41.613+0000] {logging_mixin.py:151} INFO - [2023-08-24T04:17:41.613+0000] {dag.py:2907} INFO - Sync 1 DAGs
[2023-08-24T04:17:41.621+0000] {logging_mixin.py:151} INFO - [2023-08-24T04:17:41.621+0000] {dag.py:3677} INFO - Setting next_dagrun for tutorial_dag to None, run_after=None
[2023-08-24T04:17:41.631+0000] {processor.py:179} INFO - Processing /home/airflow/.local/lib/python3.8/site-packages/airflow/example_dags/tutorial_dag.py took 0.045 seconds
[2023-08-24T04:18:12.530+0000] {processor.py:157} INFO - Started process (PID=2305) to work on /home/airflow/.local/lib/python3.8/site-packages/airflow/example_dags/tutorial_dag.py
[2023-08-24T04:18:12.531+0000] {processor.py:829} INFO - Processing file /home/airflow/.local/lib/python3.8/site-packages/airflow/example_dags/tutorial_dag.py for tasks to queue
[2023-08-24T04:18:12.533+0000] {logging_mixin.py:151} INFO - [2023-08-24T04:18:12.533+0000] {dagbag.py:539} INFO - Filling up the DagBag from /home/airflow/.local/lib/python3.8/site-packages/airflow/example_dags/tutorial_dag.py
[2023-08-24T04:18:12.553+0000] {processor.py:839} INFO - DAG(s) dict_keys(['tutorial_dag']) retrieved from /home/airflow/.local/lib/python3.8/site-packages/airflow/example_dags/tutorial_dag.py
[2023-08-24T04:18:12.575+0000] {logging_mixin.py:151} INFO - [2023-08-24T04:18:12.574+0000] {dag.py:2907} INFO - Sync 1 DAGs
[2023-08-24T04:18:12.585+0000] {logging_mixin.py:151} INFO - [2023-08-24T04:18:12.584+0000] {dag.py:3677} INFO - Setting next_dagrun for tutorial_dag to None, run_after=None
[2023-08-24T04:18:12.598+0000] {processor.py:179} INFO - Processing /home/airflow/.local/lib/python3.8/site-packages/airflow/example_dags/tutorial_dag.py took 0.071 seconds
[2023-08-24T04:24:27.864+0000] {processor.py:157} INFO - Started process (PID=35) to work on /home/airflow/.local/lib/python3.8/site-packages/airflow/example_dags/tutorial_dag.py
[2023-08-24T04:24:27.865+0000] {processor.py:829} INFO - Processing file /home/airflow/.local/lib/python3.8/site-packages/airflow/example_dags/tutorial_dag.py for tasks to queue
[2023-08-24T04:24:27.867+0000] {logging_mixin.py:151} INFO - [2023-08-24T04:24:27.867+0000] {dagbag.py:539} INFO - Filling up the DagBag from /home/airflow/.local/lib/python3.8/site-packages/airflow/example_dags/tutorial_dag.py
[2023-08-24T04:24:27.874+0000] {processor.py:839} INFO - DAG(s) dict_keys(['tutorial_dag']) retrieved from /home/airflow/.local/lib/python3.8/site-packages/airflow/example_dags/tutorial_dag.py
[2023-08-24T04:24:27.887+0000] {logging_mixin.py:151} INFO - [2023-08-24T04:24:27.886+0000] {dag.py:2907} INFO - Sync 1 DAGs
[2023-08-24T04:24:27.978+0000] {logging_mixin.py:151} INFO - [2023-08-24T04:24:27.978+0000] {dag.py:3677} INFO - Setting next_dagrun for tutorial_dag to None, run_after=None
[2023-08-24T04:24:27.988+0000] {processor.py:179} INFO - Processing /home/airflow/.local/lib/python3.8/site-packages/airflow/example_dags/tutorial_dag.py took 0.127 seconds
[2023-08-24T04:24:59.037+0000] {processor.py:157} INFO - Started process (PID=98) to work on /home/airflow/.local/lib/python3.8/site-packages/airflow/example_dags/tutorial_dag.py
[2023-08-24T04:24:59.039+0000] {processor.py:829} INFO - Processing file /home/airflow/.local/lib/python3.8/site-packages/airflow/example_dags/tutorial_dag.py for tasks to queue
[2023-08-24T04:24:59.041+0000] {logging_mixin.py:151} INFO - [2023-08-24T04:24:59.041+0000] {dagbag.py:539} INFO - Filling up the DagBag from /home/airflow/.local/lib/python3.8/site-packages/airflow/example_dags/tutorial_dag.py
[2023-08-24T04:24:59.048+0000] {processor.py:839} INFO - DAG(s) dict_keys(['tutorial_dag']) retrieved from /home/airflow/.local/lib/python3.8/site-packages/airflow/example_dags/tutorial_dag.py
[2023-08-24T04:24:59.067+0000] {logging_mixin.py:151} INFO - [2023-08-24T04:24:59.066+0000] {dag.py:2907} INFO - Sync 1 DAGs
[2023-08-24T04:24:59.076+0000] {logging_mixin.py:151} INFO - [2023-08-24T04:24:59.076+0000] {dag.py:3677} INFO - Setting next_dagrun for tutorial_dag to None, run_after=None
[2023-08-24T04:24:59.087+0000] {processor.py:179} INFO - Processing /home/airflow/.local/lib/python3.8/site-packages/airflow/example_dags/tutorial_dag.py took 0.053 seconds
[2023-08-24T04:26:37.684+0000] {processor.py:157} INFO - Started process (PID=35) to work on /home/airflow/.local/lib/python3.8/site-packages/airflow/example_dags/tutorial_dag.py
[2023-08-24T04:26:37.685+0000] {processor.py:829} INFO - Processing file /home/airflow/.local/lib/python3.8/site-packages/airflow/example_dags/tutorial_dag.py for tasks to queue
[2023-08-24T04:26:37.687+0000] {logging_mixin.py:151} INFO - [2023-08-24T04:26:37.687+0000] {dagbag.py:539} INFO - Filling up the DagBag from /home/airflow/.local/lib/python3.8/site-packages/airflow/example_dags/tutorial_dag.py
[2023-08-24T04:26:37.694+0000] {processor.py:839} INFO - DAG(s) dict_keys(['tutorial_dag']) retrieved from /home/airflow/.local/lib/python3.8/site-packages/airflow/example_dags/tutorial_dag.py
[2023-08-24T04:26:37.707+0000] {logging_mixin.py:151} INFO - [2023-08-24T04:26:37.706+0000] {dag.py:2907} INFO - Sync 1 DAGs
[2023-08-24T04:26:37.802+0000] {logging_mixin.py:151} INFO - [2023-08-24T04:26:37.802+0000] {dag.py:3677} INFO - Setting next_dagrun for tutorial_dag to None, run_after=None
[2023-08-24T04:26:37.812+0000] {processor.py:179} INFO - Processing /home/airflow/.local/lib/python3.8/site-packages/airflow/example_dags/tutorial_dag.py took 0.131 seconds
[2023-08-24T04:27:08.135+0000] {processor.py:157} INFO - Started process (PID=97) to work on /home/airflow/.local/lib/python3.8/site-packages/airflow/example_dags/tutorial_dag.py
[2023-08-24T04:27:08.137+0000] {processor.py:829} INFO - Processing file /home/airflow/.local/lib/python3.8/site-packages/airflow/example_dags/tutorial_dag.py for tasks to queue
[2023-08-24T04:27:08.139+0000] {logging_mixin.py:151} INFO - [2023-08-24T04:27:08.139+0000] {dagbag.py:539} INFO - Filling up the DagBag from /home/airflow/.local/lib/python3.8/site-packages/airflow/example_dags/tutorial_dag.py
[2023-08-24T04:27:08.143+0000] {processor.py:839} INFO - DAG(s) dict_keys(['tutorial_dag']) retrieved from /home/airflow/.local/lib/python3.8/site-packages/airflow/example_dags/tutorial_dag.py
[2023-08-24T04:27:08.159+0000] {logging_mixin.py:151} INFO - [2023-08-24T04:27:08.159+0000] {dag.py:2907} INFO - Sync 1 DAGs
[2023-08-24T04:27:08.166+0000] {logging_mixin.py:151} INFO - [2023-08-24T04:27:08.166+0000] {dag.py:3677} INFO - Setting next_dagrun for tutorial_dag to None, run_after=None
[2023-08-24T04:27:08.177+0000] {processor.py:179} INFO - Processing /home/airflow/.local/lib/python3.8/site-packages/airflow/example_dags/tutorial_dag.py took 0.044 seconds
