[2023-08-24T03:25:35.807+0000] {taskinstance.py:1159} INFO - Dependencies all met for dep_context=non-requeueable deps ti=<TaskInstance: your_first_dag.task4 scheduled__2023-08-23T00:00:00+00:00 [queued]>
[2023-08-24T03:25:35.813+0000] {taskinstance.py:1159} INFO - Dependencies all met for dep_context=requeueable deps ti=<TaskInstance: your_first_dag.task4 scheduled__2023-08-23T00:00:00+00:00 [queued]>
[2023-08-24T03:25:35.814+0000] {taskinstance.py:1361} INFO - Starting attempt 1 of 1
[2023-08-24T03:25:35.820+0000] {taskinstance.py:1382} INFO - Executing <Task(BashOperator): task4> on 2023-08-23 00:00:00+00:00
[2023-08-24T03:25:35.824+0000] {standard_task_runner.py:57} INFO - Started process 86 to run task
[2023-08-24T03:25:35.827+0000] {standard_task_runner.py:84} INFO - Running: ['***', 'tasks', 'run', 'your_first_dag', 'task4', 'scheduled__2023-08-23T00:00:00+00:00', '--job-id', '12', '--raw', '--subdir', 'DAGS_FOLDER/1_first_dag/first_dag.py', '--cfg-path', '/tmp/tmpnoxalrl9']
[2023-08-24T03:25:35.828+0000] {standard_task_runner.py:85} INFO - Job 12: Subtask task4
[2023-08-24T03:25:35.866+0000] {task_command.py:415} INFO - Running <TaskInstance: your_first_dag.task4 scheduled__2023-08-23T00:00:00+00:00 [running]> on host 60ae1308fad5
[2023-08-24T03:25:35.914+0000] {taskinstance.py:1660} INFO - Exporting env vars: AIRFLOW_CTX_DAG_OWNER='Willis' AIRFLOW_CTX_DAG_ID='your_first_dag' AIRFLOW_CTX_TASK_ID='task4' AIRFLOW_CTX_EXECUTION_DATE='2023-08-23T00:00:00+00:00' AIRFLOW_CTX_TRY_NUMBER='1' AIRFLOW_CTX_DAG_RUN_ID='scheduled__2023-08-23T00:00:00+00:00'
[2023-08-24T03:25:35.916+0000] {subprocess.py:63} INFO - Tmp dir root location: /tmp
[2023-08-24T03:25:35.916+0000] {subprocess.py:75} INFO - Running command: ['/bin/bash', '-c', 'echo "Task 4"']
[2023-08-24T03:25:35.925+0000] {subprocess.py:86} INFO - Output:
[2023-08-24T03:25:35.927+0000] {subprocess.py:93} INFO - Task 4
[2023-08-24T03:25:35.928+0000] {subprocess.py:97} INFO - Command exited with return code 0
[2023-08-24T03:25:35.949+0000] {taskinstance.py:1400} INFO - Marking task as SUCCESS. dag_id=your_first_dag, task_id=task4, execution_date=20230823T000000, start_date=20230824T032535, end_date=20230824T032535
[2023-08-24T03:25:36.001+0000] {local_task_job_runner.py:228} INFO - Task exited with return code 0
[2023-08-24T03:25:36.017+0000] {taskinstance.py:2784} INFO - 1 downstream tasks scheduled from follow-on schedule check
[2023-08-24T04:58:30.800+0000] {taskinstance.py:1159} INFO - Dependencies all met for dep_context=non-requeueable deps ti=<TaskInstance: your_first_dag.task4 scheduled__2023-08-23T00:00:00+00:00 [queued]>
[2023-08-24T04:58:30.807+0000] {taskinstance.py:1159} INFO - Dependencies all met for dep_context=requeueable deps ti=<TaskInstance: your_first_dag.task4 scheduled__2023-08-23T00:00:00+00:00 [queued]>
[2023-08-24T04:58:30.807+0000] {taskinstance.py:1361} INFO - Starting attempt 1 of 1
[2023-08-24T04:58:30.814+0000] {taskinstance.py:1382} INFO - Executing <Task(BashOperator): task4> on 2023-08-23 00:00:00+00:00
[2023-08-24T04:58:30.818+0000] {standard_task_runner.py:57} INFO - Started process 134 to run task
[2023-08-24T04:58:30.822+0000] {standard_task_runner.py:84} INFO - Running: ['***', 'tasks', 'run', 'your_first_dag', 'task4', 'scheduled__2023-08-23T00:00:00+00:00', '--job-id', '9', '--raw', '--subdir', 'DAGS_FOLDER/1_first_dag/first_dag.py', '--cfg-path', '/tmp/tmpg3vrx5rq']
[2023-08-24T04:58:30.823+0000] {standard_task_runner.py:85} INFO - Job 9: Subtask task4
[2023-08-24T04:58:30.861+0000] {task_command.py:415} INFO - Running <TaskInstance: your_first_dag.task4 scheduled__2023-08-23T00:00:00+00:00 [running]> on host 4059ad9a5b0d
[2023-08-24T04:58:30.911+0000] {taskinstance.py:1660} INFO - Exporting env vars: AIRFLOW_CTX_DAG_OWNER='Willis' AIRFLOW_CTX_DAG_ID='your_first_dag' AIRFLOW_CTX_TASK_ID='task4' AIRFLOW_CTX_EXECUTION_DATE='2023-08-23T00:00:00+00:00' AIRFLOW_CTX_TRY_NUMBER='1' AIRFLOW_CTX_DAG_RUN_ID='scheduled__2023-08-23T00:00:00+00:00'
[2023-08-24T04:58:30.913+0000] {subprocess.py:63} INFO - Tmp dir root location: /tmp
[2023-08-24T04:58:30.913+0000] {subprocess.py:75} INFO - Running command: ['/bin/bash', '-c', 'echo "Task 4"']
[2023-08-24T04:58:30.921+0000] {subprocess.py:86} INFO - Output:
[2023-08-24T04:58:30.923+0000] {subprocess.py:93} INFO - Task 4
[2023-08-24T04:58:30.924+0000] {subprocess.py:97} INFO - Command exited with return code 0
[2023-08-24T04:58:30.945+0000] {taskinstance.py:1400} INFO - Marking task as SUCCESS. dag_id=your_first_dag, task_id=task4, execution_date=20230823T000000, start_date=20230824T045830, end_date=20230824T045830
[2023-08-24T04:58:30.994+0000] {local_task_job_runner.py:228} INFO - Task exited with return code 0
[2023-08-24T04:58:31.011+0000] {taskinstance.py:2784} INFO - 1 downstream tasks scheduled from follow-on schedule check
