[2023-08-25T11:01:59.635+0000] {taskinstance.py:1159} INFO - Dependencies all met for dep_context=non-requeueable deps ti=<TaskInstance: jinja_sql_dag.idempotent_insert_task manual__2023-08-25T11:01:57.258947+00:00 [queued]>
[2023-08-25T11:01:59.641+0000] {taskinstance.py:1159} INFO - Dependencies all met for dep_context=requeueable deps ti=<TaskInstance: jinja_sql_dag.idempotent_insert_task manual__2023-08-25T11:01:57.258947+00:00 [queued]>
[2023-08-25T11:01:59.642+0000] {taskinstance.py:1361} INFO - Starting attempt 1 of 2
[2023-08-25T11:01:59.649+0000] {taskinstance.py:1382} INFO - Executing <Task(PostgresOperator): idempotent_insert_task> on 2023-08-25 11:01:57.258947+00:00
[2023-08-25T11:01:59.653+0000] {standard_task_runner.py:57} INFO - Started process 689 to run task
[2023-08-25T11:01:59.656+0000] {standard_task_runner.py:84} INFO - Running: ['***', 'tasks', 'run', 'jinja_sql_dag', 'idempotent_insert_task', 'manual__2023-08-25T11:01:57.258947+00:00', '--job-id', '66', '--raw', '--subdir', 'DAGS_FOLDER/6_jinja/jinja_dev.py', '--cfg-path', '/tmp/tmpzdde4af8']
[2023-08-25T11:01:59.658+0000] {standard_task_runner.py:85} INFO - Job 66: Subtask idempotent_insert_task
[2023-08-25T11:01:59.695+0000] {task_command.py:415} INFO - Running <TaskInstance: jinja_sql_dag.idempotent_insert_task manual__2023-08-25T11:01:57.258947+00:00 [running]> on host 83fdf19a2df8
[2023-08-25T11:01:59.745+0000] {taskinstance.py:1660} INFO - Exporting env vars: AIRFLOW_CTX_DAG_OWNER='***' AIRFLOW_CTX_DAG_ID='jinja_sql_dag' AIRFLOW_CTX_TASK_ID='idempotent_insert_task' AIRFLOW_CTX_EXECUTION_DATE='2023-08-25T11:01:57.258947+00:00' AIRFLOW_CTX_TRY_NUMBER='1' AIRFLOW_CTX_DAG_RUN_ID='manual__2023-08-25T11:01:57.258947+00:00'
[2023-08-25T11:01:59.746+0000] {sql.py:274} INFO - Executing: 
        DELETE FROM final_destination WHERE load_date = '2023-08-25';
        INSERT INTO final_destination
        SELECT * FROM public.sales WHERE load_date = '2023-08-25';
    
[2023-08-25T11:01:59.754+0000] {base.py:73} INFO - Using connection ID 'postgresql_connection' for task execution.
[2023-08-25T11:01:59.762+0000] {base.py:73} INFO - Using connection ID 'postgresql_connection' for task execution.
[2023-08-25T11:01:59.769+0000] {sql.py:418} INFO - Running statement: 
        DELETE FROM final_destination WHERE load_date = '2023-08-25';
        INSERT INTO final_destination
        SELECT * FROM public.sales WHERE load_date = '2023-08-25';
    , parameters: None
[2023-08-25T11:01:59.773+0000] {sql.py:427} INFO - Rows affected: 0
[2023-08-25T11:01:59.782+0000] {taskinstance.py:1400} INFO - Marking task as SUCCESS. dag_id=jinja_sql_dag, task_id=idempotent_insert_task, execution_date=20230825T110157, start_date=20230825T110159, end_date=20230825T110159
[2023-08-25T11:01:59.831+0000] {local_task_job_runner.py:228} INFO - Task exited with return code 0
[2023-08-25T11:01:59.844+0000] {taskinstance.py:2784} INFO - 0 downstream tasks scheduled from follow-on schedule check
