[2023-08-24T03:25:34.592+0000] {taskinstance.py:1159} INFO - Dependencies all met for dep_context=non-requeueable deps ti=<TaskInstance: your_first_dag.task3 scheduled__2023-08-23T00:00:00+00:00 [queued]>
[2023-08-24T03:25:34.610+0000] {taskinstance.py:1159} INFO - Dependencies all met for dep_context=requeueable deps ti=<TaskInstance: your_first_dag.task3 scheduled__2023-08-23T00:00:00+00:00 [queued]>
[2023-08-24T03:25:34.611+0000] {taskinstance.py:1361} INFO - Starting attempt 1 of 1
[2023-08-24T03:25:34.626+0000] {taskinstance.py:1382} INFO - Executing <Task(BashOperator): task3> on 2023-08-23 00:00:00+00:00
[2023-08-24T03:25:34.631+0000] {standard_task_runner.py:57} INFO - Started process 76 to run task
[2023-08-24T03:25:34.640+0000] {standard_task_runner.py:84} INFO - Running: ['***', 'tasks', 'run', 'your_first_dag', 'task3', 'scheduled__2023-08-23T00:00:00+00:00', '--job-id', '8', '--raw', '--subdir', 'DAGS_FOLDER/1_first_dag/first_dag.py', '--cfg-path', '/tmp/tmp50sncgin']
[2023-08-24T03:25:34.642+0000] {standard_task_runner.py:85} INFO - Job 8: Subtask task3
[2023-08-24T03:25:34.716+0000] {task_command.py:415} INFO - Running <TaskInstance: your_first_dag.task3 scheduled__2023-08-23T00:00:00+00:00 [running]> on host 60ae1308fad5
[2023-08-24T03:25:34.806+0000] {taskinstance.py:1660} INFO - Exporting env vars: AIRFLOW_CTX_DAG_OWNER='Willis' AIRFLOW_CTX_DAG_ID='your_first_dag' AIRFLOW_CTX_TASK_ID='task3' AIRFLOW_CTX_EXECUTION_DATE='2023-08-23T00:00:00+00:00' AIRFLOW_CTX_TRY_NUMBER='1' AIRFLOW_CTX_DAG_RUN_ID='scheduled__2023-08-23T00:00:00+00:00'
[2023-08-24T03:25:34.808+0000] {subprocess.py:63} INFO - Tmp dir root location: /tmp
[2023-08-24T03:25:34.809+0000] {subprocess.py:75} INFO - Running command: ['/bin/bash', '-c', 'echo "Task 3"']
[2023-08-24T03:25:34.831+0000] {subprocess.py:86} INFO - Output:
[2023-08-24T03:25:34.832+0000] {subprocess.py:93} INFO - Task 3
[2023-08-24T03:25:34.833+0000] {subprocess.py:97} INFO - Command exited with return code 0
[2023-08-24T03:25:34.878+0000] {taskinstance.py:1400} INFO - Marking task as SUCCESS. dag_id=your_first_dag, task_id=task3, execution_date=20230823T000000, start_date=20230824T032534, end_date=20230824T032534
[2023-08-24T03:25:34.935+0000] {local_task_job_runner.py:228} INFO - Task exited with return code 0
[2023-08-24T03:25:34.959+0000] {taskinstance.py:2784} INFO - 1 downstream tasks scheduled from follow-on schedule check
[2023-08-24T04:58:29.599+0000] {taskinstance.py:1159} INFO - Dependencies all met for dep_context=non-requeueable deps ti=<TaskInstance: your_first_dag.task3 scheduled__2023-08-23T00:00:00+00:00 [queued]>
[2023-08-24T04:58:29.609+0000] {taskinstance.py:1159} INFO - Dependencies all met for dep_context=requeueable deps ti=<TaskInstance: your_first_dag.task3 scheduled__2023-08-23T00:00:00+00:00 [queued]>
[2023-08-24T04:58:29.609+0000] {taskinstance.py:1361} INFO - Starting attempt 1 of 1
[2023-08-24T04:58:29.622+0000] {taskinstance.py:1382} INFO - Executing <Task(BashOperator): task3> on 2023-08-23 00:00:00+00:00
[2023-08-24T04:58:29.628+0000] {standard_task_runner.py:57} INFO - Started process 123 to run task
[2023-08-24T04:58:29.633+0000] {standard_task_runner.py:84} INFO - Running: ['***', 'tasks', 'run', 'your_first_dag', 'task3', 'scheduled__2023-08-23T00:00:00+00:00', '--job-id', '5', '--raw', '--subdir', 'DAGS_FOLDER/1_first_dag/first_dag.py', '--cfg-path', '/tmp/tmplp6hbnlq']
[2023-08-24T04:58:29.634+0000] {standard_task_runner.py:85} INFO - Job 5: Subtask task3
[2023-08-24T04:58:29.678+0000] {task_command.py:415} INFO - Running <TaskInstance: your_first_dag.task3 scheduled__2023-08-23T00:00:00+00:00 [running]> on host 4059ad9a5b0d
[2023-08-24T04:58:29.780+0000] {taskinstance.py:1660} INFO - Exporting env vars: AIRFLOW_CTX_DAG_OWNER='Willis' AIRFLOW_CTX_DAG_ID='your_first_dag' AIRFLOW_CTX_TASK_ID='task3' AIRFLOW_CTX_EXECUTION_DATE='2023-08-23T00:00:00+00:00' AIRFLOW_CTX_TRY_NUMBER='1' AIRFLOW_CTX_DAG_RUN_ID='scheduled__2023-08-23T00:00:00+00:00'
[2023-08-24T04:58:29.781+0000] {subprocess.py:63} INFO - Tmp dir root location: /tmp
[2023-08-24T04:58:29.782+0000] {subprocess.py:75} INFO - Running command: ['/bin/bash', '-c', 'echo "Task 3"']
[2023-08-24T04:58:29.793+0000] {subprocess.py:86} INFO - Output:
[2023-08-24T04:58:29.795+0000] {subprocess.py:93} INFO - Task 3
[2023-08-24T04:58:29.797+0000] {subprocess.py:97} INFO - Command exited with return code 0
[2023-08-24T04:58:29.822+0000] {taskinstance.py:1400} INFO - Marking task as SUCCESS. dag_id=your_first_dag, task_id=task3, execution_date=20230823T000000, start_date=20230824T045829, end_date=20230824T045829
[2023-08-24T04:58:29.850+0000] {local_task_job_runner.py:228} INFO - Task exited with return code 0
[2023-08-24T04:58:29.867+0000] {taskinstance.py:2784} INFO - 0 downstream tasks scheduled from follow-on schedule check
