[2023-08-25T10:45:52.352+0000] {taskinstance.py:1159} INFO - Dependencies all met for dep_context=non-requeueable deps ti=<TaskInstance: jinja_sql_dag.create_table_task scheduled__2023-08-24T10:44:49.508666+00:00 [queued]>
[2023-08-25T10:45:52.357+0000] {taskinstance.py:1159} INFO - Dependencies all met for dep_context=requeueable deps ti=<TaskInstance: jinja_sql_dag.create_table_task scheduled__2023-08-24T10:44:49.508666+00:00 [queued]>
[2023-08-25T10:45:52.358+0000] {taskinstance.py:1361} INFO - Starting attempt 2 of 3
[2023-08-25T10:45:52.364+0000] {taskinstance.py:1382} INFO - Executing <Task(PostgresOperator): create_table_task> on 2023-08-24 10:44:49.508666+00:00
[2023-08-25T10:45:52.368+0000] {standard_task_runner.py:57} INFO - Started process 423 to run task
[2023-08-25T10:45:52.371+0000] {standard_task_runner.py:84} INFO - Running: ['***', 'tasks', 'run', 'jinja_sql_dag', 'create_table_task', 'scheduled__2023-08-24T10:44:49.508666+00:00', '--job-id', '56', '--raw', '--subdir', 'DAGS_FOLDER/6_jinja/jinja_dev.py', '--cfg-path', '/tmp/tmpai932rbu']
[2023-08-25T10:45:52.372+0000] {standard_task_runner.py:85} INFO - Job 56: Subtask create_table_task
[2023-08-25T10:45:52.408+0000] {task_command.py:415} INFO - Running <TaskInstance: jinja_sql_dag.create_table_task scheduled__2023-08-24T10:44:49.508666+00:00 [running]> on host 83fdf19a2df8
[2023-08-25T10:45:52.453+0000] {taskinstance.py:1660} INFO - Exporting env vars: AIRFLOW_CTX_DAG_OWNER='***' AIRFLOW_CTX_DAG_ID='jinja_sql_dag' AIRFLOW_CTX_TASK_ID='create_table_task' AIRFLOW_CTX_EXECUTION_DATE='2023-08-24T10:44:49.508666+00:00' AIRFLOW_CTX_TRY_NUMBER='2' AIRFLOW_CTX_DAG_RUN_ID='scheduled__2023-08-24T10:44:49.508666+00:00'
[2023-08-25T10:45:52.454+0000] {sql.py:274} INFO - Executing: 
        CREATE TABLE IF NOT EXISTS final_destination (
            rank_game INTEGER,
            name_game TEXT,
            platform TEXT,
            year_game INTEGER,
            genre_game TEXT,
            publisher TEXT,
            na_sales FLOAT,
            eu_sales FLOAT,
            jp_sales FLOAT,
            other_sales FLOAT,
            global_sales FLOAT,
            load_date DATE
        );
    
[2023-08-25T10:45:52.461+0000] {base.py:73} INFO - Using connection ID 'postgresql_connection' for task execution.
[2023-08-25T10:45:52.468+0000] {base.py:73} INFO - Using connection ID 'postgresql_connection' for task execution.
[2023-08-25T10:45:52.474+0000] {sql.py:418} INFO - Running statement: 
        CREATE TABLE IF NOT EXISTS final_destination (
            rank_game INTEGER,
            name_game TEXT,
            platform TEXT,
            year_game INTEGER,
            genre_game TEXT,
            publisher TEXT,
            na_sales FLOAT,
            eu_sales FLOAT,
            jp_sales FLOAT,
            other_sales FLOAT,
            global_sales FLOAT,
            load_date DATE
        );
    , parameters: None
[2023-08-25T10:45:52.483+0000] {taskinstance.py:1400} INFO - Marking task as SUCCESS. dag_id=jinja_sql_dag, task_id=create_table_task, execution_date=20230824T104449, start_date=20230825T104552, end_date=20230825T104552
[2023-08-25T10:45:52.504+0000] {local_task_job_runner.py:228} INFO - Task exited with return code 0
[2023-08-25T10:45:52.521+0000] {taskinstance.py:2784} INFO - 1 downstream tasks scheduled from follow-on schedule check
