[2023-08-25T00:40:43.478+0000] {processor.py:157} INFO - Started process (PID=5081) to work on /opt/airflow/dags/5_taskflow_api/taskflow_dag.py
[2023-08-25T00:40:43.479+0000] {processor.py:829} INFO - Processing file /opt/airflow/dags/5_taskflow_api/taskflow_dag.py for tasks to queue
[2023-08-25T00:40:43.480+0000] {logging_mixin.py:151} INFO - [2023-08-25T00:40:43.480+0000] {dagbag.py:539} INFO - Filling up the DagBag from /opt/airflow/dags/5_taskflow_api/taskflow_dag.py
[2023-08-25T00:40:43.503+0000] {processor.py:839} INFO - DAG(s) dict_keys(['taskflow_dag']) retrieved from /opt/airflow/dags/5_taskflow_api/taskflow_dag.py
[2023-08-25T00:40:43.551+0000] {logging_mixin.py:151} INFO - [2023-08-25T00:40:43.551+0000] {dag.py:2907} INFO - Sync 1 DAGs
[2023-08-25T00:40:43.570+0000] {logging_mixin.py:151} INFO - [2023-08-25T00:40:43.570+0000] {dag.py:3677} INFO - Setting next_dagrun for taskflow_dag to 2023-08-24T00:00:00+00:00, run_after=2023-08-25T00:00:00+00:00
[2023-08-25T00:40:43.600+0000] {processor.py:179} INFO - Processing /opt/airflow/dags/5_taskflow_api/taskflow_dag.py took 0.131 seconds
[2023-08-25T01:34:28.381+0000] {processor.py:157} INFO - Started process (PID=5101) to work on /opt/airflow/dags/5_taskflow_api/taskflow_dag.py
[2023-08-25T01:34:28.383+0000] {processor.py:829} INFO - Processing file /opt/airflow/dags/5_taskflow_api/taskflow_dag.py for tasks to queue
[2023-08-25T01:34:28.384+0000] {logging_mixin.py:151} INFO - [2023-08-25T01:34:28.384+0000] {dagbag.py:539} INFO - Filling up the DagBag from /opt/airflow/dags/5_taskflow_api/taskflow_dag.py
[2023-08-25T01:34:28.416+0000] {processor.py:839} INFO - DAG(s) dict_keys(['taskflow_dag']) retrieved from /opt/airflow/dags/5_taskflow_api/taskflow_dag.py
[2023-08-25T01:34:28.460+0000] {logging_mixin.py:151} INFO - [2023-08-25T01:34:28.460+0000] {dag.py:2907} INFO - Sync 1 DAGs
[2023-08-25T01:34:28.492+0000] {logging_mixin.py:151} INFO - [2023-08-25T01:34:28.491+0000] {dag.py:3677} INFO - Setting next_dagrun for taskflow_dag to 2023-08-24T00:00:00+00:00, run_after=2023-08-25T00:00:00+00:00
[2023-08-25T01:34:28.510+0000] {processor.py:179} INFO - Processing /opt/airflow/dags/5_taskflow_api/taskflow_dag.py took 0.135 seconds
[2023-08-25T02:17:12.319+0000] {processor.py:157} INFO - Started process (PID=5117) to work on /opt/airflow/dags/5_taskflow_api/taskflow_dag.py
[2023-08-25T02:17:12.324+0000] {processor.py:829} INFO - Processing file /opt/airflow/dags/5_taskflow_api/taskflow_dag.py for tasks to queue
[2023-08-25T02:17:12.328+0000] {logging_mixin.py:151} INFO - [2023-08-25T02:17:12.327+0000] {dagbag.py:539} INFO - Filling up the DagBag from /opt/airflow/dags/5_taskflow_api/taskflow_dag.py
[2023-08-25T02:17:12.351+0000] {processor.py:839} INFO - DAG(s) dict_keys(['taskflow_dag']) retrieved from /opt/airflow/dags/5_taskflow_api/taskflow_dag.py
[2023-08-25T02:17:12.392+0000] {logging_mixin.py:151} INFO - [2023-08-25T02:17:12.392+0000] {dag.py:2907} INFO - Sync 1 DAGs
[2023-08-25T02:17:12.424+0000] {logging_mixin.py:151} INFO - [2023-08-25T02:17:12.424+0000] {dag.py:3677} INFO - Setting next_dagrun for taskflow_dag to 2023-08-24T00:00:00+00:00, run_after=2023-08-25T00:00:00+00:00
[2023-08-25T02:17:12.448+0000] {processor.py:179} INFO - Processing /opt/airflow/dags/5_taskflow_api/taskflow_dag.py took 0.133 seconds
[2023-08-25T02:50:46.702+0000] {processor.py:157} INFO - Started process (PID=5133) to work on /opt/airflow/dags/5_taskflow_api/taskflow_dag.py
[2023-08-25T02:50:46.706+0000] {processor.py:829} INFO - Processing file /opt/airflow/dags/5_taskflow_api/taskflow_dag.py for tasks to queue
[2023-08-25T02:50:46.707+0000] {logging_mixin.py:151} INFO - [2023-08-25T02:50:46.707+0000] {dagbag.py:539} INFO - Filling up the DagBag from /opt/airflow/dags/5_taskflow_api/taskflow_dag.py
[2023-08-25T02:50:46.759+0000] {processor.py:839} INFO - DAG(s) dict_keys(['taskflow_dag']) retrieved from /opt/airflow/dags/5_taskflow_api/taskflow_dag.py
[2023-08-25T02:50:46.801+0000] {logging_mixin.py:151} INFO - [2023-08-25T02:50:46.800+0000] {dag.py:2907} INFO - Sync 1 DAGs
[2023-08-25T02:50:46.823+0000] {logging_mixin.py:151} INFO - [2023-08-25T02:50:46.823+0000] {dag.py:3677} INFO - Setting next_dagrun for taskflow_dag to 2023-08-24T00:00:00+00:00, run_after=2023-08-25T00:00:00+00:00
[2023-08-25T02:50:46.838+0000] {processor.py:179} INFO - Processing /opt/airflow/dags/5_taskflow_api/taskflow_dag.py took 0.139 seconds
[2023-08-25T03:15:22.734+0000] {processor.py:157} INFO - Started process (PID=5149) to work on /opt/airflow/dags/5_taskflow_api/taskflow_dag.py
[2023-08-25T03:15:22.735+0000] {processor.py:829} INFO - Processing file /opt/airflow/dags/5_taskflow_api/taskflow_dag.py for tasks to queue
[2023-08-25T03:15:22.736+0000] {logging_mixin.py:151} INFO - [2023-08-25T03:15:22.736+0000] {dagbag.py:539} INFO - Filling up the DagBag from /opt/airflow/dags/5_taskflow_api/taskflow_dag.py
[2023-08-25T03:15:22.750+0000] {processor.py:839} INFO - DAG(s) dict_keys(['taskflow_dag']) retrieved from /opt/airflow/dags/5_taskflow_api/taskflow_dag.py
[2023-08-25T03:15:22.799+0000] {logging_mixin.py:151} INFO - [2023-08-25T03:15:22.799+0000] {dag.py:2907} INFO - Sync 1 DAGs
[2023-08-25T03:15:22.822+0000] {logging_mixin.py:151} INFO - [2023-08-25T03:15:22.822+0000] {dag.py:3677} INFO - Setting next_dagrun for taskflow_dag to 2023-08-24T00:00:00+00:00, run_after=2023-08-25T00:00:00+00:00
[2023-08-25T03:15:22.842+0000] {processor.py:179} INFO - Processing /opt/airflow/dags/5_taskflow_api/taskflow_dag.py took 0.112 seconds
[2023-08-25T03:22:30.794+0000] {processor.py:157} INFO - Started process (PID=5165) to work on /opt/airflow/dags/5_taskflow_api/taskflow_dag.py
[2023-08-25T03:22:30.795+0000] {processor.py:829} INFO - Processing file /opt/airflow/dags/5_taskflow_api/taskflow_dag.py for tasks to queue
[2023-08-25T03:22:30.796+0000] {logging_mixin.py:151} INFO - [2023-08-25T03:22:30.796+0000] {dagbag.py:539} INFO - Filling up the DagBag from /opt/airflow/dags/5_taskflow_api/taskflow_dag.py
[2023-08-25T03:22:30.806+0000] {processor.py:839} INFO - DAG(s) dict_keys(['taskflow_dag']) retrieved from /opt/airflow/dags/5_taskflow_api/taskflow_dag.py
[2023-08-25T03:22:30.827+0000] {logging_mixin.py:151} INFO - [2023-08-25T03:22:30.827+0000] {dag.py:2907} INFO - Sync 1 DAGs
[2023-08-25T03:22:30.839+0000] {logging_mixin.py:151} INFO - [2023-08-25T03:22:30.839+0000] {dag.py:3677} INFO - Setting next_dagrun for taskflow_dag to 2023-08-24T00:00:00+00:00, run_after=2023-08-25T00:00:00+00:00
[2023-08-25T03:22:30.851+0000] {processor.py:179} INFO - Processing /opt/airflow/dags/5_taskflow_api/taskflow_dag.py took 0.060 seconds
[2023-08-25T03:27:07.961+0000] {processor.py:157} INFO - Started process (PID=5181) to work on /opt/airflow/dags/5_taskflow_api/taskflow_dag.py
[2023-08-25T03:27:07.963+0000] {processor.py:829} INFO - Processing file /opt/airflow/dags/5_taskflow_api/taskflow_dag.py for tasks to queue
[2023-08-25T03:27:07.964+0000] {logging_mixin.py:151} INFO - [2023-08-25T03:27:07.963+0000] {dagbag.py:539} INFO - Filling up the DagBag from /opt/airflow/dags/5_taskflow_api/taskflow_dag.py
[2023-08-25T03:27:07.975+0000] {processor.py:839} INFO - DAG(s) dict_keys(['taskflow_dag']) retrieved from /opt/airflow/dags/5_taskflow_api/taskflow_dag.py
[2023-08-25T03:27:07.997+0000] {logging_mixin.py:151} INFO - [2023-08-25T03:27:07.997+0000] {dag.py:2907} INFO - Sync 1 DAGs
[2023-08-25T03:27:08.011+0000] {logging_mixin.py:151} INFO - [2023-08-25T03:27:08.011+0000] {dag.py:3677} INFO - Setting next_dagrun for taskflow_dag to 2023-08-24T00:00:00+00:00, run_after=2023-08-25T00:00:00+00:00
[2023-08-25T03:27:08.021+0000] {processor.py:179} INFO - Processing /opt/airflow/dags/5_taskflow_api/taskflow_dag.py took 0.063 seconds
[2023-08-25T04:02:00.437+0000] {processor.py:157} INFO - Started process (PID=5197) to work on /opt/airflow/dags/5_taskflow_api/taskflow_dag.py
[2023-08-25T04:02:00.438+0000] {processor.py:829} INFO - Processing file /opt/airflow/dags/5_taskflow_api/taskflow_dag.py for tasks to queue
[2023-08-25T04:02:00.440+0000] {logging_mixin.py:151} INFO - [2023-08-25T04:02:00.439+0000] {dagbag.py:539} INFO - Filling up the DagBag from /opt/airflow/dags/5_taskflow_api/taskflow_dag.py
[2023-08-25T04:02:00.456+0000] {processor.py:839} INFO - DAG(s) dict_keys(['taskflow_dag']) retrieved from /opt/airflow/dags/5_taskflow_api/taskflow_dag.py
[2023-08-25T04:02:00.485+0000] {logging_mixin.py:151} INFO - [2023-08-25T04:02:00.485+0000] {dag.py:2907} INFO - Sync 1 DAGs
[2023-08-25T04:02:00.503+0000] {logging_mixin.py:151} INFO - [2023-08-25T04:02:00.503+0000] {dag.py:3677} INFO - Setting next_dagrun for taskflow_dag to 2023-08-24T00:00:00+00:00, run_after=2023-08-25T00:00:00+00:00
[2023-08-25T04:02:00.516+0000] {processor.py:179} INFO - Processing /opt/airflow/dags/5_taskflow_api/taskflow_dag.py took 0.082 seconds
[2023-08-25T04:59:15.318+0000] {processor.py:157} INFO - Started process (PID=5213) to work on /opt/airflow/dags/5_taskflow_api/taskflow_dag.py
[2023-08-25T04:59:15.319+0000] {processor.py:829} INFO - Processing file /opt/airflow/dags/5_taskflow_api/taskflow_dag.py for tasks to queue
[2023-08-25T04:59:15.320+0000] {logging_mixin.py:151} INFO - [2023-08-25T04:59:15.320+0000] {dagbag.py:539} INFO - Filling up the DagBag from /opt/airflow/dags/5_taskflow_api/taskflow_dag.py
[2023-08-25T04:59:15.330+0000] {processor.py:839} INFO - DAG(s) dict_keys(['taskflow_dag']) retrieved from /opt/airflow/dags/5_taskflow_api/taskflow_dag.py
[2023-08-25T04:59:15.353+0000] {logging_mixin.py:151} INFO - [2023-08-25T04:59:15.353+0000] {dag.py:2907} INFO - Sync 1 DAGs
[2023-08-25T04:59:15.367+0000] {logging_mixin.py:151} INFO - [2023-08-25T04:59:15.367+0000] {dag.py:3677} INFO - Setting next_dagrun for taskflow_dag to 2023-08-24T00:00:00+00:00, run_after=2023-08-25T00:00:00+00:00
[2023-08-25T04:59:15.379+0000] {processor.py:179} INFO - Processing /opt/airflow/dags/5_taskflow_api/taskflow_dag.py took 0.065 seconds
[2023-08-25T05:17:13.123+0000] {processor.py:157} INFO - Started process (PID=5229) to work on /opt/airflow/dags/5_taskflow_api/taskflow_dag.py
[2023-08-25T05:17:13.124+0000] {processor.py:829} INFO - Processing file /opt/airflow/dags/5_taskflow_api/taskflow_dag.py for tasks to queue
[2023-08-25T05:17:13.125+0000] {logging_mixin.py:151} INFO - [2023-08-25T05:17:13.124+0000] {dagbag.py:539} INFO - Filling up the DagBag from /opt/airflow/dags/5_taskflow_api/taskflow_dag.py
[2023-08-25T05:17:13.135+0000] {processor.py:839} INFO - DAG(s) dict_keys(['taskflow_dag']) retrieved from /opt/airflow/dags/5_taskflow_api/taskflow_dag.py
[2023-08-25T05:17:13.158+0000] {logging_mixin.py:151} INFO - [2023-08-25T05:17:13.158+0000] {dag.py:2907} INFO - Sync 1 DAGs
[2023-08-25T05:17:13.171+0000] {logging_mixin.py:151} INFO - [2023-08-25T05:17:13.171+0000] {dag.py:3677} INFO - Setting next_dagrun for taskflow_dag to 2023-08-24T00:00:00+00:00, run_after=2023-08-25T00:00:00+00:00
[2023-08-25T05:17:13.181+0000] {processor.py:179} INFO - Processing /opt/airflow/dags/5_taskflow_api/taskflow_dag.py took 0.062 seconds
[2023-08-25T06:21:48.315+0000] {processor.py:157} INFO - Started process (PID=5245) to work on /opt/airflow/dags/5_taskflow_api/taskflow_dag.py
[2023-08-25T06:21:48.318+0000] {processor.py:829} INFO - Processing file /opt/airflow/dags/5_taskflow_api/taskflow_dag.py for tasks to queue
[2023-08-25T06:21:48.324+0000] {logging_mixin.py:151} INFO - [2023-08-25T06:21:48.323+0000] {dagbag.py:539} INFO - Filling up the DagBag from /opt/airflow/dags/5_taskflow_api/taskflow_dag.py
[2023-08-25T06:21:48.345+0000] {processor.py:839} INFO - DAG(s) dict_keys(['taskflow_dag']) retrieved from /opt/airflow/dags/5_taskflow_api/taskflow_dag.py
[2023-08-25T06:21:48.395+0000] {logging_mixin.py:151} INFO - [2023-08-25T06:21:48.395+0000] {dag.py:2907} INFO - Sync 1 DAGs
[2023-08-25T06:21:48.418+0000] {logging_mixin.py:151} INFO - [2023-08-25T06:21:48.418+0000] {dag.py:3677} INFO - Setting next_dagrun for taskflow_dag to 2023-08-24T00:00:00+00:00, run_after=2023-08-25T00:00:00+00:00
[2023-08-25T06:21:48.438+0000] {processor.py:179} INFO - Processing /opt/airflow/dags/5_taskflow_api/taskflow_dag.py took 0.130 seconds
[2023-08-25T07:27:12.291+0000] {processor.py:157} INFO - Started process (PID=5261) to work on /opt/airflow/dags/5_taskflow_api/taskflow_dag.py
[2023-08-25T07:27:12.298+0000] {processor.py:829} INFO - Processing file /opt/airflow/dags/5_taskflow_api/taskflow_dag.py for tasks to queue
[2023-08-25T07:27:12.302+0000] {logging_mixin.py:151} INFO - [2023-08-25T07:27:12.301+0000] {dagbag.py:539} INFO - Filling up the DagBag from /opt/airflow/dags/5_taskflow_api/taskflow_dag.py
[2023-08-25T07:27:12.322+0000] {processor.py:839} INFO - DAG(s) dict_keys(['taskflow_dag']) retrieved from /opt/airflow/dags/5_taskflow_api/taskflow_dag.py
[2023-08-25T07:27:12.354+0000] {logging_mixin.py:151} INFO - [2023-08-25T07:27:12.354+0000] {dag.py:2907} INFO - Sync 1 DAGs
[2023-08-25T07:27:12.378+0000] {logging_mixin.py:151} INFO - [2023-08-25T07:27:12.378+0000] {dag.py:3677} INFO - Setting next_dagrun for taskflow_dag to 2023-08-24T00:00:00+00:00, run_after=2023-08-25T00:00:00+00:00
[2023-08-25T07:27:12.409+0000] {processor.py:179} INFO - Processing /opt/airflow/dags/5_taskflow_api/taskflow_dag.py took 0.124 seconds
[2023-08-25T08:35:30.444+0000] {processor.py:157} INFO - Started process (PID=5277) to work on /opt/airflow/dags/5_taskflow_api/taskflow_dag.py
[2023-08-25T08:35:30.446+0000] {processor.py:829} INFO - Processing file /opt/airflow/dags/5_taskflow_api/taskflow_dag.py for tasks to queue
[2023-08-25T08:35:30.447+0000] {logging_mixin.py:151} INFO - [2023-08-25T08:35:30.447+0000] {dagbag.py:539} INFO - Filling up the DagBag from /opt/airflow/dags/5_taskflow_api/taskflow_dag.py
[2023-08-25T08:35:30.462+0000] {processor.py:839} INFO - DAG(s) dict_keys(['taskflow_dag']) retrieved from /opt/airflow/dags/5_taskflow_api/taskflow_dag.py
[2023-08-25T08:35:30.494+0000] {logging_mixin.py:151} INFO - [2023-08-25T08:35:30.494+0000] {dag.py:2907} INFO - Sync 1 DAGs
[2023-08-25T08:35:30.515+0000] {logging_mixin.py:151} INFO - [2023-08-25T08:35:30.514+0000] {dag.py:3677} INFO - Setting next_dagrun for taskflow_dag to 2023-08-24T00:00:00+00:00, run_after=2023-08-25T00:00:00+00:00
[2023-08-25T08:35:30.528+0000] {processor.py:179} INFO - Processing /opt/airflow/dags/5_taskflow_api/taskflow_dag.py took 0.088 seconds
[2023-08-25T09:12:14.485+0000] {processor.py:157} INFO - Started process (PID=5293) to work on /opt/airflow/dags/5_taskflow_api/taskflow_dag.py
[2023-08-25T09:12:14.487+0000] {processor.py:829} INFO - Processing file /opt/airflow/dags/5_taskflow_api/taskflow_dag.py for tasks to queue
[2023-08-25T09:12:14.488+0000] {logging_mixin.py:151} INFO - [2023-08-25T09:12:14.488+0000] {dagbag.py:539} INFO - Filling up the DagBag from /opt/airflow/dags/5_taskflow_api/taskflow_dag.py
[2023-08-25T09:12:14.503+0000] {processor.py:839} INFO - DAG(s) dict_keys(['taskflow_dag']) retrieved from /opt/airflow/dags/5_taskflow_api/taskflow_dag.py
[2023-08-25T09:12:14.530+0000] {logging_mixin.py:151} INFO - [2023-08-25T09:12:14.530+0000] {dag.py:2907} INFO - Sync 1 DAGs
[2023-08-25T09:12:14.548+0000] {logging_mixin.py:151} INFO - [2023-08-25T09:12:14.548+0000] {dag.py:3677} INFO - Setting next_dagrun for taskflow_dag to 2023-08-24T00:00:00+00:00, run_after=2023-08-25T00:00:00+00:00
[2023-08-25T09:12:14.562+0000] {processor.py:179} INFO - Processing /opt/airflow/dags/5_taskflow_api/taskflow_dag.py took 0.081 seconds
[2023-08-25T09:12:45.381+0000] {processor.py:157} INFO - Started process (PID=5309) to work on /opt/airflow/dags/5_taskflow_api/taskflow_dag.py
[2023-08-25T09:12:45.383+0000] {processor.py:829} INFO - Processing file /opt/airflow/dags/5_taskflow_api/taskflow_dag.py for tasks to queue
[2023-08-25T09:12:45.383+0000] {logging_mixin.py:151} INFO - [2023-08-25T09:12:45.383+0000] {dagbag.py:539} INFO - Filling up the DagBag from /opt/airflow/dags/5_taskflow_api/taskflow_dag.py
[2023-08-25T09:12:45.393+0000] {processor.py:839} INFO - DAG(s) dict_keys(['taskflow_dag']) retrieved from /opt/airflow/dags/5_taskflow_api/taskflow_dag.py
[2023-08-25T09:12:45.415+0000] {logging_mixin.py:151} INFO - [2023-08-25T09:12:45.415+0000] {dag.py:2907} INFO - Sync 1 DAGs
[2023-08-25T09:12:45.428+0000] {logging_mixin.py:151} INFO - [2023-08-25T09:12:45.427+0000] {dag.py:3677} INFO - Setting next_dagrun for taskflow_dag to 2023-08-24T00:00:00+00:00, run_after=2023-08-25T00:00:00+00:00
[2023-08-25T09:12:45.437+0000] {processor.py:179} INFO - Processing /opt/airflow/dags/5_taskflow_api/taskflow_dag.py took 0.059 seconds
[2023-08-25T09:13:16.148+0000] {processor.py:157} INFO - Started process (PID=5325) to work on /opt/airflow/dags/5_taskflow_api/taskflow_dag.py
[2023-08-25T09:13:16.149+0000] {processor.py:829} INFO - Processing file /opt/airflow/dags/5_taskflow_api/taskflow_dag.py for tasks to queue
[2023-08-25T09:13:16.150+0000] {logging_mixin.py:151} INFO - [2023-08-25T09:13:16.150+0000] {dagbag.py:539} INFO - Filling up the DagBag from /opt/airflow/dags/5_taskflow_api/taskflow_dag.py
[2023-08-25T09:13:16.161+0000] {processor.py:839} INFO - DAG(s) dict_keys(['taskflow_dag']) retrieved from /opt/airflow/dags/5_taskflow_api/taskflow_dag.py
[2023-08-25T09:13:16.182+0000] {logging_mixin.py:151} INFO - [2023-08-25T09:13:16.182+0000] {dag.py:2907} INFO - Sync 1 DAGs
[2023-08-25T09:13:16.195+0000] {logging_mixin.py:151} INFO - [2023-08-25T09:13:16.195+0000] {dag.py:3677} INFO - Setting next_dagrun for taskflow_dag to 2023-08-24T00:00:00+00:00, run_after=2023-08-25T00:00:00+00:00
[2023-08-25T09:13:16.205+0000] {processor.py:179} INFO - Processing /opt/airflow/dags/5_taskflow_api/taskflow_dag.py took 0.060 seconds
[2023-08-25T09:13:46.888+0000] {processor.py:157} INFO - Started process (PID=5341) to work on /opt/airflow/dags/5_taskflow_api/taskflow_dag.py
[2023-08-25T09:13:46.890+0000] {processor.py:829} INFO - Processing file /opt/airflow/dags/5_taskflow_api/taskflow_dag.py for tasks to queue
[2023-08-25T09:13:46.890+0000] {logging_mixin.py:151} INFO - [2023-08-25T09:13:46.890+0000] {dagbag.py:539} INFO - Filling up the DagBag from /opt/airflow/dags/5_taskflow_api/taskflow_dag.py
[2023-08-25T09:13:46.901+0000] {processor.py:839} INFO - DAG(s) dict_keys(['taskflow_dag']) retrieved from /opt/airflow/dags/5_taskflow_api/taskflow_dag.py
[2023-08-25T09:13:46.925+0000] {logging_mixin.py:151} INFO - [2023-08-25T09:13:46.925+0000] {dag.py:2907} INFO - Sync 1 DAGs
[2023-08-25T09:13:46.938+0000] {logging_mixin.py:151} INFO - [2023-08-25T09:13:46.938+0000] {dag.py:3677} INFO - Setting next_dagrun for taskflow_dag to 2023-08-24T00:00:00+00:00, run_after=2023-08-25T00:00:00+00:00
[2023-08-25T09:13:46.950+0000] {processor.py:179} INFO - Processing /opt/airflow/dags/5_taskflow_api/taskflow_dag.py took 0.064 seconds
[2023-08-25T09:14:17.627+0000] {processor.py:157} INFO - Started process (PID=5357) to work on /opt/airflow/dags/5_taskflow_api/taskflow_dag.py
[2023-08-25T09:14:17.629+0000] {processor.py:829} INFO - Processing file /opt/airflow/dags/5_taskflow_api/taskflow_dag.py for tasks to queue
[2023-08-25T09:14:17.630+0000] {logging_mixin.py:151} INFO - [2023-08-25T09:14:17.629+0000] {dagbag.py:539} INFO - Filling up the DagBag from /opt/airflow/dags/5_taskflow_api/taskflow_dag.py
[2023-08-25T09:14:17.640+0000] {processor.py:839} INFO - DAG(s) dict_keys(['taskflow_dag']) retrieved from /opt/airflow/dags/5_taskflow_api/taskflow_dag.py
[2023-08-25T09:14:17.663+0000] {logging_mixin.py:151} INFO - [2023-08-25T09:14:17.663+0000] {dag.py:2907} INFO - Sync 1 DAGs
[2023-08-25T09:14:17.677+0000] {logging_mixin.py:151} INFO - [2023-08-25T09:14:17.677+0000] {dag.py:3677} INFO - Setting next_dagrun for taskflow_dag to 2023-08-24T00:00:00+00:00, run_after=2023-08-25T00:00:00+00:00
[2023-08-25T09:14:17.687+0000] {processor.py:179} INFO - Processing /opt/airflow/dags/5_taskflow_api/taskflow_dag.py took 0.063 seconds
[2023-08-25T09:14:48.460+0000] {processor.py:157} INFO - Started process (PID=5373) to work on /opt/airflow/dags/5_taskflow_api/taskflow_dag.py
[2023-08-25T09:14:48.462+0000] {processor.py:829} INFO - Processing file /opt/airflow/dags/5_taskflow_api/taskflow_dag.py for tasks to queue
[2023-08-25T09:14:48.463+0000] {logging_mixin.py:151} INFO - [2023-08-25T09:14:48.462+0000] {dagbag.py:539} INFO - Filling up the DagBag from /opt/airflow/dags/5_taskflow_api/taskflow_dag.py
[2023-08-25T09:14:48.473+0000] {processor.py:839} INFO - DAG(s) dict_keys(['taskflow_dag']) retrieved from /opt/airflow/dags/5_taskflow_api/taskflow_dag.py
[2023-08-25T09:14:48.494+0000] {logging_mixin.py:151} INFO - [2023-08-25T09:14:48.494+0000] {dag.py:2907} INFO - Sync 1 DAGs
[2023-08-25T09:14:48.507+0000] {logging_mixin.py:151} INFO - [2023-08-25T09:14:48.507+0000] {dag.py:3677} INFO - Setting next_dagrun for taskflow_dag to 2023-08-24T00:00:00+00:00, run_after=2023-08-25T00:00:00+00:00
[2023-08-25T09:14:48.516+0000] {processor.py:179} INFO - Processing /opt/airflow/dags/5_taskflow_api/taskflow_dag.py took 0.059 seconds
[2023-08-25T09:15:19.263+0000] {processor.py:157} INFO - Started process (PID=5389) to work on /opt/airflow/dags/5_taskflow_api/taskflow_dag.py
[2023-08-25T09:15:19.264+0000] {processor.py:829} INFO - Processing file /opt/airflow/dags/5_taskflow_api/taskflow_dag.py for tasks to queue
[2023-08-25T09:15:19.265+0000] {logging_mixin.py:151} INFO - [2023-08-25T09:15:19.265+0000] {dagbag.py:539} INFO - Filling up the DagBag from /opt/airflow/dags/5_taskflow_api/taskflow_dag.py
[2023-08-25T09:15:19.276+0000] {processor.py:839} INFO - DAG(s) dict_keys(['taskflow_dag']) retrieved from /opt/airflow/dags/5_taskflow_api/taskflow_dag.py
[2023-08-25T09:15:19.298+0000] {logging_mixin.py:151} INFO - [2023-08-25T09:15:19.298+0000] {dag.py:2907} INFO - Sync 1 DAGs
[2023-08-25T09:15:19.312+0000] {logging_mixin.py:151} INFO - [2023-08-25T09:15:19.312+0000] {dag.py:3677} INFO - Setting next_dagrun for taskflow_dag to 2023-08-24T00:00:00+00:00, run_after=2023-08-25T00:00:00+00:00
[2023-08-25T09:15:19.322+0000] {processor.py:179} INFO - Processing /opt/airflow/dags/5_taskflow_api/taskflow_dag.py took 0.063 seconds
[2023-08-25T09:15:50.006+0000] {processor.py:157} INFO - Started process (PID=5405) to work on /opt/airflow/dags/5_taskflow_api/taskflow_dag.py
[2023-08-25T09:15:50.007+0000] {processor.py:829} INFO - Processing file /opt/airflow/dags/5_taskflow_api/taskflow_dag.py for tasks to queue
[2023-08-25T09:15:50.008+0000] {logging_mixin.py:151} INFO - [2023-08-25T09:15:50.008+0000] {dagbag.py:539} INFO - Filling up the DagBag from /opt/airflow/dags/5_taskflow_api/taskflow_dag.py
[2023-08-25T09:15:50.018+0000] {processor.py:839} INFO - DAG(s) dict_keys(['taskflow_dag']) retrieved from /opt/airflow/dags/5_taskflow_api/taskflow_dag.py
[2023-08-25T09:15:50.042+0000] {logging_mixin.py:151} INFO - [2023-08-25T09:15:50.042+0000] {dag.py:2907} INFO - Sync 1 DAGs
[2023-08-25T09:15:50.055+0000] {logging_mixin.py:151} INFO - [2023-08-25T09:15:50.055+0000] {dag.py:3677} INFO - Setting next_dagrun for taskflow_dag to 2023-08-24T00:00:00+00:00, run_after=2023-08-25T00:00:00+00:00
[2023-08-25T09:15:50.067+0000] {processor.py:179} INFO - Processing /opt/airflow/dags/5_taskflow_api/taskflow_dag.py took 0.063 seconds
[2023-08-25T09:16:20.787+0000] {processor.py:157} INFO - Started process (PID=5427) to work on /opt/airflow/dags/5_taskflow_api/taskflow_dag.py
[2023-08-25T09:16:20.788+0000] {processor.py:829} INFO - Processing file /opt/airflow/dags/5_taskflow_api/taskflow_dag.py for tasks to queue
[2023-08-25T09:16:20.789+0000] {logging_mixin.py:151} INFO - [2023-08-25T09:16:20.789+0000] {dagbag.py:539} INFO - Filling up the DagBag from /opt/airflow/dags/5_taskflow_api/taskflow_dag.py
[2023-08-25T09:16:20.799+0000] {processor.py:839} INFO - DAG(s) dict_keys(['taskflow_dag']) retrieved from /opt/airflow/dags/5_taskflow_api/taskflow_dag.py
[2023-08-25T09:16:20.821+0000] {logging_mixin.py:151} INFO - [2023-08-25T09:16:20.821+0000] {dag.py:2907} INFO - Sync 1 DAGs
[2023-08-25T09:16:20.835+0000] {logging_mixin.py:151} INFO - [2023-08-25T09:16:20.835+0000] {dag.py:3677} INFO - Setting next_dagrun for taskflow_dag to 2023-08-24T00:00:00+00:00, run_after=2023-08-25T00:00:00+00:00
[2023-08-25T09:16:20.845+0000] {processor.py:179} INFO - Processing /opt/airflow/dags/5_taskflow_api/taskflow_dag.py took 0.061 seconds
[2023-08-25T09:16:51.561+0000] {processor.py:157} INFO - Started process (PID=5443) to work on /opt/airflow/dags/5_taskflow_api/taskflow_dag.py
[2023-08-25T09:16:51.562+0000] {processor.py:829} INFO - Processing file /opt/airflow/dags/5_taskflow_api/taskflow_dag.py for tasks to queue
[2023-08-25T09:16:51.563+0000] {logging_mixin.py:151} INFO - [2023-08-25T09:16:51.563+0000] {dagbag.py:539} INFO - Filling up the DagBag from /opt/airflow/dags/5_taskflow_api/taskflow_dag.py
[2023-08-25T09:16:51.573+0000] {processor.py:839} INFO - DAG(s) dict_keys(['taskflow_dag']) retrieved from /opt/airflow/dags/5_taskflow_api/taskflow_dag.py
[2023-08-25T09:16:51.596+0000] {logging_mixin.py:151} INFO - [2023-08-25T09:16:51.596+0000] {dag.py:2907} INFO - Sync 1 DAGs
[2023-08-25T09:16:51.608+0000] {logging_mixin.py:151} INFO - [2023-08-25T09:16:51.608+0000] {dag.py:3677} INFO - Setting next_dagrun for taskflow_dag to 2023-08-24T00:00:00+00:00, run_after=2023-08-25T00:00:00+00:00
[2023-08-25T09:16:51.618+0000] {processor.py:179} INFO - Processing /opt/airflow/dags/5_taskflow_api/taskflow_dag.py took 0.060 seconds
[2023-08-25T09:17:22.387+0000] {processor.py:157} INFO - Started process (PID=5459) to work on /opt/airflow/dags/5_taskflow_api/taskflow_dag.py
[2023-08-25T09:17:22.388+0000] {processor.py:829} INFO - Processing file /opt/airflow/dags/5_taskflow_api/taskflow_dag.py for tasks to queue
[2023-08-25T09:17:22.389+0000] {logging_mixin.py:151} INFO - [2023-08-25T09:17:22.389+0000] {dagbag.py:539} INFO - Filling up the DagBag from /opt/airflow/dags/5_taskflow_api/taskflow_dag.py
[2023-08-25T09:17:22.399+0000] {processor.py:839} INFO - DAG(s) dict_keys(['taskflow_dag']) retrieved from /opt/airflow/dags/5_taskflow_api/taskflow_dag.py
[2023-08-25T09:17:22.421+0000] {logging_mixin.py:151} INFO - [2023-08-25T09:17:22.421+0000] {dag.py:2907} INFO - Sync 1 DAGs
[2023-08-25T09:17:22.434+0000] {logging_mixin.py:151} INFO - [2023-08-25T09:17:22.434+0000] {dag.py:3677} INFO - Setting next_dagrun for taskflow_dag to 2023-08-24T00:00:00+00:00, run_after=2023-08-25T00:00:00+00:00
[2023-08-25T09:17:22.444+0000] {processor.py:179} INFO - Processing /opt/airflow/dags/5_taskflow_api/taskflow_dag.py took 0.061 seconds
[2023-08-25T09:17:53.149+0000] {processor.py:157} INFO - Started process (PID=5475) to work on /opt/airflow/dags/5_taskflow_api/taskflow_dag.py
[2023-08-25T09:17:53.150+0000] {processor.py:829} INFO - Processing file /opt/airflow/dags/5_taskflow_api/taskflow_dag.py for tasks to queue
[2023-08-25T09:17:53.151+0000] {logging_mixin.py:151} INFO - [2023-08-25T09:17:53.151+0000] {dagbag.py:539} INFO - Filling up the DagBag from /opt/airflow/dags/5_taskflow_api/taskflow_dag.py
[2023-08-25T09:17:53.160+0000] {processor.py:839} INFO - DAG(s) dict_keys(['taskflow_dag']) retrieved from /opt/airflow/dags/5_taskflow_api/taskflow_dag.py
[2023-08-25T09:17:53.181+0000] {logging_mixin.py:151} INFO - [2023-08-25T09:17:53.181+0000] {dag.py:2907} INFO - Sync 1 DAGs
[2023-08-25T09:17:53.194+0000] {logging_mixin.py:151} INFO - [2023-08-25T09:17:53.194+0000] {dag.py:3677} INFO - Setting next_dagrun for taskflow_dag to 2023-08-24T00:00:00+00:00, run_after=2023-08-25T00:00:00+00:00
[2023-08-25T09:17:53.204+0000] {processor.py:179} INFO - Processing /opt/airflow/dags/5_taskflow_api/taskflow_dag.py took 0.058 seconds
[2023-08-25T09:18:23.929+0000] {processor.py:157} INFO - Started process (PID=5491) to work on /opt/airflow/dags/5_taskflow_api/taskflow_dag.py
[2023-08-25T09:18:23.931+0000] {processor.py:829} INFO - Processing file /opt/airflow/dags/5_taskflow_api/taskflow_dag.py for tasks to queue
[2023-08-25T09:18:23.931+0000] {logging_mixin.py:151} INFO - [2023-08-25T09:18:23.931+0000] {dagbag.py:539} INFO - Filling up the DagBag from /opt/airflow/dags/5_taskflow_api/taskflow_dag.py
[2023-08-25T09:18:23.941+0000] {processor.py:839} INFO - DAG(s) dict_keys(['taskflow_dag']) retrieved from /opt/airflow/dags/5_taskflow_api/taskflow_dag.py
[2023-08-25T09:18:23.962+0000] {logging_mixin.py:151} INFO - [2023-08-25T09:18:23.962+0000] {dag.py:2907} INFO - Sync 1 DAGs
[2023-08-25T09:18:23.976+0000] {logging_mixin.py:151} INFO - [2023-08-25T09:18:23.976+0000] {dag.py:3677} INFO - Setting next_dagrun for taskflow_dag to 2023-08-24T00:00:00+00:00, run_after=2023-08-25T00:00:00+00:00
[2023-08-25T09:18:23.986+0000] {processor.py:179} INFO - Processing /opt/airflow/dags/5_taskflow_api/taskflow_dag.py took 0.060 seconds
[2023-08-25T09:18:54.792+0000] {processor.py:157} INFO - Started process (PID=5507) to work on /opt/airflow/dags/5_taskflow_api/taskflow_dag.py
[2023-08-25T09:18:54.793+0000] {processor.py:829} INFO - Processing file /opt/airflow/dags/5_taskflow_api/taskflow_dag.py for tasks to queue
[2023-08-25T09:18:54.794+0000] {logging_mixin.py:151} INFO - [2023-08-25T09:18:54.794+0000] {dagbag.py:539} INFO - Filling up the DagBag from /opt/airflow/dags/5_taskflow_api/taskflow_dag.py
[2023-08-25T09:18:54.805+0000] {processor.py:839} INFO - DAG(s) dict_keys(['taskflow_dag']) retrieved from /opt/airflow/dags/5_taskflow_api/taskflow_dag.py
[2023-08-25T09:18:54.826+0000] {logging_mixin.py:151} INFO - [2023-08-25T09:18:54.826+0000] {dag.py:2907} INFO - Sync 1 DAGs
[2023-08-25T09:18:54.839+0000] {logging_mixin.py:151} INFO - [2023-08-25T09:18:54.839+0000] {dag.py:3677} INFO - Setting next_dagrun for taskflow_dag to 2023-08-24T00:00:00+00:00, run_after=2023-08-25T00:00:00+00:00
[2023-08-25T09:18:54.849+0000] {processor.py:179} INFO - Processing /opt/airflow/dags/5_taskflow_api/taskflow_dag.py took 0.060 seconds
[2023-08-25T09:19:25.520+0000] {processor.py:157} INFO - Started process (PID=5523) to work on /opt/airflow/dags/5_taskflow_api/taskflow_dag.py
[2023-08-25T09:19:25.521+0000] {processor.py:829} INFO - Processing file /opt/airflow/dags/5_taskflow_api/taskflow_dag.py for tasks to queue
[2023-08-25T09:19:25.522+0000] {logging_mixin.py:151} INFO - [2023-08-25T09:19:25.521+0000] {dagbag.py:539} INFO - Filling up the DagBag from /opt/airflow/dags/5_taskflow_api/taskflow_dag.py
[2023-08-25T09:19:25.532+0000] {processor.py:839} INFO - DAG(s) dict_keys(['taskflow_dag']) retrieved from /opt/airflow/dags/5_taskflow_api/taskflow_dag.py
[2023-08-25T09:19:25.554+0000] {logging_mixin.py:151} INFO - [2023-08-25T09:19:25.554+0000] {dag.py:2907} INFO - Sync 1 DAGs
[2023-08-25T09:19:25.567+0000] {logging_mixin.py:151} INFO - [2023-08-25T09:19:25.567+0000] {dag.py:3677} INFO - Setting next_dagrun for taskflow_dag to 2023-08-24T00:00:00+00:00, run_after=2023-08-25T00:00:00+00:00
[2023-08-25T09:19:25.577+0000] {processor.py:179} INFO - Processing /opt/airflow/dags/5_taskflow_api/taskflow_dag.py took 0.060 seconds
[2023-08-25T09:19:56.224+0000] {processor.py:157} INFO - Started process (PID=5539) to work on /opt/airflow/dags/5_taskflow_api/taskflow_dag.py
[2023-08-25T09:19:56.225+0000] {processor.py:829} INFO - Processing file /opt/airflow/dags/5_taskflow_api/taskflow_dag.py for tasks to queue
[2023-08-25T09:19:56.226+0000] {logging_mixin.py:151} INFO - [2023-08-25T09:19:56.226+0000] {dagbag.py:539} INFO - Filling up the DagBag from /opt/airflow/dags/5_taskflow_api/taskflow_dag.py
[2023-08-25T09:19:56.236+0000] {processor.py:839} INFO - DAG(s) dict_keys(['taskflow_dag']) retrieved from /opt/airflow/dags/5_taskflow_api/taskflow_dag.py
[2023-08-25T09:19:56.257+0000] {logging_mixin.py:151} INFO - [2023-08-25T09:19:56.257+0000] {dag.py:2907} INFO - Sync 1 DAGs
[2023-08-25T09:19:56.269+0000] {logging_mixin.py:151} INFO - [2023-08-25T09:19:56.269+0000] {dag.py:3677} INFO - Setting next_dagrun for taskflow_dag to 2023-08-24T00:00:00+00:00, run_after=2023-08-25T00:00:00+00:00
[2023-08-25T09:19:56.279+0000] {processor.py:179} INFO - Processing /opt/airflow/dags/5_taskflow_api/taskflow_dag.py took 0.058 seconds
[2023-08-25T09:20:26.971+0000] {processor.py:157} INFO - Started process (PID=5555) to work on /opt/airflow/dags/5_taskflow_api/taskflow_dag.py
[2023-08-25T09:20:26.972+0000] {processor.py:829} INFO - Processing file /opt/airflow/dags/5_taskflow_api/taskflow_dag.py for tasks to queue
[2023-08-25T09:20:26.973+0000] {logging_mixin.py:151} INFO - [2023-08-25T09:20:26.973+0000] {dagbag.py:539} INFO - Filling up the DagBag from /opt/airflow/dags/5_taskflow_api/taskflow_dag.py
[2023-08-25T09:20:26.984+0000] {processor.py:839} INFO - DAG(s) dict_keys(['taskflow_dag']) retrieved from /opt/airflow/dags/5_taskflow_api/taskflow_dag.py
[2023-08-25T09:20:27.010+0000] {logging_mixin.py:151} INFO - [2023-08-25T09:20:27.010+0000] {dag.py:2907} INFO - Sync 1 DAGs
[2023-08-25T09:20:27.026+0000] {logging_mixin.py:151} INFO - [2023-08-25T09:20:27.026+0000] {dag.py:3677} INFO - Setting next_dagrun for taskflow_dag to 2023-08-24T00:00:00+00:00, run_after=2023-08-25T00:00:00+00:00
[2023-08-25T09:20:27.039+0000] {processor.py:179} INFO - Processing /opt/airflow/dags/5_taskflow_api/taskflow_dag.py took 0.071 seconds
[2023-08-25T09:20:57.722+0000] {processor.py:157} INFO - Started process (PID=5571) to work on /opt/airflow/dags/5_taskflow_api/taskflow_dag.py
[2023-08-25T09:20:57.723+0000] {processor.py:829} INFO - Processing file /opt/airflow/dags/5_taskflow_api/taskflow_dag.py for tasks to queue
[2023-08-25T09:20:57.724+0000] {logging_mixin.py:151} INFO - [2023-08-25T09:20:57.724+0000] {dagbag.py:539} INFO - Filling up the DagBag from /opt/airflow/dags/5_taskflow_api/taskflow_dag.py
[2023-08-25T09:20:57.734+0000] {processor.py:839} INFO - DAG(s) dict_keys(['taskflow_dag']) retrieved from /opt/airflow/dags/5_taskflow_api/taskflow_dag.py
[2023-08-25T09:20:57.759+0000] {logging_mixin.py:151} INFO - [2023-08-25T09:20:57.759+0000] {dag.py:2907} INFO - Sync 1 DAGs
[2023-08-25T09:20:57.773+0000] {logging_mixin.py:151} INFO - [2023-08-25T09:20:57.772+0000] {dag.py:3677} INFO - Setting next_dagrun for taskflow_dag to 2023-08-24T00:00:00+00:00, run_after=2023-08-25T00:00:00+00:00
[2023-08-25T09:20:57.783+0000] {processor.py:179} INFO - Processing /opt/airflow/dags/5_taskflow_api/taskflow_dag.py took 0.064 seconds
[2023-08-25T09:21:28.487+0000] {processor.py:157} INFO - Started process (PID=5587) to work on /opt/airflow/dags/5_taskflow_api/taskflow_dag.py
[2023-08-25T09:21:28.488+0000] {processor.py:829} INFO - Processing file /opt/airflow/dags/5_taskflow_api/taskflow_dag.py for tasks to queue
[2023-08-25T09:21:28.489+0000] {logging_mixin.py:151} INFO - [2023-08-25T09:21:28.489+0000] {dagbag.py:539} INFO - Filling up the DagBag from /opt/airflow/dags/5_taskflow_api/taskflow_dag.py
[2023-08-25T09:21:28.500+0000] {processor.py:839} INFO - DAG(s) dict_keys(['taskflow_dag']) retrieved from /opt/airflow/dags/5_taskflow_api/taskflow_dag.py
[2023-08-25T09:21:28.522+0000] {logging_mixin.py:151} INFO - [2023-08-25T09:21:28.521+0000] {dag.py:2907} INFO - Sync 1 DAGs
[2023-08-25T09:21:28.535+0000] {logging_mixin.py:151} INFO - [2023-08-25T09:21:28.534+0000] {dag.py:3677} INFO - Setting next_dagrun for taskflow_dag to 2023-08-24T00:00:00+00:00, run_after=2023-08-25T00:00:00+00:00
[2023-08-25T09:21:28.545+0000] {processor.py:179} INFO - Processing /opt/airflow/dags/5_taskflow_api/taskflow_dag.py took 0.060 seconds
[2023-08-25T09:21:59.167+0000] {processor.py:157} INFO - Started process (PID=5603) to work on /opt/airflow/dags/5_taskflow_api/taskflow_dag.py
[2023-08-25T09:21:59.168+0000] {processor.py:829} INFO - Processing file /opt/airflow/dags/5_taskflow_api/taskflow_dag.py for tasks to queue
[2023-08-25T09:21:59.169+0000] {logging_mixin.py:151} INFO - [2023-08-25T09:21:59.169+0000] {dagbag.py:539} INFO - Filling up the DagBag from /opt/airflow/dags/5_taskflow_api/taskflow_dag.py
[2023-08-25T09:21:59.179+0000] {processor.py:839} INFO - DAG(s) dict_keys(['taskflow_dag']) retrieved from /opt/airflow/dags/5_taskflow_api/taskflow_dag.py
[2023-08-25T09:21:59.201+0000] {logging_mixin.py:151} INFO - [2023-08-25T09:21:59.201+0000] {dag.py:2907} INFO - Sync 1 DAGs
[2023-08-25T09:21:59.215+0000] {logging_mixin.py:151} INFO - [2023-08-25T09:21:59.215+0000] {dag.py:3677} INFO - Setting next_dagrun for taskflow_dag to 2023-08-24T00:00:00+00:00, run_after=2023-08-25T00:00:00+00:00
[2023-08-25T09:21:59.226+0000] {processor.py:179} INFO - Processing /opt/airflow/dags/5_taskflow_api/taskflow_dag.py took 0.061 seconds
[2023-08-25T09:22:29.952+0000] {processor.py:157} INFO - Started process (PID=5618) to work on /opt/airflow/dags/5_taskflow_api/taskflow_dag.py
[2023-08-25T09:22:29.953+0000] {processor.py:829} INFO - Processing file /opt/airflow/dags/5_taskflow_api/taskflow_dag.py for tasks to queue
[2023-08-25T09:22:29.954+0000] {logging_mixin.py:151} INFO - [2023-08-25T09:22:29.954+0000] {dagbag.py:539} INFO - Filling up the DagBag from /opt/airflow/dags/5_taskflow_api/taskflow_dag.py
[2023-08-25T09:22:29.965+0000] {processor.py:839} INFO - DAG(s) dict_keys(['taskflow_dag']) retrieved from /opt/airflow/dags/5_taskflow_api/taskflow_dag.py
[2023-08-25T09:22:29.987+0000] {logging_mixin.py:151} INFO - [2023-08-25T09:22:29.987+0000] {dag.py:2907} INFO - Sync 1 DAGs
[2023-08-25T09:22:30.000+0000] {logging_mixin.py:151} INFO - [2023-08-25T09:22:30.000+0000] {dag.py:3677} INFO - Setting next_dagrun for taskflow_dag to 2023-08-24T00:00:00+00:00, run_after=2023-08-25T00:00:00+00:00
[2023-08-25T09:22:30.010+0000] {processor.py:179} INFO - Processing /opt/airflow/dags/5_taskflow_api/taskflow_dag.py took 0.061 seconds
[2023-08-25T09:23:00.697+0000] {processor.py:157} INFO - Started process (PID=5634) to work on /opt/airflow/dags/5_taskflow_api/taskflow_dag.py
[2023-08-25T09:23:00.698+0000] {processor.py:829} INFO - Processing file /opt/airflow/dags/5_taskflow_api/taskflow_dag.py for tasks to queue
[2023-08-25T09:23:00.699+0000] {logging_mixin.py:151} INFO - [2023-08-25T09:23:00.698+0000] {dagbag.py:539} INFO - Filling up the DagBag from /opt/airflow/dags/5_taskflow_api/taskflow_dag.py
[2023-08-25T09:23:00.709+0000] {processor.py:839} INFO - DAG(s) dict_keys(['taskflow_dag']) retrieved from /opt/airflow/dags/5_taskflow_api/taskflow_dag.py
[2023-08-25T09:23:00.731+0000] {logging_mixin.py:151} INFO - [2023-08-25T09:23:00.731+0000] {dag.py:2907} INFO - Sync 1 DAGs
[2023-08-25T09:23:00.743+0000] {logging_mixin.py:151} INFO - [2023-08-25T09:23:00.743+0000] {dag.py:3677} INFO - Setting next_dagrun for taskflow_dag to 2023-08-24T00:00:00+00:00, run_after=2023-08-25T00:00:00+00:00
[2023-08-25T09:23:00.753+0000] {processor.py:179} INFO - Processing /opt/airflow/dags/5_taskflow_api/taskflow_dag.py took 0.059 seconds
[2023-08-25T09:23:31.417+0000] {processor.py:157} INFO - Started process (PID=5650) to work on /opt/airflow/dags/5_taskflow_api/taskflow_dag.py
[2023-08-25T09:23:31.418+0000] {processor.py:829} INFO - Processing file /opt/airflow/dags/5_taskflow_api/taskflow_dag.py for tasks to queue
[2023-08-25T09:23:31.419+0000] {logging_mixin.py:151} INFO - [2023-08-25T09:23:31.419+0000] {dagbag.py:539} INFO - Filling up the DagBag from /opt/airflow/dags/5_taskflow_api/taskflow_dag.py
[2023-08-25T09:23:31.429+0000] {processor.py:839} INFO - DAG(s) dict_keys(['taskflow_dag']) retrieved from /opt/airflow/dags/5_taskflow_api/taskflow_dag.py
[2023-08-25T09:23:31.451+0000] {logging_mixin.py:151} INFO - [2023-08-25T09:23:31.451+0000] {dag.py:2907} INFO - Sync 1 DAGs
[2023-08-25T09:23:31.463+0000] {logging_mixin.py:151} INFO - [2023-08-25T09:23:31.463+0000] {dag.py:3677} INFO - Setting next_dagrun for taskflow_dag to 2023-08-24T00:00:00+00:00, run_after=2023-08-25T00:00:00+00:00
[2023-08-25T09:23:31.474+0000] {processor.py:179} INFO - Processing /opt/airflow/dags/5_taskflow_api/taskflow_dag.py took 0.061 seconds
[2023-08-25T09:24:02.218+0000] {processor.py:157} INFO - Started process (PID=5666) to work on /opt/airflow/dags/5_taskflow_api/taskflow_dag.py
[2023-08-25T09:24:02.219+0000] {processor.py:829} INFO - Processing file /opt/airflow/dags/5_taskflow_api/taskflow_dag.py for tasks to queue
[2023-08-25T09:24:02.220+0000] {logging_mixin.py:151} INFO - [2023-08-25T09:24:02.220+0000] {dagbag.py:539} INFO - Filling up the DagBag from /opt/airflow/dags/5_taskflow_api/taskflow_dag.py
[2023-08-25T09:24:02.230+0000] {processor.py:839} INFO - DAG(s) dict_keys(['taskflow_dag']) retrieved from /opt/airflow/dags/5_taskflow_api/taskflow_dag.py
[2023-08-25T09:24:02.252+0000] {logging_mixin.py:151} INFO - [2023-08-25T09:24:02.252+0000] {dag.py:2907} INFO - Sync 1 DAGs
[2023-08-25T09:24:02.265+0000] {logging_mixin.py:151} INFO - [2023-08-25T09:24:02.264+0000] {dag.py:3677} INFO - Setting next_dagrun for taskflow_dag to 2023-08-24T00:00:00+00:00, run_after=2023-08-25T00:00:00+00:00
[2023-08-25T09:24:02.275+0000] {processor.py:179} INFO - Processing /opt/airflow/dags/5_taskflow_api/taskflow_dag.py took 0.059 seconds
[2023-08-25T09:24:32.986+0000] {processor.py:157} INFO - Started process (PID=5682) to work on /opt/airflow/dags/5_taskflow_api/taskflow_dag.py
[2023-08-25T09:24:32.987+0000] {processor.py:829} INFO - Processing file /opt/airflow/dags/5_taskflow_api/taskflow_dag.py for tasks to queue
[2023-08-25T09:24:32.988+0000] {logging_mixin.py:151} INFO - [2023-08-25T09:24:32.988+0000] {dagbag.py:539} INFO - Filling up the DagBag from /opt/airflow/dags/5_taskflow_api/taskflow_dag.py
[2023-08-25T09:24:32.999+0000] {processor.py:839} INFO - DAG(s) dict_keys(['taskflow_dag']) retrieved from /opt/airflow/dags/5_taskflow_api/taskflow_dag.py
[2023-08-25T09:24:33.022+0000] {logging_mixin.py:151} INFO - [2023-08-25T09:24:33.022+0000] {dag.py:2907} INFO - Sync 1 DAGs
[2023-08-25T09:24:33.035+0000] {logging_mixin.py:151} INFO - [2023-08-25T09:24:33.035+0000] {dag.py:3677} INFO - Setting next_dagrun for taskflow_dag to 2023-08-24T00:00:00+00:00, run_after=2023-08-25T00:00:00+00:00
[2023-08-25T09:24:33.045+0000] {processor.py:179} INFO - Processing /opt/airflow/dags/5_taskflow_api/taskflow_dag.py took 0.063 seconds
[2023-08-25T09:25:03.762+0000] {processor.py:157} INFO - Started process (PID=5698) to work on /opt/airflow/dags/5_taskflow_api/taskflow_dag.py
[2023-08-25T09:25:03.763+0000] {processor.py:829} INFO - Processing file /opt/airflow/dags/5_taskflow_api/taskflow_dag.py for tasks to queue
[2023-08-25T09:25:03.764+0000] {logging_mixin.py:151} INFO - [2023-08-25T09:25:03.764+0000] {dagbag.py:539} INFO - Filling up the DagBag from /opt/airflow/dags/5_taskflow_api/taskflow_dag.py
[2023-08-25T09:25:03.778+0000] {processor.py:839} INFO - DAG(s) dict_keys(['taskflow_dag']) retrieved from /opt/airflow/dags/5_taskflow_api/taskflow_dag.py
[2023-08-25T09:25:03.809+0000] {logging_mixin.py:151} INFO - [2023-08-25T09:25:03.809+0000] {dag.py:2907} INFO - Sync 1 DAGs
[2023-08-25T09:25:03.825+0000] {logging_mixin.py:151} INFO - [2023-08-25T09:25:03.825+0000] {dag.py:3677} INFO - Setting next_dagrun for taskflow_dag to 2023-08-24T00:00:00+00:00, run_after=2023-08-25T00:00:00+00:00
[2023-08-25T09:25:03.841+0000] {processor.py:179} INFO - Processing /opt/airflow/dags/5_taskflow_api/taskflow_dag.py took 0.083 seconds
[2023-08-25T09:25:34.606+0000] {processor.py:157} INFO - Started process (PID=5714) to work on /opt/airflow/dags/5_taskflow_api/taskflow_dag.py
[2023-08-25T09:25:34.607+0000] {processor.py:829} INFO - Processing file /opt/airflow/dags/5_taskflow_api/taskflow_dag.py for tasks to queue
[2023-08-25T09:25:34.608+0000] {logging_mixin.py:151} INFO - [2023-08-25T09:25:34.608+0000] {dagbag.py:539} INFO - Filling up the DagBag from /opt/airflow/dags/5_taskflow_api/taskflow_dag.py
[2023-08-25T09:25:34.619+0000] {processor.py:839} INFO - DAG(s) dict_keys(['taskflow_dag']) retrieved from /opt/airflow/dags/5_taskflow_api/taskflow_dag.py
[2023-08-25T09:25:34.643+0000] {logging_mixin.py:151} INFO - [2023-08-25T09:25:34.643+0000] {dag.py:2907} INFO - Sync 1 DAGs
[2023-08-25T09:25:34.656+0000] {logging_mixin.py:151} INFO - [2023-08-25T09:25:34.656+0000] {dag.py:3677} INFO - Setting next_dagrun for taskflow_dag to 2023-08-24T00:00:00+00:00, run_after=2023-08-25T00:00:00+00:00
[2023-08-25T09:25:34.666+0000] {processor.py:179} INFO - Processing /opt/airflow/dags/5_taskflow_api/taskflow_dag.py took 0.064 seconds
[2023-08-25T09:26:05.343+0000] {processor.py:157} INFO - Started process (PID=5730) to work on /opt/airflow/dags/5_taskflow_api/taskflow_dag.py
[2023-08-25T09:26:05.344+0000] {processor.py:829} INFO - Processing file /opt/airflow/dags/5_taskflow_api/taskflow_dag.py for tasks to queue
[2023-08-25T09:26:05.345+0000] {logging_mixin.py:151} INFO - [2023-08-25T09:26:05.345+0000] {dagbag.py:539} INFO - Filling up the DagBag from /opt/airflow/dags/5_taskflow_api/taskflow_dag.py
[2023-08-25T09:26:05.356+0000] {processor.py:839} INFO - DAG(s) dict_keys(['taskflow_dag']) retrieved from /opt/airflow/dags/5_taskflow_api/taskflow_dag.py
[2023-08-25T09:26:05.378+0000] {logging_mixin.py:151} INFO - [2023-08-25T09:26:05.378+0000] {dag.py:2907} INFO - Sync 1 DAGs
[2023-08-25T09:26:05.392+0000] {logging_mixin.py:151} INFO - [2023-08-25T09:26:05.392+0000] {dag.py:3677} INFO - Setting next_dagrun for taskflow_dag to 2023-08-24T00:00:00+00:00, run_after=2023-08-25T00:00:00+00:00
[2023-08-25T09:26:05.405+0000] {processor.py:179} INFO - Processing /opt/airflow/dags/5_taskflow_api/taskflow_dag.py took 0.065 seconds
[2023-08-25T09:26:36.115+0000] {processor.py:157} INFO - Started process (PID=5746) to work on /opt/airflow/dags/5_taskflow_api/taskflow_dag.py
[2023-08-25T09:26:36.117+0000] {processor.py:829} INFO - Processing file /opt/airflow/dags/5_taskflow_api/taskflow_dag.py for tasks to queue
[2023-08-25T09:26:36.118+0000] {logging_mixin.py:151} INFO - [2023-08-25T09:26:36.117+0000] {dagbag.py:539} INFO - Filling up the DagBag from /opt/airflow/dags/5_taskflow_api/taskflow_dag.py
[2023-08-25T09:26:36.128+0000] {processor.py:839} INFO - DAG(s) dict_keys(['taskflow_dag']) retrieved from /opt/airflow/dags/5_taskflow_api/taskflow_dag.py
[2023-08-25T09:26:36.149+0000] {logging_mixin.py:151} INFO - [2023-08-25T09:26:36.149+0000] {dag.py:2907} INFO - Sync 1 DAGs
[2023-08-25T09:26:36.162+0000] {logging_mixin.py:151} INFO - [2023-08-25T09:26:36.162+0000] {dag.py:3677} INFO - Setting next_dagrun for taskflow_dag to 2023-08-24T00:00:00+00:00, run_after=2023-08-25T00:00:00+00:00
[2023-08-25T09:26:36.172+0000] {processor.py:179} INFO - Processing /opt/airflow/dags/5_taskflow_api/taskflow_dag.py took 0.060 seconds
[2023-08-25T09:27:06.965+0000] {processor.py:157} INFO - Started process (PID=5762) to work on /opt/airflow/dags/5_taskflow_api/taskflow_dag.py
[2023-08-25T09:27:06.966+0000] {processor.py:829} INFO - Processing file /opt/airflow/dags/5_taskflow_api/taskflow_dag.py for tasks to queue
[2023-08-25T09:27:06.967+0000] {logging_mixin.py:151} INFO - [2023-08-25T09:27:06.967+0000] {dagbag.py:539} INFO - Filling up the DagBag from /opt/airflow/dags/5_taskflow_api/taskflow_dag.py
[2023-08-25T09:27:06.978+0000] {processor.py:839} INFO - DAG(s) dict_keys(['taskflow_dag']) retrieved from /opt/airflow/dags/5_taskflow_api/taskflow_dag.py
[2023-08-25T09:27:07.005+0000] {logging_mixin.py:151} INFO - [2023-08-25T09:27:07.005+0000] {dag.py:2907} INFO - Sync 1 DAGs
[2023-08-25T09:27:07.021+0000] {logging_mixin.py:151} INFO - [2023-08-25T09:27:07.021+0000] {dag.py:3677} INFO - Setting next_dagrun for taskflow_dag to 2023-08-24T00:00:00+00:00, run_after=2023-08-25T00:00:00+00:00
[2023-08-25T09:27:07.031+0000] {processor.py:179} INFO - Processing /opt/airflow/dags/5_taskflow_api/taskflow_dag.py took 0.070 seconds
[2023-08-25T09:27:37.883+0000] {processor.py:157} INFO - Started process (PID=5777) to work on /opt/airflow/dags/5_taskflow_api/taskflow_dag.py
[2023-08-25T09:27:37.884+0000] {processor.py:829} INFO - Processing file /opt/airflow/dags/5_taskflow_api/taskflow_dag.py for tasks to queue
[2023-08-25T09:27:37.885+0000] {logging_mixin.py:151} INFO - [2023-08-25T09:27:37.885+0000] {dagbag.py:539} INFO - Filling up the DagBag from /opt/airflow/dags/5_taskflow_api/taskflow_dag.py
[2023-08-25T09:27:37.897+0000] {processor.py:839} INFO - DAG(s) dict_keys(['taskflow_dag']) retrieved from /opt/airflow/dags/5_taskflow_api/taskflow_dag.py
[2023-08-25T09:27:37.920+0000] {logging_mixin.py:151} INFO - [2023-08-25T09:27:37.920+0000] {dag.py:2907} INFO - Sync 1 DAGs
[2023-08-25T09:27:37.933+0000] {logging_mixin.py:151} INFO - [2023-08-25T09:27:37.933+0000] {dag.py:3677} INFO - Setting next_dagrun for taskflow_dag to 2023-08-24T00:00:00+00:00, run_after=2023-08-25T00:00:00+00:00
[2023-08-25T09:27:37.944+0000] {processor.py:179} INFO - Processing /opt/airflow/dags/5_taskflow_api/taskflow_dag.py took 0.064 seconds
[2023-08-25T09:28:08.637+0000] {processor.py:157} INFO - Started process (PID=5793) to work on /opt/airflow/dags/5_taskflow_api/taskflow_dag.py
[2023-08-25T09:28:08.638+0000] {processor.py:829} INFO - Processing file /opt/airflow/dags/5_taskflow_api/taskflow_dag.py for tasks to queue
[2023-08-25T09:28:08.639+0000] {logging_mixin.py:151} INFO - [2023-08-25T09:28:08.639+0000] {dagbag.py:539} INFO - Filling up the DagBag from /opt/airflow/dags/5_taskflow_api/taskflow_dag.py
[2023-08-25T09:28:08.651+0000] {processor.py:839} INFO - DAG(s) dict_keys(['taskflow_dag']) retrieved from /opt/airflow/dags/5_taskflow_api/taskflow_dag.py
[2023-08-25T09:28:08.675+0000] {logging_mixin.py:151} INFO - [2023-08-25T09:28:08.675+0000] {dag.py:2907} INFO - Sync 1 DAGs
[2023-08-25T09:28:08.691+0000] {logging_mixin.py:151} INFO - [2023-08-25T09:28:08.690+0000] {dag.py:3677} INFO - Setting next_dagrun for taskflow_dag to 2023-08-24T00:00:00+00:00, run_after=2023-08-25T00:00:00+00:00
[2023-08-25T09:28:08.704+0000] {processor.py:179} INFO - Processing /opt/airflow/dags/5_taskflow_api/taskflow_dag.py took 0.070 seconds
[2023-08-25T09:28:39.409+0000] {processor.py:157} INFO - Started process (PID=5809) to work on /opt/airflow/dags/5_taskflow_api/taskflow_dag.py
[2023-08-25T09:28:39.410+0000] {processor.py:829} INFO - Processing file /opt/airflow/dags/5_taskflow_api/taskflow_dag.py for tasks to queue
[2023-08-25T09:28:39.411+0000] {logging_mixin.py:151} INFO - [2023-08-25T09:28:39.411+0000] {dagbag.py:539} INFO - Filling up the DagBag from /opt/airflow/dags/5_taskflow_api/taskflow_dag.py
[2023-08-25T09:28:39.422+0000] {processor.py:839} INFO - DAG(s) dict_keys(['taskflow_dag']) retrieved from /opt/airflow/dags/5_taskflow_api/taskflow_dag.py
[2023-08-25T09:28:39.444+0000] {logging_mixin.py:151} INFO - [2023-08-25T09:28:39.444+0000] {dag.py:2907} INFO - Sync 1 DAGs
[2023-08-25T09:28:39.458+0000] {logging_mixin.py:151} INFO - [2023-08-25T09:28:39.458+0000] {dag.py:3677} INFO - Setting next_dagrun for taskflow_dag to 2023-08-24T00:00:00+00:00, run_after=2023-08-25T00:00:00+00:00
[2023-08-25T09:28:39.468+0000] {processor.py:179} INFO - Processing /opt/airflow/dags/5_taskflow_api/taskflow_dag.py took 0.062 seconds
[2023-08-25T09:29:10.191+0000] {processor.py:157} INFO - Started process (PID=5825) to work on /opt/airflow/dags/5_taskflow_api/taskflow_dag.py
[2023-08-25T09:29:10.192+0000] {processor.py:829} INFO - Processing file /opt/airflow/dags/5_taskflow_api/taskflow_dag.py for tasks to queue
[2023-08-25T09:29:10.193+0000] {logging_mixin.py:151} INFO - [2023-08-25T09:29:10.193+0000] {dagbag.py:539} INFO - Filling up the DagBag from /opt/airflow/dags/5_taskflow_api/taskflow_dag.py
[2023-08-25T09:29:10.205+0000] {processor.py:839} INFO - DAG(s) dict_keys(['taskflow_dag']) retrieved from /opt/airflow/dags/5_taskflow_api/taskflow_dag.py
[2023-08-25T09:29:10.227+0000] {logging_mixin.py:151} INFO - [2023-08-25T09:29:10.226+0000] {dag.py:2907} INFO - Sync 1 DAGs
[2023-08-25T09:29:10.241+0000] {logging_mixin.py:151} INFO - [2023-08-25T09:29:10.241+0000] {dag.py:3677} INFO - Setting next_dagrun for taskflow_dag to 2023-08-24T00:00:00+00:00, run_after=2023-08-25T00:00:00+00:00
[2023-08-25T09:29:10.250+0000] {processor.py:179} INFO - Processing /opt/airflow/dags/5_taskflow_api/taskflow_dag.py took 0.062 seconds
[2023-08-25T09:29:40.989+0000] {processor.py:157} INFO - Started process (PID=5841) to work on /opt/airflow/dags/5_taskflow_api/taskflow_dag.py
[2023-08-25T09:29:40.990+0000] {processor.py:829} INFO - Processing file /opt/airflow/dags/5_taskflow_api/taskflow_dag.py for tasks to queue
[2023-08-25T09:29:40.991+0000] {logging_mixin.py:151} INFO - [2023-08-25T09:29:40.991+0000] {dagbag.py:539} INFO - Filling up the DagBag from /opt/airflow/dags/5_taskflow_api/taskflow_dag.py
[2023-08-25T09:29:41.001+0000] {processor.py:839} INFO - DAG(s) dict_keys(['taskflow_dag']) retrieved from /opt/airflow/dags/5_taskflow_api/taskflow_dag.py
[2023-08-25T09:29:41.023+0000] {logging_mixin.py:151} INFO - [2023-08-25T09:29:41.023+0000] {dag.py:2907} INFO - Sync 1 DAGs
[2023-08-25T09:29:41.037+0000] {logging_mixin.py:151} INFO - [2023-08-25T09:29:41.037+0000] {dag.py:3677} INFO - Setting next_dagrun for taskflow_dag to 2023-08-24T00:00:00+00:00, run_after=2023-08-25T00:00:00+00:00
[2023-08-25T09:29:41.046+0000] {processor.py:179} INFO - Processing /opt/airflow/dags/5_taskflow_api/taskflow_dag.py took 0.060 seconds
[2023-08-25T09:30:11.753+0000] {processor.py:157} INFO - Started process (PID=5857) to work on /opt/airflow/dags/5_taskflow_api/taskflow_dag.py
[2023-08-25T09:30:11.755+0000] {processor.py:829} INFO - Processing file /opt/airflow/dags/5_taskflow_api/taskflow_dag.py for tasks to queue
[2023-08-25T09:30:11.755+0000] {logging_mixin.py:151} INFO - [2023-08-25T09:30:11.755+0000] {dagbag.py:539} INFO - Filling up the DagBag from /opt/airflow/dags/5_taskflow_api/taskflow_dag.py
[2023-08-25T09:30:11.767+0000] {processor.py:839} INFO - DAG(s) dict_keys(['taskflow_dag']) retrieved from /opt/airflow/dags/5_taskflow_api/taskflow_dag.py
[2023-08-25T09:30:11.789+0000] {logging_mixin.py:151} INFO - [2023-08-25T09:30:11.789+0000] {dag.py:2907} INFO - Sync 1 DAGs
[2023-08-25T09:30:11.802+0000] {logging_mixin.py:151} INFO - [2023-08-25T09:30:11.802+0000] {dag.py:3677} INFO - Setting next_dagrun for taskflow_dag to 2023-08-24T00:00:00+00:00, run_after=2023-08-25T00:00:00+00:00
[2023-08-25T09:30:11.812+0000] {processor.py:179} INFO - Processing /opt/airflow/dags/5_taskflow_api/taskflow_dag.py took 0.062 seconds
[2023-08-25T09:30:42.585+0000] {processor.py:157} INFO - Started process (PID=5873) to work on /opt/airflow/dags/5_taskflow_api/taskflow_dag.py
[2023-08-25T09:30:42.586+0000] {processor.py:829} INFO - Processing file /opt/airflow/dags/5_taskflow_api/taskflow_dag.py for tasks to queue
[2023-08-25T09:30:42.587+0000] {logging_mixin.py:151} INFO - [2023-08-25T09:30:42.587+0000] {dagbag.py:539} INFO - Filling up the DagBag from /opt/airflow/dags/5_taskflow_api/taskflow_dag.py
[2023-08-25T09:30:42.598+0000] {processor.py:839} INFO - DAG(s) dict_keys(['taskflow_dag']) retrieved from /opt/airflow/dags/5_taskflow_api/taskflow_dag.py
[2023-08-25T09:30:42.619+0000] {logging_mixin.py:151} INFO - [2023-08-25T09:30:42.619+0000] {dag.py:2907} INFO - Sync 1 DAGs
[2023-08-25T09:30:42.632+0000] {logging_mixin.py:151} INFO - [2023-08-25T09:30:42.632+0000] {dag.py:3677} INFO - Setting next_dagrun for taskflow_dag to 2023-08-24T00:00:00+00:00, run_after=2023-08-25T00:00:00+00:00
[2023-08-25T09:30:42.642+0000] {processor.py:179} INFO - Processing /opt/airflow/dags/5_taskflow_api/taskflow_dag.py took 0.060 seconds
[2023-08-25T09:31:13.325+0000] {processor.py:157} INFO - Started process (PID=5889) to work on /opt/airflow/dags/5_taskflow_api/taskflow_dag.py
[2023-08-25T09:31:13.326+0000] {processor.py:829} INFO - Processing file /opt/airflow/dags/5_taskflow_api/taskflow_dag.py for tasks to queue
[2023-08-25T09:31:13.327+0000] {logging_mixin.py:151} INFO - [2023-08-25T09:31:13.326+0000] {dagbag.py:539} INFO - Filling up the DagBag from /opt/airflow/dags/5_taskflow_api/taskflow_dag.py
[2023-08-25T09:31:13.338+0000] {processor.py:839} INFO - DAG(s) dict_keys(['taskflow_dag']) retrieved from /opt/airflow/dags/5_taskflow_api/taskflow_dag.py
[2023-08-25T09:31:13.360+0000] {logging_mixin.py:151} INFO - [2023-08-25T09:31:13.359+0000] {dag.py:2907} INFO - Sync 1 DAGs
[2023-08-25T09:31:13.373+0000] {logging_mixin.py:151} INFO - [2023-08-25T09:31:13.372+0000] {dag.py:3677} INFO - Setting next_dagrun for taskflow_dag to 2023-08-24T00:00:00+00:00, run_after=2023-08-25T00:00:00+00:00
[2023-08-25T09:31:13.383+0000] {processor.py:179} INFO - Processing /opt/airflow/dags/5_taskflow_api/taskflow_dag.py took 0.061 seconds
[2023-08-25T09:31:44.082+0000] {processor.py:157} INFO - Started process (PID=5905) to work on /opt/airflow/dags/5_taskflow_api/taskflow_dag.py
[2023-08-25T09:31:44.083+0000] {processor.py:829} INFO - Processing file /opt/airflow/dags/5_taskflow_api/taskflow_dag.py for tasks to queue
[2023-08-25T09:31:44.084+0000] {logging_mixin.py:151} INFO - [2023-08-25T09:31:44.084+0000] {dagbag.py:539} INFO - Filling up the DagBag from /opt/airflow/dags/5_taskflow_api/taskflow_dag.py
[2023-08-25T09:31:44.094+0000] {processor.py:839} INFO - DAG(s) dict_keys(['taskflow_dag']) retrieved from /opt/airflow/dags/5_taskflow_api/taskflow_dag.py
[2023-08-25T09:31:44.117+0000] {logging_mixin.py:151} INFO - [2023-08-25T09:31:44.117+0000] {dag.py:2907} INFO - Sync 1 DAGs
[2023-08-25T09:31:44.129+0000] {logging_mixin.py:151} INFO - [2023-08-25T09:31:44.129+0000] {dag.py:3677} INFO - Setting next_dagrun for taskflow_dag to 2023-08-24T00:00:00+00:00, run_after=2023-08-25T00:00:00+00:00
[2023-08-25T09:31:44.139+0000] {processor.py:179} INFO - Processing /opt/airflow/dags/5_taskflow_api/taskflow_dag.py took 0.060 seconds
[2023-08-25T09:32:14.840+0000] {processor.py:157} INFO - Started process (PID=5921) to work on /opt/airflow/dags/5_taskflow_api/taskflow_dag.py
[2023-08-25T09:32:14.841+0000] {processor.py:829} INFO - Processing file /opt/airflow/dags/5_taskflow_api/taskflow_dag.py for tasks to queue
[2023-08-25T09:32:14.842+0000] {logging_mixin.py:151} INFO - [2023-08-25T09:32:14.842+0000] {dagbag.py:539} INFO - Filling up the DagBag from /opt/airflow/dags/5_taskflow_api/taskflow_dag.py
[2023-08-25T09:32:14.853+0000] {processor.py:839} INFO - DAG(s) dict_keys(['taskflow_dag']) retrieved from /opt/airflow/dags/5_taskflow_api/taskflow_dag.py
[2023-08-25T09:32:14.878+0000] {logging_mixin.py:151} INFO - [2023-08-25T09:32:14.878+0000] {dag.py:2907} INFO - Sync 1 DAGs
[2023-08-25T09:32:14.895+0000] {logging_mixin.py:151} INFO - [2023-08-25T09:32:14.895+0000] {dag.py:3677} INFO - Setting next_dagrun for taskflow_dag to 2023-08-24T00:00:00+00:00, run_after=2023-08-25T00:00:00+00:00
[2023-08-25T09:32:14.907+0000] {processor.py:179} INFO - Processing /opt/airflow/dags/5_taskflow_api/taskflow_dag.py took 0.070 seconds
[2023-08-25T09:32:45.614+0000] {processor.py:157} INFO - Started process (PID=5937) to work on /opt/airflow/dags/5_taskflow_api/taskflow_dag.py
[2023-08-25T09:32:45.615+0000] {processor.py:829} INFO - Processing file /opt/airflow/dags/5_taskflow_api/taskflow_dag.py for tasks to queue
[2023-08-25T09:32:45.616+0000] {logging_mixin.py:151} INFO - [2023-08-25T09:32:45.616+0000] {dagbag.py:539} INFO - Filling up the DagBag from /opt/airflow/dags/5_taskflow_api/taskflow_dag.py
[2023-08-25T09:32:45.626+0000] {processor.py:839} INFO - DAG(s) dict_keys(['taskflow_dag']) retrieved from /opt/airflow/dags/5_taskflow_api/taskflow_dag.py
[2023-08-25T09:32:45.649+0000] {logging_mixin.py:151} INFO - [2023-08-25T09:32:45.648+0000] {dag.py:2907} INFO - Sync 1 DAGs
[2023-08-25T09:32:45.663+0000] {logging_mixin.py:151} INFO - [2023-08-25T09:32:45.663+0000] {dag.py:3677} INFO - Setting next_dagrun for taskflow_dag to 2023-08-24T00:00:00+00:00, run_after=2023-08-25T00:00:00+00:00
[2023-08-25T09:32:45.673+0000] {processor.py:179} INFO - Processing /opt/airflow/dags/5_taskflow_api/taskflow_dag.py took 0.062 seconds
[2023-08-25T09:33:16.380+0000] {processor.py:157} INFO - Started process (PID=5953) to work on /opt/airflow/dags/5_taskflow_api/taskflow_dag.py
[2023-08-25T09:33:16.382+0000] {processor.py:829} INFO - Processing file /opt/airflow/dags/5_taskflow_api/taskflow_dag.py for tasks to queue
[2023-08-25T09:33:16.383+0000] {logging_mixin.py:151} INFO - [2023-08-25T09:33:16.383+0000] {dagbag.py:539} INFO - Filling up the DagBag from /opt/airflow/dags/5_taskflow_api/taskflow_dag.py
[2023-08-25T09:33:16.396+0000] {processor.py:839} INFO - DAG(s) dict_keys(['taskflow_dag']) retrieved from /opt/airflow/dags/5_taskflow_api/taskflow_dag.py
[2023-08-25T09:33:16.421+0000] {logging_mixin.py:151} INFO - [2023-08-25T09:33:16.421+0000] {dag.py:2907} INFO - Sync 1 DAGs
[2023-08-25T09:33:16.436+0000] {logging_mixin.py:151} INFO - [2023-08-25T09:33:16.435+0000] {dag.py:3677} INFO - Setting next_dagrun for taskflow_dag to 2023-08-24T00:00:00+00:00, run_after=2023-08-25T00:00:00+00:00
[2023-08-25T09:33:16.450+0000] {processor.py:179} INFO - Processing /opt/airflow/dags/5_taskflow_api/taskflow_dag.py took 0.073 seconds
[2023-08-25T09:33:47.135+0000] {processor.py:157} INFO - Started process (PID=5980) to work on /opt/airflow/dags/5_taskflow_api/taskflow_dag.py
[2023-08-25T09:33:47.136+0000] {processor.py:829} INFO - Processing file /opt/airflow/dags/5_taskflow_api/taskflow_dag.py for tasks to queue
[2023-08-25T09:33:47.137+0000] {logging_mixin.py:151} INFO - [2023-08-25T09:33:47.137+0000] {dagbag.py:539} INFO - Filling up the DagBag from /opt/airflow/dags/5_taskflow_api/taskflow_dag.py
[2023-08-25T09:33:47.149+0000] {processor.py:839} INFO - DAG(s) dict_keys(['taskflow_dag']) retrieved from /opt/airflow/dags/5_taskflow_api/taskflow_dag.py
[2023-08-25T09:33:47.171+0000] {logging_mixin.py:151} INFO - [2023-08-25T09:33:47.171+0000] {dag.py:2907} INFO - Sync 1 DAGs
[2023-08-25T09:33:47.185+0000] {logging_mixin.py:151} INFO - [2023-08-25T09:33:47.184+0000] {dag.py:3677} INFO - Setting next_dagrun for taskflow_dag to 2023-08-24T00:00:00+00:00, run_after=2023-08-25T00:00:00+00:00
[2023-08-25T09:33:47.196+0000] {processor.py:179} INFO - Processing /opt/airflow/dags/5_taskflow_api/taskflow_dag.py took 0.064 seconds
[2023-08-25T09:34:17.948+0000] {processor.py:157} INFO - Started process (PID=5996) to work on /opt/airflow/dags/5_taskflow_api/taskflow_dag.py
[2023-08-25T09:34:17.949+0000] {processor.py:829} INFO - Processing file /opt/airflow/dags/5_taskflow_api/taskflow_dag.py for tasks to queue
[2023-08-25T09:34:17.950+0000] {logging_mixin.py:151} INFO - [2023-08-25T09:34:17.950+0000] {dagbag.py:539} INFO - Filling up the DagBag from /opt/airflow/dags/5_taskflow_api/taskflow_dag.py
[2023-08-25T09:34:17.960+0000] {processor.py:839} INFO - DAG(s) dict_keys(['taskflow_dag']) retrieved from /opt/airflow/dags/5_taskflow_api/taskflow_dag.py
[2023-08-25T09:34:17.982+0000] {logging_mixin.py:151} INFO - [2023-08-25T09:34:17.982+0000] {dag.py:2907} INFO - Sync 1 DAGs
[2023-08-25T09:34:17.995+0000] {logging_mixin.py:151} INFO - [2023-08-25T09:34:17.995+0000] {dag.py:3677} INFO - Setting next_dagrun for taskflow_dag to 2023-08-24T00:00:00+00:00, run_after=2023-08-25T00:00:00+00:00
[2023-08-25T09:34:18.005+0000] {processor.py:179} INFO - Processing /opt/airflow/dags/5_taskflow_api/taskflow_dag.py took 0.059 seconds
[2023-08-25T09:34:48.696+0000] {processor.py:157} INFO - Started process (PID=6012) to work on /opt/airflow/dags/5_taskflow_api/taskflow_dag.py
[2023-08-25T09:34:48.697+0000] {processor.py:829} INFO - Processing file /opt/airflow/dags/5_taskflow_api/taskflow_dag.py for tasks to queue
[2023-08-25T09:34:48.698+0000] {logging_mixin.py:151} INFO - [2023-08-25T09:34:48.698+0000] {dagbag.py:539} INFO - Filling up the DagBag from /opt/airflow/dags/5_taskflow_api/taskflow_dag.py
[2023-08-25T09:34:48.711+0000] {processor.py:839} INFO - DAG(s) dict_keys(['taskflow_dag']) retrieved from /opt/airflow/dags/5_taskflow_api/taskflow_dag.py
[2023-08-25T09:34:48.734+0000] {logging_mixin.py:151} INFO - [2023-08-25T09:34:48.734+0000] {dag.py:2907} INFO - Sync 1 DAGs
[2023-08-25T09:34:48.750+0000] {logging_mixin.py:151} INFO - [2023-08-25T09:34:48.750+0000] {dag.py:3677} INFO - Setting next_dagrun for taskflow_dag to 2023-08-24T00:00:00+00:00, run_after=2023-08-25T00:00:00+00:00
[2023-08-25T09:34:48.775+0000] {processor.py:179} INFO - Processing /opt/airflow/dags/5_taskflow_api/taskflow_dag.py took 0.082 seconds
[2023-08-25T09:35:19.524+0000] {processor.py:157} INFO - Started process (PID=6028) to work on /opt/airflow/dags/5_taskflow_api/taskflow_dag.py
[2023-08-25T09:35:19.526+0000] {processor.py:829} INFO - Processing file /opt/airflow/dags/5_taskflow_api/taskflow_dag.py for tasks to queue
[2023-08-25T09:35:19.527+0000] {logging_mixin.py:151} INFO - [2023-08-25T09:35:19.527+0000] {dagbag.py:539} INFO - Filling up the DagBag from /opt/airflow/dags/5_taskflow_api/taskflow_dag.py
[2023-08-25T09:35:19.537+0000] {processor.py:839} INFO - DAG(s) dict_keys(['taskflow_dag']) retrieved from /opt/airflow/dags/5_taskflow_api/taskflow_dag.py
[2023-08-25T09:35:19.559+0000] {logging_mixin.py:151} INFO - [2023-08-25T09:35:19.559+0000] {dag.py:2907} INFO - Sync 1 DAGs
[2023-08-25T09:35:19.572+0000] {logging_mixin.py:151} INFO - [2023-08-25T09:35:19.572+0000] {dag.py:3677} INFO - Setting next_dagrun for taskflow_dag to 2023-08-24T00:00:00+00:00, run_after=2023-08-25T00:00:00+00:00
[2023-08-25T09:35:19.581+0000] {processor.py:179} INFO - Processing /opt/airflow/dags/5_taskflow_api/taskflow_dag.py took 0.060 seconds
[2023-08-25T09:35:50.220+0000] {processor.py:157} INFO - Started process (PID=6044) to work on /opt/airflow/dags/5_taskflow_api/taskflow_dag.py
[2023-08-25T09:35:50.222+0000] {processor.py:829} INFO - Processing file /opt/airflow/dags/5_taskflow_api/taskflow_dag.py for tasks to queue
[2023-08-25T09:35:50.223+0000] {logging_mixin.py:151} INFO - [2023-08-25T09:35:50.222+0000] {dagbag.py:539} INFO - Filling up the DagBag from /opt/airflow/dags/5_taskflow_api/taskflow_dag.py
[2023-08-25T09:35:50.233+0000] {processor.py:839} INFO - DAG(s) dict_keys(['taskflow_dag']) retrieved from /opt/airflow/dags/5_taskflow_api/taskflow_dag.py
[2023-08-25T09:35:50.255+0000] {logging_mixin.py:151} INFO - [2023-08-25T09:35:50.255+0000] {dag.py:2907} INFO - Sync 1 DAGs
[2023-08-25T09:35:50.268+0000] {logging_mixin.py:151} INFO - [2023-08-25T09:35:50.267+0000] {dag.py:3677} INFO - Setting next_dagrun for taskflow_dag to 2023-08-24T00:00:00+00:00, run_after=2023-08-25T00:00:00+00:00
[2023-08-25T09:35:50.278+0000] {processor.py:179} INFO - Processing /opt/airflow/dags/5_taskflow_api/taskflow_dag.py took 0.061 seconds
[2023-08-25T09:36:20.982+0000] {processor.py:157} INFO - Started process (PID=6060) to work on /opt/airflow/dags/5_taskflow_api/taskflow_dag.py
[2023-08-25T09:36:20.984+0000] {processor.py:829} INFO - Processing file /opt/airflow/dags/5_taskflow_api/taskflow_dag.py for tasks to queue
[2023-08-25T09:36:20.985+0000] {logging_mixin.py:151} INFO - [2023-08-25T09:36:20.984+0000] {dagbag.py:539} INFO - Filling up the DagBag from /opt/airflow/dags/5_taskflow_api/taskflow_dag.py
[2023-08-25T09:36:20.998+0000] {processor.py:839} INFO - DAG(s) dict_keys(['taskflow_dag']) retrieved from /opt/airflow/dags/5_taskflow_api/taskflow_dag.py
[2023-08-25T09:36:21.026+0000] {logging_mixin.py:151} INFO - [2023-08-25T09:36:21.026+0000] {dag.py:2907} INFO - Sync 1 DAGs
[2023-08-25T09:36:21.044+0000] {logging_mixin.py:151} INFO - [2023-08-25T09:36:21.044+0000] {dag.py:3677} INFO - Setting next_dagrun for taskflow_dag to 2023-08-24T00:00:00+00:00, run_after=2023-08-25T00:00:00+00:00
[2023-08-25T09:36:21.054+0000] {processor.py:179} INFO - Processing /opt/airflow/dags/5_taskflow_api/taskflow_dag.py took 0.075 seconds
[2023-08-25T09:36:51.671+0000] {processor.py:157} INFO - Started process (PID=6076) to work on /opt/airflow/dags/5_taskflow_api/taskflow_dag.py
[2023-08-25T09:36:51.672+0000] {processor.py:829} INFO - Processing file /opt/airflow/dags/5_taskflow_api/taskflow_dag.py for tasks to queue
[2023-08-25T09:36:51.673+0000] {logging_mixin.py:151} INFO - [2023-08-25T09:36:51.672+0000] {dagbag.py:539} INFO - Filling up the DagBag from /opt/airflow/dags/5_taskflow_api/taskflow_dag.py
[2023-08-25T09:36:51.682+0000] {processor.py:839} INFO - DAG(s) dict_keys(['taskflow_dag']) retrieved from /opt/airflow/dags/5_taskflow_api/taskflow_dag.py
[2023-08-25T09:36:51.703+0000] {logging_mixin.py:151} INFO - [2023-08-25T09:36:51.703+0000] {dag.py:2907} INFO - Sync 1 DAGs
[2023-08-25T09:36:51.715+0000] {logging_mixin.py:151} INFO - [2023-08-25T09:36:51.715+0000] {dag.py:3677} INFO - Setting next_dagrun for taskflow_dag to 2023-08-24T00:00:00+00:00, run_after=2023-08-25T00:00:00+00:00
[2023-08-25T09:36:51.725+0000] {processor.py:179} INFO - Processing /opt/airflow/dags/5_taskflow_api/taskflow_dag.py took 0.057 seconds
[2023-08-25T09:37:22.560+0000] {processor.py:157} INFO - Started process (PID=6092) to work on /opt/airflow/dags/5_taskflow_api/taskflow_dag.py
[2023-08-25T09:37:22.561+0000] {processor.py:829} INFO - Processing file /opt/airflow/dags/5_taskflow_api/taskflow_dag.py for tasks to queue
[2023-08-25T09:37:22.562+0000] {logging_mixin.py:151} INFO - [2023-08-25T09:37:22.562+0000] {dagbag.py:539} INFO - Filling up the DagBag from /opt/airflow/dags/5_taskflow_api/taskflow_dag.py
[2023-08-25T09:37:22.574+0000] {processor.py:839} INFO - DAG(s) dict_keys(['taskflow_dag']) retrieved from /opt/airflow/dags/5_taskflow_api/taskflow_dag.py
[2023-08-25T09:37:22.597+0000] {logging_mixin.py:151} INFO - [2023-08-25T09:37:22.596+0000] {dag.py:2907} INFO - Sync 1 DAGs
[2023-08-25T09:37:22.610+0000] {logging_mixin.py:151} INFO - [2023-08-25T09:37:22.610+0000] {dag.py:3677} INFO - Setting next_dagrun for taskflow_dag to 2023-08-24T00:00:00+00:00, run_after=2023-08-25T00:00:00+00:00
[2023-08-25T09:37:22.620+0000] {processor.py:179} INFO - Processing /opt/airflow/dags/5_taskflow_api/taskflow_dag.py took 0.063 seconds
[2023-08-25T09:37:53.316+0000] {processor.py:157} INFO - Started process (PID=6108) to work on /opt/airflow/dags/5_taskflow_api/taskflow_dag.py
[2023-08-25T09:37:53.318+0000] {processor.py:829} INFO - Processing file /opt/airflow/dags/5_taskflow_api/taskflow_dag.py for tasks to queue
[2023-08-25T09:37:53.319+0000] {logging_mixin.py:151} INFO - [2023-08-25T09:37:53.318+0000] {dagbag.py:539} INFO - Filling up the DagBag from /opt/airflow/dags/5_taskflow_api/taskflow_dag.py
[2023-08-25T09:37:53.341+0000] {processor.py:839} INFO - DAG(s) dict_keys(['taskflow_dag']) retrieved from /opt/airflow/dags/5_taskflow_api/taskflow_dag.py
[2023-08-25T09:37:53.364+0000] {logging_mixin.py:151} INFO - [2023-08-25T09:37:53.364+0000] {dag.py:2907} INFO - Sync 1 DAGs
[2023-08-25T09:37:53.378+0000] {logging_mixin.py:151} INFO - [2023-08-25T09:37:53.377+0000] {dag.py:3677} INFO - Setting next_dagrun for taskflow_dag to 2023-08-24T00:00:00+00:00, run_after=2023-08-25T00:00:00+00:00
[2023-08-25T09:37:53.388+0000] {processor.py:179} INFO - Processing /opt/airflow/dags/5_taskflow_api/taskflow_dag.py took 0.075 seconds
[2023-08-25T09:38:24.101+0000] {processor.py:157} INFO - Started process (PID=6131) to work on /opt/airflow/dags/5_taskflow_api/taskflow_dag.py
[2023-08-25T09:38:24.103+0000] {processor.py:829} INFO - Processing file /opt/airflow/dags/5_taskflow_api/taskflow_dag.py for tasks to queue
[2023-08-25T09:38:24.104+0000] {logging_mixin.py:151} INFO - [2023-08-25T09:38:24.104+0000] {dagbag.py:539} INFO - Filling up the DagBag from /opt/airflow/dags/5_taskflow_api/taskflow_dag.py
[2023-08-25T09:38:24.115+0000] {processor.py:839} INFO - DAG(s) dict_keys(['taskflow_dag']) retrieved from /opt/airflow/dags/5_taskflow_api/taskflow_dag.py
[2023-08-25T09:38:24.138+0000] {logging_mixin.py:151} INFO - [2023-08-25T09:38:24.138+0000] {dag.py:2907} INFO - Sync 1 DAGs
[2023-08-25T09:38:24.152+0000] {logging_mixin.py:151} INFO - [2023-08-25T09:38:24.152+0000] {dag.py:3677} INFO - Setting next_dagrun for taskflow_dag to 2023-08-24T00:00:00+00:00, run_after=2023-08-25T00:00:00+00:00
[2023-08-25T09:38:24.165+0000] {processor.py:179} INFO - Processing /opt/airflow/dags/5_taskflow_api/taskflow_dag.py took 0.066 seconds
[2023-08-25T09:38:54.789+0000] {processor.py:157} INFO - Started process (PID=6146) to work on /opt/airflow/dags/5_taskflow_api/taskflow_dag.py
[2023-08-25T09:38:54.791+0000] {processor.py:829} INFO - Processing file /opt/airflow/dags/5_taskflow_api/taskflow_dag.py for tasks to queue
[2023-08-25T09:38:54.791+0000] {logging_mixin.py:151} INFO - [2023-08-25T09:38:54.791+0000] {dagbag.py:539} INFO - Filling up the DagBag from /opt/airflow/dags/5_taskflow_api/taskflow_dag.py
[2023-08-25T09:38:54.802+0000] {processor.py:839} INFO - DAG(s) dict_keys(['taskflow_dag']) retrieved from /opt/airflow/dags/5_taskflow_api/taskflow_dag.py
[2023-08-25T09:38:54.824+0000] {logging_mixin.py:151} INFO - [2023-08-25T09:38:54.824+0000] {dag.py:2907} INFO - Sync 1 DAGs
[2023-08-25T09:38:54.838+0000] {logging_mixin.py:151} INFO - [2023-08-25T09:38:54.837+0000] {dag.py:3677} INFO - Setting next_dagrun for taskflow_dag to 2023-08-24T00:00:00+00:00, run_after=2023-08-25T00:00:00+00:00
[2023-08-25T09:38:54.849+0000] {processor.py:179} INFO - Processing /opt/airflow/dags/5_taskflow_api/taskflow_dag.py took 0.063 seconds
[2023-08-25T09:39:25.472+0000] {processor.py:157} INFO - Started process (PID=6162) to work on /opt/airflow/dags/5_taskflow_api/taskflow_dag.py
[2023-08-25T09:39:25.474+0000] {processor.py:829} INFO - Processing file /opt/airflow/dags/5_taskflow_api/taskflow_dag.py for tasks to queue
[2023-08-25T09:39:25.475+0000] {logging_mixin.py:151} INFO - [2023-08-25T09:39:25.474+0000] {dagbag.py:539} INFO - Filling up the DagBag from /opt/airflow/dags/5_taskflow_api/taskflow_dag.py
[2023-08-25T09:39:25.485+0000] {processor.py:839} INFO - DAG(s) dict_keys(['taskflow_dag']) retrieved from /opt/airflow/dags/5_taskflow_api/taskflow_dag.py
[2023-08-25T09:39:25.508+0000] {logging_mixin.py:151} INFO - [2023-08-25T09:39:25.507+0000] {dag.py:2907} INFO - Sync 1 DAGs
[2023-08-25T09:39:25.522+0000] {logging_mixin.py:151} INFO - [2023-08-25T09:39:25.522+0000] {dag.py:3677} INFO - Setting next_dagrun for taskflow_dag to 2023-08-24T00:00:00+00:00, run_after=2023-08-25T00:00:00+00:00
[2023-08-25T09:39:25.534+0000] {processor.py:179} INFO - Processing /opt/airflow/dags/5_taskflow_api/taskflow_dag.py took 0.065 seconds
[2023-08-25T09:39:56.237+0000] {processor.py:157} INFO - Started process (PID=6178) to work on /opt/airflow/dags/5_taskflow_api/taskflow_dag.py
[2023-08-25T09:39:56.238+0000] {processor.py:829} INFO - Processing file /opt/airflow/dags/5_taskflow_api/taskflow_dag.py for tasks to queue
[2023-08-25T09:39:56.239+0000] {logging_mixin.py:151} INFO - [2023-08-25T09:39:56.239+0000] {dagbag.py:539} INFO - Filling up the DagBag from /opt/airflow/dags/5_taskflow_api/taskflow_dag.py
[2023-08-25T09:39:56.250+0000] {processor.py:839} INFO - DAG(s) dict_keys(['taskflow_dag']) retrieved from /opt/airflow/dags/5_taskflow_api/taskflow_dag.py
[2023-08-25T09:39:56.273+0000] {logging_mixin.py:151} INFO - [2023-08-25T09:39:56.273+0000] {dag.py:2907} INFO - Sync 1 DAGs
[2023-08-25T09:39:56.287+0000] {logging_mixin.py:151} INFO - [2023-08-25T09:39:56.286+0000] {dag.py:3677} INFO - Setting next_dagrun for taskflow_dag to 2023-08-24T00:00:00+00:00, run_after=2023-08-25T00:00:00+00:00
[2023-08-25T09:39:56.297+0000] {processor.py:179} INFO - Processing /opt/airflow/dags/5_taskflow_api/taskflow_dag.py took 0.063 seconds
[2023-08-25T09:40:27.000+0000] {processor.py:157} INFO - Started process (PID=6194) to work on /opt/airflow/dags/5_taskflow_api/taskflow_dag.py
[2023-08-25T09:40:27.002+0000] {processor.py:829} INFO - Processing file /opt/airflow/dags/5_taskflow_api/taskflow_dag.py for tasks to queue
[2023-08-25T09:40:27.003+0000] {logging_mixin.py:151} INFO - [2023-08-25T09:40:27.002+0000] {dagbag.py:539} INFO - Filling up the DagBag from /opt/airflow/dags/5_taskflow_api/taskflow_dag.py
[2023-08-25T09:40:27.014+0000] {processor.py:839} INFO - DAG(s) dict_keys(['taskflow_dag']) retrieved from /opt/airflow/dags/5_taskflow_api/taskflow_dag.py
[2023-08-25T09:40:27.038+0000] {logging_mixin.py:151} INFO - [2023-08-25T09:40:27.038+0000] {dag.py:2907} INFO - Sync 1 DAGs
[2023-08-25T09:40:27.052+0000] {logging_mixin.py:151} INFO - [2023-08-25T09:40:27.052+0000] {dag.py:3677} INFO - Setting next_dagrun for taskflow_dag to 2023-08-24T00:00:00+00:00, run_after=2023-08-25T00:00:00+00:00
[2023-08-25T09:40:27.064+0000] {processor.py:179} INFO - Processing /opt/airflow/dags/5_taskflow_api/taskflow_dag.py took 0.067 seconds
[2023-08-25T09:40:57.884+0000] {processor.py:157} INFO - Started process (PID=6210) to work on /opt/airflow/dags/5_taskflow_api/taskflow_dag.py
[2023-08-25T09:40:57.886+0000] {processor.py:829} INFO - Processing file /opt/airflow/dags/5_taskflow_api/taskflow_dag.py for tasks to queue
[2023-08-25T09:40:57.887+0000] {logging_mixin.py:151} INFO - [2023-08-25T09:40:57.886+0000] {dagbag.py:539} INFO - Filling up the DagBag from /opt/airflow/dags/5_taskflow_api/taskflow_dag.py
[2023-08-25T09:40:57.898+0000] {processor.py:839} INFO - DAG(s) dict_keys(['taskflow_dag']) retrieved from /opt/airflow/dags/5_taskflow_api/taskflow_dag.py
[2023-08-25T09:40:57.920+0000] {logging_mixin.py:151} INFO - [2023-08-25T09:40:57.920+0000] {dag.py:2907} INFO - Sync 1 DAGs
[2023-08-25T09:40:57.934+0000] {logging_mixin.py:151} INFO - [2023-08-25T09:40:57.933+0000] {dag.py:3677} INFO - Setting next_dagrun for taskflow_dag to 2023-08-24T00:00:00+00:00, run_after=2023-08-25T00:00:00+00:00
[2023-08-25T09:40:57.944+0000] {processor.py:179} INFO - Processing /opt/airflow/dags/5_taskflow_api/taskflow_dag.py took 0.062 seconds
[2023-08-25T09:41:28.717+0000] {processor.py:157} INFO - Started process (PID=6226) to work on /opt/airflow/dags/5_taskflow_api/taskflow_dag.py
[2023-08-25T09:41:28.719+0000] {processor.py:829} INFO - Processing file /opt/airflow/dags/5_taskflow_api/taskflow_dag.py for tasks to queue
[2023-08-25T09:41:28.720+0000] {logging_mixin.py:151} INFO - [2023-08-25T09:41:28.719+0000] {dagbag.py:539} INFO - Filling up the DagBag from /opt/airflow/dags/5_taskflow_api/taskflow_dag.py
[2023-08-25T09:41:28.730+0000] {processor.py:839} INFO - DAG(s) dict_keys(['taskflow_dag']) retrieved from /opt/airflow/dags/5_taskflow_api/taskflow_dag.py
[2023-08-25T09:41:28.752+0000] {logging_mixin.py:151} INFO - [2023-08-25T09:41:28.752+0000] {dag.py:2907} INFO - Sync 1 DAGs
[2023-08-25T09:41:28.765+0000] {logging_mixin.py:151} INFO - [2023-08-25T09:41:28.765+0000] {dag.py:3677} INFO - Setting next_dagrun for taskflow_dag to 2023-08-24T00:00:00+00:00, run_after=2023-08-25T00:00:00+00:00
[2023-08-25T09:41:28.774+0000] {processor.py:179} INFO - Processing /opt/airflow/dags/5_taskflow_api/taskflow_dag.py took 0.061 seconds
