[2023-08-09T03:46:54.673+0000] {taskinstance.py:1103} INFO - Dependencies all met for dep_context=non-requeueable deps ti=<TaskInstance: taskflow_dag.execute_task4 scheduled__2023-08-08T00:00:00+00:00 [queued]>
[2023-08-09T03:46:54.680+0000] {taskinstance.py:1103} INFO - Dependencies all met for dep_context=requeueable deps ti=<TaskInstance: taskflow_dag.execute_task4 scheduled__2023-08-08T00:00:00+00:00 [queued]>
[2023-08-09T03:46:54.681+0000] {taskinstance.py:1308} INFO - Starting attempt 1 of 1
[2023-08-09T03:46:54.689+0000] {taskinstance.py:1327} INFO - Executing <Task(_PythonDecoratedOperator): execute_task4> on 2023-08-08 00:00:00+00:00
[2023-08-09T03:46:54.695+0000] {standard_task_runner.py:57} INFO - Started process 6008 to run task
[2023-08-09T03:46:54.699+0000] {standard_task_runner.py:84} INFO - Running: ['***', 'tasks', 'run', 'taskflow_dag', 'execute_task4', 'scheduled__2023-08-08T00:00:00+00:00', '--job-id', '74', '--raw', '--subdir', 'DAGS_FOLDER/5_taskflow_api/taskflowoo.py', '--cfg-path', '/tmp/tmpdazg_bzg']
[2023-08-09T03:46:54.700+0000] {standard_task_runner.py:85} INFO - Job 74: Subtask execute_task4
[2023-08-09T03:46:54.760+0000] {task_command.py:410} INFO - Running <TaskInstance: taskflow_dag.execute_task4 scheduled__2023-08-08T00:00:00+00:00 [running]> on host ce583f477705
[2023-08-09T03:46:54.835+0000] {taskinstance.py:1547} INFO - Exporting env vars: AIRFLOW_CTX_DAG_OWNER='Willis' AIRFLOW_CTX_DAG_ID='taskflow_dag' AIRFLOW_CTX_TASK_ID='execute_task4' AIRFLOW_CTX_EXECUTION_DATE='2023-08-08T00:00:00+00:00' AIRFLOW_CTX_TRY_NUMBER='1' AIRFLOW_CTX_DAG_RUN_ID='scheduled__2023-08-08T00:00:00+00:00'
[2023-08-09T03:46:54.836+0000] {logging_mixin.py:150} INFO - Task 4, Inputs: Output of Task 2, Output of Task 3
[2023-08-09T03:46:54.837+0000] {python.py:183} INFO - Done. Returned value was: Output of Task 4
[2023-08-09T03:46:54.856+0000] {taskinstance.py:1350} INFO - Marking task as SUCCESS. dag_id=taskflow_dag, task_id=execute_task4, execution_date=20230808T000000, start_date=20230809T034654, end_date=20230809T034654
[2023-08-09T03:46:54.913+0000] {local_task_job_runner.py:225} INFO - Task exited with return code 0
[2023-08-09T03:46:54.933+0000] {taskinstance.py:2653} INFO - 1 downstream tasks scheduled from follow-on schedule check
[2023-08-09T04:35:33.256+0000] {taskinstance.py:1103} INFO - Dependencies all met for dep_context=non-requeueable deps ti=<TaskInstance: taskflow_dag.execute_task4 scheduled__2023-08-08T00:00:00+00:00 [queued]>
[2023-08-09T04:35:33.263+0000] {taskinstance.py:1103} INFO - Dependencies all met for dep_context=requeueable deps ti=<TaskInstance: taskflow_dag.execute_task4 scheduled__2023-08-08T00:00:00+00:00 [queued]>
[2023-08-09T04:35:33.264+0000] {taskinstance.py:1308} INFO - Starting attempt 1 of 1
[2023-08-09T04:35:33.273+0000] {taskinstance.py:1327} INFO - Executing <Task(_PythonDecoratedOperator): execute_task4> on 2023-08-08 00:00:00+00:00
[2023-08-09T04:35:33.277+0000] {standard_task_runner.py:57} INFO - Started process 6896 to run task
[2023-08-09T04:35:33.281+0000] {standard_task_runner.py:84} INFO - Running: ['***', 'tasks', 'run', 'taskflow_dag', 'execute_task4', 'scheduled__2023-08-08T00:00:00+00:00', '--job-id', '89', '--raw', '--subdir', 'DAGS_FOLDER/5_taskflow_api/taskflow_dag.py', '--cfg-path', '/tmp/tmp0mn3i02y']
[2023-08-09T04:35:33.282+0000] {standard_task_runner.py:85} INFO - Job 89: Subtask execute_task4
[2023-08-09T04:35:33.340+0000] {task_command.py:410} INFO - Running <TaskInstance: taskflow_dag.execute_task4 scheduled__2023-08-08T00:00:00+00:00 [running]> on host ce583f477705
[2023-08-09T04:35:33.426+0000] {taskinstance.py:1547} INFO - Exporting env vars: AIRFLOW_CTX_DAG_OWNER='Willis' AIRFLOW_CTX_DAG_ID='taskflow_dag' AIRFLOW_CTX_TASK_ID='execute_task4' AIRFLOW_CTX_EXECUTION_DATE='2023-08-08T00:00:00+00:00' AIRFLOW_CTX_TRY_NUMBER='1' AIRFLOW_CTX_DAG_RUN_ID='scheduled__2023-08-08T00:00:00+00:00'
[2023-08-09T04:35:33.427+0000] {logging_mixin.py:150} INFO - Task 4, Inputs: Output of Task 2, Output of Task 3
[2023-08-09T04:35:33.428+0000] {python.py:183} INFO - Done. Returned value was: Output of Task 4
[2023-08-09T04:35:33.451+0000] {taskinstance.py:1350} INFO - Marking task as SUCCESS. dag_id=taskflow_dag, task_id=execute_task4, execution_date=20230808T000000, start_date=20230809T043533, end_date=20230809T043533
[2023-08-09T04:35:33.493+0000] {local_task_job_runner.py:225} INFO - Task exited with return code 0
[2023-08-09T04:35:33.514+0000] {taskinstance.py:2653} INFO - 2 downstream tasks scheduled from follow-on schedule check
