[2023-08-25T00:40:43.806+0000] {processor.py:157} INFO - Started process (PID=5085) to work on /opt/airflow/dags/4_advances_features/2_xcom_dag.py
[2023-08-25T00:40:43.813+0000] {processor.py:829} INFO - Processing file /opt/airflow/dags/4_advances_features/2_xcom_dag.py for tasks to queue
[2023-08-25T00:40:43.820+0000] {logging_mixin.py:151} INFO - [2023-08-25T00:40:43.816+0000] {dagbag.py:539} INFO - Filling up the DagBag from /opt/airflow/dags/4_advances_features/2_xcom_dag.py
[2023-08-25T00:40:43.836+0000] {processor.py:839} INFO - DAG(s) dict_keys(['xcom_example_dag']) retrieved from /opt/airflow/dags/4_advances_features/2_xcom_dag.py
[2023-08-25T00:40:43.876+0000] {logging_mixin.py:151} INFO - [2023-08-25T00:40:43.876+0000] {dag.py:2907} INFO - Sync 1 DAGs
[2023-08-25T00:40:43.896+0000] {logging_mixin.py:151} INFO - [2023-08-25T00:40:43.896+0000] {dag.py:3677} INFO - Setting next_dagrun for xcom_example_dag to 2023-08-24T00:00:00+00:00, run_after=2023-08-25T00:00:00+00:00
[2023-08-25T00:40:43.919+0000] {processor.py:179} INFO - Processing /opt/airflow/dags/4_advances_features/2_xcom_dag.py took 0.125 seconds
[2023-08-25T01:34:28.717+0000] {processor.py:157} INFO - Started process (PID=5105) to work on /opt/airflow/dags/4_advances_features/2_xcom_dag.py
[2023-08-25T01:34:28.719+0000] {processor.py:829} INFO - Processing file /opt/airflow/dags/4_advances_features/2_xcom_dag.py for tasks to queue
[2023-08-25T01:34:28.721+0000] {logging_mixin.py:151} INFO - [2023-08-25T01:34:28.720+0000] {dagbag.py:539} INFO - Filling up the DagBag from /opt/airflow/dags/4_advances_features/2_xcom_dag.py
[2023-08-25T01:34:28.737+0000] {processor.py:839} INFO - DAG(s) dict_keys(['xcom_example_dag']) retrieved from /opt/airflow/dags/4_advances_features/2_xcom_dag.py
[2023-08-25T01:34:28.772+0000] {logging_mixin.py:151} INFO - [2023-08-25T01:34:28.772+0000] {dag.py:2907} INFO - Sync 1 DAGs
[2023-08-25T01:34:28.787+0000] {logging_mixin.py:151} INFO - [2023-08-25T01:34:28.787+0000] {dag.py:3677} INFO - Setting next_dagrun for xcom_example_dag to 2023-08-24T00:00:00+00:00, run_after=2023-08-25T00:00:00+00:00
[2023-08-25T01:34:28.799+0000] {processor.py:179} INFO - Processing /opt/airflow/dags/4_advances_features/2_xcom_dag.py took 0.089 seconds
[2023-08-25T02:17:12.664+0000] {processor.py:157} INFO - Started process (PID=5121) to work on /opt/airflow/dags/4_advances_features/2_xcom_dag.py
[2023-08-25T02:17:12.666+0000] {processor.py:829} INFO - Processing file /opt/airflow/dags/4_advances_features/2_xcom_dag.py for tasks to queue
[2023-08-25T02:17:12.667+0000] {logging_mixin.py:151} INFO - [2023-08-25T02:17:12.667+0000] {dagbag.py:539} INFO - Filling up the DagBag from /opt/airflow/dags/4_advances_features/2_xcom_dag.py
[2023-08-25T02:17:12.697+0000] {processor.py:839} INFO - DAG(s) dict_keys(['xcom_example_dag']) retrieved from /opt/airflow/dags/4_advances_features/2_xcom_dag.py
[2023-08-25T02:17:12.748+0000] {logging_mixin.py:151} INFO - [2023-08-25T02:17:12.748+0000] {dag.py:2907} INFO - Sync 1 DAGs
[2023-08-25T02:17:12.777+0000] {logging_mixin.py:151} INFO - [2023-08-25T02:17:12.777+0000] {dag.py:3677} INFO - Setting next_dagrun for xcom_example_dag to 2023-08-24T00:00:00+00:00, run_after=2023-08-25T00:00:00+00:00
[2023-08-25T02:17:12.794+0000] {processor.py:179} INFO - Processing /opt/airflow/dags/4_advances_features/2_xcom_dag.py took 0.138 seconds
[2023-08-25T02:50:47.067+0000] {processor.py:157} INFO - Started process (PID=5137) to work on /opt/airflow/dags/4_advances_features/2_xcom_dag.py
[2023-08-25T02:50:47.068+0000] {processor.py:829} INFO - Processing file /opt/airflow/dags/4_advances_features/2_xcom_dag.py for tasks to queue
[2023-08-25T02:50:47.069+0000] {logging_mixin.py:151} INFO - [2023-08-25T02:50:47.069+0000] {dagbag.py:539} INFO - Filling up the DagBag from /opt/airflow/dags/4_advances_features/2_xcom_dag.py
[2023-08-25T02:50:47.082+0000] {processor.py:839} INFO - DAG(s) dict_keys(['xcom_example_dag']) retrieved from /opt/airflow/dags/4_advances_features/2_xcom_dag.py
[2023-08-25T02:50:47.113+0000] {logging_mixin.py:151} INFO - [2023-08-25T02:50:47.113+0000] {dag.py:2907} INFO - Sync 1 DAGs
[2023-08-25T02:50:47.151+0000] {logging_mixin.py:151} INFO - [2023-08-25T02:50:47.151+0000] {dag.py:3677} INFO - Setting next_dagrun for xcom_example_dag to 2023-08-24T00:00:00+00:00, run_after=2023-08-25T00:00:00+00:00
[2023-08-25T02:50:47.174+0000] {processor.py:179} INFO - Processing /opt/airflow/dags/4_advances_features/2_xcom_dag.py took 0.111 seconds
[2023-08-25T03:15:23.019+0000] {processor.py:157} INFO - Started process (PID=5153) to work on /opt/airflow/dags/4_advances_features/2_xcom_dag.py
[2023-08-25T03:15:23.021+0000] {processor.py:829} INFO - Processing file /opt/airflow/dags/4_advances_features/2_xcom_dag.py for tasks to queue
[2023-08-25T03:15:23.022+0000] {logging_mixin.py:151} INFO - [2023-08-25T03:15:23.021+0000] {dagbag.py:539} INFO - Filling up the DagBag from /opt/airflow/dags/4_advances_features/2_xcom_dag.py
[2023-08-25T03:15:23.042+0000] {processor.py:839} INFO - DAG(s) dict_keys(['xcom_example_dag']) retrieved from /opt/airflow/dags/4_advances_features/2_xcom_dag.py
[2023-08-25T03:15:23.105+0000] {logging_mixin.py:151} INFO - [2023-08-25T03:15:23.105+0000] {dag.py:2907} INFO - Sync 1 DAGs
[2023-08-25T03:15:23.139+0000] {logging_mixin.py:151} INFO - [2023-08-25T03:15:23.139+0000] {dag.py:3677} INFO - Setting next_dagrun for xcom_example_dag to 2023-08-24T00:00:00+00:00, run_after=2023-08-25T00:00:00+00:00
[2023-08-25T03:15:23.161+0000] {processor.py:179} INFO - Processing /opt/airflow/dags/4_advances_features/2_xcom_dag.py took 0.150 seconds
[2023-08-25T03:22:30.982+0000] {processor.py:157} INFO - Started process (PID=5169) to work on /opt/airflow/dags/4_advances_features/2_xcom_dag.py
[2023-08-25T03:22:30.984+0000] {processor.py:829} INFO - Processing file /opt/airflow/dags/4_advances_features/2_xcom_dag.py for tasks to queue
[2023-08-25T03:22:30.985+0000] {logging_mixin.py:151} INFO - [2023-08-25T03:22:30.985+0000] {dagbag.py:539} INFO - Filling up the DagBag from /opt/airflow/dags/4_advances_features/2_xcom_dag.py
[2023-08-25T03:22:30.997+0000] {processor.py:839} INFO - DAG(s) dict_keys(['xcom_example_dag']) retrieved from /opt/airflow/dags/4_advances_features/2_xcom_dag.py
[2023-08-25T03:22:31.023+0000] {logging_mixin.py:151} INFO - [2023-08-25T03:22:31.023+0000] {dag.py:2907} INFO - Sync 1 DAGs
[2023-08-25T03:22:31.039+0000] {logging_mixin.py:151} INFO - [2023-08-25T03:22:31.039+0000] {dag.py:3677} INFO - Setting next_dagrun for xcom_example_dag to 2023-08-24T00:00:00+00:00, run_after=2023-08-25T00:00:00+00:00
[2023-08-25T03:22:31.052+0000] {processor.py:179} INFO - Processing /opt/airflow/dags/4_advances_features/2_xcom_dag.py took 0.072 seconds
[2023-08-25T03:27:08.228+0000] {processor.py:157} INFO - Started process (PID=5185) to work on /opt/airflow/dags/4_advances_features/2_xcom_dag.py
[2023-08-25T03:27:08.229+0000] {processor.py:829} INFO - Processing file /opt/airflow/dags/4_advances_features/2_xcom_dag.py for tasks to queue
[2023-08-25T03:27:08.230+0000] {logging_mixin.py:151} INFO - [2023-08-25T03:27:08.230+0000] {dagbag.py:539} INFO - Filling up the DagBag from /opt/airflow/dags/4_advances_features/2_xcom_dag.py
[2023-08-25T03:27:08.249+0000] {processor.py:839} INFO - DAG(s) dict_keys(['xcom_example_dag']) retrieved from /opt/airflow/dags/4_advances_features/2_xcom_dag.py
[2023-08-25T03:27:08.292+0000] {logging_mixin.py:151} INFO - [2023-08-25T03:27:08.292+0000] {dag.py:2907} INFO - Sync 1 DAGs
[2023-08-25T03:27:08.316+0000] {logging_mixin.py:151} INFO - [2023-08-25T03:27:08.316+0000] {dag.py:3677} INFO - Setting next_dagrun for xcom_example_dag to 2023-08-24T00:00:00+00:00, run_after=2023-08-25T00:00:00+00:00
[2023-08-25T03:27:08.337+0000] {processor.py:179} INFO - Processing /opt/airflow/dags/4_advances_features/2_xcom_dag.py took 0.112 seconds
[2023-08-25T04:02:00.714+0000] {processor.py:157} INFO - Started process (PID=5201) to work on /opt/airflow/dags/4_advances_features/2_xcom_dag.py
[2023-08-25T04:02:00.716+0000] {processor.py:829} INFO - Processing file /opt/airflow/dags/4_advances_features/2_xcom_dag.py for tasks to queue
[2023-08-25T04:02:00.718+0000] {logging_mixin.py:151} INFO - [2023-08-25T04:02:00.717+0000] {dagbag.py:539} INFO - Filling up the DagBag from /opt/airflow/dags/4_advances_features/2_xcom_dag.py
[2023-08-25T04:02:00.743+0000] {processor.py:839} INFO - DAG(s) dict_keys(['xcom_example_dag']) retrieved from /opt/airflow/dags/4_advances_features/2_xcom_dag.py
[2023-08-25T04:02:00.778+0000] {logging_mixin.py:151} INFO - [2023-08-25T04:02:00.778+0000] {dag.py:2907} INFO - Sync 1 DAGs
[2023-08-25T04:02:00.794+0000] {logging_mixin.py:151} INFO - [2023-08-25T04:02:00.794+0000] {dag.py:3677} INFO - Setting next_dagrun for xcom_example_dag to 2023-08-24T00:00:00+00:00, run_after=2023-08-25T00:00:00+00:00
[2023-08-25T04:02:00.822+0000] {processor.py:179} INFO - Processing /opt/airflow/dags/4_advances_features/2_xcom_dag.py took 0.112 seconds
[2023-08-25T04:59:15.559+0000] {processor.py:157} INFO - Started process (PID=5217) to work on /opt/airflow/dags/4_advances_features/2_xcom_dag.py
[2023-08-25T04:59:15.560+0000] {processor.py:829} INFO - Processing file /opt/airflow/dags/4_advances_features/2_xcom_dag.py for tasks to queue
[2023-08-25T04:59:15.561+0000] {logging_mixin.py:151} INFO - [2023-08-25T04:59:15.561+0000] {dagbag.py:539} INFO - Filling up the DagBag from /opt/airflow/dags/4_advances_features/2_xcom_dag.py
[2023-08-25T04:59:15.577+0000] {processor.py:839} INFO - DAG(s) dict_keys(['xcom_example_dag']) retrieved from /opt/airflow/dags/4_advances_features/2_xcom_dag.py
[2023-08-25T04:59:15.599+0000] {logging_mixin.py:151} INFO - [2023-08-25T04:59:15.599+0000] {dag.py:2907} INFO - Sync 1 DAGs
[2023-08-25T04:59:15.612+0000] {logging_mixin.py:151} INFO - [2023-08-25T04:59:15.612+0000] {dag.py:3677} INFO - Setting next_dagrun for xcom_example_dag to 2023-08-24T00:00:00+00:00, run_after=2023-08-25T00:00:00+00:00
[2023-08-25T04:59:15.623+0000] {processor.py:179} INFO - Processing /opt/airflow/dags/4_advances_features/2_xcom_dag.py took 0.067 seconds
[2023-08-25T05:17:13.362+0000] {processor.py:157} INFO - Started process (PID=5233) to work on /opt/airflow/dags/4_advances_features/2_xcom_dag.py
[2023-08-25T05:17:13.363+0000] {processor.py:829} INFO - Processing file /opt/airflow/dags/4_advances_features/2_xcom_dag.py for tasks to queue
[2023-08-25T05:17:13.364+0000] {logging_mixin.py:151} INFO - [2023-08-25T05:17:13.364+0000] {dagbag.py:539} INFO - Filling up the DagBag from /opt/airflow/dags/4_advances_features/2_xcom_dag.py
[2023-08-25T05:17:13.382+0000] {processor.py:839} INFO - DAG(s) dict_keys(['xcom_example_dag']) retrieved from /opt/airflow/dags/4_advances_features/2_xcom_dag.py
[2023-08-25T05:17:13.419+0000] {logging_mixin.py:151} INFO - [2023-08-25T05:17:13.419+0000] {dag.py:2907} INFO - Sync 1 DAGs
[2023-08-25T05:17:13.451+0000] {logging_mixin.py:151} INFO - [2023-08-25T05:17:13.450+0000] {dag.py:3677} INFO - Setting next_dagrun for xcom_example_dag to 2023-08-24T00:00:00+00:00, run_after=2023-08-25T00:00:00+00:00
[2023-08-25T05:17:13.476+0000] {processor.py:179} INFO - Processing /opt/airflow/dags/4_advances_features/2_xcom_dag.py took 0.117 seconds
[2023-08-25T06:21:48.640+0000] {processor.py:157} INFO - Started process (PID=5249) to work on /opt/airflow/dags/4_advances_features/2_xcom_dag.py
[2023-08-25T06:21:48.644+0000] {processor.py:829} INFO - Processing file /opt/airflow/dags/4_advances_features/2_xcom_dag.py for tasks to queue
[2023-08-25T06:21:48.646+0000] {logging_mixin.py:151} INFO - [2023-08-25T06:21:48.646+0000] {dagbag.py:539} INFO - Filling up the DagBag from /opt/airflow/dags/4_advances_features/2_xcom_dag.py
[2023-08-25T06:21:48.659+0000] {processor.py:839} INFO - DAG(s) dict_keys(['xcom_example_dag']) retrieved from /opt/airflow/dags/4_advances_features/2_xcom_dag.py
[2023-08-25T06:21:48.697+0000] {logging_mixin.py:151} INFO - [2023-08-25T06:21:48.697+0000] {dag.py:2907} INFO - Sync 1 DAGs
[2023-08-25T06:21:48.721+0000] {logging_mixin.py:151} INFO - [2023-08-25T06:21:48.721+0000] {dag.py:3677} INFO - Setting next_dagrun for xcom_example_dag to 2023-08-24T00:00:00+00:00, run_after=2023-08-25T00:00:00+00:00
[2023-08-25T06:21:48.749+0000] {processor.py:179} INFO - Processing /opt/airflow/dags/4_advances_features/2_xcom_dag.py took 0.114 seconds
[2023-08-25T07:27:12.607+0000] {processor.py:157} INFO - Started process (PID=5265) to work on /opt/airflow/dags/4_advances_features/2_xcom_dag.py
[2023-08-25T07:27:12.612+0000] {processor.py:829} INFO - Processing file /opt/airflow/dags/4_advances_features/2_xcom_dag.py for tasks to queue
[2023-08-25T07:27:12.614+0000] {logging_mixin.py:151} INFO - [2023-08-25T07:27:12.613+0000] {dagbag.py:539} INFO - Filling up the DagBag from /opt/airflow/dags/4_advances_features/2_xcom_dag.py
[2023-08-25T07:27:12.637+0000] {processor.py:839} INFO - DAG(s) dict_keys(['xcom_example_dag']) retrieved from /opt/airflow/dags/4_advances_features/2_xcom_dag.py
[2023-08-25T07:27:12.676+0000] {logging_mixin.py:151} INFO - [2023-08-25T07:27:12.676+0000] {dag.py:2907} INFO - Sync 1 DAGs
[2023-08-25T07:27:12.693+0000] {logging_mixin.py:151} INFO - [2023-08-25T07:27:12.693+0000] {dag.py:3677} INFO - Setting next_dagrun for xcom_example_dag to 2023-08-24T00:00:00+00:00, run_after=2023-08-25T00:00:00+00:00
[2023-08-25T07:27:12.709+0000] {processor.py:179} INFO - Processing /opt/airflow/dags/4_advances_features/2_xcom_dag.py took 0.113 seconds
[2023-08-25T08:35:30.842+0000] {processor.py:157} INFO - Started process (PID=5281) to work on /opt/airflow/dags/4_advances_features/2_xcom_dag.py
[2023-08-25T08:35:30.843+0000] {processor.py:829} INFO - Processing file /opt/airflow/dags/4_advances_features/2_xcom_dag.py for tasks to queue
[2023-08-25T08:35:30.844+0000] {logging_mixin.py:151} INFO - [2023-08-25T08:35:30.844+0000] {dagbag.py:539} INFO - Filling up the DagBag from /opt/airflow/dags/4_advances_features/2_xcom_dag.py
[2023-08-25T08:35:30.859+0000] {processor.py:839} INFO - DAG(s) dict_keys(['xcom_example_dag']) retrieved from /opt/airflow/dags/4_advances_features/2_xcom_dag.py
[2023-08-25T08:35:30.893+0000] {logging_mixin.py:151} INFO - [2023-08-25T08:35:30.893+0000] {dag.py:2907} INFO - Sync 1 DAGs
[2023-08-25T08:35:30.925+0000] {logging_mixin.py:151} INFO - [2023-08-25T08:35:30.925+0000] {dag.py:3677} INFO - Setting next_dagrun for xcom_example_dag to 2023-08-24T00:00:00+00:00, run_after=2023-08-25T00:00:00+00:00
[2023-08-25T08:35:30.946+0000] {processor.py:179} INFO - Processing /opt/airflow/dags/4_advances_features/2_xcom_dag.py took 0.108 seconds
[2023-08-25T09:12:14.800+0000] {processor.py:157} INFO - Started process (PID=5297) to work on /opt/airflow/dags/4_advances_features/2_xcom_dag.py
[2023-08-25T09:12:14.802+0000] {processor.py:829} INFO - Processing file /opt/airflow/dags/4_advances_features/2_xcom_dag.py for tasks to queue
[2023-08-25T09:12:14.803+0000] {logging_mixin.py:151} INFO - [2023-08-25T09:12:14.803+0000] {dagbag.py:539} INFO - Filling up the DagBag from /opt/airflow/dags/4_advances_features/2_xcom_dag.py
[2023-08-25T09:12:14.833+0000] {processor.py:839} INFO - DAG(s) dict_keys(['xcom_example_dag']) retrieved from /opt/airflow/dags/4_advances_features/2_xcom_dag.py
[2023-08-25T09:12:14.864+0000] {logging_mixin.py:151} INFO - [2023-08-25T09:12:14.864+0000] {dag.py:2907} INFO - Sync 1 DAGs
[2023-08-25T09:12:14.883+0000] {logging_mixin.py:151} INFO - [2023-08-25T09:12:14.883+0000] {dag.py:3677} INFO - Setting next_dagrun for xcom_example_dag to 2023-08-24T00:00:00+00:00, run_after=2023-08-25T00:00:00+00:00
[2023-08-25T09:12:14.895+0000] {processor.py:179} INFO - Processing /opt/airflow/dags/4_advances_features/2_xcom_dag.py took 0.101 seconds
[2023-08-25T09:12:45.604+0000] {processor.py:157} INFO - Started process (PID=5313) to work on /opt/airflow/dags/4_advances_features/2_xcom_dag.py
[2023-08-25T09:12:45.605+0000] {processor.py:829} INFO - Processing file /opt/airflow/dags/4_advances_features/2_xcom_dag.py for tasks to queue
[2023-08-25T09:12:45.606+0000] {logging_mixin.py:151} INFO - [2023-08-25T09:12:45.606+0000] {dagbag.py:539} INFO - Filling up the DagBag from /opt/airflow/dags/4_advances_features/2_xcom_dag.py
[2023-08-25T09:12:45.617+0000] {processor.py:839} INFO - DAG(s) dict_keys(['xcom_example_dag']) retrieved from /opt/airflow/dags/4_advances_features/2_xcom_dag.py
[2023-08-25T09:12:45.641+0000] {logging_mixin.py:151} INFO - [2023-08-25T09:12:45.641+0000] {dag.py:2907} INFO - Sync 1 DAGs
[2023-08-25T09:12:45.655+0000] {logging_mixin.py:151} INFO - [2023-08-25T09:12:45.655+0000] {dag.py:3677} INFO - Setting next_dagrun for xcom_example_dag to 2023-08-24T00:00:00+00:00, run_after=2023-08-25T00:00:00+00:00
[2023-08-25T09:12:45.667+0000] {processor.py:179} INFO - Processing /opt/airflow/dags/4_advances_features/2_xcom_dag.py took 0.066 seconds
[2023-08-25T09:13:16.362+0000] {processor.py:157} INFO - Started process (PID=5329) to work on /opt/airflow/dags/4_advances_features/2_xcom_dag.py
[2023-08-25T09:13:16.363+0000] {processor.py:829} INFO - Processing file /opt/airflow/dags/4_advances_features/2_xcom_dag.py for tasks to queue
[2023-08-25T09:13:16.364+0000] {logging_mixin.py:151} INFO - [2023-08-25T09:13:16.363+0000] {dagbag.py:539} INFO - Filling up the DagBag from /opt/airflow/dags/4_advances_features/2_xcom_dag.py
[2023-08-25T09:13:16.373+0000] {processor.py:839} INFO - DAG(s) dict_keys(['xcom_example_dag']) retrieved from /opt/airflow/dags/4_advances_features/2_xcom_dag.py
[2023-08-25T09:13:16.394+0000] {logging_mixin.py:151} INFO - [2023-08-25T09:13:16.394+0000] {dag.py:2907} INFO - Sync 1 DAGs
[2023-08-25T09:13:16.407+0000] {logging_mixin.py:151} INFO - [2023-08-25T09:13:16.407+0000] {dag.py:3677} INFO - Setting next_dagrun for xcom_example_dag to 2023-08-24T00:00:00+00:00, run_after=2023-08-25T00:00:00+00:00
[2023-08-25T09:13:16.418+0000] {processor.py:179} INFO - Processing /opt/airflow/dags/4_advances_features/2_xcom_dag.py took 0.059 seconds
[2023-08-25T09:13:47.111+0000] {processor.py:157} INFO - Started process (PID=5345) to work on /opt/airflow/dags/4_advances_features/2_xcom_dag.py
[2023-08-25T09:13:47.112+0000] {processor.py:829} INFO - Processing file /opt/airflow/dags/4_advances_features/2_xcom_dag.py for tasks to queue
[2023-08-25T09:13:47.113+0000] {logging_mixin.py:151} INFO - [2023-08-25T09:13:47.113+0000] {dagbag.py:539} INFO - Filling up the DagBag from /opt/airflow/dags/4_advances_features/2_xcom_dag.py
[2023-08-25T09:13:47.123+0000] {processor.py:839} INFO - DAG(s) dict_keys(['xcom_example_dag']) retrieved from /opt/airflow/dags/4_advances_features/2_xcom_dag.py
[2023-08-25T09:13:47.145+0000] {logging_mixin.py:151} INFO - [2023-08-25T09:13:47.145+0000] {dag.py:2907} INFO - Sync 1 DAGs
[2023-08-25T09:13:47.158+0000] {logging_mixin.py:151} INFO - [2023-08-25T09:13:47.158+0000] {dag.py:3677} INFO - Setting next_dagrun for xcom_example_dag to 2023-08-24T00:00:00+00:00, run_after=2023-08-25T00:00:00+00:00
[2023-08-25T09:13:47.169+0000] {processor.py:179} INFO - Processing /opt/airflow/dags/4_advances_features/2_xcom_dag.py took 0.061 seconds
[2023-08-25T09:14:17.797+0000] {processor.py:157} INFO - Started process (PID=5361) to work on /opt/airflow/dags/4_advances_features/2_xcom_dag.py
[2023-08-25T09:14:17.798+0000] {processor.py:829} INFO - Processing file /opt/airflow/dags/4_advances_features/2_xcom_dag.py for tasks to queue
[2023-08-25T09:14:17.799+0000] {logging_mixin.py:151} INFO - [2023-08-25T09:14:17.798+0000] {dagbag.py:539} INFO - Filling up the DagBag from /opt/airflow/dags/4_advances_features/2_xcom_dag.py
[2023-08-25T09:14:17.808+0000] {processor.py:839} INFO - DAG(s) dict_keys(['xcom_example_dag']) retrieved from /opt/airflow/dags/4_advances_features/2_xcom_dag.py
[2023-08-25T09:14:17.830+0000] {logging_mixin.py:151} INFO - [2023-08-25T09:14:17.830+0000] {dag.py:2907} INFO - Sync 1 DAGs
[2023-08-25T09:14:17.844+0000] {logging_mixin.py:151} INFO - [2023-08-25T09:14:17.844+0000] {dag.py:3677} INFO - Setting next_dagrun for xcom_example_dag to 2023-08-24T00:00:00+00:00, run_after=2023-08-25T00:00:00+00:00
[2023-08-25T09:14:17.854+0000] {processor.py:179} INFO - Processing /opt/airflow/dags/4_advances_features/2_xcom_dag.py took 0.060 seconds
[2023-08-25T09:14:48.668+0000] {processor.py:157} INFO - Started process (PID=5377) to work on /opt/airflow/dags/4_advances_features/2_xcom_dag.py
[2023-08-25T09:14:48.669+0000] {processor.py:829} INFO - Processing file /opt/airflow/dags/4_advances_features/2_xcom_dag.py for tasks to queue
[2023-08-25T09:14:48.670+0000] {logging_mixin.py:151} INFO - [2023-08-25T09:14:48.670+0000] {dagbag.py:539} INFO - Filling up the DagBag from /opt/airflow/dags/4_advances_features/2_xcom_dag.py
[2023-08-25T09:14:48.681+0000] {processor.py:839} INFO - DAG(s) dict_keys(['xcom_example_dag']) retrieved from /opt/airflow/dags/4_advances_features/2_xcom_dag.py
[2023-08-25T09:14:48.706+0000] {logging_mixin.py:151} INFO - [2023-08-25T09:14:48.706+0000] {dag.py:2907} INFO - Sync 1 DAGs
[2023-08-25T09:14:48.721+0000] {logging_mixin.py:151} INFO - [2023-08-25T09:14:48.721+0000] {dag.py:3677} INFO - Setting next_dagrun for xcom_example_dag to 2023-08-24T00:00:00+00:00, run_after=2023-08-25T00:00:00+00:00
[2023-08-25T09:14:48.732+0000] {processor.py:179} INFO - Processing /opt/airflow/dags/4_advances_features/2_xcom_dag.py took 0.068 seconds
[2023-08-25T09:15:19.471+0000] {processor.py:157} INFO - Started process (PID=5393) to work on /opt/airflow/dags/4_advances_features/2_xcom_dag.py
[2023-08-25T09:15:19.472+0000] {processor.py:829} INFO - Processing file /opt/airflow/dags/4_advances_features/2_xcom_dag.py for tasks to queue
[2023-08-25T09:15:19.473+0000] {logging_mixin.py:151} INFO - [2023-08-25T09:15:19.473+0000] {dagbag.py:539} INFO - Filling up the DagBag from /opt/airflow/dags/4_advances_features/2_xcom_dag.py
[2023-08-25T09:15:19.484+0000] {processor.py:839} INFO - DAG(s) dict_keys(['xcom_example_dag']) retrieved from /opt/airflow/dags/4_advances_features/2_xcom_dag.py
[2023-08-25T09:15:19.505+0000] {logging_mixin.py:151} INFO - [2023-08-25T09:15:19.505+0000] {dag.py:2907} INFO - Sync 1 DAGs
[2023-08-25T09:15:19.518+0000] {logging_mixin.py:151} INFO - [2023-08-25T09:15:19.518+0000] {dag.py:3677} INFO - Setting next_dagrun for xcom_example_dag to 2023-08-24T00:00:00+00:00, run_after=2023-08-25T00:00:00+00:00
[2023-08-25T09:15:19.528+0000] {processor.py:179} INFO - Processing /opt/airflow/dags/4_advances_features/2_xcom_dag.py took 0.059 seconds
[2023-08-25T09:15:50.217+0000] {processor.py:157} INFO - Started process (PID=5409) to work on /opt/airflow/dags/4_advances_features/2_xcom_dag.py
[2023-08-25T09:15:50.218+0000] {processor.py:829} INFO - Processing file /opt/airflow/dags/4_advances_features/2_xcom_dag.py for tasks to queue
[2023-08-25T09:15:50.219+0000] {logging_mixin.py:151} INFO - [2023-08-25T09:15:50.218+0000] {dagbag.py:539} INFO - Filling up the DagBag from /opt/airflow/dags/4_advances_features/2_xcom_dag.py
[2023-08-25T09:15:50.229+0000] {processor.py:839} INFO - DAG(s) dict_keys(['xcom_example_dag']) retrieved from /opt/airflow/dags/4_advances_features/2_xcom_dag.py
[2023-08-25T09:15:50.262+0000] {logging_mixin.py:151} INFO - [2023-08-25T09:15:50.261+0000] {dag.py:2907} INFO - Sync 1 DAGs
[2023-08-25T09:15:50.275+0000] {logging_mixin.py:151} INFO - [2023-08-25T09:15:50.275+0000] {dag.py:3677} INFO - Setting next_dagrun for xcom_example_dag to 2023-08-24T00:00:00+00:00, run_after=2023-08-25T00:00:00+00:00
[2023-08-25T09:15:50.287+0000] {processor.py:179} INFO - Processing /opt/airflow/dags/4_advances_features/2_xcom_dag.py took 0.073 seconds
[2023-08-25T09:16:20.955+0000] {processor.py:157} INFO - Started process (PID=5431) to work on /opt/airflow/dags/4_advances_features/2_xcom_dag.py
[2023-08-25T09:16:20.956+0000] {processor.py:829} INFO - Processing file /opt/airflow/dags/4_advances_features/2_xcom_dag.py for tasks to queue
[2023-08-25T09:16:20.957+0000] {logging_mixin.py:151} INFO - [2023-08-25T09:16:20.956+0000] {dagbag.py:539} INFO - Filling up the DagBag from /opt/airflow/dags/4_advances_features/2_xcom_dag.py
[2023-08-25T09:16:20.967+0000] {processor.py:839} INFO - DAG(s) dict_keys(['xcom_example_dag']) retrieved from /opt/airflow/dags/4_advances_features/2_xcom_dag.py
[2023-08-25T09:16:20.988+0000] {logging_mixin.py:151} INFO - [2023-08-25T09:16:20.988+0000] {dag.py:2907} INFO - Sync 1 DAGs
[2023-08-25T09:16:21.002+0000] {logging_mixin.py:151} INFO - [2023-08-25T09:16:21.002+0000] {dag.py:3677} INFO - Setting next_dagrun for xcom_example_dag to 2023-08-24T00:00:00+00:00, run_after=2023-08-25T00:00:00+00:00
[2023-08-25T09:16:21.013+0000] {processor.py:179} INFO - Processing /opt/airflow/dags/4_advances_features/2_xcom_dag.py took 0.061 seconds
[2023-08-25T09:16:51.770+0000] {processor.py:157} INFO - Started process (PID=5447) to work on /opt/airflow/dags/4_advances_features/2_xcom_dag.py
[2023-08-25T09:16:51.771+0000] {processor.py:829} INFO - Processing file /opt/airflow/dags/4_advances_features/2_xcom_dag.py for tasks to queue
[2023-08-25T09:16:51.772+0000] {logging_mixin.py:151} INFO - [2023-08-25T09:16:51.771+0000] {dagbag.py:539} INFO - Filling up the DagBag from /opt/airflow/dags/4_advances_features/2_xcom_dag.py
[2023-08-25T09:16:51.781+0000] {processor.py:839} INFO - DAG(s) dict_keys(['xcom_example_dag']) retrieved from /opt/airflow/dags/4_advances_features/2_xcom_dag.py
[2023-08-25T09:16:51.804+0000] {logging_mixin.py:151} INFO - [2023-08-25T09:16:51.803+0000] {dag.py:2907} INFO - Sync 1 DAGs
[2023-08-25T09:16:51.816+0000] {logging_mixin.py:151} INFO - [2023-08-25T09:16:51.816+0000] {dag.py:3677} INFO - Setting next_dagrun for xcom_example_dag to 2023-08-24T00:00:00+00:00, run_after=2023-08-25T00:00:00+00:00
[2023-08-25T09:16:51.826+0000] {processor.py:179} INFO - Processing /opt/airflow/dags/4_advances_features/2_xcom_dag.py took 0.059 seconds
[2023-08-25T09:17:22.593+0000] {processor.py:157} INFO - Started process (PID=5463) to work on /opt/airflow/dags/4_advances_features/2_xcom_dag.py
[2023-08-25T09:17:22.594+0000] {processor.py:829} INFO - Processing file /opt/airflow/dags/4_advances_features/2_xcom_dag.py for tasks to queue
[2023-08-25T09:17:22.595+0000] {logging_mixin.py:151} INFO - [2023-08-25T09:17:22.595+0000] {dagbag.py:539} INFO - Filling up the DagBag from /opt/airflow/dags/4_advances_features/2_xcom_dag.py
[2023-08-25T09:17:22.605+0000] {processor.py:839} INFO - DAG(s) dict_keys(['xcom_example_dag']) retrieved from /opt/airflow/dags/4_advances_features/2_xcom_dag.py
[2023-08-25T09:17:22.627+0000] {logging_mixin.py:151} INFO - [2023-08-25T09:17:22.626+0000] {dag.py:2907} INFO - Sync 1 DAGs
[2023-08-25T09:17:22.640+0000] {logging_mixin.py:151} INFO - [2023-08-25T09:17:22.640+0000] {dag.py:3677} INFO - Setting next_dagrun for xcom_example_dag to 2023-08-24T00:00:00+00:00, run_after=2023-08-25T00:00:00+00:00
[2023-08-25T09:17:22.650+0000] {processor.py:179} INFO - Processing /opt/airflow/dags/4_advances_features/2_xcom_dag.py took 0.060 seconds
[2023-08-25T09:17:53.357+0000] {processor.py:157} INFO - Started process (PID=5479) to work on /opt/airflow/dags/4_advances_features/2_xcom_dag.py
[2023-08-25T09:17:53.359+0000] {processor.py:829} INFO - Processing file /opt/airflow/dags/4_advances_features/2_xcom_dag.py for tasks to queue
[2023-08-25T09:17:53.360+0000] {logging_mixin.py:151} INFO - [2023-08-25T09:17:53.359+0000] {dagbag.py:539} INFO - Filling up the DagBag from /opt/airflow/dags/4_advances_features/2_xcom_dag.py
[2023-08-25T09:17:53.370+0000] {processor.py:839} INFO - DAG(s) dict_keys(['xcom_example_dag']) retrieved from /opt/airflow/dags/4_advances_features/2_xcom_dag.py
[2023-08-25T09:17:53.392+0000] {logging_mixin.py:151} INFO - [2023-08-25T09:17:53.392+0000] {dag.py:2907} INFO - Sync 1 DAGs
[2023-08-25T09:17:53.405+0000] {logging_mixin.py:151} INFO - [2023-08-25T09:17:53.405+0000] {dag.py:3677} INFO - Setting next_dagrun for xcom_example_dag to 2023-08-24T00:00:00+00:00, run_after=2023-08-25T00:00:00+00:00
[2023-08-25T09:17:53.415+0000] {processor.py:179} INFO - Processing /opt/airflow/dags/4_advances_features/2_xcom_dag.py took 0.061 seconds
[2023-08-25T09:18:24.167+0000] {processor.py:157} INFO - Started process (PID=5495) to work on /opt/airflow/dags/4_advances_features/2_xcom_dag.py
[2023-08-25T09:18:24.169+0000] {processor.py:829} INFO - Processing file /opt/airflow/dags/4_advances_features/2_xcom_dag.py for tasks to queue
[2023-08-25T09:18:24.170+0000] {logging_mixin.py:151} INFO - [2023-08-25T09:18:24.169+0000] {dagbag.py:539} INFO - Filling up the DagBag from /opt/airflow/dags/4_advances_features/2_xcom_dag.py
[2023-08-25T09:18:24.180+0000] {processor.py:839} INFO - DAG(s) dict_keys(['xcom_example_dag']) retrieved from /opt/airflow/dags/4_advances_features/2_xcom_dag.py
[2023-08-25T09:18:24.204+0000] {logging_mixin.py:151} INFO - [2023-08-25T09:18:24.204+0000] {dag.py:2907} INFO - Sync 1 DAGs
[2023-08-25T09:18:24.219+0000] {logging_mixin.py:151} INFO - [2023-08-25T09:18:24.219+0000] {dag.py:3677} INFO - Setting next_dagrun for xcom_example_dag to 2023-08-24T00:00:00+00:00, run_after=2023-08-25T00:00:00+00:00
[2023-08-25T09:18:24.231+0000] {processor.py:179} INFO - Processing /opt/airflow/dags/4_advances_features/2_xcom_dag.py took 0.066 seconds
[2023-08-25T09:18:55.000+0000] {processor.py:157} INFO - Started process (PID=5511) to work on /opt/airflow/dags/4_advances_features/2_xcom_dag.py
[2023-08-25T09:18:55.001+0000] {processor.py:829} INFO - Processing file /opt/airflow/dags/4_advances_features/2_xcom_dag.py for tasks to queue
[2023-08-25T09:18:55.002+0000] {logging_mixin.py:151} INFO - [2023-08-25T09:18:55.002+0000] {dagbag.py:539} INFO - Filling up the DagBag from /opt/airflow/dags/4_advances_features/2_xcom_dag.py
[2023-08-25T09:18:55.012+0000] {processor.py:839} INFO - DAG(s) dict_keys(['xcom_example_dag']) retrieved from /opt/airflow/dags/4_advances_features/2_xcom_dag.py
[2023-08-25T09:18:55.034+0000] {logging_mixin.py:151} INFO - [2023-08-25T09:18:55.034+0000] {dag.py:2907} INFO - Sync 1 DAGs
[2023-08-25T09:18:55.047+0000] {logging_mixin.py:151} INFO - [2023-08-25T09:18:55.047+0000] {dag.py:3677} INFO - Setting next_dagrun for xcom_example_dag to 2023-08-24T00:00:00+00:00, run_after=2023-08-25T00:00:00+00:00
[2023-08-25T09:18:55.057+0000] {processor.py:179} INFO - Processing /opt/airflow/dags/4_advances_features/2_xcom_dag.py took 0.059 seconds
[2023-08-25T09:19:25.729+0000] {processor.py:157} INFO - Started process (PID=5527) to work on /opt/airflow/dags/4_advances_features/2_xcom_dag.py
[2023-08-25T09:19:25.730+0000] {processor.py:829} INFO - Processing file /opt/airflow/dags/4_advances_features/2_xcom_dag.py for tasks to queue
[2023-08-25T09:19:25.731+0000] {logging_mixin.py:151} INFO - [2023-08-25T09:19:25.731+0000] {dagbag.py:539} INFO - Filling up the DagBag from /opt/airflow/dags/4_advances_features/2_xcom_dag.py
[2023-08-25T09:19:25.741+0000] {processor.py:839} INFO - DAG(s) dict_keys(['xcom_example_dag']) retrieved from /opt/airflow/dags/4_advances_features/2_xcom_dag.py
[2023-08-25T09:19:25.762+0000] {logging_mixin.py:151} INFO - [2023-08-25T09:19:25.762+0000] {dag.py:2907} INFO - Sync 1 DAGs
[2023-08-25T09:19:25.775+0000] {logging_mixin.py:151} INFO - [2023-08-25T09:19:25.775+0000] {dag.py:3677} INFO - Setting next_dagrun for xcom_example_dag to 2023-08-24T00:00:00+00:00, run_after=2023-08-25T00:00:00+00:00
[2023-08-25T09:19:25.786+0000] {processor.py:179} INFO - Processing /opt/airflow/dags/4_advances_features/2_xcom_dag.py took 0.059 seconds
[2023-08-25T09:19:56.431+0000] {processor.py:157} INFO - Started process (PID=5543) to work on /opt/airflow/dags/4_advances_features/2_xcom_dag.py
[2023-08-25T09:19:56.433+0000] {processor.py:829} INFO - Processing file /opt/airflow/dags/4_advances_features/2_xcom_dag.py for tasks to queue
[2023-08-25T09:19:56.434+0000] {logging_mixin.py:151} INFO - [2023-08-25T09:19:56.433+0000] {dagbag.py:539} INFO - Filling up the DagBag from /opt/airflow/dags/4_advances_features/2_xcom_dag.py
[2023-08-25T09:19:56.444+0000] {processor.py:839} INFO - DAG(s) dict_keys(['xcom_example_dag']) retrieved from /opt/airflow/dags/4_advances_features/2_xcom_dag.py
[2023-08-25T09:19:56.466+0000] {logging_mixin.py:151} INFO - [2023-08-25T09:19:56.466+0000] {dag.py:2907} INFO - Sync 1 DAGs
[2023-08-25T09:19:56.480+0000] {logging_mixin.py:151} INFO - [2023-08-25T09:19:56.480+0000] {dag.py:3677} INFO - Setting next_dagrun for xcom_example_dag to 2023-08-24T00:00:00+00:00, run_after=2023-08-25T00:00:00+00:00
[2023-08-25T09:19:56.491+0000] {processor.py:179} INFO - Processing /opt/airflow/dags/4_advances_features/2_xcom_dag.py took 0.062 seconds
[2023-08-25T09:20:27.210+0000] {processor.py:157} INFO - Started process (PID=5559) to work on /opt/airflow/dags/4_advances_features/2_xcom_dag.py
[2023-08-25T09:20:27.211+0000] {processor.py:829} INFO - Processing file /opt/airflow/dags/4_advances_features/2_xcom_dag.py for tasks to queue
[2023-08-25T09:20:27.213+0000] {logging_mixin.py:151} INFO - [2023-08-25T09:20:27.212+0000] {dagbag.py:539} INFO - Filling up the DagBag from /opt/airflow/dags/4_advances_features/2_xcom_dag.py
[2023-08-25T09:20:27.224+0000] {processor.py:839} INFO - DAG(s) dict_keys(['xcom_example_dag']) retrieved from /opt/airflow/dags/4_advances_features/2_xcom_dag.py
[2023-08-25T09:20:27.248+0000] {logging_mixin.py:151} INFO - [2023-08-25T09:20:27.248+0000] {dag.py:2907} INFO - Sync 1 DAGs
[2023-08-25T09:20:27.263+0000] {logging_mixin.py:151} INFO - [2023-08-25T09:20:27.263+0000] {dag.py:3677} INFO - Setting next_dagrun for xcom_example_dag to 2023-08-24T00:00:00+00:00, run_after=2023-08-25T00:00:00+00:00
[2023-08-25T09:20:27.276+0000] {processor.py:179} INFO - Processing /opt/airflow/dags/4_advances_features/2_xcom_dag.py took 0.068 seconds
[2023-08-25T09:20:57.932+0000] {processor.py:157} INFO - Started process (PID=5575) to work on /opt/airflow/dags/4_advances_features/2_xcom_dag.py
[2023-08-25T09:20:57.933+0000] {processor.py:829} INFO - Processing file /opt/airflow/dags/4_advances_features/2_xcom_dag.py for tasks to queue
[2023-08-25T09:20:57.934+0000] {logging_mixin.py:151} INFO - [2023-08-25T09:20:57.933+0000] {dagbag.py:539} INFO - Filling up the DagBag from /opt/airflow/dags/4_advances_features/2_xcom_dag.py
[2023-08-25T09:20:57.943+0000] {processor.py:839} INFO - DAG(s) dict_keys(['xcom_example_dag']) retrieved from /opt/airflow/dags/4_advances_features/2_xcom_dag.py
[2023-08-25T09:20:57.966+0000] {logging_mixin.py:151} INFO - [2023-08-25T09:20:57.966+0000] {dag.py:2907} INFO - Sync 1 DAGs
[2023-08-25T09:20:57.979+0000] {logging_mixin.py:151} INFO - [2023-08-25T09:20:57.979+0000] {dag.py:3677} INFO - Setting next_dagrun for xcom_example_dag to 2023-08-24T00:00:00+00:00, run_after=2023-08-25T00:00:00+00:00
[2023-08-25T09:20:57.989+0000] {processor.py:179} INFO - Processing /opt/airflow/dags/4_advances_features/2_xcom_dag.py took 0.061 seconds
[2023-08-25T09:21:28.622+0000] {processor.py:157} INFO - Started process (PID=5591) to work on /opt/airflow/dags/4_advances_features/2_xcom_dag.py
[2023-08-25T09:21:28.624+0000] {processor.py:829} INFO - Processing file /opt/airflow/dags/4_advances_features/2_xcom_dag.py for tasks to queue
[2023-08-25T09:21:28.625+0000] {logging_mixin.py:151} INFO - [2023-08-25T09:21:28.624+0000] {dagbag.py:539} INFO - Filling up the DagBag from /opt/airflow/dags/4_advances_features/2_xcom_dag.py
[2023-08-25T09:21:28.635+0000] {processor.py:839} INFO - DAG(s) dict_keys(['xcom_example_dag']) retrieved from /opt/airflow/dags/4_advances_features/2_xcom_dag.py
[2023-08-25T09:21:28.656+0000] {logging_mixin.py:151} INFO - [2023-08-25T09:21:28.656+0000] {dag.py:2907} INFO - Sync 1 DAGs
[2023-08-25T09:21:28.670+0000] {logging_mixin.py:151} INFO - [2023-08-25T09:21:28.669+0000] {dag.py:3677} INFO - Setting next_dagrun for xcom_example_dag to 2023-08-24T00:00:00+00:00, run_after=2023-08-25T00:00:00+00:00
[2023-08-25T09:21:28.679+0000] {processor.py:179} INFO - Processing /opt/airflow/dags/4_advances_features/2_xcom_dag.py took 0.060 seconds
[2023-08-25T09:21:59.303+0000] {processor.py:157} INFO - Started process (PID=5607) to work on /opt/airflow/dags/4_advances_features/2_xcom_dag.py
[2023-08-25T09:21:59.304+0000] {processor.py:829} INFO - Processing file /opt/airflow/dags/4_advances_features/2_xcom_dag.py for tasks to queue
[2023-08-25T09:21:59.305+0000] {logging_mixin.py:151} INFO - [2023-08-25T09:21:59.304+0000] {dagbag.py:539} INFO - Filling up the DagBag from /opt/airflow/dags/4_advances_features/2_xcom_dag.py
[2023-08-25T09:21:59.315+0000] {processor.py:839} INFO - DAG(s) dict_keys(['xcom_example_dag']) retrieved from /opt/airflow/dags/4_advances_features/2_xcom_dag.py
[2023-08-25T09:21:59.337+0000] {logging_mixin.py:151} INFO - [2023-08-25T09:21:59.337+0000] {dag.py:2907} INFO - Sync 1 DAGs
[2023-08-25T09:21:59.351+0000] {logging_mixin.py:151} INFO - [2023-08-25T09:21:59.350+0000] {dag.py:3677} INFO - Setting next_dagrun for xcom_example_dag to 2023-08-24T00:00:00+00:00, run_after=2023-08-25T00:00:00+00:00
[2023-08-25T09:21:59.361+0000] {processor.py:179} INFO - Processing /opt/airflow/dags/4_advances_features/2_xcom_dag.py took 0.061 seconds
[2023-08-25T09:22:30.123+0000] {processor.py:157} INFO - Started process (PID=5622) to work on /opt/airflow/dags/4_advances_features/2_xcom_dag.py
[2023-08-25T09:22:30.124+0000] {processor.py:829} INFO - Processing file /opt/airflow/dags/4_advances_features/2_xcom_dag.py for tasks to queue
[2023-08-25T09:22:30.125+0000] {logging_mixin.py:151} INFO - [2023-08-25T09:22:30.125+0000] {dagbag.py:539} INFO - Filling up the DagBag from /opt/airflow/dags/4_advances_features/2_xcom_dag.py
[2023-08-25T09:22:30.134+0000] {processor.py:839} INFO - DAG(s) dict_keys(['xcom_example_dag']) retrieved from /opt/airflow/dags/4_advances_features/2_xcom_dag.py
[2023-08-25T09:22:30.155+0000] {logging_mixin.py:151} INFO - [2023-08-25T09:22:30.155+0000] {dag.py:2907} INFO - Sync 1 DAGs
[2023-08-25T09:22:30.169+0000] {logging_mixin.py:151} INFO - [2023-08-25T09:22:30.169+0000] {dag.py:3677} INFO - Setting next_dagrun for xcom_example_dag to 2023-08-24T00:00:00+00:00, run_after=2023-08-25T00:00:00+00:00
[2023-08-25T09:22:30.180+0000] {processor.py:179} INFO - Processing /opt/airflow/dags/4_advances_features/2_xcom_dag.py took 0.059 seconds
[2023-08-25T09:23:00.911+0000] {processor.py:157} INFO - Started process (PID=5638) to work on /opt/airflow/dags/4_advances_features/2_xcom_dag.py
[2023-08-25T09:23:00.912+0000] {processor.py:829} INFO - Processing file /opt/airflow/dags/4_advances_features/2_xcom_dag.py for tasks to queue
[2023-08-25T09:23:00.913+0000] {logging_mixin.py:151} INFO - [2023-08-25T09:23:00.912+0000] {dagbag.py:539} INFO - Filling up the DagBag from /opt/airflow/dags/4_advances_features/2_xcom_dag.py
[2023-08-25T09:23:00.923+0000] {processor.py:839} INFO - DAG(s) dict_keys(['xcom_example_dag']) retrieved from /opt/airflow/dags/4_advances_features/2_xcom_dag.py
[2023-08-25T09:23:00.945+0000] {logging_mixin.py:151} INFO - [2023-08-25T09:23:00.945+0000] {dag.py:2907} INFO - Sync 1 DAGs
[2023-08-25T09:23:00.958+0000] {logging_mixin.py:151} INFO - [2023-08-25T09:23:00.957+0000] {dag.py:3677} INFO - Setting next_dagrun for xcom_example_dag to 2023-08-24T00:00:00+00:00, run_after=2023-08-25T00:00:00+00:00
[2023-08-25T09:23:00.969+0000] {processor.py:179} INFO - Processing /opt/airflow/dags/4_advances_features/2_xcom_dag.py took 0.061 seconds
[2023-08-25T09:23:31.621+0000] {processor.py:157} INFO - Started process (PID=5654) to work on /opt/airflow/dags/4_advances_features/2_xcom_dag.py
[2023-08-25T09:23:31.622+0000] {processor.py:829} INFO - Processing file /opt/airflow/dags/4_advances_features/2_xcom_dag.py for tasks to queue
[2023-08-25T09:23:31.623+0000] {logging_mixin.py:151} INFO - [2023-08-25T09:23:31.622+0000] {dagbag.py:539} INFO - Filling up the DagBag from /opt/airflow/dags/4_advances_features/2_xcom_dag.py
[2023-08-25T09:23:31.633+0000] {processor.py:839} INFO - DAG(s) dict_keys(['xcom_example_dag']) retrieved from /opt/airflow/dags/4_advances_features/2_xcom_dag.py
[2023-08-25T09:23:31.654+0000] {logging_mixin.py:151} INFO - [2023-08-25T09:23:31.654+0000] {dag.py:2907} INFO - Sync 1 DAGs
[2023-08-25T09:23:31.667+0000] {logging_mixin.py:151} INFO - [2023-08-25T09:23:31.667+0000] {dag.py:3677} INFO - Setting next_dagrun for xcom_example_dag to 2023-08-24T00:00:00+00:00, run_after=2023-08-25T00:00:00+00:00
[2023-08-25T09:23:31.678+0000] {processor.py:179} INFO - Processing /opt/airflow/dags/4_advances_features/2_xcom_dag.py took 0.060 seconds
[2023-08-25T09:24:02.422+0000] {processor.py:157} INFO - Started process (PID=5670) to work on /opt/airflow/dags/4_advances_features/2_xcom_dag.py
[2023-08-25T09:24:02.423+0000] {processor.py:829} INFO - Processing file /opt/airflow/dags/4_advances_features/2_xcom_dag.py for tasks to queue
[2023-08-25T09:24:02.424+0000] {logging_mixin.py:151} INFO - [2023-08-25T09:24:02.424+0000] {dagbag.py:539} INFO - Filling up the DagBag from /opt/airflow/dags/4_advances_features/2_xcom_dag.py
[2023-08-25T09:24:02.434+0000] {processor.py:839} INFO - DAG(s) dict_keys(['xcom_example_dag']) retrieved from /opt/airflow/dags/4_advances_features/2_xcom_dag.py
[2023-08-25T09:24:02.456+0000] {logging_mixin.py:151} INFO - [2023-08-25T09:24:02.456+0000] {dag.py:2907} INFO - Sync 1 DAGs
[2023-08-25T09:24:02.468+0000] {logging_mixin.py:151} INFO - [2023-08-25T09:24:02.468+0000] {dag.py:3677} INFO - Setting next_dagrun for xcom_example_dag to 2023-08-24T00:00:00+00:00, run_after=2023-08-25T00:00:00+00:00
[2023-08-25T09:24:02.480+0000] {processor.py:179} INFO - Processing /opt/airflow/dags/4_advances_features/2_xcom_dag.py took 0.061 seconds
[2023-08-25T09:24:33.200+0000] {processor.py:157} INFO - Started process (PID=5686) to work on /opt/airflow/dags/4_advances_features/2_xcom_dag.py
[2023-08-25T09:24:33.201+0000] {processor.py:829} INFO - Processing file /opt/airflow/dags/4_advances_features/2_xcom_dag.py for tasks to queue
[2023-08-25T09:24:33.201+0000] {logging_mixin.py:151} INFO - [2023-08-25T09:24:33.201+0000] {dagbag.py:539} INFO - Filling up the DagBag from /opt/airflow/dags/4_advances_features/2_xcom_dag.py
[2023-08-25T09:24:33.211+0000] {processor.py:839} INFO - DAG(s) dict_keys(['xcom_example_dag']) retrieved from /opt/airflow/dags/4_advances_features/2_xcom_dag.py
[2023-08-25T09:24:33.233+0000] {logging_mixin.py:151} INFO - [2023-08-25T09:24:33.232+0000] {dag.py:2907} INFO - Sync 1 DAGs
[2023-08-25T09:24:33.246+0000] {logging_mixin.py:151} INFO - [2023-08-25T09:24:33.246+0000] {dag.py:3677} INFO - Setting next_dagrun for xcom_example_dag to 2023-08-24T00:00:00+00:00, run_after=2023-08-25T00:00:00+00:00
[2023-08-25T09:24:33.257+0000] {processor.py:179} INFO - Processing /opt/airflow/dags/4_advances_features/2_xcom_dag.py took 0.060 seconds
[2023-08-25T09:25:04.059+0000] {processor.py:157} INFO - Started process (PID=5702) to work on /opt/airflow/dags/4_advances_features/2_xcom_dag.py
[2023-08-25T09:25:04.061+0000] {processor.py:829} INFO - Processing file /opt/airflow/dags/4_advances_features/2_xcom_dag.py for tasks to queue
[2023-08-25T09:25:04.062+0000] {logging_mixin.py:151} INFO - [2023-08-25T09:25:04.061+0000] {dagbag.py:539} INFO - Filling up the DagBag from /opt/airflow/dags/4_advances_features/2_xcom_dag.py
[2023-08-25T09:25:04.076+0000] {processor.py:839} INFO - DAG(s) dict_keys(['xcom_example_dag']) retrieved from /opt/airflow/dags/4_advances_features/2_xcom_dag.py
[2023-08-25T09:25:04.100+0000] {logging_mixin.py:151} INFO - [2023-08-25T09:25:04.100+0000] {dag.py:2907} INFO - Sync 1 DAGs
[2023-08-25T09:25:04.115+0000] {logging_mixin.py:151} INFO - [2023-08-25T09:25:04.114+0000] {dag.py:3677} INFO - Setting next_dagrun for xcom_example_dag to 2023-08-24T00:00:00+00:00, run_after=2023-08-25T00:00:00+00:00
[2023-08-25T09:25:04.126+0000] {processor.py:179} INFO - Processing /opt/airflow/dags/4_advances_features/2_xcom_dag.py took 0.070 seconds
[2023-08-25T09:25:34.749+0000] {processor.py:157} INFO - Started process (PID=5718) to work on /opt/airflow/dags/4_advances_features/2_xcom_dag.py
[2023-08-25T09:25:34.750+0000] {processor.py:829} INFO - Processing file /opt/airflow/dags/4_advances_features/2_xcom_dag.py for tasks to queue
[2023-08-25T09:25:34.751+0000] {logging_mixin.py:151} INFO - [2023-08-25T09:25:34.751+0000] {dagbag.py:539} INFO - Filling up the DagBag from /opt/airflow/dags/4_advances_features/2_xcom_dag.py
[2023-08-25T09:25:34.764+0000] {processor.py:839} INFO - DAG(s) dict_keys(['xcom_example_dag']) retrieved from /opt/airflow/dags/4_advances_features/2_xcom_dag.py
[2023-08-25T09:25:34.788+0000] {logging_mixin.py:151} INFO - [2023-08-25T09:25:34.788+0000] {dag.py:2907} INFO - Sync 1 DAGs
[2023-08-25T09:25:34.803+0000] {logging_mixin.py:151} INFO - [2023-08-25T09:25:34.802+0000] {dag.py:3677} INFO - Setting next_dagrun for xcom_example_dag to 2023-08-24T00:00:00+00:00, run_after=2023-08-25T00:00:00+00:00
[2023-08-25T09:25:34.818+0000] {processor.py:179} INFO - Processing /opt/airflow/dags/4_advances_features/2_xcom_dag.py took 0.072 seconds
[2023-08-25T09:26:05.558+0000] {processor.py:157} INFO - Started process (PID=5734) to work on /opt/airflow/dags/4_advances_features/2_xcom_dag.py
[2023-08-25T09:26:05.559+0000] {processor.py:829} INFO - Processing file /opt/airflow/dags/4_advances_features/2_xcom_dag.py for tasks to queue
[2023-08-25T09:26:05.560+0000] {logging_mixin.py:151} INFO - [2023-08-25T09:26:05.560+0000] {dagbag.py:539} INFO - Filling up the DagBag from /opt/airflow/dags/4_advances_features/2_xcom_dag.py
[2023-08-25T09:26:05.571+0000] {processor.py:839} INFO - DAG(s) dict_keys(['xcom_example_dag']) retrieved from /opt/airflow/dags/4_advances_features/2_xcom_dag.py
[2023-08-25T09:26:05.593+0000] {logging_mixin.py:151} INFO - [2023-08-25T09:26:05.593+0000] {dag.py:2907} INFO - Sync 1 DAGs
[2023-08-25T09:26:05.606+0000] {logging_mixin.py:151} INFO - [2023-08-25T09:26:05.605+0000] {dag.py:3677} INFO - Setting next_dagrun for xcom_example_dag to 2023-08-24T00:00:00+00:00, run_after=2023-08-25T00:00:00+00:00
[2023-08-25T09:26:05.617+0000] {processor.py:179} INFO - Processing /opt/airflow/dags/4_advances_features/2_xcom_dag.py took 0.062 seconds
[2023-08-25T09:26:36.331+0000] {processor.py:157} INFO - Started process (PID=5750) to work on /opt/airflow/dags/4_advances_features/2_xcom_dag.py
[2023-08-25T09:26:36.333+0000] {processor.py:829} INFO - Processing file /opt/airflow/dags/4_advances_features/2_xcom_dag.py for tasks to queue
[2023-08-25T09:26:36.334+0000] {logging_mixin.py:151} INFO - [2023-08-25T09:26:36.334+0000] {dagbag.py:539} INFO - Filling up the DagBag from /opt/airflow/dags/4_advances_features/2_xcom_dag.py
[2023-08-25T09:26:36.344+0000] {processor.py:839} INFO - DAG(s) dict_keys(['xcom_example_dag']) retrieved from /opt/airflow/dags/4_advances_features/2_xcom_dag.py
[2023-08-25T09:26:36.365+0000] {logging_mixin.py:151} INFO - [2023-08-25T09:26:36.365+0000] {dag.py:2907} INFO - Sync 1 DAGs
[2023-08-25T09:26:36.379+0000] {logging_mixin.py:151} INFO - [2023-08-25T09:26:36.379+0000] {dag.py:3677} INFO - Setting next_dagrun for xcom_example_dag to 2023-08-24T00:00:00+00:00, run_after=2023-08-25T00:00:00+00:00
[2023-08-25T09:26:36.390+0000] {processor.py:179} INFO - Processing /opt/airflow/dags/4_advances_features/2_xcom_dag.py took 0.062 seconds
[2023-08-25T09:27:07.203+0000] {processor.py:157} INFO - Started process (PID=5766) to work on /opt/airflow/dags/4_advances_features/2_xcom_dag.py
[2023-08-25T09:27:07.204+0000] {processor.py:829} INFO - Processing file /opt/airflow/dags/4_advances_features/2_xcom_dag.py for tasks to queue
[2023-08-25T09:27:07.205+0000] {logging_mixin.py:151} INFO - [2023-08-25T09:27:07.205+0000] {dagbag.py:539} INFO - Filling up the DagBag from /opt/airflow/dags/4_advances_features/2_xcom_dag.py
[2023-08-25T09:27:07.216+0000] {processor.py:839} INFO - DAG(s) dict_keys(['xcom_example_dag']) retrieved from /opt/airflow/dags/4_advances_features/2_xcom_dag.py
[2023-08-25T09:27:07.238+0000] {logging_mixin.py:151} INFO - [2023-08-25T09:27:07.238+0000] {dag.py:2907} INFO - Sync 1 DAGs
[2023-08-25T09:27:07.252+0000] {logging_mixin.py:151} INFO - [2023-08-25T09:27:07.252+0000] {dag.py:3677} INFO - Setting next_dagrun for xcom_example_dag to 2023-08-24T00:00:00+00:00, run_after=2023-08-25T00:00:00+00:00
[2023-08-25T09:27:07.264+0000] {processor.py:179} INFO - Processing /opt/airflow/dags/4_advances_features/2_xcom_dag.py took 0.064 seconds
[2023-08-25T09:27:38.060+0000] {processor.py:157} INFO - Started process (PID=5781) to work on /opt/airflow/dags/4_advances_features/2_xcom_dag.py
[2023-08-25T09:27:38.061+0000] {processor.py:829} INFO - Processing file /opt/airflow/dags/4_advances_features/2_xcom_dag.py for tasks to queue
[2023-08-25T09:27:38.062+0000] {logging_mixin.py:151} INFO - [2023-08-25T09:27:38.061+0000] {dagbag.py:539} INFO - Filling up the DagBag from /opt/airflow/dags/4_advances_features/2_xcom_dag.py
[2023-08-25T09:27:38.072+0000] {processor.py:839} INFO - DAG(s) dict_keys(['xcom_example_dag']) retrieved from /opt/airflow/dags/4_advances_features/2_xcom_dag.py
[2023-08-25T09:27:38.103+0000] {logging_mixin.py:151} INFO - [2023-08-25T09:27:38.103+0000] {dag.py:2907} INFO - Sync 1 DAGs
[2023-08-25T09:27:38.117+0000] {logging_mixin.py:151} INFO - [2023-08-25T09:27:38.116+0000] {dag.py:3677} INFO - Setting next_dagrun for xcom_example_dag to 2023-08-24T00:00:00+00:00, run_after=2023-08-25T00:00:00+00:00
[2023-08-25T09:27:38.127+0000] {processor.py:179} INFO - Processing /opt/airflow/dags/4_advances_features/2_xcom_dag.py took 0.070 seconds
[2023-08-25T09:28:08.877+0000] {processor.py:157} INFO - Started process (PID=5797) to work on /opt/airflow/dags/4_advances_features/2_xcom_dag.py
[2023-08-25T09:28:08.879+0000] {processor.py:829} INFO - Processing file /opt/airflow/dags/4_advances_features/2_xcom_dag.py for tasks to queue
[2023-08-25T09:28:08.880+0000] {logging_mixin.py:151} INFO - [2023-08-25T09:28:08.880+0000] {dagbag.py:539} INFO - Filling up the DagBag from /opt/airflow/dags/4_advances_features/2_xcom_dag.py
[2023-08-25T09:28:08.892+0000] {processor.py:839} INFO - DAG(s) dict_keys(['xcom_example_dag']) retrieved from /opt/airflow/dags/4_advances_features/2_xcom_dag.py
[2023-08-25T09:28:08.915+0000] {logging_mixin.py:151} INFO - [2023-08-25T09:28:08.915+0000] {dag.py:2907} INFO - Sync 1 DAGs
[2023-08-25T09:28:08.930+0000] {logging_mixin.py:151} INFO - [2023-08-25T09:28:08.930+0000] {dag.py:3677} INFO - Setting next_dagrun for xcom_example_dag to 2023-08-24T00:00:00+00:00, run_after=2023-08-25T00:00:00+00:00
[2023-08-25T09:28:08.944+0000] {processor.py:179} INFO - Processing /opt/airflow/dags/4_advances_features/2_xcom_dag.py took 0.069 seconds
[2023-08-25T09:28:39.621+0000] {processor.py:157} INFO - Started process (PID=5813) to work on /opt/airflow/dags/4_advances_features/2_xcom_dag.py
[2023-08-25T09:28:39.623+0000] {processor.py:829} INFO - Processing file /opt/airflow/dags/4_advances_features/2_xcom_dag.py for tasks to queue
[2023-08-25T09:28:39.624+0000] {logging_mixin.py:151} INFO - [2023-08-25T09:28:39.623+0000] {dagbag.py:539} INFO - Filling up the DagBag from /opt/airflow/dags/4_advances_features/2_xcom_dag.py
[2023-08-25T09:28:39.633+0000] {processor.py:839} INFO - DAG(s) dict_keys(['xcom_example_dag']) retrieved from /opt/airflow/dags/4_advances_features/2_xcom_dag.py
[2023-08-25T09:28:39.655+0000] {logging_mixin.py:151} INFO - [2023-08-25T09:28:39.655+0000] {dag.py:2907} INFO - Sync 1 DAGs
[2023-08-25T09:28:39.668+0000] {logging_mixin.py:151} INFO - [2023-08-25T09:28:39.668+0000] {dag.py:3677} INFO - Setting next_dagrun for xcom_example_dag to 2023-08-24T00:00:00+00:00, run_after=2023-08-25T00:00:00+00:00
[2023-08-25T09:28:39.679+0000] {processor.py:179} INFO - Processing /opt/airflow/dags/4_advances_features/2_xcom_dag.py took 0.060 seconds
[2023-08-25T09:29:10.355+0000] {processor.py:157} INFO - Started process (PID=5829) to work on /opt/airflow/dags/4_advances_features/2_xcom_dag.py
[2023-08-25T09:29:10.356+0000] {processor.py:829} INFO - Processing file /opt/airflow/dags/4_advances_features/2_xcom_dag.py for tasks to queue
[2023-08-25T09:29:10.357+0000] {logging_mixin.py:151} INFO - [2023-08-25T09:29:10.357+0000] {dagbag.py:539} INFO - Filling up the DagBag from /opt/airflow/dags/4_advances_features/2_xcom_dag.py
[2023-08-25T09:29:10.366+0000] {processor.py:839} INFO - DAG(s) dict_keys(['xcom_example_dag']) retrieved from /opt/airflow/dags/4_advances_features/2_xcom_dag.py
[2023-08-25T09:29:10.388+0000] {logging_mixin.py:151} INFO - [2023-08-25T09:29:10.388+0000] {dag.py:2907} INFO - Sync 1 DAGs
[2023-08-25T09:29:10.401+0000] {logging_mixin.py:151} INFO - [2023-08-25T09:29:10.401+0000] {dag.py:3677} INFO - Setting next_dagrun for xcom_example_dag to 2023-08-24T00:00:00+00:00, run_after=2023-08-25T00:00:00+00:00
[2023-08-25T09:29:10.411+0000] {processor.py:179} INFO - Processing /opt/airflow/dags/4_advances_features/2_xcom_dag.py took 0.058 seconds
[2023-08-25T09:29:41.196+0000] {processor.py:157} INFO - Started process (PID=5845) to work on /opt/airflow/dags/4_advances_features/2_xcom_dag.py
[2023-08-25T09:29:41.198+0000] {processor.py:829} INFO - Processing file /opt/airflow/dags/4_advances_features/2_xcom_dag.py for tasks to queue
[2023-08-25T09:29:41.199+0000] {logging_mixin.py:151} INFO - [2023-08-25T09:29:41.198+0000] {dagbag.py:539} INFO - Filling up the DagBag from /opt/airflow/dags/4_advances_features/2_xcom_dag.py
[2023-08-25T09:29:41.208+0000] {processor.py:839} INFO - DAG(s) dict_keys(['xcom_example_dag']) retrieved from /opt/airflow/dags/4_advances_features/2_xcom_dag.py
[2023-08-25T09:29:41.230+0000] {logging_mixin.py:151} INFO - [2023-08-25T09:29:41.230+0000] {dag.py:2907} INFO - Sync 1 DAGs
[2023-08-25T09:29:41.243+0000] {logging_mixin.py:151} INFO - [2023-08-25T09:29:41.243+0000] {dag.py:3677} INFO - Setting next_dagrun for xcom_example_dag to 2023-08-24T00:00:00+00:00, run_after=2023-08-25T00:00:00+00:00
[2023-08-25T09:29:41.253+0000] {processor.py:179} INFO - Processing /opt/airflow/dags/4_advances_features/2_xcom_dag.py took 0.060 seconds
[2023-08-25T09:30:11.964+0000] {processor.py:157} INFO - Started process (PID=5861) to work on /opt/airflow/dags/4_advances_features/2_xcom_dag.py
[2023-08-25T09:30:11.965+0000] {processor.py:829} INFO - Processing file /opt/airflow/dags/4_advances_features/2_xcom_dag.py for tasks to queue
[2023-08-25T09:30:11.966+0000] {logging_mixin.py:151} INFO - [2023-08-25T09:30:11.966+0000] {dagbag.py:539} INFO - Filling up the DagBag from /opt/airflow/dags/4_advances_features/2_xcom_dag.py
[2023-08-25T09:30:11.976+0000] {processor.py:839} INFO - DAG(s) dict_keys(['xcom_example_dag']) retrieved from /opt/airflow/dags/4_advances_features/2_xcom_dag.py
[2023-08-25T09:30:11.996+0000] {logging_mixin.py:151} INFO - [2023-08-25T09:30:11.996+0000] {dag.py:2907} INFO - Sync 1 DAGs
[2023-08-25T09:30:12.010+0000] {logging_mixin.py:151} INFO - [2023-08-25T09:30:12.009+0000] {dag.py:3677} INFO - Setting next_dagrun for xcom_example_dag to 2023-08-24T00:00:00+00:00, run_after=2023-08-25T00:00:00+00:00
[2023-08-25T09:30:12.021+0000] {processor.py:179} INFO - Processing /opt/airflow/dags/4_advances_features/2_xcom_dag.py took 0.060 seconds
[2023-08-25T09:30:42.792+0000] {processor.py:157} INFO - Started process (PID=5877) to work on /opt/airflow/dags/4_advances_features/2_xcom_dag.py
[2023-08-25T09:30:42.793+0000] {processor.py:829} INFO - Processing file /opt/airflow/dags/4_advances_features/2_xcom_dag.py for tasks to queue
[2023-08-25T09:30:42.794+0000] {logging_mixin.py:151} INFO - [2023-08-25T09:30:42.793+0000] {dagbag.py:539} INFO - Filling up the DagBag from /opt/airflow/dags/4_advances_features/2_xcom_dag.py
[2023-08-25T09:30:42.803+0000] {processor.py:839} INFO - DAG(s) dict_keys(['xcom_example_dag']) retrieved from /opt/airflow/dags/4_advances_features/2_xcom_dag.py
[2023-08-25T09:30:42.825+0000] {logging_mixin.py:151} INFO - [2023-08-25T09:30:42.825+0000] {dag.py:2907} INFO - Sync 1 DAGs
[2023-08-25T09:30:42.838+0000] {logging_mixin.py:151} INFO - [2023-08-25T09:30:42.838+0000] {dag.py:3677} INFO - Setting next_dagrun for xcom_example_dag to 2023-08-24T00:00:00+00:00, run_after=2023-08-25T00:00:00+00:00
[2023-08-25T09:30:42.849+0000] {processor.py:179} INFO - Processing /opt/airflow/dags/4_advances_features/2_xcom_dag.py took 0.060 seconds
[2023-08-25T09:31:13.459+0000] {processor.py:157} INFO - Started process (PID=5893) to work on /opt/airflow/dags/4_advances_features/2_xcom_dag.py
[2023-08-25T09:31:13.460+0000] {processor.py:829} INFO - Processing file /opt/airflow/dags/4_advances_features/2_xcom_dag.py for tasks to queue
[2023-08-25T09:31:13.461+0000] {logging_mixin.py:151} INFO - [2023-08-25T09:31:13.461+0000] {dagbag.py:539} INFO - Filling up the DagBag from /opt/airflow/dags/4_advances_features/2_xcom_dag.py
[2023-08-25T09:31:13.472+0000] {processor.py:839} INFO - DAG(s) dict_keys(['xcom_example_dag']) retrieved from /opt/airflow/dags/4_advances_features/2_xcom_dag.py
[2023-08-25T09:31:13.493+0000] {logging_mixin.py:151} INFO - [2023-08-25T09:31:13.493+0000] {dag.py:2907} INFO - Sync 1 DAGs
[2023-08-25T09:31:13.506+0000] {logging_mixin.py:151} INFO - [2023-08-25T09:31:13.506+0000] {dag.py:3677} INFO - Setting next_dagrun for xcom_example_dag to 2023-08-24T00:00:00+00:00, run_after=2023-08-25T00:00:00+00:00
[2023-08-25T09:31:13.516+0000] {processor.py:179} INFO - Processing /opt/airflow/dags/4_advances_features/2_xcom_dag.py took 0.059 seconds
[2023-08-25T09:31:44.301+0000] {processor.py:157} INFO - Started process (PID=5909) to work on /opt/airflow/dags/4_advances_features/2_xcom_dag.py
[2023-08-25T09:31:44.302+0000] {processor.py:829} INFO - Processing file /opt/airflow/dags/4_advances_features/2_xcom_dag.py for tasks to queue
[2023-08-25T09:31:44.303+0000] {logging_mixin.py:151} INFO - [2023-08-25T09:31:44.303+0000] {dagbag.py:539} INFO - Filling up the DagBag from /opt/airflow/dags/4_advances_features/2_xcom_dag.py
[2023-08-25T09:31:44.314+0000] {processor.py:839} INFO - DAG(s) dict_keys(['xcom_example_dag']) retrieved from /opt/airflow/dags/4_advances_features/2_xcom_dag.py
[2023-08-25T09:31:44.338+0000] {logging_mixin.py:151} INFO - [2023-08-25T09:31:44.338+0000] {dag.py:2907} INFO - Sync 1 DAGs
[2023-08-25T09:31:44.352+0000] {logging_mixin.py:151} INFO - [2023-08-25T09:31:44.352+0000] {dag.py:3677} INFO - Setting next_dagrun for xcom_example_dag to 2023-08-24T00:00:00+00:00, run_after=2023-08-25T00:00:00+00:00
[2023-08-25T09:31:44.364+0000] {processor.py:179} INFO - Processing /opt/airflow/dags/4_advances_features/2_xcom_dag.py took 0.066 seconds
[2023-08-25T09:32:15.073+0000] {processor.py:157} INFO - Started process (PID=5925) to work on /opt/airflow/dags/4_advances_features/2_xcom_dag.py
[2023-08-25T09:32:15.074+0000] {processor.py:829} INFO - Processing file /opt/airflow/dags/4_advances_features/2_xcom_dag.py for tasks to queue
[2023-08-25T09:32:15.076+0000] {logging_mixin.py:151} INFO - [2023-08-25T09:32:15.075+0000] {dagbag.py:539} INFO - Filling up the DagBag from /opt/airflow/dags/4_advances_features/2_xcom_dag.py
[2023-08-25T09:32:15.086+0000] {processor.py:839} INFO - DAG(s) dict_keys(['xcom_example_dag']) retrieved from /opt/airflow/dags/4_advances_features/2_xcom_dag.py
[2023-08-25T09:32:15.107+0000] {logging_mixin.py:151} INFO - [2023-08-25T09:32:15.107+0000] {dag.py:2907} INFO - Sync 1 DAGs
[2023-08-25T09:32:15.120+0000] {logging_mixin.py:151} INFO - [2023-08-25T09:32:15.120+0000] {dag.py:3677} INFO - Setting next_dagrun for xcom_example_dag to 2023-08-24T00:00:00+00:00, run_after=2023-08-25T00:00:00+00:00
[2023-08-25T09:32:15.131+0000] {processor.py:179} INFO - Processing /opt/airflow/dags/4_advances_features/2_xcom_dag.py took 0.060 seconds
[2023-08-25T09:32:45.785+0000] {processor.py:157} INFO - Started process (PID=5941) to work on /opt/airflow/dags/4_advances_features/2_xcom_dag.py
[2023-08-25T09:32:45.786+0000] {processor.py:829} INFO - Processing file /opt/airflow/dags/4_advances_features/2_xcom_dag.py for tasks to queue
[2023-08-25T09:32:45.787+0000] {logging_mixin.py:151} INFO - [2023-08-25T09:32:45.787+0000] {dagbag.py:539} INFO - Filling up the DagBag from /opt/airflow/dags/4_advances_features/2_xcom_dag.py
[2023-08-25T09:32:45.796+0000] {processor.py:839} INFO - DAG(s) dict_keys(['xcom_example_dag']) retrieved from /opt/airflow/dags/4_advances_features/2_xcom_dag.py
[2023-08-25T09:32:45.817+0000] {logging_mixin.py:151} INFO - [2023-08-25T09:32:45.817+0000] {dag.py:2907} INFO - Sync 1 DAGs
[2023-08-25T09:32:45.831+0000] {logging_mixin.py:151} INFO - [2023-08-25T09:32:45.831+0000] {dag.py:3677} INFO - Setting next_dagrun for xcom_example_dag to 2023-08-24T00:00:00+00:00, run_after=2023-08-25T00:00:00+00:00
[2023-08-25T09:32:45.842+0000] {processor.py:179} INFO - Processing /opt/airflow/dags/4_advances_features/2_xcom_dag.py took 0.059 seconds
[2023-08-25T09:33:16.575+0000] {processor.py:157} INFO - Started process (PID=5957) to work on /opt/airflow/dags/4_advances_features/2_xcom_dag.py
[2023-08-25T09:33:16.576+0000] {processor.py:829} INFO - Processing file /opt/airflow/dags/4_advances_features/2_xcom_dag.py for tasks to queue
[2023-08-25T09:33:16.577+0000] {logging_mixin.py:151} INFO - [2023-08-25T09:33:16.577+0000] {dagbag.py:539} INFO - Filling up the DagBag from /opt/airflow/dags/4_advances_features/2_xcom_dag.py
[2023-08-25T09:33:16.587+0000] {processor.py:839} INFO - DAG(s) dict_keys(['xcom_example_dag']) retrieved from /opt/airflow/dags/4_advances_features/2_xcom_dag.py
[2023-08-25T09:33:16.612+0000] {logging_mixin.py:151} INFO - [2023-08-25T09:33:16.612+0000] {dag.py:2907} INFO - Sync 1 DAGs
[2023-08-25T09:33:16.628+0000] {logging_mixin.py:151} INFO - [2023-08-25T09:33:16.628+0000] {dag.py:3677} INFO - Setting next_dagrun for xcom_example_dag to 2023-08-24T00:00:00+00:00, run_after=2023-08-25T00:00:00+00:00
[2023-08-25T09:33:16.641+0000] {processor.py:179} INFO - Processing /opt/airflow/dags/4_advances_features/2_xcom_dag.py took 0.069 seconds
[2023-08-25T09:33:47.355+0000] {processor.py:157} INFO - Started process (PID=5984) to work on /opt/airflow/dags/4_advances_features/2_xcom_dag.py
[2023-08-25T09:33:47.356+0000] {processor.py:829} INFO - Processing file /opt/airflow/dags/4_advances_features/2_xcom_dag.py for tasks to queue
[2023-08-25T09:33:47.357+0000] {logging_mixin.py:151} INFO - [2023-08-25T09:33:47.357+0000] {dagbag.py:539} INFO - Filling up the DagBag from /opt/airflow/dags/4_advances_features/2_xcom_dag.py
[2023-08-25T09:33:47.366+0000] {processor.py:839} INFO - DAG(s) dict_keys(['xcom_example_dag']) retrieved from /opt/airflow/dags/4_advances_features/2_xcom_dag.py
[2023-08-25T09:33:47.389+0000] {logging_mixin.py:151} INFO - [2023-08-25T09:33:47.389+0000] {dag.py:2907} INFO - Sync 1 DAGs
[2023-08-25T09:33:47.402+0000] {logging_mixin.py:151} INFO - [2023-08-25T09:33:47.402+0000] {dag.py:3677} INFO - Setting next_dagrun for xcom_example_dag to 2023-08-24T00:00:00+00:00, run_after=2023-08-25T00:00:00+00:00
[2023-08-25T09:33:47.413+0000] {processor.py:179} INFO - Processing /opt/airflow/dags/4_advances_features/2_xcom_dag.py took 0.061 seconds
[2023-08-25T09:34:18.158+0000] {processor.py:157} INFO - Started process (PID=6000) to work on /opt/airflow/dags/4_advances_features/2_xcom_dag.py
[2023-08-25T09:34:18.159+0000] {processor.py:829} INFO - Processing file /opt/airflow/dags/4_advances_features/2_xcom_dag.py for tasks to queue
[2023-08-25T09:34:18.160+0000] {logging_mixin.py:151} INFO - [2023-08-25T09:34:18.160+0000] {dagbag.py:539} INFO - Filling up the DagBag from /opt/airflow/dags/4_advances_features/2_xcom_dag.py
[2023-08-25T09:34:18.169+0000] {processor.py:839} INFO - DAG(s) dict_keys(['xcom_example_dag']) retrieved from /opt/airflow/dags/4_advances_features/2_xcom_dag.py
[2023-08-25T09:34:18.191+0000] {logging_mixin.py:151} INFO - [2023-08-25T09:34:18.191+0000] {dag.py:2907} INFO - Sync 1 DAGs
[2023-08-25T09:34:18.205+0000] {logging_mixin.py:151} INFO - [2023-08-25T09:34:18.204+0000] {dag.py:3677} INFO - Setting next_dagrun for xcom_example_dag to 2023-08-24T00:00:00+00:00, run_after=2023-08-25T00:00:00+00:00
[2023-08-25T09:34:18.216+0000] {processor.py:179} INFO - Processing /opt/airflow/dags/4_advances_features/2_xcom_dag.py took 0.061 seconds
[2023-08-25T09:34:48.895+0000] {processor.py:157} INFO - Started process (PID=6016) to work on /opt/airflow/dags/4_advances_features/2_xcom_dag.py
[2023-08-25T09:34:48.896+0000] {processor.py:829} INFO - Processing file /opt/airflow/dags/4_advances_features/2_xcom_dag.py for tasks to queue
[2023-08-25T09:34:48.897+0000] {logging_mixin.py:151} INFO - [2023-08-25T09:34:48.896+0000] {dagbag.py:539} INFO - Filling up the DagBag from /opt/airflow/dags/4_advances_features/2_xcom_dag.py
[2023-08-25T09:34:48.906+0000] {processor.py:839} INFO - DAG(s) dict_keys(['xcom_example_dag']) retrieved from /opt/airflow/dags/4_advances_features/2_xcom_dag.py
[2023-08-25T09:34:48.929+0000] {logging_mixin.py:151} INFO - [2023-08-25T09:34:48.929+0000] {dag.py:2907} INFO - Sync 1 DAGs
[2023-08-25T09:34:48.944+0000] {logging_mixin.py:151} INFO - [2023-08-25T09:34:48.944+0000] {dag.py:3677} INFO - Setting next_dagrun for xcom_example_dag to 2023-08-24T00:00:00+00:00, run_after=2023-08-25T00:00:00+00:00
[2023-08-25T09:34:48.954+0000] {processor.py:179} INFO - Processing /opt/airflow/dags/4_advances_features/2_xcom_dag.py took 0.062 seconds
[2023-08-25T09:35:19.730+0000] {processor.py:157} INFO - Started process (PID=6032) to work on /opt/airflow/dags/4_advances_features/2_xcom_dag.py
[2023-08-25T09:35:19.731+0000] {processor.py:829} INFO - Processing file /opt/airflow/dags/4_advances_features/2_xcom_dag.py for tasks to queue
[2023-08-25T09:35:19.732+0000] {logging_mixin.py:151} INFO - [2023-08-25T09:35:19.732+0000] {dagbag.py:539} INFO - Filling up the DagBag from /opt/airflow/dags/4_advances_features/2_xcom_dag.py
[2023-08-25T09:35:19.743+0000] {processor.py:839} INFO - DAG(s) dict_keys(['xcom_example_dag']) retrieved from /opt/airflow/dags/4_advances_features/2_xcom_dag.py
[2023-08-25T09:35:19.765+0000] {logging_mixin.py:151} INFO - [2023-08-25T09:35:19.765+0000] {dag.py:2907} INFO - Sync 1 DAGs
[2023-08-25T09:35:19.777+0000] {logging_mixin.py:151} INFO - [2023-08-25T09:35:19.777+0000] {dag.py:3677} INFO - Setting next_dagrun for xcom_example_dag to 2023-08-24T00:00:00+00:00, run_after=2023-08-25T00:00:00+00:00
[2023-08-25T09:35:19.788+0000] {processor.py:179} INFO - Processing /opt/airflow/dags/4_advances_features/2_xcom_dag.py took 0.060 seconds
[2023-08-25T09:35:50.441+0000] {processor.py:157} INFO - Started process (PID=6048) to work on /opt/airflow/dags/4_advances_features/2_xcom_dag.py
[2023-08-25T09:35:50.442+0000] {processor.py:829} INFO - Processing file /opt/airflow/dags/4_advances_features/2_xcom_dag.py for tasks to queue
[2023-08-25T09:35:50.444+0000] {logging_mixin.py:151} INFO - [2023-08-25T09:35:50.443+0000] {dagbag.py:539} INFO - Filling up the DagBag from /opt/airflow/dags/4_advances_features/2_xcom_dag.py
[2023-08-25T09:35:50.453+0000] {processor.py:839} INFO - DAG(s) dict_keys(['xcom_example_dag']) retrieved from /opt/airflow/dags/4_advances_features/2_xcom_dag.py
[2023-08-25T09:35:50.475+0000] {logging_mixin.py:151} INFO - [2023-08-25T09:35:50.475+0000] {dag.py:2907} INFO - Sync 1 DAGs
[2023-08-25T09:35:50.489+0000] {logging_mixin.py:151} INFO - [2023-08-25T09:35:50.489+0000] {dag.py:3677} INFO - Setting next_dagrun for xcom_example_dag to 2023-08-24T00:00:00+00:00, run_after=2023-08-25T00:00:00+00:00
[2023-08-25T09:35:50.499+0000] {processor.py:179} INFO - Processing /opt/airflow/dags/4_advances_features/2_xcom_dag.py took 0.061 seconds
[2023-08-25T09:36:21.136+0000] {processor.py:157} INFO - Started process (PID=6064) to work on /opt/airflow/dags/4_advances_features/2_xcom_dag.py
[2023-08-25T09:36:21.137+0000] {processor.py:829} INFO - Processing file /opt/airflow/dags/4_advances_features/2_xcom_dag.py for tasks to queue
[2023-08-25T09:36:21.138+0000] {logging_mixin.py:151} INFO - [2023-08-25T09:36:21.138+0000] {dagbag.py:539} INFO - Filling up the DagBag from /opt/airflow/dags/4_advances_features/2_xcom_dag.py
[2023-08-25T09:36:21.148+0000] {processor.py:839} INFO - DAG(s) dict_keys(['xcom_example_dag']) retrieved from /opt/airflow/dags/4_advances_features/2_xcom_dag.py
[2023-08-25T09:36:21.174+0000] {logging_mixin.py:151} INFO - [2023-08-25T09:36:21.174+0000] {dag.py:2907} INFO - Sync 1 DAGs
[2023-08-25T09:36:21.188+0000] {logging_mixin.py:151} INFO - [2023-08-25T09:36:21.188+0000] {dag.py:3677} INFO - Setting next_dagrun for xcom_example_dag to 2023-08-24T00:00:00+00:00, run_after=2023-08-25T00:00:00+00:00
[2023-08-25T09:36:21.201+0000] {processor.py:179} INFO - Processing /opt/airflow/dags/4_advances_features/2_xcom_dag.py took 0.068 seconds
[2023-08-25T09:36:51.874+0000] {processor.py:157} INFO - Started process (PID=6080) to work on /opt/airflow/dags/4_advances_features/2_xcom_dag.py
[2023-08-25T09:36:51.876+0000] {processor.py:829} INFO - Processing file /opt/airflow/dags/4_advances_features/2_xcom_dag.py for tasks to queue
[2023-08-25T09:36:51.877+0000] {logging_mixin.py:151} INFO - [2023-08-25T09:36:51.876+0000] {dagbag.py:539} INFO - Filling up the DagBag from /opt/airflow/dags/4_advances_features/2_xcom_dag.py
[2023-08-25T09:36:51.886+0000] {processor.py:839} INFO - DAG(s) dict_keys(['xcom_example_dag']) retrieved from /opt/airflow/dags/4_advances_features/2_xcom_dag.py
[2023-08-25T09:36:51.908+0000] {logging_mixin.py:151} INFO - [2023-08-25T09:36:51.908+0000] {dag.py:2907} INFO - Sync 1 DAGs
[2023-08-25T09:36:51.921+0000] {logging_mixin.py:151} INFO - [2023-08-25T09:36:51.921+0000] {dag.py:3677} INFO - Setting next_dagrun for xcom_example_dag to 2023-08-24T00:00:00+00:00, run_after=2023-08-25T00:00:00+00:00
[2023-08-25T09:36:51.931+0000] {processor.py:179} INFO - Processing /opt/airflow/dags/4_advances_features/2_xcom_dag.py took 0.060 seconds
[2023-08-25T09:37:22.731+0000] {processor.py:157} INFO - Started process (PID=6096) to work on /opt/airflow/dags/4_advances_features/2_xcom_dag.py
[2023-08-25T09:37:22.733+0000] {processor.py:829} INFO - Processing file /opt/airflow/dags/4_advances_features/2_xcom_dag.py for tasks to queue
[2023-08-25T09:37:22.734+0000] {logging_mixin.py:151} INFO - [2023-08-25T09:37:22.733+0000] {dagbag.py:539} INFO - Filling up the DagBag from /opt/airflow/dags/4_advances_features/2_xcom_dag.py
[2023-08-25T09:37:22.743+0000] {processor.py:839} INFO - DAG(s) dict_keys(['xcom_example_dag']) retrieved from /opt/airflow/dags/4_advances_features/2_xcom_dag.py
[2023-08-25T09:37:22.765+0000] {logging_mixin.py:151} INFO - [2023-08-25T09:37:22.765+0000] {dag.py:2907} INFO - Sync 1 DAGs
[2023-08-25T09:37:22.779+0000] {logging_mixin.py:151} INFO - [2023-08-25T09:37:22.779+0000] {dag.py:3677} INFO - Setting next_dagrun for xcom_example_dag to 2023-08-24T00:00:00+00:00, run_after=2023-08-25T00:00:00+00:00
[2023-08-25T09:37:22.788+0000] {processor.py:179} INFO - Processing /opt/airflow/dags/4_advances_features/2_xcom_dag.py took 0.060 seconds
[2023-08-25T09:37:53.532+0000] {processor.py:157} INFO - Started process (PID=6112) to work on /opt/airflow/dags/4_advances_features/2_xcom_dag.py
[2023-08-25T09:37:53.533+0000] {processor.py:829} INFO - Processing file /opt/airflow/dags/4_advances_features/2_xcom_dag.py for tasks to queue
[2023-08-25T09:37:53.535+0000] {logging_mixin.py:151} INFO - [2023-08-25T09:37:53.534+0000] {dagbag.py:539} INFO - Filling up the DagBag from /opt/airflow/dags/4_advances_features/2_xcom_dag.py
[2023-08-25T09:37:53.545+0000] {processor.py:839} INFO - DAG(s) dict_keys(['xcom_example_dag']) retrieved from /opt/airflow/dags/4_advances_features/2_xcom_dag.py
[2023-08-25T09:37:53.569+0000] {logging_mixin.py:151} INFO - [2023-08-25T09:37:53.569+0000] {dag.py:2907} INFO - Sync 1 DAGs
[2023-08-25T09:37:53.583+0000] {logging_mixin.py:151} INFO - [2023-08-25T09:37:53.583+0000] {dag.py:3677} INFO - Setting next_dagrun for xcom_example_dag to 2023-08-24T00:00:00+00:00, run_after=2023-08-25T00:00:00+00:00
[2023-08-25T09:37:53.594+0000] {processor.py:179} INFO - Processing /opt/airflow/dags/4_advances_features/2_xcom_dag.py took 0.065 seconds
[2023-08-25T09:38:24.323+0000] {processor.py:157} INFO - Started process (PID=6135) to work on /opt/airflow/dags/4_advances_features/2_xcom_dag.py
[2023-08-25T09:38:24.324+0000] {processor.py:829} INFO - Processing file /opt/airflow/dags/4_advances_features/2_xcom_dag.py for tasks to queue
[2023-08-25T09:38:24.326+0000] {logging_mixin.py:151} INFO - [2023-08-25T09:38:24.325+0000] {dagbag.py:539} INFO - Filling up the DagBag from /opt/airflow/dags/4_advances_features/2_xcom_dag.py
[2023-08-25T09:38:24.336+0000] {processor.py:839} INFO - DAG(s) dict_keys(['xcom_example_dag']) retrieved from /opt/airflow/dags/4_advances_features/2_xcom_dag.py
[2023-08-25T09:38:24.359+0000] {logging_mixin.py:151} INFO - [2023-08-25T09:38:24.359+0000] {dag.py:2907} INFO - Sync 1 DAGs
[2023-08-25T09:38:24.374+0000] {logging_mixin.py:151} INFO - [2023-08-25T09:38:24.374+0000] {dag.py:3677} INFO - Setting next_dagrun for xcom_example_dag to 2023-08-24T00:00:00+00:00, run_after=2023-08-25T00:00:00+00:00
[2023-08-25T09:38:24.385+0000] {processor.py:179} INFO - Processing /opt/airflow/dags/4_advances_features/2_xcom_dag.py took 0.065 seconds
[2023-08-25T09:38:55.007+0000] {processor.py:157} INFO - Started process (PID=6150) to work on /opt/airflow/dags/4_advances_features/2_xcom_dag.py
[2023-08-25T09:38:55.008+0000] {processor.py:829} INFO - Processing file /opt/airflow/dags/4_advances_features/2_xcom_dag.py for tasks to queue
[2023-08-25T09:38:55.010+0000] {logging_mixin.py:151} INFO - [2023-08-25T09:38:55.009+0000] {dagbag.py:539} INFO - Filling up the DagBag from /opt/airflow/dags/4_advances_features/2_xcom_dag.py
[2023-08-25T09:38:55.019+0000] {processor.py:839} INFO - DAG(s) dict_keys(['xcom_example_dag']) retrieved from /opt/airflow/dags/4_advances_features/2_xcom_dag.py
[2023-08-25T09:38:55.041+0000] {logging_mixin.py:151} INFO - [2023-08-25T09:38:55.041+0000] {dag.py:2907} INFO - Sync 1 DAGs
[2023-08-25T09:38:55.054+0000] {logging_mixin.py:151} INFO - [2023-08-25T09:38:55.054+0000] {dag.py:3677} INFO - Setting next_dagrun for xcom_example_dag to 2023-08-24T00:00:00+00:00, run_after=2023-08-25T00:00:00+00:00
[2023-08-25T09:38:55.065+0000] {processor.py:179} INFO - Processing /opt/airflow/dags/4_advances_features/2_xcom_dag.py took 0.061 seconds
[2023-08-25T09:39:25.721+0000] {processor.py:157} INFO - Started process (PID=6166) to work on /opt/airflow/dags/4_advances_features/2_xcom_dag.py
[2023-08-25T09:39:25.723+0000] {processor.py:829} INFO - Processing file /opt/airflow/dags/4_advances_features/2_xcom_dag.py for tasks to queue
[2023-08-25T09:39:25.724+0000] {logging_mixin.py:151} INFO - [2023-08-25T09:39:25.724+0000] {dagbag.py:539} INFO - Filling up the DagBag from /opt/airflow/dags/4_advances_features/2_xcom_dag.py
[2023-08-25T09:39:25.736+0000] {processor.py:839} INFO - DAG(s) dict_keys(['xcom_example_dag']) retrieved from /opt/airflow/dags/4_advances_features/2_xcom_dag.py
[2023-08-25T09:39:25.765+0000] {logging_mixin.py:151} INFO - [2023-08-25T09:39:25.764+0000] {dag.py:2907} INFO - Sync 1 DAGs
[2023-08-25T09:39:25.779+0000] {logging_mixin.py:151} INFO - [2023-08-25T09:39:25.779+0000] {dag.py:3677} INFO - Setting next_dagrun for xcom_example_dag to 2023-08-24T00:00:00+00:00, run_after=2023-08-25T00:00:00+00:00
[2023-08-25T09:39:25.793+0000] {processor.py:179} INFO - Processing /opt/airflow/dags/4_advances_features/2_xcom_dag.py took 0.076 seconds
[2023-08-25T09:39:56.414+0000] {processor.py:157} INFO - Started process (PID=6182) to work on /opt/airflow/dags/4_advances_features/2_xcom_dag.py
[2023-08-25T09:39:56.416+0000] {processor.py:829} INFO - Processing file /opt/airflow/dags/4_advances_features/2_xcom_dag.py for tasks to queue
[2023-08-25T09:39:56.417+0000] {logging_mixin.py:151} INFO - [2023-08-25T09:39:56.416+0000] {dagbag.py:539} INFO - Filling up the DagBag from /opt/airflow/dags/4_advances_features/2_xcom_dag.py
[2023-08-25T09:39:56.426+0000] {processor.py:839} INFO - DAG(s) dict_keys(['xcom_example_dag']) retrieved from /opt/airflow/dags/4_advances_features/2_xcom_dag.py
[2023-08-25T09:39:56.449+0000] {logging_mixin.py:151} INFO - [2023-08-25T09:39:56.449+0000] {dag.py:2907} INFO - Sync 1 DAGs
[2023-08-25T09:39:56.463+0000] {logging_mixin.py:151} INFO - [2023-08-25T09:39:56.463+0000] {dag.py:3677} INFO - Setting next_dagrun for xcom_example_dag to 2023-08-24T00:00:00+00:00, run_after=2023-08-25T00:00:00+00:00
[2023-08-25T09:39:56.474+0000] {processor.py:179} INFO - Processing /opt/airflow/dags/4_advances_features/2_xcom_dag.py took 0.063 seconds
[2023-08-25T09:40:27.228+0000] {processor.py:157} INFO - Started process (PID=6198) to work on /opt/airflow/dags/4_advances_features/2_xcom_dag.py
[2023-08-25T09:40:27.229+0000] {processor.py:829} INFO - Processing file /opt/airflow/dags/4_advances_features/2_xcom_dag.py for tasks to queue
[2023-08-25T09:40:27.230+0000] {logging_mixin.py:151} INFO - [2023-08-25T09:40:27.230+0000] {dagbag.py:539} INFO - Filling up the DagBag from /opt/airflow/dags/4_advances_features/2_xcom_dag.py
[2023-08-25T09:40:27.241+0000] {processor.py:839} INFO - DAG(s) dict_keys(['xcom_example_dag']) retrieved from /opt/airflow/dags/4_advances_features/2_xcom_dag.py
[2023-08-25T09:40:27.263+0000] {logging_mixin.py:151} INFO - [2023-08-25T09:40:27.263+0000] {dag.py:2907} INFO - Sync 1 DAGs
[2023-08-25T09:40:27.276+0000] {logging_mixin.py:151} INFO - [2023-08-25T09:40:27.276+0000] {dag.py:3677} INFO - Setting next_dagrun for xcom_example_dag to 2023-08-24T00:00:00+00:00, run_after=2023-08-25T00:00:00+00:00
[2023-08-25T09:40:27.288+0000] {processor.py:179} INFO - Processing /opt/airflow/dags/4_advances_features/2_xcom_dag.py took 0.063 seconds
[2023-08-25T09:40:58.116+0000] {processor.py:157} INFO - Started process (PID=6214) to work on /opt/airflow/dags/4_advances_features/2_xcom_dag.py
[2023-08-25T09:40:58.118+0000] {processor.py:829} INFO - Processing file /opt/airflow/dags/4_advances_features/2_xcom_dag.py for tasks to queue
[2023-08-25T09:40:58.119+0000] {logging_mixin.py:151} INFO - [2023-08-25T09:40:58.119+0000] {dagbag.py:539} INFO - Filling up the DagBag from /opt/airflow/dags/4_advances_features/2_xcom_dag.py
[2023-08-25T09:40:58.130+0000] {processor.py:839} INFO - DAG(s) dict_keys(['xcom_example_dag']) retrieved from /opt/airflow/dags/4_advances_features/2_xcom_dag.py
[2023-08-25T09:40:58.153+0000] {logging_mixin.py:151} INFO - [2023-08-25T09:40:58.153+0000] {dag.py:2907} INFO - Sync 1 DAGs
[2023-08-25T09:40:58.167+0000] {logging_mixin.py:151} INFO - [2023-08-25T09:40:58.167+0000] {dag.py:3677} INFO - Setting next_dagrun for xcom_example_dag to 2023-08-24T00:00:00+00:00, run_after=2023-08-25T00:00:00+00:00
[2023-08-25T09:40:58.178+0000] {processor.py:179} INFO - Processing /opt/airflow/dags/4_advances_features/2_xcom_dag.py took 0.064 seconds
[2023-08-25T09:41:28.938+0000] {processor.py:157} INFO - Started process (PID=6230) to work on /opt/airflow/dags/4_advances_features/2_xcom_dag.py
[2023-08-25T09:41:28.940+0000] {processor.py:829} INFO - Processing file /opt/airflow/dags/4_advances_features/2_xcom_dag.py for tasks to queue
[2023-08-25T09:41:28.941+0000] {logging_mixin.py:151} INFO - [2023-08-25T09:41:28.941+0000] {dagbag.py:539} INFO - Filling up the DagBag from /opt/airflow/dags/4_advances_features/2_xcom_dag.py
[2023-08-25T09:41:28.951+0000] {processor.py:839} INFO - DAG(s) dict_keys(['xcom_example_dag']) retrieved from /opt/airflow/dags/4_advances_features/2_xcom_dag.py
[2023-08-25T09:41:28.974+0000] {logging_mixin.py:151} INFO - [2023-08-25T09:41:28.974+0000] {dag.py:2907} INFO - Sync 1 DAGs
[2023-08-25T09:41:28.989+0000] {logging_mixin.py:151} INFO - [2023-08-25T09:41:28.988+0000] {dag.py:3677} INFO - Setting next_dagrun for xcom_example_dag to 2023-08-24T00:00:00+00:00, run_after=2023-08-25T00:00:00+00:00
[2023-08-25T09:41:28.999+0000] {processor.py:179} INFO - Processing /opt/airflow/dags/4_advances_features/2_xcom_dag.py took 0.063 seconds
