[2023-08-25T00:40:43.510+0000] {processor.py:157} INFO - Started process (PID=5082) to work on /opt/airflow/dags/4_advances_features/3_backfill_dag.py
[2023-08-25T00:40:43.513+0000] {processor.py:829} INFO - Processing file /opt/airflow/dags/4_advances_features/3_backfill_dag.py for tasks to queue
[2023-08-25T00:40:43.514+0000] {logging_mixin.py:151} INFO - [2023-08-25T00:40:43.514+0000] {dagbag.py:539} INFO - Filling up the DagBag from /opt/airflow/dags/4_advances_features/3_backfill_dag.py
[2023-08-25T00:40:43.530+0000] {processor.py:839} INFO - DAG(s) dict_keys(['catchup_and_backfill_dag']) retrieved from /opt/airflow/dags/4_advances_features/3_backfill_dag.py
[2023-08-25T00:40:43.597+0000] {logging_mixin.py:151} INFO - [2023-08-25T00:40:43.597+0000] {dag.py:2907} INFO - Sync 1 DAGs
[2023-08-25T00:40:43.625+0000] {logging_mixin.py:151} INFO - [2023-08-25T00:40:43.625+0000] {dag.py:3677} INFO - Setting next_dagrun for catchup_and_backfill_dag to 2023-08-01T00:00:00+00:00, run_after=2023-08-02T00:00:00+00:00
[2023-08-25T00:40:43.649+0000] {processor.py:179} INFO - Processing /opt/airflow/dags/4_advances_features/3_backfill_dag.py took 0.144 seconds
[2023-08-25T01:34:28.424+0000] {processor.py:157} INFO - Started process (PID=5102) to work on /opt/airflow/dags/4_advances_features/3_backfill_dag.py
[2023-08-25T01:34:28.427+0000] {processor.py:829} INFO - Processing file /opt/airflow/dags/4_advances_features/3_backfill_dag.py for tasks to queue
[2023-08-25T01:34:28.428+0000] {logging_mixin.py:151} INFO - [2023-08-25T01:34:28.428+0000] {dagbag.py:539} INFO - Filling up the DagBag from /opt/airflow/dags/4_advances_features/3_backfill_dag.py
[2023-08-25T01:34:28.444+0000] {processor.py:839} INFO - DAG(s) dict_keys(['catchup_and_backfill_dag']) retrieved from /opt/airflow/dags/4_advances_features/3_backfill_dag.py
[2023-08-25T01:34:28.492+0000] {logging_mixin.py:151} INFO - [2023-08-25T01:34:28.492+0000] {dag.py:2907} INFO - Sync 1 DAGs
[2023-08-25T01:34:28.529+0000] {logging_mixin.py:151} INFO - [2023-08-25T01:34:28.529+0000] {dag.py:3677} INFO - Setting next_dagrun for catchup_and_backfill_dag to 2023-08-01T00:00:00+00:00, run_after=2023-08-02T00:00:00+00:00
[2023-08-25T01:34:28.548+0000] {processor.py:179} INFO - Processing /opt/airflow/dags/4_advances_features/3_backfill_dag.py took 0.133 seconds
[2023-08-25T02:17:12.430+0000] {processor.py:157} INFO - Started process (PID=5118) to work on /opt/airflow/dags/4_advances_features/3_backfill_dag.py
[2023-08-25T02:17:12.433+0000] {processor.py:829} INFO - Processing file /opt/airflow/dags/4_advances_features/3_backfill_dag.py for tasks to queue
[2023-08-25T02:17:12.435+0000] {logging_mixin.py:151} INFO - [2023-08-25T02:17:12.434+0000] {dagbag.py:539} INFO - Filling up the DagBag from /opt/airflow/dags/4_advances_features/3_backfill_dag.py
[2023-08-25T02:17:12.457+0000] {processor.py:839} INFO - DAG(s) dict_keys(['catchup_and_backfill_dag']) retrieved from /opt/airflow/dags/4_advances_features/3_backfill_dag.py
[2023-08-25T02:17:12.508+0000] {logging_mixin.py:151} INFO - [2023-08-25T02:17:12.508+0000] {dag.py:2907} INFO - Sync 1 DAGs
[2023-08-25T02:17:12.535+0000] {logging_mixin.py:151} INFO - [2023-08-25T02:17:12.535+0000] {dag.py:3677} INFO - Setting next_dagrun for catchup_and_backfill_dag to 2023-08-01T00:00:00+00:00, run_after=2023-08-02T00:00:00+00:00
[2023-08-25T02:17:12.572+0000] {processor.py:179} INFO - Processing /opt/airflow/dags/4_advances_features/3_backfill_dag.py took 0.148 seconds
[2023-08-25T02:50:46.775+0000] {processor.py:157} INFO - Started process (PID=5134) to work on /opt/airflow/dags/4_advances_features/3_backfill_dag.py
[2023-08-25T02:50:46.778+0000] {processor.py:829} INFO - Processing file /opt/airflow/dags/4_advances_features/3_backfill_dag.py for tasks to queue
[2023-08-25T02:50:46.782+0000] {logging_mixin.py:151} INFO - [2023-08-25T02:50:46.782+0000] {dagbag.py:539} INFO - Filling up the DagBag from /opt/airflow/dags/4_advances_features/3_backfill_dag.py
[2023-08-25T02:50:46.805+0000] {processor.py:839} INFO - DAG(s) dict_keys(['catchup_and_backfill_dag']) retrieved from /opt/airflow/dags/4_advances_features/3_backfill_dag.py
[2023-08-25T02:50:46.843+0000] {logging_mixin.py:151} INFO - [2023-08-25T02:50:46.843+0000] {dag.py:2907} INFO - Sync 1 DAGs
[2023-08-25T02:50:46.865+0000] {logging_mixin.py:151} INFO - [2023-08-25T02:50:46.865+0000] {dag.py:3677} INFO - Setting next_dagrun for catchup_and_backfill_dag to 2023-08-01T00:00:00+00:00, run_after=2023-08-02T00:00:00+00:00
[2023-08-25T02:50:46.889+0000] {processor.py:179} INFO - Processing /opt/airflow/dags/4_advances_features/3_backfill_dag.py took 0.117 seconds
[2023-08-25T03:15:22.758+0000] {processor.py:157} INFO - Started process (PID=5150) to work on /opt/airflow/dags/4_advances_features/3_backfill_dag.py
[2023-08-25T03:15:22.760+0000] {processor.py:829} INFO - Processing file /opt/airflow/dags/4_advances_features/3_backfill_dag.py for tasks to queue
[2023-08-25T03:15:22.761+0000] {logging_mixin.py:151} INFO - [2023-08-25T03:15:22.761+0000] {dagbag.py:539} INFO - Filling up the DagBag from /opt/airflow/dags/4_advances_features/3_backfill_dag.py
[2023-08-25T03:15:22.788+0000] {processor.py:839} INFO - DAG(s) dict_keys(['catchup_and_backfill_dag']) retrieved from /opt/airflow/dags/4_advances_features/3_backfill_dag.py
[2023-08-25T03:15:22.821+0000] {logging_mixin.py:151} INFO - [2023-08-25T03:15:22.821+0000] {dag.py:2907} INFO - Sync 1 DAGs
[2023-08-25T03:15:22.839+0000] {logging_mixin.py:151} INFO - [2023-08-25T03:15:22.838+0000] {dag.py:3677} INFO - Setting next_dagrun for catchup_and_backfill_dag to 2023-08-01T00:00:00+00:00, run_after=2023-08-02T00:00:00+00:00
[2023-08-25T03:15:22.852+0000] {processor.py:179} INFO - Processing /opt/airflow/dags/4_advances_features/3_backfill_dag.py took 0.099 seconds
[2023-08-25T03:22:30.873+0000] {processor.py:157} INFO - Started process (PID=5166) to work on /opt/airflow/dags/4_advances_features/3_backfill_dag.py
[2023-08-25T03:22:30.874+0000] {processor.py:829} INFO - Processing file /opt/airflow/dags/4_advances_features/3_backfill_dag.py for tasks to queue
[2023-08-25T03:22:30.875+0000] {logging_mixin.py:151} INFO - [2023-08-25T03:22:30.875+0000] {dagbag.py:539} INFO - Filling up the DagBag from /opt/airflow/dags/4_advances_features/3_backfill_dag.py
[2023-08-25T03:22:30.884+0000] {processor.py:839} INFO - DAG(s) dict_keys(['catchup_and_backfill_dag']) retrieved from /opt/airflow/dags/4_advances_features/3_backfill_dag.py
[2023-08-25T03:22:30.906+0000] {logging_mixin.py:151} INFO - [2023-08-25T03:22:30.906+0000] {dag.py:2907} INFO - Sync 1 DAGs
[2023-08-25T03:22:30.921+0000] {logging_mixin.py:151} INFO - [2023-08-25T03:22:30.921+0000] {dag.py:3677} INFO - Setting next_dagrun for catchup_and_backfill_dag to 2023-08-01T00:00:00+00:00, run_after=2023-08-02T00:00:00+00:00
[2023-08-25T03:22:30.933+0000] {processor.py:179} INFO - Processing /opt/airflow/dags/4_advances_features/3_backfill_dag.py took 0.063 seconds
[2023-08-25T03:27:08.044+0000] {processor.py:157} INFO - Started process (PID=5182) to work on /opt/airflow/dags/4_advances_features/3_backfill_dag.py
[2023-08-25T03:27:08.046+0000] {processor.py:829} INFO - Processing file /opt/airflow/dags/4_advances_features/3_backfill_dag.py for tasks to queue
[2023-08-25T03:27:08.047+0000] {logging_mixin.py:151} INFO - [2023-08-25T03:27:08.046+0000] {dagbag.py:539} INFO - Filling up the DagBag from /opt/airflow/dags/4_advances_features/3_backfill_dag.py
[2023-08-25T03:27:08.056+0000] {processor.py:839} INFO - DAG(s) dict_keys(['catchup_and_backfill_dag']) retrieved from /opt/airflow/dags/4_advances_features/3_backfill_dag.py
[2023-08-25T03:27:08.080+0000] {logging_mixin.py:151} INFO - [2023-08-25T03:27:08.079+0000] {dag.py:2907} INFO - Sync 1 DAGs
[2023-08-25T03:27:08.108+0000] {logging_mixin.py:151} INFO - [2023-08-25T03:27:08.108+0000] {dag.py:3677} INFO - Setting next_dagrun for catchup_and_backfill_dag to 2023-08-01T00:00:00+00:00, run_after=2023-08-02T00:00:00+00:00
[2023-08-25T03:27:08.121+0000] {processor.py:179} INFO - Processing /opt/airflow/dags/4_advances_features/3_backfill_dag.py took 0.080 seconds
[2023-08-25T04:02:00.483+0000] {processor.py:157} INFO - Started process (PID=5198) to work on /opt/airflow/dags/4_advances_features/3_backfill_dag.py
[2023-08-25T04:02:00.487+0000] {processor.py:829} INFO - Processing file /opt/airflow/dags/4_advances_features/3_backfill_dag.py for tasks to queue
[2023-08-25T04:02:00.489+0000] {logging_mixin.py:151} INFO - [2023-08-25T04:02:00.488+0000] {dagbag.py:539} INFO - Filling up the DagBag from /opt/airflow/dags/4_advances_features/3_backfill_dag.py
[2023-08-25T04:02:00.499+0000] {processor.py:839} INFO - DAG(s) dict_keys(['catchup_and_backfill_dag']) retrieved from /opt/airflow/dags/4_advances_features/3_backfill_dag.py
[2023-08-25T04:02:00.539+0000] {logging_mixin.py:151} INFO - [2023-08-25T04:02:00.538+0000] {dag.py:2907} INFO - Sync 1 DAGs
[2023-08-25T04:02:00.557+0000] {logging_mixin.py:151} INFO - [2023-08-25T04:02:00.557+0000] {dag.py:3677} INFO - Setting next_dagrun for catchup_and_backfill_dag to 2023-08-01T00:00:00+00:00, run_after=2023-08-02T00:00:00+00:00
[2023-08-25T04:02:00.578+0000] {processor.py:179} INFO - Processing /opt/airflow/dags/4_advances_features/3_backfill_dag.py took 0.097 seconds
[2023-08-25T04:59:15.459+0000] {processor.py:157} INFO - Started process (PID=5214) to work on /opt/airflow/dags/4_advances_features/3_backfill_dag.py
[2023-08-25T04:59:15.460+0000] {processor.py:829} INFO - Processing file /opt/airflow/dags/4_advances_features/3_backfill_dag.py for tasks to queue
[2023-08-25T04:59:15.461+0000] {logging_mixin.py:151} INFO - [2023-08-25T04:59:15.461+0000] {dagbag.py:539} INFO - Filling up the DagBag from /opt/airflow/dags/4_advances_features/3_backfill_dag.py
[2023-08-25T04:59:15.476+0000] {processor.py:839} INFO - DAG(s) dict_keys(['catchup_and_backfill_dag']) retrieved from /opt/airflow/dags/4_advances_features/3_backfill_dag.py
[2023-08-25T04:59:15.499+0000] {logging_mixin.py:151} INFO - [2023-08-25T04:59:15.499+0000] {dag.py:2907} INFO - Sync 1 DAGs
[2023-08-25T04:59:15.512+0000] {logging_mixin.py:151} INFO - [2023-08-25T04:59:15.512+0000] {dag.py:3677} INFO - Setting next_dagrun for catchup_and_backfill_dag to 2023-08-01T00:00:00+00:00, run_after=2023-08-02T00:00:00+00:00
[2023-08-25T04:59:15.523+0000] {processor.py:179} INFO - Processing /opt/airflow/dags/4_advances_features/3_backfill_dag.py took 0.067 seconds
[2023-08-25T05:17:13.204+0000] {processor.py:157} INFO - Started process (PID=5230) to work on /opt/airflow/dags/4_advances_features/3_backfill_dag.py
[2023-08-25T05:17:13.205+0000] {processor.py:829} INFO - Processing file /opt/airflow/dags/4_advances_features/3_backfill_dag.py for tasks to queue
[2023-08-25T05:17:13.206+0000] {logging_mixin.py:151} INFO - [2023-08-25T05:17:13.206+0000] {dagbag.py:539} INFO - Filling up the DagBag from /opt/airflow/dags/4_advances_features/3_backfill_dag.py
[2023-08-25T05:17:13.216+0000] {processor.py:839} INFO - DAG(s) dict_keys(['catchup_and_backfill_dag']) retrieved from /opt/airflow/dags/4_advances_features/3_backfill_dag.py
[2023-08-25T05:17:13.237+0000] {logging_mixin.py:151} INFO - [2023-08-25T05:17:13.237+0000] {dag.py:2907} INFO - Sync 1 DAGs
[2023-08-25T05:17:13.250+0000] {logging_mixin.py:151} INFO - [2023-08-25T05:17:13.250+0000] {dag.py:3677} INFO - Setting next_dagrun for catchup_and_backfill_dag to 2023-08-01T00:00:00+00:00, run_after=2023-08-02T00:00:00+00:00
[2023-08-25T05:17:13.262+0000] {processor.py:179} INFO - Processing /opt/airflow/dags/4_advances_features/3_backfill_dag.py took 0.061 seconds
[2023-08-25T06:21:48.318+0000] {processor.py:157} INFO - Started process (PID=5246) to work on /opt/airflow/dags/4_advances_features/3_backfill_dag.py
[2023-08-25T06:21:48.322+0000] {processor.py:829} INFO - Processing file /opt/airflow/dags/4_advances_features/3_backfill_dag.py for tasks to queue
[2023-08-25T06:21:48.325+0000] {logging_mixin.py:151} INFO - [2023-08-25T06:21:48.324+0000] {dagbag.py:539} INFO - Filling up the DagBag from /opt/airflow/dags/4_advances_features/3_backfill_dag.py
[2023-08-25T06:21:48.342+0000] {processor.py:839} INFO - DAG(s) dict_keys(['catchup_and_backfill_dag']) retrieved from /opt/airflow/dags/4_advances_features/3_backfill_dag.py
[2023-08-25T06:21:48.396+0000] {logging_mixin.py:151} INFO - [2023-08-25T06:21:48.395+0000] {dag.py:2907} INFO - Sync 1 DAGs
[2023-08-25T06:21:48.417+0000] {logging_mixin.py:151} INFO - [2023-08-25T06:21:48.417+0000] {dag.py:3677} INFO - Setting next_dagrun for catchup_and_backfill_dag to 2023-08-01T00:00:00+00:00, run_after=2023-08-02T00:00:00+00:00
[2023-08-25T06:21:48.439+0000] {processor.py:179} INFO - Processing /opt/airflow/dags/4_advances_features/3_backfill_dag.py took 0.127 seconds
[2023-08-25T07:27:12.326+0000] {processor.py:157} INFO - Started process (PID=5262) to work on /opt/airflow/dags/4_advances_features/3_backfill_dag.py
[2023-08-25T07:27:12.329+0000] {processor.py:829} INFO - Processing file /opt/airflow/dags/4_advances_features/3_backfill_dag.py for tasks to queue
[2023-08-25T07:27:12.330+0000] {logging_mixin.py:151} INFO - [2023-08-25T07:27:12.330+0000] {dagbag.py:539} INFO - Filling up the DagBag from /opt/airflow/dags/4_advances_features/3_backfill_dag.py
[2023-08-25T07:27:12.355+0000] {processor.py:839} INFO - DAG(s) dict_keys(['catchup_and_backfill_dag']) retrieved from /opt/airflow/dags/4_advances_features/3_backfill_dag.py
[2023-08-25T07:27:12.387+0000] {logging_mixin.py:151} INFO - [2023-08-25T07:27:12.387+0000] {dag.py:2907} INFO - Sync 1 DAGs
[2023-08-25T07:27:12.404+0000] {logging_mixin.py:151} INFO - [2023-08-25T07:27:12.404+0000] {dag.py:3677} INFO - Setting next_dagrun for catchup_and_backfill_dag to 2023-08-01T00:00:00+00:00, run_after=2023-08-02T00:00:00+00:00
[2023-08-25T07:27:12.416+0000] {processor.py:179} INFO - Processing /opt/airflow/dags/4_advances_features/3_backfill_dag.py took 0.098 seconds
[2023-08-25T08:35:30.576+0000] {processor.py:157} INFO - Started process (PID=5278) to work on /opt/airflow/dags/4_advances_features/3_backfill_dag.py
[2023-08-25T08:35:30.578+0000] {processor.py:829} INFO - Processing file /opt/airflow/dags/4_advances_features/3_backfill_dag.py for tasks to queue
[2023-08-25T08:35:30.579+0000] {logging_mixin.py:151} INFO - [2023-08-25T08:35:30.579+0000] {dagbag.py:539} INFO - Filling up the DagBag from /opt/airflow/dags/4_advances_features/3_backfill_dag.py
[2023-08-25T08:35:30.604+0000] {processor.py:839} INFO - DAG(s) dict_keys(['catchup_and_backfill_dag']) retrieved from /opt/airflow/dags/4_advances_features/3_backfill_dag.py
[2023-08-25T08:35:30.645+0000] {logging_mixin.py:151} INFO - [2023-08-25T08:35:30.645+0000] {dag.py:2907} INFO - Sync 1 DAGs
[2023-08-25T08:35:30.669+0000] {logging_mixin.py:151} INFO - [2023-08-25T08:35:30.669+0000] {dag.py:3677} INFO - Setting next_dagrun for catchup_and_backfill_dag to 2023-08-01T00:00:00+00:00, run_after=2023-08-02T00:00:00+00:00
[2023-08-25T08:35:30.696+0000] {processor.py:179} INFO - Processing /opt/airflow/dags/4_advances_features/3_backfill_dag.py took 0.127 seconds
[2023-08-25T09:12:14.611+0000] {processor.py:157} INFO - Started process (PID=5294) to work on /opt/airflow/dags/4_advances_features/3_backfill_dag.py
[2023-08-25T09:12:14.613+0000] {processor.py:829} INFO - Processing file /opt/airflow/dags/4_advances_features/3_backfill_dag.py for tasks to queue
[2023-08-25T09:12:14.616+0000] {logging_mixin.py:151} INFO - [2023-08-25T09:12:14.615+0000] {dagbag.py:539} INFO - Filling up the DagBag from /opt/airflow/dags/4_advances_features/3_backfill_dag.py
[2023-08-25T09:12:14.638+0000] {processor.py:839} INFO - DAG(s) dict_keys(['catchup_and_backfill_dag']) retrieved from /opt/airflow/dags/4_advances_features/3_backfill_dag.py
[2023-08-25T09:12:14.673+0000] {logging_mixin.py:151} INFO - [2023-08-25T09:12:14.672+0000] {dag.py:2907} INFO - Sync 1 DAGs
[2023-08-25T09:12:14.700+0000] {logging_mixin.py:151} INFO - [2023-08-25T09:12:14.699+0000] {dag.py:3677} INFO - Setting next_dagrun for catchup_and_backfill_dag to 2023-08-01T00:00:00+00:00, run_after=2023-08-02T00:00:00+00:00
[2023-08-25T09:12:14.724+0000] {processor.py:179} INFO - Processing /opt/airflow/dags/4_advances_features/3_backfill_dag.py took 0.123 seconds
[2023-08-25T09:12:45.463+0000] {processor.py:157} INFO - Started process (PID=5310) to work on /opt/airflow/dags/4_advances_features/3_backfill_dag.py
[2023-08-25T09:12:45.465+0000] {processor.py:829} INFO - Processing file /opt/airflow/dags/4_advances_features/3_backfill_dag.py for tasks to queue
[2023-08-25T09:12:45.466+0000] {logging_mixin.py:151} INFO - [2023-08-25T09:12:45.466+0000] {dagbag.py:539} INFO - Filling up the DagBag from /opt/airflow/dags/4_advances_features/3_backfill_dag.py
[2023-08-25T09:12:45.478+0000] {processor.py:839} INFO - DAG(s) dict_keys(['catchup_and_backfill_dag']) retrieved from /opt/airflow/dags/4_advances_features/3_backfill_dag.py
[2023-08-25T09:12:45.501+0000] {logging_mixin.py:151} INFO - [2023-08-25T09:12:45.501+0000] {dag.py:2907} INFO - Sync 1 DAGs
[2023-08-25T09:12:45.515+0000] {logging_mixin.py:151} INFO - [2023-08-25T09:12:45.515+0000] {dag.py:3677} INFO - Setting next_dagrun for catchup_and_backfill_dag to 2023-08-01T00:00:00+00:00, run_after=2023-08-02T00:00:00+00:00
[2023-08-25T09:12:45.527+0000] {processor.py:179} INFO - Processing /opt/airflow/dags/4_advances_features/3_backfill_dag.py took 0.067 seconds
[2023-08-25T09:13:16.229+0000] {processor.py:157} INFO - Started process (PID=5326) to work on /opt/airflow/dags/4_advances_features/3_backfill_dag.py
[2023-08-25T09:13:16.230+0000] {processor.py:829} INFO - Processing file /opt/airflow/dags/4_advances_features/3_backfill_dag.py for tasks to queue
[2023-08-25T09:13:16.231+0000] {logging_mixin.py:151} INFO - [2023-08-25T09:13:16.231+0000] {dagbag.py:539} INFO - Filling up the DagBag from /opt/airflow/dags/4_advances_features/3_backfill_dag.py
[2023-08-25T09:13:16.240+0000] {processor.py:839} INFO - DAG(s) dict_keys(['catchup_and_backfill_dag']) retrieved from /opt/airflow/dags/4_advances_features/3_backfill_dag.py
[2023-08-25T09:13:16.262+0000] {logging_mixin.py:151} INFO - [2023-08-25T09:13:16.262+0000] {dag.py:2907} INFO - Sync 1 DAGs
[2023-08-25T09:13:16.275+0000] {logging_mixin.py:151} INFO - [2023-08-25T09:13:16.275+0000] {dag.py:3677} INFO - Setting next_dagrun for catchup_and_backfill_dag to 2023-08-01T00:00:00+00:00, run_after=2023-08-02T00:00:00+00:00
[2023-08-25T09:13:16.286+0000] {processor.py:179} INFO - Processing /opt/airflow/dags/4_advances_features/3_backfill_dag.py took 0.060 seconds
[2023-08-25T09:13:46.975+0000] {processor.py:157} INFO - Started process (PID=5342) to work on /opt/airflow/dags/4_advances_features/3_backfill_dag.py
[2023-08-25T09:13:46.976+0000] {processor.py:829} INFO - Processing file /opt/airflow/dags/4_advances_features/3_backfill_dag.py for tasks to queue
[2023-08-25T09:13:46.977+0000] {logging_mixin.py:151} INFO - [2023-08-25T09:13:46.976+0000] {dagbag.py:539} INFO - Filling up the DagBag from /opt/airflow/dags/4_advances_features/3_backfill_dag.py
[2023-08-25T09:13:46.987+0000] {processor.py:839} INFO - DAG(s) dict_keys(['catchup_and_backfill_dag']) retrieved from /opt/airflow/dags/4_advances_features/3_backfill_dag.py
[2023-08-25T09:13:47.010+0000] {logging_mixin.py:151} INFO - [2023-08-25T09:13:47.009+0000] {dag.py:2907} INFO - Sync 1 DAGs
[2023-08-25T09:13:47.022+0000] {logging_mixin.py:151} INFO - [2023-08-25T09:13:47.022+0000] {dag.py:3677} INFO - Setting next_dagrun for catchup_and_backfill_dag to 2023-08-01T00:00:00+00:00, run_after=2023-08-02T00:00:00+00:00
[2023-08-25T09:13:47.034+0000] {processor.py:179} INFO - Processing /opt/airflow/dags/4_advances_features/3_backfill_dag.py took 0.062 seconds
[2023-08-25T09:14:17.634+0000] {processor.py:157} INFO - Started process (PID=5358) to work on /opt/airflow/dags/4_advances_features/3_backfill_dag.py
[2023-08-25T09:14:17.635+0000] {processor.py:829} INFO - Processing file /opt/airflow/dags/4_advances_features/3_backfill_dag.py for tasks to queue
[2023-08-25T09:14:17.636+0000] {logging_mixin.py:151} INFO - [2023-08-25T09:14:17.635+0000] {dagbag.py:539} INFO - Filling up the DagBag from /opt/airflow/dags/4_advances_features/3_backfill_dag.py
[2023-08-25T09:14:17.645+0000] {processor.py:839} INFO - DAG(s) dict_keys(['catchup_and_backfill_dag']) retrieved from /opt/airflow/dags/4_advances_features/3_backfill_dag.py
[2023-08-25T09:14:17.666+0000] {logging_mixin.py:151} INFO - [2023-08-25T09:14:17.666+0000] {dag.py:2907} INFO - Sync 1 DAGs
[2023-08-25T09:14:17.679+0000] {logging_mixin.py:151} INFO - [2023-08-25T09:14:17.679+0000] {dag.py:3677} INFO - Setting next_dagrun for catchup_and_backfill_dag to 2023-08-01T00:00:00+00:00, run_after=2023-08-02T00:00:00+00:00
[2023-08-25T09:14:17.689+0000] {processor.py:179} INFO - Processing /opt/airflow/dags/4_advances_features/3_backfill_dag.py took 0.059 seconds
[2023-08-25T09:14:48.537+0000] {processor.py:157} INFO - Started process (PID=5374) to work on /opt/airflow/dags/4_advances_features/3_backfill_dag.py
[2023-08-25T09:14:48.539+0000] {processor.py:829} INFO - Processing file /opt/airflow/dags/4_advances_features/3_backfill_dag.py for tasks to queue
[2023-08-25T09:14:48.540+0000] {logging_mixin.py:151} INFO - [2023-08-25T09:14:48.539+0000] {dagbag.py:539} INFO - Filling up the DagBag from /opt/airflow/dags/4_advances_features/3_backfill_dag.py
[2023-08-25T09:14:48.548+0000] {processor.py:839} INFO - DAG(s) dict_keys(['catchup_and_backfill_dag']) retrieved from /opt/airflow/dags/4_advances_features/3_backfill_dag.py
[2023-08-25T09:14:48.570+0000] {logging_mixin.py:151} INFO - [2023-08-25T09:14:48.570+0000] {dag.py:2907} INFO - Sync 1 DAGs
[2023-08-25T09:14:48.583+0000] {logging_mixin.py:151} INFO - [2023-08-25T09:14:48.583+0000] {dag.py:3677} INFO - Setting next_dagrun for catchup_and_backfill_dag to 2023-08-01T00:00:00+00:00, run_after=2023-08-02T00:00:00+00:00
[2023-08-25T09:14:48.593+0000] {processor.py:179} INFO - Processing /opt/airflow/dags/4_advances_features/3_backfill_dag.py took 0.059 seconds
[2023-08-25T09:15:19.346+0000] {processor.py:157} INFO - Started process (PID=5390) to work on /opt/airflow/dags/4_advances_features/3_backfill_dag.py
[2023-08-25T09:15:19.347+0000] {processor.py:829} INFO - Processing file /opt/airflow/dags/4_advances_features/3_backfill_dag.py for tasks to queue
[2023-08-25T09:15:19.348+0000] {logging_mixin.py:151} INFO - [2023-08-25T09:15:19.347+0000] {dagbag.py:539} INFO - Filling up the DagBag from /opt/airflow/dags/4_advances_features/3_backfill_dag.py
[2023-08-25T09:15:19.357+0000] {processor.py:839} INFO - DAG(s) dict_keys(['catchup_and_backfill_dag']) retrieved from /opt/airflow/dags/4_advances_features/3_backfill_dag.py
[2023-08-25T09:15:19.379+0000] {logging_mixin.py:151} INFO - [2023-08-25T09:15:19.379+0000] {dag.py:2907} INFO - Sync 1 DAGs
[2023-08-25T09:15:19.392+0000] {logging_mixin.py:151} INFO - [2023-08-25T09:15:19.391+0000] {dag.py:3677} INFO - Setting next_dagrun for catchup_and_backfill_dag to 2023-08-01T00:00:00+00:00, run_after=2023-08-02T00:00:00+00:00
[2023-08-25T09:15:19.402+0000] {processor.py:179} INFO - Processing /opt/airflow/dags/4_advances_features/3_backfill_dag.py took 0.059 seconds
[2023-08-25T09:15:50.091+0000] {processor.py:157} INFO - Started process (PID=5406) to work on /opt/airflow/dags/4_advances_features/3_backfill_dag.py
[2023-08-25T09:15:50.092+0000] {processor.py:829} INFO - Processing file /opt/airflow/dags/4_advances_features/3_backfill_dag.py for tasks to queue
[2023-08-25T09:15:50.093+0000] {logging_mixin.py:151} INFO - [2023-08-25T09:15:50.093+0000] {dagbag.py:539} INFO - Filling up the DagBag from /opt/airflow/dags/4_advances_features/3_backfill_dag.py
[2023-08-25T09:15:50.102+0000] {processor.py:839} INFO - DAG(s) dict_keys(['catchup_and_backfill_dag']) retrieved from /opt/airflow/dags/4_advances_features/3_backfill_dag.py
[2023-08-25T09:15:50.125+0000] {logging_mixin.py:151} INFO - [2023-08-25T09:15:50.124+0000] {dag.py:2907} INFO - Sync 1 DAGs
[2023-08-25T09:15:50.137+0000] {logging_mixin.py:151} INFO - [2023-08-25T09:15:50.137+0000] {dag.py:3677} INFO - Setting next_dagrun for catchup_and_backfill_dag to 2023-08-01T00:00:00+00:00, run_after=2023-08-02T00:00:00+00:00
[2023-08-25T09:15:50.148+0000] {processor.py:179} INFO - Processing /opt/airflow/dags/4_advances_features/3_backfill_dag.py took 0.060 seconds
[2023-08-25T09:16:20.794+0000] {processor.py:157} INFO - Started process (PID=5428) to work on /opt/airflow/dags/4_advances_features/3_backfill_dag.py
[2023-08-25T09:16:20.795+0000] {processor.py:829} INFO - Processing file /opt/airflow/dags/4_advances_features/3_backfill_dag.py for tasks to queue
[2023-08-25T09:16:20.796+0000] {logging_mixin.py:151} INFO - [2023-08-25T09:16:20.796+0000] {dagbag.py:539} INFO - Filling up the DagBag from /opt/airflow/dags/4_advances_features/3_backfill_dag.py
[2023-08-25T09:16:20.804+0000] {processor.py:839} INFO - DAG(s) dict_keys(['catchup_and_backfill_dag']) retrieved from /opt/airflow/dags/4_advances_features/3_backfill_dag.py
[2023-08-25T09:16:20.825+0000] {logging_mixin.py:151} INFO - [2023-08-25T09:16:20.825+0000] {dag.py:2907} INFO - Sync 1 DAGs
[2023-08-25T09:16:20.837+0000] {logging_mixin.py:151} INFO - [2023-08-25T09:16:20.837+0000] {dag.py:3677} INFO - Setting next_dagrun for catchup_and_backfill_dag to 2023-08-01T00:00:00+00:00, run_after=2023-08-02T00:00:00+00:00
[2023-08-25T09:16:20.847+0000] {processor.py:179} INFO - Processing /opt/airflow/dags/4_advances_features/3_backfill_dag.py took 0.056 seconds
[2023-08-25T09:16:51.641+0000] {processor.py:157} INFO - Started process (PID=5444) to work on /opt/airflow/dags/4_advances_features/3_backfill_dag.py
[2023-08-25T09:16:51.642+0000] {processor.py:829} INFO - Processing file /opt/airflow/dags/4_advances_features/3_backfill_dag.py for tasks to queue
[2023-08-25T09:16:51.643+0000] {logging_mixin.py:151} INFO - [2023-08-25T09:16:51.643+0000] {dagbag.py:539} INFO - Filling up the DagBag from /opt/airflow/dags/4_advances_features/3_backfill_dag.py
[2023-08-25T09:16:51.652+0000] {processor.py:839} INFO - DAG(s) dict_keys(['catchup_and_backfill_dag']) retrieved from /opt/airflow/dags/4_advances_features/3_backfill_dag.py
[2023-08-25T09:16:51.675+0000] {logging_mixin.py:151} INFO - [2023-08-25T09:16:51.675+0000] {dag.py:2907} INFO - Sync 1 DAGs
[2023-08-25T09:16:51.688+0000] {logging_mixin.py:151} INFO - [2023-08-25T09:16:51.688+0000] {dag.py:3677} INFO - Setting next_dagrun for catchup_and_backfill_dag to 2023-08-01T00:00:00+00:00, run_after=2023-08-02T00:00:00+00:00
[2023-08-25T09:16:51.698+0000] {processor.py:179} INFO - Processing /opt/airflow/dags/4_advances_features/3_backfill_dag.py took 0.060 seconds
[2023-08-25T09:17:22.467+0000] {processor.py:157} INFO - Started process (PID=5460) to work on /opt/airflow/dags/4_advances_features/3_backfill_dag.py
[2023-08-25T09:17:22.468+0000] {processor.py:829} INFO - Processing file /opt/airflow/dags/4_advances_features/3_backfill_dag.py for tasks to queue
[2023-08-25T09:17:22.469+0000] {logging_mixin.py:151} INFO - [2023-08-25T09:17:22.469+0000] {dagbag.py:539} INFO - Filling up the DagBag from /opt/airflow/dags/4_advances_features/3_backfill_dag.py
[2023-08-25T09:17:22.478+0000] {processor.py:839} INFO - DAG(s) dict_keys(['catchup_and_backfill_dag']) retrieved from /opt/airflow/dags/4_advances_features/3_backfill_dag.py
[2023-08-25T09:17:22.500+0000] {logging_mixin.py:151} INFO - [2023-08-25T09:17:22.500+0000] {dag.py:2907} INFO - Sync 1 DAGs
[2023-08-25T09:17:22.513+0000] {logging_mixin.py:151} INFO - [2023-08-25T09:17:22.513+0000] {dag.py:3677} INFO - Setting next_dagrun for catchup_and_backfill_dag to 2023-08-01T00:00:00+00:00, run_after=2023-08-02T00:00:00+00:00
[2023-08-25T09:17:22.524+0000] {processor.py:179} INFO - Processing /opt/airflow/dags/4_advances_features/3_backfill_dag.py took 0.060 seconds
[2023-08-25T09:17:53.227+0000] {processor.py:157} INFO - Started process (PID=5476) to work on /opt/airflow/dags/4_advances_features/3_backfill_dag.py
[2023-08-25T09:17:53.228+0000] {processor.py:829} INFO - Processing file /opt/airflow/dags/4_advances_features/3_backfill_dag.py for tasks to queue
[2023-08-25T09:17:53.229+0000] {logging_mixin.py:151} INFO - [2023-08-25T09:17:53.229+0000] {dagbag.py:539} INFO - Filling up the DagBag from /opt/airflow/dags/4_advances_features/3_backfill_dag.py
[2023-08-25T09:17:53.239+0000] {processor.py:839} INFO - DAG(s) dict_keys(['catchup_and_backfill_dag']) retrieved from /opt/airflow/dags/4_advances_features/3_backfill_dag.py
[2023-08-25T09:17:53.261+0000] {logging_mixin.py:151} INFO - [2023-08-25T09:17:53.260+0000] {dag.py:2907} INFO - Sync 1 DAGs
[2023-08-25T09:17:53.274+0000] {logging_mixin.py:151} INFO - [2023-08-25T09:17:53.273+0000] {dag.py:3677} INFO - Setting next_dagrun for catchup_and_backfill_dag to 2023-08-01T00:00:00+00:00, run_after=2023-08-02T00:00:00+00:00
[2023-08-25T09:17:53.285+0000] {processor.py:179} INFO - Processing /opt/airflow/dags/4_advances_features/3_backfill_dag.py took 0.060 seconds
[2023-08-25T09:18:24.013+0000] {processor.py:157} INFO - Started process (PID=5492) to work on /opt/airflow/dags/4_advances_features/3_backfill_dag.py
[2023-08-25T09:18:24.015+0000] {processor.py:829} INFO - Processing file /opt/airflow/dags/4_advances_features/3_backfill_dag.py for tasks to queue
[2023-08-25T09:18:24.016+0000] {logging_mixin.py:151} INFO - [2023-08-25T09:18:24.015+0000] {dagbag.py:539} INFO - Filling up the DagBag from /opt/airflow/dags/4_advances_features/3_backfill_dag.py
[2023-08-25T09:18:24.040+0000] {processor.py:839} INFO - DAG(s) dict_keys(['catchup_and_backfill_dag']) retrieved from /opt/airflow/dags/4_advances_features/3_backfill_dag.py
[2023-08-25T09:18:24.065+0000] {logging_mixin.py:151} INFO - [2023-08-25T09:18:24.064+0000] {dag.py:2907} INFO - Sync 1 DAGs
[2023-08-25T09:18:24.081+0000] {logging_mixin.py:151} INFO - [2023-08-25T09:18:24.081+0000] {dag.py:3677} INFO - Setting next_dagrun for catchup_and_backfill_dag to 2023-08-01T00:00:00+00:00, run_after=2023-08-02T00:00:00+00:00
[2023-08-25T09:18:24.093+0000] {processor.py:179} INFO - Processing /opt/airflow/dags/4_advances_features/3_backfill_dag.py took 0.083 seconds
[2023-08-25T09:18:54.871+0000] {processor.py:157} INFO - Started process (PID=5508) to work on /opt/airflow/dags/4_advances_features/3_backfill_dag.py
[2023-08-25T09:18:54.872+0000] {processor.py:829} INFO - Processing file /opt/airflow/dags/4_advances_features/3_backfill_dag.py for tasks to queue
[2023-08-25T09:18:54.873+0000] {logging_mixin.py:151} INFO - [2023-08-25T09:18:54.873+0000] {dagbag.py:539} INFO - Filling up the DagBag from /opt/airflow/dags/4_advances_features/3_backfill_dag.py
[2023-08-25T09:18:54.882+0000] {processor.py:839} INFO - DAG(s) dict_keys(['catchup_and_backfill_dag']) retrieved from /opt/airflow/dags/4_advances_features/3_backfill_dag.py
[2023-08-25T09:18:54.904+0000] {logging_mixin.py:151} INFO - [2023-08-25T09:18:54.904+0000] {dag.py:2907} INFO - Sync 1 DAGs
[2023-08-25T09:18:54.917+0000] {logging_mixin.py:151} INFO - [2023-08-25T09:18:54.917+0000] {dag.py:3677} INFO - Setting next_dagrun for catchup_and_backfill_dag to 2023-08-01T00:00:00+00:00, run_after=2023-08-02T00:00:00+00:00
[2023-08-25T09:18:54.928+0000] {processor.py:179} INFO - Processing /opt/airflow/dags/4_advances_features/3_backfill_dag.py took 0.060 seconds
[2023-08-25T09:19:25.600+0000] {processor.py:157} INFO - Started process (PID=5524) to work on /opt/airflow/dags/4_advances_features/3_backfill_dag.py
[2023-08-25T09:19:25.601+0000] {processor.py:829} INFO - Processing file /opt/airflow/dags/4_advances_features/3_backfill_dag.py for tasks to queue
[2023-08-25T09:19:25.602+0000] {logging_mixin.py:151} INFO - [2023-08-25T09:19:25.601+0000] {dagbag.py:539} INFO - Filling up the DagBag from /opt/airflow/dags/4_advances_features/3_backfill_dag.py
[2023-08-25T09:19:25.611+0000] {processor.py:839} INFO - DAG(s) dict_keys(['catchup_and_backfill_dag']) retrieved from /opt/airflow/dags/4_advances_features/3_backfill_dag.py
[2023-08-25T09:19:25.634+0000] {logging_mixin.py:151} INFO - [2023-08-25T09:19:25.633+0000] {dag.py:2907} INFO - Sync 1 DAGs
[2023-08-25T09:19:25.647+0000] {logging_mixin.py:151} INFO - [2023-08-25T09:19:25.646+0000] {dag.py:3677} INFO - Setting next_dagrun for catchup_and_backfill_dag to 2023-08-01T00:00:00+00:00, run_after=2023-08-02T00:00:00+00:00
[2023-08-25T09:19:25.657+0000] {processor.py:179} INFO - Processing /opt/airflow/dags/4_advances_features/3_backfill_dag.py took 0.061 seconds
[2023-08-25T09:19:56.301+0000] {processor.py:157} INFO - Started process (PID=5540) to work on /opt/airflow/dags/4_advances_features/3_backfill_dag.py
[2023-08-25T09:19:56.302+0000] {processor.py:829} INFO - Processing file /opt/airflow/dags/4_advances_features/3_backfill_dag.py for tasks to queue
[2023-08-25T09:19:56.303+0000] {logging_mixin.py:151} INFO - [2023-08-25T09:19:56.303+0000] {dagbag.py:539} INFO - Filling up the DagBag from /opt/airflow/dags/4_advances_features/3_backfill_dag.py
[2023-08-25T09:19:56.312+0000] {processor.py:839} INFO - DAG(s) dict_keys(['catchup_and_backfill_dag']) retrieved from /opt/airflow/dags/4_advances_features/3_backfill_dag.py
[2023-08-25T09:19:56.334+0000] {logging_mixin.py:151} INFO - [2023-08-25T09:19:56.334+0000] {dag.py:2907} INFO - Sync 1 DAGs
[2023-08-25T09:19:56.347+0000] {logging_mixin.py:151} INFO - [2023-08-25T09:19:56.347+0000] {dag.py:3677} INFO - Setting next_dagrun for catchup_and_backfill_dag to 2023-08-01T00:00:00+00:00, run_after=2023-08-02T00:00:00+00:00
[2023-08-25T09:19:56.358+0000] {processor.py:179} INFO - Processing /opt/airflow/dags/4_advances_features/3_backfill_dag.py took 0.060 seconds
[2023-08-25T09:20:27.065+0000] {processor.py:157} INFO - Started process (PID=5556) to work on /opt/airflow/dags/4_advances_features/3_backfill_dag.py
[2023-08-25T09:20:27.066+0000] {processor.py:829} INFO - Processing file /opt/airflow/dags/4_advances_features/3_backfill_dag.py for tasks to queue
[2023-08-25T09:20:27.067+0000] {logging_mixin.py:151} INFO - [2023-08-25T09:20:27.067+0000] {dagbag.py:539} INFO - Filling up the DagBag from /opt/airflow/dags/4_advances_features/3_backfill_dag.py
[2023-08-25T09:20:27.078+0000] {processor.py:839} INFO - DAG(s) dict_keys(['catchup_and_backfill_dag']) retrieved from /opt/airflow/dags/4_advances_features/3_backfill_dag.py
[2023-08-25T09:20:27.101+0000] {logging_mixin.py:151} INFO - [2023-08-25T09:20:27.101+0000] {dag.py:2907} INFO - Sync 1 DAGs
[2023-08-25T09:20:27.116+0000] {logging_mixin.py:151} INFO - [2023-08-25T09:20:27.115+0000] {dag.py:3677} INFO - Setting next_dagrun for catchup_and_backfill_dag to 2023-08-01T00:00:00+00:00, run_after=2023-08-02T00:00:00+00:00
[2023-08-25T09:20:27.128+0000] {processor.py:179} INFO - Processing /opt/airflow/dags/4_advances_features/3_backfill_dag.py took 0.066 seconds
[2023-08-25T09:20:57.806+0000] {processor.py:157} INFO - Started process (PID=5572) to work on /opt/airflow/dags/4_advances_features/3_backfill_dag.py
[2023-08-25T09:20:57.807+0000] {processor.py:829} INFO - Processing file /opt/airflow/dags/4_advances_features/3_backfill_dag.py for tasks to queue
[2023-08-25T09:20:57.808+0000] {logging_mixin.py:151} INFO - [2023-08-25T09:20:57.808+0000] {dagbag.py:539} INFO - Filling up the DagBag from /opt/airflow/dags/4_advances_features/3_backfill_dag.py
[2023-08-25T09:20:57.817+0000] {processor.py:839} INFO - DAG(s) dict_keys(['catchup_and_backfill_dag']) retrieved from /opt/airflow/dags/4_advances_features/3_backfill_dag.py
[2023-08-25T09:20:57.839+0000] {logging_mixin.py:151} INFO - [2023-08-25T09:20:57.839+0000] {dag.py:2907} INFO - Sync 1 DAGs
[2023-08-25T09:20:57.852+0000] {logging_mixin.py:151} INFO - [2023-08-25T09:20:57.852+0000] {dag.py:3677} INFO - Setting next_dagrun for catchup_and_backfill_dag to 2023-08-01T00:00:00+00:00, run_after=2023-08-02T00:00:00+00:00
[2023-08-25T09:20:57.862+0000] {processor.py:179} INFO - Processing /opt/airflow/dags/4_advances_features/3_backfill_dag.py took 0.059 seconds
[2023-08-25T09:21:28.492+0000] {processor.py:157} INFO - Started process (PID=5588) to work on /opt/airflow/dags/4_advances_features/3_backfill_dag.py
[2023-08-25T09:21:28.493+0000] {processor.py:829} INFO - Processing file /opt/airflow/dags/4_advances_features/3_backfill_dag.py for tasks to queue
[2023-08-25T09:21:28.494+0000] {logging_mixin.py:151} INFO - [2023-08-25T09:21:28.494+0000] {dagbag.py:539} INFO - Filling up the DagBag from /opt/airflow/dags/4_advances_features/3_backfill_dag.py
[2023-08-25T09:21:28.502+0000] {processor.py:839} INFO - DAG(s) dict_keys(['catchup_and_backfill_dag']) retrieved from /opt/airflow/dags/4_advances_features/3_backfill_dag.py
[2023-08-25T09:21:28.522+0000] {logging_mixin.py:151} INFO - [2023-08-25T09:21:28.522+0000] {dag.py:2907} INFO - Sync 1 DAGs
[2023-08-25T09:21:28.534+0000] {logging_mixin.py:151} INFO - [2023-08-25T09:21:28.534+0000] {dag.py:3677} INFO - Setting next_dagrun for catchup_and_backfill_dag to 2023-08-01T00:00:00+00:00, run_after=2023-08-02T00:00:00+00:00
[2023-08-25T09:21:28.545+0000] {processor.py:179} INFO - Processing /opt/airflow/dags/4_advances_features/3_backfill_dag.py took 0.055 seconds
[2023-08-25T09:21:59.173+0000] {processor.py:157} INFO - Started process (PID=5604) to work on /opt/airflow/dags/4_advances_features/3_backfill_dag.py
[2023-08-25T09:21:59.174+0000] {processor.py:829} INFO - Processing file /opt/airflow/dags/4_advances_features/3_backfill_dag.py for tasks to queue
[2023-08-25T09:21:59.175+0000] {logging_mixin.py:151} INFO - [2023-08-25T09:21:59.175+0000] {dagbag.py:539} INFO - Filling up the DagBag from /opt/airflow/dags/4_advances_features/3_backfill_dag.py
[2023-08-25T09:21:59.184+0000] {processor.py:839} INFO - DAG(s) dict_keys(['catchup_and_backfill_dag']) retrieved from /opt/airflow/dags/4_advances_features/3_backfill_dag.py
[2023-08-25T09:21:59.204+0000] {logging_mixin.py:151} INFO - [2023-08-25T09:21:59.204+0000] {dag.py:2907} INFO - Sync 1 DAGs
[2023-08-25T09:21:59.216+0000] {logging_mixin.py:151} INFO - [2023-08-25T09:21:59.216+0000] {dag.py:3677} INFO - Setting next_dagrun for catchup_and_backfill_dag to 2023-08-01T00:00:00+00:00, run_after=2023-08-02T00:00:00+00:00
[2023-08-25T09:21:59.226+0000] {processor.py:179} INFO - Processing /opt/airflow/dags/4_advances_features/3_backfill_dag.py took 0.056 seconds
[2023-08-25T09:22:29.957+0000] {processor.py:157} INFO - Started process (PID=5619) to work on /opt/airflow/dags/4_advances_features/3_backfill_dag.py
[2023-08-25T09:22:29.958+0000] {processor.py:829} INFO - Processing file /opt/airflow/dags/4_advances_features/3_backfill_dag.py for tasks to queue
[2023-08-25T09:22:29.959+0000] {logging_mixin.py:151} INFO - [2023-08-25T09:22:29.959+0000] {dagbag.py:539} INFO - Filling up the DagBag from /opt/airflow/dags/4_advances_features/3_backfill_dag.py
[2023-08-25T09:22:29.968+0000] {processor.py:839} INFO - DAG(s) dict_keys(['catchup_and_backfill_dag']) retrieved from /opt/airflow/dags/4_advances_features/3_backfill_dag.py
[2023-08-25T09:22:29.988+0000] {logging_mixin.py:151} INFO - [2023-08-25T09:22:29.988+0000] {dag.py:2907} INFO - Sync 1 DAGs
[2023-08-25T09:22:30.001+0000] {logging_mixin.py:151} INFO - [2023-08-25T09:22:30.001+0000] {dag.py:3677} INFO - Setting next_dagrun for catchup_and_backfill_dag to 2023-08-01T00:00:00+00:00, run_after=2023-08-02T00:00:00+00:00
[2023-08-25T09:22:30.010+0000] {processor.py:179} INFO - Processing /opt/airflow/dags/4_advances_features/3_backfill_dag.py took 0.056 seconds
[2023-08-25T09:23:00.775+0000] {processor.py:157} INFO - Started process (PID=5635) to work on /opt/airflow/dags/4_advances_features/3_backfill_dag.py
[2023-08-25T09:23:00.776+0000] {processor.py:829} INFO - Processing file /opt/airflow/dags/4_advances_features/3_backfill_dag.py for tasks to queue
[2023-08-25T09:23:00.777+0000] {logging_mixin.py:151} INFO - [2023-08-25T09:23:00.777+0000] {dagbag.py:539} INFO - Filling up the DagBag from /opt/airflow/dags/4_advances_features/3_backfill_dag.py
[2023-08-25T09:23:00.786+0000] {processor.py:839} INFO - DAG(s) dict_keys(['catchup_and_backfill_dag']) retrieved from /opt/airflow/dags/4_advances_features/3_backfill_dag.py
[2023-08-25T09:23:00.808+0000] {logging_mixin.py:151} INFO - [2023-08-25T09:23:00.808+0000] {dag.py:2907} INFO - Sync 1 DAGs
[2023-08-25T09:23:00.821+0000] {logging_mixin.py:151} INFO - [2023-08-25T09:23:00.821+0000] {dag.py:3677} INFO - Setting next_dagrun for catchup_and_backfill_dag to 2023-08-01T00:00:00+00:00, run_after=2023-08-02T00:00:00+00:00
[2023-08-25T09:23:00.833+0000] {processor.py:179} INFO - Processing /opt/airflow/dags/4_advances_features/3_backfill_dag.py took 0.061 seconds
[2023-08-25T09:23:31.496+0000] {processor.py:157} INFO - Started process (PID=5651) to work on /opt/airflow/dags/4_advances_features/3_backfill_dag.py
[2023-08-25T09:23:31.498+0000] {processor.py:829} INFO - Processing file /opt/airflow/dags/4_advances_features/3_backfill_dag.py for tasks to queue
[2023-08-25T09:23:31.499+0000] {logging_mixin.py:151} INFO - [2023-08-25T09:23:31.499+0000] {dagbag.py:539} INFO - Filling up the DagBag from /opt/airflow/dags/4_advances_features/3_backfill_dag.py
[2023-08-25T09:23:31.508+0000] {processor.py:839} INFO - DAG(s) dict_keys(['catchup_and_backfill_dag']) retrieved from /opt/airflow/dags/4_advances_features/3_backfill_dag.py
[2023-08-25T09:23:31.531+0000] {logging_mixin.py:151} INFO - [2023-08-25T09:23:31.530+0000] {dag.py:2907} INFO - Sync 1 DAGs
[2023-08-25T09:23:31.543+0000] {logging_mixin.py:151} INFO - [2023-08-25T09:23:31.543+0000] {dag.py:3677} INFO - Setting next_dagrun for catchup_and_backfill_dag to 2023-08-01T00:00:00+00:00, run_after=2023-08-02T00:00:00+00:00
[2023-08-25T09:23:31.553+0000] {processor.py:179} INFO - Processing /opt/airflow/dags/4_advances_features/3_backfill_dag.py took 0.059 seconds
[2023-08-25T09:24:02.298+0000] {processor.py:157} INFO - Started process (PID=5667) to work on /opt/airflow/dags/4_advances_features/3_backfill_dag.py
[2023-08-25T09:24:02.299+0000] {processor.py:829} INFO - Processing file /opt/airflow/dags/4_advances_features/3_backfill_dag.py for tasks to queue
[2023-08-25T09:24:02.300+0000] {logging_mixin.py:151} INFO - [2023-08-25T09:24:02.300+0000] {dagbag.py:539} INFO - Filling up the DagBag from /opt/airflow/dags/4_advances_features/3_backfill_dag.py
[2023-08-25T09:24:02.310+0000] {processor.py:839} INFO - DAG(s) dict_keys(['catchup_and_backfill_dag']) retrieved from /opt/airflow/dags/4_advances_features/3_backfill_dag.py
[2023-08-25T09:24:02.331+0000] {logging_mixin.py:151} INFO - [2023-08-25T09:24:02.331+0000] {dag.py:2907} INFO - Sync 1 DAGs
[2023-08-25T09:24:02.344+0000] {logging_mixin.py:151} INFO - [2023-08-25T09:24:02.344+0000] {dag.py:3677} INFO - Setting next_dagrun for catchup_and_backfill_dag to 2023-08-01T00:00:00+00:00, run_after=2023-08-02T00:00:00+00:00
[2023-08-25T09:24:02.354+0000] {processor.py:179} INFO - Processing /opt/airflow/dags/4_advances_features/3_backfill_dag.py took 0.059 seconds
[2023-08-25T09:24:33.068+0000] {processor.py:157} INFO - Started process (PID=5683) to work on /opt/airflow/dags/4_advances_features/3_backfill_dag.py
[2023-08-25T09:24:33.069+0000] {processor.py:829} INFO - Processing file /opt/airflow/dags/4_advances_features/3_backfill_dag.py for tasks to queue
[2023-08-25T09:24:33.071+0000] {logging_mixin.py:151} INFO - [2023-08-25T09:24:33.070+0000] {dagbag.py:539} INFO - Filling up the DagBag from /opt/airflow/dags/4_advances_features/3_backfill_dag.py
[2023-08-25T09:24:33.080+0000] {processor.py:839} INFO - DAG(s) dict_keys(['catchup_and_backfill_dag']) retrieved from /opt/airflow/dags/4_advances_features/3_backfill_dag.py
[2023-08-25T09:24:33.104+0000] {logging_mixin.py:151} INFO - [2023-08-25T09:24:33.104+0000] {dag.py:2907} INFO - Sync 1 DAGs
[2023-08-25T09:24:33.117+0000] {logging_mixin.py:151} INFO - [2023-08-25T09:24:33.117+0000] {dag.py:3677} INFO - Setting next_dagrun for catchup_and_backfill_dag to 2023-08-01T00:00:00+00:00, run_after=2023-08-02T00:00:00+00:00
[2023-08-25T09:24:33.128+0000] {processor.py:179} INFO - Processing /opt/airflow/dags/4_advances_features/3_backfill_dag.py took 0.063 seconds
[2023-08-25T09:25:03.873+0000] {processor.py:157} INFO - Started process (PID=5699) to work on /opt/airflow/dags/4_advances_features/3_backfill_dag.py
[2023-08-25T09:25:03.875+0000] {processor.py:829} INFO - Processing file /opt/airflow/dags/4_advances_features/3_backfill_dag.py for tasks to queue
[2023-08-25T09:25:03.876+0000] {logging_mixin.py:151} INFO - [2023-08-25T09:25:03.876+0000] {dagbag.py:539} INFO - Filling up the DagBag from /opt/airflow/dags/4_advances_features/3_backfill_dag.py
[2023-08-25T09:25:03.889+0000] {processor.py:839} INFO - DAG(s) dict_keys(['catchup_and_backfill_dag']) retrieved from /opt/airflow/dags/4_advances_features/3_backfill_dag.py
[2023-08-25T09:25:03.942+0000] {logging_mixin.py:151} INFO - [2023-08-25T09:25:03.942+0000] {dag.py:2907} INFO - Sync 1 DAGs
[2023-08-25T09:25:03.961+0000] {logging_mixin.py:151} INFO - [2023-08-25T09:25:03.960+0000] {dag.py:3677} INFO - Setting next_dagrun for catchup_and_backfill_dag to 2023-08-01T00:00:00+00:00, run_after=2023-08-02T00:00:00+00:00
[2023-08-25T09:25:03.978+0000] {processor.py:179} INFO - Processing /opt/airflow/dags/4_advances_features/3_backfill_dag.py took 0.107 seconds
[2023-08-25T09:25:34.612+0000] {processor.py:157} INFO - Started process (PID=5715) to work on /opt/airflow/dags/4_advances_features/3_backfill_dag.py
[2023-08-25T09:25:34.613+0000] {processor.py:829} INFO - Processing file /opt/airflow/dags/4_advances_features/3_backfill_dag.py for tasks to queue
[2023-08-25T09:25:34.614+0000] {logging_mixin.py:151} INFO - [2023-08-25T09:25:34.613+0000] {dagbag.py:539} INFO - Filling up the DagBag from /opt/airflow/dags/4_advances_features/3_backfill_dag.py
[2023-08-25T09:25:34.622+0000] {processor.py:839} INFO - DAG(s) dict_keys(['catchup_and_backfill_dag']) retrieved from /opt/airflow/dags/4_advances_features/3_backfill_dag.py
[2023-08-25T09:25:34.643+0000] {logging_mixin.py:151} INFO - [2023-08-25T09:25:34.643+0000] {dag.py:2907} INFO - Sync 1 DAGs
[2023-08-25T09:25:34.656+0000] {logging_mixin.py:151} INFO - [2023-08-25T09:25:34.656+0000] {dag.py:3677} INFO - Setting next_dagrun for catchup_and_backfill_dag to 2023-08-01T00:00:00+00:00, run_after=2023-08-02T00:00:00+00:00
[2023-08-25T09:25:34.666+0000] {processor.py:179} INFO - Processing /opt/airflow/dags/4_advances_features/3_backfill_dag.py took 0.057 seconds
[2023-08-25T09:26:05.429+0000] {processor.py:157} INFO - Started process (PID=5731) to work on /opt/airflow/dags/4_advances_features/3_backfill_dag.py
[2023-08-25T09:26:05.430+0000] {processor.py:829} INFO - Processing file /opt/airflow/dags/4_advances_features/3_backfill_dag.py for tasks to queue
[2023-08-25T09:26:05.431+0000] {logging_mixin.py:151} INFO - [2023-08-25T09:26:05.431+0000] {dagbag.py:539} INFO - Filling up the DagBag from /opt/airflow/dags/4_advances_features/3_backfill_dag.py
[2023-08-25T09:26:05.440+0000] {processor.py:839} INFO - DAG(s) dict_keys(['catchup_and_backfill_dag']) retrieved from /opt/airflow/dags/4_advances_features/3_backfill_dag.py
[2023-08-25T09:26:05.463+0000] {logging_mixin.py:151} INFO - [2023-08-25T09:26:05.462+0000] {dag.py:2907} INFO - Sync 1 DAGs
[2023-08-25T09:26:05.475+0000] {logging_mixin.py:151} INFO - [2023-08-25T09:26:05.475+0000] {dag.py:3677} INFO - Setting next_dagrun for catchup_and_backfill_dag to 2023-08-01T00:00:00+00:00, run_after=2023-08-02T00:00:00+00:00
[2023-08-25T09:26:05.487+0000] {processor.py:179} INFO - Processing /opt/airflow/dags/4_advances_features/3_backfill_dag.py took 0.061 seconds
[2023-08-25T09:26:36.194+0000] {processor.py:157} INFO - Started process (PID=5747) to work on /opt/airflow/dags/4_advances_features/3_backfill_dag.py
[2023-08-25T09:26:36.196+0000] {processor.py:829} INFO - Processing file /opt/airflow/dags/4_advances_features/3_backfill_dag.py for tasks to queue
[2023-08-25T09:26:36.197+0000] {logging_mixin.py:151} INFO - [2023-08-25T09:26:36.196+0000] {dagbag.py:539} INFO - Filling up the DagBag from /opt/airflow/dags/4_advances_features/3_backfill_dag.py
[2023-08-25T09:26:36.207+0000] {processor.py:839} INFO - DAG(s) dict_keys(['catchup_and_backfill_dag']) retrieved from /opt/airflow/dags/4_advances_features/3_backfill_dag.py
[2023-08-25T09:26:36.229+0000] {logging_mixin.py:151} INFO - [2023-08-25T09:26:36.229+0000] {dag.py:2907} INFO - Sync 1 DAGs
[2023-08-25T09:26:36.243+0000] {logging_mixin.py:151} INFO - [2023-08-25T09:26:36.243+0000] {dag.py:3677} INFO - Setting next_dagrun for catchup_and_backfill_dag to 2023-08-01T00:00:00+00:00, run_after=2023-08-02T00:00:00+00:00
[2023-08-25T09:26:36.256+0000] {processor.py:179} INFO - Processing /opt/airflow/dags/4_advances_features/3_backfill_dag.py took 0.064 seconds
[2023-08-25T09:27:07.058+0000] {processor.py:157} INFO - Started process (PID=5763) to work on /opt/airflow/dags/4_advances_features/3_backfill_dag.py
[2023-08-25T09:27:07.060+0000] {processor.py:829} INFO - Processing file /opt/airflow/dags/4_advances_features/3_backfill_dag.py for tasks to queue
[2023-08-25T09:27:07.061+0000] {logging_mixin.py:151} INFO - [2023-08-25T09:27:07.060+0000] {dagbag.py:539} INFO - Filling up the DagBag from /opt/airflow/dags/4_advances_features/3_backfill_dag.py
[2023-08-25T09:27:07.075+0000] {processor.py:839} INFO - DAG(s) dict_keys(['catchup_and_backfill_dag']) retrieved from /opt/airflow/dags/4_advances_features/3_backfill_dag.py
[2023-08-25T09:27:07.100+0000] {logging_mixin.py:151} INFO - [2023-08-25T09:27:07.100+0000] {dag.py:2907} INFO - Sync 1 DAGs
[2023-08-25T09:27:07.114+0000] {logging_mixin.py:151} INFO - [2023-08-25T09:27:07.114+0000] {dag.py:3677} INFO - Setting next_dagrun for catchup_and_backfill_dag to 2023-08-01T00:00:00+00:00, run_after=2023-08-02T00:00:00+00:00
[2023-08-25T09:27:07.125+0000] {processor.py:179} INFO - Processing /opt/airflow/dags/4_advances_features/3_backfill_dag.py took 0.070 seconds
[2023-08-25T09:27:37.891+0000] {processor.py:157} INFO - Started process (PID=5778) to work on /opt/airflow/dags/4_advances_features/3_backfill_dag.py
[2023-08-25T09:27:37.892+0000] {processor.py:829} INFO - Processing file /opt/airflow/dags/4_advances_features/3_backfill_dag.py for tasks to queue
[2023-08-25T09:27:37.894+0000] {logging_mixin.py:151} INFO - [2023-08-25T09:27:37.893+0000] {dagbag.py:539} INFO - Filling up the DagBag from /opt/airflow/dags/4_advances_features/3_backfill_dag.py
[2023-08-25T09:27:37.903+0000] {processor.py:839} INFO - DAG(s) dict_keys(['catchup_and_backfill_dag']) retrieved from /opt/airflow/dags/4_advances_features/3_backfill_dag.py
[2023-08-25T09:27:37.925+0000] {logging_mixin.py:151} INFO - [2023-08-25T09:27:37.924+0000] {dag.py:2907} INFO - Sync 1 DAGs
[2023-08-25T09:27:37.937+0000] {logging_mixin.py:151} INFO - [2023-08-25T09:27:37.937+0000] {dag.py:3677} INFO - Setting next_dagrun for catchup_and_backfill_dag to 2023-08-01T00:00:00+00:00, run_after=2023-08-02T00:00:00+00:00
[2023-08-25T09:27:37.947+0000] {processor.py:179} INFO - Processing /opt/airflow/dags/4_advances_features/3_backfill_dag.py took 0.059 seconds
[2023-08-25T09:28:08.729+0000] {processor.py:157} INFO - Started process (PID=5794) to work on /opt/airflow/dags/4_advances_features/3_backfill_dag.py
[2023-08-25T09:28:08.731+0000] {processor.py:829} INFO - Processing file /opt/airflow/dags/4_advances_features/3_backfill_dag.py for tasks to queue
[2023-08-25T09:28:08.732+0000] {logging_mixin.py:151} INFO - [2023-08-25T09:28:08.731+0000] {dagbag.py:539} INFO - Filling up the DagBag from /opt/airflow/dags/4_advances_features/3_backfill_dag.py
[2023-08-25T09:28:08.742+0000] {processor.py:839} INFO - DAG(s) dict_keys(['catchup_and_backfill_dag']) retrieved from /opt/airflow/dags/4_advances_features/3_backfill_dag.py
[2023-08-25T09:28:08.766+0000] {logging_mixin.py:151} INFO - [2023-08-25T09:28:08.766+0000] {dag.py:2907} INFO - Sync 1 DAGs
[2023-08-25T09:28:08.781+0000] {logging_mixin.py:151} INFO - [2023-08-25T09:28:08.781+0000] {dag.py:3677} INFO - Setting next_dagrun for catchup_and_backfill_dag to 2023-08-01T00:00:00+00:00, run_after=2023-08-02T00:00:00+00:00
[2023-08-25T09:28:08.795+0000] {processor.py:179} INFO - Processing /opt/airflow/dags/4_advances_features/3_backfill_dag.py took 0.069 seconds
[2023-08-25T09:28:39.491+0000] {processor.py:157} INFO - Started process (PID=5810) to work on /opt/airflow/dags/4_advances_features/3_backfill_dag.py
[2023-08-25T09:28:39.493+0000] {processor.py:829} INFO - Processing file /opt/airflow/dags/4_advances_features/3_backfill_dag.py for tasks to queue
[2023-08-25T09:28:39.493+0000] {logging_mixin.py:151} INFO - [2023-08-25T09:28:39.493+0000] {dagbag.py:539} INFO - Filling up the DagBag from /opt/airflow/dags/4_advances_features/3_backfill_dag.py
[2023-08-25T09:28:39.503+0000] {processor.py:839} INFO - DAG(s) dict_keys(['catchup_and_backfill_dag']) retrieved from /opt/airflow/dags/4_advances_features/3_backfill_dag.py
[2023-08-25T09:28:39.525+0000] {logging_mixin.py:151} INFO - [2023-08-25T09:28:39.525+0000] {dag.py:2907} INFO - Sync 1 DAGs
[2023-08-25T09:28:39.540+0000] {logging_mixin.py:151} INFO - [2023-08-25T09:28:39.540+0000] {dag.py:3677} INFO - Setting next_dagrun for catchup_and_backfill_dag to 2023-08-01T00:00:00+00:00, run_after=2023-08-02T00:00:00+00:00
[2023-08-25T09:28:39.550+0000] {processor.py:179} INFO - Processing /opt/airflow/dags/4_advances_features/3_backfill_dag.py took 0.062 seconds
[2023-08-25T09:29:10.197+0000] {processor.py:157} INFO - Started process (PID=5826) to work on /opt/airflow/dags/4_advances_features/3_backfill_dag.py
[2023-08-25T09:29:10.198+0000] {processor.py:829} INFO - Processing file /opt/airflow/dags/4_advances_features/3_backfill_dag.py for tasks to queue
[2023-08-25T09:29:10.199+0000] {logging_mixin.py:151} INFO - [2023-08-25T09:29:10.198+0000] {dagbag.py:539} INFO - Filling up the DagBag from /opt/airflow/dags/4_advances_features/3_backfill_dag.py
[2023-08-25T09:29:10.207+0000] {processor.py:839} INFO - DAG(s) dict_keys(['catchup_and_backfill_dag']) retrieved from /opt/airflow/dags/4_advances_features/3_backfill_dag.py
[2023-08-25T09:29:10.227+0000] {logging_mixin.py:151} INFO - [2023-08-25T09:29:10.227+0000] {dag.py:2907} INFO - Sync 1 DAGs
[2023-08-25T09:29:10.241+0000] {logging_mixin.py:151} INFO - [2023-08-25T09:29:10.240+0000] {dag.py:3677} INFO - Setting next_dagrun for catchup_and_backfill_dag to 2023-08-01T00:00:00+00:00, run_after=2023-08-02T00:00:00+00:00
[2023-08-25T09:29:10.250+0000] {processor.py:179} INFO - Processing /opt/airflow/dags/4_advances_features/3_backfill_dag.py took 0.056 seconds
[2023-08-25T09:29:41.068+0000] {processor.py:157} INFO - Started process (PID=5842) to work on /opt/airflow/dags/4_advances_features/3_backfill_dag.py
[2023-08-25T09:29:41.069+0000] {processor.py:829} INFO - Processing file /opt/airflow/dags/4_advances_features/3_backfill_dag.py for tasks to queue
[2023-08-25T09:29:41.070+0000] {logging_mixin.py:151} INFO - [2023-08-25T09:29:41.070+0000] {dagbag.py:539} INFO - Filling up the DagBag from /opt/airflow/dags/4_advances_features/3_backfill_dag.py
[2023-08-25T09:29:41.079+0000] {processor.py:839} INFO - DAG(s) dict_keys(['catchup_and_backfill_dag']) retrieved from /opt/airflow/dags/4_advances_features/3_backfill_dag.py
[2023-08-25T09:29:41.102+0000] {logging_mixin.py:151} INFO - [2023-08-25T09:29:41.102+0000] {dag.py:2907} INFO - Sync 1 DAGs
[2023-08-25T09:29:41.116+0000] {logging_mixin.py:151} INFO - [2023-08-25T09:29:41.116+0000] {dag.py:3677} INFO - Setting next_dagrun for catchup_and_backfill_dag to 2023-08-01T00:00:00+00:00, run_after=2023-08-02T00:00:00+00:00
[2023-08-25T09:29:41.126+0000] {processor.py:179} INFO - Processing /opt/airflow/dags/4_advances_features/3_backfill_dag.py took 0.061 seconds
[2023-08-25T09:30:11.834+0000] {processor.py:157} INFO - Started process (PID=5858) to work on /opt/airflow/dags/4_advances_features/3_backfill_dag.py
[2023-08-25T09:30:11.835+0000] {processor.py:829} INFO - Processing file /opt/airflow/dags/4_advances_features/3_backfill_dag.py for tasks to queue
[2023-08-25T09:30:11.836+0000] {logging_mixin.py:151} INFO - [2023-08-25T09:30:11.836+0000] {dagbag.py:539} INFO - Filling up the DagBag from /opt/airflow/dags/4_advances_features/3_backfill_dag.py
[2023-08-25T09:30:11.846+0000] {processor.py:839} INFO - DAG(s) dict_keys(['catchup_and_backfill_dag']) retrieved from /opt/airflow/dags/4_advances_features/3_backfill_dag.py
[2023-08-25T09:30:11.867+0000] {logging_mixin.py:151} INFO - [2023-08-25T09:30:11.867+0000] {dag.py:2907} INFO - Sync 1 DAGs
[2023-08-25T09:30:11.880+0000] {logging_mixin.py:151} INFO - [2023-08-25T09:30:11.880+0000] {dag.py:3677} INFO - Setting next_dagrun for catchup_and_backfill_dag to 2023-08-01T00:00:00+00:00, run_after=2023-08-02T00:00:00+00:00
[2023-08-25T09:30:11.891+0000] {processor.py:179} INFO - Processing /opt/airflow/dags/4_advances_features/3_backfill_dag.py took 0.059 seconds
[2023-08-25T09:30:42.664+0000] {processor.py:157} INFO - Started process (PID=5874) to work on /opt/airflow/dags/4_advances_features/3_backfill_dag.py
[2023-08-25T09:30:42.665+0000] {processor.py:829} INFO - Processing file /opt/airflow/dags/4_advances_features/3_backfill_dag.py for tasks to queue
[2023-08-25T09:30:42.666+0000] {logging_mixin.py:151} INFO - [2023-08-25T09:30:42.666+0000] {dagbag.py:539} INFO - Filling up the DagBag from /opt/airflow/dags/4_advances_features/3_backfill_dag.py
[2023-08-25T09:30:42.675+0000] {processor.py:839} INFO - DAG(s) dict_keys(['catchup_and_backfill_dag']) retrieved from /opt/airflow/dags/4_advances_features/3_backfill_dag.py
[2023-08-25T09:30:42.697+0000] {logging_mixin.py:151} INFO - [2023-08-25T09:30:42.697+0000] {dag.py:2907} INFO - Sync 1 DAGs
[2023-08-25T09:30:42.710+0000] {logging_mixin.py:151} INFO - [2023-08-25T09:30:42.710+0000] {dag.py:3677} INFO - Setting next_dagrun for catchup_and_backfill_dag to 2023-08-01T00:00:00+00:00, run_after=2023-08-02T00:00:00+00:00
[2023-08-25T09:30:42.721+0000] {processor.py:179} INFO - Processing /opt/airflow/dags/4_advances_features/3_backfill_dag.py took 0.060 seconds
[2023-08-25T09:31:13.330+0000] {processor.py:157} INFO - Started process (PID=5890) to work on /opt/airflow/dags/4_advances_features/3_backfill_dag.py
[2023-08-25T09:31:13.331+0000] {processor.py:829} INFO - Processing file /opt/airflow/dags/4_advances_features/3_backfill_dag.py for tasks to queue
[2023-08-25T09:31:13.332+0000] {logging_mixin.py:151} INFO - [2023-08-25T09:31:13.331+0000] {dagbag.py:539} INFO - Filling up the DagBag from /opt/airflow/dags/4_advances_features/3_backfill_dag.py
[2023-08-25T09:31:13.340+0000] {processor.py:839} INFO - DAG(s) dict_keys(['catchup_and_backfill_dag']) retrieved from /opt/airflow/dags/4_advances_features/3_backfill_dag.py
[2023-08-25T09:31:13.361+0000] {logging_mixin.py:151} INFO - [2023-08-25T09:31:13.361+0000] {dag.py:2907} INFO - Sync 1 DAGs
[2023-08-25T09:31:13.373+0000] {logging_mixin.py:151} INFO - [2023-08-25T09:31:13.373+0000] {dag.py:3677} INFO - Setting next_dagrun for catchup_and_backfill_dag to 2023-08-01T00:00:00+00:00, run_after=2023-08-02T00:00:00+00:00
[2023-08-25T09:31:13.383+0000] {processor.py:179} INFO - Processing /opt/airflow/dags/4_advances_features/3_backfill_dag.py took 0.056 seconds
[2023-08-25T09:31:44.162+0000] {processor.py:157} INFO - Started process (PID=5906) to work on /opt/airflow/dags/4_advances_features/3_backfill_dag.py
[2023-08-25T09:31:44.163+0000] {processor.py:829} INFO - Processing file /opt/airflow/dags/4_advances_features/3_backfill_dag.py for tasks to queue
[2023-08-25T09:31:44.164+0000] {logging_mixin.py:151} INFO - [2023-08-25T09:31:44.164+0000] {dagbag.py:539} INFO - Filling up the DagBag from /opt/airflow/dags/4_advances_features/3_backfill_dag.py
[2023-08-25T09:31:44.173+0000] {processor.py:839} INFO - DAG(s) dict_keys(['catchup_and_backfill_dag']) retrieved from /opt/airflow/dags/4_advances_features/3_backfill_dag.py
[2023-08-25T09:31:44.195+0000] {logging_mixin.py:151} INFO - [2023-08-25T09:31:44.195+0000] {dag.py:2907} INFO - Sync 1 DAGs
[2023-08-25T09:31:44.208+0000] {logging_mixin.py:151} INFO - [2023-08-25T09:31:44.208+0000] {dag.py:3677} INFO - Setting next_dagrun for catchup_and_backfill_dag to 2023-08-01T00:00:00+00:00, run_after=2023-08-02T00:00:00+00:00
[2023-08-25T09:31:44.218+0000] {processor.py:179} INFO - Processing /opt/airflow/dags/4_advances_features/3_backfill_dag.py took 0.059 seconds
[2023-08-25T09:32:14.929+0000] {processor.py:157} INFO - Started process (PID=5922) to work on /opt/airflow/dags/4_advances_features/3_backfill_dag.py
[2023-08-25T09:32:14.931+0000] {processor.py:829} INFO - Processing file /opt/airflow/dags/4_advances_features/3_backfill_dag.py for tasks to queue
[2023-08-25T09:32:14.932+0000] {logging_mixin.py:151} INFO - [2023-08-25T09:32:14.932+0000] {dagbag.py:539} INFO - Filling up the DagBag from /opt/airflow/dags/4_advances_features/3_backfill_dag.py
[2023-08-25T09:32:14.943+0000] {processor.py:839} INFO - DAG(s) dict_keys(['catchup_and_backfill_dag']) retrieved from /opt/airflow/dags/4_advances_features/3_backfill_dag.py
[2023-08-25T09:32:14.971+0000] {logging_mixin.py:151} INFO - [2023-08-25T09:32:14.971+0000] {dag.py:2907} INFO - Sync 1 DAGs
[2023-08-25T09:32:14.985+0000] {logging_mixin.py:151} INFO - [2023-08-25T09:32:14.984+0000] {dag.py:3677} INFO - Setting next_dagrun for catchup_and_backfill_dag to 2023-08-01T00:00:00+00:00, run_after=2023-08-02T00:00:00+00:00
[2023-08-25T09:32:14.996+0000] {processor.py:179} INFO - Processing /opt/airflow/dags/4_advances_features/3_backfill_dag.py took 0.069 seconds
[2023-08-25T09:32:45.619+0000] {processor.py:157} INFO - Started process (PID=5938) to work on /opt/airflow/dags/4_advances_features/3_backfill_dag.py
[2023-08-25T09:32:45.620+0000] {processor.py:829} INFO - Processing file /opt/airflow/dags/4_advances_features/3_backfill_dag.py for tasks to queue
[2023-08-25T09:32:45.621+0000] {logging_mixin.py:151} INFO - [2023-08-25T09:32:45.621+0000] {dagbag.py:539} INFO - Filling up the DagBag from /opt/airflow/dags/4_advances_features/3_backfill_dag.py
[2023-08-25T09:32:45.630+0000] {processor.py:839} INFO - DAG(s) dict_keys(['catchup_and_backfill_dag']) retrieved from /opt/airflow/dags/4_advances_features/3_backfill_dag.py
[2023-08-25T09:32:45.651+0000] {logging_mixin.py:151} INFO - [2023-08-25T09:32:45.651+0000] {dag.py:2907} INFO - Sync 1 DAGs
[2023-08-25T09:32:45.664+0000] {logging_mixin.py:151} INFO - [2023-08-25T09:32:45.664+0000] {dag.py:3677} INFO - Setting next_dagrun for catchup_and_backfill_dag to 2023-08-01T00:00:00+00:00, run_after=2023-08-02T00:00:00+00:00
[2023-08-25T09:32:45.673+0000] {processor.py:179} INFO - Processing /opt/airflow/dags/4_advances_features/3_backfill_dag.py took 0.057 seconds
[2023-08-25T09:33:16.385+0000] {processor.py:157} INFO - Started process (PID=5954) to work on /opt/airflow/dags/4_advances_features/3_backfill_dag.py
[2023-08-25T09:33:16.387+0000] {processor.py:829} INFO - Processing file /opt/airflow/dags/4_advances_features/3_backfill_dag.py for tasks to queue
[2023-08-25T09:33:16.388+0000] {logging_mixin.py:151} INFO - [2023-08-25T09:33:16.387+0000] {dagbag.py:539} INFO - Filling up the DagBag from /opt/airflow/dags/4_advances_features/3_backfill_dag.py
[2023-08-25T09:33:16.397+0000] {processor.py:839} INFO - DAG(s) dict_keys(['catchup_and_backfill_dag']) retrieved from /opt/airflow/dags/4_advances_features/3_backfill_dag.py
[2023-08-25T09:33:16.421+0000] {logging_mixin.py:151} INFO - [2023-08-25T09:33:16.421+0000] {dag.py:2907} INFO - Sync 1 DAGs
[2023-08-25T09:33:16.435+0000] {logging_mixin.py:151} INFO - [2023-08-25T09:33:16.435+0000] {dag.py:3677} INFO - Setting next_dagrun for catchup_and_backfill_dag to 2023-08-01T00:00:00+00:00, run_after=2023-08-02T00:00:00+00:00
[2023-08-25T09:33:16.450+0000] {processor.py:179} INFO - Processing /opt/airflow/dags/4_advances_features/3_backfill_dag.py took 0.068 seconds
[2023-08-25T09:33:47.222+0000] {processor.py:157} INFO - Started process (PID=5981) to work on /opt/airflow/dags/4_advances_features/3_backfill_dag.py
[2023-08-25T09:33:47.223+0000] {processor.py:829} INFO - Processing file /opt/airflow/dags/4_advances_features/3_backfill_dag.py for tasks to queue
[2023-08-25T09:33:47.224+0000] {logging_mixin.py:151} INFO - [2023-08-25T09:33:47.224+0000] {dagbag.py:539} INFO - Filling up the DagBag from /opt/airflow/dags/4_advances_features/3_backfill_dag.py
[2023-08-25T09:33:47.234+0000] {processor.py:839} INFO - DAG(s) dict_keys(['catchup_and_backfill_dag']) retrieved from /opt/airflow/dags/4_advances_features/3_backfill_dag.py
[2023-08-25T09:33:47.255+0000] {logging_mixin.py:151} INFO - [2023-08-25T09:33:47.255+0000] {dag.py:2907} INFO - Sync 1 DAGs
[2023-08-25T09:33:47.269+0000] {logging_mixin.py:151} INFO - [2023-08-25T09:33:47.268+0000] {dag.py:3677} INFO - Setting next_dagrun for catchup_and_backfill_dag to 2023-08-01T00:00:00+00:00, run_after=2023-08-02T00:00:00+00:00
[2023-08-25T09:33:47.280+0000] {processor.py:179} INFO - Processing /opt/airflow/dags/4_advances_features/3_backfill_dag.py took 0.061 seconds
[2023-08-25T09:34:18.027+0000] {processor.py:157} INFO - Started process (PID=5997) to work on /opt/airflow/dags/4_advances_features/3_backfill_dag.py
[2023-08-25T09:34:18.029+0000] {processor.py:829} INFO - Processing file /opt/airflow/dags/4_advances_features/3_backfill_dag.py for tasks to queue
[2023-08-25T09:34:18.030+0000] {logging_mixin.py:151} INFO - [2023-08-25T09:34:18.030+0000] {dagbag.py:539} INFO - Filling up the DagBag from /opt/airflow/dags/4_advances_features/3_backfill_dag.py
[2023-08-25T09:34:18.039+0000] {processor.py:839} INFO - DAG(s) dict_keys(['catchup_and_backfill_dag']) retrieved from /opt/airflow/dags/4_advances_features/3_backfill_dag.py
[2023-08-25T09:34:18.061+0000] {logging_mixin.py:151} INFO - [2023-08-25T09:34:18.061+0000] {dag.py:2907} INFO - Sync 1 DAGs
[2023-08-25T09:34:18.074+0000] {logging_mixin.py:151} INFO - [2023-08-25T09:34:18.074+0000] {dag.py:3677} INFO - Setting next_dagrun for catchup_and_backfill_dag to 2023-08-01T00:00:00+00:00, run_after=2023-08-02T00:00:00+00:00
[2023-08-25T09:34:18.085+0000] {processor.py:179} INFO - Processing /opt/airflow/dags/4_advances_features/3_backfill_dag.py took 0.061 seconds
[2023-08-25T09:34:48.702+0000] {processor.py:157} INFO - Started process (PID=6013) to work on /opt/airflow/dags/4_advances_features/3_backfill_dag.py
[2023-08-25T09:34:48.703+0000] {processor.py:829} INFO - Processing file /opt/airflow/dags/4_advances_features/3_backfill_dag.py for tasks to queue
[2023-08-25T09:34:48.704+0000] {logging_mixin.py:151} INFO - [2023-08-25T09:34:48.703+0000] {dagbag.py:539} INFO - Filling up the DagBag from /opt/airflow/dags/4_advances_features/3_backfill_dag.py
[2023-08-25T09:34:48.713+0000] {processor.py:839} INFO - DAG(s) dict_keys(['catchup_and_backfill_dag']) retrieved from /opt/airflow/dags/4_advances_features/3_backfill_dag.py
[2023-08-25T09:34:48.735+0000] {logging_mixin.py:151} INFO - [2023-08-25T09:34:48.735+0000] {dag.py:2907} INFO - Sync 1 DAGs
[2023-08-25T09:34:48.750+0000] {logging_mixin.py:151} INFO - [2023-08-25T09:34:48.750+0000] {dag.py:3677} INFO - Setting next_dagrun for catchup_and_backfill_dag to 2023-08-01T00:00:00+00:00, run_after=2023-08-02T00:00:00+00:00
[2023-08-25T09:34:48.773+0000] {processor.py:179} INFO - Processing /opt/airflow/dags/4_advances_features/3_backfill_dag.py took 0.075 seconds
[2023-08-25T09:35:19.603+0000] {processor.py:157} INFO - Started process (PID=6029) to work on /opt/airflow/dags/4_advances_features/3_backfill_dag.py
[2023-08-25T09:35:19.604+0000] {processor.py:829} INFO - Processing file /opt/airflow/dags/4_advances_features/3_backfill_dag.py for tasks to queue
[2023-08-25T09:35:19.605+0000] {logging_mixin.py:151} INFO - [2023-08-25T09:35:19.605+0000] {dagbag.py:539} INFO - Filling up the DagBag from /opt/airflow/dags/4_advances_features/3_backfill_dag.py
[2023-08-25T09:35:19.615+0000] {processor.py:839} INFO - DAG(s) dict_keys(['catchup_and_backfill_dag']) retrieved from /opt/airflow/dags/4_advances_features/3_backfill_dag.py
[2023-08-25T09:35:19.637+0000] {logging_mixin.py:151} INFO - [2023-08-25T09:35:19.637+0000] {dag.py:2907} INFO - Sync 1 DAGs
[2023-08-25T09:35:19.650+0000] {logging_mixin.py:151} INFO - [2023-08-25T09:35:19.650+0000] {dag.py:3677} INFO - Setting next_dagrun for catchup_and_backfill_dag to 2023-08-01T00:00:00+00:00, run_after=2023-08-02T00:00:00+00:00
[2023-08-25T09:35:19.660+0000] {processor.py:179} INFO - Processing /opt/airflow/dags/4_advances_features/3_backfill_dag.py took 0.060 seconds
[2023-08-25T09:35:50.301+0000] {processor.py:157} INFO - Started process (PID=6045) to work on /opt/airflow/dags/4_advances_features/3_backfill_dag.py
[2023-08-25T09:35:50.303+0000] {processor.py:829} INFO - Processing file /opt/airflow/dags/4_advances_features/3_backfill_dag.py for tasks to queue
[2023-08-25T09:35:50.304+0000] {logging_mixin.py:151} INFO - [2023-08-25T09:35:50.303+0000] {dagbag.py:539} INFO - Filling up the DagBag from /opt/airflow/dags/4_advances_features/3_backfill_dag.py
[2023-08-25T09:35:50.317+0000] {processor.py:839} INFO - DAG(s) dict_keys(['catchup_and_backfill_dag']) retrieved from /opt/airflow/dags/4_advances_features/3_backfill_dag.py
[2023-08-25T09:35:50.342+0000] {logging_mixin.py:151} INFO - [2023-08-25T09:35:50.342+0000] {dag.py:2907} INFO - Sync 1 DAGs
[2023-08-25T09:35:50.356+0000] {logging_mixin.py:151} INFO - [2023-08-25T09:35:50.356+0000] {dag.py:3677} INFO - Setting next_dagrun for catchup_and_backfill_dag to 2023-08-01T00:00:00+00:00, run_after=2023-08-02T00:00:00+00:00
[2023-08-25T09:35:50.366+0000] {processor.py:179} INFO - Processing /opt/airflow/dags/4_advances_features/3_backfill_dag.py took 0.068 seconds
[2023-08-25T09:36:20.988+0000] {processor.py:157} INFO - Started process (PID=6061) to work on /opt/airflow/dags/4_advances_features/3_backfill_dag.py
[2023-08-25T09:36:20.991+0000] {processor.py:829} INFO - Processing file /opt/airflow/dags/4_advances_features/3_backfill_dag.py for tasks to queue
[2023-08-25T09:36:20.996+0000] {logging_mixin.py:151} INFO - [2023-08-25T09:36:20.995+0000] {dagbag.py:539} INFO - Filling up the DagBag from /opt/airflow/dags/4_advances_features/3_backfill_dag.py
[2023-08-25T09:36:21.012+0000] {processor.py:839} INFO - DAG(s) dict_keys(['catchup_and_backfill_dag']) retrieved from /opt/airflow/dags/4_advances_features/3_backfill_dag.py
[2023-08-25T09:36:21.039+0000] {logging_mixin.py:151} INFO - [2023-08-25T09:36:21.039+0000] {dag.py:2907} INFO - Sync 1 DAGs
[2023-08-25T09:36:21.052+0000] {logging_mixin.py:151} INFO - [2023-08-25T09:36:21.052+0000] {dag.py:3677} INFO - Setting next_dagrun for catchup_and_backfill_dag to 2023-08-01T00:00:00+00:00, run_after=2023-08-02T00:00:00+00:00
[2023-08-25T09:36:21.062+0000] {processor.py:179} INFO - Processing /opt/airflow/dags/4_advances_features/3_backfill_dag.py took 0.077 seconds
[2023-08-25T09:36:51.747+0000] {processor.py:157} INFO - Started process (PID=6077) to work on /opt/airflow/dags/4_advances_features/3_backfill_dag.py
[2023-08-25T09:36:51.749+0000] {processor.py:829} INFO - Processing file /opt/airflow/dags/4_advances_features/3_backfill_dag.py for tasks to queue
[2023-08-25T09:36:51.750+0000] {logging_mixin.py:151} INFO - [2023-08-25T09:36:51.749+0000] {dagbag.py:539} INFO - Filling up the DagBag from /opt/airflow/dags/4_advances_features/3_backfill_dag.py
[2023-08-25T09:36:51.759+0000] {processor.py:839} INFO - DAG(s) dict_keys(['catchup_and_backfill_dag']) retrieved from /opt/airflow/dags/4_advances_features/3_backfill_dag.py
[2023-08-25T09:36:51.780+0000] {logging_mixin.py:151} INFO - [2023-08-25T09:36:51.780+0000] {dag.py:2907} INFO - Sync 1 DAGs
[2023-08-25T09:36:51.794+0000] {logging_mixin.py:151} INFO - [2023-08-25T09:36:51.793+0000] {dag.py:3677} INFO - Setting next_dagrun for catchup_and_backfill_dag to 2023-08-01T00:00:00+00:00, run_after=2023-08-02T00:00:00+00:00
[2023-08-25T09:36:51.804+0000] {processor.py:179} INFO - Processing /opt/airflow/dags/4_advances_features/3_backfill_dag.py took 0.059 seconds
[2023-08-25T09:37:22.565+0000] {processor.py:157} INFO - Started process (PID=6093) to work on /opt/airflow/dags/4_advances_features/3_backfill_dag.py
[2023-08-25T09:37:22.566+0000] {processor.py:829} INFO - Processing file /opt/airflow/dags/4_advances_features/3_backfill_dag.py for tasks to queue
[2023-08-25T09:37:22.567+0000] {logging_mixin.py:151} INFO - [2023-08-25T09:37:22.567+0000] {dagbag.py:539} INFO - Filling up the DagBag from /opt/airflow/dags/4_advances_features/3_backfill_dag.py
[2023-08-25T09:37:22.576+0000] {processor.py:839} INFO - DAG(s) dict_keys(['catchup_and_backfill_dag']) retrieved from /opt/airflow/dags/4_advances_features/3_backfill_dag.py
[2023-08-25T09:37:22.597+0000] {logging_mixin.py:151} INFO - [2023-08-25T09:37:22.596+0000] {dag.py:2907} INFO - Sync 1 DAGs
[2023-08-25T09:37:22.609+0000] {logging_mixin.py:151} INFO - [2023-08-25T09:37:22.609+0000] {dag.py:3677} INFO - Setting next_dagrun for catchup_and_backfill_dag to 2023-08-01T00:00:00+00:00, run_after=2023-08-02T00:00:00+00:00
[2023-08-25T09:37:22.620+0000] {processor.py:179} INFO - Processing /opt/airflow/dags/4_advances_features/3_backfill_dag.py took 0.058 seconds
[2023-08-25T09:37:53.413+0000] {processor.py:157} INFO - Started process (PID=6109) to work on /opt/airflow/dags/4_advances_features/3_backfill_dag.py
[2023-08-25T09:37:53.415+0000] {processor.py:829} INFO - Processing file /opt/airflow/dags/4_advances_features/3_backfill_dag.py for tasks to queue
[2023-08-25T09:37:53.417+0000] {logging_mixin.py:151} INFO - [2023-08-25T09:37:53.416+0000] {dagbag.py:539} INFO - Filling up the DagBag from /opt/airflow/dags/4_advances_features/3_backfill_dag.py
[2023-08-25T09:37:53.434+0000] {processor.py:839} INFO - DAG(s) dict_keys(['catchup_and_backfill_dag']) retrieved from /opt/airflow/dags/4_advances_features/3_backfill_dag.py
[2023-08-25T09:37:53.461+0000] {logging_mixin.py:151} INFO - [2023-08-25T09:37:53.461+0000] {dag.py:2907} INFO - Sync 1 DAGs
[2023-08-25T09:37:53.478+0000] {logging_mixin.py:151} INFO - [2023-08-25T09:37:53.478+0000] {dag.py:3677} INFO - Setting next_dagrun for catchup_and_backfill_dag to 2023-08-01T00:00:00+00:00, run_after=2023-08-02T00:00:00+00:00
[2023-08-25T09:37:53.491+0000] {processor.py:179} INFO - Processing /opt/airflow/dags/4_advances_features/3_backfill_dag.py took 0.081 seconds
[2023-08-25T09:38:24.189+0000] {processor.py:157} INFO - Started process (PID=6132) to work on /opt/airflow/dags/4_advances_features/3_backfill_dag.py
[2023-08-25T09:38:24.190+0000] {processor.py:829} INFO - Processing file /opt/airflow/dags/4_advances_features/3_backfill_dag.py for tasks to queue
[2023-08-25T09:38:24.191+0000] {logging_mixin.py:151} INFO - [2023-08-25T09:38:24.191+0000] {dagbag.py:539} INFO - Filling up the DagBag from /opt/airflow/dags/4_advances_features/3_backfill_dag.py
[2023-08-25T09:38:24.201+0000] {processor.py:839} INFO - DAG(s) dict_keys(['catchup_and_backfill_dag']) retrieved from /opt/airflow/dags/4_advances_features/3_backfill_dag.py
[2023-08-25T09:38:24.224+0000] {logging_mixin.py:151} INFO - [2023-08-25T09:38:24.224+0000] {dag.py:2907} INFO - Sync 1 DAGs
[2023-08-25T09:38:24.239+0000] {logging_mixin.py:151} INFO - [2023-08-25T09:38:24.238+0000] {dag.py:3677} INFO - Setting next_dagrun for catchup_and_backfill_dag to 2023-08-01T00:00:00+00:00, run_after=2023-08-02T00:00:00+00:00
[2023-08-25T09:38:24.251+0000] {processor.py:179} INFO - Processing /opt/airflow/dags/4_advances_features/3_backfill_dag.py took 0.065 seconds
[2023-08-25T09:38:54.873+0000] {processor.py:157} INFO - Started process (PID=6147) to work on /opt/airflow/dags/4_advances_features/3_backfill_dag.py
[2023-08-25T09:38:54.875+0000] {processor.py:829} INFO - Processing file /opt/airflow/dags/4_advances_features/3_backfill_dag.py for tasks to queue
[2023-08-25T09:38:54.876+0000] {logging_mixin.py:151} INFO - [2023-08-25T09:38:54.875+0000] {dagbag.py:539} INFO - Filling up the DagBag from /opt/airflow/dags/4_advances_features/3_backfill_dag.py
[2023-08-25T09:38:54.885+0000] {processor.py:839} INFO - DAG(s) dict_keys(['catchup_and_backfill_dag']) retrieved from /opt/airflow/dags/4_advances_features/3_backfill_dag.py
[2023-08-25T09:38:54.908+0000] {logging_mixin.py:151} INFO - [2023-08-25T09:38:54.908+0000] {dag.py:2907} INFO - Sync 1 DAGs
[2023-08-25T09:38:54.922+0000] {logging_mixin.py:151} INFO - [2023-08-25T09:38:54.922+0000] {dag.py:3677} INFO - Setting next_dagrun for catchup_and_backfill_dag to 2023-08-01T00:00:00+00:00, run_after=2023-08-02T00:00:00+00:00
[2023-08-25T09:38:54.932+0000] {processor.py:179} INFO - Processing /opt/airflow/dags/4_advances_features/3_backfill_dag.py took 0.061 seconds
[2023-08-25T09:39:25.558+0000] {processor.py:157} INFO - Started process (PID=6163) to work on /opt/airflow/dags/4_advances_features/3_backfill_dag.py
[2023-08-25T09:39:25.559+0000] {processor.py:829} INFO - Processing file /opt/airflow/dags/4_advances_features/3_backfill_dag.py for tasks to queue
[2023-08-25T09:39:25.560+0000] {logging_mixin.py:151} INFO - [2023-08-25T09:39:25.560+0000] {dagbag.py:539} INFO - Filling up the DagBag from /opt/airflow/dags/4_advances_features/3_backfill_dag.py
[2023-08-25T09:39:25.570+0000] {processor.py:839} INFO - DAG(s) dict_keys(['catchup_and_backfill_dag']) retrieved from /opt/airflow/dags/4_advances_features/3_backfill_dag.py
[2023-08-25T09:39:25.601+0000] {logging_mixin.py:151} INFO - [2023-08-25T09:39:25.601+0000] {dag.py:2907} INFO - Sync 1 DAGs
[2023-08-25T09:39:25.620+0000] {logging_mixin.py:151} INFO - [2023-08-25T09:39:25.620+0000] {dag.py:3677} INFO - Setting next_dagrun for catchup_and_backfill_dag to 2023-08-01T00:00:00+00:00, run_after=2023-08-02T00:00:00+00:00
[2023-08-25T09:39:25.634+0000] {processor.py:179} INFO - Processing /opt/airflow/dags/4_advances_features/3_backfill_dag.py took 0.079 seconds
[2023-08-25T09:39:56.321+0000] {processor.py:157} INFO - Started process (PID=6179) to work on /opt/airflow/dags/4_advances_features/3_backfill_dag.py
[2023-08-25T09:39:56.323+0000] {processor.py:829} INFO - Processing file /opt/airflow/dags/4_advances_features/3_backfill_dag.py for tasks to queue
[2023-08-25T09:39:56.324+0000] {logging_mixin.py:151} INFO - [2023-08-25T09:39:56.324+0000] {dagbag.py:539} INFO - Filling up the DagBag from /opt/airflow/dags/4_advances_features/3_backfill_dag.py
[2023-08-25T09:39:56.334+0000] {processor.py:839} INFO - DAG(s) dict_keys(['catchup_and_backfill_dag']) retrieved from /opt/airflow/dags/4_advances_features/3_backfill_dag.py
[2023-08-25T09:39:56.357+0000] {logging_mixin.py:151} INFO - [2023-08-25T09:39:56.356+0000] {dag.py:2907} INFO - Sync 1 DAGs
[2023-08-25T09:39:56.370+0000] {logging_mixin.py:151} INFO - [2023-08-25T09:39:56.370+0000] {dag.py:3677} INFO - Setting next_dagrun for catchup_and_backfill_dag to 2023-08-01T00:00:00+00:00, run_after=2023-08-02T00:00:00+00:00
[2023-08-25T09:39:56.381+0000] {processor.py:179} INFO - Processing /opt/airflow/dags/4_advances_features/3_backfill_dag.py took 0.063 seconds
[2023-08-25T09:40:27.088+0000] {processor.py:157} INFO - Started process (PID=6195) to work on /opt/airflow/dags/4_advances_features/3_backfill_dag.py
[2023-08-25T09:40:27.090+0000] {processor.py:829} INFO - Processing file /opt/airflow/dags/4_advances_features/3_backfill_dag.py for tasks to queue
[2023-08-25T09:40:27.091+0000] {logging_mixin.py:151} INFO - [2023-08-25T09:40:27.090+0000] {dagbag.py:539} INFO - Filling up the DagBag from /opt/airflow/dags/4_advances_features/3_backfill_dag.py
[2023-08-25T09:40:27.101+0000] {processor.py:839} INFO - DAG(s) dict_keys(['catchup_and_backfill_dag']) retrieved from /opt/airflow/dags/4_advances_features/3_backfill_dag.py
[2023-08-25T09:40:27.125+0000] {logging_mixin.py:151} INFO - [2023-08-25T09:40:27.125+0000] {dag.py:2907} INFO - Sync 1 DAGs
[2023-08-25T09:40:27.139+0000] {logging_mixin.py:151} INFO - [2023-08-25T09:40:27.139+0000] {dag.py:3677} INFO - Setting next_dagrun for catchup_and_backfill_dag to 2023-08-01T00:00:00+00:00, run_after=2023-08-02T00:00:00+00:00
[2023-08-25T09:40:27.151+0000] {processor.py:179} INFO - Processing /opt/airflow/dags/4_advances_features/3_backfill_dag.py took 0.065 seconds
[2023-08-25T09:40:57.966+0000] {processor.py:157} INFO - Started process (PID=6211) to work on /opt/airflow/dags/4_advances_features/3_backfill_dag.py
[2023-08-25T09:40:57.968+0000] {processor.py:829} INFO - Processing file /opt/airflow/dags/4_advances_features/3_backfill_dag.py for tasks to queue
[2023-08-25T09:40:57.969+0000] {logging_mixin.py:151} INFO - [2023-08-25T09:40:57.968+0000] {dagbag.py:539} INFO - Filling up the DagBag from /opt/airflow/dags/4_advances_features/3_backfill_dag.py
[2023-08-25T09:40:57.978+0000] {processor.py:839} INFO - DAG(s) dict_keys(['catchup_and_backfill_dag']) retrieved from /opt/airflow/dags/4_advances_features/3_backfill_dag.py
[2023-08-25T09:40:58.007+0000] {logging_mixin.py:151} INFO - [2023-08-25T09:40:58.006+0000] {dag.py:2907} INFO - Sync 1 DAGs
[2023-08-25T09:40:58.029+0000] {logging_mixin.py:151} INFO - [2023-08-25T09:40:58.029+0000] {dag.py:3677} INFO - Setting next_dagrun for catchup_and_backfill_dag to 2023-08-01T00:00:00+00:00, run_after=2023-08-02T00:00:00+00:00
[2023-08-25T09:40:58.041+0000] {processor.py:179} INFO - Processing /opt/airflow/dags/4_advances_features/3_backfill_dag.py took 0.077 seconds
[2023-08-25T09:41:28.797+0000] {processor.py:157} INFO - Started process (PID=6227) to work on /opt/airflow/dags/4_advances_features/3_backfill_dag.py
[2023-08-25T09:41:28.798+0000] {processor.py:829} INFO - Processing file /opt/airflow/dags/4_advances_features/3_backfill_dag.py for tasks to queue
[2023-08-25T09:41:28.800+0000] {logging_mixin.py:151} INFO - [2023-08-25T09:41:28.800+0000] {dagbag.py:539} INFO - Filling up the DagBag from /opt/airflow/dags/4_advances_features/3_backfill_dag.py
[2023-08-25T09:41:28.811+0000] {processor.py:839} INFO - DAG(s) dict_keys(['catchup_and_backfill_dag']) retrieved from /opt/airflow/dags/4_advances_features/3_backfill_dag.py
[2023-08-25T09:41:28.834+0000] {logging_mixin.py:151} INFO - [2023-08-25T09:41:28.834+0000] {dag.py:2907} INFO - Sync 1 DAGs
[2023-08-25T09:41:28.847+0000] {logging_mixin.py:151} INFO - [2023-08-25T09:41:28.846+0000] {dag.py:3677} INFO - Setting next_dagrun for catchup_and_backfill_dag to 2023-08-01T00:00:00+00:00, run_after=2023-08-02T00:00:00+00:00
[2023-08-25T09:41:28.858+0000] {processor.py:179} INFO - Processing /opt/airflow/dags/4_advances_features/3_backfill_dag.py took 0.064 seconds
