[2023-08-25T00:40:43.823+0000] {processor.py:157} INFO - Started process (PID=5086) to work on /opt/airflow/dags/3_ETL_mysql_postgresql_dag/ELT_dag.py
[2023-08-25T00:40:43.829+0000] {processor.py:829} INFO - Processing file /opt/airflow/dags/3_ETL_mysql_postgresql_dag/ELT_dag.py for tasks to queue
[2023-08-25T00:40:43.830+0000] {logging_mixin.py:151} INFO - [2023-08-25T00:40:43.829+0000] {dagbag.py:539} INFO - Filling up the DagBag from /opt/airflow/dags/3_ETL_mysql_postgresql_dag/ELT_dag.py
[2023-08-25T00:40:43.850+0000] {processor.py:839} INFO - DAG(s) dict_keys(['ELT_analytics_video_games']) retrieved from /opt/airflow/dags/3_ETL_mysql_postgresql_dag/ELT_dag.py
[2023-08-25T00:40:43.887+0000] {logging_mixin.py:151} INFO - [2023-08-25T00:40:43.886+0000] {dag.py:2907} INFO - Sync 1 DAGs
[2023-08-25T00:40:43.917+0000] {logging_mixin.py:151} INFO - [2023-08-25T00:40:43.917+0000] {dag.py:3677} INFO - Setting next_dagrun for ELT_analytics_video_games to 2023-08-24T00:00:00+00:00, run_after=2023-08-25T00:00:00+00:00
[2023-08-25T00:40:43.931+0000] {processor.py:179} INFO - Processing /opt/airflow/dags/3_ETL_mysql_postgresql_dag/ELT_dag.py took 0.114 seconds
[2023-08-25T01:34:28.851+0000] {processor.py:157} INFO - Started process (PID=5106) to work on /opt/airflow/dags/3_ETL_mysql_postgresql_dag/ELT_dag.py
[2023-08-25T01:34:28.853+0000] {processor.py:829} INFO - Processing file /opt/airflow/dags/3_ETL_mysql_postgresql_dag/ELT_dag.py for tasks to queue
[2023-08-25T01:34:28.855+0000] {logging_mixin.py:151} INFO - [2023-08-25T01:34:28.854+0000] {dagbag.py:539} INFO - Filling up the DagBag from /opt/airflow/dags/3_ETL_mysql_postgresql_dag/ELT_dag.py
[2023-08-25T01:34:28.871+0000] {processor.py:839} INFO - DAG(s) dict_keys(['ELT_analytics_video_games']) retrieved from /opt/airflow/dags/3_ETL_mysql_postgresql_dag/ELT_dag.py
[2023-08-25T01:34:28.901+0000] {logging_mixin.py:151} INFO - [2023-08-25T01:34:28.901+0000] {dag.py:2907} INFO - Sync 1 DAGs
[2023-08-25T01:34:28.918+0000] {logging_mixin.py:151} INFO - [2023-08-25T01:34:28.918+0000] {dag.py:3677} INFO - Setting next_dagrun for ELT_analytics_video_games to 2023-08-24T00:00:00+00:00, run_after=2023-08-25T00:00:00+00:00
[2023-08-25T01:34:28.932+0000] {processor.py:179} INFO - Processing /opt/airflow/dags/3_ETL_mysql_postgresql_dag/ELT_dag.py took 0.087 seconds
[2023-08-25T02:17:12.719+0000] {processor.py:157} INFO - Started process (PID=5122) to work on /opt/airflow/dags/3_ETL_mysql_postgresql_dag/ELT_dag.py
[2023-08-25T02:17:12.720+0000] {processor.py:829} INFO - Processing file /opt/airflow/dags/3_ETL_mysql_postgresql_dag/ELT_dag.py for tasks to queue
[2023-08-25T02:17:12.722+0000] {logging_mixin.py:151} INFO - [2023-08-25T02:17:12.721+0000] {dagbag.py:539} INFO - Filling up the DagBag from /opt/airflow/dags/3_ETL_mysql_postgresql_dag/ELT_dag.py
[2023-08-25T02:17:12.742+0000] {processor.py:839} INFO - DAG(s) dict_keys(['ELT_analytics_video_games']) retrieved from /opt/airflow/dags/3_ETL_mysql_postgresql_dag/ELT_dag.py
[2023-08-25T02:17:12.784+0000] {logging_mixin.py:151} INFO - [2023-08-25T02:17:12.784+0000] {dag.py:2907} INFO - Sync 1 DAGs
[2023-08-25T02:17:12.812+0000] {logging_mixin.py:151} INFO - [2023-08-25T02:17:12.812+0000] {dag.py:3677} INFO - Setting next_dagrun for ELT_analytics_video_games to 2023-08-24T00:00:00+00:00, run_after=2023-08-25T00:00:00+00:00
[2023-08-25T02:17:12.828+0000] {processor.py:179} INFO - Processing /opt/airflow/dags/3_ETL_mysql_postgresql_dag/ELT_dag.py took 0.116 seconds
[2023-08-25T02:50:47.210+0000] {processor.py:157} INFO - Started process (PID=5138) to work on /opt/airflow/dags/3_ETL_mysql_postgresql_dag/ELT_dag.py
[2023-08-25T02:50:47.213+0000] {processor.py:829} INFO - Processing file /opt/airflow/dags/3_ETL_mysql_postgresql_dag/ELT_dag.py for tasks to queue
[2023-08-25T02:50:47.214+0000] {logging_mixin.py:151} INFO - [2023-08-25T02:50:47.214+0000] {dagbag.py:539} INFO - Filling up the DagBag from /opt/airflow/dags/3_ETL_mysql_postgresql_dag/ELT_dag.py
[2023-08-25T02:50:47.238+0000] {processor.py:839} INFO - DAG(s) dict_keys(['ELT_analytics_video_games']) retrieved from /opt/airflow/dags/3_ETL_mysql_postgresql_dag/ELT_dag.py
[2023-08-25T02:50:47.274+0000] {logging_mixin.py:151} INFO - [2023-08-25T02:50:47.274+0000] {dag.py:2907} INFO - Sync 1 DAGs
[2023-08-25T02:50:47.295+0000] {logging_mixin.py:151} INFO - [2023-08-25T02:50:47.295+0000] {dag.py:3677} INFO - Setting next_dagrun for ELT_analytics_video_games to 2023-08-24T00:00:00+00:00, run_after=2023-08-25T00:00:00+00:00
[2023-08-25T02:50:47.308+0000] {processor.py:179} INFO - Processing /opt/airflow/dags/3_ETL_mysql_postgresql_dag/ELT_dag.py took 0.101 seconds
[2023-08-25T03:15:23.118+0000] {processor.py:157} INFO - Started process (PID=5154) to work on /opt/airflow/dags/3_ETL_mysql_postgresql_dag/ELT_dag.py
[2023-08-25T03:15:23.123+0000] {processor.py:829} INFO - Processing file /opt/airflow/dags/3_ETL_mysql_postgresql_dag/ELT_dag.py for tasks to queue
[2023-08-25T03:15:23.125+0000] {logging_mixin.py:151} INFO - [2023-08-25T03:15:23.124+0000] {dagbag.py:539} INFO - Filling up the DagBag from /opt/airflow/dags/3_ETL_mysql_postgresql_dag/ELT_dag.py
[2023-08-25T03:15:23.148+0000] {processor.py:839} INFO - DAG(s) dict_keys(['ELT_analytics_video_games']) retrieved from /opt/airflow/dags/3_ETL_mysql_postgresql_dag/ELT_dag.py
[2023-08-25T03:15:23.187+0000] {logging_mixin.py:151} INFO - [2023-08-25T03:15:23.187+0000] {dag.py:2907} INFO - Sync 1 DAGs
[2023-08-25T03:15:23.206+0000] {logging_mixin.py:151} INFO - [2023-08-25T03:15:23.206+0000] {dag.py:3677} INFO - Setting next_dagrun for ELT_analytics_video_games to 2023-08-24T00:00:00+00:00, run_after=2023-08-25T00:00:00+00:00
[2023-08-25T03:15:23.218+0000] {processor.py:179} INFO - Processing /opt/airflow/dags/3_ETL_mysql_postgresql_dag/ELT_dag.py took 0.110 seconds
[2023-08-25T03:22:31.027+0000] {processor.py:157} INFO - Started process (PID=5170) to work on /opt/airflow/dags/3_ETL_mysql_postgresql_dag/ELT_dag.py
[2023-08-25T03:22:31.028+0000] {processor.py:829} INFO - Processing file /opt/airflow/dags/3_ETL_mysql_postgresql_dag/ELT_dag.py for tasks to queue
[2023-08-25T03:22:31.030+0000] {logging_mixin.py:151} INFO - [2023-08-25T03:22:31.029+0000] {dagbag.py:539} INFO - Filling up the DagBag from /opt/airflow/dags/3_ETL_mysql_postgresql_dag/ELT_dag.py
[2023-08-25T03:22:31.041+0000] {processor.py:839} INFO - DAG(s) dict_keys(['ELT_analytics_video_games']) retrieved from /opt/airflow/dags/3_ETL_mysql_postgresql_dag/ELT_dag.py
[2023-08-25T03:22:31.076+0000] {logging_mixin.py:151} INFO - [2023-08-25T03:22:31.076+0000] {dag.py:2907} INFO - Sync 1 DAGs
[2023-08-25T03:22:31.091+0000] {logging_mixin.py:151} INFO - [2023-08-25T03:22:31.091+0000] {dag.py:3677} INFO - Setting next_dagrun for ELT_analytics_video_games to 2023-08-24T00:00:00+00:00, run_after=2023-08-25T00:00:00+00:00
[2023-08-25T03:22:31.109+0000] {processor.py:179} INFO - Processing /opt/airflow/dags/3_ETL_mysql_postgresql_dag/ELT_dag.py took 0.085 seconds
[2023-08-25T03:27:08.249+0000] {processor.py:157} INFO - Started process (PID=5186) to work on /opt/airflow/dags/3_ETL_mysql_postgresql_dag/ELT_dag.py
[2023-08-25T03:27:08.251+0000] {processor.py:829} INFO - Processing file /opt/airflow/dags/3_ETL_mysql_postgresql_dag/ELT_dag.py for tasks to queue
[2023-08-25T03:27:08.252+0000] {logging_mixin.py:151} INFO - [2023-08-25T03:27:08.251+0000] {dagbag.py:539} INFO - Filling up the DagBag from /opt/airflow/dags/3_ETL_mysql_postgresql_dag/ELT_dag.py
[2023-08-25T03:27:08.274+0000] {processor.py:839} INFO - DAG(s) dict_keys(['ELT_analytics_video_games']) retrieved from /opt/airflow/dags/3_ETL_mysql_postgresql_dag/ELT_dag.py
[2023-08-25T03:27:08.301+0000] {logging_mixin.py:151} INFO - [2023-08-25T03:27:08.301+0000] {dag.py:2907} INFO - Sync 1 DAGs
[2023-08-25T03:27:08.316+0000] {logging_mixin.py:151} INFO - [2023-08-25T03:27:08.316+0000] {dag.py:3677} INFO - Setting next_dagrun for ELT_analytics_video_games to 2023-08-24T00:00:00+00:00, run_after=2023-08-25T00:00:00+00:00
[2023-08-25T03:27:08.330+0000] {processor.py:179} INFO - Processing /opt/airflow/dags/3_ETL_mysql_postgresql_dag/ELT_dag.py took 0.090 seconds
[2023-08-25T04:02:00.764+0000] {processor.py:157} INFO - Started process (PID=5202) to work on /opt/airflow/dags/3_ETL_mysql_postgresql_dag/ELT_dag.py
[2023-08-25T04:02:00.766+0000] {processor.py:829} INFO - Processing file /opt/airflow/dags/3_ETL_mysql_postgresql_dag/ELT_dag.py for tasks to queue
[2023-08-25T04:02:00.768+0000] {logging_mixin.py:151} INFO - [2023-08-25T04:02:00.767+0000] {dagbag.py:539} INFO - Filling up the DagBag from /opt/airflow/dags/3_ETL_mysql_postgresql_dag/ELT_dag.py
[2023-08-25T04:02:00.789+0000] {processor.py:839} INFO - DAG(s) dict_keys(['ELT_analytics_video_games']) retrieved from /opt/airflow/dags/3_ETL_mysql_postgresql_dag/ELT_dag.py
[2023-08-25T04:02:00.848+0000] {logging_mixin.py:151} INFO - [2023-08-25T04:02:00.848+0000] {dag.py:2907} INFO - Sync 1 DAGs
[2023-08-25T04:02:00.864+0000] {logging_mixin.py:151} INFO - [2023-08-25T04:02:00.864+0000] {dag.py:3677} INFO - Setting next_dagrun for ELT_analytics_video_games to 2023-08-24T00:00:00+00:00, run_after=2023-08-25T00:00:00+00:00
[2023-08-25T04:02:00.883+0000] {processor.py:179} INFO - Processing /opt/airflow/dags/3_ETL_mysql_postgresql_dag/ELT_dag.py took 0.131 seconds
[2023-08-25T04:59:15.620+0000] {processor.py:157} INFO - Started process (PID=5218) to work on /opt/airflow/dags/3_ETL_mysql_postgresql_dag/ELT_dag.py
[2023-08-25T04:59:15.621+0000] {processor.py:829} INFO - Processing file /opt/airflow/dags/3_ETL_mysql_postgresql_dag/ELT_dag.py for tasks to queue
[2023-08-25T04:59:15.622+0000] {logging_mixin.py:151} INFO - [2023-08-25T04:59:15.622+0000] {dagbag.py:539} INFO - Filling up the DagBag from /opt/airflow/dags/3_ETL_mysql_postgresql_dag/ELT_dag.py
[2023-08-25T04:59:15.633+0000] {processor.py:839} INFO - DAG(s) dict_keys(['ELT_analytics_video_games']) retrieved from /opt/airflow/dags/3_ETL_mysql_postgresql_dag/ELT_dag.py
[2023-08-25T04:59:15.656+0000] {logging_mixin.py:151} INFO - [2023-08-25T04:59:15.656+0000] {dag.py:2907} INFO - Sync 1 DAGs
[2023-08-25T04:59:15.669+0000] {logging_mixin.py:151} INFO - [2023-08-25T04:59:15.669+0000] {dag.py:3677} INFO - Setting next_dagrun for ELT_analytics_video_games to 2023-08-24T00:00:00+00:00, run_after=2023-08-25T00:00:00+00:00
[2023-08-25T04:59:15.680+0000] {processor.py:179} INFO - Processing /opt/airflow/dags/3_ETL_mysql_postgresql_dag/ELT_dag.py took 0.063 seconds
[2023-08-25T05:17:13.383+0000] {processor.py:157} INFO - Started process (PID=5234) to work on /opt/airflow/dags/3_ETL_mysql_postgresql_dag/ELT_dag.py
[2023-08-25T05:17:13.384+0000] {processor.py:829} INFO - Processing file /opt/airflow/dags/3_ETL_mysql_postgresql_dag/ELT_dag.py for tasks to queue
[2023-08-25T05:17:13.385+0000] {logging_mixin.py:151} INFO - [2023-08-25T05:17:13.385+0000] {dagbag.py:539} INFO - Filling up the DagBag from /opt/airflow/dags/3_ETL_mysql_postgresql_dag/ELT_dag.py
[2023-08-25T05:17:13.399+0000] {processor.py:839} INFO - DAG(s) dict_keys(['ELT_analytics_video_games']) retrieved from /opt/airflow/dags/3_ETL_mysql_postgresql_dag/ELT_dag.py
[2023-08-25T05:17:13.443+0000] {logging_mixin.py:151} INFO - [2023-08-25T05:17:13.443+0000] {dag.py:2907} INFO - Sync 1 DAGs
[2023-08-25T05:17:13.465+0000] {logging_mixin.py:151} INFO - [2023-08-25T05:17:13.465+0000] {dag.py:3677} INFO - Setting next_dagrun for ELT_analytics_video_games to 2023-08-24T00:00:00+00:00, run_after=2023-08-25T00:00:00+00:00
[2023-08-25T05:17:13.492+0000] {processor.py:179} INFO - Processing /opt/airflow/dags/3_ETL_mysql_postgresql_dag/ELT_dag.py took 0.119 seconds
[2023-08-25T06:21:48.716+0000] {processor.py:157} INFO - Started process (PID=5250) to work on /opt/airflow/dags/3_ETL_mysql_postgresql_dag/ELT_dag.py
[2023-08-25T06:21:48.717+0000] {processor.py:829} INFO - Processing file /opt/airflow/dags/3_ETL_mysql_postgresql_dag/ELT_dag.py for tasks to queue
[2023-08-25T06:21:48.720+0000] {logging_mixin.py:151} INFO - [2023-08-25T06:21:48.718+0000] {dagbag.py:539} INFO - Filling up the DagBag from /opt/airflow/dags/3_ETL_mysql_postgresql_dag/ELT_dag.py
[2023-08-25T06:21:48.744+0000] {processor.py:839} INFO - DAG(s) dict_keys(['ELT_analytics_video_games']) retrieved from /opt/airflow/dags/3_ETL_mysql_postgresql_dag/ELT_dag.py
[2023-08-25T06:21:48.812+0000] {logging_mixin.py:151} INFO - [2023-08-25T06:21:48.812+0000] {dag.py:2907} INFO - Sync 1 DAGs
[2023-08-25T06:21:48.842+0000] {logging_mixin.py:151} INFO - [2023-08-25T06:21:48.842+0000] {dag.py:3677} INFO - Setting next_dagrun for ELT_analytics_video_games to 2023-08-24T00:00:00+00:00, run_after=2023-08-25T00:00:00+00:00
[2023-08-25T06:21:48.864+0000] {processor.py:179} INFO - Processing /opt/airflow/dags/3_ETL_mysql_postgresql_dag/ELT_dag.py took 0.153 seconds
[2023-08-25T07:27:12.723+0000] {processor.py:157} INFO - Started process (PID=5266) to work on /opt/airflow/dags/3_ETL_mysql_postgresql_dag/ELT_dag.py
[2023-08-25T07:27:12.725+0000] {processor.py:829} INFO - Processing file /opt/airflow/dags/3_ETL_mysql_postgresql_dag/ELT_dag.py for tasks to queue
[2023-08-25T07:27:12.726+0000] {logging_mixin.py:151} INFO - [2023-08-25T07:27:12.726+0000] {dagbag.py:539} INFO - Filling up the DagBag from /opt/airflow/dags/3_ETL_mysql_postgresql_dag/ELT_dag.py
[2023-08-25T07:27:12.746+0000] {processor.py:839} INFO - DAG(s) dict_keys(['ELT_analytics_video_games']) retrieved from /opt/airflow/dags/3_ETL_mysql_postgresql_dag/ELT_dag.py
[2023-08-25T07:27:12.780+0000] {logging_mixin.py:151} INFO - [2023-08-25T07:27:12.779+0000] {dag.py:2907} INFO - Sync 1 DAGs
[2023-08-25T07:27:12.804+0000] {logging_mixin.py:151} INFO - [2023-08-25T07:27:12.804+0000] {dag.py:3677} INFO - Setting next_dagrun for ELT_analytics_video_games to 2023-08-24T00:00:00+00:00, run_after=2023-08-25T00:00:00+00:00
[2023-08-25T07:27:16.331+0000] {processor.py:179} INFO - Processing /opt/airflow/dags/3_ETL_mysql_postgresql_dag/ELT_dag.py took 3.618 seconds
[2023-08-25T08:35:30.855+0000] {processor.py:157} INFO - Started process (PID=5282) to work on /opt/airflow/dags/3_ETL_mysql_postgresql_dag/ELT_dag.py
[2023-08-25T08:35:30.856+0000] {processor.py:829} INFO - Processing file /opt/airflow/dags/3_ETL_mysql_postgresql_dag/ELT_dag.py for tasks to queue
[2023-08-25T08:35:30.858+0000] {logging_mixin.py:151} INFO - [2023-08-25T08:35:30.857+0000] {dagbag.py:539} INFO - Filling up the DagBag from /opt/airflow/dags/3_ETL_mysql_postgresql_dag/ELT_dag.py
[2023-08-25T08:35:30.878+0000] {processor.py:839} INFO - DAG(s) dict_keys(['ELT_analytics_video_games']) retrieved from /opt/airflow/dags/3_ETL_mysql_postgresql_dag/ELT_dag.py
[2023-08-25T08:35:30.910+0000] {logging_mixin.py:151} INFO - [2023-08-25T08:35:30.910+0000] {dag.py:2907} INFO - Sync 1 DAGs
[2023-08-25T08:35:30.933+0000] {logging_mixin.py:151} INFO - [2023-08-25T08:35:30.932+0000] {dag.py:3677} INFO - Setting next_dagrun for ELT_analytics_video_games to 2023-08-24T00:00:00+00:00, run_after=2023-08-25T00:00:00+00:00
[2023-08-25T08:35:30.953+0000] {processor.py:179} INFO - Processing /opt/airflow/dags/3_ETL_mysql_postgresql_dag/ELT_dag.py took 0.101 seconds
[2023-08-25T09:12:14.850+0000] {processor.py:157} INFO - Started process (PID=5298) to work on /opt/airflow/dags/3_ETL_mysql_postgresql_dag/ELT_dag.py
[2023-08-25T09:12:14.851+0000] {processor.py:829} INFO - Processing file /opt/airflow/dags/3_ETL_mysql_postgresql_dag/ELT_dag.py for tasks to queue
[2023-08-25T09:12:14.853+0000] {logging_mixin.py:151} INFO - [2023-08-25T09:12:14.852+0000] {dagbag.py:539} INFO - Filling up the DagBag from /opt/airflow/dags/3_ETL_mysql_postgresql_dag/ELT_dag.py
[2023-08-25T09:12:14.880+0000] {processor.py:839} INFO - DAG(s) dict_keys(['ELT_analytics_video_games']) retrieved from /opt/airflow/dags/3_ETL_mysql_postgresql_dag/ELT_dag.py
[2023-08-25T09:12:14.923+0000] {logging_mixin.py:151} INFO - [2023-08-25T09:12:14.922+0000] {dag.py:2907} INFO - Sync 1 DAGs
[2023-08-25T09:12:14.954+0000] {logging_mixin.py:151} INFO - [2023-08-25T09:12:14.954+0000] {dag.py:3677} INFO - Setting next_dagrun for ELT_analytics_video_games to 2023-08-24T00:00:00+00:00, run_after=2023-08-25T00:00:00+00:00
[2023-08-25T09:12:14.979+0000] {processor.py:179} INFO - Processing /opt/airflow/dags/3_ETL_mysql_postgresql_dag/ELT_dag.py took 0.139 seconds
[2023-08-25T09:12:45.610+0000] {processor.py:157} INFO - Started process (PID=5314) to work on /opt/airflow/dags/3_ETL_mysql_postgresql_dag/ELT_dag.py
[2023-08-25T09:12:45.612+0000] {processor.py:829} INFO - Processing file /opt/airflow/dags/3_ETL_mysql_postgresql_dag/ELT_dag.py for tasks to queue
[2023-08-25T09:12:45.613+0000] {logging_mixin.py:151} INFO - [2023-08-25T09:12:45.612+0000] {dagbag.py:539} INFO - Filling up the DagBag from /opt/airflow/dags/3_ETL_mysql_postgresql_dag/ELT_dag.py
[2023-08-25T09:12:45.624+0000] {processor.py:839} INFO - DAG(s) dict_keys(['ELT_analytics_video_games']) retrieved from /opt/airflow/dags/3_ETL_mysql_postgresql_dag/ELT_dag.py
[2023-08-25T09:12:45.648+0000] {logging_mixin.py:151} INFO - [2023-08-25T09:12:45.648+0000] {dag.py:2907} INFO - Sync 1 DAGs
[2023-08-25T09:12:45.661+0000] {logging_mixin.py:151} INFO - [2023-08-25T09:12:45.661+0000] {dag.py:3677} INFO - Setting next_dagrun for ELT_analytics_video_games to 2023-08-24T00:00:00+00:00, run_after=2023-08-25T00:00:00+00:00
[2023-08-25T09:12:45.673+0000] {processor.py:179} INFO - Processing /opt/airflow/dags/3_ETL_mysql_postgresql_dag/ELT_dag.py took 0.066 seconds
[2023-08-25T09:13:16.367+0000] {processor.py:157} INFO - Started process (PID=5330) to work on /opt/airflow/dags/3_ETL_mysql_postgresql_dag/ELT_dag.py
[2023-08-25T09:13:16.368+0000] {processor.py:829} INFO - Processing file /opt/airflow/dags/3_ETL_mysql_postgresql_dag/ELT_dag.py for tasks to queue
[2023-08-25T09:13:16.369+0000] {logging_mixin.py:151} INFO - [2023-08-25T09:13:16.369+0000] {dagbag.py:539} INFO - Filling up the DagBag from /opt/airflow/dags/3_ETL_mysql_postgresql_dag/ELT_dag.py
[2023-08-25T09:13:16.379+0000] {processor.py:839} INFO - DAG(s) dict_keys(['ELT_analytics_video_games']) retrieved from /opt/airflow/dags/3_ETL_mysql_postgresql_dag/ELT_dag.py
[2023-08-25T09:13:16.400+0000] {logging_mixin.py:151} INFO - [2023-08-25T09:13:16.400+0000] {dag.py:2907} INFO - Sync 1 DAGs
[2023-08-25T09:13:16.412+0000] {logging_mixin.py:151} INFO - [2023-08-25T09:13:16.412+0000] {dag.py:3677} INFO - Setting next_dagrun for ELT_analytics_video_games to 2023-08-24T00:00:00+00:00, run_after=2023-08-25T00:00:00+00:00
[2023-08-25T09:13:16.421+0000] {processor.py:179} INFO - Processing /opt/airflow/dags/3_ETL_mysql_postgresql_dag/ELT_dag.py took 0.057 seconds
[2023-08-25T09:13:47.115+0000] {processor.py:157} INFO - Started process (PID=5346) to work on /opt/airflow/dags/3_ETL_mysql_postgresql_dag/ELT_dag.py
[2023-08-25T09:13:47.116+0000] {processor.py:829} INFO - Processing file /opt/airflow/dags/3_ETL_mysql_postgresql_dag/ELT_dag.py for tasks to queue
[2023-08-25T09:13:47.117+0000] {logging_mixin.py:151} INFO - [2023-08-25T09:13:47.117+0000] {dagbag.py:539} INFO - Filling up the DagBag from /opt/airflow/dags/3_ETL_mysql_postgresql_dag/ELT_dag.py
[2023-08-25T09:13:47.128+0000] {processor.py:839} INFO - DAG(s) dict_keys(['ELT_analytics_video_games']) retrieved from /opt/airflow/dags/3_ETL_mysql_postgresql_dag/ELT_dag.py
[2023-08-25T09:13:47.149+0000] {logging_mixin.py:151} INFO - [2023-08-25T09:13:47.149+0000] {dag.py:2907} INFO - Sync 1 DAGs
[2023-08-25T09:13:47.162+0000] {logging_mixin.py:151} INFO - [2023-08-25T09:13:47.162+0000] {dag.py:3677} INFO - Setting next_dagrun for ELT_analytics_video_games to 2023-08-24T00:00:00+00:00, run_after=2023-08-25T00:00:00+00:00
[2023-08-25T09:13:47.176+0000] {processor.py:179} INFO - Processing /opt/airflow/dags/3_ETL_mysql_postgresql_dag/ELT_dag.py took 0.063 seconds
[2023-08-25T09:14:17.840+0000] {processor.py:157} INFO - Started process (PID=5362) to work on /opt/airflow/dags/3_ETL_mysql_postgresql_dag/ELT_dag.py
[2023-08-25T09:14:17.842+0000] {processor.py:829} INFO - Processing file /opt/airflow/dags/3_ETL_mysql_postgresql_dag/ELT_dag.py for tasks to queue
[2023-08-25T09:14:17.843+0000] {logging_mixin.py:151} INFO - [2023-08-25T09:14:17.842+0000] {dagbag.py:539} INFO - Filling up the DagBag from /opt/airflow/dags/3_ETL_mysql_postgresql_dag/ELT_dag.py
[2023-08-25T09:14:17.853+0000] {processor.py:839} INFO - DAG(s) dict_keys(['ELT_analytics_video_games']) retrieved from /opt/airflow/dags/3_ETL_mysql_postgresql_dag/ELT_dag.py
[2023-08-25T09:14:17.876+0000] {logging_mixin.py:151} INFO - [2023-08-25T09:14:17.876+0000] {dag.py:2907} INFO - Sync 1 DAGs
[2023-08-25T09:14:17.889+0000] {logging_mixin.py:151} INFO - [2023-08-25T09:14:17.889+0000] {dag.py:3677} INFO - Setting next_dagrun for ELT_analytics_video_games to 2023-08-24T00:00:00+00:00, run_after=2023-08-25T00:00:00+00:00
[2023-08-25T09:14:17.898+0000] {processor.py:179} INFO - Processing /opt/airflow/dags/3_ETL_mysql_postgresql_dag/ELT_dag.py took 0.061 seconds
[2023-08-25T09:14:48.674+0000] {processor.py:157} INFO - Started process (PID=5378) to work on /opt/airflow/dags/3_ETL_mysql_postgresql_dag/ELT_dag.py
[2023-08-25T09:14:48.676+0000] {processor.py:829} INFO - Processing file /opt/airflow/dags/3_ETL_mysql_postgresql_dag/ELT_dag.py for tasks to queue
[2023-08-25T09:14:48.676+0000] {logging_mixin.py:151} INFO - [2023-08-25T09:14:48.676+0000] {dagbag.py:539} INFO - Filling up the DagBag from /opt/airflow/dags/3_ETL_mysql_postgresql_dag/ELT_dag.py
[2023-08-25T09:14:48.687+0000] {processor.py:839} INFO - DAG(s) dict_keys(['ELT_analytics_video_games']) retrieved from /opt/airflow/dags/3_ETL_mysql_postgresql_dag/ELT_dag.py
[2023-08-25T09:14:48.711+0000] {logging_mixin.py:151} INFO - [2023-08-25T09:14:48.711+0000] {dag.py:2907} INFO - Sync 1 DAGs
[2023-08-25T09:14:48.725+0000] {logging_mixin.py:151} INFO - [2023-08-25T09:14:48.725+0000] {dag.py:3677} INFO - Setting next_dagrun for ELT_analytics_video_games to 2023-08-24T00:00:00+00:00, run_after=2023-08-25T00:00:00+00:00
[2023-08-25T09:14:48.736+0000] {processor.py:179} INFO - Processing /opt/airflow/dags/3_ETL_mysql_postgresql_dag/ELT_dag.py took 0.065 seconds
[2023-08-25T09:15:19.480+0000] {processor.py:157} INFO - Started process (PID=5394) to work on /opt/airflow/dags/3_ETL_mysql_postgresql_dag/ELT_dag.py
[2023-08-25T09:15:19.481+0000] {processor.py:829} INFO - Processing file /opt/airflow/dags/3_ETL_mysql_postgresql_dag/ELT_dag.py for tasks to queue
[2023-08-25T09:15:19.482+0000] {logging_mixin.py:151} INFO - [2023-08-25T09:15:19.482+0000] {dagbag.py:539} INFO - Filling up the DagBag from /opt/airflow/dags/3_ETL_mysql_postgresql_dag/ELT_dag.py
[2023-08-25T09:15:19.493+0000] {processor.py:839} INFO - DAG(s) dict_keys(['ELT_analytics_video_games']) retrieved from /opt/airflow/dags/3_ETL_mysql_postgresql_dag/ELT_dag.py
[2023-08-25T09:15:19.514+0000] {logging_mixin.py:151} INFO - [2023-08-25T09:15:19.514+0000] {dag.py:2907} INFO - Sync 1 DAGs
[2023-08-25T09:15:19.526+0000] {logging_mixin.py:151} INFO - [2023-08-25T09:15:19.526+0000] {dag.py:3677} INFO - Setting next_dagrun for ELT_analytics_video_games to 2023-08-24T00:00:00+00:00, run_after=2023-08-25T00:00:00+00:00
[2023-08-25T09:15:19.537+0000] {processor.py:179} INFO - Processing /opt/airflow/dags/3_ETL_mysql_postgresql_dag/ELT_dag.py took 0.060 seconds
[2023-08-25T09:15:50.222+0000] {processor.py:157} INFO - Started process (PID=5410) to work on /opt/airflow/dags/3_ETL_mysql_postgresql_dag/ELT_dag.py
[2023-08-25T09:15:50.223+0000] {processor.py:829} INFO - Processing file /opt/airflow/dags/3_ETL_mysql_postgresql_dag/ELT_dag.py for tasks to queue
[2023-08-25T09:15:50.224+0000] {logging_mixin.py:151} INFO - [2023-08-25T09:15:50.224+0000] {dagbag.py:539} INFO - Filling up the DagBag from /opt/airflow/dags/3_ETL_mysql_postgresql_dag/ELT_dag.py
[2023-08-25T09:15:50.234+0000] {processor.py:839} INFO - DAG(s) dict_keys(['ELT_analytics_video_games']) retrieved from /opt/airflow/dags/3_ETL_mysql_postgresql_dag/ELT_dag.py
[2023-08-25T09:15:50.262+0000] {logging_mixin.py:151} INFO - [2023-08-25T09:15:50.261+0000] {dag.py:2907} INFO - Sync 1 DAGs
[2023-08-25T09:15:50.275+0000] {logging_mixin.py:151} INFO - [2023-08-25T09:15:50.275+0000] {dag.py:3677} INFO - Setting next_dagrun for ELT_analytics_video_games to 2023-08-24T00:00:00+00:00, run_after=2023-08-25T00:00:00+00:00
[2023-08-25T09:15:50.288+0000] {processor.py:179} INFO - Processing /opt/airflow/dags/3_ETL_mysql_postgresql_dag/ELT_dag.py took 0.069 seconds
[2023-08-25T09:16:21.000+0000] {processor.py:157} INFO - Started process (PID=5432) to work on /opt/airflow/dags/3_ETL_mysql_postgresql_dag/ELT_dag.py
[2023-08-25T09:16:21.002+0000] {processor.py:829} INFO - Processing file /opt/airflow/dags/3_ETL_mysql_postgresql_dag/ELT_dag.py for tasks to queue
[2023-08-25T09:16:21.003+0000] {logging_mixin.py:151} INFO - [2023-08-25T09:16:21.002+0000] {dagbag.py:539} INFO - Filling up the DagBag from /opt/airflow/dags/3_ETL_mysql_postgresql_dag/ELT_dag.py
[2023-08-25T09:16:21.015+0000] {processor.py:839} INFO - DAG(s) dict_keys(['ELT_analytics_video_games']) retrieved from /opt/airflow/dags/3_ETL_mysql_postgresql_dag/ELT_dag.py
[2023-08-25T09:16:21.040+0000] {logging_mixin.py:151} INFO - [2023-08-25T09:16:21.040+0000] {dag.py:2907} INFO - Sync 1 DAGs
[2023-08-25T09:16:21.054+0000] {logging_mixin.py:151} INFO - [2023-08-25T09:16:21.054+0000] {dag.py:3677} INFO - Setting next_dagrun for ELT_analytics_video_games to 2023-08-24T00:00:00+00:00, run_after=2023-08-25T00:00:00+00:00
[2023-08-25T09:16:21.064+0000] {processor.py:179} INFO - Processing /opt/airflow/dags/3_ETL_mysql_postgresql_dag/ELT_dag.py took 0.066 seconds
[2023-08-25T09:16:51.775+0000] {processor.py:157} INFO - Started process (PID=5448) to work on /opt/airflow/dags/3_ETL_mysql_postgresql_dag/ELT_dag.py
[2023-08-25T09:16:51.776+0000] {processor.py:829} INFO - Processing file /opt/airflow/dags/3_ETL_mysql_postgresql_dag/ELT_dag.py for tasks to queue
[2023-08-25T09:16:51.777+0000] {logging_mixin.py:151} INFO - [2023-08-25T09:16:51.776+0000] {dagbag.py:539} INFO - Filling up the DagBag from /opt/airflow/dags/3_ETL_mysql_postgresql_dag/ELT_dag.py
[2023-08-25T09:16:51.787+0000] {processor.py:839} INFO - DAG(s) dict_keys(['ELT_analytics_video_games']) retrieved from /opt/airflow/dags/3_ETL_mysql_postgresql_dag/ELT_dag.py
[2023-08-25T09:16:51.808+0000] {logging_mixin.py:151} INFO - [2023-08-25T09:16:51.808+0000] {dag.py:2907} INFO - Sync 1 DAGs
[2023-08-25T09:16:51.820+0000] {logging_mixin.py:151} INFO - [2023-08-25T09:16:51.820+0000] {dag.py:3677} INFO - Setting next_dagrun for ELT_analytics_video_games to 2023-08-24T00:00:00+00:00, run_after=2023-08-25T00:00:00+00:00
[2023-08-25T09:16:51.830+0000] {processor.py:179} INFO - Processing /opt/airflow/dags/3_ETL_mysql_postgresql_dag/ELT_dag.py took 0.058 seconds
[2023-08-25T09:17:22.599+0000] {processor.py:157} INFO - Started process (PID=5464) to work on /opt/airflow/dags/3_ETL_mysql_postgresql_dag/ELT_dag.py
[2023-08-25T09:17:22.600+0000] {processor.py:829} INFO - Processing file /opt/airflow/dags/3_ETL_mysql_postgresql_dag/ELT_dag.py for tasks to queue
[2023-08-25T09:17:22.601+0000] {logging_mixin.py:151} INFO - [2023-08-25T09:17:22.600+0000] {dagbag.py:539} INFO - Filling up the DagBag from /opt/airflow/dags/3_ETL_mysql_postgresql_dag/ELT_dag.py
[2023-08-25T09:17:22.611+0000] {processor.py:839} INFO - DAG(s) dict_keys(['ELT_analytics_video_games']) retrieved from /opt/airflow/dags/3_ETL_mysql_postgresql_dag/ELT_dag.py
[2023-08-25T09:17:22.632+0000] {logging_mixin.py:151} INFO - [2023-08-25T09:17:22.632+0000] {dag.py:2907} INFO - Sync 1 DAGs
[2023-08-25T09:17:22.644+0000] {logging_mixin.py:151} INFO - [2023-08-25T09:17:22.644+0000] {dag.py:3677} INFO - Setting next_dagrun for ELT_analytics_video_games to 2023-08-24T00:00:00+00:00, run_after=2023-08-25T00:00:00+00:00
[2023-08-25T09:17:22.653+0000] {processor.py:179} INFO - Processing /opt/airflow/dags/3_ETL_mysql_postgresql_dag/ELT_dag.py took 0.057 seconds
[2023-08-25T09:17:53.363+0000] {processor.py:157} INFO - Started process (PID=5480) to work on /opt/airflow/dags/3_ETL_mysql_postgresql_dag/ELT_dag.py
[2023-08-25T09:17:53.364+0000] {processor.py:829} INFO - Processing file /opt/airflow/dags/3_ETL_mysql_postgresql_dag/ELT_dag.py for tasks to queue
[2023-08-25T09:17:53.365+0000] {logging_mixin.py:151} INFO - [2023-08-25T09:17:53.364+0000] {dagbag.py:539} INFO - Filling up the DagBag from /opt/airflow/dags/3_ETL_mysql_postgresql_dag/ELT_dag.py
[2023-08-25T09:17:53.374+0000] {processor.py:839} INFO - DAG(s) dict_keys(['ELT_analytics_video_games']) retrieved from /opt/airflow/dags/3_ETL_mysql_postgresql_dag/ELT_dag.py
[2023-08-25T09:17:53.396+0000] {logging_mixin.py:151} INFO - [2023-08-25T09:17:53.396+0000] {dag.py:2907} INFO - Sync 1 DAGs
[2023-08-25T09:17:53.408+0000] {logging_mixin.py:151} INFO - [2023-08-25T09:17:53.408+0000] {dag.py:3677} INFO - Setting next_dagrun for ELT_analytics_video_games to 2023-08-24T00:00:00+00:00, run_after=2023-08-25T00:00:00+00:00
[2023-08-25T09:17:53.419+0000] {processor.py:179} INFO - Processing /opt/airflow/dags/3_ETL_mysql_postgresql_dag/ELT_dag.py took 0.059 seconds
[2023-08-25T09:18:24.175+0000] {processor.py:157} INFO - Started process (PID=5496) to work on /opt/airflow/dags/3_ETL_mysql_postgresql_dag/ELT_dag.py
[2023-08-25T09:18:24.176+0000] {processor.py:829} INFO - Processing file /opt/airflow/dags/3_ETL_mysql_postgresql_dag/ELT_dag.py for tasks to queue
[2023-08-25T09:18:24.177+0000] {logging_mixin.py:151} INFO - [2023-08-25T09:18:24.177+0000] {dagbag.py:539} INFO - Filling up the DagBag from /opt/airflow/dags/3_ETL_mysql_postgresql_dag/ELT_dag.py
[2023-08-25T09:18:24.187+0000] {processor.py:839} INFO - DAG(s) dict_keys(['ELT_analytics_video_games']) retrieved from /opt/airflow/dags/3_ETL_mysql_postgresql_dag/ELT_dag.py
[2023-08-25T09:18:24.211+0000] {logging_mixin.py:151} INFO - [2023-08-25T09:18:24.210+0000] {dag.py:2907} INFO - Sync 1 DAGs
[2023-08-25T09:18:24.225+0000] {logging_mixin.py:151} INFO - [2023-08-25T09:18:24.224+0000] {dag.py:3677} INFO - Setting next_dagrun for ELT_analytics_video_games to 2023-08-24T00:00:00+00:00, run_after=2023-08-25T00:00:00+00:00
[2023-08-25T09:18:24.236+0000] {processor.py:179} INFO - Processing /opt/airflow/dags/3_ETL_mysql_postgresql_dag/ELT_dag.py took 0.065 seconds
[2023-08-25T09:18:55.005+0000] {processor.py:157} INFO - Started process (PID=5512) to work on /opt/airflow/dags/3_ETL_mysql_postgresql_dag/ELT_dag.py
[2023-08-25T09:18:55.006+0000] {processor.py:829} INFO - Processing file /opt/airflow/dags/3_ETL_mysql_postgresql_dag/ELT_dag.py for tasks to queue
[2023-08-25T09:18:55.007+0000] {logging_mixin.py:151} INFO - [2023-08-25T09:18:55.007+0000] {dagbag.py:539} INFO - Filling up the DagBag from /opt/airflow/dags/3_ETL_mysql_postgresql_dag/ELT_dag.py
[2023-08-25T09:18:55.017+0000] {processor.py:839} INFO - DAG(s) dict_keys(['ELT_analytics_video_games']) retrieved from /opt/airflow/dags/3_ETL_mysql_postgresql_dag/ELT_dag.py
[2023-08-25T09:18:55.038+0000] {logging_mixin.py:151} INFO - [2023-08-25T09:18:55.038+0000] {dag.py:2907} INFO - Sync 1 DAGs
[2023-08-25T09:18:55.050+0000] {logging_mixin.py:151} INFO - [2023-08-25T09:18:55.050+0000] {dag.py:3677} INFO - Setting next_dagrun for ELT_analytics_video_games to 2023-08-24T00:00:00+00:00, run_after=2023-08-25T00:00:00+00:00
[2023-08-25T09:18:55.060+0000] {processor.py:179} INFO - Processing /opt/airflow/dags/3_ETL_mysql_postgresql_dag/ELT_dag.py took 0.057 seconds
[2023-08-25T09:19:25.735+0000] {processor.py:157} INFO - Started process (PID=5528) to work on /opt/airflow/dags/3_ETL_mysql_postgresql_dag/ELT_dag.py
[2023-08-25T09:19:25.736+0000] {processor.py:829} INFO - Processing file /opt/airflow/dags/3_ETL_mysql_postgresql_dag/ELT_dag.py for tasks to queue
[2023-08-25T09:19:25.737+0000] {logging_mixin.py:151} INFO - [2023-08-25T09:19:25.737+0000] {dagbag.py:539} INFO - Filling up the DagBag from /opt/airflow/dags/3_ETL_mysql_postgresql_dag/ELT_dag.py
[2023-08-25T09:19:25.747+0000] {processor.py:839} INFO - DAG(s) dict_keys(['ELT_analytics_video_games']) retrieved from /opt/airflow/dags/3_ETL_mysql_postgresql_dag/ELT_dag.py
[2023-08-25T09:19:25.767+0000] {logging_mixin.py:151} INFO - [2023-08-25T09:19:25.767+0000] {dag.py:2907} INFO - Sync 1 DAGs
[2023-08-25T09:19:25.780+0000] {logging_mixin.py:151} INFO - [2023-08-25T09:19:25.779+0000] {dag.py:3677} INFO - Setting next_dagrun for ELT_analytics_video_games to 2023-08-24T00:00:00+00:00, run_after=2023-08-25T00:00:00+00:00
[2023-08-25T09:19:25.790+0000] {processor.py:179} INFO - Processing /opt/airflow/dags/3_ETL_mysql_postgresql_dag/ELT_dag.py took 0.058 seconds
[2023-08-25T09:19:56.437+0000] {processor.py:157} INFO - Started process (PID=5544) to work on /opt/airflow/dags/3_ETL_mysql_postgresql_dag/ELT_dag.py
[2023-08-25T09:19:56.438+0000] {processor.py:829} INFO - Processing file /opt/airflow/dags/3_ETL_mysql_postgresql_dag/ELT_dag.py for tasks to queue
[2023-08-25T09:19:56.439+0000] {logging_mixin.py:151} INFO - [2023-08-25T09:19:56.439+0000] {dagbag.py:539} INFO - Filling up the DagBag from /opt/airflow/dags/3_ETL_mysql_postgresql_dag/ELT_dag.py
[2023-08-25T09:19:56.450+0000] {processor.py:839} INFO - DAG(s) dict_keys(['ELT_analytics_video_games']) retrieved from /opt/airflow/dags/3_ETL_mysql_postgresql_dag/ELT_dag.py
[2023-08-25T09:19:56.471+0000] {logging_mixin.py:151} INFO - [2023-08-25T09:19:56.471+0000] {dag.py:2907} INFO - Sync 1 DAGs
[2023-08-25T09:19:56.484+0000] {logging_mixin.py:151} INFO - [2023-08-25T09:19:56.483+0000] {dag.py:3677} INFO - Setting next_dagrun for ELT_analytics_video_games to 2023-08-24T00:00:00+00:00, run_after=2023-08-25T00:00:00+00:00
[2023-08-25T09:19:56.493+0000] {processor.py:179} INFO - Processing /opt/airflow/dags/3_ETL_mysql_postgresql_dag/ELT_dag.py took 0.059 seconds
[2023-08-25T09:20:27.217+0000] {processor.py:157} INFO - Started process (PID=5560) to work on /opt/airflow/dags/3_ETL_mysql_postgresql_dag/ELT_dag.py
[2023-08-25T09:20:27.219+0000] {processor.py:829} INFO - Processing file /opt/airflow/dags/3_ETL_mysql_postgresql_dag/ELT_dag.py for tasks to queue
[2023-08-25T09:20:27.220+0000] {logging_mixin.py:151} INFO - [2023-08-25T09:20:27.220+0000] {dagbag.py:539} INFO - Filling up the DagBag from /opt/airflow/dags/3_ETL_mysql_postgresql_dag/ELT_dag.py
[2023-08-25T09:20:27.232+0000] {processor.py:839} INFO - DAG(s) dict_keys(['ELT_analytics_video_games']) retrieved from /opt/airflow/dags/3_ETL_mysql_postgresql_dag/ELT_dag.py
[2023-08-25T09:20:27.255+0000] {logging_mixin.py:151} INFO - [2023-08-25T09:20:27.255+0000] {dag.py:2907} INFO - Sync 1 DAGs
[2023-08-25T09:20:27.270+0000] {logging_mixin.py:151} INFO - [2023-08-25T09:20:27.270+0000] {dag.py:3677} INFO - Setting next_dagrun for ELT_analytics_video_games to 2023-08-24T00:00:00+00:00, run_after=2023-08-25T00:00:00+00:00
[2023-08-25T09:20:27.281+0000] {processor.py:179} INFO - Processing /opt/airflow/dags/3_ETL_mysql_postgresql_dag/ELT_dag.py took 0.067 seconds
[2023-08-25T09:20:57.938+0000] {processor.py:157} INFO - Started process (PID=5576) to work on /opt/airflow/dags/3_ETL_mysql_postgresql_dag/ELT_dag.py
[2023-08-25T09:20:57.939+0000] {processor.py:829} INFO - Processing file /opt/airflow/dags/3_ETL_mysql_postgresql_dag/ELT_dag.py for tasks to queue
[2023-08-25T09:20:57.940+0000] {logging_mixin.py:151} INFO - [2023-08-25T09:20:57.940+0000] {dagbag.py:539} INFO - Filling up the DagBag from /opt/airflow/dags/3_ETL_mysql_postgresql_dag/ELT_dag.py
[2023-08-25T09:20:57.950+0000] {processor.py:839} INFO - DAG(s) dict_keys(['ELT_analytics_video_games']) retrieved from /opt/airflow/dags/3_ETL_mysql_postgresql_dag/ELT_dag.py
[2023-08-25T09:20:57.972+0000] {logging_mixin.py:151} INFO - [2023-08-25T09:20:57.972+0000] {dag.py:2907} INFO - Sync 1 DAGs
[2023-08-25T09:20:57.984+0000] {logging_mixin.py:151} INFO - [2023-08-25T09:20:57.984+0000] {dag.py:3677} INFO - Setting next_dagrun for ELT_analytics_video_games to 2023-08-24T00:00:00+00:00, run_after=2023-08-25T00:00:00+00:00
[2023-08-25T09:20:57.994+0000] {processor.py:179} INFO - Processing /opt/airflow/dags/3_ETL_mysql_postgresql_dag/ELT_dag.py took 0.059 seconds
[2023-08-25T09:21:28.650+0000] {processor.py:157} INFO - Started process (PID=5592) to work on /opt/airflow/dags/3_ETL_mysql_postgresql_dag/ELT_dag.py
[2023-08-25T09:21:28.651+0000] {processor.py:829} INFO - Processing file /opt/airflow/dags/3_ETL_mysql_postgresql_dag/ELT_dag.py for tasks to queue
[2023-08-25T09:21:28.652+0000] {logging_mixin.py:151} INFO - [2023-08-25T09:21:28.652+0000] {dagbag.py:539} INFO - Filling up the DagBag from /opt/airflow/dags/3_ETL_mysql_postgresql_dag/ELT_dag.py
[2023-08-25T09:21:28.662+0000] {processor.py:839} INFO - DAG(s) dict_keys(['ELT_analytics_video_games']) retrieved from /opt/airflow/dags/3_ETL_mysql_postgresql_dag/ELT_dag.py
[2023-08-25T09:21:28.684+0000] {logging_mixin.py:151} INFO - [2023-08-25T09:21:28.684+0000] {dag.py:2907} INFO - Sync 1 DAGs
[2023-08-25T09:21:28.698+0000] {logging_mixin.py:151} INFO - [2023-08-25T09:21:28.698+0000] {dag.py:3677} INFO - Setting next_dagrun for ELT_analytics_video_games to 2023-08-24T00:00:00+00:00, run_after=2023-08-25T00:00:00+00:00
[2023-08-25T09:21:28.709+0000] {processor.py:179} INFO - Processing /opt/airflow/dags/3_ETL_mysql_postgresql_dag/ELT_dag.py took 0.061 seconds
[2023-08-25T09:21:59.333+0000] {processor.py:157} INFO - Started process (PID=5608) to work on /opt/airflow/dags/3_ETL_mysql_postgresql_dag/ELT_dag.py
[2023-08-25T09:21:59.334+0000] {processor.py:829} INFO - Processing file /opt/airflow/dags/3_ETL_mysql_postgresql_dag/ELT_dag.py for tasks to queue
[2023-08-25T09:21:59.335+0000] {logging_mixin.py:151} INFO - [2023-08-25T09:21:59.335+0000] {dagbag.py:539} INFO - Filling up the DagBag from /opt/airflow/dags/3_ETL_mysql_postgresql_dag/ELT_dag.py
[2023-08-25T09:21:59.346+0000] {processor.py:839} INFO - DAG(s) dict_keys(['ELT_analytics_video_games']) retrieved from /opt/airflow/dags/3_ETL_mysql_postgresql_dag/ELT_dag.py
[2023-08-25T09:21:59.368+0000] {logging_mixin.py:151} INFO - [2023-08-25T09:21:59.368+0000] {dag.py:2907} INFO - Sync 1 DAGs
[2023-08-25T09:21:59.383+0000] {logging_mixin.py:151} INFO - [2023-08-25T09:21:59.383+0000] {dag.py:3677} INFO - Setting next_dagrun for ELT_analytics_video_games to 2023-08-24T00:00:00+00:00, run_after=2023-08-25T00:00:00+00:00
[2023-08-25T09:21:59.394+0000] {processor.py:179} INFO - Processing /opt/airflow/dags/3_ETL_mysql_postgresql_dag/ELT_dag.py took 0.063 seconds
[2023-08-25T09:22:30.169+0000] {processor.py:157} INFO - Started process (PID=5623) to work on /opt/airflow/dags/3_ETL_mysql_postgresql_dag/ELT_dag.py
[2023-08-25T09:22:30.170+0000] {processor.py:829} INFO - Processing file /opt/airflow/dags/3_ETL_mysql_postgresql_dag/ELT_dag.py for tasks to queue
[2023-08-25T09:22:30.171+0000] {logging_mixin.py:151} INFO - [2023-08-25T09:22:30.171+0000] {dagbag.py:539} INFO - Filling up the DagBag from /opt/airflow/dags/3_ETL_mysql_postgresql_dag/ELT_dag.py
[2023-08-25T09:22:30.182+0000] {processor.py:839} INFO - DAG(s) dict_keys(['ELT_analytics_video_games']) retrieved from /opt/airflow/dags/3_ETL_mysql_postgresql_dag/ELT_dag.py
[2023-08-25T09:22:30.203+0000] {logging_mixin.py:151} INFO - [2023-08-25T09:22:30.203+0000] {dag.py:2907} INFO - Sync 1 DAGs
[2023-08-25T09:22:30.217+0000] {logging_mixin.py:151} INFO - [2023-08-25T09:22:30.217+0000] {dag.py:3677} INFO - Setting next_dagrun for ELT_analytics_video_games to 2023-08-24T00:00:00+00:00, run_after=2023-08-25T00:00:00+00:00
[2023-08-25T09:22:30.227+0000] {processor.py:179} INFO - Processing /opt/airflow/dags/3_ETL_mysql_postgresql_dag/ELT_dag.py took 0.061 seconds
[2023-08-25T09:23:00.916+0000] {processor.py:157} INFO - Started process (PID=5639) to work on /opt/airflow/dags/3_ETL_mysql_postgresql_dag/ELT_dag.py
[2023-08-25T09:23:00.917+0000] {processor.py:829} INFO - Processing file /opt/airflow/dags/3_ETL_mysql_postgresql_dag/ELT_dag.py for tasks to queue
[2023-08-25T09:23:00.918+0000] {logging_mixin.py:151} INFO - [2023-08-25T09:23:00.918+0000] {dagbag.py:539} INFO - Filling up the DagBag from /opt/airflow/dags/3_ETL_mysql_postgresql_dag/ELT_dag.py
[2023-08-25T09:23:00.928+0000] {processor.py:839} INFO - DAG(s) dict_keys(['ELT_analytics_video_games']) retrieved from /opt/airflow/dags/3_ETL_mysql_postgresql_dag/ELT_dag.py
[2023-08-25T09:23:00.950+0000] {logging_mixin.py:151} INFO - [2023-08-25T09:23:00.949+0000] {dag.py:2907} INFO - Sync 1 DAGs
[2023-08-25T09:23:00.962+0000] {logging_mixin.py:151} INFO - [2023-08-25T09:23:00.962+0000] {dag.py:3677} INFO - Setting next_dagrun for ELT_analytics_video_games to 2023-08-24T00:00:00+00:00, run_after=2023-08-25T00:00:00+00:00
[2023-08-25T09:23:00.973+0000] {processor.py:179} INFO - Processing /opt/airflow/dags/3_ETL_mysql_postgresql_dag/ELT_dag.py took 0.060 seconds
[2023-08-25T09:23:31.625+0000] {processor.py:157} INFO - Started process (PID=5655) to work on /opt/airflow/dags/3_ETL_mysql_postgresql_dag/ELT_dag.py
[2023-08-25T09:23:31.627+0000] {processor.py:829} INFO - Processing file /opt/airflow/dags/3_ETL_mysql_postgresql_dag/ELT_dag.py for tasks to queue
[2023-08-25T09:23:31.628+0000] {logging_mixin.py:151} INFO - [2023-08-25T09:23:31.627+0000] {dagbag.py:539} INFO - Filling up the DagBag from /opt/airflow/dags/3_ETL_mysql_postgresql_dag/ELT_dag.py
[2023-08-25T09:23:31.638+0000] {processor.py:839} INFO - DAG(s) dict_keys(['ELT_analytics_video_games']) retrieved from /opt/airflow/dags/3_ETL_mysql_postgresql_dag/ELT_dag.py
[2023-08-25T09:23:31.658+0000] {logging_mixin.py:151} INFO - [2023-08-25T09:23:31.658+0000] {dag.py:2907} INFO - Sync 1 DAGs
[2023-08-25T09:23:31.671+0000] {logging_mixin.py:151} INFO - [2023-08-25T09:23:31.671+0000] {dag.py:3677} INFO - Setting next_dagrun for ELT_analytics_video_games to 2023-08-24T00:00:00+00:00, run_after=2023-08-25T00:00:00+00:00
[2023-08-25T09:23:31.681+0000] {processor.py:179} INFO - Processing /opt/airflow/dags/3_ETL_mysql_postgresql_dag/ELT_dag.py took 0.059 seconds
[2023-08-25T09:24:02.427+0000] {processor.py:157} INFO - Started process (PID=5671) to work on /opt/airflow/dags/3_ETL_mysql_postgresql_dag/ELT_dag.py
[2023-08-25T09:24:02.428+0000] {processor.py:829} INFO - Processing file /opt/airflow/dags/3_ETL_mysql_postgresql_dag/ELT_dag.py for tasks to queue
[2023-08-25T09:24:02.429+0000] {logging_mixin.py:151} INFO - [2023-08-25T09:24:02.429+0000] {dagbag.py:539} INFO - Filling up the DagBag from /opt/airflow/dags/3_ETL_mysql_postgresql_dag/ELT_dag.py
[2023-08-25T09:24:02.440+0000] {processor.py:839} INFO - DAG(s) dict_keys(['ELT_analytics_video_games']) retrieved from /opt/airflow/dags/3_ETL_mysql_postgresql_dag/ELT_dag.py
[2023-08-25T09:24:02.460+0000] {logging_mixin.py:151} INFO - [2023-08-25T09:24:02.460+0000] {dag.py:2907} INFO - Sync 1 DAGs
[2023-08-25T09:24:02.472+0000] {logging_mixin.py:151} INFO - [2023-08-25T09:24:02.472+0000] {dag.py:3677} INFO - Setting next_dagrun for ELT_analytics_video_games to 2023-08-24T00:00:00+00:00, run_after=2023-08-25T00:00:00+00:00
[2023-08-25T09:24:02.483+0000] {processor.py:179} INFO - Processing /opt/airflow/dags/3_ETL_mysql_postgresql_dag/ELT_dag.py took 0.059 seconds
[2023-08-25T09:24:33.205+0000] {processor.py:157} INFO - Started process (PID=5687) to work on /opt/airflow/dags/3_ETL_mysql_postgresql_dag/ELT_dag.py
[2023-08-25T09:24:33.206+0000] {processor.py:829} INFO - Processing file /opt/airflow/dags/3_ETL_mysql_postgresql_dag/ELT_dag.py for tasks to queue
[2023-08-25T09:24:33.206+0000] {logging_mixin.py:151} INFO - [2023-08-25T09:24:33.206+0000] {dagbag.py:539} INFO - Filling up the DagBag from /opt/airflow/dags/3_ETL_mysql_postgresql_dag/ELT_dag.py
[2023-08-25T09:24:33.216+0000] {processor.py:839} INFO - DAG(s) dict_keys(['ELT_analytics_video_games']) retrieved from /opt/airflow/dags/3_ETL_mysql_postgresql_dag/ELT_dag.py
[2023-08-25T09:24:33.237+0000] {logging_mixin.py:151} INFO - [2023-08-25T09:24:33.237+0000] {dag.py:2907} INFO - Sync 1 DAGs
[2023-08-25T09:24:33.250+0000] {logging_mixin.py:151} INFO - [2023-08-25T09:24:33.250+0000] {dag.py:3677} INFO - Setting next_dagrun for ELT_analytics_video_games to 2023-08-24T00:00:00+00:00, run_after=2023-08-25T00:00:00+00:00
[2023-08-25T09:24:33.261+0000] {processor.py:179} INFO - Processing /opt/airflow/dags/3_ETL_mysql_postgresql_dag/ELT_dag.py took 0.059 seconds
[2023-08-25T09:25:04.065+0000] {processor.py:157} INFO - Started process (PID=5703) to work on /opt/airflow/dags/3_ETL_mysql_postgresql_dag/ELT_dag.py
[2023-08-25T09:25:04.067+0000] {processor.py:829} INFO - Processing file /opt/airflow/dags/3_ETL_mysql_postgresql_dag/ELT_dag.py for tasks to queue
[2023-08-25T09:25:04.068+0000] {logging_mixin.py:151} INFO - [2023-08-25T09:25:04.067+0000] {dagbag.py:539} INFO - Filling up the DagBag from /opt/airflow/dags/3_ETL_mysql_postgresql_dag/ELT_dag.py
[2023-08-25T09:25:04.079+0000] {processor.py:839} INFO - DAG(s) dict_keys(['ELT_analytics_video_games']) retrieved from /opt/airflow/dags/3_ETL_mysql_postgresql_dag/ELT_dag.py
[2023-08-25T09:25:04.101+0000] {logging_mixin.py:151} INFO - [2023-08-25T09:25:04.101+0000] {dag.py:2907} INFO - Sync 1 DAGs
[2023-08-25T09:25:04.115+0000] {logging_mixin.py:151} INFO - [2023-08-25T09:25:04.114+0000] {dag.py:3677} INFO - Setting next_dagrun for ELT_analytics_video_games to 2023-08-24T00:00:00+00:00, run_after=2023-08-25T00:00:00+00:00
[2023-08-25T09:25:04.125+0000] {processor.py:179} INFO - Processing /opt/airflow/dags/3_ETL_mysql_postgresql_dag/ELT_dag.py took 0.063 seconds
[2023-08-25T09:25:34.779+0000] {processor.py:157} INFO - Started process (PID=5719) to work on /opt/airflow/dags/3_ETL_mysql_postgresql_dag/ELT_dag.py
[2023-08-25T09:25:34.780+0000] {processor.py:829} INFO - Processing file /opt/airflow/dags/3_ETL_mysql_postgresql_dag/ELT_dag.py for tasks to queue
[2023-08-25T09:25:34.781+0000] {logging_mixin.py:151} INFO - [2023-08-25T09:25:34.781+0000] {dagbag.py:539} INFO - Filling up the DagBag from /opt/airflow/dags/3_ETL_mysql_postgresql_dag/ELT_dag.py
[2023-08-25T09:25:34.792+0000] {processor.py:839} INFO - DAG(s) dict_keys(['ELT_analytics_video_games']) retrieved from /opt/airflow/dags/3_ETL_mysql_postgresql_dag/ELT_dag.py
[2023-08-25T09:25:34.818+0000] {logging_mixin.py:151} INFO - [2023-08-25T09:25:34.818+0000] {dag.py:2907} INFO - Sync 1 DAGs
[2023-08-25T09:25:34.835+0000] {logging_mixin.py:151} INFO - [2023-08-25T09:25:34.835+0000] {dag.py:3677} INFO - Setting next_dagrun for ELT_analytics_video_games to 2023-08-24T00:00:00+00:00, run_after=2023-08-25T00:00:00+00:00
[2023-08-25T09:25:34.849+0000] {processor.py:179} INFO - Processing /opt/airflow/dags/3_ETL_mysql_postgresql_dag/ELT_dag.py took 0.073 seconds
[2023-08-25T09:26:05.564+0000] {processor.py:157} INFO - Started process (PID=5735) to work on /opt/airflow/dags/3_ETL_mysql_postgresql_dag/ELT_dag.py
[2023-08-25T09:26:05.565+0000] {processor.py:829} INFO - Processing file /opt/airflow/dags/3_ETL_mysql_postgresql_dag/ELT_dag.py for tasks to queue
[2023-08-25T09:26:05.566+0000] {logging_mixin.py:151} INFO - [2023-08-25T09:26:05.566+0000] {dagbag.py:539} INFO - Filling up the DagBag from /opt/airflow/dags/3_ETL_mysql_postgresql_dag/ELT_dag.py
[2023-08-25T09:26:05.576+0000] {processor.py:839} INFO - DAG(s) dict_keys(['ELT_analytics_video_games']) retrieved from /opt/airflow/dags/3_ETL_mysql_postgresql_dag/ELT_dag.py
[2023-08-25T09:26:05.598+0000] {logging_mixin.py:151} INFO - [2023-08-25T09:26:05.597+0000] {dag.py:2907} INFO - Sync 1 DAGs
[2023-08-25T09:26:05.610+0000] {logging_mixin.py:151} INFO - [2023-08-25T09:26:05.610+0000] {dag.py:3677} INFO - Setting next_dagrun for ELT_analytics_video_games to 2023-08-24T00:00:00+00:00, run_after=2023-08-25T00:00:00+00:00
[2023-08-25T09:26:05.621+0000] {processor.py:179} INFO - Processing /opt/airflow/dags/3_ETL_mysql_postgresql_dag/ELT_dag.py took 0.059 seconds
[2023-08-25T09:26:36.337+0000] {processor.py:157} INFO - Started process (PID=5751) to work on /opt/airflow/dags/3_ETL_mysql_postgresql_dag/ELT_dag.py
[2023-08-25T09:26:36.339+0000] {processor.py:829} INFO - Processing file /opt/airflow/dags/3_ETL_mysql_postgresql_dag/ELT_dag.py for tasks to queue
[2023-08-25T09:26:36.340+0000] {logging_mixin.py:151} INFO - [2023-08-25T09:26:36.339+0000] {dagbag.py:539} INFO - Filling up the DagBag from /opt/airflow/dags/3_ETL_mysql_postgresql_dag/ELT_dag.py
[2023-08-25T09:26:36.349+0000] {processor.py:839} INFO - DAG(s) dict_keys(['ELT_analytics_video_games']) retrieved from /opt/airflow/dags/3_ETL_mysql_postgresql_dag/ELT_dag.py
[2023-08-25T09:26:36.371+0000] {logging_mixin.py:151} INFO - [2023-08-25T09:26:36.371+0000] {dag.py:2907} INFO - Sync 1 DAGs
[2023-08-25T09:26:36.385+0000] {logging_mixin.py:151} INFO - [2023-08-25T09:26:36.385+0000] {dag.py:3677} INFO - Setting next_dagrun for ELT_analytics_video_games to 2023-08-24T00:00:00+00:00, run_after=2023-08-25T00:00:00+00:00
[2023-08-25T09:26:36.395+0000] {processor.py:179} INFO - Processing /opt/airflow/dags/3_ETL_mysql_postgresql_dag/ELT_dag.py took 0.060 seconds
[2023-08-25T09:27:07.210+0000] {processor.py:157} INFO - Started process (PID=5767) to work on /opt/airflow/dags/3_ETL_mysql_postgresql_dag/ELT_dag.py
[2023-08-25T09:27:07.211+0000] {processor.py:829} INFO - Processing file /opt/airflow/dags/3_ETL_mysql_postgresql_dag/ELT_dag.py for tasks to queue
[2023-08-25T09:27:07.212+0000] {logging_mixin.py:151} INFO - [2023-08-25T09:27:07.212+0000] {dagbag.py:539} INFO - Filling up the DagBag from /opt/airflow/dags/3_ETL_mysql_postgresql_dag/ELT_dag.py
[2023-08-25T09:27:07.223+0000] {processor.py:839} INFO - DAG(s) dict_keys(['ELT_analytics_video_games']) retrieved from /opt/airflow/dags/3_ETL_mysql_postgresql_dag/ELT_dag.py
[2023-08-25T09:27:07.246+0000] {logging_mixin.py:151} INFO - [2023-08-25T09:27:07.246+0000] {dag.py:2907} INFO - Sync 1 DAGs
[2023-08-25T09:27:07.260+0000] {logging_mixin.py:151} INFO - [2023-08-25T09:27:07.260+0000] {dag.py:3677} INFO - Setting next_dagrun for ELT_analytics_video_games to 2023-08-24T00:00:00+00:00, run_after=2023-08-25T00:00:00+00:00
[2023-08-25T09:27:07.271+0000] {processor.py:179} INFO - Processing /opt/airflow/dags/3_ETL_mysql_postgresql_dag/ELT_dag.py took 0.064 seconds
[2023-08-25T09:27:38.108+0000] {processor.py:157} INFO - Started process (PID=5782) to work on /opt/airflow/dags/3_ETL_mysql_postgresql_dag/ELT_dag.py
[2023-08-25T09:27:38.109+0000] {processor.py:829} INFO - Processing file /opt/airflow/dags/3_ETL_mysql_postgresql_dag/ELT_dag.py for tasks to queue
[2023-08-25T09:27:38.110+0000] {logging_mixin.py:151} INFO - [2023-08-25T09:27:38.110+0000] {dagbag.py:539} INFO - Filling up the DagBag from /opt/airflow/dags/3_ETL_mysql_postgresql_dag/ELT_dag.py
[2023-08-25T09:27:38.120+0000] {processor.py:839} INFO - DAG(s) dict_keys(['ELT_analytics_video_games']) retrieved from /opt/airflow/dags/3_ETL_mysql_postgresql_dag/ELT_dag.py
[2023-08-25T09:27:38.143+0000] {logging_mixin.py:151} INFO - [2023-08-25T09:27:38.143+0000] {dag.py:2907} INFO - Sync 1 DAGs
[2023-08-25T09:27:38.156+0000] {logging_mixin.py:151} INFO - [2023-08-25T09:27:38.156+0000] {dag.py:3677} INFO - Setting next_dagrun for ELT_analytics_video_games to 2023-08-24T00:00:00+00:00, run_after=2023-08-25T00:00:00+00:00
[2023-08-25T09:27:38.167+0000] {processor.py:179} INFO - Processing /opt/airflow/dags/3_ETL_mysql_postgresql_dag/ELT_dag.py took 0.062 seconds
[2023-08-25T09:28:08.885+0000] {processor.py:157} INFO - Started process (PID=5798) to work on /opt/airflow/dags/3_ETL_mysql_postgresql_dag/ELT_dag.py
[2023-08-25T09:28:08.886+0000] {processor.py:829} INFO - Processing file /opt/airflow/dags/3_ETL_mysql_postgresql_dag/ELT_dag.py for tasks to queue
[2023-08-25T09:28:08.888+0000] {logging_mixin.py:151} INFO - [2023-08-25T09:28:08.887+0000] {dagbag.py:539} INFO - Filling up the DagBag from /opt/airflow/dags/3_ETL_mysql_postgresql_dag/ELT_dag.py
[2023-08-25T09:28:08.900+0000] {processor.py:839} INFO - DAG(s) dict_keys(['ELT_analytics_video_games']) retrieved from /opt/airflow/dags/3_ETL_mysql_postgresql_dag/ELT_dag.py
[2023-08-25T09:28:08.924+0000] {logging_mixin.py:151} INFO - [2023-08-25T09:28:08.924+0000] {dag.py:2907} INFO - Sync 1 DAGs
[2023-08-25T09:28:08.938+0000] {logging_mixin.py:151} INFO - [2023-08-25T09:28:08.938+0000] {dag.py:3677} INFO - Setting next_dagrun for ELT_analytics_video_games to 2023-08-24T00:00:00+00:00, run_after=2023-08-25T00:00:00+00:00
[2023-08-25T09:28:08.951+0000] {processor.py:179} INFO - Processing /opt/airflow/dags/3_ETL_mysql_postgresql_dag/ELT_dag.py took 0.069 seconds
[2023-08-25T09:28:39.627+0000] {processor.py:157} INFO - Started process (PID=5814) to work on /opt/airflow/dags/3_ETL_mysql_postgresql_dag/ELT_dag.py
[2023-08-25T09:28:39.628+0000] {processor.py:829} INFO - Processing file /opt/airflow/dags/3_ETL_mysql_postgresql_dag/ELT_dag.py for tasks to queue
[2023-08-25T09:28:39.629+0000] {logging_mixin.py:151} INFO - [2023-08-25T09:28:39.628+0000] {dagbag.py:539} INFO - Filling up the DagBag from /opt/airflow/dags/3_ETL_mysql_postgresql_dag/ELT_dag.py
[2023-08-25T09:28:39.638+0000] {processor.py:839} INFO - DAG(s) dict_keys(['ELT_analytics_video_games']) retrieved from /opt/airflow/dags/3_ETL_mysql_postgresql_dag/ELT_dag.py
[2023-08-25T09:28:39.659+0000] {logging_mixin.py:151} INFO - [2023-08-25T09:28:39.659+0000] {dag.py:2907} INFO - Sync 1 DAGs
[2023-08-25T09:28:39.672+0000] {logging_mixin.py:151} INFO - [2023-08-25T09:28:39.672+0000] {dag.py:3677} INFO - Setting next_dagrun for ELT_analytics_video_games to 2023-08-24T00:00:00+00:00, run_after=2023-08-25T00:00:00+00:00
[2023-08-25T09:28:39.682+0000] {processor.py:179} INFO - Processing /opt/airflow/dags/3_ETL_mysql_postgresql_dag/ELT_dag.py took 0.058 seconds
[2023-08-25T09:29:10.400+0000] {processor.py:157} INFO - Started process (PID=5830) to work on /opt/airflow/dags/3_ETL_mysql_postgresql_dag/ELT_dag.py
[2023-08-25T09:29:10.401+0000] {processor.py:829} INFO - Processing file /opt/airflow/dags/3_ETL_mysql_postgresql_dag/ELT_dag.py for tasks to queue
[2023-08-25T09:29:10.402+0000] {logging_mixin.py:151} INFO - [2023-08-25T09:29:10.402+0000] {dagbag.py:539} INFO - Filling up the DagBag from /opt/airflow/dags/3_ETL_mysql_postgresql_dag/ELT_dag.py
[2023-08-25T09:29:10.413+0000] {processor.py:839} INFO - DAG(s) dict_keys(['ELT_analytics_video_games']) retrieved from /opt/airflow/dags/3_ETL_mysql_postgresql_dag/ELT_dag.py
[2023-08-25T09:29:10.436+0000] {logging_mixin.py:151} INFO - [2023-08-25T09:29:10.436+0000] {dag.py:2907} INFO - Sync 1 DAGs
[2023-08-25T09:29:10.449+0000] {logging_mixin.py:151} INFO - [2023-08-25T09:29:10.449+0000] {dag.py:3677} INFO - Setting next_dagrun for ELT_analytics_video_games to 2023-08-24T00:00:00+00:00, run_after=2023-08-25T00:00:00+00:00
[2023-08-25T09:29:10.459+0000] {processor.py:179} INFO - Processing /opt/airflow/dags/3_ETL_mysql_postgresql_dag/ELT_dag.py took 0.062 seconds
[2023-08-25T09:29:41.202+0000] {processor.py:157} INFO - Started process (PID=5846) to work on /opt/airflow/dags/3_ETL_mysql_postgresql_dag/ELT_dag.py
[2023-08-25T09:29:41.203+0000] {processor.py:829} INFO - Processing file /opt/airflow/dags/3_ETL_mysql_postgresql_dag/ELT_dag.py for tasks to queue
[2023-08-25T09:29:41.204+0000] {logging_mixin.py:151} INFO - [2023-08-25T09:29:41.203+0000] {dagbag.py:539} INFO - Filling up the DagBag from /opt/airflow/dags/3_ETL_mysql_postgresql_dag/ELT_dag.py
[2023-08-25T09:29:41.214+0000] {processor.py:839} INFO - DAG(s) dict_keys(['ELT_analytics_video_games']) retrieved from /opt/airflow/dags/3_ETL_mysql_postgresql_dag/ELT_dag.py
[2023-08-25T09:29:41.235+0000] {logging_mixin.py:151} INFO - [2023-08-25T09:29:41.235+0000] {dag.py:2907} INFO - Sync 1 DAGs
[2023-08-25T09:29:41.247+0000] {logging_mixin.py:151} INFO - [2023-08-25T09:29:41.247+0000] {dag.py:3677} INFO - Setting next_dagrun for ELT_analytics_video_games to 2023-08-24T00:00:00+00:00, run_after=2023-08-25T00:00:00+00:00
[2023-08-25T09:29:41.257+0000] {processor.py:179} INFO - Processing /opt/airflow/dags/3_ETL_mysql_postgresql_dag/ELT_dag.py took 0.058 seconds
[2023-08-25T09:30:11.970+0000] {processor.py:157} INFO - Started process (PID=5862) to work on /opt/airflow/dags/3_ETL_mysql_postgresql_dag/ELT_dag.py
[2023-08-25T09:30:11.971+0000] {processor.py:829} INFO - Processing file /opt/airflow/dags/3_ETL_mysql_postgresql_dag/ELT_dag.py for tasks to queue
[2023-08-25T09:30:11.972+0000] {logging_mixin.py:151} INFO - [2023-08-25T09:30:11.971+0000] {dagbag.py:539} INFO - Filling up the DagBag from /opt/airflow/dags/3_ETL_mysql_postgresql_dag/ELT_dag.py
[2023-08-25T09:30:11.982+0000] {processor.py:839} INFO - DAG(s) dict_keys(['ELT_analytics_video_games']) retrieved from /opt/airflow/dags/3_ETL_mysql_postgresql_dag/ELT_dag.py
[2023-08-25T09:30:12.002+0000] {logging_mixin.py:151} INFO - [2023-08-25T09:30:12.002+0000] {dag.py:2907} INFO - Sync 1 DAGs
[2023-08-25T09:30:12.014+0000] {logging_mixin.py:151} INFO - [2023-08-25T09:30:12.014+0000] {dag.py:3677} INFO - Setting next_dagrun for ELT_analytics_video_games to 2023-08-24T00:00:00+00:00, run_after=2023-08-25T00:00:00+00:00
[2023-08-25T09:30:12.026+0000] {processor.py:179} INFO - Processing /opt/airflow/dags/3_ETL_mysql_postgresql_dag/ELT_dag.py took 0.059 seconds
[2023-08-25T09:30:42.797+0000] {processor.py:157} INFO - Started process (PID=5878) to work on /opt/airflow/dags/3_ETL_mysql_postgresql_dag/ELT_dag.py
[2023-08-25T09:30:42.798+0000] {processor.py:829} INFO - Processing file /opt/airflow/dags/3_ETL_mysql_postgresql_dag/ELT_dag.py for tasks to queue
[2023-08-25T09:30:42.799+0000] {logging_mixin.py:151} INFO - [2023-08-25T09:30:42.799+0000] {dagbag.py:539} INFO - Filling up the DagBag from /opt/airflow/dags/3_ETL_mysql_postgresql_dag/ELT_dag.py
[2023-08-25T09:30:42.810+0000] {processor.py:839} INFO - DAG(s) dict_keys(['ELT_analytics_video_games']) retrieved from /opt/airflow/dags/3_ETL_mysql_postgresql_dag/ELT_dag.py
[2023-08-25T09:30:42.831+0000] {logging_mixin.py:151} INFO - [2023-08-25T09:30:42.831+0000] {dag.py:2907} INFO - Sync 1 DAGs
[2023-08-25T09:30:42.843+0000] {logging_mixin.py:151} INFO - [2023-08-25T09:30:42.843+0000] {dag.py:3677} INFO - Setting next_dagrun for ELT_analytics_video_games to 2023-08-24T00:00:00+00:00, run_after=2023-08-25T00:00:00+00:00
[2023-08-25T09:30:42.854+0000] {processor.py:179} INFO - Processing /opt/airflow/dags/3_ETL_mysql_postgresql_dag/ELT_dag.py took 0.060 seconds
[2023-08-25T09:31:13.489+0000] {processor.py:157} INFO - Started process (PID=5894) to work on /opt/airflow/dags/3_ETL_mysql_postgresql_dag/ELT_dag.py
[2023-08-25T09:31:13.490+0000] {processor.py:829} INFO - Processing file /opt/airflow/dags/3_ETL_mysql_postgresql_dag/ELT_dag.py for tasks to queue
[2023-08-25T09:31:13.491+0000] {logging_mixin.py:151} INFO - [2023-08-25T09:31:13.491+0000] {dagbag.py:539} INFO - Filling up the DagBag from /opt/airflow/dags/3_ETL_mysql_postgresql_dag/ELT_dag.py
[2023-08-25T09:31:13.501+0000] {processor.py:839} INFO - DAG(s) dict_keys(['ELT_analytics_video_games']) retrieved from /opt/airflow/dags/3_ETL_mysql_postgresql_dag/ELT_dag.py
[2023-08-25T09:31:13.523+0000] {logging_mixin.py:151} INFO - [2023-08-25T09:31:13.523+0000] {dag.py:2907} INFO - Sync 1 DAGs
[2023-08-25T09:31:13.537+0000] {logging_mixin.py:151} INFO - [2023-08-25T09:31:13.537+0000] {dag.py:3677} INFO - Setting next_dagrun for ELT_analytics_video_games to 2023-08-24T00:00:00+00:00, run_after=2023-08-25T00:00:00+00:00
[2023-08-25T09:31:13.547+0000] {processor.py:179} INFO - Processing /opt/airflow/dags/3_ETL_mysql_postgresql_dag/ELT_dag.py took 0.061 seconds
[2023-08-25T09:31:44.306+0000] {processor.py:157} INFO - Started process (PID=5910) to work on /opt/airflow/dags/3_ETL_mysql_postgresql_dag/ELT_dag.py
[2023-08-25T09:31:44.307+0000] {processor.py:829} INFO - Processing file /opt/airflow/dags/3_ETL_mysql_postgresql_dag/ELT_dag.py for tasks to queue
[2023-08-25T09:31:44.308+0000] {logging_mixin.py:151} INFO - [2023-08-25T09:31:44.308+0000] {dagbag.py:539} INFO - Filling up the DagBag from /opt/airflow/dags/3_ETL_mysql_postgresql_dag/ELT_dag.py
[2023-08-25T09:31:44.319+0000] {processor.py:839} INFO - DAG(s) dict_keys(['ELT_analytics_video_games']) retrieved from /opt/airflow/dags/3_ETL_mysql_postgresql_dag/ELT_dag.py
[2023-08-25T09:31:44.343+0000] {logging_mixin.py:151} INFO - [2023-08-25T09:31:44.342+0000] {dag.py:2907} INFO - Sync 1 DAGs
[2023-08-25T09:31:44.356+0000] {logging_mixin.py:151} INFO - [2023-08-25T09:31:44.355+0000] {dag.py:3677} INFO - Setting next_dagrun for ELT_analytics_video_games to 2023-08-24T00:00:00+00:00, run_after=2023-08-25T00:00:00+00:00
[2023-08-25T09:31:44.366+0000] {processor.py:179} INFO - Processing /opt/airflow/dags/3_ETL_mysql_postgresql_dag/ELT_dag.py took 0.063 seconds
[2023-08-25T09:32:15.079+0000] {processor.py:157} INFO - Started process (PID=5926) to work on /opt/airflow/dags/3_ETL_mysql_postgresql_dag/ELT_dag.py
[2023-08-25T09:32:15.081+0000] {processor.py:829} INFO - Processing file /opt/airflow/dags/3_ETL_mysql_postgresql_dag/ELT_dag.py for tasks to queue
[2023-08-25T09:32:15.082+0000] {logging_mixin.py:151} INFO - [2023-08-25T09:32:15.081+0000] {dagbag.py:539} INFO - Filling up the DagBag from /opt/airflow/dags/3_ETL_mysql_postgresql_dag/ELT_dag.py
[2023-08-25T09:32:15.091+0000] {processor.py:839} INFO - DAG(s) dict_keys(['ELT_analytics_video_games']) retrieved from /opt/airflow/dags/3_ETL_mysql_postgresql_dag/ELT_dag.py
[2023-08-25T09:32:15.113+0000] {logging_mixin.py:151} INFO - [2023-08-25T09:32:15.113+0000] {dag.py:2907} INFO - Sync 1 DAGs
[2023-08-25T09:32:15.125+0000] {logging_mixin.py:151} INFO - [2023-08-25T09:32:15.125+0000] {dag.py:3677} INFO - Setting next_dagrun for ELT_analytics_video_games to 2023-08-24T00:00:00+00:00, run_after=2023-08-25T00:00:00+00:00
[2023-08-25T09:32:15.135+0000] {processor.py:179} INFO - Processing /opt/airflow/dags/3_ETL_mysql_postgresql_dag/ELT_dag.py took 0.059 seconds
[2023-08-25T09:32:45.830+0000] {processor.py:157} INFO - Started process (PID=5942) to work on /opt/airflow/dags/3_ETL_mysql_postgresql_dag/ELT_dag.py
[2023-08-25T09:32:45.832+0000] {processor.py:829} INFO - Processing file /opt/airflow/dags/3_ETL_mysql_postgresql_dag/ELT_dag.py for tasks to queue
[2023-08-25T09:32:45.832+0000] {logging_mixin.py:151} INFO - [2023-08-25T09:32:45.832+0000] {dagbag.py:539} INFO - Filling up the DagBag from /opt/airflow/dags/3_ETL_mysql_postgresql_dag/ELT_dag.py
[2023-08-25T09:32:45.844+0000] {processor.py:839} INFO - DAG(s) dict_keys(['ELT_analytics_video_games']) retrieved from /opt/airflow/dags/3_ETL_mysql_postgresql_dag/ELT_dag.py
[2023-08-25T09:32:45.867+0000] {logging_mixin.py:151} INFO - [2023-08-25T09:32:45.867+0000] {dag.py:2907} INFO - Sync 1 DAGs
[2023-08-25T09:32:45.880+0000] {logging_mixin.py:151} INFO - [2023-08-25T09:32:45.880+0000] {dag.py:3677} INFO - Setting next_dagrun for ELT_analytics_video_games to 2023-08-24T00:00:00+00:00, run_after=2023-08-25T00:00:00+00:00
[2023-08-25T09:32:45.890+0000] {processor.py:179} INFO - Processing /opt/airflow/dags/3_ETL_mysql_postgresql_dag/ELT_dag.py took 0.063 seconds
[2023-08-25T09:33:16.647+0000] {processor.py:157} INFO - Started process (PID=5958) to work on /opt/airflow/dags/3_ETL_mysql_postgresql_dag/ELT_dag.py
[2023-08-25T09:33:16.648+0000] {processor.py:829} INFO - Processing file /opt/airflow/dags/3_ETL_mysql_postgresql_dag/ELT_dag.py for tasks to queue
[2023-08-25T09:33:16.650+0000] {logging_mixin.py:151} INFO - [2023-08-25T09:33:16.649+0000] {dagbag.py:539} INFO - Filling up the DagBag from /opt/airflow/dags/3_ETL_mysql_postgresql_dag/ELT_dag.py
[2023-08-25T09:33:16.667+0000] {processor.py:839} INFO - DAG(s) dict_keys(['ELT_analytics_video_games']) retrieved from /opt/airflow/dags/3_ETL_mysql_postgresql_dag/ELT_dag.py
[2023-08-25T09:33:16.693+0000] {logging_mixin.py:151} INFO - [2023-08-25T09:33:16.693+0000] {dag.py:2907} INFO - Sync 1 DAGs
[2023-08-25T09:33:16.707+0000] {logging_mixin.py:151} INFO - [2023-08-25T09:33:16.707+0000] {dag.py:3677} INFO - Setting next_dagrun for ELT_analytics_video_games to 2023-08-24T00:00:00+00:00, run_after=2023-08-25T00:00:00+00:00
[2023-08-25T09:33:16.719+0000] {processor.py:179} INFO - Processing /opt/airflow/dags/3_ETL_mysql_postgresql_dag/ELT_dag.py took 0.076 seconds
[2023-08-25T09:33:47.361+0000] {processor.py:157} INFO - Started process (PID=5985) to work on /opt/airflow/dags/3_ETL_mysql_postgresql_dag/ELT_dag.py
[2023-08-25T09:33:47.363+0000] {processor.py:829} INFO - Processing file /opt/airflow/dags/3_ETL_mysql_postgresql_dag/ELT_dag.py for tasks to queue
[2023-08-25T09:33:47.364+0000] {logging_mixin.py:151} INFO - [2023-08-25T09:33:47.363+0000] {dagbag.py:539} INFO - Filling up the DagBag from /opt/airflow/dags/3_ETL_mysql_postgresql_dag/ELT_dag.py
[2023-08-25T09:33:47.374+0000] {processor.py:839} INFO - DAG(s) dict_keys(['ELT_analytics_video_games']) retrieved from /opt/airflow/dags/3_ETL_mysql_postgresql_dag/ELT_dag.py
[2023-08-25T09:33:47.396+0000] {logging_mixin.py:151} INFO - [2023-08-25T09:33:47.396+0000] {dag.py:2907} INFO - Sync 1 DAGs
[2023-08-25T09:33:47.409+0000] {logging_mixin.py:151} INFO - [2023-08-25T09:33:47.409+0000] {dag.py:3677} INFO - Setting next_dagrun for ELT_analytics_video_games to 2023-08-24T00:00:00+00:00, run_after=2023-08-25T00:00:00+00:00
[2023-08-25T09:33:47.419+0000] {processor.py:179} INFO - Processing /opt/airflow/dags/3_ETL_mysql_postgresql_dag/ELT_dag.py took 0.061 seconds
[2023-08-25T09:34:18.164+0000] {processor.py:157} INFO - Started process (PID=6001) to work on /opt/airflow/dags/3_ETL_mysql_postgresql_dag/ELT_dag.py
[2023-08-25T09:34:18.165+0000] {processor.py:829} INFO - Processing file /opt/airflow/dags/3_ETL_mysql_postgresql_dag/ELT_dag.py for tasks to queue
[2023-08-25T09:34:18.166+0000] {logging_mixin.py:151} INFO - [2023-08-25T09:34:18.166+0000] {dagbag.py:539} INFO - Filling up the DagBag from /opt/airflow/dags/3_ETL_mysql_postgresql_dag/ELT_dag.py
[2023-08-25T09:34:18.176+0000] {processor.py:839} INFO - DAG(s) dict_keys(['ELT_analytics_video_games']) retrieved from /opt/airflow/dags/3_ETL_mysql_postgresql_dag/ELT_dag.py
[2023-08-25T09:34:18.197+0000] {logging_mixin.py:151} INFO - [2023-08-25T09:34:18.197+0000] {dag.py:2907} INFO - Sync 1 DAGs
[2023-08-25T09:34:18.210+0000] {logging_mixin.py:151} INFO - [2023-08-25T09:34:18.210+0000] {dag.py:3677} INFO - Setting next_dagrun for ELT_analytics_video_games to 2023-08-24T00:00:00+00:00, run_after=2023-08-25T00:00:00+00:00
[2023-08-25T09:34:18.220+0000] {processor.py:179} INFO - Processing /opt/airflow/dags/3_ETL_mysql_postgresql_dag/ELT_dag.py took 0.060 seconds
[2023-08-25T09:34:48.938+0000] {processor.py:157} INFO - Started process (PID=6017) to work on /opt/airflow/dags/3_ETL_mysql_postgresql_dag/ELT_dag.py
[2023-08-25T09:34:48.940+0000] {processor.py:829} INFO - Processing file /opt/airflow/dags/3_ETL_mysql_postgresql_dag/ELT_dag.py for tasks to queue
[2023-08-25T09:34:48.941+0000] {logging_mixin.py:151} INFO - [2023-08-25T09:34:48.941+0000] {dagbag.py:539} INFO - Filling up the DagBag from /opt/airflow/dags/3_ETL_mysql_postgresql_dag/ELT_dag.py
[2023-08-25T09:34:48.952+0000] {processor.py:839} INFO - DAG(s) dict_keys(['ELT_analytics_video_games']) retrieved from /opt/airflow/dags/3_ETL_mysql_postgresql_dag/ELT_dag.py
[2023-08-25T09:34:48.975+0000] {logging_mixin.py:151} INFO - [2023-08-25T09:34:48.975+0000] {dag.py:2907} INFO - Sync 1 DAGs
[2023-08-25T09:34:48.991+0000] {logging_mixin.py:151} INFO - [2023-08-25T09:34:48.991+0000] {dag.py:3677} INFO - Setting next_dagrun for ELT_analytics_video_games to 2023-08-24T00:00:00+00:00, run_after=2023-08-25T00:00:00+00:00
[2023-08-25T09:34:49.003+0000] {processor.py:179} INFO - Processing /opt/airflow/dags/3_ETL_mysql_postgresql_dag/ELT_dag.py took 0.067 seconds
[2023-08-25T09:35:19.735+0000] {processor.py:157} INFO - Started process (PID=6033) to work on /opt/airflow/dags/3_ETL_mysql_postgresql_dag/ELT_dag.py
[2023-08-25T09:35:19.736+0000] {processor.py:829} INFO - Processing file /opt/airflow/dags/3_ETL_mysql_postgresql_dag/ELT_dag.py for tasks to queue
[2023-08-25T09:35:19.737+0000] {logging_mixin.py:151} INFO - [2023-08-25T09:35:19.737+0000] {dagbag.py:539} INFO - Filling up the DagBag from /opt/airflow/dags/3_ETL_mysql_postgresql_dag/ELT_dag.py
[2023-08-25T09:35:19.748+0000] {processor.py:839} INFO - DAG(s) dict_keys(['ELT_analytics_video_games']) retrieved from /opt/airflow/dags/3_ETL_mysql_postgresql_dag/ELT_dag.py
[2023-08-25T09:35:19.769+0000] {logging_mixin.py:151} INFO - [2023-08-25T09:35:19.769+0000] {dag.py:2907} INFO - Sync 1 DAGs
[2023-08-25T09:35:19.781+0000] {logging_mixin.py:151} INFO - [2023-08-25T09:35:19.780+0000] {dag.py:3677} INFO - Setting next_dagrun for ELT_analytics_video_games to 2023-08-24T00:00:00+00:00, run_after=2023-08-25T00:00:00+00:00
[2023-08-25T09:35:19.791+0000] {processor.py:179} INFO - Processing /opt/airflow/dags/3_ETL_mysql_postgresql_dag/ELT_dag.py took 0.058 seconds
[2023-08-25T09:35:50.447+0000] {processor.py:157} INFO - Started process (PID=6049) to work on /opt/airflow/dags/3_ETL_mysql_postgresql_dag/ELT_dag.py
[2023-08-25T09:35:50.448+0000] {processor.py:829} INFO - Processing file /opt/airflow/dags/3_ETL_mysql_postgresql_dag/ELT_dag.py for tasks to queue
[2023-08-25T09:35:50.449+0000] {logging_mixin.py:151} INFO - [2023-08-25T09:35:50.448+0000] {dagbag.py:539} INFO - Filling up the DagBag from /opt/airflow/dags/3_ETL_mysql_postgresql_dag/ELT_dag.py
[2023-08-25T09:35:50.459+0000] {processor.py:839} INFO - DAG(s) dict_keys(['ELT_analytics_video_games']) retrieved from /opt/airflow/dags/3_ETL_mysql_postgresql_dag/ELT_dag.py
[2023-08-25T09:35:50.480+0000] {logging_mixin.py:151} INFO - [2023-08-25T09:35:50.480+0000] {dag.py:2907} INFO - Sync 1 DAGs
[2023-08-25T09:35:50.493+0000] {logging_mixin.py:151} INFO - [2023-08-25T09:35:50.493+0000] {dag.py:3677} INFO - Setting next_dagrun for ELT_analytics_video_games to 2023-08-24T00:00:00+00:00, run_after=2023-08-25T00:00:00+00:00
[2023-08-25T09:35:50.502+0000] {processor.py:179} INFO - Processing /opt/airflow/dags/3_ETL_mysql_postgresql_dag/ELT_dag.py took 0.059 seconds
[2023-08-25T09:36:21.165+0000] {processor.py:157} INFO - Started process (PID=6065) to work on /opt/airflow/dags/3_ETL_mysql_postgresql_dag/ELT_dag.py
[2023-08-25T09:36:21.166+0000] {processor.py:829} INFO - Processing file /opt/airflow/dags/3_ETL_mysql_postgresql_dag/ELT_dag.py for tasks to queue
[2023-08-25T09:36:21.167+0000] {logging_mixin.py:151} INFO - [2023-08-25T09:36:21.167+0000] {dagbag.py:539} INFO - Filling up the DagBag from /opt/airflow/dags/3_ETL_mysql_postgresql_dag/ELT_dag.py
[2023-08-25T09:36:21.178+0000] {processor.py:839} INFO - DAG(s) dict_keys(['ELT_analytics_video_games']) retrieved from /opt/airflow/dags/3_ETL_mysql_postgresql_dag/ELT_dag.py
[2023-08-25T09:36:21.203+0000] {logging_mixin.py:151} INFO - [2023-08-25T09:36:21.203+0000] {dag.py:2907} INFO - Sync 1 DAGs
[2023-08-25T09:36:21.221+0000] {logging_mixin.py:151} INFO - [2023-08-25T09:36:21.221+0000] {dag.py:3677} INFO - Setting next_dagrun for ELT_analytics_video_games to 2023-08-24T00:00:00+00:00, run_after=2023-08-25T00:00:00+00:00
[2023-08-25T09:36:21.232+0000] {processor.py:179} INFO - Processing /opt/airflow/dags/3_ETL_mysql_postgresql_dag/ELT_dag.py took 0.070 seconds
[2023-08-25T09:36:51.880+0000] {processor.py:157} INFO - Started process (PID=6081) to work on /opt/airflow/dags/3_ETL_mysql_postgresql_dag/ELT_dag.py
[2023-08-25T09:36:51.881+0000] {processor.py:829} INFO - Processing file /opt/airflow/dags/3_ETL_mysql_postgresql_dag/ELT_dag.py for tasks to queue
[2023-08-25T09:36:51.882+0000] {logging_mixin.py:151} INFO - [2023-08-25T09:36:51.882+0000] {dagbag.py:539} INFO - Filling up the DagBag from /opt/airflow/dags/3_ETL_mysql_postgresql_dag/ELT_dag.py
[2023-08-25T09:36:51.891+0000] {processor.py:839} INFO - DAG(s) dict_keys(['ELT_analytics_video_games']) retrieved from /opt/airflow/dags/3_ETL_mysql_postgresql_dag/ELT_dag.py
[2023-08-25T09:36:51.913+0000] {logging_mixin.py:151} INFO - [2023-08-25T09:36:51.913+0000] {dag.py:2907} INFO - Sync 1 DAGs
[2023-08-25T09:36:51.926+0000] {logging_mixin.py:151} INFO - [2023-08-25T09:36:51.926+0000] {dag.py:3677} INFO - Setting next_dagrun for ELT_analytics_video_games to 2023-08-24T00:00:00+00:00, run_after=2023-08-25T00:00:00+00:00
[2023-08-25T09:36:51.936+0000] {processor.py:179} INFO - Processing /opt/airflow/dags/3_ETL_mysql_postgresql_dag/ELT_dag.py took 0.059 seconds
[2023-08-25T09:37:22.778+0000] {processor.py:157} INFO - Started process (PID=6097) to work on /opt/airflow/dags/3_ETL_mysql_postgresql_dag/ELT_dag.py
[2023-08-25T09:37:22.780+0000] {processor.py:829} INFO - Processing file /opt/airflow/dags/3_ETL_mysql_postgresql_dag/ELT_dag.py for tasks to queue
[2023-08-25T09:37:22.781+0000] {logging_mixin.py:151} INFO - [2023-08-25T09:37:22.780+0000] {dagbag.py:539} INFO - Filling up the DagBag from /opt/airflow/dags/3_ETL_mysql_postgresql_dag/ELT_dag.py
[2023-08-25T09:37:22.791+0000] {processor.py:839} INFO - DAG(s) dict_keys(['ELT_analytics_video_games']) retrieved from /opt/airflow/dags/3_ETL_mysql_postgresql_dag/ELT_dag.py
[2023-08-25T09:37:22.814+0000] {logging_mixin.py:151} INFO - [2023-08-25T09:37:22.813+0000] {dag.py:2907} INFO - Sync 1 DAGs
[2023-08-25T09:37:22.827+0000] {logging_mixin.py:151} INFO - [2023-08-25T09:37:22.827+0000] {dag.py:3677} INFO - Setting next_dagrun for ELT_analytics_video_games to 2023-08-24T00:00:00+00:00, run_after=2023-08-25T00:00:00+00:00
[2023-08-25T09:37:22.837+0000] {processor.py:179} INFO - Processing /opt/airflow/dags/3_ETL_mysql_postgresql_dag/ELT_dag.py took 0.061 seconds
[2023-08-25T09:37:53.570+0000] {processor.py:157} INFO - Started process (PID=6113) to work on /opt/airflow/dags/3_ETL_mysql_postgresql_dag/ELT_dag.py
[2023-08-25T09:37:53.571+0000] {processor.py:829} INFO - Processing file /opt/airflow/dags/3_ETL_mysql_postgresql_dag/ELT_dag.py for tasks to queue
[2023-08-25T09:37:53.573+0000] {logging_mixin.py:151} INFO - [2023-08-25T09:37:53.572+0000] {dagbag.py:539} INFO - Filling up the DagBag from /opt/airflow/dags/3_ETL_mysql_postgresql_dag/ELT_dag.py
[2023-08-25T09:37:53.583+0000] {processor.py:839} INFO - DAG(s) dict_keys(['ELT_analytics_video_games']) retrieved from /opt/airflow/dags/3_ETL_mysql_postgresql_dag/ELT_dag.py
[2023-08-25T09:37:53.606+0000] {logging_mixin.py:151} INFO - [2023-08-25T09:37:53.606+0000] {dag.py:2907} INFO - Sync 1 DAGs
[2023-08-25T09:37:53.620+0000] {logging_mixin.py:151} INFO - [2023-08-25T09:37:53.620+0000] {dag.py:3677} INFO - Setting next_dagrun for ELT_analytics_video_games to 2023-08-24T00:00:00+00:00, run_after=2023-08-25T00:00:00+00:00
[2023-08-25T09:37:53.630+0000] {processor.py:179} INFO - Processing /opt/airflow/dags/3_ETL_mysql_postgresql_dag/ELT_dag.py took 0.064 seconds
[2023-08-25T09:38:24.330+0000] {processor.py:157} INFO - Started process (PID=6136) to work on /opt/airflow/dags/3_ETL_mysql_postgresql_dag/ELT_dag.py
[2023-08-25T09:38:24.331+0000] {processor.py:829} INFO - Processing file /opt/airflow/dags/3_ETL_mysql_postgresql_dag/ELT_dag.py for tasks to queue
[2023-08-25T09:38:24.332+0000] {logging_mixin.py:151} INFO - [2023-08-25T09:38:24.332+0000] {dagbag.py:539} INFO - Filling up the DagBag from /opt/airflow/dags/3_ETL_mysql_postgresql_dag/ELT_dag.py
[2023-08-25T09:38:24.343+0000] {processor.py:839} INFO - DAG(s) dict_keys(['ELT_analytics_video_games']) retrieved from /opt/airflow/dags/3_ETL_mysql_postgresql_dag/ELT_dag.py
[2023-08-25T09:38:24.365+0000] {logging_mixin.py:151} INFO - [2023-08-25T09:38:24.365+0000] {dag.py:2907} INFO - Sync 1 DAGs
[2023-08-25T09:38:24.379+0000] {logging_mixin.py:151} INFO - [2023-08-25T09:38:24.379+0000] {dag.py:3677} INFO - Setting next_dagrun for ELT_analytics_video_games to 2023-08-24T00:00:00+00:00, run_after=2023-08-25T00:00:00+00:00
[2023-08-25T09:38:24.390+0000] {processor.py:179} INFO - Processing /opt/airflow/dags/3_ETL_mysql_postgresql_dag/ELT_dag.py took 0.063 seconds
[2023-08-25T09:38:55.012+0000] {processor.py:157} INFO - Started process (PID=6151) to work on /opt/airflow/dags/3_ETL_mysql_postgresql_dag/ELT_dag.py
[2023-08-25T09:38:55.013+0000] {processor.py:829} INFO - Processing file /opt/airflow/dags/3_ETL_mysql_postgresql_dag/ELT_dag.py for tasks to queue
[2023-08-25T09:38:55.014+0000] {logging_mixin.py:151} INFO - [2023-08-25T09:38:55.014+0000] {dagbag.py:539} INFO - Filling up the DagBag from /opt/airflow/dags/3_ETL_mysql_postgresql_dag/ELT_dag.py
[2023-08-25T09:38:55.024+0000] {processor.py:839} INFO - DAG(s) dict_keys(['ELT_analytics_video_games']) retrieved from /opt/airflow/dags/3_ETL_mysql_postgresql_dag/ELT_dag.py
[2023-08-25T09:38:55.046+0000] {logging_mixin.py:151} INFO - [2023-08-25T09:38:55.046+0000] {dag.py:2907} INFO - Sync 1 DAGs
[2023-08-25T09:38:55.058+0000] {logging_mixin.py:151} INFO - [2023-08-25T09:38:55.058+0000] {dag.py:3677} INFO - Setting next_dagrun for ELT_analytics_video_games to 2023-08-24T00:00:00+00:00, run_after=2023-08-25T00:00:00+00:00
[2023-08-25T09:38:55.069+0000] {processor.py:179} INFO - Processing /opt/airflow/dags/3_ETL_mysql_postgresql_dag/ELT_dag.py took 0.060 seconds
[2023-08-25T09:39:25.725+0000] {processor.py:157} INFO - Started process (PID=6167) to work on /opt/airflow/dags/3_ETL_mysql_postgresql_dag/ELT_dag.py
[2023-08-25T09:39:25.727+0000] {processor.py:829} INFO - Processing file /opt/airflow/dags/3_ETL_mysql_postgresql_dag/ELT_dag.py for tasks to queue
[2023-08-25T09:39:25.728+0000] {logging_mixin.py:151} INFO - [2023-08-25T09:39:25.728+0000] {dagbag.py:539} INFO - Filling up the DagBag from /opt/airflow/dags/3_ETL_mysql_postgresql_dag/ELT_dag.py
[2023-08-25T09:39:25.742+0000] {processor.py:839} INFO - DAG(s) dict_keys(['ELT_analytics_video_games']) retrieved from /opt/airflow/dags/3_ETL_mysql_postgresql_dag/ELT_dag.py
[2023-08-25T09:39:25.768+0000] {logging_mixin.py:151} INFO - [2023-08-25T09:39:25.768+0000] {dag.py:2907} INFO - Sync 1 DAGs
[2023-08-25T09:39:25.782+0000] {logging_mixin.py:151} INFO - [2023-08-25T09:39:25.782+0000] {dag.py:3677} INFO - Setting next_dagrun for ELT_analytics_video_games to 2023-08-24T00:00:00+00:00, run_after=2023-08-25T00:00:00+00:00
[2023-08-25T09:39:25.794+0000] {processor.py:179} INFO - Processing /opt/airflow/dags/3_ETL_mysql_postgresql_dag/ELT_dag.py took 0.075 seconds
[2023-08-25T09:39:56.463+0000] {processor.py:157} INFO - Started process (PID=6183) to work on /opt/airflow/dags/3_ETL_mysql_postgresql_dag/ELT_dag.py
[2023-08-25T09:39:56.464+0000] {processor.py:829} INFO - Processing file /opt/airflow/dags/3_ETL_mysql_postgresql_dag/ELT_dag.py for tasks to queue
[2023-08-25T09:39:56.465+0000] {logging_mixin.py:151} INFO - [2023-08-25T09:39:56.465+0000] {dagbag.py:539} INFO - Filling up the DagBag from /opt/airflow/dags/3_ETL_mysql_postgresql_dag/ELT_dag.py
[2023-08-25T09:39:56.477+0000] {processor.py:839} INFO - DAG(s) dict_keys(['ELT_analytics_video_games']) retrieved from /opt/airflow/dags/3_ETL_mysql_postgresql_dag/ELT_dag.py
[2023-08-25T09:39:56.502+0000] {logging_mixin.py:151} INFO - [2023-08-25T09:39:56.502+0000] {dag.py:2907} INFO - Sync 1 DAGs
[2023-08-25T09:39:56.516+0000] {logging_mixin.py:151} INFO - [2023-08-25T09:39:56.516+0000] {dag.py:3677} INFO - Setting next_dagrun for ELT_analytics_video_games to 2023-08-24T00:00:00+00:00, run_after=2023-08-25T00:00:00+00:00
[2023-08-25T09:39:56.527+0000] {processor.py:179} INFO - Processing /opt/airflow/dags/3_ETL_mysql_postgresql_dag/ELT_dag.py took 0.067 seconds
[2023-08-25T09:40:27.235+0000] {processor.py:157} INFO - Started process (PID=6199) to work on /opt/airflow/dags/3_ETL_mysql_postgresql_dag/ELT_dag.py
[2023-08-25T09:40:27.236+0000] {processor.py:829} INFO - Processing file /opt/airflow/dags/3_ETL_mysql_postgresql_dag/ELT_dag.py for tasks to queue
[2023-08-25T09:40:27.237+0000] {logging_mixin.py:151} INFO - [2023-08-25T09:40:27.236+0000] {dagbag.py:539} INFO - Filling up the DagBag from /opt/airflow/dags/3_ETL_mysql_postgresql_dag/ELT_dag.py
[2023-08-25T09:40:27.247+0000] {processor.py:839} INFO - DAG(s) dict_keys(['ELT_analytics_video_games']) retrieved from /opt/airflow/dags/3_ETL_mysql_postgresql_dag/ELT_dag.py
[2023-08-25T09:40:27.271+0000] {logging_mixin.py:151} INFO - [2023-08-25T09:40:27.271+0000] {dag.py:2907} INFO - Sync 1 DAGs
[2023-08-25T09:40:27.285+0000] {logging_mixin.py:151} INFO - [2023-08-25T09:40:27.284+0000] {dag.py:3677} INFO - Setting next_dagrun for ELT_analytics_video_games to 2023-08-24T00:00:00+00:00, run_after=2023-08-25T00:00:00+00:00
[2023-08-25T09:40:27.296+0000] {processor.py:179} INFO - Processing /opt/airflow/dags/3_ETL_mysql_postgresql_dag/ELT_dag.py took 0.065 seconds
[2023-08-25T09:40:58.123+0000] {processor.py:157} INFO - Started process (PID=6215) to work on /opt/airflow/dags/3_ETL_mysql_postgresql_dag/ELT_dag.py
[2023-08-25T09:40:58.124+0000] {processor.py:829} INFO - Processing file /opt/airflow/dags/3_ETL_mysql_postgresql_dag/ELT_dag.py for tasks to queue
[2023-08-25T09:40:58.125+0000] {logging_mixin.py:151} INFO - [2023-08-25T09:40:58.125+0000] {dagbag.py:539} INFO - Filling up the DagBag from /opt/airflow/dags/3_ETL_mysql_postgresql_dag/ELT_dag.py
[2023-08-25T09:40:58.136+0000] {processor.py:839} INFO - DAG(s) dict_keys(['ELT_analytics_video_games']) retrieved from /opt/airflow/dags/3_ETL_mysql_postgresql_dag/ELT_dag.py
[2023-08-25T09:40:58.157+0000] {logging_mixin.py:151} INFO - [2023-08-25T09:40:58.157+0000] {dag.py:2907} INFO - Sync 1 DAGs
[2023-08-25T09:40:58.170+0000] {logging_mixin.py:151} INFO - [2023-08-25T09:40:58.170+0000] {dag.py:3677} INFO - Setting next_dagrun for ELT_analytics_video_games to 2023-08-24T00:00:00+00:00, run_after=2023-08-25T00:00:00+00:00
[2023-08-25T09:40:58.180+0000] {processor.py:179} INFO - Processing /opt/airflow/dags/3_ETL_mysql_postgresql_dag/ELT_dag.py took 0.060 seconds
[2023-08-25T09:41:28.944+0000] {processor.py:157} INFO - Started process (PID=6231) to work on /opt/airflow/dags/3_ETL_mysql_postgresql_dag/ELT_dag.py
[2023-08-25T09:41:28.946+0000] {processor.py:829} INFO - Processing file /opt/airflow/dags/3_ETL_mysql_postgresql_dag/ELT_dag.py for tasks to queue
[2023-08-25T09:41:28.946+0000] {logging_mixin.py:151} INFO - [2023-08-25T09:41:28.946+0000] {dagbag.py:539} INFO - Filling up the DagBag from /opt/airflow/dags/3_ETL_mysql_postgresql_dag/ELT_dag.py
[2023-08-25T09:41:28.957+0000] {processor.py:839} INFO - DAG(s) dict_keys(['ELT_analytics_video_games']) retrieved from /opt/airflow/dags/3_ETL_mysql_postgresql_dag/ELT_dag.py
[2023-08-25T09:41:28.979+0000] {logging_mixin.py:151} INFO - [2023-08-25T09:41:28.979+0000] {dag.py:2907} INFO - Sync 1 DAGs
[2023-08-25T09:41:28.994+0000] {logging_mixin.py:151} INFO - [2023-08-25T09:41:28.994+0000] {dag.py:3677} INFO - Setting next_dagrun for ELT_analytics_video_games to 2023-08-24T00:00:00+00:00, run_after=2023-08-25T00:00:00+00:00
[2023-08-25T09:41:29.003+0000] {processor.py:179} INFO - Processing /opt/airflow/dags/3_ETL_mysql_postgresql_dag/ELT_dag.py took 0.062 seconds
