[2023-08-24T03:25:33.865+0000] {taskinstance.py:1159} INFO - Dependencies all met for dep_context=non-requeueable deps ti=<TaskInstance: your_first_dag.task1 scheduled__2023-08-23T00:00:00+00:00 [queued]>
[2023-08-24T03:25:33.872+0000] {taskinstance.py:1159} INFO - Dependencies all met for dep_context=requeueable deps ti=<TaskInstance: your_first_dag.task1 scheduled__2023-08-23T00:00:00+00:00 [queued]>
[2023-08-24T03:25:33.873+0000] {taskinstance.py:1361} INFO - Starting attempt 1 of 1
[2023-08-24T03:25:33.882+0000] {taskinstance.py:1382} INFO - Executing <Task(BashOperator): task1> on 2023-08-23 00:00:00+00:00
[2023-08-24T03:25:33.889+0000] {standard_task_runner.py:57} INFO - Started process 68 to run task
[2023-08-24T03:25:33.892+0000] {standard_task_runner.py:84} INFO - Running: ['***', 'tasks', 'run', 'your_first_dag', 'task1', 'scheduled__2023-08-23T00:00:00+00:00', '--job-id', '6', '--raw', '--subdir', 'DAGS_FOLDER/1_first_dag/first_dag.py', '--cfg-path', '/tmp/tmpuzpzb_oo']
[2023-08-24T03:25:33.894+0000] {standard_task_runner.py:85} INFO - Job 6: Subtask task1
[2023-08-24T03:25:33.941+0000] {task_command.py:415} INFO - Running <TaskInstance: your_first_dag.task1 scheduled__2023-08-23T00:00:00+00:00 [running]> on host 60ae1308fad5
[2023-08-24T03:25:34.000+0000] {taskinstance.py:1660} INFO - Exporting env vars: AIRFLOW_CTX_DAG_OWNER='Willis' AIRFLOW_CTX_DAG_ID='your_first_dag' AIRFLOW_CTX_TASK_ID='task1' AIRFLOW_CTX_EXECUTION_DATE='2023-08-23T00:00:00+00:00' AIRFLOW_CTX_TRY_NUMBER='1' AIRFLOW_CTX_DAG_RUN_ID='scheduled__2023-08-23T00:00:00+00:00'
[2023-08-24T03:25:34.001+0000] {subprocess.py:63} INFO - Tmp dir root location: /tmp
[2023-08-24T03:25:34.002+0000] {subprocess.py:75} INFO - Running command: ['/bin/bash', '-c', 'echo "Task 1"']
[2023-08-24T03:25:34.012+0000] {subprocess.py:86} INFO - Output:
[2023-08-24T03:25:34.014+0000] {subprocess.py:93} INFO - Task 1
[2023-08-24T03:25:34.015+0000] {subprocess.py:97} INFO - Command exited with return code 0
[2023-08-24T03:25:34.040+0000] {taskinstance.py:1400} INFO - Marking task as SUCCESS. dag_id=your_first_dag, task_id=task1, execution_date=20230823T000000, start_date=20230824T032533, end_date=20230824T032534
[2023-08-24T03:25:34.064+0000] {local_task_job_runner.py:228} INFO - Task exited with return code 0
[2023-08-24T03:25:34.084+0000] {taskinstance.py:2784} INFO - 2 downstream tasks scheduled from follow-on schedule check
[2023-08-24T04:58:28.387+0000] {taskinstance.py:1159} INFO - Dependencies all met for dep_context=non-requeueable deps ti=<TaskInstance: your_first_dag.task1 scheduled__2023-08-23T00:00:00+00:00 [queued]>
[2023-08-24T04:58:28.393+0000] {taskinstance.py:1159} INFO - Dependencies all met for dep_context=requeueable deps ti=<TaskInstance: your_first_dag.task1 scheduled__2023-08-23T00:00:00+00:00 [queued]>
[2023-08-24T04:58:28.394+0000] {taskinstance.py:1361} INFO - Starting attempt 1 of 1
[2023-08-24T04:58:28.401+0000] {taskinstance.py:1382} INFO - Executing <Task(BashOperator): task1> on 2023-08-23 00:00:00+00:00
[2023-08-24T04:58:28.404+0000] {standard_task_runner.py:57} INFO - Started process 116 to run task
[2023-08-24T04:58:28.407+0000] {standard_task_runner.py:84} INFO - Running: ['***', 'tasks', 'run', 'your_first_dag', 'task1', 'scheduled__2023-08-23T00:00:00+00:00', '--job-id', '3', '--raw', '--subdir', 'DAGS_FOLDER/1_first_dag/first_dag.py', '--cfg-path', '/tmp/tmp7oynvpic']
[2023-08-24T04:58:28.409+0000] {standard_task_runner.py:85} INFO - Job 3: Subtask task1
[2023-08-24T04:58:28.449+0000] {task_command.py:415} INFO - Running <TaskInstance: your_first_dag.task1 scheduled__2023-08-23T00:00:00+00:00 [running]> on host 4059ad9a5b0d
[2023-08-24T04:58:28.502+0000] {taskinstance.py:1660} INFO - Exporting env vars: AIRFLOW_CTX_DAG_OWNER='Willis' AIRFLOW_CTX_DAG_ID='your_first_dag' AIRFLOW_CTX_TASK_ID='task1' AIRFLOW_CTX_EXECUTION_DATE='2023-08-23T00:00:00+00:00' AIRFLOW_CTX_TRY_NUMBER='1' AIRFLOW_CTX_DAG_RUN_ID='scheduled__2023-08-23T00:00:00+00:00'
[2023-08-24T04:58:28.503+0000] {subprocess.py:63} INFO - Tmp dir root location: /tmp
[2023-08-24T04:58:28.504+0000] {subprocess.py:75} INFO - Running command: ['/bin/bash', '-c', 'echo "Task 1"']
[2023-08-24T04:58:28.514+0000] {subprocess.py:86} INFO - Output:
[2023-08-24T04:58:28.515+0000] {subprocess.py:93} INFO - Task 1
[2023-08-24T04:58:28.516+0000] {subprocess.py:97} INFO - Command exited with return code 0
[2023-08-24T04:58:28.539+0000] {taskinstance.py:1400} INFO - Marking task as SUCCESS. dag_id=your_first_dag, task_id=task1, execution_date=20230823T000000, start_date=20230824T045828, end_date=20230824T045828
[2023-08-24T04:58:28.579+0000] {local_task_job_runner.py:228} INFO - Task exited with return code 0
[2023-08-24T04:58:28.599+0000] {taskinstance.py:2784} INFO - 2 downstream tasks scheduled from follow-on schedule check
