[2023-08-24T03:25:37.032+0000] {taskinstance.py:1159} INFO - Dependencies all met for dep_context=non-requeueable deps ti=<TaskInstance: your_first_dag.Create_txt_file scheduled__2023-08-23T00:00:00+00:00 [queued]>
[2023-08-24T03:25:37.038+0000] {taskinstance.py:1159} INFO - Dependencies all met for dep_context=requeueable deps ti=<TaskInstance: your_first_dag.Create_txt_file scheduled__2023-08-23T00:00:00+00:00 [queued]>
[2023-08-24T03:25:37.039+0000] {taskinstance.py:1361} INFO - Starting attempt 1 of 1
[2023-08-24T03:25:37.045+0000] {taskinstance.py:1382} INFO - Executing <Task(BashOperator): Create_txt_file> on 2023-08-23 00:00:00+00:00
[2023-08-24T03:25:37.049+0000] {standard_task_runner.py:57} INFO - Started process 92 to run task
[2023-08-24T03:25:37.054+0000] {standard_task_runner.py:84} INFO - Running: ['***', 'tasks', 'run', 'your_first_dag', 'Create_txt_file', 'scheduled__2023-08-23T00:00:00+00:00', '--job-id', '14', '--raw', '--subdir', 'DAGS_FOLDER/1_first_dag/first_dag.py', '--cfg-path', '/tmp/tmpw4arhjwu']
[2023-08-24T03:25:37.055+0000] {standard_task_runner.py:85} INFO - Job 14: Subtask Create_txt_file
[2023-08-24T03:25:37.094+0000] {task_command.py:415} INFO - Running <TaskInstance: your_first_dag.Create_txt_file scheduled__2023-08-23T00:00:00+00:00 [running]> on host 60ae1308fad5
[2023-08-24T03:25:37.143+0000] {taskinstance.py:1660} INFO - Exporting env vars: AIRFLOW_CTX_DAG_OWNER='Willis' AIRFLOW_CTX_DAG_ID='your_first_dag' AIRFLOW_CTX_TASK_ID='Create_txt_file' AIRFLOW_CTX_EXECUTION_DATE='2023-08-23T00:00:00+00:00' AIRFLOW_CTX_TRY_NUMBER='1' AIRFLOW_CTX_DAG_RUN_ID='scheduled__2023-08-23T00:00:00+00:00'
[2023-08-24T03:25:37.144+0000] {subprocess.py:63} INFO - Tmp dir root location: /tmp
[2023-08-24T03:25:37.145+0000] {subprocess.py:75} INFO - Running command: ['/bin/bash', '-c', 'echo "Ceci est un fichier test" > /opt/***/dags/1_first_dag/sample.txt']
[2023-08-24T03:25:37.154+0000] {subprocess.py:86} INFO - Output:
[2023-08-24T03:25:37.159+0000] {subprocess.py:97} INFO - Command exited with return code 0
[2023-08-24T03:25:37.179+0000] {taskinstance.py:1400} INFO - Marking task as SUCCESS. dag_id=your_first_dag, task_id=Create_txt_file, execution_date=20230823T000000, start_date=20230824T032537, end_date=20230824T032537
[2023-08-24T03:25:37.225+0000] {local_task_job_runner.py:228} INFO - Task exited with return code 0
[2023-08-24T03:25:37.239+0000] {taskinstance.py:2784} INFO - 0 downstream tasks scheduled from follow-on schedule check
[2023-08-24T04:58:32.130+0000] {taskinstance.py:1159} INFO - Dependencies all met for dep_context=non-requeueable deps ti=<TaskInstance: your_first_dag.Create_txt_file scheduled__2023-08-23T00:00:00+00:00 [queued]>
[2023-08-24T04:58:32.137+0000] {taskinstance.py:1159} INFO - Dependencies all met for dep_context=requeueable deps ti=<TaskInstance: your_first_dag.Create_txt_file scheduled__2023-08-23T00:00:00+00:00 [queued]>
[2023-08-24T04:58:32.137+0000] {taskinstance.py:1361} INFO - Starting attempt 1 of 1
[2023-08-24T04:58:32.144+0000] {taskinstance.py:1382} INFO - Executing <Task(BashOperator): Create_txt_file> on 2023-08-23 00:00:00+00:00
[2023-08-24T04:58:32.148+0000] {standard_task_runner.py:57} INFO - Started process 140 to run task
[2023-08-24T04:58:32.152+0000] {standard_task_runner.py:84} INFO - Running: ['***', 'tasks', 'run', 'your_first_dag', 'Create_txt_file', 'scheduled__2023-08-23T00:00:00+00:00', '--job-id', '11', '--raw', '--subdir', 'DAGS_FOLDER/1_first_dag/first_dag.py', '--cfg-path', '/tmp/tmp5ozkzov6']
[2023-08-24T04:58:32.153+0000] {standard_task_runner.py:85} INFO - Job 11: Subtask Create_txt_file
[2023-08-24T04:58:32.191+0000] {task_command.py:415} INFO - Running <TaskInstance: your_first_dag.Create_txt_file scheduled__2023-08-23T00:00:00+00:00 [running]> on host 4059ad9a5b0d
[2023-08-24T04:58:32.240+0000] {taskinstance.py:1660} INFO - Exporting env vars: AIRFLOW_CTX_DAG_OWNER='Willis' AIRFLOW_CTX_DAG_ID='your_first_dag' AIRFLOW_CTX_TASK_ID='Create_txt_file' AIRFLOW_CTX_EXECUTION_DATE='2023-08-23T00:00:00+00:00' AIRFLOW_CTX_TRY_NUMBER='1' AIRFLOW_CTX_DAG_RUN_ID='scheduled__2023-08-23T00:00:00+00:00'
[2023-08-24T04:58:32.242+0000] {subprocess.py:63} INFO - Tmp dir root location: /tmp
[2023-08-24T04:58:32.242+0000] {subprocess.py:75} INFO - Running command: ['/bin/bash', '-c', 'echo "Ceci est un fichier test" > /opt/***/dags/1_first_dag/sample.txt']
[2023-08-24T04:58:32.252+0000] {subprocess.py:86} INFO - Output:
[2023-08-24T04:58:32.257+0000] {subprocess.py:97} INFO - Command exited with return code 0
[2023-08-24T04:58:32.278+0000] {taskinstance.py:1400} INFO - Marking task as SUCCESS. dag_id=your_first_dag, task_id=Create_txt_file, execution_date=20230823T000000, start_date=20230824T045832, end_date=20230824T045832
[2023-08-24T04:58:32.324+0000] {local_task_job_runner.py:228} INFO - Task exited with return code 0
[2023-08-24T04:58:32.337+0000] {taskinstance.py:2784} INFO - 0 downstream tasks scheduled from follow-on schedule check
