[2023-08-25T00:40:43.979+0000] {processor.py:157} INFO - Started process (PID=5087) to work on /opt/airflow/dags/2_ETL_mysql_dag/ETL_dag.py
[2023-08-25T00:40:43.983+0000] {processor.py:829} INFO - Processing file /opt/airflow/dags/2_ETL_mysql_dag/ETL_dag.py for tasks to queue
[2023-08-25T00:40:43.984+0000] {logging_mixin.py:151} INFO - [2023-08-25T00:40:43.983+0000] {dagbag.py:539} INFO - Filling up the DagBag from /opt/airflow/dags/2_ETL_mysql_dag/ETL_dag.py
[2023-08-25T00:40:44.005+0000] {processor.py:839} INFO - DAG(s) dict_keys(['ETL_analytics_video_games']) retrieved from /opt/airflow/dags/2_ETL_mysql_dag/ETL_dag.py
[2023-08-25T00:40:44.035+0000] {logging_mixin.py:151} INFO - [2023-08-25T00:40:44.035+0000] {dag.py:2907} INFO - Sync 1 DAGs
[2023-08-25T00:40:44.050+0000] {logging_mixin.py:151} INFO - [2023-08-25T00:40:44.050+0000] {dag.py:3677} INFO - Setting next_dagrun for ETL_analytics_video_games to 2023-08-24T00:00:00+00:00, run_after=2023-08-25T00:00:00+00:00
[2023-08-25T00:40:44.072+0000] {processor.py:179} INFO - Processing /opt/airflow/dags/2_ETL_mysql_dag/ETL_dag.py took 0.097 seconds
[2023-08-25T01:34:28.861+0000] {processor.py:157} INFO - Started process (PID=5107) to work on /opt/airflow/dags/2_ETL_mysql_dag/ETL_dag.py
[2023-08-25T01:34:28.863+0000] {processor.py:829} INFO - Processing file /opt/airflow/dags/2_ETL_mysql_dag/ETL_dag.py for tasks to queue
[2023-08-25T01:34:28.864+0000] {logging_mixin.py:151} INFO - [2023-08-25T01:34:28.863+0000] {dagbag.py:539} INFO - Filling up the DagBag from /opt/airflow/dags/2_ETL_mysql_dag/ETL_dag.py
[2023-08-25T01:34:28.877+0000] {processor.py:839} INFO - DAG(s) dict_keys(['ETL_analytics_video_games']) retrieved from /opt/airflow/dags/2_ETL_mysql_dag/ETL_dag.py
[2023-08-25T01:34:28.923+0000] {logging_mixin.py:151} INFO - [2023-08-25T01:34:28.923+0000] {dag.py:2907} INFO - Sync 1 DAGs
[2023-08-25T01:34:28.943+0000] {logging_mixin.py:151} INFO - [2023-08-25T01:34:28.942+0000] {dag.py:3677} INFO - Setting next_dagrun for ETL_analytics_video_games to 2023-08-24T00:00:00+00:00, run_after=2023-08-25T00:00:00+00:00
[2023-08-25T01:34:28.960+0000] {processor.py:179} INFO - Processing /opt/airflow/dags/2_ETL_mysql_dag/ETL_dag.py took 0.107 seconds
[2023-08-25T02:17:12.842+0000] {processor.py:157} INFO - Started process (PID=5123) to work on /opt/airflow/dags/2_ETL_mysql_dag/ETL_dag.py
[2023-08-25T02:17:12.846+0000] {processor.py:829} INFO - Processing file /opt/airflow/dags/2_ETL_mysql_dag/ETL_dag.py for tasks to queue
[2023-08-25T02:17:12.847+0000] {logging_mixin.py:151} INFO - [2023-08-25T02:17:12.847+0000] {dagbag.py:539} INFO - Filling up the DagBag from /opt/airflow/dags/2_ETL_mysql_dag/ETL_dag.py
[2023-08-25T02:17:12.860+0000] {processor.py:839} INFO - DAG(s) dict_keys(['ETL_analytics_video_games']) retrieved from /opt/airflow/dags/2_ETL_mysql_dag/ETL_dag.py
[2023-08-25T02:17:12.905+0000] {logging_mixin.py:151} INFO - [2023-08-25T02:17:12.905+0000] {dag.py:2907} INFO - Sync 1 DAGs
[2023-08-25T02:17:12.924+0000] {logging_mixin.py:151} INFO - [2023-08-25T02:17:12.924+0000] {dag.py:3677} INFO - Setting next_dagrun for ETL_analytics_video_games to 2023-08-24T00:00:00+00:00, run_after=2023-08-25T00:00:00+00:00
[2023-08-25T02:17:12.937+0000] {processor.py:179} INFO - Processing /opt/airflow/dags/2_ETL_mysql_dag/ETL_dag.py took 0.099 seconds
[2023-08-25T02:50:47.220+0000] {processor.py:157} INFO - Started process (PID=5139) to work on /opt/airflow/dags/2_ETL_mysql_dag/ETL_dag.py
[2023-08-25T02:50:47.222+0000] {processor.py:829} INFO - Processing file /opt/airflow/dags/2_ETL_mysql_dag/ETL_dag.py for tasks to queue
[2023-08-25T02:50:47.223+0000] {logging_mixin.py:151} INFO - [2023-08-25T02:50:47.223+0000] {dagbag.py:539} INFO - Filling up the DagBag from /opt/airflow/dags/2_ETL_mysql_dag/ETL_dag.py
[2023-08-25T02:50:47.238+0000] {processor.py:839} INFO - DAG(s) dict_keys(['ETL_analytics_video_games']) retrieved from /opt/airflow/dags/2_ETL_mysql_dag/ETL_dag.py
[2023-08-25T02:50:47.271+0000] {logging_mixin.py:151} INFO - [2023-08-25T02:50:47.271+0000] {dag.py:2907} INFO - Sync 1 DAGs
[2023-08-25T02:50:47.292+0000] {logging_mixin.py:151} INFO - [2023-08-25T02:50:47.292+0000] {dag.py:3677} INFO - Setting next_dagrun for ETL_analytics_video_games to 2023-08-24T00:00:00+00:00, run_after=2023-08-25T00:00:00+00:00
[2023-08-25T02:50:47.314+0000] {processor.py:179} INFO - Processing /opt/airflow/dags/2_ETL_mysql_dag/ETL_dag.py took 0.097 seconds
[2023-08-25T03:15:23.209+0000] {processor.py:157} INFO - Started process (PID=5155) to work on /opt/airflow/dags/2_ETL_mysql_dag/ETL_dag.py
[2023-08-25T03:15:23.213+0000] {processor.py:829} INFO - Processing file /opt/airflow/dags/2_ETL_mysql_dag/ETL_dag.py for tasks to queue
[2023-08-25T03:15:23.214+0000] {logging_mixin.py:151} INFO - [2023-08-25T03:15:23.214+0000] {dagbag.py:539} INFO - Filling up the DagBag from /opt/airflow/dags/2_ETL_mysql_dag/ETL_dag.py
[2023-08-25T03:15:23.227+0000] {processor.py:839} INFO - DAG(s) dict_keys(['ETL_analytics_video_games']) retrieved from /opt/airflow/dags/2_ETL_mysql_dag/ETL_dag.py
[2023-08-25T03:15:23.258+0000] {logging_mixin.py:151} INFO - [2023-08-25T03:15:23.258+0000] {dag.py:2907} INFO - Sync 1 DAGs
[2023-08-25T03:15:23.274+0000] {logging_mixin.py:151} INFO - [2023-08-25T03:15:23.274+0000] {dag.py:3677} INFO - Setting next_dagrun for ETL_analytics_video_games to 2023-08-24T00:00:00+00:00, run_after=2023-08-25T00:00:00+00:00
[2023-08-25T03:15:23.287+0000] {processor.py:179} INFO - Processing /opt/airflow/dags/2_ETL_mysql_dag/ETL_dag.py took 0.081 seconds
[2023-08-25T03:22:31.083+0000] {processor.py:157} INFO - Started process (PID=5171) to work on /opt/airflow/dags/2_ETL_mysql_dag/ETL_dag.py
[2023-08-25T03:22:31.085+0000] {processor.py:829} INFO - Processing file /opt/airflow/dags/2_ETL_mysql_dag/ETL_dag.py for tasks to queue
[2023-08-25T03:22:31.086+0000] {logging_mixin.py:151} INFO - [2023-08-25T03:22:31.085+0000] {dagbag.py:539} INFO - Filling up the DagBag from /opt/airflow/dags/2_ETL_mysql_dag/ETL_dag.py
[2023-08-25T03:22:31.098+0000] {processor.py:839} INFO - DAG(s) dict_keys(['ETL_analytics_video_games']) retrieved from /opt/airflow/dags/2_ETL_mysql_dag/ETL_dag.py
[2023-08-25T03:22:31.132+0000] {logging_mixin.py:151} INFO - [2023-08-25T03:22:31.132+0000] {dag.py:2907} INFO - Sync 1 DAGs
[2023-08-25T03:22:31.154+0000] {logging_mixin.py:151} INFO - [2023-08-25T03:22:31.153+0000] {dag.py:3677} INFO - Setting next_dagrun for ETL_analytics_video_games to 2023-08-24T00:00:00+00:00, run_after=2023-08-25T00:00:00+00:00
[2023-08-25T03:22:31.171+0000] {processor.py:179} INFO - Processing /opt/airflow/dags/2_ETL_mysql_dag/ETL_dag.py took 0.091 seconds
[2023-08-25T03:27:08.379+0000] {processor.py:157} INFO - Started process (PID=5187) to work on /opt/airflow/dags/2_ETL_mysql_dag/ETL_dag.py
[2023-08-25T03:27:08.381+0000] {processor.py:829} INFO - Processing file /opt/airflow/dags/2_ETL_mysql_dag/ETL_dag.py for tasks to queue
[2023-08-25T03:27:08.382+0000] {logging_mixin.py:151} INFO - [2023-08-25T03:27:08.382+0000] {dagbag.py:539} INFO - Filling up the DagBag from /opt/airflow/dags/2_ETL_mysql_dag/ETL_dag.py
[2023-08-25T03:27:08.399+0000] {processor.py:839} INFO - DAG(s) dict_keys(['ETL_analytics_video_games']) retrieved from /opt/airflow/dags/2_ETL_mysql_dag/ETL_dag.py
[2023-08-25T03:27:08.435+0000] {logging_mixin.py:151} INFO - [2023-08-25T03:27:08.435+0000] {dag.py:2907} INFO - Sync 1 DAGs
[2023-08-25T03:27:08.453+0000] {logging_mixin.py:151} INFO - [2023-08-25T03:27:08.453+0000] {dag.py:3677} INFO - Setting next_dagrun for ETL_analytics_video_games to 2023-08-24T00:00:00+00:00, run_after=2023-08-25T00:00:00+00:00
[2023-08-25T03:27:08.476+0000] {processor.py:179} INFO - Processing /opt/airflow/dags/2_ETL_mysql_dag/ETL_dag.py took 0.102 seconds
[2023-08-25T04:02:00.866+0000] {processor.py:157} INFO - Started process (PID=5203) to work on /opt/airflow/dags/2_ETL_mysql_dag/ETL_dag.py
[2023-08-25T04:02:00.868+0000] {processor.py:829} INFO - Processing file /opt/airflow/dags/2_ETL_mysql_dag/ETL_dag.py for tasks to queue
[2023-08-25T04:02:00.870+0000] {logging_mixin.py:151} INFO - [2023-08-25T04:02:00.870+0000] {dagbag.py:539} INFO - Filling up the DagBag from /opt/airflow/dags/2_ETL_mysql_dag/ETL_dag.py
[2023-08-25T04:02:00.888+0000] {processor.py:839} INFO - DAG(s) dict_keys(['ETL_analytics_video_games']) retrieved from /opt/airflow/dags/2_ETL_mysql_dag/ETL_dag.py
[2023-08-25T04:02:00.920+0000] {logging_mixin.py:151} INFO - [2023-08-25T04:02:00.920+0000] {dag.py:2907} INFO - Sync 1 DAGs
[2023-08-25T04:02:00.937+0000] {logging_mixin.py:151} INFO - [2023-08-25T04:02:00.937+0000] {dag.py:3677} INFO - Setting next_dagrun for ETL_analytics_video_games to 2023-08-24T00:00:00+00:00, run_after=2023-08-25T00:00:00+00:00
[2023-08-25T04:02:00.948+0000] {processor.py:179} INFO - Processing /opt/airflow/dags/2_ETL_mysql_dag/ETL_dag.py took 0.086 seconds
[2023-08-25T04:59:15.650+0000] {processor.py:157} INFO - Started process (PID=5219) to work on /opt/airflow/dags/2_ETL_mysql_dag/ETL_dag.py
[2023-08-25T04:59:15.652+0000] {processor.py:829} INFO - Processing file /opt/airflow/dags/2_ETL_mysql_dag/ETL_dag.py for tasks to queue
[2023-08-25T04:59:15.653+0000] {logging_mixin.py:151} INFO - [2023-08-25T04:59:15.652+0000] {dagbag.py:539} INFO - Filling up the DagBag from /opt/airflow/dags/2_ETL_mysql_dag/ETL_dag.py
[2023-08-25T04:59:15.665+0000] {processor.py:839} INFO - DAG(s) dict_keys(['ETL_analytics_video_games']) retrieved from /opt/airflow/dags/2_ETL_mysql_dag/ETL_dag.py
[2023-08-25T04:59:15.687+0000] {logging_mixin.py:151} INFO - [2023-08-25T04:59:15.687+0000] {dag.py:2907} INFO - Sync 1 DAGs
[2023-08-25T04:59:15.701+0000] {logging_mixin.py:151} INFO - [2023-08-25T04:59:15.701+0000] {dag.py:3677} INFO - Setting next_dagrun for ETL_analytics_video_games to 2023-08-24T00:00:00+00:00, run_after=2023-08-25T00:00:00+00:00
[2023-08-25T04:59:15.711+0000] {processor.py:179} INFO - Processing /opt/airflow/dags/2_ETL_mysql_dag/ETL_dag.py took 0.064 seconds
[2023-08-25T05:17:13.518+0000] {processor.py:157} INFO - Started process (PID=5235) to work on /opt/airflow/dags/2_ETL_mysql_dag/ETL_dag.py
[2023-08-25T05:17:13.520+0000] {processor.py:829} INFO - Processing file /opt/airflow/dags/2_ETL_mysql_dag/ETL_dag.py for tasks to queue
[2023-08-25T05:17:13.522+0000] {logging_mixin.py:151} INFO - [2023-08-25T05:17:13.521+0000] {dagbag.py:539} INFO - Filling up the DagBag from /opt/airflow/dags/2_ETL_mysql_dag/ETL_dag.py
[2023-08-25T05:17:13.543+0000] {processor.py:839} INFO - DAG(s) dict_keys(['ETL_analytics_video_games']) retrieved from /opt/airflow/dags/2_ETL_mysql_dag/ETL_dag.py
[2023-08-25T05:17:13.578+0000] {logging_mixin.py:151} INFO - [2023-08-25T05:17:13.578+0000] {dag.py:2907} INFO - Sync 1 DAGs
[2023-08-25T05:17:13.596+0000] {logging_mixin.py:151} INFO - [2023-08-25T05:17:13.596+0000] {dag.py:3677} INFO - Setting next_dagrun for ETL_analytics_video_games to 2023-08-24T00:00:00+00:00, run_after=2023-08-25T00:00:00+00:00
[2023-08-25T05:17:13.609+0000] {processor.py:179} INFO - Processing /opt/airflow/dags/2_ETL_mysql_dag/ETL_dag.py took 0.095 seconds
[2023-08-25T06:21:48.806+0000] {processor.py:157} INFO - Started process (PID=5251) to work on /opt/airflow/dags/2_ETL_mysql_dag/ETL_dag.py
[2023-08-25T06:21:48.811+0000] {processor.py:829} INFO - Processing file /opt/airflow/dags/2_ETL_mysql_dag/ETL_dag.py for tasks to queue
[2023-08-25T06:21:48.820+0000] {logging_mixin.py:151} INFO - [2023-08-25T06:21:48.819+0000] {dagbag.py:539} INFO - Filling up the DagBag from /opt/airflow/dags/2_ETL_mysql_dag/ETL_dag.py
[2023-08-25T06:21:48.838+0000] {processor.py:839} INFO - DAG(s) dict_keys(['ETL_analytics_video_games']) retrieved from /opt/airflow/dags/2_ETL_mysql_dag/ETL_dag.py
[2023-08-25T06:21:48.868+0000] {logging_mixin.py:151} INFO - [2023-08-25T06:21:48.868+0000] {dag.py:2907} INFO - Sync 1 DAGs
[2023-08-25T06:21:48.887+0000] {logging_mixin.py:151} INFO - [2023-08-25T06:21:48.887+0000] {dag.py:3677} INFO - Setting next_dagrun for ETL_analytics_video_games to 2023-08-24T00:00:00+00:00, run_after=2023-08-25T00:00:00+00:00
[2023-08-25T06:21:48.902+0000] {processor.py:179} INFO - Processing /opt/airflow/dags/2_ETL_mysql_dag/ETL_dag.py took 0.100 seconds
[2023-08-25T07:27:12.768+0000] {processor.py:157} INFO - Started process (PID=5267) to work on /opt/airflow/dags/2_ETL_mysql_dag/ETL_dag.py
[2023-08-25T07:27:12.772+0000] {processor.py:829} INFO - Processing file /opt/airflow/dags/2_ETL_mysql_dag/ETL_dag.py for tasks to queue
[2023-08-25T07:27:12.774+0000] {logging_mixin.py:151} INFO - [2023-08-25T07:27:12.773+0000] {dagbag.py:539} INFO - Filling up the DagBag from /opt/airflow/dags/2_ETL_mysql_dag/ETL_dag.py
[2023-08-25T07:27:12.790+0000] {processor.py:839} INFO - DAG(s) dict_keys(['ETL_analytics_video_games']) retrieved from /opt/airflow/dags/2_ETL_mysql_dag/ETL_dag.py
[2023-08-25T07:27:16.245+0000] {logging_mixin.py:151} INFO - [2023-08-25T07:27:16.245+0000] {dag.py:2907} INFO - Sync 1 DAGs
[2023-08-25T07:27:16.276+0000] {logging_mixin.py:151} INFO - [2023-08-25T07:27:16.276+0000] {dag.py:3677} INFO - Setting next_dagrun for ETL_analytics_video_games to 2023-08-24T00:00:00+00:00, run_after=2023-08-25T00:00:00+00:00
[2023-08-25T07:27:16.339+0000] {processor.py:179} INFO - Processing /opt/airflow/dags/2_ETL_mysql_dag/ETL_dag.py took 3.575 seconds
[2023-08-25T08:35:30.992+0000] {processor.py:157} INFO - Started process (PID=5283) to work on /opt/airflow/dags/2_ETL_mysql_dag/ETL_dag.py
[2023-08-25T08:35:30.994+0000] {processor.py:829} INFO - Processing file /opt/airflow/dags/2_ETL_mysql_dag/ETL_dag.py for tasks to queue
[2023-08-25T08:35:30.994+0000] {logging_mixin.py:151} INFO - [2023-08-25T08:35:30.994+0000] {dagbag.py:539} INFO - Filling up the DagBag from /opt/airflow/dags/2_ETL_mysql_dag/ETL_dag.py
[2023-08-25T08:35:31.008+0000] {processor.py:839} INFO - DAG(s) dict_keys(['ETL_analytics_video_games']) retrieved from /opt/airflow/dags/2_ETL_mysql_dag/ETL_dag.py
[2023-08-25T08:35:31.038+0000] {logging_mixin.py:151} INFO - [2023-08-25T08:35:31.038+0000] {dag.py:2907} INFO - Sync 1 DAGs
[2023-08-25T08:35:31.055+0000] {logging_mixin.py:151} INFO - [2023-08-25T08:35:31.055+0000] {dag.py:3677} INFO - Setting next_dagrun for ETL_analytics_video_games to 2023-08-24T00:00:00+00:00, run_after=2023-08-25T00:00:00+00:00
[2023-08-25T08:35:31.070+0000] {processor.py:179} INFO - Processing /opt/airflow/dags/2_ETL_mysql_dag/ETL_dag.py took 0.081 seconds
[2023-08-25T09:12:14.940+0000] {processor.py:157} INFO - Started process (PID=5299) to work on /opt/airflow/dags/2_ETL_mysql_dag/ETL_dag.py
[2023-08-25T09:12:14.947+0000] {processor.py:829} INFO - Processing file /opt/airflow/dags/2_ETL_mysql_dag/ETL_dag.py for tasks to queue
[2023-08-25T09:12:14.949+0000] {logging_mixin.py:151} INFO - [2023-08-25T09:12:14.948+0000] {dagbag.py:539} INFO - Filling up the DagBag from /opt/airflow/dags/2_ETL_mysql_dag/ETL_dag.py
[2023-08-25T09:12:14.962+0000] {processor.py:839} INFO - DAG(s) dict_keys(['ETL_analytics_video_games']) retrieved from /opt/airflow/dags/2_ETL_mysql_dag/ETL_dag.py
[2023-08-25T09:12:15.017+0000] {logging_mixin.py:151} INFO - [2023-08-25T09:12:15.016+0000] {dag.py:2907} INFO - Sync 1 DAGs
[2023-08-25T09:12:15.034+0000] {logging_mixin.py:151} INFO - [2023-08-25T09:12:15.034+0000] {dag.py:3677} INFO - Setting next_dagrun for ETL_analytics_video_games to 2023-08-24T00:00:00+00:00, run_after=2023-08-25T00:00:00+00:00
[2023-08-25T09:12:15.047+0000] {processor.py:179} INFO - Processing /opt/airflow/dags/2_ETL_mysql_dag/ETL_dag.py took 0.113 seconds
[2023-08-25T09:12:45.695+0000] {processor.py:157} INFO - Started process (PID=5315) to work on /opt/airflow/dags/2_ETL_mysql_dag/ETL_dag.py
[2023-08-25T09:12:45.698+0000] {processor.py:829} INFO - Processing file /opt/airflow/dags/2_ETL_mysql_dag/ETL_dag.py for tasks to queue
[2023-08-25T09:12:45.699+0000] {logging_mixin.py:151} INFO - [2023-08-25T09:12:45.699+0000] {dagbag.py:539} INFO - Filling up the DagBag from /opt/airflow/dags/2_ETL_mysql_dag/ETL_dag.py
[2023-08-25T09:12:45.710+0000] {processor.py:839} INFO - DAG(s) dict_keys(['ETL_analytics_video_games']) retrieved from /opt/airflow/dags/2_ETL_mysql_dag/ETL_dag.py
[2023-08-25T09:12:45.736+0000] {logging_mixin.py:151} INFO - [2023-08-25T09:12:45.736+0000] {dag.py:2907} INFO - Sync 1 DAGs
[2023-08-25T09:12:45.750+0000] {logging_mixin.py:151} INFO - [2023-08-25T09:12:45.750+0000] {dag.py:3677} INFO - Setting next_dagrun for ETL_analytics_video_games to 2023-08-24T00:00:00+00:00, run_after=2023-08-25T00:00:00+00:00
[2023-08-25T09:12:45.762+0000] {processor.py:179} INFO - Processing /opt/airflow/dags/2_ETL_mysql_dag/ETL_dag.py took 0.069 seconds
[2023-08-25T09:13:16.442+0000] {processor.py:157} INFO - Started process (PID=5331) to work on /opt/airflow/dags/2_ETL_mysql_dag/ETL_dag.py
[2023-08-25T09:13:16.443+0000] {processor.py:829} INFO - Processing file /opt/airflow/dags/2_ETL_mysql_dag/ETL_dag.py for tasks to queue
[2023-08-25T09:13:16.444+0000] {logging_mixin.py:151} INFO - [2023-08-25T09:13:16.444+0000] {dagbag.py:539} INFO - Filling up the DagBag from /opt/airflow/dags/2_ETL_mysql_dag/ETL_dag.py
[2023-08-25T09:13:16.453+0000] {processor.py:839} INFO - DAG(s) dict_keys(['ETL_analytics_video_games']) retrieved from /opt/airflow/dags/2_ETL_mysql_dag/ETL_dag.py
[2023-08-25T09:13:16.475+0000] {logging_mixin.py:151} INFO - [2023-08-25T09:13:16.475+0000] {dag.py:2907} INFO - Sync 1 DAGs
[2023-08-25T09:13:16.487+0000] {logging_mixin.py:151} INFO - [2023-08-25T09:13:16.487+0000] {dag.py:3677} INFO - Setting next_dagrun for ETL_analytics_video_games to 2023-08-24T00:00:00+00:00, run_after=2023-08-25T00:00:00+00:00
[2023-08-25T09:13:16.497+0000] {processor.py:179} INFO - Processing /opt/airflow/dags/2_ETL_mysql_dag/ETL_dag.py took 0.058 seconds
[2023-08-25T09:13:47.194+0000] {processor.py:157} INFO - Started process (PID=5347) to work on /opt/airflow/dags/2_ETL_mysql_dag/ETL_dag.py
[2023-08-25T09:13:47.195+0000] {processor.py:829} INFO - Processing file /opt/airflow/dags/2_ETL_mysql_dag/ETL_dag.py for tasks to queue
[2023-08-25T09:13:47.196+0000] {logging_mixin.py:151} INFO - [2023-08-25T09:13:47.195+0000] {dagbag.py:539} INFO - Filling up the DagBag from /opt/airflow/dags/2_ETL_mysql_dag/ETL_dag.py
[2023-08-25T09:13:47.205+0000] {processor.py:839} INFO - DAG(s) dict_keys(['ETL_analytics_video_games']) retrieved from /opt/airflow/dags/2_ETL_mysql_dag/ETL_dag.py
[2023-08-25T09:13:47.228+0000] {logging_mixin.py:151} INFO - [2023-08-25T09:13:47.227+0000] {dag.py:2907} INFO - Sync 1 DAGs
[2023-08-25T09:13:47.241+0000] {logging_mixin.py:151} INFO - [2023-08-25T09:13:47.240+0000] {dag.py:3677} INFO - Setting next_dagrun for ETL_analytics_video_games to 2023-08-24T00:00:00+00:00, run_after=2023-08-25T00:00:00+00:00
[2023-08-25T09:13:47.251+0000] {processor.py:179} INFO - Processing /opt/airflow/dags/2_ETL_mysql_dag/ETL_dag.py took 0.060 seconds
[2023-08-25T09:14:17.879+0000] {processor.py:157} INFO - Started process (PID=5363) to work on /opt/airflow/dags/2_ETL_mysql_dag/ETL_dag.py
[2023-08-25T09:14:17.880+0000] {processor.py:829} INFO - Processing file /opt/airflow/dags/2_ETL_mysql_dag/ETL_dag.py for tasks to queue
[2023-08-25T09:14:17.881+0000] {logging_mixin.py:151} INFO - [2023-08-25T09:14:17.881+0000] {dagbag.py:539} INFO - Filling up the DagBag from /opt/airflow/dags/2_ETL_mysql_dag/ETL_dag.py
[2023-08-25T09:14:17.891+0000] {processor.py:839} INFO - DAG(s) dict_keys(['ETL_analytics_video_games']) retrieved from /opt/airflow/dags/2_ETL_mysql_dag/ETL_dag.py
[2023-08-25T09:14:17.916+0000] {logging_mixin.py:151} INFO - [2023-08-25T09:14:17.916+0000] {dag.py:2907} INFO - Sync 1 DAGs
[2023-08-25T09:14:17.928+0000] {logging_mixin.py:151} INFO - [2023-08-25T09:14:17.928+0000] {dag.py:3677} INFO - Setting next_dagrun for ETL_analytics_video_games to 2023-08-24T00:00:00+00:00, run_after=2023-08-25T00:00:00+00:00
[2023-08-25T09:14:17.938+0000] {processor.py:179} INFO - Processing /opt/airflow/dags/2_ETL_mysql_dag/ETL_dag.py took 0.061 seconds
[2023-08-25T09:14:48.758+0000] {processor.py:157} INFO - Started process (PID=5379) to work on /opt/airflow/dags/2_ETL_mysql_dag/ETL_dag.py
[2023-08-25T09:14:48.759+0000] {processor.py:829} INFO - Processing file /opt/airflow/dags/2_ETL_mysql_dag/ETL_dag.py for tasks to queue
[2023-08-25T09:14:48.761+0000] {logging_mixin.py:151} INFO - [2023-08-25T09:14:48.760+0000] {dagbag.py:539} INFO - Filling up the DagBag from /opt/airflow/dags/2_ETL_mysql_dag/ETL_dag.py
[2023-08-25T09:14:48.771+0000] {processor.py:839} INFO - DAG(s) dict_keys(['ETL_analytics_video_games']) retrieved from /opt/airflow/dags/2_ETL_mysql_dag/ETL_dag.py
[2023-08-25T09:14:48.795+0000] {logging_mixin.py:151} INFO - [2023-08-25T09:14:48.795+0000] {dag.py:2907} INFO - Sync 1 DAGs
[2023-08-25T09:14:48.810+0000] {logging_mixin.py:151} INFO - [2023-08-25T09:14:48.810+0000] {dag.py:3677} INFO - Setting next_dagrun for ETL_analytics_video_games to 2023-08-24T00:00:00+00:00, run_after=2023-08-25T00:00:00+00:00
[2023-08-25T09:14:48.821+0000] {processor.py:179} INFO - Processing /opt/airflow/dags/2_ETL_mysql_dag/ETL_dag.py took 0.066 seconds
[2023-08-25T09:15:19.551+0000] {processor.py:157} INFO - Started process (PID=5395) to work on /opt/airflow/dags/2_ETL_mysql_dag/ETL_dag.py
[2023-08-25T09:15:19.552+0000] {processor.py:829} INFO - Processing file /opt/airflow/dags/2_ETL_mysql_dag/ETL_dag.py for tasks to queue
[2023-08-25T09:15:19.553+0000] {logging_mixin.py:151} INFO - [2023-08-25T09:15:19.553+0000] {dagbag.py:539} INFO - Filling up the DagBag from /opt/airflow/dags/2_ETL_mysql_dag/ETL_dag.py
[2023-08-25T09:15:19.562+0000] {processor.py:839} INFO - DAG(s) dict_keys(['ETL_analytics_video_games']) retrieved from /opt/airflow/dags/2_ETL_mysql_dag/ETL_dag.py
[2023-08-25T09:15:19.583+0000] {logging_mixin.py:151} INFO - [2023-08-25T09:15:19.583+0000] {dag.py:2907} INFO - Sync 1 DAGs
[2023-08-25T09:15:19.595+0000] {logging_mixin.py:151} INFO - [2023-08-25T09:15:19.595+0000] {dag.py:3677} INFO - Setting next_dagrun for ETL_analytics_video_games to 2023-08-24T00:00:00+00:00, run_after=2023-08-25T00:00:00+00:00
[2023-08-25T09:15:19.605+0000] {processor.py:179} INFO - Processing /opt/airflow/dags/2_ETL_mysql_dag/ETL_dag.py took 0.056 seconds
[2023-08-25T09:15:50.315+0000] {processor.py:157} INFO - Started process (PID=5417) to work on /opt/airflow/dags/2_ETL_mysql_dag/ETL_dag.py
[2023-08-25T09:15:50.316+0000] {processor.py:829} INFO - Processing file /opt/airflow/dags/2_ETL_mysql_dag/ETL_dag.py for tasks to queue
[2023-08-25T09:15:50.317+0000] {logging_mixin.py:151} INFO - [2023-08-25T09:15:50.317+0000] {dagbag.py:539} INFO - Filling up the DagBag from /opt/airflow/dags/2_ETL_mysql_dag/ETL_dag.py
[2023-08-25T09:15:50.327+0000] {processor.py:839} INFO - DAG(s) dict_keys(['ETL_analytics_video_games']) retrieved from /opt/airflow/dags/2_ETL_mysql_dag/ETL_dag.py
[2023-08-25T09:15:50.351+0000] {logging_mixin.py:151} INFO - [2023-08-25T09:15:50.351+0000] {dag.py:2907} INFO - Sync 1 DAGs
[2023-08-25T09:15:50.365+0000] {logging_mixin.py:151} INFO - [2023-08-25T09:15:50.365+0000] {dag.py:3677} INFO - Setting next_dagrun for ETL_analytics_video_games to 2023-08-24T00:00:00+00:00, run_after=2023-08-25T00:00:00+00:00
[2023-08-25T09:15:50.378+0000] {processor.py:179} INFO - Processing /opt/airflow/dags/2_ETL_mysql_dag/ETL_dag.py took 0.066 seconds
[2023-08-25T09:16:21.039+0000] {processor.py:157} INFO - Started process (PID=5433) to work on /opt/airflow/dags/2_ETL_mysql_dag/ETL_dag.py
[2023-08-25T09:16:21.041+0000] {processor.py:829} INFO - Processing file /opt/airflow/dags/2_ETL_mysql_dag/ETL_dag.py for tasks to queue
[2023-08-25T09:16:21.042+0000] {logging_mixin.py:151} INFO - [2023-08-25T09:16:21.041+0000] {dagbag.py:539} INFO - Filling up the DagBag from /opt/airflow/dags/2_ETL_mysql_dag/ETL_dag.py
[2023-08-25T09:16:21.051+0000] {processor.py:839} INFO - DAG(s) dict_keys(['ETL_analytics_video_games']) retrieved from /opt/airflow/dags/2_ETL_mysql_dag/ETL_dag.py
[2023-08-25T09:16:21.074+0000] {logging_mixin.py:151} INFO - [2023-08-25T09:16:21.073+0000] {dag.py:2907} INFO - Sync 1 DAGs
[2023-08-25T09:16:21.087+0000] {logging_mixin.py:151} INFO - [2023-08-25T09:16:21.087+0000] {dag.py:3677} INFO - Setting next_dagrun for ETL_analytics_video_games to 2023-08-24T00:00:00+00:00, run_after=2023-08-25T00:00:00+00:00
[2023-08-25T09:16:21.096+0000] {processor.py:179} INFO - Processing /opt/airflow/dags/2_ETL_mysql_dag/ETL_dag.py took 0.059 seconds
[2023-08-25T09:16:51.849+0000] {processor.py:157} INFO - Started process (PID=5449) to work on /opt/airflow/dags/2_ETL_mysql_dag/ETL_dag.py
[2023-08-25T09:16:51.851+0000] {processor.py:829} INFO - Processing file /opt/airflow/dags/2_ETL_mysql_dag/ETL_dag.py for tasks to queue
[2023-08-25T09:16:51.852+0000] {logging_mixin.py:151} INFO - [2023-08-25T09:16:51.851+0000] {dagbag.py:539} INFO - Filling up the DagBag from /opt/airflow/dags/2_ETL_mysql_dag/ETL_dag.py
[2023-08-25T09:16:51.862+0000] {processor.py:839} INFO - DAG(s) dict_keys(['ETL_analytics_video_games']) retrieved from /opt/airflow/dags/2_ETL_mysql_dag/ETL_dag.py
[2023-08-25T09:16:51.884+0000] {logging_mixin.py:151} INFO - [2023-08-25T09:16:51.884+0000] {dag.py:2907} INFO - Sync 1 DAGs
[2023-08-25T09:16:51.898+0000] {logging_mixin.py:151} INFO - [2023-08-25T09:16:51.898+0000] {dag.py:3677} INFO - Setting next_dagrun for ETL_analytics_video_games to 2023-08-24T00:00:00+00:00, run_after=2023-08-25T00:00:00+00:00
[2023-08-25T09:16:51.911+0000] {processor.py:179} INFO - Processing /opt/airflow/dags/2_ETL_mysql_dag/ETL_dag.py took 0.065 seconds
[2023-08-25T09:17:22.676+0000] {processor.py:157} INFO - Started process (PID=5465) to work on /opt/airflow/dags/2_ETL_mysql_dag/ETL_dag.py
[2023-08-25T09:17:22.677+0000] {processor.py:829} INFO - Processing file /opt/airflow/dags/2_ETL_mysql_dag/ETL_dag.py for tasks to queue
[2023-08-25T09:17:22.678+0000] {logging_mixin.py:151} INFO - [2023-08-25T09:17:22.678+0000] {dagbag.py:539} INFO - Filling up the DagBag from /opt/airflow/dags/2_ETL_mysql_dag/ETL_dag.py
[2023-08-25T09:17:22.688+0000] {processor.py:839} INFO - DAG(s) dict_keys(['ETL_analytics_video_games']) retrieved from /opt/airflow/dags/2_ETL_mysql_dag/ETL_dag.py
[2023-08-25T09:17:22.709+0000] {logging_mixin.py:151} INFO - [2023-08-25T09:17:22.708+0000] {dag.py:2907} INFO - Sync 1 DAGs
[2023-08-25T09:17:22.721+0000] {logging_mixin.py:151} INFO - [2023-08-25T09:17:22.721+0000] {dag.py:3677} INFO - Setting next_dagrun for ETL_analytics_video_games to 2023-08-24T00:00:00+00:00, run_after=2023-08-25T00:00:00+00:00
[2023-08-25T09:17:22.730+0000] {processor.py:179} INFO - Processing /opt/airflow/dags/2_ETL_mysql_dag/ETL_dag.py took 0.058 seconds
[2023-08-25T09:17:53.439+0000] {processor.py:157} INFO - Started process (PID=5481) to work on /opt/airflow/dags/2_ETL_mysql_dag/ETL_dag.py
[2023-08-25T09:17:53.440+0000] {processor.py:829} INFO - Processing file /opt/airflow/dags/2_ETL_mysql_dag/ETL_dag.py for tasks to queue
[2023-08-25T09:17:53.441+0000] {logging_mixin.py:151} INFO - [2023-08-25T09:17:53.441+0000] {dagbag.py:539} INFO - Filling up the DagBag from /opt/airflow/dags/2_ETL_mysql_dag/ETL_dag.py
[2023-08-25T09:17:53.450+0000] {processor.py:839} INFO - DAG(s) dict_keys(['ETL_analytics_video_games']) retrieved from /opt/airflow/dags/2_ETL_mysql_dag/ETL_dag.py
[2023-08-25T09:17:53.472+0000] {logging_mixin.py:151} INFO - [2023-08-25T09:17:53.472+0000] {dag.py:2907} INFO - Sync 1 DAGs
[2023-08-25T09:17:53.484+0000] {logging_mixin.py:151} INFO - [2023-08-25T09:17:53.484+0000] {dag.py:3677} INFO - Setting next_dagrun for ETL_analytics_video_games to 2023-08-24T00:00:00+00:00, run_after=2023-08-25T00:00:00+00:00
[2023-08-25T09:17:53.495+0000] {processor.py:179} INFO - Processing /opt/airflow/dags/2_ETL_mysql_dag/ETL_dag.py took 0.058 seconds
[2023-08-25T09:18:24.257+0000] {processor.py:157} INFO - Started process (PID=5497) to work on /opt/airflow/dags/2_ETL_mysql_dag/ETL_dag.py
[2023-08-25T09:18:24.259+0000] {processor.py:829} INFO - Processing file /opt/airflow/dags/2_ETL_mysql_dag/ETL_dag.py for tasks to queue
[2023-08-25T09:18:24.260+0000] {logging_mixin.py:151} INFO - [2023-08-25T09:18:24.259+0000] {dagbag.py:539} INFO - Filling up the DagBag from /opt/airflow/dags/2_ETL_mysql_dag/ETL_dag.py
[2023-08-25T09:18:24.271+0000] {processor.py:839} INFO - DAG(s) dict_keys(['ETL_analytics_video_games']) retrieved from /opt/airflow/dags/2_ETL_mysql_dag/ETL_dag.py
[2023-08-25T09:18:24.294+0000] {logging_mixin.py:151} INFO - [2023-08-25T09:18:24.294+0000] {dag.py:2907} INFO - Sync 1 DAGs
[2023-08-25T09:18:24.309+0000] {logging_mixin.py:151} INFO - [2023-08-25T09:18:24.309+0000] {dag.py:3677} INFO - Setting next_dagrun for ETL_analytics_video_games to 2023-08-24T00:00:00+00:00, run_after=2023-08-25T00:00:00+00:00
[2023-08-25T09:18:24.321+0000] {processor.py:179} INFO - Processing /opt/airflow/dags/2_ETL_mysql_dag/ETL_dag.py took 0.068 seconds
[2023-08-25T09:18:55.080+0000] {processor.py:157} INFO - Started process (PID=5513) to work on /opt/airflow/dags/2_ETL_mysql_dag/ETL_dag.py
[2023-08-25T09:18:55.081+0000] {processor.py:829} INFO - Processing file /opt/airflow/dags/2_ETL_mysql_dag/ETL_dag.py for tasks to queue
[2023-08-25T09:18:55.082+0000] {logging_mixin.py:151} INFO - [2023-08-25T09:18:55.082+0000] {dagbag.py:539} INFO - Filling up the DagBag from /opt/airflow/dags/2_ETL_mysql_dag/ETL_dag.py
[2023-08-25T09:18:55.093+0000] {processor.py:839} INFO - DAG(s) dict_keys(['ETL_analytics_video_games']) retrieved from /opt/airflow/dags/2_ETL_mysql_dag/ETL_dag.py
[2023-08-25T09:18:55.114+0000] {logging_mixin.py:151} INFO - [2023-08-25T09:18:55.114+0000] {dag.py:2907} INFO - Sync 1 DAGs
[2023-08-25T09:18:55.127+0000] {logging_mixin.py:151} INFO - [2023-08-25T09:18:55.127+0000] {dag.py:3677} INFO - Setting next_dagrun for ETL_analytics_video_games to 2023-08-24T00:00:00+00:00, run_after=2023-08-25T00:00:00+00:00
[2023-08-25T09:18:55.137+0000] {processor.py:179} INFO - Processing /opt/airflow/dags/2_ETL_mysql_dag/ETL_dag.py took 0.060 seconds
[2023-08-25T09:19:25.809+0000] {processor.py:157} INFO - Started process (PID=5529) to work on /opt/airflow/dags/2_ETL_mysql_dag/ETL_dag.py
[2023-08-25T09:19:25.810+0000] {processor.py:829} INFO - Processing file /opt/airflow/dags/2_ETL_mysql_dag/ETL_dag.py for tasks to queue
[2023-08-25T09:19:25.811+0000] {logging_mixin.py:151} INFO - [2023-08-25T09:19:25.811+0000] {dagbag.py:539} INFO - Filling up the DagBag from /opt/airflow/dags/2_ETL_mysql_dag/ETL_dag.py
[2023-08-25T09:19:25.820+0000] {processor.py:839} INFO - DAG(s) dict_keys(['ETL_analytics_video_games']) retrieved from /opt/airflow/dags/2_ETL_mysql_dag/ETL_dag.py
[2023-08-25T09:19:25.843+0000] {logging_mixin.py:151} INFO - [2023-08-25T09:19:25.843+0000] {dag.py:2907} INFO - Sync 1 DAGs
[2023-08-25T09:19:25.856+0000] {logging_mixin.py:151} INFO - [2023-08-25T09:19:25.856+0000] {dag.py:3677} INFO - Setting next_dagrun for ETL_analytics_video_games to 2023-08-24T00:00:00+00:00, run_after=2023-08-25T00:00:00+00:00
[2023-08-25T09:19:25.866+0000] {processor.py:179} INFO - Processing /opt/airflow/dags/2_ETL_mysql_dag/ETL_dag.py took 0.060 seconds
[2023-08-25T09:19:56.515+0000] {processor.py:157} INFO - Started process (PID=5545) to work on /opt/airflow/dags/2_ETL_mysql_dag/ETL_dag.py
[2023-08-25T09:19:56.516+0000] {processor.py:829} INFO - Processing file /opt/airflow/dags/2_ETL_mysql_dag/ETL_dag.py for tasks to queue
[2023-08-25T09:19:56.517+0000] {logging_mixin.py:151} INFO - [2023-08-25T09:19:56.517+0000] {dagbag.py:539} INFO - Filling up the DagBag from /opt/airflow/dags/2_ETL_mysql_dag/ETL_dag.py
[2023-08-25T09:19:56.526+0000] {processor.py:839} INFO - DAG(s) dict_keys(['ETL_analytics_video_games']) retrieved from /opt/airflow/dags/2_ETL_mysql_dag/ETL_dag.py
[2023-08-25T09:19:56.549+0000] {logging_mixin.py:151} INFO - [2023-08-25T09:19:56.549+0000] {dag.py:2907} INFO - Sync 1 DAGs
[2023-08-25T09:19:56.562+0000] {logging_mixin.py:151} INFO - [2023-08-25T09:19:56.562+0000] {dag.py:3677} INFO - Setting next_dagrun for ETL_analytics_video_games to 2023-08-24T00:00:00+00:00, run_after=2023-08-25T00:00:00+00:00
[2023-08-25T09:19:56.573+0000] {processor.py:179} INFO - Processing /opt/airflow/dags/2_ETL_mysql_dag/ETL_dag.py took 0.061 seconds
[2023-08-25T09:20:27.302+0000] {processor.py:157} INFO - Started process (PID=5561) to work on /opt/airflow/dags/2_ETL_mysql_dag/ETL_dag.py
[2023-08-25T09:20:27.304+0000] {processor.py:829} INFO - Processing file /opt/airflow/dags/2_ETL_mysql_dag/ETL_dag.py for tasks to queue
[2023-08-25T09:20:27.304+0000] {logging_mixin.py:151} INFO - [2023-08-25T09:20:27.304+0000] {dagbag.py:539} INFO - Filling up the DagBag from /opt/airflow/dags/2_ETL_mysql_dag/ETL_dag.py
[2023-08-25T09:20:27.315+0000] {processor.py:839} INFO - DAG(s) dict_keys(['ETL_analytics_video_games']) retrieved from /opt/airflow/dags/2_ETL_mysql_dag/ETL_dag.py
[2023-08-25T09:20:27.341+0000] {logging_mixin.py:151} INFO - [2023-08-25T09:20:27.341+0000] {dag.py:2907} INFO - Sync 1 DAGs
[2023-08-25T09:20:27.356+0000] {logging_mixin.py:151} INFO - [2023-08-25T09:20:27.356+0000] {dag.py:3677} INFO - Setting next_dagrun for ETL_analytics_video_games to 2023-08-24T00:00:00+00:00, run_after=2023-08-25T00:00:00+00:00
[2023-08-25T09:20:27.369+0000] {processor.py:179} INFO - Processing /opt/airflow/dags/2_ETL_mysql_dag/ETL_dag.py took 0.070 seconds
[2023-08-25T09:20:58.012+0000] {processor.py:157} INFO - Started process (PID=5577) to work on /opt/airflow/dags/2_ETL_mysql_dag/ETL_dag.py
[2023-08-25T09:20:58.013+0000] {processor.py:829} INFO - Processing file /opt/airflow/dags/2_ETL_mysql_dag/ETL_dag.py for tasks to queue
[2023-08-25T09:20:58.014+0000] {logging_mixin.py:151} INFO - [2023-08-25T09:20:58.014+0000] {dagbag.py:539} INFO - Filling up the DagBag from /opt/airflow/dags/2_ETL_mysql_dag/ETL_dag.py
[2023-08-25T09:20:58.024+0000] {processor.py:839} INFO - DAG(s) dict_keys(['ETL_analytics_video_games']) retrieved from /opt/airflow/dags/2_ETL_mysql_dag/ETL_dag.py
[2023-08-25T09:20:58.046+0000] {logging_mixin.py:151} INFO - [2023-08-25T09:20:58.045+0000] {dag.py:2907} INFO - Sync 1 DAGs
[2023-08-25T09:20:58.058+0000] {logging_mixin.py:151} INFO - [2023-08-25T09:20:58.058+0000] {dag.py:3677} INFO - Setting next_dagrun for ETL_analytics_video_games to 2023-08-24T00:00:00+00:00, run_after=2023-08-25T00:00:00+00:00
[2023-08-25T09:20:58.068+0000] {processor.py:179} INFO - Processing /opt/airflow/dags/2_ETL_mysql_dag/ETL_dag.py took 0.058 seconds
[2023-08-25T09:21:28.705+0000] {processor.py:157} INFO - Started process (PID=5593) to work on /opt/airflow/dags/2_ETL_mysql_dag/ETL_dag.py
[2023-08-25T09:21:28.706+0000] {processor.py:829} INFO - Processing file /opt/airflow/dags/2_ETL_mysql_dag/ETL_dag.py for tasks to queue
[2023-08-25T09:21:28.707+0000] {logging_mixin.py:151} INFO - [2023-08-25T09:21:28.707+0000] {dagbag.py:539} INFO - Filling up the DagBag from /opt/airflow/dags/2_ETL_mysql_dag/ETL_dag.py
[2023-08-25T09:21:28.717+0000] {processor.py:839} INFO - DAG(s) dict_keys(['ETL_analytics_video_games']) retrieved from /opt/airflow/dags/2_ETL_mysql_dag/ETL_dag.py
[2023-08-25T09:21:28.738+0000] {logging_mixin.py:151} INFO - [2023-08-25T09:21:28.738+0000] {dag.py:2907} INFO - Sync 1 DAGs
[2023-08-25T09:21:28.751+0000] {logging_mixin.py:151} INFO - [2023-08-25T09:21:28.751+0000] {dag.py:3677} INFO - Setting next_dagrun for ETL_analytics_video_games to 2023-08-24T00:00:00+00:00, run_after=2023-08-25T00:00:00+00:00
[2023-08-25T09:21:28.760+0000] {processor.py:179} INFO - Processing /opt/airflow/dags/2_ETL_mysql_dag/ETL_dag.py took 0.057 seconds
[2023-08-25T09:21:59.385+0000] {processor.py:157} INFO - Started process (PID=5609) to work on /opt/airflow/dags/2_ETL_mysql_dag/ETL_dag.py
[2023-08-25T09:21:59.386+0000] {processor.py:829} INFO - Processing file /opt/airflow/dags/2_ETL_mysql_dag/ETL_dag.py for tasks to queue
[2023-08-25T09:21:59.387+0000] {logging_mixin.py:151} INFO - [2023-08-25T09:21:59.387+0000] {dagbag.py:539} INFO - Filling up the DagBag from /opt/airflow/dags/2_ETL_mysql_dag/ETL_dag.py
[2023-08-25T09:21:59.397+0000] {processor.py:839} INFO - DAG(s) dict_keys(['ETL_analytics_video_games']) retrieved from /opt/airflow/dags/2_ETL_mysql_dag/ETL_dag.py
[2023-08-25T09:21:59.419+0000] {logging_mixin.py:151} INFO - [2023-08-25T09:21:59.419+0000] {dag.py:2907} INFO - Sync 1 DAGs
[2023-08-25T09:21:59.432+0000] {logging_mixin.py:151} INFO - [2023-08-25T09:21:59.432+0000] {dag.py:3677} INFO - Setting next_dagrun for ETL_analytics_video_games to 2023-08-24T00:00:00+00:00, run_after=2023-08-25T00:00:00+00:00
[2023-08-25T09:21:59.442+0000] {processor.py:179} INFO - Processing /opt/airflow/dags/2_ETL_mysql_dag/ETL_dag.py took 0.060 seconds
[2023-08-25T09:22:30.203+0000] {processor.py:157} INFO - Started process (PID=5624) to work on /opt/airflow/dags/2_ETL_mysql_dag/ETL_dag.py
[2023-08-25T09:22:30.205+0000] {processor.py:829} INFO - Processing file /opt/airflow/dags/2_ETL_mysql_dag/ETL_dag.py for tasks to queue
[2023-08-25T09:22:30.206+0000] {logging_mixin.py:151} INFO - [2023-08-25T09:22:30.206+0000] {dagbag.py:539} INFO - Filling up the DagBag from /opt/airflow/dags/2_ETL_mysql_dag/ETL_dag.py
[2023-08-25T09:22:30.216+0000] {processor.py:839} INFO - DAG(s) dict_keys(['ETL_analytics_video_games']) retrieved from /opt/airflow/dags/2_ETL_mysql_dag/ETL_dag.py
[2023-08-25T09:22:30.238+0000] {logging_mixin.py:151} INFO - [2023-08-25T09:22:30.238+0000] {dag.py:2907} INFO - Sync 1 DAGs
[2023-08-25T09:22:30.253+0000] {logging_mixin.py:151} INFO - [2023-08-25T09:22:30.253+0000] {dag.py:3677} INFO - Setting next_dagrun for ETL_analytics_video_games to 2023-08-24T00:00:00+00:00, run_after=2023-08-25T00:00:00+00:00
[2023-08-25T09:22:30.263+0000] {processor.py:179} INFO - Processing /opt/airflow/dags/2_ETL_mysql_dag/ETL_dag.py took 0.063 seconds
[2023-08-25T09:23:00.993+0000] {processor.py:157} INFO - Started process (PID=5640) to work on /opt/airflow/dags/2_ETL_mysql_dag/ETL_dag.py
[2023-08-25T09:23:00.994+0000] {processor.py:829} INFO - Processing file /opt/airflow/dags/2_ETL_mysql_dag/ETL_dag.py for tasks to queue
[2023-08-25T09:23:00.995+0000] {logging_mixin.py:151} INFO - [2023-08-25T09:23:00.995+0000] {dagbag.py:539} INFO - Filling up the DagBag from /opt/airflow/dags/2_ETL_mysql_dag/ETL_dag.py
[2023-08-25T09:23:01.004+0000] {processor.py:839} INFO - DAG(s) dict_keys(['ETL_analytics_video_games']) retrieved from /opt/airflow/dags/2_ETL_mysql_dag/ETL_dag.py
[2023-08-25T09:23:01.026+0000] {logging_mixin.py:151} INFO - [2023-08-25T09:23:01.026+0000] {dag.py:2907} INFO - Sync 1 DAGs
[2023-08-25T09:23:01.039+0000] {logging_mixin.py:151} INFO - [2023-08-25T09:23:01.039+0000] {dag.py:3677} INFO - Setting next_dagrun for ETL_analytics_video_games to 2023-08-24T00:00:00+00:00, run_after=2023-08-25T00:00:00+00:00
[2023-08-25T09:23:01.049+0000] {processor.py:179} INFO - Processing /opt/airflow/dags/2_ETL_mysql_dag/ETL_dag.py took 0.059 seconds
[2023-08-25T09:23:31.706+0000] {processor.py:157} INFO - Started process (PID=5656) to work on /opt/airflow/dags/2_ETL_mysql_dag/ETL_dag.py
[2023-08-25T09:23:31.707+0000] {processor.py:829} INFO - Processing file /opt/airflow/dags/2_ETL_mysql_dag/ETL_dag.py for tasks to queue
[2023-08-25T09:23:31.708+0000] {logging_mixin.py:151} INFO - [2023-08-25T09:23:31.707+0000] {dagbag.py:539} INFO - Filling up the DagBag from /opt/airflow/dags/2_ETL_mysql_dag/ETL_dag.py
[2023-08-25T09:23:31.717+0000] {processor.py:839} INFO - DAG(s) dict_keys(['ETL_analytics_video_games']) retrieved from /opt/airflow/dags/2_ETL_mysql_dag/ETL_dag.py
[2023-08-25T09:23:31.738+0000] {logging_mixin.py:151} INFO - [2023-08-25T09:23:31.738+0000] {dag.py:2907} INFO - Sync 1 DAGs
[2023-08-25T09:23:31.751+0000] {logging_mixin.py:151} INFO - [2023-08-25T09:23:31.751+0000] {dag.py:3677} INFO - Setting next_dagrun for ETL_analytics_video_games to 2023-08-24T00:00:00+00:00, run_after=2023-08-25T00:00:00+00:00
[2023-08-25T09:23:31.760+0000] {processor.py:179} INFO - Processing /opt/airflow/dags/2_ETL_mysql_dag/ETL_dag.py took 0.058 seconds
[2023-08-25T09:24:02.507+0000] {processor.py:157} INFO - Started process (PID=5672) to work on /opt/airflow/dags/2_ETL_mysql_dag/ETL_dag.py
[2023-08-25T09:24:02.509+0000] {processor.py:829} INFO - Processing file /opt/airflow/dags/2_ETL_mysql_dag/ETL_dag.py for tasks to queue
[2023-08-25T09:24:02.509+0000] {logging_mixin.py:151} INFO - [2023-08-25T09:24:02.509+0000] {dagbag.py:539} INFO - Filling up the DagBag from /opt/airflow/dags/2_ETL_mysql_dag/ETL_dag.py
[2023-08-25T09:24:02.519+0000] {processor.py:839} INFO - DAG(s) dict_keys(['ETL_analytics_video_games']) retrieved from /opt/airflow/dags/2_ETL_mysql_dag/ETL_dag.py
[2023-08-25T09:24:02.540+0000] {logging_mixin.py:151} INFO - [2023-08-25T09:24:02.540+0000] {dag.py:2907} INFO - Sync 1 DAGs
[2023-08-25T09:24:02.554+0000] {logging_mixin.py:151} INFO - [2023-08-25T09:24:02.554+0000] {dag.py:3677} INFO - Setting next_dagrun for ETL_analytics_video_games to 2023-08-24T00:00:00+00:00, run_after=2023-08-25T00:00:00+00:00
[2023-08-25T09:24:02.566+0000] {processor.py:179} INFO - Processing /opt/airflow/dags/2_ETL_mysql_dag/ETL_dag.py took 0.062 seconds
[2023-08-25T09:24:33.280+0000] {processor.py:157} INFO - Started process (PID=5688) to work on /opt/airflow/dags/2_ETL_mysql_dag/ETL_dag.py
[2023-08-25T09:24:33.281+0000] {processor.py:829} INFO - Processing file /opt/airflow/dags/2_ETL_mysql_dag/ETL_dag.py for tasks to queue
[2023-08-25T09:24:33.282+0000] {logging_mixin.py:151} INFO - [2023-08-25T09:24:33.282+0000] {dagbag.py:539} INFO - Filling up the DagBag from /opt/airflow/dags/2_ETL_mysql_dag/ETL_dag.py
[2023-08-25T09:24:33.293+0000] {processor.py:839} INFO - DAG(s) dict_keys(['ETL_analytics_video_games']) retrieved from /opt/airflow/dags/2_ETL_mysql_dag/ETL_dag.py
[2023-08-25T09:24:33.317+0000] {logging_mixin.py:151} INFO - [2023-08-25T09:24:33.316+0000] {dag.py:2907} INFO - Sync 1 DAGs
[2023-08-25T09:24:33.331+0000] {logging_mixin.py:151} INFO - [2023-08-25T09:24:33.331+0000] {dag.py:3677} INFO - Setting next_dagrun for ETL_analytics_video_games to 2023-08-24T00:00:00+00:00, run_after=2023-08-25T00:00:00+00:00
[2023-08-25T09:24:33.341+0000] {processor.py:179} INFO - Processing /opt/airflow/dags/2_ETL_mysql_dag/ETL_dag.py took 0.063 seconds
[2023-08-25T09:25:04.153+0000] {processor.py:157} INFO - Started process (PID=5704) to work on /opt/airflow/dags/2_ETL_mysql_dag/ETL_dag.py
[2023-08-25T09:25:04.155+0000] {processor.py:829} INFO - Processing file /opt/airflow/dags/2_ETL_mysql_dag/ETL_dag.py for tasks to queue
[2023-08-25T09:25:04.156+0000] {logging_mixin.py:151} INFO - [2023-08-25T09:25:04.155+0000] {dagbag.py:539} INFO - Filling up the DagBag from /opt/airflow/dags/2_ETL_mysql_dag/ETL_dag.py
[2023-08-25T09:25:04.165+0000] {processor.py:839} INFO - DAG(s) dict_keys(['ETL_analytics_video_games']) retrieved from /opt/airflow/dags/2_ETL_mysql_dag/ETL_dag.py
[2023-08-25T09:25:04.188+0000] {logging_mixin.py:151} INFO - [2023-08-25T09:25:04.188+0000] {dag.py:2907} INFO - Sync 1 DAGs
[2023-08-25T09:25:04.202+0000] {logging_mixin.py:151} INFO - [2023-08-25T09:25:04.202+0000] {dag.py:3677} INFO - Setting next_dagrun for ETL_analytics_video_games to 2023-08-24T00:00:00+00:00, run_after=2023-08-25T00:00:00+00:00
[2023-08-25T09:25:04.213+0000] {processor.py:179} INFO - Processing /opt/airflow/dags/2_ETL_mysql_dag/ETL_dag.py took 0.063 seconds
[2023-08-25T09:25:34.851+0000] {processor.py:157} INFO - Started process (PID=5720) to work on /opt/airflow/dags/2_ETL_mysql_dag/ETL_dag.py
[2023-08-25T09:25:34.853+0000] {processor.py:829} INFO - Processing file /opt/airflow/dags/2_ETL_mysql_dag/ETL_dag.py for tasks to queue
[2023-08-25T09:25:34.854+0000] {logging_mixin.py:151} INFO - [2023-08-25T09:25:34.853+0000] {dagbag.py:539} INFO - Filling up the DagBag from /opt/airflow/dags/2_ETL_mysql_dag/ETL_dag.py
[2023-08-25T09:25:34.873+0000] {processor.py:839} INFO - DAG(s) dict_keys(['ETL_analytics_video_games']) retrieved from /opt/airflow/dags/2_ETL_mysql_dag/ETL_dag.py
[2023-08-25T09:25:34.897+0000] {logging_mixin.py:151} INFO - [2023-08-25T09:25:34.897+0000] {dag.py:2907} INFO - Sync 1 DAGs
[2023-08-25T09:25:34.911+0000] {logging_mixin.py:151} INFO - [2023-08-25T09:25:34.911+0000] {dag.py:3677} INFO - Setting next_dagrun for ETL_analytics_video_games to 2023-08-24T00:00:00+00:00, run_after=2023-08-25T00:00:00+00:00
[2023-08-25T09:25:34.923+0000] {processor.py:179} INFO - Processing /opt/airflow/dags/2_ETL_mysql_dag/ETL_dag.py took 0.076 seconds
[2023-08-25T09:26:05.641+0000] {processor.py:157} INFO - Started process (PID=5736) to work on /opt/airflow/dags/2_ETL_mysql_dag/ETL_dag.py
[2023-08-25T09:26:05.642+0000] {processor.py:829} INFO - Processing file /opt/airflow/dags/2_ETL_mysql_dag/ETL_dag.py for tasks to queue
[2023-08-25T09:26:05.643+0000] {logging_mixin.py:151} INFO - [2023-08-25T09:26:05.643+0000] {dagbag.py:539} INFO - Filling up the DagBag from /opt/airflow/dags/2_ETL_mysql_dag/ETL_dag.py
[2023-08-25T09:26:05.653+0000] {processor.py:839} INFO - DAG(s) dict_keys(['ETL_analytics_video_games']) retrieved from /opt/airflow/dags/2_ETL_mysql_dag/ETL_dag.py
[2023-08-25T09:26:05.674+0000] {logging_mixin.py:151} INFO - [2023-08-25T09:26:05.674+0000] {dag.py:2907} INFO - Sync 1 DAGs
[2023-08-25T09:26:05.686+0000] {logging_mixin.py:151} INFO - [2023-08-25T09:26:05.686+0000] {dag.py:3677} INFO - Setting next_dagrun for ETL_analytics_video_games to 2023-08-24T00:00:00+00:00, run_after=2023-08-25T00:00:00+00:00
[2023-08-25T09:26:05.697+0000] {processor.py:179} INFO - Processing /opt/airflow/dags/2_ETL_mysql_dag/ETL_dag.py took 0.059 seconds
[2023-08-25T09:26:36.417+0000] {processor.py:157} INFO - Started process (PID=5752) to work on /opt/airflow/dags/2_ETL_mysql_dag/ETL_dag.py
[2023-08-25T09:26:36.418+0000] {processor.py:829} INFO - Processing file /opt/airflow/dags/2_ETL_mysql_dag/ETL_dag.py for tasks to queue
[2023-08-25T09:26:36.419+0000] {logging_mixin.py:151} INFO - [2023-08-25T09:26:36.419+0000] {dagbag.py:539} INFO - Filling up the DagBag from /opt/airflow/dags/2_ETL_mysql_dag/ETL_dag.py
[2023-08-25T09:26:36.429+0000] {processor.py:839} INFO - DAG(s) dict_keys(['ETL_analytics_video_games']) retrieved from /opt/airflow/dags/2_ETL_mysql_dag/ETL_dag.py
[2023-08-25T09:26:36.453+0000] {logging_mixin.py:151} INFO - [2023-08-25T09:26:36.453+0000] {dag.py:2907} INFO - Sync 1 DAGs
[2023-08-25T09:26:36.468+0000] {logging_mixin.py:151} INFO - [2023-08-25T09:26:36.468+0000] {dag.py:3677} INFO - Setting next_dagrun for ETL_analytics_video_games to 2023-08-24T00:00:00+00:00, run_after=2023-08-25T00:00:00+00:00
[2023-08-25T09:26:36.479+0000] {processor.py:179} INFO - Processing /opt/airflow/dags/2_ETL_mysql_dag/ETL_dag.py took 0.065 seconds
[2023-08-25T09:27:07.289+0000] {processor.py:157} INFO - Started process (PID=5768) to work on /opt/airflow/dags/2_ETL_mysql_dag/ETL_dag.py
[2023-08-25T09:27:07.290+0000] {processor.py:829} INFO - Processing file /opt/airflow/dags/2_ETL_mysql_dag/ETL_dag.py for tasks to queue
[2023-08-25T09:27:07.291+0000] {logging_mixin.py:151} INFO - [2023-08-25T09:27:07.290+0000] {dagbag.py:539} INFO - Filling up the DagBag from /opt/airflow/dags/2_ETL_mysql_dag/ETL_dag.py
[2023-08-25T09:27:07.300+0000] {processor.py:839} INFO - DAG(s) dict_keys(['ETL_analytics_video_games']) retrieved from /opt/airflow/dags/2_ETL_mysql_dag/ETL_dag.py
[2023-08-25T09:27:07.323+0000] {logging_mixin.py:151} INFO - [2023-08-25T09:27:07.323+0000] {dag.py:2907} INFO - Sync 1 DAGs
[2023-08-25T09:27:07.338+0000] {logging_mixin.py:151} INFO - [2023-08-25T09:27:07.337+0000] {dag.py:3677} INFO - Setting next_dagrun for ETL_analytics_video_games to 2023-08-24T00:00:00+00:00, run_after=2023-08-25T00:00:00+00:00
[2023-08-25T09:27:07.348+0000] {processor.py:179} INFO - Processing /opt/airflow/dags/2_ETL_mysql_dag/ETL_dag.py took 0.062 seconds
[2023-08-25T09:27:38.152+0000] {processor.py:157} INFO - Started process (PID=5783) to work on /opt/airflow/dags/2_ETL_mysql_dag/ETL_dag.py
[2023-08-25T09:27:38.153+0000] {processor.py:829} INFO - Processing file /opt/airflow/dags/2_ETL_mysql_dag/ETL_dag.py for tasks to queue
[2023-08-25T09:27:38.154+0000] {logging_mixin.py:151} INFO - [2023-08-25T09:27:38.154+0000] {dagbag.py:539} INFO - Filling up the DagBag from /opt/airflow/dags/2_ETL_mysql_dag/ETL_dag.py
[2023-08-25T09:27:38.165+0000] {processor.py:839} INFO - DAG(s) dict_keys(['ETL_analytics_video_games']) retrieved from /opt/airflow/dags/2_ETL_mysql_dag/ETL_dag.py
[2023-08-25T09:27:38.188+0000] {logging_mixin.py:151} INFO - [2023-08-25T09:27:38.188+0000] {dag.py:2907} INFO - Sync 1 DAGs
[2023-08-25T09:27:38.201+0000] {logging_mixin.py:151} INFO - [2023-08-25T09:27:38.201+0000] {dag.py:3677} INFO - Setting next_dagrun for ETL_analytics_video_games to 2023-08-24T00:00:00+00:00, run_after=2023-08-25T00:00:00+00:00
[2023-08-25T09:27:38.210+0000] {processor.py:179} INFO - Processing /opt/airflow/dags/2_ETL_mysql_dag/ETL_dag.py took 0.061 seconds
[2023-08-25T09:28:08.970+0000] {processor.py:157} INFO - Started process (PID=5799) to work on /opt/airflow/dags/2_ETL_mysql_dag/ETL_dag.py
[2023-08-25T09:28:08.972+0000] {processor.py:829} INFO - Processing file /opt/airflow/dags/2_ETL_mysql_dag/ETL_dag.py for tasks to queue
[2023-08-25T09:28:08.973+0000] {logging_mixin.py:151} INFO - [2023-08-25T09:28:08.972+0000] {dagbag.py:539} INFO - Filling up the DagBag from /opt/airflow/dags/2_ETL_mysql_dag/ETL_dag.py
[2023-08-25T09:28:08.983+0000] {processor.py:839} INFO - DAG(s) dict_keys(['ETL_analytics_video_games']) retrieved from /opt/airflow/dags/2_ETL_mysql_dag/ETL_dag.py
[2023-08-25T09:28:09.008+0000] {logging_mixin.py:151} INFO - [2023-08-25T09:28:09.008+0000] {dag.py:2907} INFO - Sync 1 DAGs
[2023-08-25T09:28:09.023+0000] {logging_mixin.py:151} INFO - [2023-08-25T09:28:09.022+0000] {dag.py:3677} INFO - Setting next_dagrun for ETL_analytics_video_games to 2023-08-24T00:00:00+00:00, run_after=2023-08-25T00:00:00+00:00
[2023-08-25T09:28:09.034+0000] {processor.py:179} INFO - Processing /opt/airflow/dags/2_ETL_mysql_dag/ETL_dag.py took 0.067 seconds
[2023-08-25T09:28:39.702+0000] {processor.py:157} INFO - Started process (PID=5815) to work on /opt/airflow/dags/2_ETL_mysql_dag/ETL_dag.py
[2023-08-25T09:28:39.703+0000] {processor.py:829} INFO - Processing file /opt/airflow/dags/2_ETL_mysql_dag/ETL_dag.py for tasks to queue
[2023-08-25T09:28:39.704+0000] {logging_mixin.py:151} INFO - [2023-08-25T09:28:39.703+0000] {dagbag.py:539} INFO - Filling up the DagBag from /opt/airflow/dags/2_ETL_mysql_dag/ETL_dag.py
[2023-08-25T09:28:39.713+0000] {processor.py:839} INFO - DAG(s) dict_keys(['ETL_analytics_video_games']) retrieved from /opt/airflow/dags/2_ETL_mysql_dag/ETL_dag.py
[2023-08-25T09:28:39.734+0000] {logging_mixin.py:151} INFO - [2023-08-25T09:28:39.734+0000] {dag.py:2907} INFO - Sync 1 DAGs
[2023-08-25T09:28:39.747+0000] {logging_mixin.py:151} INFO - [2023-08-25T09:28:39.747+0000] {dag.py:3677} INFO - Setting next_dagrun for ETL_analytics_video_games to 2023-08-24T00:00:00+00:00, run_after=2023-08-25T00:00:00+00:00
[2023-08-25T09:28:39.757+0000] {processor.py:179} INFO - Processing /opt/airflow/dags/2_ETL_mysql_dag/ETL_dag.py took 0.058 seconds
[2023-08-25T09:29:10.436+0000] {processor.py:157} INFO - Started process (PID=5831) to work on /opt/airflow/dags/2_ETL_mysql_dag/ETL_dag.py
[2023-08-25T09:29:10.437+0000] {processor.py:829} INFO - Processing file /opt/airflow/dags/2_ETL_mysql_dag/ETL_dag.py for tasks to queue
[2023-08-25T09:29:10.438+0000] {logging_mixin.py:151} INFO - [2023-08-25T09:29:10.438+0000] {dagbag.py:539} INFO - Filling up the DagBag from /opt/airflow/dags/2_ETL_mysql_dag/ETL_dag.py
[2023-08-25T09:29:10.448+0000] {processor.py:839} INFO - DAG(s) dict_keys(['ETL_analytics_video_games']) retrieved from /opt/airflow/dags/2_ETL_mysql_dag/ETL_dag.py
[2023-08-25T09:29:10.470+0000] {logging_mixin.py:151} INFO - [2023-08-25T09:29:10.470+0000] {dag.py:2907} INFO - Sync 1 DAGs
[2023-08-25T09:29:10.482+0000] {logging_mixin.py:151} INFO - [2023-08-25T09:29:10.482+0000] {dag.py:3677} INFO - Setting next_dagrun for ETL_analytics_video_games to 2023-08-24T00:00:00+00:00, run_after=2023-08-25T00:00:00+00:00
[2023-08-25T09:29:10.491+0000] {processor.py:179} INFO - Processing /opt/airflow/dags/2_ETL_mysql_dag/ETL_dag.py took 0.058 seconds
[2023-08-25T09:29:41.277+0000] {processor.py:157} INFO - Started process (PID=5847) to work on /opt/airflow/dags/2_ETL_mysql_dag/ETL_dag.py
[2023-08-25T09:29:41.278+0000] {processor.py:829} INFO - Processing file /opt/airflow/dags/2_ETL_mysql_dag/ETL_dag.py for tasks to queue
[2023-08-25T09:29:41.279+0000] {logging_mixin.py:151} INFO - [2023-08-25T09:29:41.278+0000] {dagbag.py:539} INFO - Filling up the DagBag from /opt/airflow/dags/2_ETL_mysql_dag/ETL_dag.py
[2023-08-25T09:29:41.288+0000] {processor.py:839} INFO - DAG(s) dict_keys(['ETL_analytics_video_games']) retrieved from /opt/airflow/dags/2_ETL_mysql_dag/ETL_dag.py
[2023-08-25T09:29:41.310+0000] {logging_mixin.py:151} INFO - [2023-08-25T09:29:41.310+0000] {dag.py:2907} INFO - Sync 1 DAGs
[2023-08-25T09:29:41.322+0000] {logging_mixin.py:151} INFO - [2023-08-25T09:29:41.322+0000] {dag.py:3677} INFO - Setting next_dagrun for ETL_analytics_video_games to 2023-08-24T00:00:00+00:00, run_after=2023-08-25T00:00:00+00:00
[2023-08-25T09:29:41.332+0000] {processor.py:179} INFO - Processing /opt/airflow/dags/2_ETL_mysql_dag/ETL_dag.py took 0.058 seconds
[2023-08-25T09:30:12.054+0000] {processor.py:157} INFO - Started process (PID=5863) to work on /opt/airflow/dags/2_ETL_mysql_dag/ETL_dag.py
[2023-08-25T09:30:12.055+0000] {processor.py:829} INFO - Processing file /opt/airflow/dags/2_ETL_mysql_dag/ETL_dag.py for tasks to queue
[2023-08-25T09:30:12.056+0000] {logging_mixin.py:151} INFO - [2023-08-25T09:30:12.055+0000] {dagbag.py:539} INFO - Filling up the DagBag from /opt/airflow/dags/2_ETL_mysql_dag/ETL_dag.py
[2023-08-25T09:30:12.065+0000] {processor.py:839} INFO - DAG(s) dict_keys(['ETL_analytics_video_games']) retrieved from /opt/airflow/dags/2_ETL_mysql_dag/ETL_dag.py
[2023-08-25T09:30:12.087+0000] {logging_mixin.py:151} INFO - [2023-08-25T09:30:12.087+0000] {dag.py:2907} INFO - Sync 1 DAGs
[2023-08-25T09:30:12.100+0000] {logging_mixin.py:151} INFO - [2023-08-25T09:30:12.100+0000] {dag.py:3677} INFO - Setting next_dagrun for ETL_analytics_video_games to 2023-08-24T00:00:00+00:00, run_after=2023-08-25T00:00:00+00:00
[2023-08-25T09:30:12.110+0000] {processor.py:179} INFO - Processing /opt/airflow/dags/2_ETL_mysql_dag/ETL_dag.py took 0.059 seconds
[2023-08-25T09:30:42.875+0000] {processor.py:157} INFO - Started process (PID=5879) to work on /opt/airflow/dags/2_ETL_mysql_dag/ETL_dag.py
[2023-08-25T09:30:42.877+0000] {processor.py:829} INFO - Processing file /opt/airflow/dags/2_ETL_mysql_dag/ETL_dag.py for tasks to queue
[2023-08-25T09:30:42.878+0000] {logging_mixin.py:151} INFO - [2023-08-25T09:30:42.877+0000] {dagbag.py:539} INFO - Filling up the DagBag from /opt/airflow/dags/2_ETL_mysql_dag/ETL_dag.py
[2023-08-25T09:30:42.887+0000] {processor.py:839} INFO - DAG(s) dict_keys(['ETL_analytics_video_games']) retrieved from /opt/airflow/dags/2_ETL_mysql_dag/ETL_dag.py
[2023-08-25T09:30:42.908+0000] {logging_mixin.py:151} INFO - [2023-08-25T09:30:42.908+0000] {dag.py:2907} INFO - Sync 1 DAGs
[2023-08-25T09:30:42.921+0000] {logging_mixin.py:151} INFO - [2023-08-25T09:30:42.921+0000] {dag.py:3677} INFO - Setting next_dagrun for ETL_analytics_video_games to 2023-08-24T00:00:00+00:00, run_after=2023-08-25T00:00:00+00:00
[2023-08-25T09:30:42.931+0000] {processor.py:179} INFO - Processing /opt/airflow/dags/2_ETL_mysql_dag/ETL_dag.py took 0.060 seconds
[2023-08-25T09:31:13.540+0000] {processor.py:157} INFO - Started process (PID=5895) to work on /opt/airflow/dags/2_ETL_mysql_dag/ETL_dag.py
[2023-08-25T09:31:13.541+0000] {processor.py:829} INFO - Processing file /opt/airflow/dags/2_ETL_mysql_dag/ETL_dag.py for tasks to queue
[2023-08-25T09:31:13.542+0000] {logging_mixin.py:151} INFO - [2023-08-25T09:31:13.542+0000] {dagbag.py:539} INFO - Filling up the DagBag from /opt/airflow/dags/2_ETL_mysql_dag/ETL_dag.py
[2023-08-25T09:31:13.552+0000] {processor.py:839} INFO - DAG(s) dict_keys(['ETL_analytics_video_games']) retrieved from /opt/airflow/dags/2_ETL_mysql_dag/ETL_dag.py
[2023-08-25T09:31:13.573+0000] {logging_mixin.py:151} INFO - [2023-08-25T09:31:13.573+0000] {dag.py:2907} INFO - Sync 1 DAGs
[2023-08-25T09:31:13.586+0000] {logging_mixin.py:151} INFO - [2023-08-25T09:31:13.586+0000] {dag.py:3677} INFO - Setting next_dagrun for ETL_analytics_video_games to 2023-08-24T00:00:00+00:00, run_after=2023-08-25T00:00:00+00:00
[2023-08-25T09:31:13.595+0000] {processor.py:179} INFO - Processing /opt/airflow/dags/2_ETL_mysql_dag/ETL_dag.py took 0.057 seconds
[2023-08-25T09:31:44.390+0000] {processor.py:157} INFO - Started process (PID=5911) to work on /opt/airflow/dags/2_ETL_mysql_dag/ETL_dag.py
[2023-08-25T09:31:44.391+0000] {processor.py:829} INFO - Processing file /opt/airflow/dags/2_ETL_mysql_dag/ETL_dag.py for tasks to queue
[2023-08-25T09:31:44.392+0000] {logging_mixin.py:151} INFO - [2023-08-25T09:31:44.392+0000] {dagbag.py:539} INFO - Filling up the DagBag from /opt/airflow/dags/2_ETL_mysql_dag/ETL_dag.py
[2023-08-25T09:31:44.403+0000] {processor.py:839} INFO - DAG(s) dict_keys(['ETL_analytics_video_games']) retrieved from /opt/airflow/dags/2_ETL_mysql_dag/ETL_dag.py
[2023-08-25T09:31:44.427+0000] {logging_mixin.py:151} INFO - [2023-08-25T09:31:44.427+0000] {dag.py:2907} INFO - Sync 1 DAGs
[2023-08-25T09:31:44.441+0000] {logging_mixin.py:151} INFO - [2023-08-25T09:31:44.440+0000] {dag.py:3677} INFO - Setting next_dagrun for ETL_analytics_video_games to 2023-08-24T00:00:00+00:00, run_after=2023-08-25T00:00:00+00:00
[2023-08-25T09:31:44.452+0000] {processor.py:179} INFO - Processing /opt/airflow/dags/2_ETL_mysql_dag/ETL_dag.py took 0.065 seconds
[2023-08-25T09:32:15.157+0000] {processor.py:157} INFO - Started process (PID=5927) to work on /opt/airflow/dags/2_ETL_mysql_dag/ETL_dag.py
[2023-08-25T09:32:15.158+0000] {processor.py:829} INFO - Processing file /opt/airflow/dags/2_ETL_mysql_dag/ETL_dag.py for tasks to queue
[2023-08-25T09:32:15.159+0000] {logging_mixin.py:151} INFO - [2023-08-25T09:32:15.159+0000] {dagbag.py:539} INFO - Filling up the DagBag from /opt/airflow/dags/2_ETL_mysql_dag/ETL_dag.py
[2023-08-25T09:32:15.175+0000] {processor.py:839} INFO - DAG(s) dict_keys(['ETL_analytics_video_games']) retrieved from /opt/airflow/dags/2_ETL_mysql_dag/ETL_dag.py
[2023-08-25T09:32:15.200+0000] {logging_mixin.py:151} INFO - [2023-08-25T09:32:15.200+0000] {dag.py:2907} INFO - Sync 1 DAGs
[2023-08-25T09:32:15.214+0000] {logging_mixin.py:151} INFO - [2023-08-25T09:32:15.214+0000] {dag.py:3677} INFO - Setting next_dagrun for ETL_analytics_video_games to 2023-08-24T00:00:00+00:00, run_after=2023-08-25T00:00:00+00:00
[2023-08-25T09:32:15.226+0000] {processor.py:179} INFO - Processing /opt/airflow/dags/2_ETL_mysql_dag/ETL_dag.py took 0.071 seconds
[2023-08-25T09:32:45.867+0000] {processor.py:157} INFO - Started process (PID=5943) to work on /opt/airflow/dags/2_ETL_mysql_dag/ETL_dag.py
[2023-08-25T09:32:45.868+0000] {processor.py:829} INFO - Processing file /opt/airflow/dags/2_ETL_mysql_dag/ETL_dag.py for tasks to queue
[2023-08-25T09:32:45.869+0000] {logging_mixin.py:151} INFO - [2023-08-25T09:32:45.869+0000] {dagbag.py:539} INFO - Filling up the DagBag from /opt/airflow/dags/2_ETL_mysql_dag/ETL_dag.py
[2023-08-25T09:32:45.879+0000] {processor.py:839} INFO - DAG(s) dict_keys(['ETL_analytics_video_games']) retrieved from /opt/airflow/dags/2_ETL_mysql_dag/ETL_dag.py
[2023-08-25T09:32:45.901+0000] {logging_mixin.py:151} INFO - [2023-08-25T09:32:45.901+0000] {dag.py:2907} INFO - Sync 1 DAGs
[2023-08-25T09:32:45.914+0000] {logging_mixin.py:151} INFO - [2023-08-25T09:32:45.914+0000] {dag.py:3677} INFO - Setting next_dagrun for ETL_analytics_video_games to 2023-08-24T00:00:00+00:00, run_after=2023-08-25T00:00:00+00:00
[2023-08-25T09:32:45.924+0000] {processor.py:179} INFO - Processing /opt/airflow/dags/2_ETL_mysql_dag/ETL_dag.py took 0.060 seconds
[2023-08-25T09:33:16.675+0000] {processor.py:157} INFO - Started process (PID=5959) to work on /opt/airflow/dags/2_ETL_mysql_dag/ETL_dag.py
[2023-08-25T09:33:16.677+0000] {processor.py:829} INFO - Processing file /opt/airflow/dags/2_ETL_mysql_dag/ETL_dag.py for tasks to queue
[2023-08-25T09:33:16.679+0000] {logging_mixin.py:151} INFO - [2023-08-25T09:33:16.678+0000] {dagbag.py:539} INFO - Filling up the DagBag from /opt/airflow/dags/2_ETL_mysql_dag/ETL_dag.py
[2023-08-25T09:33:16.690+0000] {processor.py:839} INFO - DAG(s) dict_keys(['ETL_analytics_video_games']) retrieved from /opt/airflow/dags/2_ETL_mysql_dag/ETL_dag.py
[2023-08-25T09:33:16.714+0000] {logging_mixin.py:151} INFO - [2023-08-25T09:33:16.714+0000] {dag.py:2907} INFO - Sync 1 DAGs
[2023-08-25T09:33:16.732+0000] {logging_mixin.py:151} INFO - [2023-08-25T09:33:16.732+0000] {dag.py:3677} INFO - Setting next_dagrun for ETL_analytics_video_games to 2023-08-24T00:00:00+00:00, run_after=2023-08-25T00:00:00+00:00
[2023-08-25T09:33:16.745+0000] {processor.py:179} INFO - Processing /opt/airflow/dags/2_ETL_mysql_dag/ETL_dag.py took 0.072 seconds
[2023-08-25T09:33:47.437+0000] {processor.py:157} INFO - Started process (PID=5986) to work on /opt/airflow/dags/2_ETL_mysql_dag/ETL_dag.py
[2023-08-25T09:33:47.439+0000] {processor.py:829} INFO - Processing file /opt/airflow/dags/2_ETL_mysql_dag/ETL_dag.py for tasks to queue
[2023-08-25T09:33:47.440+0000] {logging_mixin.py:151} INFO - [2023-08-25T09:33:47.439+0000] {dagbag.py:539} INFO - Filling up the DagBag from /opt/airflow/dags/2_ETL_mysql_dag/ETL_dag.py
[2023-08-25T09:33:47.450+0000] {processor.py:839} INFO - DAG(s) dict_keys(['ETL_analytics_video_games']) retrieved from /opt/airflow/dags/2_ETL_mysql_dag/ETL_dag.py
[2023-08-25T09:33:47.472+0000] {logging_mixin.py:151} INFO - [2023-08-25T09:33:47.472+0000] {dag.py:2907} INFO - Sync 1 DAGs
[2023-08-25T09:33:47.486+0000] {logging_mixin.py:151} INFO - [2023-08-25T09:33:47.486+0000] {dag.py:3677} INFO - Setting next_dagrun for ETL_analytics_video_games to 2023-08-25T00:00:00+00:00, run_after=2023-08-26T00:00:00+00:00
[2023-08-25T09:33:47.496+0000] {processor.py:179} INFO - Processing /opt/airflow/dags/2_ETL_mysql_dag/ETL_dag.py took 0.062 seconds
[2023-08-25T09:34:18.239+0000] {processor.py:157} INFO - Started process (PID=6002) to work on /opt/airflow/dags/2_ETL_mysql_dag/ETL_dag.py
[2023-08-25T09:34:18.240+0000] {processor.py:829} INFO - Processing file /opt/airflow/dags/2_ETL_mysql_dag/ETL_dag.py for tasks to queue
[2023-08-25T09:34:18.241+0000] {logging_mixin.py:151} INFO - [2023-08-25T09:34:18.241+0000] {dagbag.py:539} INFO - Filling up the DagBag from /opt/airflow/dags/2_ETL_mysql_dag/ETL_dag.py
[2023-08-25T09:34:18.250+0000] {processor.py:839} INFO - DAG(s) dict_keys(['ETL_analytics_video_games']) retrieved from /opt/airflow/dags/2_ETL_mysql_dag/ETL_dag.py
[2023-08-25T09:34:18.272+0000] {logging_mixin.py:151} INFO - [2023-08-25T09:34:18.272+0000] {dag.py:2907} INFO - Sync 1 DAGs
[2023-08-25T09:34:18.285+0000] {logging_mixin.py:151} INFO - [2023-08-25T09:34:18.284+0000] {dag.py:3677} INFO - Setting next_dagrun for ETL_analytics_video_games to 2023-08-25T00:00:00+00:00, run_after=2023-08-26T00:00:00+00:00
[2023-08-25T09:34:18.295+0000] {processor.py:179} INFO - Processing /opt/airflow/dags/2_ETL_mysql_dag/ETL_dag.py took 0.058 seconds
[2023-08-25T09:34:48.980+0000] {processor.py:157} INFO - Started process (PID=6018) to work on /opt/airflow/dags/2_ETL_mysql_dag/ETL_dag.py
[2023-08-25T09:34:48.982+0000] {processor.py:829} INFO - Processing file /opt/airflow/dags/2_ETL_mysql_dag/ETL_dag.py for tasks to queue
[2023-08-25T09:34:48.983+0000] {logging_mixin.py:151} INFO - [2023-08-25T09:34:48.982+0000] {dagbag.py:539} INFO - Filling up the DagBag from /opt/airflow/dags/2_ETL_mysql_dag/ETL_dag.py
[2023-08-25T09:34:48.994+0000] {processor.py:839} INFO - DAG(s) dict_keys(['ETL_analytics_video_games']) retrieved from /opt/airflow/dags/2_ETL_mysql_dag/ETL_dag.py
[2023-08-25T09:34:49.017+0000] {logging_mixin.py:151} INFO - [2023-08-25T09:34:49.017+0000] {dag.py:2907} INFO - Sync 1 DAGs
[2023-08-25T09:34:49.031+0000] {logging_mixin.py:151} INFO - [2023-08-25T09:34:49.031+0000] {dag.py:3677} INFO - Setting next_dagrun for ETL_analytics_video_games to 2023-08-25T00:00:00+00:00, run_after=2023-08-26T00:00:00+00:00
[2023-08-25T09:34:49.041+0000] {processor.py:179} INFO - Processing /opt/airflow/dags/2_ETL_mysql_dag/ETL_dag.py took 0.064 seconds
[2023-08-25T09:35:19.813+0000] {processor.py:157} INFO - Started process (PID=6034) to work on /opt/airflow/dags/2_ETL_mysql_dag/ETL_dag.py
[2023-08-25T09:35:19.814+0000] {processor.py:829} INFO - Processing file /opt/airflow/dags/2_ETL_mysql_dag/ETL_dag.py for tasks to queue
[2023-08-25T09:35:19.815+0000] {logging_mixin.py:151} INFO - [2023-08-25T09:35:19.815+0000] {dagbag.py:539} INFO - Filling up the DagBag from /opt/airflow/dags/2_ETL_mysql_dag/ETL_dag.py
[2023-08-25T09:35:19.824+0000] {processor.py:839} INFO - DAG(s) dict_keys(['ETL_analytics_video_games']) retrieved from /opt/airflow/dags/2_ETL_mysql_dag/ETL_dag.py
[2023-08-25T09:35:19.846+0000] {logging_mixin.py:151} INFO - [2023-08-25T09:35:19.846+0000] {dag.py:2907} INFO - Sync 1 DAGs
[2023-08-25T09:35:19.858+0000] {logging_mixin.py:151} INFO - [2023-08-25T09:35:19.858+0000] {dag.py:3677} INFO - Setting next_dagrun for ETL_analytics_video_games to 2023-08-25T00:00:00+00:00, run_after=2023-08-26T00:00:00+00:00
[2023-08-25T09:35:19.868+0000] {processor.py:179} INFO - Processing /opt/airflow/dags/2_ETL_mysql_dag/ETL_dag.py took 0.058 seconds
[2023-08-25T09:35:50.528+0000] {processor.py:157} INFO - Started process (PID=6050) to work on /opt/airflow/dags/2_ETL_mysql_dag/ETL_dag.py
[2023-08-25T09:35:50.530+0000] {processor.py:829} INFO - Processing file /opt/airflow/dags/2_ETL_mysql_dag/ETL_dag.py for tasks to queue
[2023-08-25T09:35:50.530+0000] {logging_mixin.py:151} INFO - [2023-08-25T09:35:50.530+0000] {dagbag.py:539} INFO - Filling up the DagBag from /opt/airflow/dags/2_ETL_mysql_dag/ETL_dag.py
[2023-08-25T09:35:50.540+0000] {processor.py:839} INFO - DAG(s) dict_keys(['ETL_analytics_video_games']) retrieved from /opt/airflow/dags/2_ETL_mysql_dag/ETL_dag.py
[2023-08-25T09:35:50.563+0000] {logging_mixin.py:151} INFO - [2023-08-25T09:35:50.563+0000] {dag.py:2907} INFO - Sync 1 DAGs
[2023-08-25T09:35:50.575+0000] {logging_mixin.py:151} INFO - [2023-08-25T09:35:50.575+0000] {dag.py:3677} INFO - Setting next_dagrun for ETL_analytics_video_games to 2023-08-25T00:00:00+00:00, run_after=2023-08-26T00:00:00+00:00
[2023-08-25T09:35:50.586+0000] {processor.py:179} INFO - Processing /opt/airflow/dags/2_ETL_mysql_dag/ETL_dag.py took 0.061 seconds
[2023-08-25T09:36:21.231+0000] {processor.py:157} INFO - Started process (PID=6066) to work on /opt/airflow/dags/2_ETL_mysql_dag/ETL_dag.py
[2023-08-25T09:36:21.233+0000] {processor.py:829} INFO - Processing file /opt/airflow/dags/2_ETL_mysql_dag/ETL_dag.py for tasks to queue
[2023-08-25T09:36:21.233+0000] {logging_mixin.py:151} INFO - [2023-08-25T09:36:21.233+0000] {dagbag.py:539} INFO - Filling up the DagBag from /opt/airflow/dags/2_ETL_mysql_dag/ETL_dag.py
[2023-08-25T09:36:21.244+0000] {processor.py:839} INFO - DAG(s) dict_keys(['ETL_analytics_video_games']) retrieved from /opt/airflow/dags/2_ETL_mysql_dag/ETL_dag.py
[2023-08-25T09:36:21.265+0000] {logging_mixin.py:151} INFO - [2023-08-25T09:36:21.265+0000] {dag.py:2907} INFO - Sync 1 DAGs
[2023-08-25T09:36:21.278+0000] {logging_mixin.py:151} INFO - [2023-08-25T09:36:21.278+0000] {dag.py:3677} INFO - Setting next_dagrun for ETL_analytics_video_games to 2023-08-25T00:00:00+00:00, run_after=2023-08-26T00:00:00+00:00
[2023-08-25T09:36:21.288+0000] {processor.py:179} INFO - Processing /opt/airflow/dags/2_ETL_mysql_dag/ETL_dag.py took 0.060 seconds
[2023-08-25T09:36:51.956+0000] {processor.py:157} INFO - Started process (PID=6082) to work on /opt/airflow/dags/2_ETL_mysql_dag/ETL_dag.py
[2023-08-25T09:36:51.957+0000] {processor.py:829} INFO - Processing file /opt/airflow/dags/2_ETL_mysql_dag/ETL_dag.py for tasks to queue
[2023-08-25T09:36:51.958+0000] {logging_mixin.py:151} INFO - [2023-08-25T09:36:51.957+0000] {dagbag.py:539} INFO - Filling up the DagBag from /opt/airflow/dags/2_ETL_mysql_dag/ETL_dag.py
[2023-08-25T09:36:51.967+0000] {processor.py:839} INFO - DAG(s) dict_keys(['ETL_analytics_video_games']) retrieved from /opt/airflow/dags/2_ETL_mysql_dag/ETL_dag.py
[2023-08-25T09:36:51.989+0000] {logging_mixin.py:151} INFO - [2023-08-25T09:36:51.989+0000] {dag.py:2907} INFO - Sync 1 DAGs
[2023-08-25T09:36:52.002+0000] {logging_mixin.py:151} INFO - [2023-08-25T09:36:52.002+0000] {dag.py:3677} INFO - Setting next_dagrun for ETL_analytics_video_games to 2023-08-25T00:00:00+00:00, run_after=2023-08-26T00:00:00+00:00
[2023-08-25T09:36:52.011+0000] {processor.py:179} INFO - Processing /opt/airflow/dags/2_ETL_mysql_dag/ETL_dag.py took 0.058 seconds
[2023-08-25T09:37:22.812+0000] {processor.py:157} INFO - Started process (PID=6098) to work on /opt/airflow/dags/2_ETL_mysql_dag/ETL_dag.py
[2023-08-25T09:37:22.814+0000] {processor.py:829} INFO - Processing file /opt/airflow/dags/2_ETL_mysql_dag/ETL_dag.py for tasks to queue
[2023-08-25T09:37:22.815+0000] {logging_mixin.py:151} INFO - [2023-08-25T09:37:22.815+0000] {dagbag.py:539} INFO - Filling up the DagBag from /opt/airflow/dags/2_ETL_mysql_dag/ETL_dag.py
[2023-08-25T09:37:22.825+0000] {processor.py:839} INFO - DAG(s) dict_keys(['ETL_analytics_video_games']) retrieved from /opt/airflow/dags/2_ETL_mysql_dag/ETL_dag.py
[2023-08-25T09:37:22.848+0000] {logging_mixin.py:151} INFO - [2023-08-25T09:37:22.848+0000] {dag.py:2907} INFO - Sync 1 DAGs
[2023-08-25T09:37:22.861+0000] {logging_mixin.py:151} INFO - [2023-08-25T09:37:22.861+0000] {dag.py:3677} INFO - Setting next_dagrun for ETL_analytics_video_games to 2023-08-25T00:00:00+00:00, run_after=2023-08-26T00:00:00+00:00
[2023-08-25T09:37:22.871+0000] {processor.py:179} INFO - Processing /opt/airflow/dags/2_ETL_mysql_dag/ETL_dag.py took 0.061 seconds
[2023-08-25T09:37:53.620+0000] {processor.py:157} INFO - Started process (PID=6114) to work on /opt/airflow/dags/2_ETL_mysql_dag/ETL_dag.py
[2023-08-25T09:37:53.622+0000] {processor.py:829} INFO - Processing file /opt/airflow/dags/2_ETL_mysql_dag/ETL_dag.py for tasks to queue
[2023-08-25T09:37:53.623+0000] {logging_mixin.py:151} INFO - [2023-08-25T09:37:53.622+0000] {dagbag.py:539} INFO - Filling up the DagBag from /opt/airflow/dags/2_ETL_mysql_dag/ETL_dag.py
[2023-08-25T09:37:53.633+0000] {processor.py:839} INFO - DAG(s) dict_keys(['ETL_analytics_video_games']) retrieved from /opt/airflow/dags/2_ETL_mysql_dag/ETL_dag.py
[2023-08-25T09:37:53.657+0000] {logging_mixin.py:151} INFO - [2023-08-25T09:37:53.656+0000] {dag.py:2907} INFO - Sync 1 DAGs
[2023-08-25T09:37:53.670+0000] {logging_mixin.py:151} INFO - [2023-08-25T09:37:53.670+0000] {dag.py:3677} INFO - Setting next_dagrun for ETL_analytics_video_games to 2023-08-25T00:00:00+00:00, run_after=2023-08-26T00:00:00+00:00
[2023-08-25T09:37:53.682+0000] {processor.py:179} INFO - Processing /opt/airflow/dags/2_ETL_mysql_dag/ETL_dag.py took 0.065 seconds
[2023-08-25T09:38:24.428+0000] {processor.py:157} INFO - Started process (PID=6137) to work on /opt/airflow/dags/2_ETL_mysql_dag/ETL_dag.py
[2023-08-25T09:38:24.429+0000] {processor.py:829} INFO - Processing file /opt/airflow/dags/2_ETL_mysql_dag/ETL_dag.py for tasks to queue
[2023-08-25T09:38:24.430+0000] {logging_mixin.py:151} INFO - [2023-08-25T09:38:24.430+0000] {dagbag.py:539} INFO - Filling up the DagBag from /opt/airflow/dags/2_ETL_mysql_dag/ETL_dag.py
[2023-08-25T09:38:24.442+0000] {processor.py:839} INFO - DAG(s) dict_keys(['ETL_analytics_video_games']) retrieved from /opt/airflow/dags/2_ETL_mysql_dag/ETL_dag.py
[2023-08-25T09:38:24.468+0000] {logging_mixin.py:151} INFO - [2023-08-25T09:38:24.468+0000] {dag.py:2907} INFO - Sync 1 DAGs
[2023-08-25T09:38:24.482+0000] {logging_mixin.py:151} INFO - [2023-08-25T09:38:24.482+0000] {dag.py:3677} INFO - Setting next_dagrun for ETL_analytics_video_games to 2023-08-25T00:00:00+00:00, run_after=2023-08-26T00:00:00+00:00
[2023-08-25T09:38:24.494+0000] {processor.py:179} INFO - Processing /opt/airflow/dags/2_ETL_mysql_dag/ETL_dag.py took 0.070 seconds
[2023-08-25T09:38:55.088+0000] {processor.py:157} INFO - Started process (PID=6152) to work on /opt/airflow/dags/2_ETL_mysql_dag/ETL_dag.py
[2023-08-25T09:38:55.089+0000] {processor.py:829} INFO - Processing file /opt/airflow/dags/2_ETL_mysql_dag/ETL_dag.py for tasks to queue
[2023-08-25T09:38:55.090+0000] {logging_mixin.py:151} INFO - [2023-08-25T09:38:55.090+0000] {dagbag.py:539} INFO - Filling up the DagBag from /opt/airflow/dags/2_ETL_mysql_dag/ETL_dag.py
[2023-08-25T09:38:55.100+0000] {processor.py:839} INFO - DAG(s) dict_keys(['ETL_analytics_video_games']) retrieved from /opt/airflow/dags/2_ETL_mysql_dag/ETL_dag.py
[2023-08-25T09:38:55.122+0000] {logging_mixin.py:151} INFO - [2023-08-25T09:38:55.122+0000] {dag.py:2907} INFO - Sync 1 DAGs
[2023-08-25T09:38:55.136+0000] {logging_mixin.py:151} INFO - [2023-08-25T09:38:55.136+0000] {dag.py:3677} INFO - Setting next_dagrun for ETL_analytics_video_games to 2023-08-25T00:00:00+00:00, run_after=2023-08-26T00:00:00+00:00
[2023-08-25T09:38:55.146+0000] {processor.py:179} INFO - Processing /opt/airflow/dags/2_ETL_mysql_dag/ETL_dag.py took 0.061 seconds
[2023-08-25T09:39:25.826+0000] {processor.py:157} INFO - Started process (PID=6168) to work on /opt/airflow/dags/2_ETL_mysql_dag/ETL_dag.py
[2023-08-25T09:39:25.828+0000] {processor.py:829} INFO - Processing file /opt/airflow/dags/2_ETL_mysql_dag/ETL_dag.py for tasks to queue
[2023-08-25T09:39:25.829+0000] {logging_mixin.py:151} INFO - [2023-08-25T09:39:25.828+0000] {dagbag.py:539} INFO - Filling up the DagBag from /opt/airflow/dags/2_ETL_mysql_dag/ETL_dag.py
[2023-08-25T09:39:25.838+0000] {processor.py:839} INFO - DAG(s) dict_keys(['ETL_analytics_video_games']) retrieved from /opt/airflow/dags/2_ETL_mysql_dag/ETL_dag.py
[2023-08-25T09:39:25.861+0000] {logging_mixin.py:151} INFO - [2023-08-25T09:39:25.861+0000] {dag.py:2907} INFO - Sync 1 DAGs
[2023-08-25T09:39:25.877+0000] {logging_mixin.py:151} INFO - [2023-08-25T09:39:25.877+0000] {dag.py:3677} INFO - Setting next_dagrun for ETL_analytics_video_games to 2023-08-25T00:00:00+00:00, run_after=2023-08-26T00:00:00+00:00
[2023-08-25T09:39:25.887+0000] {processor.py:179} INFO - Processing /opt/airflow/dags/2_ETL_mysql_dag/ETL_dag.py took 0.064 seconds
[2023-08-25T09:39:56.501+0000] {processor.py:157} INFO - Started process (PID=6184) to work on /opt/airflow/dags/2_ETL_mysql_dag/ETL_dag.py
[2023-08-25T09:39:56.502+0000] {processor.py:829} INFO - Processing file /opt/airflow/dags/2_ETL_mysql_dag/ETL_dag.py for tasks to queue
[2023-08-25T09:39:56.503+0000] {logging_mixin.py:151} INFO - [2023-08-25T09:39:56.503+0000] {dagbag.py:539} INFO - Filling up the DagBag from /opt/airflow/dags/2_ETL_mysql_dag/ETL_dag.py
[2023-08-25T09:39:56.513+0000] {processor.py:839} INFO - DAG(s) dict_keys(['ETL_analytics_video_games']) retrieved from /opt/airflow/dags/2_ETL_mysql_dag/ETL_dag.py
[2023-08-25T09:39:56.539+0000] {logging_mixin.py:151} INFO - [2023-08-25T09:39:56.539+0000] {dag.py:2907} INFO - Sync 1 DAGs
[2023-08-25T09:39:56.553+0000] {logging_mixin.py:151} INFO - [2023-08-25T09:39:56.553+0000] {dag.py:3677} INFO - Setting next_dagrun for ETL_analytics_video_games to 2023-08-25T00:00:00+00:00, run_after=2023-08-26T00:00:00+00:00
[2023-08-25T09:39:56.563+0000] {processor.py:179} INFO - Processing /opt/airflow/dags/2_ETL_mysql_dag/ETL_dag.py took 0.065 seconds
[2023-08-25T09:40:27.319+0000] {processor.py:157} INFO - Started process (PID=6200) to work on /opt/airflow/dags/2_ETL_mysql_dag/ETL_dag.py
[2023-08-25T09:40:27.320+0000] {processor.py:829} INFO - Processing file /opt/airflow/dags/2_ETL_mysql_dag/ETL_dag.py for tasks to queue
[2023-08-25T09:40:27.321+0000] {logging_mixin.py:151} INFO - [2023-08-25T09:40:27.321+0000] {dagbag.py:539} INFO - Filling up the DagBag from /opt/airflow/dags/2_ETL_mysql_dag/ETL_dag.py
[2023-08-25T09:40:27.331+0000] {processor.py:839} INFO - DAG(s) dict_keys(['ETL_analytics_video_games']) retrieved from /opt/airflow/dags/2_ETL_mysql_dag/ETL_dag.py
[2023-08-25T09:40:27.356+0000] {logging_mixin.py:151} INFO - [2023-08-25T09:40:27.356+0000] {dag.py:2907} INFO - Sync 1 DAGs
[2023-08-25T09:40:27.370+0000] {logging_mixin.py:151} INFO - [2023-08-25T09:40:27.370+0000] {dag.py:3677} INFO - Setting next_dagrun for ETL_analytics_video_games to 2023-08-25T00:00:00+00:00, run_after=2023-08-26T00:00:00+00:00
[2023-08-25T09:40:27.382+0000] {processor.py:179} INFO - Processing /opt/airflow/dags/2_ETL_mysql_dag/ETL_dag.py took 0.066 seconds
[2023-08-25T09:40:58.203+0000] {processor.py:157} INFO - Started process (PID=6216) to work on /opt/airflow/dags/2_ETL_mysql_dag/ETL_dag.py
[2023-08-25T09:40:58.204+0000] {processor.py:829} INFO - Processing file /opt/airflow/dags/2_ETL_mysql_dag/ETL_dag.py for tasks to queue
[2023-08-25T09:40:58.205+0000] {logging_mixin.py:151} INFO - [2023-08-25T09:40:58.205+0000] {dagbag.py:539} INFO - Filling up the DagBag from /opt/airflow/dags/2_ETL_mysql_dag/ETL_dag.py
[2023-08-25T09:40:58.216+0000] {processor.py:839} INFO - DAG(s) dict_keys(['ETL_analytics_video_games']) retrieved from /opt/airflow/dags/2_ETL_mysql_dag/ETL_dag.py
[2023-08-25T09:40:58.237+0000] {logging_mixin.py:151} INFO - [2023-08-25T09:40:58.237+0000] {dag.py:2907} INFO - Sync 1 DAGs
[2023-08-25T09:40:58.251+0000] {logging_mixin.py:151} INFO - [2023-08-25T09:40:58.251+0000] {dag.py:3677} INFO - Setting next_dagrun for ETL_analytics_video_games to 2023-08-25T00:00:00+00:00, run_after=2023-08-26T00:00:00+00:00
[2023-08-25T09:40:58.263+0000] {processor.py:179} INFO - Processing /opt/airflow/dags/2_ETL_mysql_dag/ETL_dag.py took 0.062 seconds
[2023-08-25T09:41:29.023+0000] {processor.py:157} INFO - Started process (PID=6232) to work on /opt/airflow/dags/2_ETL_mysql_dag/ETL_dag.py
[2023-08-25T09:41:29.025+0000] {processor.py:829} INFO - Processing file /opt/airflow/dags/2_ETL_mysql_dag/ETL_dag.py for tasks to queue
[2023-08-25T09:41:29.026+0000] {logging_mixin.py:151} INFO - [2023-08-25T09:41:29.025+0000] {dagbag.py:539} INFO - Filling up the DagBag from /opt/airflow/dags/2_ETL_mysql_dag/ETL_dag.py
[2023-08-25T09:41:29.035+0000] {processor.py:839} INFO - DAG(s) dict_keys(['ETL_analytics_video_games']) retrieved from /opt/airflow/dags/2_ETL_mysql_dag/ETL_dag.py
[2023-08-25T09:41:29.058+0000] {logging_mixin.py:151} INFO - [2023-08-25T09:41:29.058+0000] {dag.py:2907} INFO - Sync 1 DAGs
[2023-08-25T09:41:29.075+0000] {logging_mixin.py:151} INFO - [2023-08-25T09:41:29.075+0000] {dag.py:3677} INFO - Setting next_dagrun for ETL_analytics_video_games to 2023-08-25T00:00:00+00:00, run_after=2023-08-26T00:00:00+00:00
[2023-08-25T09:41:29.089+0000] {processor.py:179} INFO - Processing /opt/airflow/dags/2_ETL_mysql_dag/ETL_dag.py took 0.068 seconds
