[2023-08-09T03:46:53.511+0000] {taskinstance.py:1103} INFO - Dependencies all met for dep_context=non-requeueable deps ti=<TaskInstance: taskflow_dag.execute_task2 scheduled__2023-08-08T00:00:00+00:00 [queued]>
[2023-08-09T03:46:53.522+0000] {taskinstance.py:1103} INFO - Dependencies all met for dep_context=requeueable deps ti=<TaskInstance: taskflow_dag.execute_task2 scheduled__2023-08-08T00:00:00+00:00 [queued]>
[2023-08-09T03:46:53.522+0000] {taskinstance.py:1308} INFO - Starting attempt 1 of 1
[2023-08-09T03:46:53.535+0000] {taskinstance.py:1327} INFO - Executing <Task(_PythonDecoratedOperator): execute_task2> on 2023-08-08 00:00:00+00:00
[2023-08-09T03:46:53.542+0000] {standard_task_runner.py:57} INFO - Started process 6004 to run task
[2023-08-09T03:46:53.554+0000] {standard_task_runner.py:84} INFO - Running: ['***', 'tasks', 'run', 'taskflow_dag', 'execute_task2', 'scheduled__2023-08-08T00:00:00+00:00', '--job-id', '72', '--raw', '--subdir', 'DAGS_FOLDER/5_taskflow_api/taskflowoo.py', '--cfg-path', '/tmp/tmpo7vr7on5']
[2023-08-09T03:46:53.556+0000] {standard_task_runner.py:85} INFO - Job 72: Subtask execute_task2
[2023-08-09T03:46:53.681+0000] {task_command.py:410} INFO - Running <TaskInstance: taskflow_dag.execute_task2 scheduled__2023-08-08T00:00:00+00:00 [running]> on host ce583f477705
[2023-08-09T03:46:53.844+0000] {taskinstance.py:1547} INFO - Exporting env vars: AIRFLOW_CTX_DAG_OWNER='Willis' AIRFLOW_CTX_DAG_ID='taskflow_dag' AIRFLOW_CTX_TASK_ID='execute_task2' AIRFLOW_CTX_EXECUTION_DATE='2023-08-08T00:00:00+00:00' AIRFLOW_CTX_TRY_NUMBER='1' AIRFLOW_CTX_DAG_RUN_ID='scheduled__2023-08-08T00:00:00+00:00'
[2023-08-09T03:46:53.846+0000] {logging_mixin.py:150} INFO - Task 2
[2023-08-09T03:46:53.846+0000] {python.py:183} INFO - Done. Returned value was: Output of Task 2
[2023-08-09T03:46:53.884+0000] {taskinstance.py:1350} INFO - Marking task as SUCCESS. dag_id=taskflow_dag, task_id=execute_task2, execution_date=20230808T000000, start_date=20230809T034653, end_date=20230809T034653
[2023-08-09T03:46:53.920+0000] {local_task_job_runner.py:225} INFO - Task exited with return code 0
[2023-08-09T03:46:53.946+0000] {taskinstance.py:2653} INFO - 1 downstream tasks scheduled from follow-on schedule check
[2023-08-09T04:35:31.981+0000] {taskinstance.py:1103} INFO - Dependencies all met for dep_context=non-requeueable deps ti=<TaskInstance: taskflow_dag.execute_task2 scheduled__2023-08-08T00:00:00+00:00 [queued]>
[2023-08-09T04:35:31.991+0000] {taskinstance.py:1103} INFO - Dependencies all met for dep_context=requeueable deps ti=<TaskInstance: taskflow_dag.execute_task2 scheduled__2023-08-08T00:00:00+00:00 [queued]>
[2023-08-09T04:35:31.992+0000] {taskinstance.py:1308} INFO - Starting attempt 1 of 1
[2023-08-09T04:35:32.005+0000] {taskinstance.py:1327} INFO - Executing <Task(_PythonDecoratedOperator): execute_task2> on 2023-08-08 00:00:00+00:00
[2023-08-09T04:35:32.011+0000] {standard_task_runner.py:57} INFO - Started process 6891 to run task
[2023-08-09T04:35:32.018+0000] {standard_task_runner.py:84} INFO - Running: ['***', 'tasks', 'run', 'taskflow_dag', 'execute_task2', 'scheduled__2023-08-08T00:00:00+00:00', '--job-id', '86', '--raw', '--subdir', 'DAGS_FOLDER/5_taskflow_api/taskflow_dag.py', '--cfg-path', '/tmp/tmpfy4qssc7']
[2023-08-09T04:35:32.020+0000] {standard_task_runner.py:85} INFO - Job 86: Subtask execute_task2
[2023-08-09T04:35:32.107+0000] {task_command.py:410} INFO - Running <TaskInstance: taskflow_dag.execute_task2 scheduled__2023-08-08T00:00:00+00:00 [running]> on host ce583f477705
[2023-08-09T04:35:32.187+0000] {taskinstance.py:1547} INFO - Exporting env vars: AIRFLOW_CTX_DAG_OWNER='Willis' AIRFLOW_CTX_DAG_ID='taskflow_dag' AIRFLOW_CTX_TASK_ID='execute_task2' AIRFLOW_CTX_EXECUTION_DATE='2023-08-08T00:00:00+00:00' AIRFLOW_CTX_TRY_NUMBER='1' AIRFLOW_CTX_DAG_RUN_ID='scheduled__2023-08-08T00:00:00+00:00'
[2023-08-09T04:35:32.188+0000] {logging_mixin.py:150} INFO - Task 2
[2023-08-09T04:35:32.189+0000] {python.py:183} INFO - Done. Returned value was: Output of Task 2
[2023-08-09T04:35:32.218+0000] {taskinstance.py:1350} INFO - Marking task as SUCCESS. dag_id=taskflow_dag, task_id=execute_task2, execution_date=20230808T000000, start_date=20230809T043531, end_date=20230809T043532
[2023-08-09T04:35:32.268+0000] {local_task_job_runner.py:225} INFO - Task exited with return code 0
[2023-08-09T04:35:32.291+0000] {taskinstance.py:2653} INFO - 0 downstream tasks scheduled from follow-on schedule check
