[2023-08-09T02:34:10.432+0000] {processor.py:157} INFO - Started process (PID=5521) to work on /opt/airflow/dags/5_taskflow_api/taskflow1.py
[2023-08-09T02:34:10.433+0000] {processor.py:826} INFO - Processing file /opt/airflow/dags/5_taskflow_api/taskflow1.py for tasks to queue
[2023-08-09T02:34:10.434+0000] {logging_mixin.py:150} INFO - [2023-08-09T02:34:10.434+0000] {dagbag.py:541} INFO - Filling up the DagBag from /opt/airflow/dags/5_taskflow_api/taskflow1.py
[2023-08-09T02:34:10.448+0000] {processor.py:836} INFO - DAG(s) dict_keys(['taskflow_dag']) retrieved from /opt/airflow/dags/5_taskflow_api/taskflow1.py
[2023-08-09T02:34:10.532+0000] {logging_mixin.py:150} INFO - [2023-08-09T02:34:10.532+0000] {dag.py:2742} INFO - Sync 1 DAGs
[2023-08-09T02:34:10.671+0000] {logging_mixin.py:150} INFO - [2023-08-09T02:34:10.671+0000] {dag.py:3508} INFO - Setting next_dagrun for taskflow_dag to 2023-08-08T00:00:00+00:00, run_after=2023-08-09T00:00:00+00:00
[2023-08-09T02:34:10.719+0000] {processor.py:179} INFO - Processing /opt/airflow/dags/5_taskflow_api/taskflow1.py took 0.289 seconds
[2023-08-09T02:34:41.579+0000] {processor.py:157} INFO - Started process (PID=5537) to work on /opt/airflow/dags/5_taskflow_api/taskflow1.py
[2023-08-09T02:34:41.581+0000] {processor.py:826} INFO - Processing file /opt/airflow/dags/5_taskflow_api/taskflow1.py for tasks to queue
[2023-08-09T02:34:41.582+0000] {logging_mixin.py:150} INFO - [2023-08-09T02:34:41.581+0000] {dagbag.py:541} INFO - Filling up the DagBag from /opt/airflow/dags/5_taskflow_api/taskflow1.py
[2023-08-09T02:34:41.598+0000] {processor.py:836} INFO - DAG(s) dict_keys(['taskflow_dag']) retrieved from /opt/airflow/dags/5_taskflow_api/taskflow1.py
[2023-08-09T02:34:41.623+0000] {logging_mixin.py:150} INFO - [2023-08-09T02:34:41.623+0000] {dag.py:2742} INFO - Sync 1 DAGs
[2023-08-09T02:34:41.641+0000] {logging_mixin.py:150} INFO - [2023-08-09T02:34:41.641+0000] {dag.py:3508} INFO - Setting next_dagrun for taskflow_dag to 2023-08-08T00:00:00+00:00, run_after=2023-08-09T00:00:00+00:00
[2023-08-09T02:34:41.653+0000] {processor.py:179} INFO - Processing /opt/airflow/dags/5_taskflow_api/taskflow1.py took 0.077 seconds
[2023-08-09T02:35:12.371+0000] {processor.py:157} INFO - Started process (PID=5553) to work on /opt/airflow/dags/5_taskflow_api/taskflow1.py
[2023-08-09T02:35:12.372+0000] {processor.py:826} INFO - Processing file /opt/airflow/dags/5_taskflow_api/taskflow1.py for tasks to queue
[2023-08-09T02:35:12.373+0000] {logging_mixin.py:150} INFO - [2023-08-09T02:35:12.373+0000] {dagbag.py:541} INFO - Filling up the DagBag from /opt/airflow/dags/5_taskflow_api/taskflow1.py
[2023-08-09T02:35:12.385+0000] {processor.py:836} INFO - DAG(s) dict_keys(['taskflow_dag']) retrieved from /opt/airflow/dags/5_taskflow_api/taskflow1.py
[2023-08-09T02:35:12.407+0000] {logging_mixin.py:150} INFO - [2023-08-09T02:35:12.407+0000] {dag.py:2742} INFO - Sync 1 DAGs
[2023-08-09T02:35:12.423+0000] {logging_mixin.py:150} INFO - [2023-08-09T02:35:12.423+0000] {dag.py:3508} INFO - Setting next_dagrun for taskflow_dag to 2023-08-08T00:00:00+00:00, run_after=2023-08-09T00:00:00+00:00
[2023-08-09T02:35:12.434+0000] {processor.py:179} INFO - Processing /opt/airflow/dags/5_taskflow_api/taskflow1.py took 0.066 seconds
[2023-08-09T02:35:23.050+0000] {processor.py:157} INFO - Started process (PID=5561) to work on /opt/airflow/dags/5_taskflow_api/taskflow1.py
[2023-08-09T02:35:23.052+0000] {processor.py:826} INFO - Processing file /opt/airflow/dags/5_taskflow_api/taskflow1.py for tasks to queue
[2023-08-09T02:35:23.053+0000] {logging_mixin.py:150} INFO - [2023-08-09T02:35:23.052+0000] {dagbag.py:541} INFO - Filling up the DagBag from /opt/airflow/dags/5_taskflow_api/taskflow1.py
[2023-08-09T02:35:23.066+0000] {processor.py:836} INFO - DAG(s) dict_keys(['taskflow']) retrieved from /opt/airflow/dags/5_taskflow_api/taskflow1.py
[2023-08-09T02:35:23.142+0000] {logging_mixin.py:150} INFO - [2023-08-09T02:35:23.142+0000] {dag.py:2742} INFO - Sync 1 DAGs
[2023-08-09T02:35:23.156+0000] {logging_mixin.py:150} INFO - [2023-08-09T02:35:23.156+0000] {dag.py:3508} INFO - Setting next_dagrun for taskflow to 2023-08-08T00:00:00+00:00, run_after=2023-08-09T00:00:00+00:00
[2023-08-09T02:35:23.179+0000] {processor.py:179} INFO - Processing /opt/airflow/dags/5_taskflow_api/taskflow1.py took 0.132 seconds
[2023-08-09T02:35:53.628+0000] {processor.py:157} INFO - Started process (PID=5573) to work on /opt/airflow/dags/5_taskflow_api/taskflow1.py
[2023-08-09T02:35:53.631+0000] {processor.py:826} INFO - Processing file /opt/airflow/dags/5_taskflow_api/taskflow1.py for tasks to queue
[2023-08-09T02:35:53.633+0000] {logging_mixin.py:150} INFO - [2023-08-09T02:35:53.633+0000] {dagbag.py:541} INFO - Filling up the DagBag from /opt/airflow/dags/5_taskflow_api/taskflow1.py
[2023-08-09T02:35:53.653+0000] {processor.py:836} INFO - DAG(s) dict_keys(['taskflow']) retrieved from /opt/airflow/dags/5_taskflow_api/taskflow1.py
[2023-08-09T02:35:53.681+0000] {logging_mixin.py:150} INFO - [2023-08-09T02:35:53.681+0000] {dag.py:2742} INFO - Sync 1 DAGs
[2023-08-09T02:35:53.701+0000] {logging_mixin.py:150} INFO - [2023-08-09T02:35:53.701+0000] {dag.py:3508} INFO - Setting next_dagrun for taskflow to 2023-08-08T00:00:00+00:00, run_after=2023-08-09T00:00:00+00:00
[2023-08-09T02:35:53.714+0000] {processor.py:179} INFO - Processing /opt/airflow/dags/5_taskflow_api/taskflow1.py took 0.093 seconds
[2023-08-09T02:36:23.618+0000] {processor.py:157} INFO - Started process (PID=5589) to work on /opt/airflow/dags/5_taskflow_api/taskflow1.py
[2023-08-09T02:36:23.620+0000] {processor.py:826} INFO - Processing file /opt/airflow/dags/5_taskflow_api/taskflow1.py for tasks to queue
[2023-08-09T02:36:23.622+0000] {logging_mixin.py:150} INFO - [2023-08-09T02:36:23.622+0000] {dagbag.py:541} INFO - Filling up the DagBag from /opt/airflow/dags/5_taskflow_api/taskflow1.py
[2023-08-09T02:36:23.646+0000] {processor.py:836} INFO - DAG(s) dict_keys(['taskflow_test']) retrieved from /opt/airflow/dags/5_taskflow_api/taskflow1.py
[2023-08-09T02:36:23.717+0000] {logging_mixin.py:150} INFO - [2023-08-09T02:36:23.717+0000] {manager.py:504} INFO - Created Permission View: can delete on DAG:taskflow_test
[2023-08-09T02:36:23.723+0000] {logging_mixin.py:150} INFO - [2023-08-09T02:36:23.723+0000] {manager.py:504} INFO - Created Permission View: can read on DAG:taskflow_test
[2023-08-09T02:36:23.726+0000] {logging_mixin.py:150} INFO - [2023-08-09T02:36:23.726+0000] {manager.py:504} INFO - Created Permission View: can edit on DAG:taskflow_test
[2023-08-09T02:36:23.734+0000] {logging_mixin.py:150} INFO - [2023-08-09T02:36:23.734+0000] {dag.py:2742} INFO - Sync 1 DAGs
[2023-08-09T02:36:23.815+0000] {logging_mixin.py:150} INFO - [2023-08-09T02:36:23.815+0000] {dag.py:2763} INFO - Creating ORM DAG for taskflow_test
[2023-08-09T02:36:23.822+0000] {logging_mixin.py:150} INFO - [2023-08-09T02:36:23.822+0000] {dag.py:3508} INFO - Setting next_dagrun for taskflow_test to 2023-08-08T00:00:00+00:00, run_after=2023-08-09T00:00:00+00:00
[2023-08-09T02:36:23.852+0000] {processor.py:179} INFO - Processing /opt/airflow/dags/5_taskflow_api/taskflow1.py took 0.240 seconds
[2023-08-09T02:36:40.264+0000] {processor.py:157} INFO - Started process (PID=5601) to work on /opt/airflow/dags/5_taskflow_api/taskflow1.py
[2023-08-09T02:36:40.268+0000] {processor.py:826} INFO - Processing file /opt/airflow/dags/5_taskflow_api/taskflow1.py for tasks to queue
[2023-08-09T02:36:40.271+0000] {logging_mixin.py:150} INFO - [2023-08-09T02:36:40.270+0000] {dagbag.py:541} INFO - Filling up the DagBag from /opt/airflow/dags/5_taskflow_api/taskflow1.py
[2023-08-09T02:36:40.291+0000] {processor.py:836} INFO - DAG(s) dict_keys(['taskflow_test11']) retrieved from /opt/airflow/dags/5_taskflow_api/taskflow1.py
[2023-08-09T02:36:40.373+0000] {logging_mixin.py:150} INFO - [2023-08-09T02:36:40.373+0000] {manager.py:504} INFO - Created Permission View: can delete on DAG:taskflow_test11
[2023-08-09T02:36:40.381+0000] {logging_mixin.py:150} INFO - [2023-08-09T02:36:40.380+0000] {manager.py:504} INFO - Created Permission View: can read on DAG:taskflow_test11
[2023-08-09T02:36:40.385+0000] {logging_mixin.py:150} INFO - [2023-08-09T02:36:40.385+0000] {manager.py:504} INFO - Created Permission View: can edit on DAG:taskflow_test11
[2023-08-09T02:36:40.481+0000] {logging_mixin.py:150} INFO - [2023-08-09T02:36:40.481+0000] {dag.py:2742} INFO - Sync 1 DAGs
[2023-08-09T02:36:40.488+0000] {logging_mixin.py:150} INFO - [2023-08-09T02:36:40.488+0000] {dag.py:2763} INFO - Creating ORM DAG for taskflow_test11
[2023-08-09T02:36:40.496+0000] {logging_mixin.py:150} INFO - [2023-08-09T02:36:40.496+0000] {dag.py:3508} INFO - Setting next_dagrun for taskflow_test11 to 2023-08-08T00:00:00+00:00, run_after=2023-08-09T00:00:00+00:00
[2023-08-09T02:36:40.538+0000] {processor.py:179} INFO - Processing /opt/airflow/dags/5_taskflow_api/taskflow1.py took 0.281 seconds
[2023-08-09T02:37:08.303+0000] {processor.py:157} INFO - Started process (PID=5617) to work on /opt/airflow/dags/5_taskflow_api/taskflow1.py
[2023-08-09T02:37:08.305+0000] {processor.py:826} INFO - Processing file /opt/airflow/dags/5_taskflow_api/taskflow1.py for tasks to queue
[2023-08-09T02:37:08.306+0000] {logging_mixin.py:150} INFO - [2023-08-09T02:37:08.305+0000] {dagbag.py:541} INFO - Filling up the DagBag from /opt/airflow/dags/5_taskflow_api/taskflow1.py
[2023-08-09T02:37:08.322+0000] {processor.py:836} INFO - DAG(s) dict_keys(['taskflow_test11']) retrieved from /opt/airflow/dags/5_taskflow_api/taskflow1.py
[2023-08-09T02:37:08.335+0000] {logging_mixin.py:150} INFO - [2023-08-09T02:37:08.335+0000] {dag.py:2742} INFO - Sync 1 DAGs
[2023-08-09T02:37:08.352+0000] {logging_mixin.py:150} INFO - [2023-08-09T02:37:08.352+0000] {dag.py:3508} INFO - Setting next_dagrun for taskflow_test11 to 2023-08-08T00:00:00+00:00, run_after=2023-08-09T00:00:00+00:00
[2023-08-09T02:37:08.366+0000] {processor.py:179} INFO - Processing /opt/airflow/dags/5_taskflow_api/taskflow1.py took 0.066 seconds
[2023-08-09T02:37:25.795+0000] {processor.py:157} INFO - Started process (PID=5622) to work on /opt/airflow/dags/5_taskflow_api/taskflow1.py
[2023-08-09T02:37:25.797+0000] {processor.py:826} INFO - Processing file /opt/airflow/dags/5_taskflow_api/taskflow1.py for tasks to queue
[2023-08-09T02:37:25.799+0000] {logging_mixin.py:150} INFO - [2023-08-09T02:37:25.799+0000] {dagbag.py:541} INFO - Filling up the DagBag from /opt/airflow/dags/5_taskflow_api/taskflow1.py
[2023-08-09T02:37:25.819+0000] {processor.py:836} INFO - DAG(s) dict_keys(['taskflow_test11']) retrieved from /opt/airflow/dags/5_taskflow_api/taskflow1.py
[2023-08-09T02:37:25.845+0000] {logging_mixin.py:150} INFO - [2023-08-09T02:37:25.845+0000] {dag.py:2742} INFO - Sync 1 DAGs
[2023-08-09T02:37:25.863+0000] {logging_mixin.py:150} INFO - [2023-08-09T02:37:25.862+0000] {dag.py:3508} INFO - Setting next_dagrun for taskflow_test11 to 2023-08-08T00:00:00+00:00, run_after=2023-08-09T00:00:00+00:00
[2023-08-09T02:37:25.877+0000] {processor.py:179} INFO - Processing /opt/airflow/dags/5_taskflow_api/taskflow1.py took 0.086 seconds
[2023-08-09T02:37:56.522+0000] {processor.py:157} INFO - Started process (PID=5656) to work on /opt/airflow/dags/5_taskflow_api/taskflow1.py
[2023-08-09T02:37:56.525+0000] {processor.py:826} INFO - Processing file /opt/airflow/dags/5_taskflow_api/taskflow1.py for tasks to queue
[2023-08-09T02:37:56.526+0000] {logging_mixin.py:150} INFO - [2023-08-09T02:37:56.526+0000] {dagbag.py:541} INFO - Filling up the DagBag from /opt/airflow/dags/5_taskflow_api/taskflow1.py
[2023-08-09T02:37:56.540+0000] {processor.py:836} INFO - DAG(s) dict_keys(['taskflow_test11']) retrieved from /opt/airflow/dags/5_taskflow_api/taskflow1.py
[2023-08-09T02:37:56.564+0000] {logging_mixin.py:150} INFO - [2023-08-09T02:37:56.564+0000] {dag.py:2742} INFO - Sync 1 DAGs
[2023-08-09T02:37:56.581+0000] {logging_mixin.py:150} INFO - [2023-08-09T02:37:56.580+0000] {dag.py:3508} INFO - Setting next_dagrun for taskflow_test11 to 2023-08-09T00:00:00+00:00, run_after=2023-08-10T00:00:00+00:00
[2023-08-09T02:37:56.593+0000] {processor.py:179} INFO - Processing /opt/airflow/dags/5_taskflow_api/taskflow1.py took 0.077 seconds
[2023-08-09T02:38:27.210+0000] {processor.py:157} INFO - Started process (PID=5672) to work on /opt/airflow/dags/5_taskflow_api/taskflow1.py
[2023-08-09T02:38:27.212+0000] {processor.py:826} INFO - Processing file /opt/airflow/dags/5_taskflow_api/taskflow1.py for tasks to queue
[2023-08-09T02:38:27.214+0000] {logging_mixin.py:150} INFO - [2023-08-09T02:38:27.214+0000] {dagbag.py:541} INFO - Filling up the DagBag from /opt/airflow/dags/5_taskflow_api/taskflow1.py
[2023-08-09T02:38:27.227+0000] {processor.py:836} INFO - DAG(s) dict_keys(['taskflow_test11']) retrieved from /opt/airflow/dags/5_taskflow_api/taskflow1.py
[2023-08-09T02:38:27.254+0000] {logging_mixin.py:150} INFO - [2023-08-09T02:38:27.254+0000] {dag.py:2742} INFO - Sync 1 DAGs
[2023-08-09T02:38:27.272+0000] {logging_mixin.py:150} INFO - [2023-08-09T02:38:27.272+0000] {dag.py:3508} INFO - Setting next_dagrun for taskflow_test11 to 2023-08-09T00:00:00+00:00, run_after=2023-08-10T00:00:00+00:00
[2023-08-09T02:38:27.285+0000] {processor.py:179} INFO - Processing /opt/airflow/dags/5_taskflow_api/taskflow1.py took 0.078 seconds
[2023-08-09T02:38:30.495+0000] {processor.py:157} INFO - Started process (PID=5677) to work on /opt/airflow/dags/5_taskflow_api/taskflow1.py
[2023-08-09T02:38:30.497+0000] {processor.py:826} INFO - Processing file /opt/airflow/dags/5_taskflow_api/taskflow1.py for tasks to queue
[2023-08-09T02:38:30.499+0000] {logging_mixin.py:150} INFO - [2023-08-09T02:38:30.498+0000] {dagbag.py:541} INFO - Filling up the DagBag from /opt/airflow/dags/5_taskflow_api/taskflow1.py
[2023-08-09T02:38:30.522+0000] {processor.py:836} INFO - DAG(s) dict_keys(['taskflow_test11']) retrieved from /opt/airflow/dags/5_taskflow_api/taskflow1.py
[2023-08-09T02:38:30.554+0000] {logging_mixin.py:150} INFO - [2023-08-09T02:38:30.554+0000] {dag.py:2742} INFO - Sync 1 DAGs
[2023-08-09T02:38:30.570+0000] {logging_mixin.py:150} INFO - [2023-08-09T02:38:30.570+0000] {dag.py:3508} INFO - Setting next_dagrun for taskflow_test11 to 2023-08-09T00:00:00+00:00, run_after=2023-08-10T00:00:00+00:00
[2023-08-09T02:38:30.585+0000] {processor.py:179} INFO - Processing /opt/airflow/dags/5_taskflow_api/taskflow1.py took 0.096 seconds
[2023-08-09T02:39:01.326+0000] {processor.py:157} INFO - Started process (PID=5693) to work on /opt/airflow/dags/5_taskflow_api/taskflow1.py
[2023-08-09T02:39:01.327+0000] {processor.py:826} INFO - Processing file /opt/airflow/dags/5_taskflow_api/taskflow1.py for tasks to queue
[2023-08-09T02:39:01.329+0000] {logging_mixin.py:150} INFO - [2023-08-09T02:39:01.328+0000] {dagbag.py:541} INFO - Filling up the DagBag from /opt/airflow/dags/5_taskflow_api/taskflow1.py
[2023-08-09T02:39:01.341+0000] {processor.py:836} INFO - DAG(s) dict_keys(['taskflow_test11']) retrieved from /opt/airflow/dags/5_taskflow_api/taskflow1.py
[2023-08-09T02:39:01.366+0000] {logging_mixin.py:150} INFO - [2023-08-09T02:39:01.366+0000] {dag.py:2742} INFO - Sync 1 DAGs
[2023-08-09T02:39:01.383+0000] {logging_mixin.py:150} INFO - [2023-08-09T02:39:01.383+0000] {dag.py:3508} INFO - Setting next_dagrun for taskflow_test11 to 2023-08-09T00:00:00+00:00, run_after=2023-08-10T00:00:00+00:00
[2023-08-09T02:39:01.394+0000] {processor.py:179} INFO - Processing /opt/airflow/dags/5_taskflow_api/taskflow1.py took 0.071 seconds
[2023-08-09T02:39:31.559+0000] {processor.py:157} INFO - Started process (PID=5709) to work on /opt/airflow/dags/5_taskflow_api/taskflow1.py
[2023-08-09T02:39:31.563+0000] {processor.py:826} INFO - Processing file /opt/airflow/dags/5_taskflow_api/taskflow1.py for tasks to queue
[2023-08-09T02:39:31.565+0000] {logging_mixin.py:150} INFO - [2023-08-09T02:39:31.565+0000] {dagbag.py:541} INFO - Filling up the DagBag from /opt/airflow/dags/5_taskflow_api/taskflow1.py
[2023-08-09T02:39:31.587+0000] {processor.py:836} INFO - DAG(s) dict_keys(['taskflow_test11']) retrieved from /opt/airflow/dags/5_taskflow_api/taskflow1.py
[2023-08-09T02:39:31.614+0000] {logging_mixin.py:150} INFO - [2023-08-09T02:39:31.614+0000] {dag.py:2742} INFO - Sync 1 DAGs
[2023-08-09T02:39:31.630+0000] {logging_mixin.py:150} INFO - [2023-08-09T02:39:31.630+0000] {dag.py:3508} INFO - Setting next_dagrun for taskflow_test11 to 2023-08-09T00:00:00+00:00, run_after=2023-08-10T00:00:00+00:00
[2023-08-09T02:39:31.642+0000] {processor.py:179} INFO - Processing /opt/airflow/dags/5_taskflow_api/taskflow1.py took 0.089 seconds
[2023-08-09T02:40:01.764+0000] {processor.py:157} INFO - Started process (PID=5725) to work on /opt/airflow/dags/5_taskflow_api/taskflow1.py
[2023-08-09T02:40:01.768+0000] {processor.py:826} INFO - Processing file /opt/airflow/dags/5_taskflow_api/taskflow1.py for tasks to queue
[2023-08-09T02:40:01.770+0000] {logging_mixin.py:150} INFO - [2023-08-09T02:40:01.770+0000] {dagbag.py:541} INFO - Filling up the DagBag from /opt/airflow/dags/5_taskflow_api/taskflow1.py
[2023-08-09T02:40:01.785+0000] {processor.py:836} INFO - DAG(s) dict_keys(['taskflow_test11']) retrieved from /opt/airflow/dags/5_taskflow_api/taskflow1.py
[2023-08-09T02:40:01.810+0000] {logging_mixin.py:150} INFO - [2023-08-09T02:40:01.810+0000] {dag.py:2742} INFO - Sync 1 DAGs
[2023-08-09T02:40:01.827+0000] {logging_mixin.py:150} INFO - [2023-08-09T02:40:01.827+0000] {dag.py:3508} INFO - Setting next_dagrun for taskflow_test11 to 2023-08-09T00:00:00+00:00, run_after=2023-08-10T00:00:00+00:00
[2023-08-09T02:40:01.838+0000] {processor.py:179} INFO - Processing /opt/airflow/dags/5_taskflow_api/taskflow1.py took 0.081 seconds
[2023-08-09T02:40:32.767+0000] {processor.py:157} INFO - Started process (PID=5741) to work on /opt/airflow/dags/5_taskflow_api/taskflow1.py
[2023-08-09T02:40:32.770+0000] {processor.py:826} INFO - Processing file /opt/airflow/dags/5_taskflow_api/taskflow1.py for tasks to queue
[2023-08-09T02:40:32.771+0000] {logging_mixin.py:150} INFO - [2023-08-09T02:40:32.770+0000] {dagbag.py:541} INFO - Filling up the DagBag from /opt/airflow/dags/5_taskflow_api/taskflow1.py
[2023-08-09T02:40:32.781+0000] {processor.py:836} INFO - DAG(s) dict_keys(['taskflow_test11']) retrieved from /opt/airflow/dags/5_taskflow_api/taskflow1.py
[2023-08-09T02:40:32.806+0000] {logging_mixin.py:150} INFO - [2023-08-09T02:40:32.806+0000] {dag.py:2742} INFO - Sync 1 DAGs
[2023-08-09T02:40:32.825+0000] {logging_mixin.py:150} INFO - [2023-08-09T02:40:32.825+0000] {dag.py:3508} INFO - Setting next_dagrun for taskflow_test11 to 2023-08-09T00:00:00+00:00, run_after=2023-08-10T00:00:00+00:00
[2023-08-09T02:40:32.839+0000] {processor.py:179} INFO - Processing /opt/airflow/dags/5_taskflow_api/taskflow1.py took 0.075 seconds
[2023-08-09T02:41:02.987+0000] {processor.py:157} INFO - Started process (PID=5757) to work on /opt/airflow/dags/5_taskflow_api/taskflow1.py
[2023-08-09T02:41:02.989+0000] {processor.py:826} INFO - Processing file /opt/airflow/dags/5_taskflow_api/taskflow1.py for tasks to queue
[2023-08-09T02:41:02.991+0000] {logging_mixin.py:150} INFO - [2023-08-09T02:41:02.990+0000] {dagbag.py:541} INFO - Filling up the DagBag from /opt/airflow/dags/5_taskflow_api/taskflow1.py
[2023-08-09T02:41:03.006+0000] {processor.py:836} INFO - DAG(s) dict_keys(['taskflow_test11']) retrieved from /opt/airflow/dags/5_taskflow_api/taskflow1.py
[2023-08-09T02:41:03.034+0000] {logging_mixin.py:150} INFO - [2023-08-09T02:41:03.034+0000] {dag.py:2742} INFO - Sync 1 DAGs
[2023-08-09T02:41:03.053+0000] {logging_mixin.py:150} INFO - [2023-08-09T02:41:03.053+0000] {dag.py:3508} INFO - Setting next_dagrun for taskflow_test11 to 2023-08-09T00:00:00+00:00, run_after=2023-08-10T00:00:00+00:00
[2023-08-09T02:41:03.066+0000] {processor.py:179} INFO - Processing /opt/airflow/dags/5_taskflow_api/taskflow1.py took 0.084 seconds
[2023-08-09T02:41:34.017+0000] {processor.py:157} INFO - Started process (PID=5774) to work on /opt/airflow/dags/5_taskflow_api/taskflow1.py
[2023-08-09T02:41:34.019+0000] {processor.py:826} INFO - Processing file /opt/airflow/dags/5_taskflow_api/taskflow1.py for tasks to queue
[2023-08-09T02:41:34.021+0000] {logging_mixin.py:150} INFO - [2023-08-09T02:41:34.020+0000] {dagbag.py:541} INFO - Filling up the DagBag from /opt/airflow/dags/5_taskflow_api/taskflow1.py
[2023-08-09T02:41:34.037+0000] {processor.py:836} INFO - DAG(s) dict_keys(['taskflow_test11']) retrieved from /opt/airflow/dags/5_taskflow_api/taskflow1.py
[2023-08-09T02:41:34.067+0000] {logging_mixin.py:150} INFO - [2023-08-09T02:41:34.067+0000] {dag.py:2742} INFO - Sync 1 DAGs
[2023-08-09T02:41:34.090+0000] {logging_mixin.py:150} INFO - [2023-08-09T02:41:34.089+0000] {dag.py:3508} INFO - Setting next_dagrun for taskflow_test11 to 2023-08-09T00:00:00+00:00, run_after=2023-08-10T00:00:00+00:00
[2023-08-09T02:41:34.101+0000] {processor.py:179} INFO - Processing /opt/airflow/dags/5_taskflow_api/taskflow1.py took 0.089 seconds
[2023-08-09T02:42:04.892+0000] {processor.py:157} INFO - Started process (PID=5790) to work on /opt/airflow/dags/5_taskflow_api/taskflow1.py
[2023-08-09T02:42:04.895+0000] {processor.py:826} INFO - Processing file /opt/airflow/dags/5_taskflow_api/taskflow1.py for tasks to queue
[2023-08-09T02:42:04.897+0000] {logging_mixin.py:150} INFO - [2023-08-09T02:42:04.896+0000] {dagbag.py:541} INFO - Filling up the DagBag from /opt/airflow/dags/5_taskflow_api/taskflow1.py
[2023-08-09T02:42:04.912+0000] {processor.py:836} INFO - DAG(s) dict_keys(['taskflow_test11']) retrieved from /opt/airflow/dags/5_taskflow_api/taskflow1.py
[2023-08-09T02:42:04.938+0000] {logging_mixin.py:150} INFO - [2023-08-09T02:42:04.938+0000] {dag.py:2742} INFO - Sync 1 DAGs
[2023-08-09T02:42:04.955+0000] {logging_mixin.py:150} INFO - [2023-08-09T02:42:04.955+0000] {dag.py:3508} INFO - Setting next_dagrun for taskflow_test11 to 2023-08-09T00:00:00+00:00, run_after=2023-08-10T00:00:00+00:00
[2023-08-09T02:42:04.966+0000] {processor.py:179} INFO - Processing /opt/airflow/dags/5_taskflow_api/taskflow1.py took 0.080 seconds
[2023-08-09T02:42:35.119+0000] {processor.py:157} INFO - Started process (PID=5806) to work on /opt/airflow/dags/5_taskflow_api/taskflow1.py
[2023-08-09T02:42:35.122+0000] {processor.py:826} INFO - Processing file /opt/airflow/dags/5_taskflow_api/taskflow1.py for tasks to queue
[2023-08-09T02:42:35.124+0000] {logging_mixin.py:150} INFO - [2023-08-09T02:42:35.124+0000] {dagbag.py:541} INFO - Filling up the DagBag from /opt/airflow/dags/5_taskflow_api/taskflow1.py
[2023-08-09T02:42:35.140+0000] {processor.py:836} INFO - DAG(s) dict_keys(['taskflow_test11']) retrieved from /opt/airflow/dags/5_taskflow_api/taskflow1.py
[2023-08-09T02:42:35.168+0000] {logging_mixin.py:150} INFO - [2023-08-09T02:42:35.167+0000] {dag.py:2742} INFO - Sync 1 DAGs
[2023-08-09T02:42:35.185+0000] {logging_mixin.py:150} INFO - [2023-08-09T02:42:35.185+0000] {dag.py:3508} INFO - Setting next_dagrun for taskflow_test11 to 2023-08-09T00:00:00+00:00, run_after=2023-08-10T00:00:00+00:00
[2023-08-09T02:42:35.197+0000] {processor.py:179} INFO - Processing /opt/airflow/dags/5_taskflow_api/taskflow1.py took 0.085 seconds
[2023-08-09T02:43:05.297+0000] {processor.py:157} INFO - Started process (PID=5822) to work on /opt/airflow/dags/5_taskflow_api/taskflow1.py
[2023-08-09T02:43:05.299+0000] {processor.py:826} INFO - Processing file /opt/airflow/dags/5_taskflow_api/taskflow1.py for tasks to queue
[2023-08-09T02:43:05.300+0000] {logging_mixin.py:150} INFO - [2023-08-09T02:43:05.299+0000] {dagbag.py:541} INFO - Filling up the DagBag from /opt/airflow/dags/5_taskflow_api/taskflow1.py
[2023-08-09T02:43:05.312+0000] {processor.py:836} INFO - DAG(s) dict_keys(['taskflow_test11']) retrieved from /opt/airflow/dags/5_taskflow_api/taskflow1.py
[2023-08-09T02:43:05.341+0000] {logging_mixin.py:150} INFO - [2023-08-09T02:43:05.341+0000] {dag.py:2742} INFO - Sync 1 DAGs
[2023-08-09T02:43:05.358+0000] {logging_mixin.py:150} INFO - [2023-08-09T02:43:05.358+0000] {dag.py:3508} INFO - Setting next_dagrun for taskflow_test11 to 2023-08-09T00:00:00+00:00, run_after=2023-08-10T00:00:00+00:00
[2023-08-09T02:43:05.370+0000] {processor.py:179} INFO - Processing /opt/airflow/dags/5_taskflow_api/taskflow1.py took 0.078 seconds
[2023-08-09T02:43:36.034+0000] {processor.py:157} INFO - Started process (PID=5838) to work on /opt/airflow/dags/5_taskflow_api/taskflow1.py
[2023-08-09T02:43:36.035+0000] {processor.py:826} INFO - Processing file /opt/airflow/dags/5_taskflow_api/taskflow1.py for tasks to queue
[2023-08-09T02:43:36.037+0000] {logging_mixin.py:150} INFO - [2023-08-09T02:43:36.037+0000] {dagbag.py:541} INFO - Filling up the DagBag from /opt/airflow/dags/5_taskflow_api/taskflow1.py
[2023-08-09T02:43:36.048+0000] {processor.py:836} INFO - DAG(s) dict_keys(['taskflow_test11']) retrieved from /opt/airflow/dags/5_taskflow_api/taskflow1.py
[2023-08-09T02:43:36.077+0000] {logging_mixin.py:150} INFO - [2023-08-09T02:43:36.076+0000] {dag.py:2742} INFO - Sync 1 DAGs
[2023-08-09T02:43:36.103+0000] {logging_mixin.py:150} INFO - [2023-08-09T02:43:36.103+0000] {dag.py:3508} INFO - Setting next_dagrun for taskflow_test11 to 2023-08-09T00:00:00+00:00, run_after=2023-08-10T00:00:00+00:00
[2023-08-09T02:43:36.116+0000] {processor.py:179} INFO - Processing /opt/airflow/dags/5_taskflow_api/taskflow1.py took 0.085 seconds
[2023-08-09T02:44:06.881+0000] {processor.py:157} INFO - Started process (PID=5861) to work on /opt/airflow/dags/5_taskflow_api/taskflow1.py
[2023-08-09T02:44:06.884+0000] {processor.py:826} INFO - Processing file /opt/airflow/dags/5_taskflow_api/taskflow1.py for tasks to queue
[2023-08-09T02:44:06.885+0000] {logging_mixin.py:150} INFO - [2023-08-09T02:44:06.884+0000] {dagbag.py:541} INFO - Filling up the DagBag from /opt/airflow/dags/5_taskflow_api/taskflow1.py
[2023-08-09T02:44:06.896+0000] {processor.py:836} INFO - DAG(s) dict_keys(['taskflow_test11']) retrieved from /opt/airflow/dags/5_taskflow_api/taskflow1.py
[2023-08-09T02:44:06.923+0000] {logging_mixin.py:150} INFO - [2023-08-09T02:44:06.923+0000] {dag.py:2742} INFO - Sync 1 DAGs
[2023-08-09T02:44:06.943+0000] {logging_mixin.py:150} INFO - [2023-08-09T02:44:06.942+0000] {dag.py:3508} INFO - Setting next_dagrun for taskflow_test11 to 2023-08-09T00:00:00+00:00, run_after=2023-08-10T00:00:00+00:00
[2023-08-09T02:44:07.036+0000] {processor.py:179} INFO - Processing /opt/airflow/dags/5_taskflow_api/taskflow1.py took 0.158 seconds
[2023-08-09T02:44:37.823+0000] {processor.py:157} INFO - Started process (PID=5877) to work on /opt/airflow/dags/5_taskflow_api/taskflow1.py
[2023-08-09T02:44:37.826+0000] {processor.py:826} INFO - Processing file /opt/airflow/dags/5_taskflow_api/taskflow1.py for tasks to queue
[2023-08-09T02:44:37.829+0000] {logging_mixin.py:150} INFO - [2023-08-09T02:44:37.828+0000] {dagbag.py:541} INFO - Filling up the DagBag from /opt/airflow/dags/5_taskflow_api/taskflow1.py
[2023-08-09T02:44:37.844+0000] {processor.py:836} INFO - DAG(s) dict_keys(['taskflow_test11']) retrieved from /opt/airflow/dags/5_taskflow_api/taskflow1.py
[2023-08-09T02:44:37.869+0000] {logging_mixin.py:150} INFO - [2023-08-09T02:44:37.869+0000] {dag.py:2742} INFO - Sync 1 DAGs
[2023-08-09T02:44:37.886+0000] {logging_mixin.py:150} INFO - [2023-08-09T02:44:37.886+0000] {dag.py:3508} INFO - Setting next_dagrun for taskflow_test11 to 2023-08-09T00:00:00+00:00, run_after=2023-08-10T00:00:00+00:00
[2023-08-09T02:44:37.898+0000] {processor.py:179} INFO - Processing /opt/airflow/dags/5_taskflow_api/taskflow1.py took 0.082 seconds
[2023-08-09T02:45:08.662+0000] {processor.py:157} INFO - Started process (PID=5893) to work on /opt/airflow/dags/5_taskflow_api/taskflow1.py
[2023-08-09T02:45:08.665+0000] {processor.py:826} INFO - Processing file /opt/airflow/dags/5_taskflow_api/taskflow1.py for tasks to queue
[2023-08-09T02:45:08.667+0000] {logging_mixin.py:150} INFO - [2023-08-09T02:45:08.666+0000] {dagbag.py:541} INFO - Filling up the DagBag from /opt/airflow/dags/5_taskflow_api/taskflow1.py
[2023-08-09T02:45:08.681+0000] {processor.py:836} INFO - DAG(s) dict_keys(['taskflow_test11']) retrieved from /opt/airflow/dags/5_taskflow_api/taskflow1.py
[2023-08-09T02:45:08.707+0000] {logging_mixin.py:150} INFO - [2023-08-09T02:45:08.707+0000] {dag.py:2742} INFO - Sync 1 DAGs
[2023-08-09T02:45:08.723+0000] {logging_mixin.py:150} INFO - [2023-08-09T02:45:08.723+0000] {dag.py:3508} INFO - Setting next_dagrun for taskflow_test11 to 2023-08-09T00:00:00+00:00, run_after=2023-08-10T00:00:00+00:00
[2023-08-09T02:45:08.734+0000] {processor.py:179} INFO - Processing /opt/airflow/dags/5_taskflow_api/taskflow1.py took 0.076 seconds
[2023-08-09T02:45:39.504+0000] {processor.py:157} INFO - Started process (PID=5909) to work on /opt/airflow/dags/5_taskflow_api/taskflow1.py
[2023-08-09T02:45:39.508+0000] {processor.py:826} INFO - Processing file /opt/airflow/dags/5_taskflow_api/taskflow1.py for tasks to queue
[2023-08-09T02:45:39.510+0000] {logging_mixin.py:150} INFO - [2023-08-09T02:45:39.510+0000] {dagbag.py:541} INFO - Filling up the DagBag from /opt/airflow/dags/5_taskflow_api/taskflow1.py
[2023-08-09T02:45:39.526+0000] {processor.py:836} INFO - DAG(s) dict_keys(['taskflow_test11']) retrieved from /opt/airflow/dags/5_taskflow_api/taskflow1.py
[2023-08-09T02:45:39.551+0000] {logging_mixin.py:150} INFO - [2023-08-09T02:45:39.551+0000] {dag.py:2742} INFO - Sync 1 DAGs
[2023-08-09T02:45:39.566+0000] {logging_mixin.py:150} INFO - [2023-08-09T02:45:39.566+0000] {dag.py:3508} INFO - Setting next_dagrun for taskflow_test11 to 2023-08-09T00:00:00+00:00, run_after=2023-08-10T00:00:00+00:00
[2023-08-09T02:45:39.577+0000] {processor.py:179} INFO - Processing /opt/airflow/dags/5_taskflow_api/taskflow1.py took 0.080 seconds
[2023-08-09T02:46:10.344+0000] {processor.py:157} INFO - Started process (PID=5925) to work on /opt/airflow/dags/5_taskflow_api/taskflow1.py
[2023-08-09T02:46:10.348+0000] {processor.py:826} INFO - Processing file /opt/airflow/dags/5_taskflow_api/taskflow1.py for tasks to queue
[2023-08-09T02:46:10.350+0000] {logging_mixin.py:150} INFO - [2023-08-09T02:46:10.350+0000] {dagbag.py:541} INFO - Filling up the DagBag from /opt/airflow/dags/5_taskflow_api/taskflow1.py
[2023-08-09T02:46:10.367+0000] {processor.py:836} INFO - DAG(s) dict_keys(['taskflow_test11']) retrieved from /opt/airflow/dags/5_taskflow_api/taskflow1.py
[2023-08-09T02:46:10.391+0000] {logging_mixin.py:150} INFO - [2023-08-09T02:46:10.391+0000] {dag.py:2742} INFO - Sync 1 DAGs
[2023-08-09T02:46:10.408+0000] {logging_mixin.py:150} INFO - [2023-08-09T02:46:10.408+0000] {dag.py:3508} INFO - Setting next_dagrun for taskflow_test11 to 2023-08-09T00:00:00+00:00, run_after=2023-08-10T00:00:00+00:00
[2023-08-09T02:46:10.489+0000] {processor.py:179} INFO - Processing /opt/airflow/dags/5_taskflow_api/taskflow1.py took 0.152 seconds
[2023-08-09T02:46:41.399+0000] {processor.py:157} INFO - Started process (PID=5941) to work on /opt/airflow/dags/5_taskflow_api/taskflow1.py
[2023-08-09T02:46:41.403+0000] {processor.py:826} INFO - Processing file /opt/airflow/dags/5_taskflow_api/taskflow1.py for tasks to queue
[2023-08-09T02:46:41.405+0000] {logging_mixin.py:150} INFO - [2023-08-09T02:46:41.404+0000] {dagbag.py:541} INFO - Filling up the DagBag from /opt/airflow/dags/5_taskflow_api/taskflow1.py
[2023-08-09T02:46:41.422+0000] {processor.py:836} INFO - DAG(s) dict_keys(['taskflow_test11']) retrieved from /opt/airflow/dags/5_taskflow_api/taskflow1.py
[2023-08-09T02:46:41.446+0000] {logging_mixin.py:150} INFO - [2023-08-09T02:46:41.446+0000] {dag.py:2742} INFO - Sync 1 DAGs
[2023-08-09T02:46:41.462+0000] {logging_mixin.py:150} INFO - [2023-08-09T02:46:41.462+0000] {dag.py:3508} INFO - Setting next_dagrun for taskflow_test11 to 2023-08-09T00:00:00+00:00, run_after=2023-08-10T00:00:00+00:00
[2023-08-09T02:46:41.472+0000] {processor.py:179} INFO - Processing /opt/airflow/dags/5_taskflow_api/taskflow1.py took 0.080 seconds
[2023-08-09T02:47:12.233+0000] {processor.py:157} INFO - Started process (PID=5957) to work on /opt/airflow/dags/5_taskflow_api/taskflow1.py
[2023-08-09T02:47:12.237+0000] {processor.py:826} INFO - Processing file /opt/airflow/dags/5_taskflow_api/taskflow1.py for tasks to queue
[2023-08-09T02:47:12.239+0000] {logging_mixin.py:150} INFO - [2023-08-09T02:47:12.239+0000] {dagbag.py:541} INFO - Filling up the DagBag from /opt/airflow/dags/5_taskflow_api/taskflow1.py
[2023-08-09T02:47:12.255+0000] {processor.py:836} INFO - DAG(s) dict_keys(['taskflow_test11']) retrieved from /opt/airflow/dags/5_taskflow_api/taskflow1.py
[2023-08-09T02:47:12.280+0000] {logging_mixin.py:150} INFO - [2023-08-09T02:47:12.280+0000] {dag.py:2742} INFO - Sync 1 DAGs
[2023-08-09T02:47:12.296+0000] {logging_mixin.py:150} INFO - [2023-08-09T02:47:12.296+0000] {dag.py:3508} INFO - Setting next_dagrun for taskflow_test11 to 2023-08-09T00:00:00+00:00, run_after=2023-08-10T00:00:00+00:00
[2023-08-09T02:47:12.307+0000] {processor.py:179} INFO - Processing /opt/airflow/dags/5_taskflow_api/taskflow1.py took 0.080 seconds
[2023-08-09T02:47:43.088+0000] {processor.py:157} INFO - Started process (PID=5973) to work on /opt/airflow/dags/5_taskflow_api/taskflow1.py
[2023-08-09T02:47:43.090+0000] {processor.py:826} INFO - Processing file /opt/airflow/dags/5_taskflow_api/taskflow1.py for tasks to queue
[2023-08-09T02:47:43.092+0000] {logging_mixin.py:150} INFO - [2023-08-09T02:47:43.091+0000] {dagbag.py:541} INFO - Filling up the DagBag from /opt/airflow/dags/5_taskflow_api/taskflow1.py
[2023-08-09T02:47:43.112+0000] {processor.py:836} INFO - DAG(s) dict_keys(['taskflow_test11']) retrieved from /opt/airflow/dags/5_taskflow_api/taskflow1.py
[2023-08-09T02:47:43.136+0000] {logging_mixin.py:150} INFO - [2023-08-09T02:47:43.135+0000] {dag.py:2742} INFO - Sync 1 DAGs
[2023-08-09T02:47:43.152+0000] {logging_mixin.py:150} INFO - [2023-08-09T02:47:43.152+0000] {dag.py:3508} INFO - Setting next_dagrun for taskflow_test11 to 2023-08-09T00:00:00+00:00, run_after=2023-08-10T00:00:00+00:00
[2023-08-09T02:47:43.163+0000] {processor.py:179} INFO - Processing /opt/airflow/dags/5_taskflow_api/taskflow1.py took 0.082 seconds
[2023-08-09T02:48:13.939+0000] {processor.py:157} INFO - Started process (PID=5989) to work on /opt/airflow/dags/5_taskflow_api/taskflow1.py
[2023-08-09T02:48:13.941+0000] {processor.py:826} INFO - Processing file /opt/airflow/dags/5_taskflow_api/taskflow1.py for tasks to queue
[2023-08-09T02:48:13.942+0000] {logging_mixin.py:150} INFO - [2023-08-09T02:48:13.942+0000] {dagbag.py:541} INFO - Filling up the DagBag from /opt/airflow/dags/5_taskflow_api/taskflow1.py
[2023-08-09T02:48:13.952+0000] {processor.py:836} INFO - DAG(s) dict_keys(['taskflow_test11']) retrieved from /opt/airflow/dags/5_taskflow_api/taskflow1.py
[2023-08-09T02:48:13.976+0000] {logging_mixin.py:150} INFO - [2023-08-09T02:48:13.976+0000] {dag.py:2742} INFO - Sync 1 DAGs
[2023-08-09T02:48:13.994+0000] {logging_mixin.py:150} INFO - [2023-08-09T02:48:13.994+0000] {dag.py:3508} INFO - Setting next_dagrun for taskflow_test11 to 2023-08-09T00:00:00+00:00, run_after=2023-08-10T00:00:00+00:00
[2023-08-09T02:48:14.087+0000] {processor.py:179} INFO - Processing /opt/airflow/dags/5_taskflow_api/taskflow1.py took 0.153 seconds
[2023-08-09T02:48:44.348+0000] {processor.py:157} INFO - Started process (PID=6005) to work on /opt/airflow/dags/5_taskflow_api/taskflow1.py
[2023-08-09T02:48:44.349+0000] {processor.py:826} INFO - Processing file /opt/airflow/dags/5_taskflow_api/taskflow1.py for tasks to queue
[2023-08-09T02:48:44.350+0000] {logging_mixin.py:150} INFO - [2023-08-09T02:48:44.350+0000] {dagbag.py:541} INFO - Filling up the DagBag from /opt/airflow/dags/5_taskflow_api/taskflow1.py
[2023-08-09T02:48:44.361+0000] {processor.py:836} INFO - DAG(s) dict_keys(['taskflow_test11']) retrieved from /opt/airflow/dags/5_taskflow_api/taskflow1.py
[2023-08-09T02:48:44.384+0000] {logging_mixin.py:150} INFO - [2023-08-09T02:48:44.384+0000] {dag.py:2742} INFO - Sync 1 DAGs
[2023-08-09T02:48:44.401+0000] {logging_mixin.py:150} INFO - [2023-08-09T02:48:44.401+0000] {dag.py:3508} INFO - Setting next_dagrun for taskflow_test11 to 2023-08-09T00:00:00+00:00, run_after=2023-08-10T00:00:00+00:00
[2023-08-09T02:48:44.413+0000] {processor.py:179} INFO - Processing /opt/airflow/dags/5_taskflow_api/taskflow1.py took 0.067 seconds
[2023-08-09T02:49:15.151+0000] {processor.py:157} INFO - Started process (PID=6021) to work on /opt/airflow/dags/5_taskflow_api/taskflow1.py
[2023-08-09T02:49:15.153+0000] {processor.py:826} INFO - Processing file /opt/airflow/dags/5_taskflow_api/taskflow1.py for tasks to queue
[2023-08-09T02:49:15.154+0000] {logging_mixin.py:150} INFO - [2023-08-09T02:49:15.154+0000] {dagbag.py:541} INFO - Filling up the DagBag from /opt/airflow/dags/5_taskflow_api/taskflow1.py
[2023-08-09T02:49:15.167+0000] {processor.py:836} INFO - DAG(s) dict_keys(['taskflow_test11']) retrieved from /opt/airflow/dags/5_taskflow_api/taskflow1.py
[2023-08-09T02:49:15.194+0000] {logging_mixin.py:150} INFO - [2023-08-09T02:49:15.194+0000] {dag.py:2742} INFO - Sync 1 DAGs
[2023-08-09T02:49:15.213+0000] {logging_mixin.py:150} INFO - [2023-08-09T02:49:15.213+0000] {dag.py:3508} INFO - Setting next_dagrun for taskflow_test11 to 2023-08-09T00:00:00+00:00, run_after=2023-08-10T00:00:00+00:00
[2023-08-09T02:49:15.228+0000] {processor.py:179} INFO - Processing /opt/airflow/dags/5_taskflow_api/taskflow1.py took 0.080 seconds
[2023-08-09T02:49:45.903+0000] {processor.py:157} INFO - Started process (PID=6037) to work on /opt/airflow/dags/5_taskflow_api/taskflow1.py
[2023-08-09T02:49:45.905+0000] {processor.py:826} INFO - Processing file /opt/airflow/dags/5_taskflow_api/taskflow1.py for tasks to queue
[2023-08-09T02:49:45.907+0000] {logging_mixin.py:150} INFO - [2023-08-09T02:49:45.906+0000] {dagbag.py:541} INFO - Filling up the DagBag from /opt/airflow/dags/5_taskflow_api/taskflow1.py
[2023-08-09T02:49:45.923+0000] {processor.py:836} INFO - DAG(s) dict_keys(['taskflow_test11']) retrieved from /opt/airflow/dags/5_taskflow_api/taskflow1.py
[2023-08-09T02:49:45.952+0000] {logging_mixin.py:150} INFO - [2023-08-09T02:49:45.952+0000] {dag.py:2742} INFO - Sync 1 DAGs
[2023-08-09T02:49:45.969+0000] {logging_mixin.py:150} INFO - [2023-08-09T02:49:45.969+0000] {dag.py:3508} INFO - Setting next_dagrun for taskflow_test11 to 2023-08-09T00:00:00+00:00, run_after=2023-08-10T00:00:00+00:00
[2023-08-09T02:49:45.981+0000] {processor.py:179} INFO - Processing /opt/airflow/dags/5_taskflow_api/taskflow1.py took 0.084 seconds
[2023-08-09T02:50:16.754+0000] {processor.py:157} INFO - Started process (PID=6053) to work on /opt/airflow/dags/5_taskflow_api/taskflow1.py
[2023-08-09T02:50:16.758+0000] {processor.py:826} INFO - Processing file /opt/airflow/dags/5_taskflow_api/taskflow1.py for tasks to queue
[2023-08-09T02:50:16.760+0000] {logging_mixin.py:150} INFO - [2023-08-09T02:50:16.759+0000] {dagbag.py:541} INFO - Filling up the DagBag from /opt/airflow/dags/5_taskflow_api/taskflow1.py
[2023-08-09T02:50:16.776+0000] {processor.py:836} INFO - DAG(s) dict_keys(['taskflow_test11']) retrieved from /opt/airflow/dags/5_taskflow_api/taskflow1.py
[2023-08-09T02:50:16.801+0000] {logging_mixin.py:150} INFO - [2023-08-09T02:50:16.801+0000] {dag.py:2742} INFO - Sync 1 DAGs
[2023-08-09T02:50:16.817+0000] {logging_mixin.py:150} INFO - [2023-08-09T02:50:16.817+0000] {dag.py:3508} INFO - Setting next_dagrun for taskflow_test11 to 2023-08-09T00:00:00+00:00, run_after=2023-08-10T00:00:00+00:00
[2023-08-09T02:50:16.903+0000] {processor.py:179} INFO - Processing /opt/airflow/dags/5_taskflow_api/taskflow1.py took 0.156 seconds
[2023-08-09T02:50:47.073+0000] {processor.py:157} INFO - Started process (PID=6069) to work on /opt/airflow/dags/5_taskflow_api/taskflow1.py
[2023-08-09T02:50:47.076+0000] {processor.py:826} INFO - Processing file /opt/airflow/dags/5_taskflow_api/taskflow1.py for tasks to queue
[2023-08-09T02:50:47.078+0000] {logging_mixin.py:150} INFO - [2023-08-09T02:50:47.077+0000] {dagbag.py:541} INFO - Filling up the DagBag from /opt/airflow/dags/5_taskflow_api/taskflow1.py
[2023-08-09T02:50:47.094+0000] {processor.py:836} INFO - DAG(s) dict_keys(['taskflow_test11']) retrieved from /opt/airflow/dags/5_taskflow_api/taskflow1.py
[2023-08-09T02:50:47.118+0000] {logging_mixin.py:150} INFO - [2023-08-09T02:50:47.118+0000] {dag.py:2742} INFO - Sync 1 DAGs
[2023-08-09T02:50:47.214+0000] {logging_mixin.py:150} INFO - [2023-08-09T02:50:47.213+0000] {dag.py:3508} INFO - Setting next_dagrun for taskflow_test11 to 2023-08-09T00:00:00+00:00, run_after=2023-08-10T00:00:00+00:00
[2023-08-09T02:50:47.226+0000] {processor.py:179} INFO - Processing /opt/airflow/dags/5_taskflow_api/taskflow1.py took 0.160 seconds
[2023-08-09T02:51:18.013+0000] {processor.py:157} INFO - Started process (PID=6085) to work on /opt/airflow/dags/5_taskflow_api/taskflow1.py
[2023-08-09T02:51:18.016+0000] {processor.py:826} INFO - Processing file /opt/airflow/dags/5_taskflow_api/taskflow1.py for tasks to queue
[2023-08-09T02:51:18.018+0000] {logging_mixin.py:150} INFO - [2023-08-09T02:51:18.017+0000] {dagbag.py:541} INFO - Filling up the DagBag from /opt/airflow/dags/5_taskflow_api/taskflow1.py
[2023-08-09T02:51:18.032+0000] {processor.py:836} INFO - DAG(s) dict_keys(['taskflow_test11']) retrieved from /opt/airflow/dags/5_taskflow_api/taskflow1.py
[2023-08-09T02:51:18.056+0000] {logging_mixin.py:150} INFO - [2023-08-09T02:51:18.056+0000] {dag.py:2742} INFO - Sync 1 DAGs
[2023-08-09T02:51:18.072+0000] {logging_mixin.py:150} INFO - [2023-08-09T02:51:18.072+0000] {dag.py:3508} INFO - Setting next_dagrun for taskflow_test11 to 2023-08-09T00:00:00+00:00, run_after=2023-08-10T00:00:00+00:00
[2023-08-09T02:51:18.083+0000] {processor.py:179} INFO - Processing /opt/airflow/dags/5_taskflow_api/taskflow1.py took 0.077 seconds
[2023-08-09T02:51:48.868+0000] {processor.py:157} INFO - Started process (PID=6101) to work on /opt/airflow/dags/5_taskflow_api/taskflow1.py
[2023-08-09T02:51:48.871+0000] {processor.py:826} INFO - Processing file /opt/airflow/dags/5_taskflow_api/taskflow1.py for tasks to queue
[2023-08-09T02:51:48.873+0000] {logging_mixin.py:150} INFO - [2023-08-09T02:51:48.873+0000] {dagbag.py:541} INFO - Filling up the DagBag from /opt/airflow/dags/5_taskflow_api/taskflow1.py
[2023-08-09T02:51:48.890+0000] {processor.py:836} INFO - DAG(s) dict_keys(['taskflow_test11']) retrieved from /opt/airflow/dags/5_taskflow_api/taskflow1.py
[2023-08-09T02:51:48.914+0000] {logging_mixin.py:150} INFO - [2023-08-09T02:51:48.913+0000] {dag.py:2742} INFO - Sync 1 DAGs
[2023-08-09T02:51:48.929+0000] {logging_mixin.py:150} INFO - [2023-08-09T02:51:48.929+0000] {dag.py:3508} INFO - Setting next_dagrun for taskflow_test11 to 2023-08-09T00:00:00+00:00, run_after=2023-08-10T00:00:00+00:00
[2023-08-09T02:51:48.940+0000] {processor.py:179} INFO - Processing /opt/airflow/dags/5_taskflow_api/taskflow1.py took 0.079 seconds
[2023-08-09T02:52:19.770+0000] {processor.py:157} INFO - Started process (PID=6117) to work on /opt/airflow/dags/5_taskflow_api/taskflow1.py
[2023-08-09T02:52:19.775+0000] {processor.py:826} INFO - Processing file /opt/airflow/dags/5_taskflow_api/taskflow1.py for tasks to queue
[2023-08-09T02:52:19.777+0000] {logging_mixin.py:150} INFO - [2023-08-09T02:52:19.776+0000] {dagbag.py:541} INFO - Filling up the DagBag from /opt/airflow/dags/5_taskflow_api/taskflow1.py
[2023-08-09T02:52:19.793+0000] {processor.py:836} INFO - DAG(s) dict_keys(['taskflow_test11']) retrieved from /opt/airflow/dags/5_taskflow_api/taskflow1.py
[2023-08-09T02:52:19.817+0000] {logging_mixin.py:150} INFO - [2023-08-09T02:52:19.817+0000] {dag.py:2742} INFO - Sync 1 DAGs
[2023-08-09T02:52:19.833+0000] {logging_mixin.py:150} INFO - [2023-08-09T02:52:19.833+0000] {dag.py:3508} INFO - Setting next_dagrun for taskflow_test11 to 2023-08-09T00:00:00+00:00, run_after=2023-08-10T00:00:00+00:00
[2023-08-09T02:52:19.916+0000] {processor.py:179} INFO - Processing /opt/airflow/dags/5_taskflow_api/taskflow1.py took 0.153 seconds
[2023-08-09T02:52:50.156+0000] {processor.py:157} INFO - Started process (PID=6133) to work on /opt/airflow/dags/5_taskflow_api/taskflow1.py
[2023-08-09T02:52:50.161+0000] {processor.py:826} INFO - Processing file /opt/airflow/dags/5_taskflow_api/taskflow1.py for tasks to queue
[2023-08-09T02:52:50.163+0000] {logging_mixin.py:150} INFO - [2023-08-09T02:52:50.162+0000] {dagbag.py:541} INFO - Filling up the DagBag from /opt/airflow/dags/5_taskflow_api/taskflow1.py
[2023-08-09T02:52:50.179+0000] {processor.py:836} INFO - DAG(s) dict_keys(['taskflow_test11']) retrieved from /opt/airflow/dags/5_taskflow_api/taskflow1.py
[2023-08-09T02:52:50.204+0000] {logging_mixin.py:150} INFO - [2023-08-09T02:52:50.204+0000] {dag.py:2742} INFO - Sync 1 DAGs
[2023-08-09T02:52:50.292+0000] {logging_mixin.py:150} INFO - [2023-08-09T02:52:50.292+0000] {dag.py:3508} INFO - Setting next_dagrun for taskflow_test11 to 2023-08-09T00:00:00+00:00, run_after=2023-08-10T00:00:00+00:00
[2023-08-09T02:52:50.303+0000] {processor.py:179} INFO - Processing /opt/airflow/dags/5_taskflow_api/taskflow1.py took 0.154 seconds
[2023-08-09T02:53:21.174+0000] {processor.py:157} INFO - Started process (PID=6149) to work on /opt/airflow/dags/5_taskflow_api/taskflow1.py
[2023-08-09T02:53:21.178+0000] {processor.py:826} INFO - Processing file /opt/airflow/dags/5_taskflow_api/taskflow1.py for tasks to queue
[2023-08-09T02:53:21.180+0000] {logging_mixin.py:150} INFO - [2023-08-09T02:53:21.179+0000] {dagbag.py:541} INFO - Filling up the DagBag from /opt/airflow/dags/5_taskflow_api/taskflow1.py
[2023-08-09T02:53:21.196+0000] {processor.py:836} INFO - DAG(s) dict_keys(['taskflow_test11']) retrieved from /opt/airflow/dags/5_taskflow_api/taskflow1.py
[2023-08-09T02:53:21.223+0000] {logging_mixin.py:150} INFO - [2023-08-09T02:53:21.223+0000] {dag.py:2742} INFO - Sync 1 DAGs
[2023-08-09T02:53:21.239+0000] {logging_mixin.py:150} INFO - [2023-08-09T02:53:21.239+0000] {dag.py:3508} INFO - Setting next_dagrun for taskflow_test11 to 2023-08-09T00:00:00+00:00, run_after=2023-08-10T00:00:00+00:00
[2023-08-09T02:53:21.251+0000] {processor.py:179} INFO - Processing /opt/airflow/dags/5_taskflow_api/taskflow1.py took 0.082 seconds
[2023-08-09T02:53:52.128+0000] {processor.py:157} INFO - Started process (PID=6165) to work on /opt/airflow/dags/5_taskflow_api/taskflow1.py
[2023-08-09T02:53:52.132+0000] {processor.py:826} INFO - Processing file /opt/airflow/dags/5_taskflow_api/taskflow1.py for tasks to queue
[2023-08-09T02:53:52.136+0000] {logging_mixin.py:150} INFO - [2023-08-09T02:53:52.136+0000] {dagbag.py:541} INFO - Filling up the DagBag from /opt/airflow/dags/5_taskflow_api/taskflow1.py
[2023-08-09T02:53:52.158+0000] {processor.py:836} INFO - DAG(s) dict_keys(['taskflow_test11']) retrieved from /opt/airflow/dags/5_taskflow_api/taskflow1.py
[2023-08-09T02:53:52.183+0000] {logging_mixin.py:150} INFO - [2023-08-09T02:53:52.183+0000] {dag.py:2742} INFO - Sync 1 DAGs
[2023-08-09T02:53:52.201+0000] {logging_mixin.py:150} INFO - [2023-08-09T02:53:52.201+0000] {dag.py:3508} INFO - Setting next_dagrun for taskflow_test11 to 2023-08-09T00:00:00+00:00, run_after=2023-08-10T00:00:00+00:00
[2023-08-09T02:53:52.213+0000] {processor.py:179} INFO - Processing /opt/airflow/dags/5_taskflow_api/taskflow1.py took 0.091 seconds
[2023-08-09T02:54:22.910+0000] {processor.py:157} INFO - Started process (PID=6181) to work on /opt/airflow/dags/5_taskflow_api/taskflow1.py
[2023-08-09T02:54:22.913+0000] {processor.py:826} INFO - Processing file /opt/airflow/dags/5_taskflow_api/taskflow1.py for tasks to queue
[2023-08-09T02:54:22.914+0000] {logging_mixin.py:150} INFO - [2023-08-09T02:54:22.914+0000] {dagbag.py:541} INFO - Filling up the DagBag from /opt/airflow/dags/5_taskflow_api/taskflow1.py
[2023-08-09T02:54:22.934+0000] {processor.py:836} INFO - DAG(s) dict_keys(['taskflow_test11']) retrieved from /opt/airflow/dags/5_taskflow_api/taskflow1.py
[2023-08-09T02:54:22.968+0000] {logging_mixin.py:150} INFO - [2023-08-09T02:54:22.968+0000] {dag.py:2742} INFO - Sync 1 DAGs
[2023-08-09T02:54:22.992+0000] {logging_mixin.py:150} INFO - [2023-08-09T02:54:22.992+0000] {dag.py:3508} INFO - Setting next_dagrun for taskflow_test11 to 2023-08-09T00:00:00+00:00, run_after=2023-08-10T00:00:00+00:00
[2023-08-09T02:54:23.006+0000] {processor.py:179} INFO - Processing /opt/airflow/dags/5_taskflow_api/taskflow1.py took 0.099 seconds
[2023-08-09T02:54:54.002+0000] {processor.py:157} INFO - Started process (PID=6197) to work on /opt/airflow/dags/5_taskflow_api/taskflow1.py
[2023-08-09T02:54:54.007+0000] {processor.py:826} INFO - Processing file /opt/airflow/dags/5_taskflow_api/taskflow1.py for tasks to queue
[2023-08-09T02:54:54.009+0000] {logging_mixin.py:150} INFO - [2023-08-09T02:54:54.008+0000] {dagbag.py:541} INFO - Filling up the DagBag from /opt/airflow/dags/5_taskflow_api/taskflow1.py
[2023-08-09T02:54:54.024+0000] {processor.py:836} INFO - DAG(s) dict_keys(['taskflow_test11']) retrieved from /opt/airflow/dags/5_taskflow_api/taskflow1.py
[2023-08-09T02:54:54.048+0000] {logging_mixin.py:150} INFO - [2023-08-09T02:54:54.048+0000] {dag.py:2742} INFO - Sync 1 DAGs
[2023-08-09T02:54:54.142+0000] {logging_mixin.py:150} INFO - [2023-08-09T02:54:54.142+0000] {dag.py:3508} INFO - Setting next_dagrun for taskflow_test11 to 2023-08-09T00:00:00+00:00, run_after=2023-08-10T00:00:00+00:00
[2023-08-09T02:54:54.153+0000] {processor.py:179} INFO - Processing /opt/airflow/dags/5_taskflow_api/taskflow1.py took 0.156 seconds
[2023-08-09T02:55:24.344+0000] {processor.py:157} INFO - Started process (PID=6213) to work on /opt/airflow/dags/5_taskflow_api/taskflow1.py
[2023-08-09T02:55:24.347+0000] {processor.py:826} INFO - Processing file /opt/airflow/dags/5_taskflow_api/taskflow1.py for tasks to queue
[2023-08-09T02:55:24.349+0000] {logging_mixin.py:150} INFO - [2023-08-09T02:55:24.348+0000] {dagbag.py:541} INFO - Filling up the DagBag from /opt/airflow/dags/5_taskflow_api/taskflow1.py
[2023-08-09T02:55:24.365+0000] {processor.py:836} INFO - DAG(s) dict_keys(['taskflow_test11']) retrieved from /opt/airflow/dags/5_taskflow_api/taskflow1.py
[2023-08-09T02:55:24.389+0000] {logging_mixin.py:150} INFO - [2023-08-09T02:55:24.389+0000] {dag.py:2742} INFO - Sync 1 DAGs
[2023-08-09T02:55:24.406+0000] {logging_mixin.py:150} INFO - [2023-08-09T02:55:24.406+0000] {dag.py:3508} INFO - Setting next_dagrun for taskflow_test11 to 2023-08-09T00:00:00+00:00, run_after=2023-08-10T00:00:00+00:00
[2023-08-09T02:55:24.417+0000] {processor.py:179} INFO - Processing /opt/airflow/dags/5_taskflow_api/taskflow1.py took 0.079 seconds
[2023-08-09T02:55:55.224+0000] {processor.py:157} INFO - Started process (PID=6229) to work on /opt/airflow/dags/5_taskflow_api/taskflow1.py
[2023-08-09T02:55:55.225+0000] {processor.py:826} INFO - Processing file /opt/airflow/dags/5_taskflow_api/taskflow1.py for tasks to queue
[2023-08-09T02:55:55.227+0000] {logging_mixin.py:150} INFO - [2023-08-09T02:55:55.226+0000] {dagbag.py:541} INFO - Filling up the DagBag from /opt/airflow/dags/5_taskflow_api/taskflow1.py
[2023-08-09T02:55:55.239+0000] {processor.py:836} INFO - DAG(s) dict_keys(['taskflow_test11']) retrieved from /opt/airflow/dags/5_taskflow_api/taskflow1.py
[2023-08-09T02:55:55.266+0000] {logging_mixin.py:150} INFO - [2023-08-09T02:55:55.265+0000] {dag.py:2742} INFO - Sync 1 DAGs
[2023-08-09T02:55:55.283+0000] {logging_mixin.py:150} INFO - [2023-08-09T02:55:55.283+0000] {dag.py:3508} INFO - Setting next_dagrun for taskflow_test11 to 2023-08-09T00:00:00+00:00, run_after=2023-08-10T00:00:00+00:00
[2023-08-09T02:55:55.295+0000] {processor.py:179} INFO - Processing /opt/airflow/dags/5_taskflow_api/taskflow1.py took 0.074 seconds
[2023-08-09T02:56:26.068+0000] {processor.py:157} INFO - Started process (PID=6245) to work on /opt/airflow/dags/5_taskflow_api/taskflow1.py
[2023-08-09T02:56:26.072+0000] {processor.py:826} INFO - Processing file /opt/airflow/dags/5_taskflow_api/taskflow1.py for tasks to queue
[2023-08-09T02:56:26.073+0000] {logging_mixin.py:150} INFO - [2023-08-09T02:56:26.073+0000] {dagbag.py:541} INFO - Filling up the DagBag from /opt/airflow/dags/5_taskflow_api/taskflow1.py
[2023-08-09T02:56:26.089+0000] {processor.py:836} INFO - DAG(s) dict_keys(['taskflow_test11']) retrieved from /opt/airflow/dags/5_taskflow_api/taskflow1.py
[2023-08-09T02:56:26.114+0000] {logging_mixin.py:150} INFO - [2023-08-09T02:56:26.114+0000] {dag.py:2742} INFO - Sync 1 DAGs
[2023-08-09T02:56:26.131+0000] {logging_mixin.py:150} INFO - [2023-08-09T02:56:26.131+0000] {dag.py:3508} INFO - Setting next_dagrun for taskflow_test11 to 2023-08-09T00:00:00+00:00, run_after=2023-08-10T00:00:00+00:00
[2023-08-09T02:56:26.143+0000] {processor.py:179} INFO - Processing /opt/airflow/dags/5_taskflow_api/taskflow1.py took 0.082 seconds
[2023-08-09T02:56:56.209+0000] {processor.py:157} INFO - Started process (PID=6261) to work on /opt/airflow/dags/5_taskflow_api/taskflow1.py
[2023-08-09T02:56:56.211+0000] {processor.py:826} INFO - Processing file /opt/airflow/dags/5_taskflow_api/taskflow1.py for tasks to queue
[2023-08-09T02:56:56.212+0000] {logging_mixin.py:150} INFO - [2023-08-09T02:56:56.212+0000] {dagbag.py:541} INFO - Filling up the DagBag from /opt/airflow/dags/5_taskflow_api/taskflow1.py
[2023-08-09T02:56:56.223+0000] {processor.py:836} INFO - DAG(s) dict_keys(['taskflow_test11']) retrieved from /opt/airflow/dags/5_taskflow_api/taskflow1.py
[2023-08-09T02:56:56.251+0000] {logging_mixin.py:150} INFO - [2023-08-09T02:56:56.251+0000] {dag.py:2742} INFO - Sync 1 DAGs
[2023-08-09T02:56:56.349+0000] {logging_mixin.py:150} INFO - [2023-08-09T02:56:56.349+0000] {dag.py:3508} INFO - Setting next_dagrun for taskflow_test11 to 2023-08-09T00:00:00+00:00, run_after=2023-08-10T00:00:00+00:00
[2023-08-09T02:56:56.360+0000] {processor.py:179} INFO - Processing /opt/airflow/dags/5_taskflow_api/taskflow1.py took 0.157 seconds
[2023-08-09T02:57:26.430+0000] {processor.py:157} INFO - Started process (PID=6277) to work on /opt/airflow/dags/5_taskflow_api/taskflow1.py
[2023-08-09T02:57:26.432+0000] {processor.py:826} INFO - Processing file /opt/airflow/dags/5_taskflow_api/taskflow1.py for tasks to queue
[2023-08-09T02:57:26.433+0000] {logging_mixin.py:150} INFO - [2023-08-09T02:57:26.433+0000] {dagbag.py:541} INFO - Filling up the DagBag from /opt/airflow/dags/5_taskflow_api/taskflow1.py
[2023-08-09T02:57:26.450+0000] {processor.py:836} INFO - DAG(s) dict_keys(['taskflow_test11']) retrieved from /opt/airflow/dags/5_taskflow_api/taskflow1.py
[2023-08-09T02:57:26.477+0000] {logging_mixin.py:150} INFO - [2023-08-09T02:57:26.477+0000] {dag.py:2742} INFO - Sync 1 DAGs
[2023-08-09T02:57:26.493+0000] {logging_mixin.py:150} INFO - [2023-08-09T02:57:26.493+0000] {dag.py:3508} INFO - Setting next_dagrun for taskflow_test11 to 2023-08-09T00:00:00+00:00, run_after=2023-08-10T00:00:00+00:00
[2023-08-09T02:57:26.503+0000] {processor.py:179} INFO - Processing /opt/airflow/dags/5_taskflow_api/taskflow1.py took 0.079 seconds
[2023-08-09T02:57:57.196+0000] {processor.py:157} INFO - Started process (PID=6293) to work on /opt/airflow/dags/5_taskflow_api/taskflow1.py
[2023-08-09T02:57:57.199+0000] {processor.py:826} INFO - Processing file /opt/airflow/dags/5_taskflow_api/taskflow1.py for tasks to queue
[2023-08-09T02:57:57.200+0000] {logging_mixin.py:150} INFO - [2023-08-09T02:57:57.200+0000] {dagbag.py:541} INFO - Filling up the DagBag from /opt/airflow/dags/5_taskflow_api/taskflow1.py
[2023-08-09T02:57:57.215+0000] {processor.py:836} INFO - DAG(s) dict_keys(['taskflow_test11']) retrieved from /opt/airflow/dags/5_taskflow_api/taskflow1.py
[2023-08-09T02:57:57.241+0000] {logging_mixin.py:150} INFO - [2023-08-09T02:57:57.241+0000] {dag.py:2742} INFO - Sync 1 DAGs
[2023-08-09T02:57:57.258+0000] {logging_mixin.py:150} INFO - [2023-08-09T02:57:57.258+0000] {dag.py:3508} INFO - Setting next_dagrun for taskflow_test11 to 2023-08-09T00:00:00+00:00, run_after=2023-08-10T00:00:00+00:00
[2023-08-09T02:57:57.269+0000] {processor.py:179} INFO - Processing /opt/airflow/dags/5_taskflow_api/taskflow1.py took 0.078 seconds
[2023-08-09T02:58:28.136+0000] {processor.py:157} INFO - Started process (PID=6309) to work on /opt/airflow/dags/5_taskflow_api/taskflow1.py
[2023-08-09T02:58:28.138+0000] {processor.py:826} INFO - Processing file /opt/airflow/dags/5_taskflow_api/taskflow1.py for tasks to queue
[2023-08-09T02:58:28.139+0000] {logging_mixin.py:150} INFO - [2023-08-09T02:58:28.139+0000] {dagbag.py:541} INFO - Filling up the DagBag from /opt/airflow/dags/5_taskflow_api/taskflow1.py
[2023-08-09T02:58:28.154+0000] {processor.py:836} INFO - DAG(s) dict_keys(['taskflow_test11']) retrieved from /opt/airflow/dags/5_taskflow_api/taskflow1.py
[2023-08-09T02:58:28.182+0000] {logging_mixin.py:150} INFO - [2023-08-09T02:58:28.182+0000] {dag.py:2742} INFO - Sync 1 DAGs
[2023-08-09T02:58:28.199+0000] {logging_mixin.py:150} INFO - [2023-08-09T02:58:28.199+0000] {dag.py:3508} INFO - Setting next_dagrun for taskflow_test11 to 2023-08-09T00:00:00+00:00, run_after=2023-08-10T00:00:00+00:00
[2023-08-09T02:58:28.210+0000] {processor.py:179} INFO - Processing /opt/airflow/dags/5_taskflow_api/taskflow1.py took 0.080 seconds
[2023-08-09T02:58:58.280+0000] {processor.py:157} INFO - Started process (PID=6325) to work on /opt/airflow/dags/5_taskflow_api/taskflow1.py
[2023-08-09T02:58:58.283+0000] {processor.py:826} INFO - Processing file /opt/airflow/dags/5_taskflow_api/taskflow1.py for tasks to queue
[2023-08-09T02:58:58.284+0000] {logging_mixin.py:150} INFO - [2023-08-09T02:58:58.284+0000] {dagbag.py:541} INFO - Filling up the DagBag from /opt/airflow/dags/5_taskflow_api/taskflow1.py
[2023-08-09T02:58:58.300+0000] {processor.py:836} INFO - DAG(s) dict_keys(['taskflow_test11']) retrieved from /opt/airflow/dags/5_taskflow_api/taskflow1.py
[2023-08-09T02:58:58.330+0000] {logging_mixin.py:150} INFO - [2023-08-09T02:58:58.330+0000] {dag.py:2742} INFO - Sync 1 DAGs
[2023-08-09T02:58:58.423+0000] {logging_mixin.py:150} INFO - [2023-08-09T02:58:58.423+0000] {dag.py:3508} INFO - Setting next_dagrun for taskflow_test11 to 2023-08-09T00:00:00+00:00, run_after=2023-08-10T00:00:00+00:00
[2023-08-09T02:58:58.435+0000] {processor.py:179} INFO - Processing /opt/airflow/dags/5_taskflow_api/taskflow1.py took 0.159 seconds
[2023-08-09T02:59:28.557+0000] {processor.py:157} INFO - Started process (PID=6341) to work on /opt/airflow/dags/5_taskflow_api/taskflow1.py
[2023-08-09T02:59:28.559+0000] {processor.py:826} INFO - Processing file /opt/airflow/dags/5_taskflow_api/taskflow1.py for tasks to queue
[2023-08-09T02:59:28.561+0000] {logging_mixin.py:150} INFO - [2023-08-09T02:59:28.560+0000] {dagbag.py:541} INFO - Filling up the DagBag from /opt/airflow/dags/5_taskflow_api/taskflow1.py
[2023-08-09T02:59:28.574+0000] {processor.py:836} INFO - DAG(s) dict_keys(['taskflow_test11']) retrieved from /opt/airflow/dags/5_taskflow_api/taskflow1.py
[2023-08-09T02:59:28.599+0000] {logging_mixin.py:150} INFO - [2023-08-09T02:59:28.599+0000] {dag.py:2742} INFO - Sync 1 DAGs
[2023-08-09T02:59:28.691+0000] {logging_mixin.py:150} INFO - [2023-08-09T02:59:28.691+0000] {dag.py:3508} INFO - Setting next_dagrun for taskflow_test11 to 2023-08-09T00:00:00+00:00, run_after=2023-08-10T00:00:00+00:00
[2023-08-09T02:59:28.701+0000] {processor.py:179} INFO - Processing /opt/airflow/dags/5_taskflow_api/taskflow1.py took 0.150 seconds
[2023-08-09T02:59:59.475+0000] {processor.py:157} INFO - Started process (PID=6358) to work on /opt/airflow/dags/5_taskflow_api/taskflow1.py
[2023-08-09T02:59:59.478+0000] {processor.py:826} INFO - Processing file /opt/airflow/dags/5_taskflow_api/taskflow1.py for tasks to queue
[2023-08-09T02:59:59.480+0000] {logging_mixin.py:150} INFO - [2023-08-09T02:59:59.479+0000] {dagbag.py:541} INFO - Filling up the DagBag from /opt/airflow/dags/5_taskflow_api/taskflow1.py
[2023-08-09T02:59:59.497+0000] {processor.py:836} INFO - DAG(s) dict_keys(['taskflow_test11']) retrieved from /opt/airflow/dags/5_taskflow_api/taskflow1.py
[2023-08-09T02:59:59.522+0000] {logging_mixin.py:150} INFO - [2023-08-09T02:59:59.522+0000] {dag.py:2742} INFO - Sync 1 DAGs
[2023-08-09T02:59:59.540+0000] {logging_mixin.py:150} INFO - [2023-08-09T02:59:59.540+0000] {dag.py:3508} INFO - Setting next_dagrun for taskflow_test11 to 2023-08-09T00:00:00+00:00, run_after=2023-08-10T00:00:00+00:00
[2023-08-09T02:59:59.551+0000] {processor.py:179} INFO - Processing /opt/airflow/dags/5_taskflow_api/taskflow1.py took 0.083 seconds
[2023-08-09T03:00:30.252+0000] {processor.py:157} INFO - Started process (PID=6374) to work on /opt/airflow/dags/5_taskflow_api/taskflow1.py
[2023-08-09T03:00:30.255+0000] {processor.py:826} INFO - Processing file /opt/airflow/dags/5_taskflow_api/taskflow1.py for tasks to queue
[2023-08-09T03:00:30.257+0000] {logging_mixin.py:150} INFO - [2023-08-09T03:00:30.256+0000] {dagbag.py:541} INFO - Filling up the DagBag from /opt/airflow/dags/5_taskflow_api/taskflow1.py
[2023-08-09T03:00:30.277+0000] {processor.py:836} INFO - DAG(s) dict_keys(['taskflow_test11']) retrieved from /opt/airflow/dags/5_taskflow_api/taskflow1.py
[2023-08-09T03:00:30.301+0000] {logging_mixin.py:150} INFO - [2023-08-09T03:00:30.301+0000] {dag.py:2742} INFO - Sync 1 DAGs
[2023-08-09T03:00:30.318+0000] {logging_mixin.py:150} INFO - [2023-08-09T03:00:30.318+0000] {dag.py:3508} INFO - Setting next_dagrun for taskflow_test11 to 2023-08-09T00:00:00+00:00, run_after=2023-08-10T00:00:00+00:00
[2023-08-09T03:00:30.330+0000] {processor.py:179} INFO - Processing /opt/airflow/dags/5_taskflow_api/taskflow1.py took 0.084 seconds
[2023-08-09T03:01:00.472+0000] {processor.py:157} INFO - Started process (PID=6390) to work on /opt/airflow/dags/5_taskflow_api/taskflow1.py
[2023-08-09T03:01:00.473+0000] {processor.py:826} INFO - Processing file /opt/airflow/dags/5_taskflow_api/taskflow1.py for tasks to queue
[2023-08-09T03:01:00.474+0000] {logging_mixin.py:150} INFO - [2023-08-09T03:01:00.474+0000] {dagbag.py:541} INFO - Filling up the DagBag from /opt/airflow/dags/5_taskflow_api/taskflow1.py
[2023-08-09T03:01:00.484+0000] {processor.py:836} INFO - DAG(s) dict_keys(['taskflow_test11']) retrieved from /opt/airflow/dags/5_taskflow_api/taskflow1.py
[2023-08-09T03:01:00.508+0000] {logging_mixin.py:150} INFO - [2023-08-09T03:01:00.508+0000] {dag.py:2742} INFO - Sync 1 DAGs
[2023-08-09T03:01:00.600+0000] {logging_mixin.py:150} INFO - [2023-08-09T03:01:00.600+0000] {dag.py:3508} INFO - Setting next_dagrun for taskflow_test11 to 2023-08-09T00:00:00+00:00, run_after=2023-08-10T00:00:00+00:00
[2023-08-09T03:01:00.613+0000] {processor.py:179} INFO - Processing /opt/airflow/dags/5_taskflow_api/taskflow1.py took 0.144 seconds
[2023-08-09T03:01:30.661+0000] {processor.py:157} INFO - Started process (PID=6405) to work on /opt/airflow/dags/5_taskflow_api/taskflow1.py
[2023-08-09T03:01:30.662+0000] {processor.py:826} INFO - Processing file /opt/airflow/dags/5_taskflow_api/taskflow1.py for tasks to queue
[2023-08-09T03:01:30.663+0000] {logging_mixin.py:150} INFO - [2023-08-09T03:01:30.663+0000] {dagbag.py:541} INFO - Filling up the DagBag from /opt/airflow/dags/5_taskflow_api/taskflow1.py
[2023-08-09T03:01:30.677+0000] {processor.py:836} INFO - DAG(s) dict_keys(['taskflow_test11']) retrieved from /opt/airflow/dags/5_taskflow_api/taskflow1.py
[2023-08-09T03:01:30.700+0000] {logging_mixin.py:150} INFO - [2023-08-09T03:01:30.700+0000] {dag.py:2742} INFO - Sync 1 DAGs
[2023-08-09T03:01:30.797+0000] {logging_mixin.py:150} INFO - [2023-08-09T03:01:30.797+0000] {dag.py:3508} INFO - Setting next_dagrun for taskflow_test11 to 2023-08-09T00:00:00+00:00, run_after=2023-08-10T00:00:00+00:00
[2023-08-09T03:01:30.808+0000] {processor.py:179} INFO - Processing /opt/airflow/dags/5_taskflow_api/taskflow1.py took 0.150 seconds
[2023-08-09T03:02:01.639+0000] {processor.py:157} INFO - Started process (PID=6420) to work on /opt/airflow/dags/5_taskflow_api/taskflow1.py
[2023-08-09T03:02:01.641+0000] {processor.py:826} INFO - Processing file /opt/airflow/dags/5_taskflow_api/taskflow1.py for tasks to queue
[2023-08-09T03:02:01.642+0000] {logging_mixin.py:150} INFO - [2023-08-09T03:02:01.642+0000] {dagbag.py:541} INFO - Filling up the DagBag from /opt/airflow/dags/5_taskflow_api/taskflow1.py
[2023-08-09T03:02:01.654+0000] {processor.py:836} INFO - DAG(s) dict_keys(['taskflow_test11']) retrieved from /opt/airflow/dags/5_taskflow_api/taskflow1.py
[2023-08-09T03:02:01.682+0000] {logging_mixin.py:150} INFO - [2023-08-09T03:02:01.681+0000] {dag.py:2742} INFO - Sync 1 DAGs
[2023-08-09T03:02:01.700+0000] {logging_mixin.py:150} INFO - [2023-08-09T03:02:01.700+0000] {dag.py:3508} INFO - Setting next_dagrun for taskflow_test11 to 2023-08-09T00:00:00+00:00, run_after=2023-08-10T00:00:00+00:00
[2023-08-09T03:02:01.713+0000] {processor.py:179} INFO - Processing /opt/airflow/dags/5_taskflow_api/taskflow1.py took 0.077 seconds
[2023-08-09T03:02:32.511+0000] {processor.py:157} INFO - Started process (PID=6436) to work on /opt/airflow/dags/5_taskflow_api/taskflow1.py
[2023-08-09T03:02:32.513+0000] {processor.py:826} INFO - Processing file /opt/airflow/dags/5_taskflow_api/taskflow1.py for tasks to queue
[2023-08-09T03:02:32.515+0000] {logging_mixin.py:150} INFO - [2023-08-09T03:02:32.515+0000] {dagbag.py:541} INFO - Filling up the DagBag from /opt/airflow/dags/5_taskflow_api/taskflow1.py
[2023-08-09T03:02:32.533+0000] {processor.py:836} INFO - DAG(s) dict_keys(['taskflow_test11']) retrieved from /opt/airflow/dags/5_taskflow_api/taskflow1.py
[2023-08-09T03:02:32.563+0000] {logging_mixin.py:150} INFO - [2023-08-09T03:02:32.563+0000] {dag.py:2742} INFO - Sync 1 DAGs
[2023-08-09T03:02:32.580+0000] {logging_mixin.py:150} INFO - [2023-08-09T03:02:32.580+0000] {dag.py:3508} INFO - Setting next_dagrun for taskflow_test11 to 2023-08-09T00:00:00+00:00, run_after=2023-08-10T00:00:00+00:00
[2023-08-09T03:02:32.593+0000] {processor.py:179} INFO - Processing /opt/airflow/dags/5_taskflow_api/taskflow1.py took 0.086 seconds
[2023-08-09T03:03:02.679+0000] {processor.py:157} INFO - Started process (PID=6452) to work on /opt/airflow/dags/5_taskflow_api/taskflow1.py
[2023-08-09T03:03:02.681+0000] {processor.py:826} INFO - Processing file /opt/airflow/dags/5_taskflow_api/taskflow1.py for tasks to queue
[2023-08-09T03:03:02.683+0000] {logging_mixin.py:150} INFO - [2023-08-09T03:03:02.682+0000] {dagbag.py:541} INFO - Filling up the DagBag from /opt/airflow/dags/5_taskflow_api/taskflow1.py
[2023-08-09T03:03:02.697+0000] {processor.py:836} INFO - DAG(s) dict_keys(['taskflow_test11']) retrieved from /opt/airflow/dags/5_taskflow_api/taskflow1.py
[2023-08-09T03:03:02.725+0000] {logging_mixin.py:150} INFO - [2023-08-09T03:03:02.725+0000] {dag.py:2742} INFO - Sync 1 DAGs
[2023-08-09T03:03:02.824+0000] {logging_mixin.py:150} INFO - [2023-08-09T03:03:02.824+0000] {dag.py:3508} INFO - Setting next_dagrun for taskflow_test11 to 2023-08-09T00:00:00+00:00, run_after=2023-08-10T00:00:00+00:00
[2023-08-09T03:03:02.834+0000] {processor.py:179} INFO - Processing /opt/airflow/dags/5_taskflow_api/taskflow1.py took 0.160 seconds
[2023-08-09T03:03:33.038+0000] {processor.py:157} INFO - Started process (PID=6468) to work on /opt/airflow/dags/5_taskflow_api/taskflow1.py
[2023-08-09T03:03:33.040+0000] {processor.py:826} INFO - Processing file /opt/airflow/dags/5_taskflow_api/taskflow1.py for tasks to queue
[2023-08-09T03:03:33.042+0000] {logging_mixin.py:150} INFO - [2023-08-09T03:03:33.041+0000] {dagbag.py:541} INFO - Filling up the DagBag from /opt/airflow/dags/5_taskflow_api/taskflow1.py
[2023-08-09T03:03:33.058+0000] {processor.py:836} INFO - DAG(s) dict_keys(['taskflow_test11']) retrieved from /opt/airflow/dags/5_taskflow_api/taskflow1.py
[2023-08-09T03:03:33.088+0000] {logging_mixin.py:150} INFO - [2023-08-09T03:03:33.087+0000] {dag.py:2742} INFO - Sync 1 DAGs
[2023-08-09T03:03:33.188+0000] {logging_mixin.py:150} INFO - [2023-08-09T03:03:33.188+0000] {dag.py:3508} INFO - Setting next_dagrun for taskflow_test11 to 2023-08-09T00:00:00+00:00, run_after=2023-08-10T00:00:00+00:00
[2023-08-09T03:03:33.201+0000] {processor.py:179} INFO - Processing /opt/airflow/dags/5_taskflow_api/taskflow1.py took 0.167 seconds
[2023-08-09T03:04:03.373+0000] {processor.py:157} INFO - Started process (PID=6484) to work on /opt/airflow/dags/5_taskflow_api/taskflow1.py
[2023-08-09T03:04:03.376+0000] {processor.py:826} INFO - Processing file /opt/airflow/dags/5_taskflow_api/taskflow1.py for tasks to queue
[2023-08-09T03:04:03.377+0000] {logging_mixin.py:150} INFO - [2023-08-09T03:04:03.377+0000] {dagbag.py:541} INFO - Filling up the DagBag from /opt/airflow/dags/5_taskflow_api/taskflow1.py
[2023-08-09T03:04:03.391+0000] {processor.py:836} INFO - DAG(s) dict_keys(['taskflow_test11']) retrieved from /opt/airflow/dags/5_taskflow_api/taskflow1.py
[2023-08-09T03:04:03.419+0000] {logging_mixin.py:150} INFO - [2023-08-09T03:04:03.419+0000] {dag.py:2742} INFO - Sync 1 DAGs
[2023-08-09T03:04:03.437+0000] {logging_mixin.py:150} INFO - [2023-08-09T03:04:03.437+0000] {dag.py:3508} INFO - Setting next_dagrun for taskflow_test11 to 2023-08-09T00:00:00+00:00, run_after=2023-08-10T00:00:00+00:00
[2023-08-09T03:04:03.451+0000] {processor.py:179} INFO - Processing /opt/airflow/dags/5_taskflow_api/taskflow1.py took 0.082 seconds
[2023-08-09T03:04:33.548+0000] {processor.py:157} INFO - Started process (PID=6502) to work on /opt/airflow/dags/5_taskflow_api/taskflow1.py
[2023-08-09T03:04:33.551+0000] {processor.py:826} INFO - Processing file /opt/airflow/dags/5_taskflow_api/taskflow1.py for tasks to queue
[2023-08-09T03:04:33.553+0000] {logging_mixin.py:150} INFO - [2023-08-09T03:04:33.552+0000] {dagbag.py:541} INFO - Filling up the DagBag from /opt/airflow/dags/5_taskflow_api/taskflow1.py
[2023-08-09T03:04:33.568+0000] {processor.py:836} INFO - DAG(s) dict_keys(['taskflow_test11']) retrieved from /opt/airflow/dags/5_taskflow_api/taskflow1.py
[2023-08-09T03:04:33.595+0000] {logging_mixin.py:150} INFO - [2023-08-09T03:04:33.595+0000] {dag.py:2742} INFO - Sync 1 DAGs
[2023-08-09T03:04:33.611+0000] {logging_mixin.py:150} INFO - [2023-08-09T03:04:33.611+0000] {dag.py:3508} INFO - Setting next_dagrun for taskflow_test11 to 2023-08-09T00:00:00+00:00, run_after=2023-08-10T00:00:00+00:00
[2023-08-09T03:04:33.623+0000] {processor.py:179} INFO - Processing /opt/airflow/dags/5_taskflow_api/taskflow1.py took 0.080 seconds
[2023-08-09T03:05:03.918+0000] {processor.py:157} INFO - Started process (PID=6519) to work on /opt/airflow/dags/5_taskflow_api/taskflow1.py
[2023-08-09T03:05:03.921+0000] {processor.py:826} INFO - Processing file /opt/airflow/dags/5_taskflow_api/taskflow1.py for tasks to queue
[2023-08-09T03:05:03.923+0000] {logging_mixin.py:150} INFO - [2023-08-09T03:05:03.922+0000] {dagbag.py:541} INFO - Filling up the DagBag from /opt/airflow/dags/5_taskflow_api/taskflow1.py
[2023-08-09T03:05:03.937+0000] {processor.py:836} INFO - DAG(s) dict_keys(['taskflow_test11']) retrieved from /opt/airflow/dags/5_taskflow_api/taskflow1.py
[2023-08-09T03:05:03.964+0000] {logging_mixin.py:150} INFO - [2023-08-09T03:05:03.964+0000] {dag.py:2742} INFO - Sync 1 DAGs
[2023-08-09T03:05:04.066+0000] {logging_mixin.py:150} INFO - [2023-08-09T03:05:04.066+0000] {dag.py:3508} INFO - Setting next_dagrun for taskflow_test11 to 2023-08-09T00:00:00+00:00, run_after=2023-08-10T00:00:00+00:00
[2023-08-09T03:05:04.078+0000] {processor.py:179} INFO - Processing /opt/airflow/dags/5_taskflow_api/taskflow1.py took 0.164 seconds
[2023-08-09T03:05:34.249+0000] {processor.py:157} INFO - Started process (PID=6535) to work on /opt/airflow/dags/5_taskflow_api/taskflow1.py
[2023-08-09T03:05:34.250+0000] {processor.py:826} INFO - Processing file /opt/airflow/dags/5_taskflow_api/taskflow1.py for tasks to queue
[2023-08-09T03:05:34.252+0000] {logging_mixin.py:150} INFO - [2023-08-09T03:05:34.251+0000] {dagbag.py:541} INFO - Filling up the DagBag from /opt/airflow/dags/5_taskflow_api/taskflow1.py
[2023-08-09T03:05:34.263+0000] {processor.py:836} INFO - DAG(s) dict_keys(['taskflow_test11']) retrieved from /opt/airflow/dags/5_taskflow_api/taskflow1.py
[2023-08-09T03:05:34.288+0000] {logging_mixin.py:150} INFO - [2023-08-09T03:05:34.288+0000] {dag.py:2742} INFO - Sync 1 DAGs
[2023-08-09T03:05:34.392+0000] {logging_mixin.py:150} INFO - [2023-08-09T03:05:34.392+0000] {dag.py:3508} INFO - Setting next_dagrun for taskflow_test11 to 2023-08-09T00:00:00+00:00, run_after=2023-08-10T00:00:00+00:00
[2023-08-09T03:05:34.403+0000] {processor.py:179} INFO - Processing /opt/airflow/dags/5_taskflow_api/taskflow1.py took 0.158 seconds
[2023-08-09T03:06:05.392+0000] {processor.py:157} INFO - Started process (PID=6551) to work on /opt/airflow/dags/5_taskflow_api/taskflow1.py
[2023-08-09T03:06:05.394+0000] {processor.py:826} INFO - Processing file /opt/airflow/dags/5_taskflow_api/taskflow1.py for tasks to queue
[2023-08-09T03:06:05.396+0000] {logging_mixin.py:150} INFO - [2023-08-09T03:06:05.396+0000] {dagbag.py:541} INFO - Filling up the DagBag from /opt/airflow/dags/5_taskflow_api/taskflow1.py
[2023-08-09T03:06:05.410+0000] {processor.py:836} INFO - DAG(s) dict_keys(['taskflow_test11']) retrieved from /opt/airflow/dags/5_taskflow_api/taskflow1.py
[2023-08-09T03:06:05.436+0000] {logging_mixin.py:150} INFO - [2023-08-09T03:06:05.436+0000] {dag.py:2742} INFO - Sync 1 DAGs
[2023-08-09T03:06:05.452+0000] {logging_mixin.py:150} INFO - [2023-08-09T03:06:05.452+0000] {dag.py:3508} INFO - Setting next_dagrun for taskflow_test11 to 2023-08-09T00:00:00+00:00, run_after=2023-08-10T00:00:00+00:00
[2023-08-09T03:06:05.463+0000] {processor.py:179} INFO - Processing /opt/airflow/dags/5_taskflow_api/taskflow1.py took 0.077 seconds
[2023-08-09T03:06:36.528+0000] {processor.py:157} INFO - Started process (PID=6567) to work on /opt/airflow/dags/5_taskflow_api/taskflow1.py
[2023-08-09T03:06:36.529+0000] {processor.py:826} INFO - Processing file /opt/airflow/dags/5_taskflow_api/taskflow1.py for tasks to queue
[2023-08-09T03:06:36.531+0000] {logging_mixin.py:150} INFO - [2023-08-09T03:06:36.530+0000] {dagbag.py:541} INFO - Filling up the DagBag from /opt/airflow/dags/5_taskflow_api/taskflow1.py
[2023-08-09T03:06:36.543+0000] {processor.py:836} INFO - DAG(s) dict_keys(['taskflow_test11']) retrieved from /opt/airflow/dags/5_taskflow_api/taskflow1.py
[2023-08-09T03:06:36.569+0000] {logging_mixin.py:150} INFO - [2023-08-09T03:06:36.569+0000] {dag.py:2742} INFO - Sync 1 DAGs
[2023-08-09T03:06:36.588+0000] {logging_mixin.py:150} INFO - [2023-08-09T03:06:36.587+0000] {dag.py:3508} INFO - Setting next_dagrun for taskflow_test11 to 2023-08-09T00:00:00+00:00, run_after=2023-08-10T00:00:00+00:00
[2023-08-09T03:06:36.602+0000] {processor.py:179} INFO - Processing /opt/airflow/dags/5_taskflow_api/taskflow1.py took 0.077 seconds
[2023-08-09T03:07:07.196+0000] {processor.py:157} INFO - Started process (PID=6585) to work on /opt/airflow/dags/5_taskflow_api/taskflow1.py
[2023-08-09T03:07:07.198+0000] {processor.py:826} INFO - Processing file /opt/airflow/dags/5_taskflow_api/taskflow1.py for tasks to queue
[2023-08-09T03:07:07.200+0000] {logging_mixin.py:150} INFO - [2023-08-09T03:07:07.200+0000] {dagbag.py:541} INFO - Filling up the DagBag from /opt/airflow/dags/5_taskflow_api/taskflow1.py
[2023-08-09T03:07:07.214+0000] {processor.py:836} INFO - DAG(s) dict_keys(['taskflow_test11']) retrieved from /opt/airflow/dags/5_taskflow_api/taskflow1.py
[2023-08-09T03:07:07.230+0000] {logging_mixin.py:150} INFO - [2023-08-09T03:07:07.229+0000] {dag.py:2742} INFO - Sync 1 DAGs
[2023-08-09T03:07:07.247+0000] {logging_mixin.py:150} INFO - [2023-08-09T03:07:07.247+0000] {dag.py:3508} INFO - Setting next_dagrun for taskflow_test11 to 2023-08-09T00:00:00+00:00, run_after=2023-08-10T00:00:00+00:00
[2023-08-09T03:07:07.259+0000] {processor.py:179} INFO - Processing /opt/airflow/dags/5_taskflow_api/taskflow1.py took 0.071 seconds
[2023-08-09T03:07:37.373+0000] {processor.py:157} INFO - Started process (PID=6601) to work on /opt/airflow/dags/5_taskflow_api/taskflow1.py
[2023-08-09T03:07:37.374+0000] {processor.py:826} INFO - Processing file /opt/airflow/dags/5_taskflow_api/taskflow1.py for tasks to queue
[2023-08-09T03:07:37.376+0000] {logging_mixin.py:150} INFO - [2023-08-09T03:07:37.375+0000] {dagbag.py:541} INFO - Filling up the DagBag from /opt/airflow/dags/5_taskflow_api/taskflow1.py
[2023-08-09T03:07:37.387+0000] {processor.py:836} INFO - DAG(s) dict_keys(['taskflow_test11']) retrieved from /opt/airflow/dags/5_taskflow_api/taskflow1.py
[2023-08-09T03:07:37.552+0000] {logging_mixin.py:150} INFO - [2023-08-09T03:07:37.552+0000] {dag.py:2742} INFO - Sync 1 DAGs
[2023-08-09T03:07:37.567+0000] {logging_mixin.py:150} INFO - [2023-08-09T03:07:37.567+0000] {dag.py:3508} INFO - Setting next_dagrun for taskflow_test11 to 2023-08-09T00:00:00+00:00, run_after=2023-08-10T00:00:00+00:00
[2023-08-09T03:07:37.580+0000] {processor.py:179} INFO - Processing /opt/airflow/dags/5_taskflow_api/taskflow1.py took 0.211 seconds
[2023-08-09T03:08:07.657+0000] {processor.py:157} INFO - Started process (PID=6618) to work on /opt/airflow/dags/5_taskflow_api/taskflow1.py
[2023-08-09T03:08:07.659+0000] {processor.py:826} INFO - Processing file /opt/airflow/dags/5_taskflow_api/taskflow1.py for tasks to queue
[2023-08-09T03:08:07.660+0000] {logging_mixin.py:150} INFO - [2023-08-09T03:08:07.660+0000] {dagbag.py:541} INFO - Filling up the DagBag from /opt/airflow/dags/5_taskflow_api/taskflow1.py
[2023-08-09T03:08:07.675+0000] {processor.py:836} INFO - DAG(s) dict_keys(['taskflow_test11']) retrieved from /opt/airflow/dags/5_taskflow_api/taskflow1.py
[2023-08-09T03:08:07.703+0000] {logging_mixin.py:150} INFO - [2023-08-09T03:08:07.703+0000] {dag.py:2742} INFO - Sync 1 DAGs
[2023-08-09T03:08:07.722+0000] {logging_mixin.py:150} INFO - [2023-08-09T03:08:07.722+0000] {dag.py:3508} INFO - Setting next_dagrun for taskflow_test11 to 2023-08-09T00:00:00+00:00, run_after=2023-08-10T00:00:00+00:00
[2023-08-09T03:08:07.735+0000] {processor.py:179} INFO - Processing /opt/airflow/dags/5_taskflow_api/taskflow1.py took 0.083 seconds
[2023-08-09T03:08:38.624+0000] {processor.py:157} INFO - Started process (PID=6634) to work on /opt/airflow/dags/5_taskflow_api/taskflow1.py
[2023-08-09T03:08:38.626+0000] {processor.py:826} INFO - Processing file /opt/airflow/dags/5_taskflow_api/taskflow1.py for tasks to queue
[2023-08-09T03:08:38.627+0000] {logging_mixin.py:150} INFO - [2023-08-09T03:08:38.626+0000] {dagbag.py:541} INFO - Filling up the DagBag from /opt/airflow/dags/5_taskflow_api/taskflow1.py
[2023-08-09T03:08:38.643+0000] {processor.py:836} INFO - DAG(s) dict_keys(['taskflow_test11']) retrieved from /opt/airflow/dags/5_taskflow_api/taskflow1.py
[2023-08-09T03:08:38.676+0000] {logging_mixin.py:150} INFO - [2023-08-09T03:08:38.676+0000] {dag.py:2742} INFO - Sync 1 DAGs
[2023-08-09T03:08:38.701+0000] {logging_mixin.py:150} INFO - [2023-08-09T03:08:38.701+0000] {dag.py:3508} INFO - Setting next_dagrun for taskflow_test11 to 2023-08-09T00:00:00+00:00, run_after=2023-08-10T00:00:00+00:00
[2023-08-09T03:08:38.719+0000] {processor.py:179} INFO - Processing /opt/airflow/dags/5_taskflow_api/taskflow1.py took 0.100 seconds
[2023-08-09T03:09:08.933+0000] {processor.py:157} INFO - Started process (PID=6650) to work on /opt/airflow/dags/5_taskflow_api/taskflow1.py
[2023-08-09T03:09:08.936+0000] {processor.py:826} INFO - Processing file /opt/airflow/dags/5_taskflow_api/taskflow1.py for tasks to queue
[2023-08-09T03:09:08.938+0000] {logging_mixin.py:150} INFO - [2023-08-09T03:09:08.938+0000] {dagbag.py:541} INFO - Filling up the DagBag from /opt/airflow/dags/5_taskflow_api/taskflow1.py
[2023-08-09T03:09:08.952+0000] {processor.py:836} INFO - DAG(s) dict_keys(['taskflow_test11']) retrieved from /opt/airflow/dags/5_taskflow_api/taskflow1.py
[2023-08-09T03:09:08.978+0000] {logging_mixin.py:150} INFO - [2023-08-09T03:09:08.978+0000] {dag.py:2742} INFO - Sync 1 DAGs
[2023-08-09T03:09:09.072+0000] {logging_mixin.py:150} INFO - [2023-08-09T03:09:09.072+0000] {dag.py:3508} INFO - Setting next_dagrun for taskflow_test11 to 2023-08-09T00:00:00+00:00, run_after=2023-08-10T00:00:00+00:00
[2023-08-09T03:09:09.082+0000] {processor.py:179} INFO - Processing /opt/airflow/dags/5_taskflow_api/taskflow1.py took 0.155 seconds
[2023-08-09T03:09:39.186+0000] {processor.py:157} INFO - Started process (PID=6666) to work on /opt/airflow/dags/5_taskflow_api/taskflow1.py
[2023-08-09T03:09:39.189+0000] {processor.py:826} INFO - Processing file /opt/airflow/dags/5_taskflow_api/taskflow1.py for tasks to queue
[2023-08-09T03:09:39.190+0000] {logging_mixin.py:150} INFO - [2023-08-09T03:09:39.189+0000] {dagbag.py:541} INFO - Filling up the DagBag from /opt/airflow/dags/5_taskflow_api/taskflow1.py
[2023-08-09T03:09:39.204+0000] {processor.py:836} INFO - DAG(s) dict_keys(['taskflow_test11']) retrieved from /opt/airflow/dags/5_taskflow_api/taskflow1.py
[2023-08-09T03:09:39.231+0000] {logging_mixin.py:150} INFO - [2023-08-09T03:09:39.231+0000] {dag.py:2742} INFO - Sync 1 DAGs
[2023-08-09T03:09:39.328+0000] {logging_mixin.py:150} INFO - [2023-08-09T03:09:39.328+0000] {dag.py:3508} INFO - Setting next_dagrun for taskflow_test11 to 2023-08-09T00:00:00+00:00, run_after=2023-08-10T00:00:00+00:00
[2023-08-09T03:09:39.339+0000] {processor.py:179} INFO - Processing /opt/airflow/dags/5_taskflow_api/taskflow1.py took 0.158 seconds
[2023-08-09T03:10:10.275+0000] {processor.py:157} INFO - Started process (PID=6682) to work on /opt/airflow/dags/5_taskflow_api/taskflow1.py
[2023-08-09T03:10:10.277+0000] {processor.py:826} INFO - Processing file /opt/airflow/dags/5_taskflow_api/taskflow1.py for tasks to queue
[2023-08-09T03:10:10.279+0000] {logging_mixin.py:150} INFO - [2023-08-09T03:10:10.279+0000] {dagbag.py:541} INFO - Filling up the DagBag from /opt/airflow/dags/5_taskflow_api/taskflow1.py
[2023-08-09T03:10:10.294+0000] {processor.py:836} INFO - DAG(s) dict_keys(['taskflow_test11']) retrieved from /opt/airflow/dags/5_taskflow_api/taskflow1.py
[2023-08-09T03:10:10.321+0000] {logging_mixin.py:150} INFO - [2023-08-09T03:10:10.321+0000] {dag.py:2742} INFO - Sync 1 DAGs
[2023-08-09T03:10:10.339+0000] {logging_mixin.py:150} INFO - [2023-08-09T03:10:10.339+0000] {dag.py:3508} INFO - Setting next_dagrun for taskflow_test11 to 2023-08-09T00:00:00+00:00, run_after=2023-08-10T00:00:00+00:00
[2023-08-09T03:10:10.351+0000] {processor.py:179} INFO - Processing /opt/airflow/dags/5_taskflow_api/taskflow1.py took 0.080 seconds
[2023-08-09T03:10:41.263+0000] {processor.py:157} INFO - Started process (PID=6707) to work on /opt/airflow/dags/5_taskflow_api/taskflow1.py
[2023-08-09T03:10:41.265+0000] {processor.py:826} INFO - Processing file /opt/airflow/dags/5_taskflow_api/taskflow1.py for tasks to queue
[2023-08-09T03:10:41.266+0000] {logging_mixin.py:150} INFO - [2023-08-09T03:10:41.266+0000] {dagbag.py:541} INFO - Filling up the DagBag from /opt/airflow/dags/5_taskflow_api/taskflow1.py
[2023-08-09T03:10:41.279+0000] {processor.py:836} INFO - DAG(s) dict_keys(['taskflow_test11']) retrieved from /opt/airflow/dags/5_taskflow_api/taskflow1.py
[2023-08-09T03:10:41.304+0000] {logging_mixin.py:150} INFO - [2023-08-09T03:10:41.304+0000] {dag.py:2742} INFO - Sync 1 DAGs
[2023-08-09T03:10:41.322+0000] {logging_mixin.py:150} INFO - [2023-08-09T03:10:41.321+0000] {dag.py:3508} INFO - Setting next_dagrun for taskflow_test11 to 2023-08-09T00:00:00+00:00, run_after=2023-08-10T00:00:00+00:00
[2023-08-09T03:10:41.334+0000] {processor.py:179} INFO - Processing /opt/airflow/dags/5_taskflow_api/taskflow1.py took 0.074 seconds
[2023-08-09T03:11:11.465+0000] {processor.py:157} INFO - Started process (PID=6723) to work on /opt/airflow/dags/5_taskflow_api/taskflow1.py
[2023-08-09T03:11:11.467+0000] {processor.py:826} INFO - Processing file /opt/airflow/dags/5_taskflow_api/taskflow1.py for tasks to queue
[2023-08-09T03:11:11.468+0000] {logging_mixin.py:150} INFO - [2023-08-09T03:11:11.468+0000] {dagbag.py:541} INFO - Filling up the DagBag from /opt/airflow/dags/5_taskflow_api/taskflow1.py
[2023-08-09T03:11:11.478+0000] {processor.py:836} INFO - DAG(s) dict_keys(['taskflow_test11']) retrieved from /opt/airflow/dags/5_taskflow_api/taskflow1.py
[2023-08-09T03:11:11.503+0000] {logging_mixin.py:150} INFO - [2023-08-09T03:11:11.503+0000] {dag.py:2742} INFO - Sync 1 DAGs
[2023-08-09T03:11:11.610+0000] {logging_mixin.py:150} INFO - [2023-08-09T03:11:11.610+0000] {dag.py:3508} INFO - Setting next_dagrun for taskflow_test11 to 2023-08-09T00:00:00+00:00, run_after=2023-08-10T00:00:00+00:00
[2023-08-09T03:11:11.621+0000] {processor.py:179} INFO - Processing /opt/airflow/dags/5_taskflow_api/taskflow1.py took 0.160 seconds
[2023-08-09T03:11:41.669+0000] {processor.py:157} INFO - Started process (PID=6740) to work on /opt/airflow/dags/5_taskflow_api/taskflow1.py
[2023-08-09T03:11:41.672+0000] {processor.py:826} INFO - Processing file /opt/airflow/dags/5_taskflow_api/taskflow1.py for tasks to queue
[2023-08-09T03:11:41.674+0000] {logging_mixin.py:150} INFO - [2023-08-09T03:11:41.673+0000] {dagbag.py:541} INFO - Filling up the DagBag from /opt/airflow/dags/5_taskflow_api/taskflow1.py
[2023-08-09T03:11:41.688+0000] {processor.py:836} INFO - DAG(s) dict_keys(['taskflow_test11']) retrieved from /opt/airflow/dags/5_taskflow_api/taskflow1.py
[2023-08-09T03:11:41.715+0000] {logging_mixin.py:150} INFO - [2023-08-09T03:11:41.715+0000] {dag.py:2742} INFO - Sync 1 DAGs
[2023-08-09T03:11:41.815+0000] {logging_mixin.py:150} INFO - [2023-08-09T03:11:41.815+0000] {dag.py:3508} INFO - Setting next_dagrun for taskflow_test11 to 2023-08-09T00:00:00+00:00, run_after=2023-08-10T00:00:00+00:00
[2023-08-09T03:11:41.827+0000] {processor.py:179} INFO - Processing /opt/airflow/dags/5_taskflow_api/taskflow1.py took 0.163 seconds
[2023-08-09T03:12:12.148+0000] {processor.py:157} INFO - Started process (PID=6756) to work on /opt/airflow/dags/5_taskflow_api/taskflow1.py
[2023-08-09T03:12:12.151+0000] {processor.py:826} INFO - Processing file /opt/airflow/dags/5_taskflow_api/taskflow1.py for tasks to queue
[2023-08-09T03:12:12.152+0000] {logging_mixin.py:150} INFO - [2023-08-09T03:12:12.152+0000] {dagbag.py:541} INFO - Filling up the DagBag from /opt/airflow/dags/5_taskflow_api/taskflow1.py
[2023-08-09T03:12:12.164+0000] {processor.py:836} INFO - DAG(s) dict_keys(['taskflow_test11']) retrieved from /opt/airflow/dags/5_taskflow_api/taskflow1.py
[2023-08-09T03:12:12.281+0000] {logging_mixin.py:150} INFO - [2023-08-09T03:12:12.281+0000] {dag.py:2742} INFO - Sync 1 DAGs
[2023-08-09T03:12:12.297+0000] {logging_mixin.py:150} INFO - [2023-08-09T03:12:12.297+0000] {dag.py:3508} INFO - Setting next_dagrun for taskflow_test11 to 2023-08-09T00:00:00+00:00, run_after=2023-08-10T00:00:00+00:00
[2023-08-09T03:12:12.310+0000] {processor.py:179} INFO - Processing /opt/airflow/dags/5_taskflow_api/taskflow1.py took 0.165 seconds
[2023-08-09T03:12:42.406+0000] {processor.py:157} INFO - Started process (PID=6775) to work on /opt/airflow/dags/5_taskflow_api/taskflow1.py
[2023-08-09T03:12:42.408+0000] {processor.py:826} INFO - Processing file /opt/airflow/dags/5_taskflow_api/taskflow1.py for tasks to queue
[2023-08-09T03:12:42.409+0000] {logging_mixin.py:150} INFO - [2023-08-09T03:12:42.409+0000] {dagbag.py:541} INFO - Filling up the DagBag from /opt/airflow/dags/5_taskflow_api/taskflow1.py
[2023-08-09T03:12:42.422+0000] {processor.py:836} INFO - DAG(s) dict_keys(['taskflow_test11']) retrieved from /opt/airflow/dags/5_taskflow_api/taskflow1.py
[2023-08-09T03:12:42.447+0000] {logging_mixin.py:150} INFO - [2023-08-09T03:12:42.447+0000] {dag.py:2742} INFO - Sync 1 DAGs
[2023-08-09T03:12:42.465+0000] {logging_mixin.py:150} INFO - [2023-08-09T03:12:42.465+0000] {dag.py:3508} INFO - Setting next_dagrun for taskflow_test11 to 2023-08-09T00:00:00+00:00, run_after=2023-08-10T00:00:00+00:00
[2023-08-09T03:12:42.478+0000] {processor.py:179} INFO - Processing /opt/airflow/dags/5_taskflow_api/taskflow1.py took 0.075 seconds
[2023-08-09T03:13:13.378+0000] {processor.py:157} INFO - Started process (PID=6790) to work on /opt/airflow/dags/5_taskflow_api/taskflow1.py
[2023-08-09T03:13:13.385+0000] {processor.py:826} INFO - Processing file /opt/airflow/dags/5_taskflow_api/taskflow1.py for tasks to queue
[2023-08-09T03:13:13.386+0000] {logging_mixin.py:150} INFO - [2023-08-09T03:13:13.386+0000] {dagbag.py:541} INFO - Filling up the DagBag from /opt/airflow/dags/5_taskflow_api/taskflow1.py
[2023-08-09T03:13:13.400+0000] {processor.py:836} INFO - DAG(s) dict_keys(['taskflow_test11']) retrieved from /opt/airflow/dags/5_taskflow_api/taskflow1.py
[2023-08-09T03:13:13.424+0000] {logging_mixin.py:150} INFO - [2023-08-09T03:13:13.424+0000] {dag.py:2742} INFO - Sync 1 DAGs
[2023-08-09T03:13:13.524+0000] {logging_mixin.py:150} INFO - [2023-08-09T03:13:13.524+0000] {dag.py:3508} INFO - Setting next_dagrun for taskflow_test11 to 2023-08-09T00:00:00+00:00, run_after=2023-08-10T00:00:00+00:00
[2023-08-09T03:13:13.535+0000] {processor.py:179} INFO - Processing /opt/airflow/dags/5_taskflow_api/taskflow1.py took 0.162 seconds
