[2023-08-09T02:34:10.427+0000] {processor.py:157} INFO - Started process (PID=5520) to work on /opt/airflow/dags/5_taskflow_api/taskflow2.py
[2023-08-09T02:34:10.429+0000] {processor.py:826} INFO - Processing file /opt/airflow/dags/5_taskflow_api/taskflow2.py for tasks to queue
[2023-08-09T02:34:10.430+0000] {logging_mixin.py:150} INFO - [2023-08-09T02:34:10.429+0000] {dagbag.py:541} INFO - Filling up the DagBag from /opt/airflow/dags/5_taskflow_api/taskflow2.py
[2023-08-09T02:34:10.443+0000] {processor.py:836} INFO - DAG(s) dict_keys(['taskflow']) retrieved from /opt/airflow/dags/5_taskflow_api/taskflow2.py
[2023-08-09T02:34:10.525+0000] {logging_mixin.py:150} INFO - [2023-08-09T02:34:10.524+0000] {manager.py:504} INFO - Created Permission View: can delete on DAG:taskflow
[2023-08-09T02:34:10.532+0000] {logging_mixin.py:150} INFO - [2023-08-09T02:34:10.532+0000] {manager.py:504} INFO - Created Permission View: can read on DAG:taskflow
[2023-08-09T02:34:10.537+0000] {logging_mixin.py:150} INFO - [2023-08-09T02:34:10.536+0000] {manager.py:504} INFO - Created Permission View: can edit on DAG:taskflow
[2023-08-09T02:34:10.546+0000] {logging_mixin.py:150} INFO - [2023-08-09T02:34:10.546+0000] {dag.py:2742} INFO - Sync 1 DAGs
[2023-08-09T02:34:10.664+0000] {logging_mixin.py:150} INFO - [2023-08-09T02:34:10.664+0000] {dag.py:2763} INFO - Creating ORM DAG for taskflow
[2023-08-09T02:34:10.672+0000] {logging_mixin.py:150} INFO - [2023-08-09T02:34:10.672+0000] {dag.py:3508} INFO - Setting next_dagrun for taskflow to 2023-08-08T00:00:00+00:00, run_after=2023-08-09T00:00:00+00:00
[2023-08-09T02:34:10.713+0000] {processor.py:179} INFO - Processing /opt/airflow/dags/5_taskflow_api/taskflow2.py took 0.289 seconds
[2023-08-09T02:34:41.566+0000] {processor.py:157} INFO - Started process (PID=5536) to work on /opt/airflow/dags/5_taskflow_api/taskflow2.py
[2023-08-09T02:34:41.569+0000] {processor.py:826} INFO - Processing file /opt/airflow/dags/5_taskflow_api/taskflow2.py for tasks to queue
[2023-08-09T02:34:41.570+0000] {logging_mixin.py:150} INFO - [2023-08-09T02:34:41.570+0000] {dagbag.py:541} INFO - Filling up the DagBag from /opt/airflow/dags/5_taskflow_api/taskflow2.py
[2023-08-09T02:34:41.584+0000] {processor.py:836} INFO - DAG(s) dict_keys(['taskflow']) retrieved from /opt/airflow/dags/5_taskflow_api/taskflow2.py
[2023-08-09T02:34:41.614+0000] {logging_mixin.py:150} INFO - [2023-08-09T02:34:41.614+0000] {dag.py:2742} INFO - Sync 1 DAGs
[2023-08-09T02:34:41.632+0000] {logging_mixin.py:150} INFO - [2023-08-09T02:34:41.631+0000] {dag.py:3508} INFO - Setting next_dagrun for taskflow to 2023-08-08T00:00:00+00:00, run_after=2023-08-09T00:00:00+00:00
[2023-08-09T02:34:41.644+0000] {processor.py:179} INFO - Processing /opt/airflow/dags/5_taskflow_api/taskflow2.py took 0.082 seconds
[2023-08-09T02:35:12.362+0000] {processor.py:157} INFO - Started process (PID=5552) to work on /opt/airflow/dags/5_taskflow_api/taskflow2.py
[2023-08-09T02:35:12.364+0000] {processor.py:826} INFO - Processing file /opt/airflow/dags/5_taskflow_api/taskflow2.py for tasks to queue
[2023-08-09T02:35:12.365+0000] {logging_mixin.py:150} INFO - [2023-08-09T02:35:12.365+0000] {dagbag.py:541} INFO - Filling up the DagBag from /opt/airflow/dags/5_taskflow_api/taskflow2.py
[2023-08-09T02:35:12.378+0000] {processor.py:836} INFO - DAG(s) dict_keys(['taskflow']) retrieved from /opt/airflow/dags/5_taskflow_api/taskflow2.py
[2023-08-09T02:35:12.404+0000] {logging_mixin.py:150} INFO - [2023-08-09T02:35:12.404+0000] {dag.py:2742} INFO - Sync 1 DAGs
[2023-08-09T02:35:12.421+0000] {logging_mixin.py:150} INFO - [2023-08-09T02:35:12.421+0000] {dag.py:3508} INFO - Setting next_dagrun for taskflow to 2023-08-08T00:00:00+00:00, run_after=2023-08-09T00:00:00+00:00
[2023-08-09T02:35:12.434+0000] {processor.py:179} INFO - Processing /opt/airflow/dags/5_taskflow_api/taskflow2.py took 0.076 seconds
[2023-08-09T02:35:43.343+0000] {processor.py:157} INFO - Started process (PID=5569) to work on /opt/airflow/dags/5_taskflow_api/taskflow2.py
[2023-08-09T02:35:43.344+0000] {processor.py:826} INFO - Processing file /opt/airflow/dags/5_taskflow_api/taskflow2.py for tasks to queue
[2023-08-09T02:35:43.346+0000] {logging_mixin.py:150} INFO - [2023-08-09T02:35:43.346+0000] {dagbag.py:541} INFO - Filling up the DagBag from /opt/airflow/dags/5_taskflow_api/taskflow2.py
[2023-08-09T02:35:43.355+0000] {processor.py:836} INFO - DAG(s) dict_keys(['taskflow']) retrieved from /opt/airflow/dags/5_taskflow_api/taskflow2.py
[2023-08-09T02:35:43.368+0000] {logging_mixin.py:150} INFO - [2023-08-09T02:35:43.368+0000] {dag.py:2742} INFO - Sync 1 DAGs
[2023-08-09T02:35:43.386+0000] {logging_mixin.py:150} INFO - [2023-08-09T02:35:43.386+0000] {dag.py:3508} INFO - Setting next_dagrun for taskflow to 2023-08-08T00:00:00+00:00, run_after=2023-08-09T00:00:00+00:00
[2023-08-09T02:35:43.396+0000] {processor.py:179} INFO - Processing /opt/airflow/dags/5_taskflow_api/taskflow2.py took 0.056 seconds
[2023-08-09T02:36:14.170+0000] {processor.py:157} INFO - Started process (PID=5585) to work on /opt/airflow/dags/5_taskflow_api/taskflow2.py
[2023-08-09T02:36:14.172+0000] {processor.py:826} INFO - Processing file /opt/airflow/dags/5_taskflow_api/taskflow2.py for tasks to queue
[2023-08-09T02:36:14.174+0000] {logging_mixin.py:150} INFO - [2023-08-09T02:36:14.173+0000] {dagbag.py:541} INFO - Filling up the DagBag from /opt/airflow/dags/5_taskflow_api/taskflow2.py
[2023-08-09T02:36:14.190+0000] {processor.py:836} INFO - DAG(s) dict_keys(['taskflow']) retrieved from /opt/airflow/dags/5_taskflow_api/taskflow2.py
[2023-08-09T02:36:14.278+0000] {logging_mixin.py:150} INFO - [2023-08-09T02:36:14.278+0000] {dag.py:2742} INFO - Sync 1 DAGs
[2023-08-09T02:36:14.377+0000] {logging_mixin.py:150} INFO - [2023-08-09T02:36:14.377+0000] {dag.py:3508} INFO - Setting next_dagrun for taskflow to 2023-08-08T00:00:00+00:00, run_after=2023-08-09T00:00:00+00:00
[2023-08-09T02:36:14.389+0000] {processor.py:179} INFO - Processing /opt/airflow/dags/5_taskflow_api/taskflow2.py took 0.223 seconds
[2023-08-09T02:36:44.595+0000] {processor.py:157} INFO - Started process (PID=5602) to work on /opt/airflow/dags/5_taskflow_api/taskflow2.py
[2023-08-09T02:36:44.597+0000] {processor.py:826} INFO - Processing file /opt/airflow/dags/5_taskflow_api/taskflow2.py for tasks to queue
[2023-08-09T02:36:44.599+0000] {logging_mixin.py:150} INFO - [2023-08-09T02:36:44.598+0000] {dagbag.py:541} INFO - Filling up the DagBag from /opt/airflow/dags/5_taskflow_api/taskflow2.py
[2023-08-09T02:36:44.619+0000] {processor.py:836} INFO - DAG(s) dict_keys(['taskflow']) retrieved from /opt/airflow/dags/5_taskflow_api/taskflow2.py
[2023-08-09T02:36:44.654+0000] {logging_mixin.py:150} INFO - [2023-08-09T02:36:44.654+0000] {dag.py:2742} INFO - Sync 1 DAGs
[2023-08-09T02:36:44.675+0000] {logging_mixin.py:150} INFO - [2023-08-09T02:36:44.675+0000] {dag.py:3508} INFO - Setting next_dagrun for taskflow to 2023-08-08T00:00:00+00:00, run_after=2023-08-09T00:00:00+00:00
[2023-08-09T02:36:44.691+0000] {processor.py:179} INFO - Processing /opt/airflow/dags/5_taskflow_api/taskflow2.py took 0.099 seconds
[2023-08-09T02:37:15.424+0000] {processor.py:157} INFO - Started process (PID=5618) to work on /opt/airflow/dags/5_taskflow_api/taskflow2.py
[2023-08-09T02:37:15.426+0000] {processor.py:826} INFO - Processing file /opt/airflow/dags/5_taskflow_api/taskflow2.py for tasks to queue
[2023-08-09T02:37:15.427+0000] {logging_mixin.py:150} INFO - [2023-08-09T02:37:15.427+0000] {dagbag.py:541} INFO - Filling up the DagBag from /opt/airflow/dags/5_taskflow_api/taskflow2.py
[2023-08-09T02:37:15.442+0000] {processor.py:836} INFO - DAG(s) dict_keys(['taskflow']) retrieved from /opt/airflow/dags/5_taskflow_api/taskflow2.py
[2023-08-09T02:37:15.473+0000] {logging_mixin.py:150} INFO - [2023-08-09T02:37:15.473+0000] {dag.py:2742} INFO - Sync 1 DAGs
[2023-08-09T02:37:15.491+0000] {logging_mixin.py:150} INFO - [2023-08-09T02:37:15.490+0000] {dag.py:3508} INFO - Setting next_dagrun for taskflow to 2023-08-08T00:00:00+00:00, run_after=2023-08-09T00:00:00+00:00
[2023-08-09T02:37:15.505+0000] {processor.py:179} INFO - Processing /opt/airflow/dags/5_taskflow_api/taskflow2.py took 0.087 seconds
[2023-08-09T02:37:46.206+0000] {processor.py:157} INFO - Started process (PID=5652) to work on /opt/airflow/dags/5_taskflow_api/taskflow2.py
[2023-08-09T02:37:46.209+0000] {processor.py:826} INFO - Processing file /opt/airflow/dags/5_taskflow_api/taskflow2.py for tasks to queue
[2023-08-09T02:37:46.211+0000] {logging_mixin.py:150} INFO - [2023-08-09T02:37:46.210+0000] {dagbag.py:541} INFO - Filling up the DagBag from /opt/airflow/dags/5_taskflow_api/taskflow2.py
[2023-08-09T02:37:46.226+0000] {processor.py:836} INFO - DAG(s) dict_keys(['taskflow']) retrieved from /opt/airflow/dags/5_taskflow_api/taskflow2.py
[2023-08-09T02:37:46.255+0000] {logging_mixin.py:150} INFO - [2023-08-09T02:37:46.255+0000] {dag.py:2742} INFO - Sync 1 DAGs
[2023-08-09T02:37:46.272+0000] {logging_mixin.py:150} INFO - [2023-08-09T02:37:46.272+0000] {dag.py:3508} INFO - Setting next_dagrun for taskflow to 2023-08-08T00:00:00+00:00, run_after=2023-08-09T00:00:00+00:00
[2023-08-09T02:37:46.283+0000] {processor.py:179} INFO - Processing /opt/airflow/dags/5_taskflow_api/taskflow2.py took 0.084 seconds
[2023-08-09T02:38:16.909+0000] {processor.py:157} INFO - Started process (PID=5668) to work on /opt/airflow/dags/5_taskflow_api/taskflow2.py
[2023-08-09T02:38:16.911+0000] {processor.py:826} INFO - Processing file /opt/airflow/dags/5_taskflow_api/taskflow2.py for tasks to queue
[2023-08-09T02:38:16.912+0000] {logging_mixin.py:150} INFO - [2023-08-09T02:38:16.912+0000] {dagbag.py:541} INFO - Filling up the DagBag from /opt/airflow/dags/5_taskflow_api/taskflow2.py
[2023-08-09T02:38:16.923+0000] {processor.py:836} INFO - DAG(s) dict_keys(['taskflow']) retrieved from /opt/airflow/dags/5_taskflow_api/taskflow2.py
[2023-08-09T02:38:16.952+0000] {logging_mixin.py:150} INFO - [2023-08-09T02:38:16.952+0000] {dag.py:2742} INFO - Sync 1 DAGs
[2023-08-09T02:38:16.970+0000] {logging_mixin.py:150} INFO - [2023-08-09T02:38:16.970+0000] {dag.py:3508} INFO - Setting next_dagrun for taskflow to 2023-08-08T00:00:00+00:00, run_after=2023-08-09T00:00:00+00:00
[2023-08-09T02:38:16.981+0000] {processor.py:179} INFO - Processing /opt/airflow/dags/5_taskflow_api/taskflow2.py took 0.075 seconds
[2023-08-09T02:38:47.742+0000] {processor.py:157} INFO - Started process (PID=5685) to work on /opt/airflow/dags/5_taskflow_api/taskflow2.py
[2023-08-09T02:38:47.745+0000] {processor.py:826} INFO - Processing file /opt/airflow/dags/5_taskflow_api/taskflow2.py for tasks to queue
[2023-08-09T02:38:47.747+0000] {logging_mixin.py:150} INFO - [2023-08-09T02:38:47.746+0000] {dagbag.py:541} INFO - Filling up the DagBag from /opt/airflow/dags/5_taskflow_api/taskflow2.py
[2023-08-09T02:38:47.758+0000] {processor.py:836} INFO - DAG(s) dict_keys(['taskflow']) retrieved from /opt/airflow/dags/5_taskflow_api/taskflow2.py
[2023-08-09T02:38:47.785+0000] {logging_mixin.py:150} INFO - [2023-08-09T02:38:47.784+0000] {dag.py:2742} INFO - Sync 1 DAGs
[2023-08-09T02:38:47.800+0000] {logging_mixin.py:150} INFO - [2023-08-09T02:38:47.800+0000] {dag.py:3508} INFO - Setting next_dagrun for taskflow to 2023-08-08T00:00:00+00:00, run_after=2023-08-09T00:00:00+00:00
[2023-08-09T02:38:47.811+0000] {processor.py:179} INFO - Processing /opt/airflow/dags/5_taskflow_api/taskflow2.py took 0.074 seconds
[2023-08-09T02:39:18.810+0000] {processor.py:157} INFO - Started process (PID=5701) to work on /opt/airflow/dags/5_taskflow_api/taskflow2.py
[2023-08-09T02:39:18.814+0000] {processor.py:826} INFO - Processing file /opt/airflow/dags/5_taskflow_api/taskflow2.py for tasks to queue
[2023-08-09T02:39:18.816+0000] {logging_mixin.py:150} INFO - [2023-08-09T02:39:18.815+0000] {dagbag.py:541} INFO - Filling up the DagBag from /opt/airflow/dags/5_taskflow_api/taskflow2.py
[2023-08-09T02:39:18.835+0000] {processor.py:836} INFO - DAG(s) dict_keys(['taskflow']) retrieved from /opt/airflow/dags/5_taskflow_api/taskflow2.py
[2023-08-09T02:39:18.862+0000] {logging_mixin.py:150} INFO - [2023-08-09T02:39:18.862+0000] {dag.py:2742} INFO - Sync 1 DAGs
[2023-08-09T02:39:18.879+0000] {logging_mixin.py:150} INFO - [2023-08-09T02:39:18.879+0000] {dag.py:3508} INFO - Setting next_dagrun for taskflow to 2023-08-08T00:00:00+00:00, run_after=2023-08-09T00:00:00+00:00
[2023-08-09T02:39:18.891+0000] {processor.py:179} INFO - Processing /opt/airflow/dags/5_taskflow_api/taskflow2.py took 0.086 seconds
[2023-08-09T02:39:49.950+0000] {processor.py:157} INFO - Started process (PID=5717) to work on /opt/airflow/dags/5_taskflow_api/taskflow2.py
[2023-08-09T02:39:49.953+0000] {processor.py:826} INFO - Processing file /opt/airflow/dags/5_taskflow_api/taskflow2.py for tasks to queue
[2023-08-09T02:39:49.955+0000] {logging_mixin.py:150} INFO - [2023-08-09T02:39:49.955+0000] {dagbag.py:541} INFO - Filling up the DagBag from /opt/airflow/dags/5_taskflow_api/taskflow2.py
[2023-08-09T02:39:49.969+0000] {processor.py:836} INFO - DAG(s) dict_keys(['taskflow']) retrieved from /opt/airflow/dags/5_taskflow_api/taskflow2.py
[2023-08-09T02:39:49.997+0000] {logging_mixin.py:150} INFO - [2023-08-09T02:39:49.997+0000] {dag.py:2742} INFO - Sync 1 DAGs
[2023-08-09T02:39:50.014+0000] {logging_mixin.py:150} INFO - [2023-08-09T02:39:50.014+0000] {dag.py:3508} INFO - Setting next_dagrun for taskflow to 2023-08-08T00:00:00+00:00, run_after=2023-08-09T00:00:00+00:00
[2023-08-09T02:39:50.026+0000] {processor.py:179} INFO - Processing /opt/airflow/dags/5_taskflow_api/taskflow2.py took 0.082 seconds
[2023-08-09T02:40:20.128+0000] {processor.py:157} INFO - Started process (PID=5733) to work on /opt/airflow/dags/5_taskflow_api/taskflow2.py
[2023-08-09T02:40:20.130+0000] {processor.py:826} INFO - Processing file /opt/airflow/dags/5_taskflow_api/taskflow2.py for tasks to queue
[2023-08-09T02:40:20.132+0000] {logging_mixin.py:150} INFO - [2023-08-09T02:40:20.131+0000] {dagbag.py:541} INFO - Filling up the DagBag from /opt/airflow/dags/5_taskflow_api/taskflow2.py
[2023-08-09T02:40:20.146+0000] {processor.py:836} INFO - DAG(s) dict_keys(['taskflow']) retrieved from /opt/airflow/dags/5_taskflow_api/taskflow2.py
[2023-08-09T02:40:20.174+0000] {logging_mixin.py:150} INFO - [2023-08-09T02:40:20.174+0000] {dag.py:2742} INFO - Sync 1 DAGs
[2023-08-09T02:40:20.192+0000] {logging_mixin.py:150} INFO - [2023-08-09T02:40:20.192+0000] {dag.py:3508} INFO - Setting next_dagrun for taskflow to 2023-08-08T00:00:00+00:00, run_after=2023-08-09T00:00:00+00:00
[2023-08-09T02:40:20.204+0000] {processor.py:179} INFO - Processing /opt/airflow/dags/5_taskflow_api/taskflow2.py took 0.081 seconds
[2023-08-09T02:40:47.014+0000] {processor.py:157} INFO - Started process (PID=5749) to work on /opt/airflow/dags/5_taskflow_api/taskflow2.py
[2023-08-09T02:40:47.016+0000] {processor.py:826} INFO - Processing file /opt/airflow/dags/5_taskflow_api/taskflow2.py for tasks to queue
[2023-08-09T02:40:47.017+0000] {logging_mixin.py:150} INFO - [2023-08-09T02:40:47.017+0000] {dagbag.py:541} INFO - Filling up the DagBag from /opt/airflow/dags/5_taskflow_api/taskflow2.py
[2023-08-09T02:40:47.036+0000] {processor.py:836} INFO - DAG(s) dict_keys(['taskflow_test22']) retrieved from /opt/airflow/dags/5_taskflow_api/taskflow2.py
[2023-08-09T02:40:47.122+0000] {logging_mixin.py:150} INFO - [2023-08-09T02:40:47.122+0000] {manager.py:504} INFO - Created Permission View: can delete on DAG:taskflow_test22
[2023-08-09T02:40:47.128+0000] {logging_mixin.py:150} INFO - [2023-08-09T02:40:47.128+0000] {manager.py:504} INFO - Created Permission View: can read on DAG:taskflow_test22
[2023-08-09T02:40:47.133+0000] {logging_mixin.py:150} INFO - [2023-08-09T02:40:47.133+0000] {manager.py:504} INFO - Created Permission View: can edit on DAG:taskflow_test22
[2023-08-09T02:40:47.250+0000] {logging_mixin.py:150} INFO - [2023-08-09T02:40:47.250+0000] {dag.py:2742} INFO - Sync 1 DAGs
[2023-08-09T02:40:47.258+0000] {logging_mixin.py:150} INFO - [2023-08-09T02:40:47.257+0000] {dag.py:2763} INFO - Creating ORM DAG for taskflow_test22
[2023-08-09T02:40:47.265+0000] {logging_mixin.py:150} INFO - [2023-08-09T02:40:47.265+0000] {dag.py:3508} INFO - Setting next_dagrun for taskflow_test22 to 2023-08-08T00:00:00+00:00, run_after=2023-08-09T00:00:00+00:00
[2023-08-09T02:40:47.313+0000] {processor.py:179} INFO - Processing /opt/airflow/dags/5_taskflow_api/taskflow2.py took 0.303 seconds
[2023-08-09T02:41:18.317+0000] {processor.py:157} INFO - Started process (PID=5765) to work on /opt/airflow/dags/5_taskflow_api/taskflow2.py
[2023-08-09T02:41:18.318+0000] {processor.py:826} INFO - Processing file /opt/airflow/dags/5_taskflow_api/taskflow2.py for tasks to queue
[2023-08-09T02:41:18.319+0000] {logging_mixin.py:150} INFO - [2023-08-09T02:41:18.319+0000] {dagbag.py:541} INFO - Filling up the DagBag from /opt/airflow/dags/5_taskflow_api/taskflow2.py
[2023-08-09T02:41:18.333+0000] {processor.py:836} INFO - DAG(s) dict_keys(['taskflow_test22']) retrieved from /opt/airflow/dags/5_taskflow_api/taskflow2.py
[2023-08-09T02:41:18.357+0000] {logging_mixin.py:150} INFO - [2023-08-09T02:41:18.356+0000] {dag.py:2742} INFO - Sync 1 DAGs
[2023-08-09T02:41:18.373+0000] {logging_mixin.py:150} INFO - [2023-08-09T02:41:18.373+0000] {dag.py:3508} INFO - Setting next_dagrun for taskflow_test22 to 2023-08-08T00:00:00+00:00, run_after=2023-08-09T00:00:00+00:00
[2023-08-09T02:41:18.384+0000] {processor.py:179} INFO - Processing /opt/airflow/dags/5_taskflow_api/taskflow2.py took 0.070 seconds
[2023-08-09T02:41:30.859+0000] {processor.py:157} INFO - Started process (PID=5773) to work on /opt/airflow/dags/5_taskflow_api/taskflow2.py
[2023-08-09T02:41:30.860+0000] {processor.py:826} INFO - Processing file /opt/airflow/dags/5_taskflow_api/taskflow2.py for tasks to queue
[2023-08-09T02:41:30.861+0000] {logging_mixin.py:150} INFO - [2023-08-09T02:41:30.861+0000] {dagbag.py:541} INFO - Filling up the DagBag from /opt/airflow/dags/5_taskflow_api/taskflow2.py
[2023-08-09T02:41:30.876+0000] {processor.py:836} INFO - DAG(s) dict_keys(['taskflow_test22']) retrieved from /opt/airflow/dags/5_taskflow_api/taskflow2.py
[2023-08-09T02:41:30.900+0000] {logging_mixin.py:150} INFO - [2023-08-09T02:41:30.900+0000] {dag.py:2742} INFO - Sync 1 DAGs
[2023-08-09T02:41:30.917+0000] {logging_mixin.py:150} INFO - [2023-08-09T02:41:30.917+0000] {dag.py:3508} INFO - Setting next_dagrun for taskflow_test22 to 2023-08-08T00:00:00+00:00, run_after=2023-08-09T00:00:00+00:00
[2023-08-09T02:41:30.931+0000] {processor.py:179} INFO - Processing /opt/airflow/dags/5_taskflow_api/taskflow2.py took 0.074 seconds
[2023-08-09T02:42:01.525+0000] {processor.py:157} INFO - Started process (PID=5785) to work on /opt/airflow/dags/5_taskflow_api/taskflow2.py
[2023-08-09T02:42:01.527+0000] {processor.py:826} INFO - Processing file /opt/airflow/dags/5_taskflow_api/taskflow2.py for tasks to queue
[2023-08-09T02:42:01.528+0000] {logging_mixin.py:150} INFO - [2023-08-09T02:42:01.528+0000] {dagbag.py:541} INFO - Filling up the DagBag from /opt/airflow/dags/5_taskflow_api/taskflow2.py
[2023-08-09T02:42:01.538+0000] {processor.py:836} INFO - DAG(s) dict_keys(['taskflow_test22']) retrieved from /opt/airflow/dags/5_taskflow_api/taskflow2.py
[2023-08-09T02:42:01.565+0000] {logging_mixin.py:150} INFO - [2023-08-09T02:42:01.565+0000] {dag.py:2742} INFO - Sync 1 DAGs
[2023-08-09T02:42:01.581+0000] {logging_mixin.py:150} INFO - [2023-08-09T02:42:01.581+0000] {dag.py:3508} INFO - Setting next_dagrun for taskflow_test22 to 2023-08-08T00:00:00+00:00, run_after=2023-08-09T00:00:00+00:00
[2023-08-09T02:42:01.593+0000] {processor.py:179} INFO - Processing /opt/airflow/dags/5_taskflow_api/taskflow2.py took 0.073 seconds
[2023-08-09T02:42:31.665+0000] {processor.py:157} INFO - Started process (PID=5801) to work on /opt/airflow/dags/5_taskflow_api/taskflow2.py
[2023-08-09T02:42:31.667+0000] {processor.py:826} INFO - Processing file /opt/airflow/dags/5_taskflow_api/taskflow2.py for tasks to queue
[2023-08-09T02:42:31.669+0000] {logging_mixin.py:150} INFO - [2023-08-09T02:42:31.668+0000] {dagbag.py:541} INFO - Filling up the DagBag from /opt/airflow/dags/5_taskflow_api/taskflow2.py
[2023-08-09T02:42:31.684+0000] {processor.py:836} INFO - DAG(s) dict_keys(['taskflow_test22']) retrieved from /opt/airflow/dags/5_taskflow_api/taskflow2.py
[2023-08-09T02:42:31.713+0000] {logging_mixin.py:150} INFO - [2023-08-09T02:42:31.713+0000] {dag.py:2742} INFO - Sync 1 DAGs
[2023-08-09T02:42:31.731+0000] {logging_mixin.py:150} INFO - [2023-08-09T02:42:31.730+0000] {dag.py:3508} INFO - Setting next_dagrun for taskflow_test22 to 2023-08-08T00:00:00+00:00, run_after=2023-08-09T00:00:00+00:00
[2023-08-09T02:42:31.742+0000] {processor.py:179} INFO - Processing /opt/airflow/dags/5_taskflow_api/taskflow2.py took 0.082 seconds
[2023-08-09T02:43:01.871+0000] {processor.py:157} INFO - Started process (PID=5817) to work on /opt/airflow/dags/5_taskflow_api/taskflow2.py
[2023-08-09T02:43:01.872+0000] {processor.py:826} INFO - Processing file /opt/airflow/dags/5_taskflow_api/taskflow2.py for tasks to queue
[2023-08-09T02:43:01.873+0000] {logging_mixin.py:150} INFO - [2023-08-09T02:43:01.872+0000] {dagbag.py:541} INFO - Filling up the DagBag from /opt/airflow/dags/5_taskflow_api/taskflow2.py
[2023-08-09T02:43:01.882+0000] {processor.py:836} INFO - DAG(s) dict_keys(['taskflow_test22']) retrieved from /opt/airflow/dags/5_taskflow_api/taskflow2.py
[2023-08-09T02:43:01.907+0000] {logging_mixin.py:150} INFO - [2023-08-09T02:43:01.907+0000] {dag.py:2742} INFO - Sync 1 DAGs
[2023-08-09T02:43:01.923+0000] {logging_mixin.py:150} INFO - [2023-08-09T02:43:01.923+0000] {dag.py:3508} INFO - Setting next_dagrun for taskflow_test22 to 2023-08-08T00:00:00+00:00, run_after=2023-08-09T00:00:00+00:00
[2023-08-09T02:43:01.935+0000] {processor.py:179} INFO - Processing /opt/airflow/dags/5_taskflow_api/taskflow2.py took 0.067 seconds
[2023-08-09T02:43:32.785+0000] {processor.py:157} INFO - Started process (PID=5833) to work on /opt/airflow/dags/5_taskflow_api/taskflow2.py
[2023-08-09T02:43:32.786+0000] {processor.py:826} INFO - Processing file /opt/airflow/dags/5_taskflow_api/taskflow2.py for tasks to queue
[2023-08-09T02:43:32.788+0000] {logging_mixin.py:150} INFO - [2023-08-09T02:43:32.787+0000] {dagbag.py:541} INFO - Filling up the DagBag from /opt/airflow/dags/5_taskflow_api/taskflow2.py
[2023-08-09T02:43:32.798+0000] {processor.py:836} INFO - DAG(s) dict_keys(['taskflow_test22']) retrieved from /opt/airflow/dags/5_taskflow_api/taskflow2.py
[2023-08-09T02:43:32.827+0000] {logging_mixin.py:150} INFO - [2023-08-09T02:43:32.827+0000] {dag.py:2742} INFO - Sync 1 DAGs
[2023-08-09T02:43:32.847+0000] {logging_mixin.py:150} INFO - [2023-08-09T02:43:32.847+0000] {dag.py:3508} INFO - Setting next_dagrun for taskflow_test22 to 2023-08-08T00:00:00+00:00, run_after=2023-08-09T00:00:00+00:00
[2023-08-09T02:43:32.861+0000] {processor.py:179} INFO - Processing /opt/airflow/dags/5_taskflow_api/taskflow2.py took 0.079 seconds
[2023-08-09T02:44:03.632+0000] {processor.py:157} INFO - Started process (PID=5849) to work on /opt/airflow/dags/5_taskflow_api/taskflow2.py
[2023-08-09T02:44:03.634+0000] {processor.py:826} INFO - Processing file /opt/airflow/dags/5_taskflow_api/taskflow2.py for tasks to queue
[2023-08-09T02:44:03.635+0000] {logging_mixin.py:150} INFO - [2023-08-09T02:44:03.635+0000] {dagbag.py:541} INFO - Filling up the DagBag from /opt/airflow/dags/5_taskflow_api/taskflow2.py
[2023-08-09T02:44:03.646+0000] {processor.py:836} INFO - DAG(s) dict_keys(['taskflow_test22']) retrieved from /opt/airflow/dags/5_taskflow_api/taskflow2.py
[2023-08-09T02:44:03.671+0000] {logging_mixin.py:150} INFO - [2023-08-09T02:44:03.671+0000] {dag.py:2742} INFO - Sync 1 DAGs
[2023-08-09T02:44:03.689+0000] {logging_mixin.py:150} INFO - [2023-08-09T02:44:03.689+0000] {dag.py:3508} INFO - Setting next_dagrun for taskflow_test22 to 2023-08-08T00:00:00+00:00, run_after=2023-08-09T00:00:00+00:00
[2023-08-09T02:44:03.702+0000] {processor.py:179} INFO - Processing /opt/airflow/dags/5_taskflow_api/taskflow2.py took 0.073 seconds
[2023-08-09T02:44:34.573+0000] {processor.py:157} INFO - Started process (PID=5865) to work on /opt/airflow/dags/5_taskflow_api/taskflow2.py
[2023-08-09T02:44:34.576+0000] {processor.py:826} INFO - Processing file /opt/airflow/dags/5_taskflow_api/taskflow2.py for tasks to queue
[2023-08-09T02:44:34.578+0000] {logging_mixin.py:150} INFO - [2023-08-09T02:44:34.577+0000] {dagbag.py:541} INFO - Filling up the DagBag from /opt/airflow/dags/5_taskflow_api/taskflow2.py
[2023-08-09T02:44:34.590+0000] {processor.py:836} INFO - DAG(s) dict_keys(['taskflow_test22']) retrieved from /opt/airflow/dags/5_taskflow_api/taskflow2.py
[2023-08-09T02:44:34.617+0000] {logging_mixin.py:150} INFO - [2023-08-09T02:44:34.616+0000] {dag.py:2742} INFO - Sync 1 DAGs
[2023-08-09T02:44:34.633+0000] {logging_mixin.py:150} INFO - [2023-08-09T02:44:34.633+0000] {dag.py:3508} INFO - Setting next_dagrun for taskflow_test22 to 2023-08-08T00:00:00+00:00, run_after=2023-08-09T00:00:00+00:00
[2023-08-09T02:44:34.645+0000] {processor.py:179} INFO - Processing /opt/airflow/dags/5_taskflow_api/taskflow2.py took 0.076 seconds
[2023-08-09T02:45:05.416+0000] {processor.py:157} INFO - Started process (PID=5881) to work on /opt/airflow/dags/5_taskflow_api/taskflow2.py
[2023-08-09T02:45:05.420+0000] {processor.py:826} INFO - Processing file /opt/airflow/dags/5_taskflow_api/taskflow2.py for tasks to queue
[2023-08-09T02:45:05.422+0000] {logging_mixin.py:150} INFO - [2023-08-09T02:45:05.421+0000] {dagbag.py:541} INFO - Filling up the DagBag from /opt/airflow/dags/5_taskflow_api/taskflow2.py
[2023-08-09T02:45:05.435+0000] {processor.py:836} INFO - DAG(s) dict_keys(['taskflow_test22']) retrieved from /opt/airflow/dags/5_taskflow_api/taskflow2.py
[2023-08-09T02:45:05.463+0000] {logging_mixin.py:150} INFO - [2023-08-09T02:45:05.463+0000] {dag.py:2742} INFO - Sync 1 DAGs
[2023-08-09T02:45:05.479+0000] {logging_mixin.py:150} INFO - [2023-08-09T02:45:05.479+0000] {dag.py:3508} INFO - Setting next_dagrun for taskflow_test22 to 2023-08-08T00:00:00+00:00, run_after=2023-08-09T00:00:00+00:00
[2023-08-09T02:45:05.491+0000] {processor.py:179} INFO - Processing /opt/airflow/dags/5_taskflow_api/taskflow2.py took 0.080 seconds
[2023-08-09T02:45:36.246+0000] {processor.py:157} INFO - Started process (PID=5897) to work on /opt/airflow/dags/5_taskflow_api/taskflow2.py
[2023-08-09T02:45:36.248+0000] {processor.py:826} INFO - Processing file /opt/airflow/dags/5_taskflow_api/taskflow2.py for tasks to queue
[2023-08-09T02:45:36.249+0000] {logging_mixin.py:150} INFO - [2023-08-09T02:45:36.249+0000] {dagbag.py:541} INFO - Filling up the DagBag from /opt/airflow/dags/5_taskflow_api/taskflow2.py
[2023-08-09T02:45:36.260+0000] {processor.py:836} INFO - DAG(s) dict_keys(['taskflow_test22']) retrieved from /opt/airflow/dags/5_taskflow_api/taskflow2.py
[2023-08-09T02:45:36.287+0000] {logging_mixin.py:150} INFO - [2023-08-09T02:45:36.287+0000] {dag.py:2742} INFO - Sync 1 DAGs
[2023-08-09T02:45:36.305+0000] {logging_mixin.py:150} INFO - [2023-08-09T02:45:36.304+0000] {dag.py:3508} INFO - Setting next_dagrun for taskflow_test22 to 2023-08-08T00:00:00+00:00, run_after=2023-08-09T00:00:00+00:00
[2023-08-09T02:45:36.316+0000] {processor.py:179} INFO - Processing /opt/airflow/dags/5_taskflow_api/taskflow2.py took 0.074 seconds
[2023-08-09T02:46:07.098+0000] {processor.py:157} INFO - Started process (PID=5920) to work on /opt/airflow/dags/5_taskflow_api/taskflow2.py
[2023-08-09T02:46:07.100+0000] {processor.py:826} INFO - Processing file /opt/airflow/dags/5_taskflow_api/taskflow2.py for tasks to queue
[2023-08-09T02:46:07.101+0000] {logging_mixin.py:150} INFO - [2023-08-09T02:46:07.100+0000] {dagbag.py:541} INFO - Filling up the DagBag from /opt/airflow/dags/5_taskflow_api/taskflow2.py
[2023-08-09T02:46:07.112+0000] {processor.py:836} INFO - DAG(s) dict_keys(['taskflow_test22']) retrieved from /opt/airflow/dags/5_taskflow_api/taskflow2.py
[2023-08-09T02:46:07.135+0000] {logging_mixin.py:150} INFO - [2023-08-09T02:46:07.135+0000] {dag.py:2742} INFO - Sync 1 DAGs
[2023-08-09T02:46:07.152+0000] {logging_mixin.py:150} INFO - [2023-08-09T02:46:07.152+0000] {dag.py:3508} INFO - Setting next_dagrun for taskflow_test22 to 2023-08-08T00:00:00+00:00, run_after=2023-08-09T00:00:00+00:00
[2023-08-09T02:46:07.164+0000] {processor.py:179} INFO - Processing /opt/airflow/dags/5_taskflow_api/taskflow2.py took 0.070 seconds
[2023-08-09T02:46:38.123+0000] {processor.py:157} INFO - Started process (PID=5936) to work on /opt/airflow/dags/5_taskflow_api/taskflow2.py
[2023-08-09T02:46:38.125+0000] {processor.py:826} INFO - Processing file /opt/airflow/dags/5_taskflow_api/taskflow2.py for tasks to queue
[2023-08-09T02:46:38.127+0000] {logging_mixin.py:150} INFO - [2023-08-09T02:46:38.127+0000] {dagbag.py:541} INFO - Filling up the DagBag from /opt/airflow/dags/5_taskflow_api/taskflow2.py
[2023-08-09T02:46:38.141+0000] {processor.py:836} INFO - DAG(s) dict_keys(['taskflow_test22']) retrieved from /opt/airflow/dags/5_taskflow_api/taskflow2.py
[2023-08-09T02:46:38.168+0000] {logging_mixin.py:150} INFO - [2023-08-09T02:46:38.168+0000] {dag.py:2742} INFO - Sync 1 DAGs
[2023-08-09T02:46:38.185+0000] {logging_mixin.py:150} INFO - [2023-08-09T02:46:38.185+0000] {dag.py:3508} INFO - Setting next_dagrun for taskflow_test22 to 2023-08-08T00:00:00+00:00, run_after=2023-08-09T00:00:00+00:00
[2023-08-09T02:46:38.197+0000] {processor.py:179} INFO - Processing /opt/airflow/dags/5_taskflow_api/taskflow2.py took 0.078 seconds
[2023-08-09T02:47:08.975+0000] {processor.py:157} INFO - Started process (PID=5952) to work on /opt/airflow/dags/5_taskflow_api/taskflow2.py
[2023-08-09T02:47:08.978+0000] {processor.py:826} INFO - Processing file /opt/airflow/dags/5_taskflow_api/taskflow2.py for tasks to queue
[2023-08-09T02:47:08.980+0000] {logging_mixin.py:150} INFO - [2023-08-09T02:47:08.979+0000] {dagbag.py:541} INFO - Filling up the DagBag from /opt/airflow/dags/5_taskflow_api/taskflow2.py
[2023-08-09T02:47:08.993+0000] {processor.py:836} INFO - DAG(s) dict_keys(['taskflow_test22']) retrieved from /opt/airflow/dags/5_taskflow_api/taskflow2.py
[2023-08-09T02:47:09.020+0000] {logging_mixin.py:150} INFO - [2023-08-09T02:47:09.020+0000] {dag.py:2742} INFO - Sync 1 DAGs
[2023-08-09T02:47:09.036+0000] {logging_mixin.py:150} INFO - [2023-08-09T02:47:09.036+0000] {dag.py:3508} INFO - Setting next_dagrun for taskflow_test22 to 2023-08-08T00:00:00+00:00, run_after=2023-08-09T00:00:00+00:00
[2023-08-09T02:47:09.049+0000] {processor.py:179} INFO - Processing /opt/airflow/dags/5_taskflow_api/taskflow2.py took 0.080 seconds
[2023-08-09T02:47:39.832+0000] {processor.py:157} INFO - Started process (PID=5968) to work on /opt/airflow/dags/5_taskflow_api/taskflow2.py
[2023-08-09T02:47:39.834+0000] {processor.py:826} INFO - Processing file /opt/airflow/dags/5_taskflow_api/taskflow2.py for tasks to queue
[2023-08-09T02:47:39.836+0000] {logging_mixin.py:150} INFO - [2023-08-09T02:47:39.836+0000] {dagbag.py:541} INFO - Filling up the DagBag from /opt/airflow/dags/5_taskflow_api/taskflow2.py
[2023-08-09T02:47:39.851+0000] {processor.py:836} INFO - DAG(s) dict_keys(['taskflow_test22']) retrieved from /opt/airflow/dags/5_taskflow_api/taskflow2.py
[2023-08-09T02:47:39.878+0000] {logging_mixin.py:150} INFO - [2023-08-09T02:47:39.877+0000] {dag.py:2742} INFO - Sync 1 DAGs
[2023-08-09T02:47:39.894+0000] {logging_mixin.py:150} INFO - [2023-08-09T02:47:39.894+0000] {dag.py:3508} INFO - Setting next_dagrun for taskflow_test22 to 2023-08-08T00:00:00+00:00, run_after=2023-08-09T00:00:00+00:00
[2023-08-09T02:47:39.905+0000] {processor.py:179} INFO - Processing /opt/airflow/dags/5_taskflow_api/taskflow2.py took 0.079 seconds
[2023-08-09T02:48:10.711+0000] {processor.py:157} INFO - Started process (PID=5984) to work on /opt/airflow/dags/5_taskflow_api/taskflow2.py
[2023-08-09T02:48:10.714+0000] {processor.py:826} INFO - Processing file /opt/airflow/dags/5_taskflow_api/taskflow2.py for tasks to queue
[2023-08-09T02:48:10.716+0000] {logging_mixin.py:150} INFO - [2023-08-09T02:48:10.715+0000] {dagbag.py:541} INFO - Filling up the DagBag from /opt/airflow/dags/5_taskflow_api/taskflow2.py
[2023-08-09T02:48:10.729+0000] {processor.py:836} INFO - DAG(s) dict_keys(['taskflow_test22']) retrieved from /opt/airflow/dags/5_taskflow_api/taskflow2.py
[2023-08-09T02:48:10.754+0000] {logging_mixin.py:150} INFO - [2023-08-09T02:48:10.754+0000] {dag.py:2742} INFO - Sync 1 DAGs
[2023-08-09T02:48:10.772+0000] {logging_mixin.py:150} INFO - [2023-08-09T02:48:10.772+0000] {dag.py:3508} INFO - Setting next_dagrun for taskflow_test22 to 2023-08-08T00:00:00+00:00, run_after=2023-08-09T00:00:00+00:00
[2023-08-09T02:48:10.784+0000] {processor.py:179} INFO - Processing /opt/airflow/dags/5_taskflow_api/taskflow2.py took 0.080 seconds
[2023-08-09T02:48:40.859+0000] {processor.py:157} INFO - Started process (PID=6000) to work on /opt/airflow/dags/5_taskflow_api/taskflow2.py
[2023-08-09T02:48:40.861+0000] {processor.py:826} INFO - Processing file /opt/airflow/dags/5_taskflow_api/taskflow2.py for tasks to queue
[2023-08-09T02:48:40.862+0000] {logging_mixin.py:150} INFO - [2023-08-09T02:48:40.862+0000] {dagbag.py:541} INFO - Filling up the DagBag from /opt/airflow/dags/5_taskflow_api/taskflow2.py
[2023-08-09T02:48:40.875+0000] {processor.py:836} INFO - DAG(s) dict_keys(['taskflow_test22']) retrieved from /opt/airflow/dags/5_taskflow_api/taskflow2.py
[2023-08-09T02:48:40.903+0000] {logging_mixin.py:150} INFO - [2023-08-09T02:48:40.903+0000] {dag.py:2742} INFO - Sync 1 DAGs
[2023-08-09T02:48:41.008+0000] {logging_mixin.py:150} INFO - [2023-08-09T02:48:41.008+0000] {dag.py:3508} INFO - Setting next_dagrun for taskflow_test22 to 2023-08-08T00:00:00+00:00, run_after=2023-08-09T00:00:00+00:00
[2023-08-09T02:48:41.018+0000] {processor.py:179} INFO - Processing /opt/airflow/dags/5_taskflow_api/taskflow2.py took 0.164 seconds
[2023-08-09T02:49:11.914+0000] {processor.py:157} INFO - Started process (PID=6016) to work on /opt/airflow/dags/5_taskflow_api/taskflow2.py
[2023-08-09T02:49:11.915+0000] {processor.py:826} INFO - Processing file /opt/airflow/dags/5_taskflow_api/taskflow2.py for tasks to queue
[2023-08-09T02:49:11.916+0000] {logging_mixin.py:150} INFO - [2023-08-09T02:49:11.916+0000] {dagbag.py:541} INFO - Filling up the DagBag from /opt/airflow/dags/5_taskflow_api/taskflow2.py
[2023-08-09T02:49:11.927+0000] {processor.py:836} INFO - DAG(s) dict_keys(['taskflow_test22']) retrieved from /opt/airflow/dags/5_taskflow_api/taskflow2.py
[2023-08-09T02:49:11.954+0000] {logging_mixin.py:150} INFO - [2023-08-09T02:49:11.953+0000] {dag.py:2742} INFO - Sync 1 DAGs
[2023-08-09T02:49:11.972+0000] {logging_mixin.py:150} INFO - [2023-08-09T02:49:11.972+0000] {dag.py:3508} INFO - Setting next_dagrun for taskflow_test22 to 2023-08-08T00:00:00+00:00, run_after=2023-08-09T00:00:00+00:00
[2023-08-09T02:49:11.984+0000] {processor.py:179} INFO - Processing /opt/airflow/dags/5_taskflow_api/taskflow2.py took 0.074 seconds
[2023-08-09T02:49:42.638+0000] {processor.py:157} INFO - Started process (PID=6032) to work on /opt/airflow/dags/5_taskflow_api/taskflow2.py
[2023-08-09T02:49:42.640+0000] {processor.py:826} INFO - Processing file /opt/airflow/dags/5_taskflow_api/taskflow2.py for tasks to queue
[2023-08-09T02:49:42.641+0000] {logging_mixin.py:150} INFO - [2023-08-09T02:49:42.641+0000] {dagbag.py:541} INFO - Filling up the DagBag from /opt/airflow/dags/5_taskflow_api/taskflow2.py
[2023-08-09T02:49:42.652+0000] {processor.py:836} INFO - DAG(s) dict_keys(['taskflow_test22']) retrieved from /opt/airflow/dags/5_taskflow_api/taskflow2.py
[2023-08-09T02:49:42.678+0000] {logging_mixin.py:150} INFO - [2023-08-09T02:49:42.678+0000] {dag.py:2742} INFO - Sync 1 DAGs
[2023-08-09T02:49:42.694+0000] {logging_mixin.py:150} INFO - [2023-08-09T02:49:42.694+0000] {dag.py:3508} INFO - Setting next_dagrun for taskflow_test22 to 2023-08-08T00:00:00+00:00, run_after=2023-08-09T00:00:00+00:00
[2023-08-09T02:49:42.708+0000] {processor.py:179} INFO - Processing /opt/airflow/dags/5_taskflow_api/taskflow2.py took 0.073 seconds
[2023-08-09T02:50:13.480+0000] {processor.py:157} INFO - Started process (PID=6048) to work on /opt/airflow/dags/5_taskflow_api/taskflow2.py
[2023-08-09T02:50:13.482+0000] {processor.py:826} INFO - Processing file /opt/airflow/dags/5_taskflow_api/taskflow2.py for tasks to queue
[2023-08-09T02:50:13.484+0000] {logging_mixin.py:150} INFO - [2023-08-09T02:50:13.483+0000] {dagbag.py:541} INFO - Filling up the DagBag from /opt/airflow/dags/5_taskflow_api/taskflow2.py
[2023-08-09T02:50:13.496+0000] {processor.py:836} INFO - DAG(s) dict_keys(['taskflow_test22']) retrieved from /opt/airflow/dags/5_taskflow_api/taskflow2.py
[2023-08-09T02:50:13.523+0000] {logging_mixin.py:150} INFO - [2023-08-09T02:50:13.523+0000] {dag.py:2742} INFO - Sync 1 DAGs
[2023-08-09T02:50:13.539+0000] {logging_mixin.py:150} INFO - [2023-08-09T02:50:13.539+0000] {dag.py:3508} INFO - Setting next_dagrun for taskflow_test22 to 2023-08-08T00:00:00+00:00, run_after=2023-08-09T00:00:00+00:00
[2023-08-09T02:50:13.551+0000] {processor.py:179} INFO - Processing /opt/airflow/dags/5_taskflow_api/taskflow2.py took 0.078 seconds
[2023-08-09T02:50:43.630+0000] {processor.py:157} INFO - Started process (PID=6064) to work on /opt/airflow/dags/5_taskflow_api/taskflow2.py
[2023-08-09T02:50:43.631+0000] {processor.py:826} INFO - Processing file /opt/airflow/dags/5_taskflow_api/taskflow2.py for tasks to queue
[2023-08-09T02:50:43.632+0000] {logging_mixin.py:150} INFO - [2023-08-09T02:50:43.632+0000] {dagbag.py:541} INFO - Filling up the DagBag from /opt/airflow/dags/5_taskflow_api/taskflow2.py
[2023-08-09T02:50:43.644+0000] {processor.py:836} INFO - DAG(s) dict_keys(['taskflow_test22']) retrieved from /opt/airflow/dags/5_taskflow_api/taskflow2.py
[2023-08-09T02:50:43.667+0000] {logging_mixin.py:150} INFO - [2023-08-09T02:50:43.667+0000] {dag.py:2742} INFO - Sync 1 DAGs
[2023-08-09T02:50:43.762+0000] {logging_mixin.py:150} INFO - [2023-08-09T02:50:43.762+0000] {dag.py:3508} INFO - Setting next_dagrun for taskflow_test22 to 2023-08-08T00:00:00+00:00, run_after=2023-08-09T00:00:00+00:00
[2023-08-09T02:50:43.771+0000] {processor.py:179} INFO - Processing /opt/airflow/dags/5_taskflow_api/taskflow2.py took 0.144 seconds
[2023-08-09T02:51:14.765+0000] {processor.py:157} INFO - Started process (PID=6080) to work on /opt/airflow/dags/5_taskflow_api/taskflow2.py
[2023-08-09T02:51:14.767+0000] {processor.py:826} INFO - Processing file /opt/airflow/dags/5_taskflow_api/taskflow2.py for tasks to queue
[2023-08-09T02:51:14.769+0000] {logging_mixin.py:150} INFO - [2023-08-09T02:51:14.768+0000] {dagbag.py:541} INFO - Filling up the DagBag from /opt/airflow/dags/5_taskflow_api/taskflow2.py
[2023-08-09T02:51:14.780+0000] {processor.py:836} INFO - DAG(s) dict_keys(['taskflow_test22']) retrieved from /opt/airflow/dags/5_taskflow_api/taskflow2.py
[2023-08-09T02:51:14.806+0000] {logging_mixin.py:150} INFO - [2023-08-09T02:51:14.805+0000] {dag.py:2742} INFO - Sync 1 DAGs
[2023-08-09T02:51:14.822+0000] {logging_mixin.py:150} INFO - [2023-08-09T02:51:14.822+0000] {dag.py:3508} INFO - Setting next_dagrun for taskflow_test22 to 2023-08-08T00:00:00+00:00, run_after=2023-08-09T00:00:00+00:00
[2023-08-09T02:51:14.834+0000] {processor.py:179} INFO - Processing /opt/airflow/dags/5_taskflow_api/taskflow2.py took 0.073 seconds
[2023-08-09T02:51:45.605+0000] {processor.py:157} INFO - Started process (PID=6096) to work on /opt/airflow/dags/5_taskflow_api/taskflow2.py
[2023-08-09T02:51:45.607+0000] {processor.py:826} INFO - Processing file /opt/airflow/dags/5_taskflow_api/taskflow2.py for tasks to queue
[2023-08-09T02:51:45.608+0000] {logging_mixin.py:150} INFO - [2023-08-09T02:51:45.608+0000] {dagbag.py:541} INFO - Filling up the DagBag from /opt/airflow/dags/5_taskflow_api/taskflow2.py
[2023-08-09T02:51:45.622+0000] {processor.py:836} INFO - DAG(s) dict_keys(['taskflow_test22']) retrieved from /opt/airflow/dags/5_taskflow_api/taskflow2.py
[2023-08-09T02:51:45.650+0000] {logging_mixin.py:150} INFO - [2023-08-09T02:51:45.650+0000] {dag.py:2742} INFO - Sync 1 DAGs
[2023-08-09T02:51:45.666+0000] {logging_mixin.py:150} INFO - [2023-08-09T02:51:45.666+0000] {dag.py:3508} INFO - Setting next_dagrun for taskflow_test22 to 2023-08-08T00:00:00+00:00, run_after=2023-08-09T00:00:00+00:00
[2023-08-09T02:51:45.678+0000] {processor.py:179} INFO - Processing /opt/airflow/dags/5_taskflow_api/taskflow2.py took 0.078 seconds
[2023-08-09T02:52:16.402+0000] {processor.py:157} INFO - Started process (PID=6112) to work on /opt/airflow/dags/5_taskflow_api/taskflow2.py
[2023-08-09T02:52:16.404+0000] {processor.py:826} INFO - Processing file /opt/airflow/dags/5_taskflow_api/taskflow2.py for tasks to queue
[2023-08-09T02:52:16.407+0000] {logging_mixin.py:150} INFO - [2023-08-09T02:52:16.406+0000] {dagbag.py:541} INFO - Filling up the DagBag from /opt/airflow/dags/5_taskflow_api/taskflow2.py
[2023-08-09T02:52:16.421+0000] {processor.py:836} INFO - DAG(s) dict_keys(['taskflow_test22']) retrieved from /opt/airflow/dags/5_taskflow_api/taskflow2.py
[2023-08-09T02:52:16.448+0000] {logging_mixin.py:150} INFO - [2023-08-09T02:52:16.448+0000] {dag.py:2742} INFO - Sync 1 DAGs
[2023-08-09T02:52:16.464+0000] {logging_mixin.py:150} INFO - [2023-08-09T02:52:16.464+0000] {dag.py:3508} INFO - Setting next_dagrun for taskflow_test22 to 2023-08-08T00:00:00+00:00, run_after=2023-08-09T00:00:00+00:00
[2023-08-09T02:52:16.476+0000] {processor.py:179} INFO - Processing /opt/airflow/dags/5_taskflow_api/taskflow2.py took 0.082 seconds
[2023-08-09T02:52:46.559+0000] {processor.py:157} INFO - Started process (PID=6128) to work on /opt/airflow/dags/5_taskflow_api/taskflow2.py
[2023-08-09T02:52:46.561+0000] {processor.py:826} INFO - Processing file /opt/airflow/dags/5_taskflow_api/taskflow2.py for tasks to queue
[2023-08-09T02:52:46.562+0000] {logging_mixin.py:150} INFO - [2023-08-09T02:52:46.562+0000] {dagbag.py:541} INFO - Filling up the DagBag from /opt/airflow/dags/5_taskflow_api/taskflow2.py
[2023-08-09T02:52:46.571+0000] {processor.py:836} INFO - DAG(s) dict_keys(['taskflow_test22']) retrieved from /opt/airflow/dags/5_taskflow_api/taskflow2.py
[2023-08-09T02:52:46.595+0000] {logging_mixin.py:150} INFO - [2023-08-09T02:52:46.595+0000] {dag.py:2742} INFO - Sync 1 DAGs
[2023-08-09T02:52:46.694+0000] {logging_mixin.py:150} INFO - [2023-08-09T02:52:46.694+0000] {dag.py:3508} INFO - Setting next_dagrun for taskflow_test22 to 2023-08-08T00:00:00+00:00, run_after=2023-08-09T00:00:00+00:00
[2023-08-09T02:52:46.705+0000] {processor.py:179} INFO - Processing /opt/airflow/dags/5_taskflow_api/taskflow2.py took 0.149 seconds
[2023-08-09T02:53:16.788+0000] {processor.py:157} INFO - Started process (PID=6143) to work on /opt/airflow/dags/5_taskflow_api/taskflow2.py
[2023-08-09T02:53:16.789+0000] {processor.py:826} INFO - Processing file /opt/airflow/dags/5_taskflow_api/taskflow2.py for tasks to queue
[2023-08-09T02:53:16.790+0000] {logging_mixin.py:150} INFO - [2023-08-09T02:53:16.790+0000] {dagbag.py:541} INFO - Filling up the DagBag from /opt/airflow/dags/5_taskflow_api/taskflow2.py
[2023-08-09T02:53:16.801+0000] {processor.py:836} INFO - DAG(s) dict_keys(['taskflow_test22']) retrieved from /opt/airflow/dags/5_taskflow_api/taskflow2.py
[2023-08-09T02:53:16.831+0000] {logging_mixin.py:150} INFO - [2023-08-09T02:53:16.831+0000] {dag.py:2742} INFO - Sync 1 DAGs
[2023-08-09T02:53:16.849+0000] {logging_mixin.py:150} INFO - [2023-08-09T02:53:16.849+0000] {dag.py:3508} INFO - Setting next_dagrun for taskflow_test22 to 2023-08-08T00:00:00+00:00, run_after=2023-08-09T00:00:00+00:00
[2023-08-09T02:53:16.860+0000] {processor.py:179} INFO - Processing /opt/airflow/dags/5_taskflow_api/taskflow2.py took 0.077 seconds
[2023-08-09T02:53:47.754+0000] {processor.py:157} INFO - Started process (PID=6159) to work on /opt/airflow/dags/5_taskflow_api/taskflow2.py
[2023-08-09T02:53:47.756+0000] {processor.py:826} INFO - Processing file /opt/airflow/dags/5_taskflow_api/taskflow2.py for tasks to queue
[2023-08-09T02:53:47.757+0000] {logging_mixin.py:150} INFO - [2023-08-09T02:53:47.756+0000] {dagbag.py:541} INFO - Filling up the DagBag from /opt/airflow/dags/5_taskflow_api/taskflow2.py
[2023-08-09T02:53:47.768+0000] {processor.py:836} INFO - DAG(s) dict_keys(['taskflow_test22']) retrieved from /opt/airflow/dags/5_taskflow_api/taskflow2.py
[2023-08-09T02:53:47.793+0000] {logging_mixin.py:150} INFO - [2023-08-09T02:53:47.793+0000] {dag.py:2742} INFO - Sync 1 DAGs
[2023-08-09T02:53:47.810+0000] {logging_mixin.py:150} INFO - [2023-08-09T02:53:47.810+0000] {dag.py:3508} INFO - Setting next_dagrun for taskflow_test22 to 2023-08-08T00:00:00+00:00, run_after=2023-08-09T00:00:00+00:00
[2023-08-09T02:53:47.821+0000] {processor.py:179} INFO - Processing /opt/airflow/dags/5_taskflow_api/taskflow2.py took 0.071 seconds
[2023-08-09T02:54:18.530+0000] {processor.py:157} INFO - Started process (PID=6175) to work on /opt/airflow/dags/5_taskflow_api/taskflow2.py
[2023-08-09T02:54:18.533+0000] {processor.py:826} INFO - Processing file /opt/airflow/dags/5_taskflow_api/taskflow2.py for tasks to queue
[2023-08-09T02:54:18.536+0000] {logging_mixin.py:150} INFO - [2023-08-09T02:54:18.535+0000] {dagbag.py:541} INFO - Filling up the DagBag from /opt/airflow/dags/5_taskflow_api/taskflow2.py
[2023-08-09T02:54:18.556+0000] {processor.py:836} INFO - DAG(s) dict_keys(['taskflow_test22']) retrieved from /opt/airflow/dags/5_taskflow_api/taskflow2.py
[2023-08-09T02:54:18.592+0000] {logging_mixin.py:150} INFO - [2023-08-09T02:54:18.592+0000] {dag.py:2742} INFO - Sync 1 DAGs
[2023-08-09T02:54:18.612+0000] {logging_mixin.py:150} INFO - [2023-08-09T02:54:18.612+0000] {dag.py:3508} INFO - Setting next_dagrun for taskflow_test22 to 2023-08-08T00:00:00+00:00, run_after=2023-08-09T00:00:00+00:00
[2023-08-09T02:54:18.625+0000] {processor.py:179} INFO - Processing /opt/airflow/dags/5_taskflow_api/taskflow2.py took 0.104 seconds
[2023-08-09T02:54:33.064+0000] {processor.py:157} INFO - Started process (PID=6182) to work on /opt/airflow/dags/5_taskflow_api/taskflow2.py
[2023-08-09T02:54:33.066+0000] {processor.py:826} INFO - Processing file /opt/airflow/dags/5_taskflow_api/taskflow2.py for tasks to queue
[2023-08-09T02:54:33.068+0000] {logging_mixin.py:150} INFO - [2023-08-09T02:54:33.068+0000] {dagbag.py:541} INFO - Filling up the DagBag from /opt/airflow/dags/5_taskflow_api/taskflow2.py
[2023-08-09T02:54:33.088+0000] {processor.py:836} INFO - DAG(s) dict_keys(['taskflow_test22']) retrieved from /opt/airflow/dags/5_taskflow_api/taskflow2.py
[2023-08-09T02:54:33.115+0000] {logging_mixin.py:150} INFO - [2023-08-09T02:54:33.115+0000] {dag.py:2742} INFO - Sync 1 DAGs
[2023-08-09T02:54:33.133+0000] {logging_mixin.py:150} INFO - [2023-08-09T02:54:33.132+0000] {dag.py:3508} INFO - Setting next_dagrun for taskflow_test22 to 2023-08-08T00:00:00+00:00, run_after=2023-08-09T00:00:00+00:00
[2023-08-09T02:54:33.233+0000] {processor.py:179} INFO - Processing /opt/airflow/dags/5_taskflow_api/taskflow2.py took 0.176 seconds
[2023-08-09T02:55:03.296+0000] {processor.py:157} INFO - Started process (PID=6198) to work on /opt/airflow/dags/5_taskflow_api/taskflow2.py
[2023-08-09T02:55:03.298+0000] {processor.py:826} INFO - Processing file /opt/airflow/dags/5_taskflow_api/taskflow2.py for tasks to queue
[2023-08-09T02:55:03.300+0000] {logging_mixin.py:150} INFO - [2023-08-09T02:55:03.300+0000] {dagbag.py:541} INFO - Filling up the DagBag from /opt/airflow/dags/5_taskflow_api/taskflow2.py
[2023-08-09T02:55:03.316+0000] {processor.py:836} INFO - DAG(s) dict_keys(['taskflow_test22']) retrieved from /opt/airflow/dags/5_taskflow_api/taskflow2.py
[2023-08-09T02:55:03.346+0000] {logging_mixin.py:150} INFO - [2023-08-09T02:55:03.346+0000] {dag.py:2742} INFO - Sync 1 DAGs
[2023-08-09T02:55:03.441+0000] {logging_mixin.py:150} INFO - [2023-08-09T02:55:03.440+0000] {dag.py:3508} INFO - Setting next_dagrun for taskflow_test22 to 2023-08-08T00:00:00+00:00, run_after=2023-08-09T00:00:00+00:00
[2023-08-09T02:55:03.451+0000] {processor.py:179} INFO - Processing /opt/airflow/dags/5_taskflow_api/taskflow2.py took 0.160 seconds
[2023-08-09T02:55:33.519+0000] {processor.py:157} INFO - Started process (PID=6214) to work on /opt/airflow/dags/5_taskflow_api/taskflow2.py
[2023-08-09T02:55:33.522+0000] {processor.py:826} INFO - Processing file /opt/airflow/dags/5_taskflow_api/taskflow2.py for tasks to queue
[2023-08-09T02:55:33.524+0000] {logging_mixin.py:150} INFO - [2023-08-09T02:55:33.523+0000] {dagbag.py:541} INFO - Filling up the DagBag from /opt/airflow/dags/5_taskflow_api/taskflow2.py
[2023-08-09T02:55:33.541+0000] {processor.py:836} INFO - DAG(s) dict_keys(['taskflow_test22']) retrieved from /opt/airflow/dags/5_taskflow_api/taskflow2.py
[2023-08-09T02:55:33.571+0000] {logging_mixin.py:150} INFO - [2023-08-09T02:55:33.571+0000] {dag.py:2742} INFO - Sync 1 DAGs
[2023-08-09T02:55:33.588+0000] {logging_mixin.py:150} INFO - [2023-08-09T02:55:33.588+0000] {dag.py:3508} INFO - Setting next_dagrun for taskflow_test22 to 2023-08-08T00:00:00+00:00, run_after=2023-08-09T00:00:00+00:00
[2023-08-09T02:55:33.599+0000] {processor.py:179} INFO - Processing /opt/airflow/dags/5_taskflow_api/taskflow2.py took 0.085 seconds
[2023-08-09T02:56:04.371+0000] {processor.py:157} INFO - Started process (PID=6230) to work on /opt/airflow/dags/5_taskflow_api/taskflow2.py
[2023-08-09T02:56:04.373+0000] {processor.py:826} INFO - Processing file /opt/airflow/dags/5_taskflow_api/taskflow2.py for tasks to queue
[2023-08-09T02:56:04.374+0000] {logging_mixin.py:150} INFO - [2023-08-09T02:56:04.374+0000] {dagbag.py:541} INFO - Filling up the DagBag from /opt/airflow/dags/5_taskflow_api/taskflow2.py
[2023-08-09T02:56:04.387+0000] {processor.py:836} INFO - DAG(s) dict_keys(['taskflow_test22']) retrieved from /opt/airflow/dags/5_taskflow_api/taskflow2.py
[2023-08-09T02:56:04.416+0000] {logging_mixin.py:150} INFO - [2023-08-09T02:56:04.416+0000] {dag.py:2742} INFO - Sync 1 DAGs
[2023-08-09T02:56:04.434+0000] {logging_mixin.py:150} INFO - [2023-08-09T02:56:04.434+0000] {dag.py:3508} INFO - Setting next_dagrun for taskflow_test22 to 2023-08-08T00:00:00+00:00, run_after=2023-08-09T00:00:00+00:00
[2023-08-09T02:56:04.446+0000] {processor.py:179} INFO - Processing /opt/airflow/dags/5_taskflow_api/taskflow2.py took 0.080 seconds
[2023-08-09T02:56:35.285+0000] {processor.py:157} INFO - Started process (PID=6246) to work on /opt/airflow/dags/5_taskflow_api/taskflow2.py
[2023-08-09T02:56:35.288+0000] {processor.py:826} INFO - Processing file /opt/airflow/dags/5_taskflow_api/taskflow2.py for tasks to queue
[2023-08-09T02:56:35.290+0000] {logging_mixin.py:150} INFO - [2023-08-09T02:56:35.290+0000] {dagbag.py:541} INFO - Filling up the DagBag from /opt/airflow/dags/5_taskflow_api/taskflow2.py
[2023-08-09T02:56:35.304+0000] {processor.py:836} INFO - DAG(s) dict_keys(['taskflow_test22']) retrieved from /opt/airflow/dags/5_taskflow_api/taskflow2.py
[2023-08-09T02:56:35.330+0000] {logging_mixin.py:150} INFO - [2023-08-09T02:56:35.330+0000] {dag.py:2742} INFO - Sync 1 DAGs
[2023-08-09T02:56:35.346+0000] {logging_mixin.py:150} INFO - [2023-08-09T02:56:35.346+0000] {dag.py:3508} INFO - Setting next_dagrun for taskflow_test22 to 2023-08-08T00:00:00+00:00, run_after=2023-08-09T00:00:00+00:00
[2023-08-09T02:56:35.430+0000] {processor.py:179} INFO - Processing /opt/airflow/dags/5_taskflow_api/taskflow2.py took 0.150 seconds
[2023-08-09T02:57:05.556+0000] {processor.py:157} INFO - Started process (PID=6262) to work on /opt/airflow/dags/5_taskflow_api/taskflow2.py
[2023-08-09T02:57:05.558+0000] {processor.py:826} INFO - Processing file /opt/airflow/dags/5_taskflow_api/taskflow2.py for tasks to queue
[2023-08-09T02:57:05.560+0000] {logging_mixin.py:150} INFO - [2023-08-09T02:57:05.559+0000] {dagbag.py:541} INFO - Filling up the DagBag from /opt/airflow/dags/5_taskflow_api/taskflow2.py
[2023-08-09T02:57:05.575+0000] {processor.py:836} INFO - DAG(s) dict_keys(['taskflow_test22']) retrieved from /opt/airflow/dags/5_taskflow_api/taskflow2.py
[2023-08-09T02:57:05.603+0000] {logging_mixin.py:150} INFO - [2023-08-09T02:57:05.603+0000] {dag.py:2742} INFO - Sync 1 DAGs
[2023-08-09T02:57:05.695+0000] {logging_mixin.py:150} INFO - [2023-08-09T02:57:05.695+0000] {dag.py:3508} INFO - Setting next_dagrun for taskflow_test22 to 2023-08-08T00:00:00+00:00, run_after=2023-08-09T00:00:00+00:00
[2023-08-09T02:57:05.706+0000] {processor.py:179} INFO - Processing /opt/airflow/dags/5_taskflow_api/taskflow2.py took 0.154 seconds
[2023-08-09T02:57:36.590+0000] {processor.py:157} INFO - Started process (PID=6278) to work on /opt/airflow/dags/5_taskflow_api/taskflow2.py
[2023-08-09T02:57:36.592+0000] {processor.py:826} INFO - Processing file /opt/airflow/dags/5_taskflow_api/taskflow2.py for tasks to queue
[2023-08-09T02:57:36.594+0000] {logging_mixin.py:150} INFO - [2023-08-09T02:57:36.593+0000] {dagbag.py:541} INFO - Filling up the DagBag from /opt/airflow/dags/5_taskflow_api/taskflow2.py
[2023-08-09T02:57:36.608+0000] {processor.py:836} INFO - DAG(s) dict_keys(['taskflow_test22']) retrieved from /opt/airflow/dags/5_taskflow_api/taskflow2.py
[2023-08-09T02:57:36.633+0000] {logging_mixin.py:150} INFO - [2023-08-09T02:57:36.633+0000] {dag.py:2742} INFO - Sync 1 DAGs
[2023-08-09T02:57:36.649+0000] {logging_mixin.py:150} INFO - [2023-08-09T02:57:36.649+0000] {dag.py:3508} INFO - Setting next_dagrun for taskflow_test22 to 2023-08-08T00:00:00+00:00, run_after=2023-08-09T00:00:00+00:00
[2023-08-09T02:57:36.661+0000] {processor.py:179} INFO - Processing /opt/airflow/dags/5_taskflow_api/taskflow2.py took 0.076 seconds
[2023-08-09T02:58:07.353+0000] {processor.py:157} INFO - Started process (PID=6294) to work on /opt/airflow/dags/5_taskflow_api/taskflow2.py
[2023-08-09T02:58:07.356+0000] {processor.py:826} INFO - Processing file /opt/airflow/dags/5_taskflow_api/taskflow2.py for tasks to queue
[2023-08-09T02:58:07.357+0000] {logging_mixin.py:150} INFO - [2023-08-09T02:58:07.356+0000] {dagbag.py:541} INFO - Filling up the DagBag from /opt/airflow/dags/5_taskflow_api/taskflow2.py
[2023-08-09T02:58:07.366+0000] {processor.py:836} INFO - DAG(s) dict_keys(['taskflow_test22']) retrieved from /opt/airflow/dags/5_taskflow_api/taskflow2.py
[2023-08-09T02:58:07.391+0000] {logging_mixin.py:150} INFO - [2023-08-09T02:58:07.390+0000] {dag.py:2742} INFO - Sync 1 DAGs
[2023-08-09T02:58:07.407+0000] {logging_mixin.py:150} INFO - [2023-08-09T02:58:07.407+0000] {dag.py:3508} INFO - Setting next_dagrun for taskflow_test22 to 2023-08-08T00:00:00+00:00, run_after=2023-08-09T00:00:00+00:00
[2023-08-09T02:58:07.418+0000] {processor.py:179} INFO - Processing /opt/airflow/dags/5_taskflow_api/taskflow2.py took 0.067 seconds
[2023-08-09T02:58:38.394+0000] {processor.py:157} INFO - Started process (PID=6310) to work on /opt/airflow/dags/5_taskflow_api/taskflow2.py
[2023-08-09T02:58:38.396+0000] {processor.py:826} INFO - Processing file /opt/airflow/dags/5_taskflow_api/taskflow2.py for tasks to queue
[2023-08-09T02:58:38.397+0000] {logging_mixin.py:150} INFO - [2023-08-09T02:58:38.396+0000] {dagbag.py:541} INFO - Filling up the DagBag from /opt/airflow/dags/5_taskflow_api/taskflow2.py
[2023-08-09T02:58:38.406+0000] {processor.py:836} INFO - DAG(s) dict_keys(['taskflow_test22']) retrieved from /opt/airflow/dags/5_taskflow_api/taskflow2.py
[2023-08-09T02:58:38.430+0000] {logging_mixin.py:150} INFO - [2023-08-09T02:58:38.430+0000] {dag.py:2742} INFO - Sync 1 DAGs
[2023-08-09T02:58:38.446+0000] {logging_mixin.py:150} INFO - [2023-08-09T02:58:38.446+0000] {dag.py:3508} INFO - Setting next_dagrun for taskflow_test22 to 2023-08-08T00:00:00+00:00, run_after=2023-08-09T00:00:00+00:00
[2023-08-09T02:58:38.538+0000] {processor.py:179} INFO - Processing /opt/airflow/dags/5_taskflow_api/taskflow2.py took 0.146 seconds
[2023-08-09T02:59:04.427+0000] {processor.py:157} INFO - Started process (PID=6326) to work on /opt/airflow/dags/5_taskflow_api/taskflow2.py
[2023-08-09T02:59:04.430+0000] {processor.py:826} INFO - Processing file /opt/airflow/dags/5_taskflow_api/taskflow2.py for tasks to queue
[2023-08-09T02:59:04.431+0000] {logging_mixin.py:150} INFO - [2023-08-09T02:59:04.431+0000] {dagbag.py:541} INFO - Filling up the DagBag from /opt/airflow/dags/5_taskflow_api/taskflow2.py
[2023-08-09T02:59:04.448+0000] {logging_mixin.py:150} INFO - [2023-08-09T02:59:04.446+0000] {dagbag.py:350} ERROR - Failed to import: /opt/airflow/dags/5_taskflow_api/taskflow2.py
Traceback (most recent call last):
  File "/home/airflow/.local/lib/python3.7/site-packages/airflow/models/dagbag.py", line 346, in parse
    loader.exec_module(new_module)
  File "<frozen importlib._bootstrap_external>", line 728, in exec_module
  File "<frozen importlib._bootstrap>", line 219, in _call_with_frames_removed
  File "/opt/airflow/dags/5_taskflow_api/taskflow2.py", line 73, in <module>
    task1 >> [task2, task3]    # task1 followed by task2 and task3
NameError: name 'task1' is not defined
[2023-08-09T02:59:04.448+0000] {processor.py:838} WARNING - No viable dags retrieved from /opt/airflow/dags/5_taskflow_api/taskflow2.py
[2023-08-09T02:59:04.468+0000] {processor.py:179} INFO - Processing /opt/airflow/dags/5_taskflow_api/taskflow2.py took 0.047 seconds
[2023-08-09T02:59:32.641+0000] {processor.py:157} INFO - Started process (PID=6342) to work on /opt/airflow/dags/5_taskflow_api/taskflow2.py
[2023-08-09T02:59:32.643+0000] {processor.py:826} INFO - Processing file /opt/airflow/dags/5_taskflow_api/taskflow2.py for tasks to queue
[2023-08-09T02:59:32.644+0000] {logging_mixin.py:150} INFO - [2023-08-09T02:59:32.644+0000] {dagbag.py:541} INFO - Filling up the DagBag from /opt/airflow/dags/5_taskflow_api/taskflow2.py
[2023-08-09T02:59:32.657+0000] {logging_mixin.py:150} INFO - [2023-08-09T02:59:32.655+0000] {dagbag.py:350} ERROR - Failed to import: /opt/airflow/dags/5_taskflow_api/taskflow2.py
Traceback (most recent call last):
  File "/home/airflow/.local/lib/python3.7/site-packages/airflow/models/dagbag.py", line 346, in parse
    loader.exec_module(new_module)
  File "<frozen importlib._bootstrap_external>", line 728, in exec_module
  File "<frozen importlib._bootstrap>", line 219, in _call_with_frames_removed
  File "/opt/airflow/dags/5_taskflow_api/taskflow2.py", line 53, in <module>
    task1 >> [task2, task3]    # task1 followed by task2 and task3
NameError: name 'task1' is not defined
[2023-08-09T02:59:32.657+0000] {processor.py:838} WARNING - No viable dags retrieved from /opt/airflow/dags/5_taskflow_api/taskflow2.py
[2023-08-09T02:59:32.674+0000] {processor.py:179} INFO - Processing /opt/airflow/dags/5_taskflow_api/taskflow2.py took 0.036 seconds
[2023-08-09T02:59:47.896+0000] {processor.py:157} INFO - Started process (PID=6350) to work on /opt/airflow/dags/5_taskflow_api/taskflow2.py
[2023-08-09T02:59:47.897+0000] {processor.py:826} INFO - Processing file /opt/airflow/dags/5_taskflow_api/taskflow2.py for tasks to queue
[2023-08-09T02:59:47.898+0000] {logging_mixin.py:150} INFO - [2023-08-09T02:59:47.897+0000] {dagbag.py:541} INFO - Filling up the DagBag from /opt/airflow/dags/5_taskflow_api/taskflow2.py
[2023-08-09T02:59:47.912+0000] {logging_mixin.py:150} INFO - [2023-08-09T02:59:47.910+0000] {dagbag.py:350} ERROR - Failed to import: /opt/airflow/dags/5_taskflow_api/taskflow2.py
Traceback (most recent call last):
  File "/home/airflow/.local/lib/python3.7/site-packages/airflow/models/dagbag.py", line 346, in parse
    loader.exec_module(new_module)
  File "<frozen importlib._bootstrap_external>", line 728, in exec_module
  File "<frozen importlib._bootstrap>", line 219, in _call_with_frames_removed
  File "/opt/airflow/dags/5_taskflow_api/taskflow2.py", line 53, in <module>
    task1 >> [task2, task3]    # task1 followed by task2 and task3
NameError: name 'task1' is not defined
[2023-08-09T02:59:47.913+0000] {processor.py:838} WARNING - No viable dags retrieved from /opt/airflow/dags/5_taskflow_api/taskflow2.py
[2023-08-09T02:59:47.928+0000] {processor.py:179} INFO - Processing /opt/airflow/dags/5_taskflow_api/taskflow2.py took 0.035 seconds
[2023-08-09T03:00:17.722+0000] {processor.py:157} INFO - Started process (PID=6366) to work on /opt/airflow/dags/5_taskflow_api/taskflow2.py
[2023-08-09T03:00:17.726+0000] {processor.py:826} INFO - Processing file /opt/airflow/dags/5_taskflow_api/taskflow2.py for tasks to queue
[2023-08-09T03:00:17.727+0000] {logging_mixin.py:150} INFO - [2023-08-09T03:00:17.727+0000] {dagbag.py:541} INFO - Filling up the DagBag from /opt/airflow/dags/5_taskflow_api/taskflow2.py
[2023-08-09T03:00:17.745+0000] {logging_mixin.py:150} INFO - [2023-08-09T03:00:17.744+0000] {dagbag.py:350} ERROR - Failed to import: /opt/airflow/dags/5_taskflow_api/taskflow2.py
Traceback (most recent call last):
  File "/home/airflow/.local/lib/python3.7/site-packages/airflow/models/dagbag.py", line 346, in parse
    loader.exec_module(new_module)
  File "<frozen importlib._bootstrap_external>", line 728, in exec_module
  File "<frozen importlib._bootstrap>", line 219, in _call_with_frames_removed
  File "/opt/airflow/dags/5_taskflow_api/taskflow2.py", line 53, in <module>
    task1 >> [task2, task3]    # task1 followed by task2 and task3
NameError: name 'task1' is not defined
[2023-08-09T03:00:17.746+0000] {processor.py:838} WARNING - No viable dags retrieved from /opt/airflow/dags/5_taskflow_api/taskflow2.py
[2023-08-09T03:00:17.764+0000] {processor.py:179} INFO - Processing /opt/airflow/dags/5_taskflow_api/taskflow2.py took 0.047 seconds
[2023-08-09T03:00:48.547+0000] {processor.py:157} INFO - Started process (PID=6382) to work on /opt/airflow/dags/5_taskflow_api/taskflow2.py
[2023-08-09T03:00:48.550+0000] {processor.py:826} INFO - Processing file /opt/airflow/dags/5_taskflow_api/taskflow2.py for tasks to queue
[2023-08-09T03:00:48.552+0000] {logging_mixin.py:150} INFO - [2023-08-09T03:00:48.551+0000] {dagbag.py:541} INFO - Filling up the DagBag from /opt/airflow/dags/5_taskflow_api/taskflow2.py
[2023-08-09T03:00:48.565+0000] {logging_mixin.py:150} INFO - [2023-08-09T03:00:48.563+0000] {dagbag.py:350} ERROR - Failed to import: /opt/airflow/dags/5_taskflow_api/taskflow2.py
Traceback (most recent call last):
  File "/home/airflow/.local/lib/python3.7/site-packages/airflow/models/dagbag.py", line 346, in parse
    loader.exec_module(new_module)
  File "<frozen importlib._bootstrap_external>", line 728, in exec_module
  File "<frozen importlib._bootstrap>", line 219, in _call_with_frames_removed
  File "/opt/airflow/dags/5_taskflow_api/taskflow2.py", line 53, in <module>
    task1 >> [task2, task3]    # task1 followed by task2 and task3
NameError: name 'task1' is not defined
[2023-08-09T03:00:48.566+0000] {processor.py:838} WARNING - No viable dags retrieved from /opt/airflow/dags/5_taskflow_api/taskflow2.py
[2023-08-09T03:00:48.586+0000] {processor.py:179} INFO - Processing /opt/airflow/dags/5_taskflow_api/taskflow2.py took 0.044 seconds
[2023-08-09T03:01:18.761+0000] {processor.py:157} INFO - Started process (PID=6398) to work on /opt/airflow/dags/5_taskflow_api/taskflow2.py
[2023-08-09T03:01:18.764+0000] {processor.py:826} INFO - Processing file /opt/airflow/dags/5_taskflow_api/taskflow2.py for tasks to queue
[2023-08-09T03:01:18.766+0000] {logging_mixin.py:150} INFO - [2023-08-09T03:01:18.766+0000] {dagbag.py:541} INFO - Filling up the DagBag from /opt/airflow/dags/5_taskflow_api/taskflow2.py
[2023-08-09T03:01:18.778+0000] {logging_mixin.py:150} INFO - [2023-08-09T03:01:18.776+0000] {dagbag.py:350} ERROR - Failed to import: /opt/airflow/dags/5_taskflow_api/taskflow2.py
Traceback (most recent call last):
  File "/home/airflow/.local/lib/python3.7/site-packages/airflow/models/dagbag.py", line 346, in parse
    loader.exec_module(new_module)
  File "<frozen importlib._bootstrap_external>", line 728, in exec_module
  File "<frozen importlib._bootstrap>", line 219, in _call_with_frames_removed
  File "/opt/airflow/dags/5_taskflow_api/taskflow2.py", line 53, in <module>
    task1 >> [task2, task3]    # task1 followed by task2 and task3
NameError: name 'task1' is not defined
[2023-08-09T03:01:18.779+0000] {processor.py:838} WARNING - No viable dags retrieved from /opt/airflow/dags/5_taskflow_api/taskflow2.py
[2023-08-09T03:01:18.797+0000] {processor.py:179} INFO - Processing /opt/airflow/dags/5_taskflow_api/taskflow2.py took 0.043 seconds
[2023-08-09T03:01:28.207+0000] {processor.py:157} INFO - Started process (PID=6401) to work on /opt/airflow/dags/5_taskflow_api/taskflow2.py
[2023-08-09T03:01:28.209+0000] {processor.py:826} INFO - Processing file /opt/airflow/dags/5_taskflow_api/taskflow2.py for tasks to queue
[2023-08-09T03:01:28.211+0000] {logging_mixin.py:150} INFO - [2023-08-09T03:01:28.211+0000] {dagbag.py:541} INFO - Filling up the DagBag from /opt/airflow/dags/5_taskflow_api/taskflow2.py
[2023-08-09T03:01:28.229+0000] {logging_mixin.py:150} INFO - [2023-08-09T03:01:28.227+0000] {dagbag.py:350} ERROR - Failed to import: /opt/airflow/dags/5_taskflow_api/taskflow2.py
Traceback (most recent call last):
  File "/home/airflow/.local/lib/python3.7/site-packages/airflow/models/dagbag.py", line 346, in parse
    loader.exec_module(new_module)
  File "<frozen importlib._bootstrap_external>", line 728, in exec_module
  File "<frozen importlib._bootstrap>", line 219, in _call_with_frames_removed
  File "/opt/airflow/dags/5_taskflow_api/taskflow2.py", line 53, in <module>
    task1 >> [task2, task3]    # task1 followed by task2 and task3
NameError: name 'task1' is not defined
[2023-08-09T03:01:28.230+0000] {processor.py:838} WARNING - No viable dags retrieved from /opt/airflow/dags/5_taskflow_api/taskflow2.py
[2023-08-09T03:01:28.248+0000] {processor.py:179} INFO - Processing /opt/airflow/dags/5_taskflow_api/taskflow2.py took 0.048 seconds
[2023-08-09T03:01:58.453+0000] {processor.py:157} INFO - Started process (PID=6417) to work on /opt/airflow/dags/5_taskflow_api/taskflow2.py
[2023-08-09T03:01:58.457+0000] {processor.py:826} INFO - Processing file /opt/airflow/dags/5_taskflow_api/taskflow2.py for tasks to queue
[2023-08-09T03:01:58.459+0000] {logging_mixin.py:150} INFO - [2023-08-09T03:01:58.458+0000] {dagbag.py:541} INFO - Filling up the DagBag from /opt/airflow/dags/5_taskflow_api/taskflow2.py
[2023-08-09T03:01:58.470+0000] {logging_mixin.py:150} INFO - [2023-08-09T03:01:58.469+0000] {dagbag.py:350} ERROR - Failed to import: /opt/airflow/dags/5_taskflow_api/taskflow2.py
Traceback (most recent call last):
  File "/home/airflow/.local/lib/python3.7/site-packages/airflow/models/dagbag.py", line 346, in parse
    loader.exec_module(new_module)
  File "<frozen importlib._bootstrap_external>", line 728, in exec_module
  File "<frozen importlib._bootstrap>", line 219, in _call_with_frames_removed
  File "/opt/airflow/dags/5_taskflow_api/taskflow2.py", line 53, in <module>
    task1 >> [task2, task3]    # task1 followed by task2 and task3
NameError: name 'task1' is not defined
[2023-08-09T03:01:58.471+0000] {processor.py:838} WARNING - No viable dags retrieved from /opt/airflow/dags/5_taskflow_api/taskflow2.py
[2023-08-09T03:01:58.488+0000] {processor.py:179} INFO - Processing /opt/airflow/dags/5_taskflow_api/taskflow2.py took 0.042 seconds
[2023-08-09T03:02:29.323+0000] {processor.py:157} INFO - Started process (PID=6433) to work on /opt/airflow/dags/5_taskflow_api/taskflow2.py
[2023-08-09T03:02:29.325+0000] {processor.py:826} INFO - Processing file /opt/airflow/dags/5_taskflow_api/taskflow2.py for tasks to queue
[2023-08-09T03:02:29.326+0000] {logging_mixin.py:150} INFO - [2023-08-09T03:02:29.325+0000] {dagbag.py:541} INFO - Filling up the DagBag from /opt/airflow/dags/5_taskflow_api/taskflow2.py
[2023-08-09T03:02:29.336+0000] {logging_mixin.py:150} INFO - [2023-08-09T03:02:29.334+0000] {dagbag.py:350} ERROR - Failed to import: /opt/airflow/dags/5_taskflow_api/taskflow2.py
Traceback (most recent call last):
  File "/home/airflow/.local/lib/python3.7/site-packages/airflow/models/dagbag.py", line 346, in parse
    loader.exec_module(new_module)
  File "<frozen importlib._bootstrap_external>", line 728, in exec_module
  File "<frozen importlib._bootstrap>", line 219, in _call_with_frames_removed
  File "/opt/airflow/dags/5_taskflow_api/taskflow2.py", line 53, in <module>
    task1 >> [task2, task3]    # task1 followed by task2 and task3
NameError: name 'task1' is not defined
[2023-08-09T03:02:29.337+0000] {processor.py:838} WARNING - No viable dags retrieved from /opt/airflow/dags/5_taskflow_api/taskflow2.py
[2023-08-09T03:02:29.355+0000] {processor.py:179} INFO - Processing /opt/airflow/dags/5_taskflow_api/taskflow2.py took 0.035 seconds
[2023-08-09T03:02:59.546+0000] {processor.py:157} INFO - Started process (PID=6449) to work on /opt/airflow/dags/5_taskflow_api/taskflow2.py
[2023-08-09T03:02:59.548+0000] {processor.py:826} INFO - Processing file /opt/airflow/dags/5_taskflow_api/taskflow2.py for tasks to queue
[2023-08-09T03:02:59.550+0000] {logging_mixin.py:150} INFO - [2023-08-09T03:02:59.549+0000] {dagbag.py:541} INFO - Filling up the DagBag from /opt/airflow/dags/5_taskflow_api/taskflow2.py
[2023-08-09T03:02:59.560+0000] {logging_mixin.py:150} INFO - [2023-08-09T03:02:59.558+0000] {dagbag.py:350} ERROR - Failed to import: /opt/airflow/dags/5_taskflow_api/taskflow2.py
Traceback (most recent call last):
  File "/home/airflow/.local/lib/python3.7/site-packages/airflow/models/dagbag.py", line 346, in parse
    loader.exec_module(new_module)
  File "<frozen importlib._bootstrap_external>", line 728, in exec_module
  File "<frozen importlib._bootstrap>", line 219, in _call_with_frames_removed
  File "/opt/airflow/dags/5_taskflow_api/taskflow2.py", line 53, in <module>
    task1 >> [task2, task3]    # task1 followed by task2 and task3
NameError: name 'task1' is not defined
[2023-08-09T03:02:59.561+0000] {processor.py:838} WARNING - No viable dags retrieved from /opt/airflow/dags/5_taskflow_api/taskflow2.py
[2023-08-09T03:02:59.578+0000] {processor.py:179} INFO - Processing /opt/airflow/dags/5_taskflow_api/taskflow2.py took 0.037 seconds
[2023-08-09T03:03:17.412+0000] {processor.py:157} INFO - Started process (PID=6463) to work on /opt/airflow/dags/5_taskflow_api/taskflow2.py
[2023-08-09T03:03:17.414+0000] {processor.py:826} INFO - Processing file /opt/airflow/dags/5_taskflow_api/taskflow2.py for tasks to queue
[2023-08-09T03:03:17.415+0000] {logging_mixin.py:150} INFO - [2023-08-09T03:03:17.415+0000] {dagbag.py:541} INFO - Filling up the DagBag from /opt/airflow/dags/5_taskflow_api/taskflow2.py
[2023-08-09T03:03:17.432+0000] {logging_mixin.py:150} INFO - [2023-08-09T03:03:17.430+0000] {dagbag.py:350} ERROR - Failed to import: /opt/airflow/dags/5_taskflow_api/taskflow2.py
Traceback (most recent call last):
  File "/home/airflow/.local/lib/python3.7/site-packages/airflow/models/dagbag.py", line 346, in parse
    loader.exec_module(new_module)
  File "<frozen importlib._bootstrap_external>", line 728, in exec_module
  File "<frozen importlib._bootstrap>", line 219, in _call_with_frames_removed
  File "/opt/airflow/dags/5_taskflow_api/taskflow2.py", line 53, in <module>
    task1 >> [task2, task3]    # task1 followed by task2 and task3
NameError: name 'task1' is not defined
[2023-08-09T03:03:17.432+0000] {processor.py:838} WARNING - No viable dags retrieved from /opt/airflow/dags/5_taskflow_api/taskflow2.py
[2023-08-09T03:03:17.449+0000] {processor.py:179} INFO - Processing /opt/airflow/dags/5_taskflow_api/taskflow2.py took 0.041 seconds
[2023-08-09T03:03:47.716+0000] {processor.py:157} INFO - Started process (PID=6479) to work on /opt/airflow/dags/5_taskflow_api/taskflow2.py
[2023-08-09T03:03:47.718+0000] {processor.py:826} INFO - Processing file /opt/airflow/dags/5_taskflow_api/taskflow2.py for tasks to queue
[2023-08-09T03:03:47.720+0000] {logging_mixin.py:150} INFO - [2023-08-09T03:03:47.719+0000] {dagbag.py:541} INFO - Filling up the DagBag from /opt/airflow/dags/5_taskflow_api/taskflow2.py
[2023-08-09T03:03:47.730+0000] {logging_mixin.py:150} INFO - [2023-08-09T03:03:47.729+0000] {dagbag.py:350} ERROR - Failed to import: /opt/airflow/dags/5_taskflow_api/taskflow2.py
Traceback (most recent call last):
  File "/home/airflow/.local/lib/python3.7/site-packages/airflow/models/dagbag.py", line 346, in parse
    loader.exec_module(new_module)
  File "<frozen importlib._bootstrap_external>", line 728, in exec_module
  File "<frozen importlib._bootstrap>", line 219, in _call_with_frames_removed
  File "/opt/airflow/dags/5_taskflow_api/taskflow2.py", line 53, in <module>
    task1 >> [task2, task3]    # task1 followed by task2 and task3
NameError: name 'task1' is not defined
[2023-08-09T03:03:47.731+0000] {processor.py:838} WARNING - No viable dags retrieved from /opt/airflow/dags/5_taskflow_api/taskflow2.py
[2023-08-09T03:03:47.749+0000] {processor.py:179} INFO - Processing /opt/airflow/dags/5_taskflow_api/taskflow2.py took 0.037 seconds
[2023-08-09T03:04:18.011+0000] {processor.py:157} INFO - Started process (PID=6496) to work on /opt/airflow/dags/5_taskflow_api/taskflow2.py
[2023-08-09T03:04:18.014+0000] {processor.py:826} INFO - Processing file /opt/airflow/dags/5_taskflow_api/taskflow2.py for tasks to queue
[2023-08-09T03:04:18.015+0000] {logging_mixin.py:150} INFO - [2023-08-09T03:04:18.014+0000] {dagbag.py:541} INFO - Filling up the DagBag from /opt/airflow/dags/5_taskflow_api/taskflow2.py
[2023-08-09T03:04:18.024+0000] {logging_mixin.py:150} INFO - [2023-08-09T03:04:18.022+0000] {dagbag.py:350} ERROR - Failed to import: /opt/airflow/dags/5_taskflow_api/taskflow2.py
Traceback (most recent call last):
  File "/home/airflow/.local/lib/python3.7/site-packages/airflow/models/dagbag.py", line 346, in parse
    loader.exec_module(new_module)
  File "<frozen importlib._bootstrap_external>", line 728, in exec_module
  File "<frozen importlib._bootstrap>", line 219, in _call_with_frames_removed
  File "/opt/airflow/dags/5_taskflow_api/taskflow2.py", line 53, in <module>
    task1 >> [task2, task3]    # task1 followed by task2 and task3
NameError: name 'task1' is not defined
[2023-08-09T03:04:18.025+0000] {processor.py:838} WARNING - No viable dags retrieved from /opt/airflow/dags/5_taskflow_api/taskflow2.py
[2023-08-09T03:04:18.044+0000] {processor.py:179} INFO - Processing /opt/airflow/dags/5_taskflow_api/taskflow2.py took 0.035 seconds
[2023-08-09T03:04:48.222+0000] {processor.py:157} INFO - Started process (PID=6513) to work on /opt/airflow/dags/5_taskflow_api/taskflow2.py
[2023-08-09T03:04:48.224+0000] {processor.py:826} INFO - Processing file /opt/airflow/dags/5_taskflow_api/taskflow2.py for tasks to queue
[2023-08-09T03:04:48.225+0000] {logging_mixin.py:150} INFO - [2023-08-09T03:04:48.225+0000] {dagbag.py:541} INFO - Filling up the DagBag from /opt/airflow/dags/5_taskflow_api/taskflow2.py
[2023-08-09T03:04:48.238+0000] {logging_mixin.py:150} INFO - [2023-08-09T03:04:48.236+0000] {dagbag.py:350} ERROR - Failed to import: /opt/airflow/dags/5_taskflow_api/taskflow2.py
Traceback (most recent call last):
  File "/home/airflow/.local/lib/python3.7/site-packages/airflow/models/dagbag.py", line 346, in parse
    loader.exec_module(new_module)
  File "<frozen importlib._bootstrap_external>", line 728, in exec_module
  File "<frozen importlib._bootstrap>", line 219, in _call_with_frames_removed
  File "/opt/airflow/dags/5_taskflow_api/taskflow2.py", line 53, in <module>
    task1 >> [task2, task3]    # task1 followed by task2 and task3
NameError: name 'task1' is not defined
[2023-08-09T03:04:48.239+0000] {processor.py:838} WARNING - No viable dags retrieved from /opt/airflow/dags/5_taskflow_api/taskflow2.py
[2023-08-09T03:04:48.261+0000] {processor.py:179} INFO - Processing /opt/airflow/dags/5_taskflow_api/taskflow2.py took 0.046 seconds
