[2023-08-09T03:44:15.209+0000] {processor.py:157} INFO - Started process (PID=7693) to work on /opt/airflow/dags/5_taskflow_api/taskflowoo.py
[2023-08-09T03:44:15.211+0000] {processor.py:826} INFO - Processing file /opt/airflow/dags/5_taskflow_api/taskflowoo.py for tasks to queue
[2023-08-09T03:44:15.212+0000] {logging_mixin.py:150} INFO - [2023-08-09T03:44:15.212+0000] {dagbag.py:541} INFO - Filling up the DagBag from /opt/airflow/dags/5_taskflow_api/taskflowoo.py
[2023-08-09T03:44:15.241+0000] {processor.py:836} INFO - DAG(s) dict_keys(['taskfloww_dag']) retrieved from /opt/airflow/dags/5_taskflow_api/taskflowoo.py
[2023-08-09T03:44:15.356+0000] {logging_mixin.py:150} INFO - [2023-08-09T03:44:15.356+0000] {manager.py:504} INFO - Created Permission View: can delete on DAG:taskfloww_dag
[2023-08-09T03:44:15.364+0000] {logging_mixin.py:150} INFO - [2023-08-09T03:44:15.364+0000] {manager.py:504} INFO - Created Permission View: can read on DAG:taskfloww_dag
[2023-08-09T03:44:15.369+0000] {logging_mixin.py:150} INFO - [2023-08-09T03:44:15.369+0000] {manager.py:504} INFO - Created Permission View: can edit on DAG:taskfloww_dag
[2023-08-09T03:44:15.379+0000] {logging_mixin.py:150} INFO - [2023-08-09T03:44:15.379+0000] {dag.py:2742} INFO - Sync 1 DAGs
[2023-08-09T03:44:15.387+0000] {logging_mixin.py:150} INFO - [2023-08-09T03:44:15.387+0000] {dag.py:2763} INFO - Creating ORM DAG for taskfloww_dag
[2023-08-09T03:44:15.396+0000] {logging_mixin.py:150} INFO - [2023-08-09T03:44:15.396+0000] {dag.py:3508} INFO - Setting next_dagrun for taskfloww_dag to 2023-08-08T00:00:00+00:00, run_after=2023-08-09T00:00:00+00:00
[2023-08-09T03:44:15.438+0000] {processor.py:179} INFO - Processing /opt/airflow/dags/5_taskflow_api/taskflowoo.py took 0.233 seconds
[2023-08-09T03:44:36.836+0000] {processor.py:157} INFO - Started process (PID=7708) to work on /opt/airflow/dags/5_taskflow_api/taskflowoo.py
[2023-08-09T03:44:36.838+0000] {processor.py:826} INFO - Processing file /opt/airflow/dags/5_taskflow_api/taskflowoo.py for tasks to queue
[2023-08-09T03:44:36.839+0000] {logging_mixin.py:150} INFO - [2023-08-09T03:44:36.838+0000] {dagbag.py:541} INFO - Filling up the DagBag from /opt/airflow/dags/5_taskflow_api/taskflowoo.py
[2023-08-09T03:44:36.864+0000] {processor.py:836} INFO - DAG(s) dict_keys(['taskfloww_dag']) retrieved from /opt/airflow/dags/5_taskflow_api/taskflowoo.py
[2023-08-09T03:44:36.880+0000] {logging_mixin.py:150} INFO - [2023-08-09T03:44:36.880+0000] {dag.py:2742} INFO - Sync 1 DAGs
[2023-08-09T03:44:36.899+0000] {logging_mixin.py:150} INFO - [2023-08-09T03:44:36.899+0000] {dag.py:3508} INFO - Setting next_dagrun for taskfloww_dag to 2023-08-08T00:00:00+00:00, run_after=2023-08-09T00:00:00+00:00
[2023-08-09T03:44:36.915+0000] {processor.py:179} INFO - Processing /opt/airflow/dags/5_taskflow_api/taskflowoo.py took 0.083 seconds
[2023-08-09T03:45:02.354+0000] {processor.py:157} INFO - Started process (PID=7723) to work on /opt/airflow/dags/5_taskflow_api/taskflowoo.py
[2023-08-09T03:45:02.356+0000] {processor.py:826} INFO - Processing file /opt/airflow/dags/5_taskflow_api/taskflowoo.py for tasks to queue
[2023-08-09T03:45:02.357+0000] {logging_mixin.py:150} INFO - [2023-08-09T03:45:02.357+0000] {dagbag.py:541} INFO - Filling up the DagBag from /opt/airflow/dags/5_taskflow_api/taskflowoo.py
[2023-08-09T03:45:02.371+0000] {logging_mixin.py:150} INFO - [2023-08-09T03:45:02.369+0000] {dagbag.py:350} ERROR - Failed to import: /opt/airflow/dags/5_taskflow_api/taskflowoo.py
Traceback (most recent call last):
  File "/home/airflow/.local/lib/python3.7/site-packages/airflow/models/dagbag.py", line 346, in parse
    loader.exec_module(new_module)
  File "<frozen importlib._bootstrap_external>", line 728, in exec_module
  File "<frozen importlib._bootstrap>", line 219, in _call_with_frames_removed
  File "/opt/airflow/dags/5_taskflow_api/taskflowoo.py", line 53, in <module>
    dag_instance = taskfloww_dag()
NameError: name 'taskfloww_dag' is not defined
[2023-08-09T03:45:02.373+0000] {processor.py:838} WARNING - No viable dags retrieved from /opt/airflow/dags/5_taskflow_api/taskflowoo.py
[2023-08-09T03:45:02.394+0000] {processor.py:179} INFO - Processing /opt/airflow/dags/5_taskflow_api/taskflowoo.py took 0.044 seconds
[2023-08-09T03:45:04.437+0000] {processor.py:157} INFO - Started process (PID=7724) to work on /opt/airflow/dags/5_taskflow_api/taskflowoo.py
[2023-08-09T03:45:04.438+0000] {processor.py:826} INFO - Processing file /opt/airflow/dags/5_taskflow_api/taskflowoo.py for tasks to queue
[2023-08-09T03:45:04.439+0000] {logging_mixin.py:150} INFO - [2023-08-09T03:45:04.439+0000] {dagbag.py:541} INFO - Filling up the DagBag from /opt/airflow/dags/5_taskflow_api/taskflowoo.py
[2023-08-09T03:45:04.450+0000] {processor.py:838} WARNING - No viable dags retrieved from /opt/airflow/dags/5_taskflow_api/taskflowoo.py
[2023-08-09T03:45:04.466+0000] {processor.py:179} INFO - Processing /opt/airflow/dags/5_taskflow_api/taskflowoo.py took 0.032 seconds
[2023-08-09T03:45:28.042+0000] {processor.py:157} INFO - Started process (PID=7739) to work on /opt/airflow/dags/5_taskflow_api/taskflowoo.py
[2023-08-09T03:45:28.043+0000] {processor.py:826} INFO - Processing file /opt/airflow/dags/5_taskflow_api/taskflowoo.py for tasks to queue
[2023-08-09T03:45:28.045+0000] {logging_mixin.py:150} INFO - [2023-08-09T03:45:28.044+0000] {dagbag.py:541} INFO - Filling up the DagBag from /opt/airflow/dags/5_taskflow_api/taskflowoo.py
[2023-08-09T03:45:28.063+0000] {processor.py:836} INFO - DAG(s) dict_keys(['taskfloww_dag']) retrieved from /opt/airflow/dags/5_taskflow_api/taskflowoo.py
[2023-08-09T03:45:28.152+0000] {logging_mixin.py:150} INFO - [2023-08-09T03:45:28.152+0000] {dag.py:2742} INFO - Sync 1 DAGs
[2023-08-09T03:45:28.169+0000] {logging_mixin.py:150} INFO - [2023-08-09T03:45:28.168+0000] {dag.py:3508} INFO - Setting next_dagrun for taskfloww_dag to 2023-08-08T00:00:00+00:00, run_after=2023-08-09T00:00:00+00:00
[2023-08-09T03:45:28.194+0000] {processor.py:179} INFO - Processing /opt/airflow/dags/5_taskflow_api/taskflowoo.py took 0.155 seconds
[2023-08-09T03:45:37.206+0000] {processor.py:157} INFO - Started process (PID=7740) to work on /opt/airflow/dags/5_taskflow_api/taskflowoo.py
[2023-08-09T03:45:37.208+0000] {processor.py:826} INFO - Processing file /opt/airflow/dags/5_taskflow_api/taskflowoo.py for tasks to queue
[2023-08-09T03:45:37.209+0000] {logging_mixin.py:150} INFO - [2023-08-09T03:45:37.209+0000] {dagbag.py:541} INFO - Filling up the DagBag from /opt/airflow/dags/5_taskflow_api/taskflowoo.py
[2023-08-09T03:45:37.227+0000] {processor.py:836} INFO - DAG(s) dict_keys(['taskfloww_dag']) retrieved from /opt/airflow/dags/5_taskflow_api/taskflowoo.py
[2023-08-09T03:45:37.244+0000] {logging_mixin.py:150} INFO - [2023-08-09T03:45:37.243+0000] {dag.py:2742} INFO - Sync 1 DAGs
[2023-08-09T03:45:37.265+0000] {logging_mixin.py:150} INFO - [2023-08-09T03:45:37.265+0000] {dag.py:3508} INFO - Setting next_dagrun for taskfloww_dag to 2023-08-08T00:00:00+00:00, run_after=2023-08-09T00:00:00+00:00
[2023-08-09T03:45:37.283+0000] {processor.py:179} INFO - Processing /opt/airflow/dags/5_taskflow_api/taskflowoo.py took 0.080 seconds
[2023-08-09T03:45:52.654+0000] {processor.py:157} INFO - Started process (PID=7750) to work on /opt/airflow/dags/5_taskflow_api/taskflowoo.py
[2023-08-09T03:45:52.655+0000] {processor.py:826} INFO - Processing file /opt/airflow/dags/5_taskflow_api/taskflowoo.py for tasks to queue
[2023-08-09T03:45:52.656+0000] {logging_mixin.py:150} INFO - [2023-08-09T03:45:52.656+0000] {dagbag.py:541} INFO - Filling up the DagBag from /opt/airflow/dags/5_taskflow_api/taskflowoo.py
[2023-08-09T03:45:52.673+0000] {processor.py:836} INFO - DAG(s) dict_keys(['taskfloww_dag']) retrieved from /opt/airflow/dags/5_taskflow_api/taskflowoo.py
[2023-08-09T03:45:52.685+0000] {logging_mixin.py:150} INFO - [2023-08-09T03:45:52.685+0000] {dag.py:2742} INFO - Sync 1 DAGs
[2023-08-09T03:45:52.703+0000] {logging_mixin.py:150} INFO - [2023-08-09T03:45:52.703+0000] {dag.py:3508} INFO - Setting next_dagrun for taskfloww_dag to 2023-08-08T00:00:00+00:00, run_after=2023-08-09T00:00:00+00:00
[2023-08-09T03:45:52.717+0000] {processor.py:179} INFO - Processing /opt/airflow/dags/5_taskflow_api/taskflowoo.py took 0.066 seconds
[2023-08-09T03:46:23.416+0000] {processor.py:157} INFO - Started process (PID=7765) to work on /opt/airflow/dags/5_taskflow_api/taskflowoo.py
[2023-08-09T03:46:23.417+0000] {processor.py:826} INFO - Processing file /opt/airflow/dags/5_taskflow_api/taskflowoo.py for tasks to queue
[2023-08-09T03:46:23.419+0000] {logging_mixin.py:150} INFO - [2023-08-09T03:46:23.418+0000] {dagbag.py:541} INFO - Filling up the DagBag from /opt/airflow/dags/5_taskflow_api/taskflowoo.py
[2023-08-09T03:46:23.432+0000] {processor.py:836} INFO - DAG(s) dict_keys(['taskfloww_dag']) retrieved from /opt/airflow/dags/5_taskflow_api/taskflowoo.py
[2023-08-09T03:46:23.513+0000] {logging_mixin.py:150} INFO - [2023-08-09T03:46:23.513+0000] {dag.py:2742} INFO - Sync 1 DAGs
[2023-08-09T03:46:23.528+0000] {logging_mixin.py:150} INFO - [2023-08-09T03:46:23.528+0000] {dag.py:3508} INFO - Setting next_dagrun for taskfloww_dag to 2023-08-08T00:00:00+00:00, run_after=2023-08-09T00:00:00+00:00
[2023-08-09T03:46:23.539+0000] {processor.py:179} INFO - Processing /opt/airflow/dags/5_taskflow_api/taskflowoo.py took 0.127 seconds
[2023-08-09T03:46:38.882+0000] {processor.py:157} INFO - Started process (PID=7771) to work on /opt/airflow/dags/5_taskflow_api/taskflowoo.py
[2023-08-09T03:46:38.884+0000] {processor.py:826} INFO - Processing file /opt/airflow/dags/5_taskflow_api/taskflowoo.py for tasks to queue
[2023-08-09T03:46:38.885+0000] {logging_mixin.py:150} INFO - [2023-08-09T03:46:38.885+0000] {dagbag.py:541} INFO - Filling up the DagBag from /opt/airflow/dags/5_taskflow_api/taskflowoo.py
[2023-08-09T03:46:38.905+0000] {processor.py:836} INFO - DAG(s) dict_keys(['taskflow_dag']) retrieved from /opt/airflow/dags/5_taskflow_api/taskflowoo.py
[2023-08-09T03:46:38.987+0000] {logging_mixin.py:150} INFO - [2023-08-09T03:46:38.987+0000] {dag.py:2742} INFO - Sync 1 DAGs
[2023-08-09T03:46:39.003+0000] {logging_mixin.py:150} INFO - [2023-08-09T03:46:39.003+0000] {dag.py:3508} INFO - Setting next_dagrun for taskflow_dag to 2023-08-08T00:00:00+00:00, run_after=2023-08-09T00:00:00+00:00
[2023-08-09T03:46:39.029+0000] {processor.py:179} INFO - Processing /opt/airflow/dags/5_taskflow_api/taskflowoo.py took 0.150 seconds
[2023-08-09T03:46:41.973+0000] {processor.py:157} INFO - Started process (PID=7772) to work on /opt/airflow/dags/5_taskflow_api/taskflowoo.py
[2023-08-09T03:46:41.974+0000] {processor.py:826} INFO - Processing file /opt/airflow/dags/5_taskflow_api/taskflowoo.py for tasks to queue
[2023-08-09T03:46:41.975+0000] {logging_mixin.py:150} INFO - [2023-08-09T03:46:41.975+0000] {dagbag.py:541} INFO - Filling up the DagBag from /opt/airflow/dags/5_taskflow_api/taskflowoo.py
[2023-08-09T03:46:41.997+0000] {processor.py:836} INFO - DAG(s) dict_keys(['taskflow_dag']) retrieved from /opt/airflow/dags/5_taskflow_api/taskflowoo.py
[2023-08-09T03:46:42.014+0000] {logging_mixin.py:150} INFO - [2023-08-09T03:46:42.014+0000] {dag.py:2742} INFO - Sync 1 DAGs
[2023-08-09T03:46:42.034+0000] {logging_mixin.py:150} INFO - [2023-08-09T03:46:42.034+0000] {dag.py:3508} INFO - Setting next_dagrun for taskflow_dag to 2023-08-08T00:00:00+00:00, run_after=2023-08-09T00:00:00+00:00
[2023-08-09T03:46:42.050+0000] {processor.py:179} INFO - Processing /opt/airflow/dags/5_taskflow_api/taskflowoo.py took 0.082 seconds
[2023-08-09T03:47:12.778+0000] {processor.py:157} INFO - Started process (PID=7801) to work on /opt/airflow/dags/5_taskflow_api/taskflowoo.py
[2023-08-09T03:47:12.781+0000] {processor.py:826} INFO - Processing file /opt/airflow/dags/5_taskflow_api/taskflowoo.py for tasks to queue
[2023-08-09T03:47:12.782+0000] {logging_mixin.py:150} INFO - [2023-08-09T03:47:12.782+0000] {dagbag.py:541} INFO - Filling up the DagBag from /opt/airflow/dags/5_taskflow_api/taskflowoo.py
[2023-08-09T03:47:12.799+0000] {processor.py:836} INFO - DAG(s) dict_keys(['taskflow_dag']) retrieved from /opt/airflow/dags/5_taskflow_api/taskflowoo.py
[2023-08-09T03:47:12.830+0000] {logging_mixin.py:150} INFO - [2023-08-09T03:47:12.830+0000] {dag.py:2742} INFO - Sync 1 DAGs
[2023-08-09T03:47:12.850+0000] {logging_mixin.py:150} INFO - [2023-08-09T03:47:12.850+0000] {dag.py:3508} INFO - Setting next_dagrun for taskflow_dag to 2023-08-09T00:00:00+00:00, run_after=2023-08-10T00:00:00+00:00
[2023-08-09T03:47:12.863+0000] {processor.py:179} INFO - Processing /opt/airflow/dags/5_taskflow_api/taskflowoo.py took 0.088 seconds
[2023-08-09T03:47:43.519+0000] {processor.py:157} INFO - Started process (PID=7816) to work on /opt/airflow/dags/5_taskflow_api/taskflowoo.py
[2023-08-09T03:47:43.520+0000] {processor.py:826} INFO - Processing file /opt/airflow/dags/5_taskflow_api/taskflowoo.py for tasks to queue
[2023-08-09T03:47:43.522+0000] {logging_mixin.py:150} INFO - [2023-08-09T03:47:43.521+0000] {dagbag.py:541} INFO - Filling up the DagBag from /opt/airflow/dags/5_taskflow_api/taskflowoo.py
[2023-08-09T03:47:43.536+0000] {processor.py:836} INFO - DAG(s) dict_keys(['taskflow_dag']) retrieved from /opt/airflow/dags/5_taskflow_api/taskflowoo.py
[2023-08-09T03:47:43.565+0000] {logging_mixin.py:150} INFO - [2023-08-09T03:47:43.565+0000] {dag.py:2742} INFO - Sync 1 DAGs
[2023-08-09T03:47:43.584+0000] {logging_mixin.py:150} INFO - [2023-08-09T03:47:43.584+0000] {dag.py:3508} INFO - Setting next_dagrun for taskflow_dag to 2023-08-09T00:00:00+00:00, run_after=2023-08-10T00:00:00+00:00
[2023-08-09T03:47:43.595+0000] {processor.py:179} INFO - Processing /opt/airflow/dags/5_taskflow_api/taskflowoo.py took 0.080 seconds
[2023-08-09T03:48:14.229+0000] {processor.py:157} INFO - Started process (PID=7831) to work on /opt/airflow/dags/5_taskflow_api/taskflowoo.py
[2023-08-09T03:48:14.231+0000] {processor.py:826} INFO - Processing file /opt/airflow/dags/5_taskflow_api/taskflowoo.py for tasks to queue
[2023-08-09T03:48:14.232+0000] {logging_mixin.py:150} INFO - [2023-08-09T03:48:14.232+0000] {dagbag.py:541} INFO - Filling up the DagBag from /opt/airflow/dags/5_taskflow_api/taskflowoo.py
[2023-08-09T03:48:14.245+0000] {processor.py:836} INFO - DAG(s) dict_keys(['taskflow_dag']) retrieved from /opt/airflow/dags/5_taskflow_api/taskflowoo.py
[2023-08-09T03:48:14.272+0000] {logging_mixin.py:150} INFO - [2023-08-09T03:48:14.272+0000] {dag.py:2742} INFO - Sync 1 DAGs
[2023-08-09T03:48:14.292+0000] {logging_mixin.py:150} INFO - [2023-08-09T03:48:14.292+0000] {dag.py:3508} INFO - Setting next_dagrun for taskflow_dag to 2023-08-09T00:00:00+00:00, run_after=2023-08-10T00:00:00+00:00
[2023-08-09T03:48:14.305+0000] {processor.py:179} INFO - Processing /opt/airflow/dags/5_taskflow_api/taskflowoo.py took 0.079 seconds
[2023-08-09T03:48:44.810+0000] {processor.py:157} INFO - Started process (PID=7846) to work on /opt/airflow/dags/5_taskflow_api/taskflowoo.py
[2023-08-09T03:48:44.813+0000] {processor.py:826} INFO - Processing file /opt/airflow/dags/5_taskflow_api/taskflowoo.py for tasks to queue
[2023-08-09T03:48:44.814+0000] {logging_mixin.py:150} INFO - [2023-08-09T03:48:44.814+0000] {dagbag.py:541} INFO - Filling up the DagBag from /opt/airflow/dags/5_taskflow_api/taskflowoo.py
[2023-08-09T03:48:44.829+0000] {processor.py:836} INFO - DAG(s) dict_keys(['taskflow_dag']) retrieved from /opt/airflow/dags/5_taskflow_api/taskflowoo.py
[2023-08-09T03:48:44.858+0000] {logging_mixin.py:150} INFO - [2023-08-09T03:48:44.858+0000] {dag.py:2742} INFO - Sync 1 DAGs
[2023-08-09T03:48:44.877+0000] {logging_mixin.py:150} INFO - [2023-08-09T03:48:44.877+0000] {dag.py:3508} INFO - Setting next_dagrun for taskflow_dag to 2023-08-09T00:00:00+00:00, run_after=2023-08-10T00:00:00+00:00
[2023-08-09T03:48:44.890+0000] {processor.py:179} INFO - Processing /opt/airflow/dags/5_taskflow_api/taskflowoo.py took 0.084 seconds
[2023-08-09T03:49:15.496+0000] {processor.py:157} INFO - Started process (PID=7861) to work on /opt/airflow/dags/5_taskflow_api/taskflowoo.py
[2023-08-09T03:49:15.497+0000] {processor.py:826} INFO - Processing file /opt/airflow/dags/5_taskflow_api/taskflowoo.py for tasks to queue
[2023-08-09T03:49:15.498+0000] {logging_mixin.py:150} INFO - [2023-08-09T03:49:15.498+0000] {dagbag.py:541} INFO - Filling up the DagBag from /opt/airflow/dags/5_taskflow_api/taskflowoo.py
[2023-08-09T03:49:15.509+0000] {processor.py:836} INFO - DAG(s) dict_keys(['taskflow_dag']) retrieved from /opt/airflow/dags/5_taskflow_api/taskflowoo.py
[2023-08-09T03:49:15.531+0000] {logging_mixin.py:150} INFO - [2023-08-09T03:49:15.531+0000] {dag.py:2742} INFO - Sync 1 DAGs
[2023-08-09T03:49:15.547+0000] {logging_mixin.py:150} INFO - [2023-08-09T03:49:15.547+0000] {dag.py:3508} INFO - Setting next_dagrun for taskflow_dag to 2023-08-09T00:00:00+00:00, run_after=2023-08-10T00:00:00+00:00
[2023-08-09T03:49:15.559+0000] {processor.py:179} INFO - Processing /opt/airflow/dags/5_taskflow_api/taskflowoo.py took 0.065 seconds
[2023-08-09T03:49:46.146+0000] {processor.py:157} INFO - Started process (PID=7876) to work on /opt/airflow/dags/5_taskflow_api/taskflowoo.py
[2023-08-09T03:49:46.148+0000] {processor.py:826} INFO - Processing file /opt/airflow/dags/5_taskflow_api/taskflowoo.py for tasks to queue
[2023-08-09T03:49:46.149+0000] {logging_mixin.py:150} INFO - [2023-08-09T03:49:46.149+0000] {dagbag.py:541} INFO - Filling up the DagBag from /opt/airflow/dags/5_taskflow_api/taskflowoo.py
[2023-08-09T03:49:46.168+0000] {processor.py:836} INFO - DAG(s) dict_keys(['taskflow_dag']) retrieved from /opt/airflow/dags/5_taskflow_api/taskflowoo.py
[2023-08-09T03:49:46.201+0000] {logging_mixin.py:150} INFO - [2023-08-09T03:49:46.201+0000] {dag.py:2742} INFO - Sync 1 DAGs
[2023-08-09T03:49:46.231+0000] {logging_mixin.py:150} INFO - [2023-08-09T03:49:46.231+0000] {dag.py:3508} INFO - Setting next_dagrun for taskflow_dag to 2023-08-09T00:00:00+00:00, run_after=2023-08-10T00:00:00+00:00
[2023-08-09T03:49:46.246+0000] {processor.py:179} INFO - Processing /opt/airflow/dags/5_taskflow_api/taskflowoo.py took 0.105 seconds
[2023-08-09T03:50:16.798+0000] {processor.py:157} INFO - Started process (PID=7898) to work on /opt/airflow/dags/5_taskflow_api/taskflowoo.py
[2023-08-09T03:50:16.800+0000] {processor.py:826} INFO - Processing file /opt/airflow/dags/5_taskflow_api/taskflowoo.py for tasks to queue
[2023-08-09T03:50:16.802+0000] {logging_mixin.py:150} INFO - [2023-08-09T03:50:16.801+0000] {dagbag.py:541} INFO - Filling up the DagBag from /opt/airflow/dags/5_taskflow_api/taskflowoo.py
[2023-08-09T03:50:16.826+0000] {processor.py:836} INFO - DAG(s) dict_keys(['taskflow_dag']) retrieved from /opt/airflow/dags/5_taskflow_api/taskflowoo.py
[2023-08-09T03:50:16.854+0000] {logging_mixin.py:150} INFO - [2023-08-09T03:50:16.854+0000] {dag.py:2742} INFO - Sync 1 DAGs
[2023-08-09T03:50:16.873+0000] {logging_mixin.py:150} INFO - [2023-08-09T03:50:16.873+0000] {dag.py:3508} INFO - Setting next_dagrun for taskflow_dag to 2023-08-09T00:00:00+00:00, run_after=2023-08-10T00:00:00+00:00
[2023-08-09T03:50:16.885+0000] {processor.py:179} INFO - Processing /opt/airflow/dags/5_taskflow_api/taskflowoo.py took 0.091 seconds
[2023-08-09T03:50:47.450+0000] {processor.py:157} INFO - Started process (PID=7913) to work on /opt/airflow/dags/5_taskflow_api/taskflowoo.py
[2023-08-09T03:50:47.451+0000] {processor.py:826} INFO - Processing file /opt/airflow/dags/5_taskflow_api/taskflowoo.py for tasks to queue
[2023-08-09T03:50:47.452+0000] {logging_mixin.py:150} INFO - [2023-08-09T03:50:47.452+0000] {dagbag.py:541} INFO - Filling up the DagBag from /opt/airflow/dags/5_taskflow_api/taskflowoo.py
[2023-08-09T03:50:47.465+0000] {processor.py:836} INFO - DAG(s) dict_keys(['taskflow_dag']) retrieved from /opt/airflow/dags/5_taskflow_api/taskflowoo.py
[2023-08-09T03:50:47.495+0000] {logging_mixin.py:150} INFO - [2023-08-09T03:50:47.494+0000] {dag.py:2742} INFO - Sync 1 DAGs
[2023-08-09T03:50:47.517+0000] {logging_mixin.py:150} INFO - [2023-08-09T03:50:47.516+0000] {dag.py:3508} INFO - Setting next_dagrun for taskflow_dag to 2023-08-09T00:00:00+00:00, run_after=2023-08-10T00:00:00+00:00
[2023-08-09T03:50:47.531+0000] {processor.py:179} INFO - Processing /opt/airflow/dags/5_taskflow_api/taskflowoo.py took 0.083 seconds
[2023-08-09T03:51:18.113+0000] {processor.py:157} INFO - Started process (PID=7928) to work on /opt/airflow/dags/5_taskflow_api/taskflowoo.py
[2023-08-09T03:51:18.115+0000] {processor.py:826} INFO - Processing file /opt/airflow/dags/5_taskflow_api/taskflowoo.py for tasks to queue
[2023-08-09T03:51:18.116+0000] {logging_mixin.py:150} INFO - [2023-08-09T03:51:18.116+0000] {dagbag.py:541} INFO - Filling up the DagBag from /opt/airflow/dags/5_taskflow_api/taskflowoo.py
[2023-08-09T03:51:18.126+0000] {processor.py:836} INFO - DAG(s) dict_keys(['taskflow_dag']) retrieved from /opt/airflow/dags/5_taskflow_api/taskflowoo.py
[2023-08-09T03:51:18.151+0000] {logging_mixin.py:150} INFO - [2023-08-09T03:51:18.151+0000] {dag.py:2742} INFO - Sync 1 DAGs
[2023-08-09T03:51:18.168+0000] {logging_mixin.py:150} INFO - [2023-08-09T03:51:18.168+0000] {dag.py:3508} INFO - Setting next_dagrun for taskflow_dag to 2023-08-09T00:00:00+00:00, run_after=2023-08-10T00:00:00+00:00
[2023-08-09T03:51:18.180+0000] {processor.py:179} INFO - Processing /opt/airflow/dags/5_taskflow_api/taskflowoo.py took 0.069 seconds
[2023-08-09T03:51:48.846+0000] {processor.py:157} INFO - Started process (PID=7943) to work on /opt/airflow/dags/5_taskflow_api/taskflowoo.py
[2023-08-09T03:51:48.848+0000] {processor.py:826} INFO - Processing file /opt/airflow/dags/5_taskflow_api/taskflowoo.py for tasks to queue
[2023-08-09T03:51:48.849+0000] {logging_mixin.py:150} INFO - [2023-08-09T03:51:48.849+0000] {dagbag.py:541} INFO - Filling up the DagBag from /opt/airflow/dags/5_taskflow_api/taskflowoo.py
[2023-08-09T03:51:48.863+0000] {processor.py:836} INFO - DAG(s) dict_keys(['taskflow_dag']) retrieved from /opt/airflow/dags/5_taskflow_api/taskflowoo.py
[2023-08-09T03:51:48.891+0000] {logging_mixin.py:150} INFO - [2023-08-09T03:51:48.890+0000] {dag.py:2742} INFO - Sync 1 DAGs
[2023-08-09T03:51:48.912+0000] {logging_mixin.py:150} INFO - [2023-08-09T03:51:48.912+0000] {dag.py:3508} INFO - Setting next_dagrun for taskflow_dag to 2023-08-09T00:00:00+00:00, run_after=2023-08-10T00:00:00+00:00
[2023-08-09T03:51:48.924+0000] {processor.py:179} INFO - Processing /opt/airflow/dags/5_taskflow_api/taskflowoo.py took 0.082 seconds
[2023-08-09T03:52:19.553+0000] {processor.py:157} INFO - Started process (PID=7958) to work on /opt/airflow/dags/5_taskflow_api/taskflowoo.py
[2023-08-09T03:52:19.554+0000] {processor.py:826} INFO - Processing file /opt/airflow/dags/5_taskflow_api/taskflowoo.py for tasks to queue
[2023-08-09T03:52:19.556+0000] {logging_mixin.py:150} INFO - [2023-08-09T03:52:19.555+0000] {dagbag.py:541} INFO - Filling up the DagBag from /opt/airflow/dags/5_taskflow_api/taskflowoo.py
[2023-08-09T03:52:19.571+0000] {processor.py:836} INFO - DAG(s) dict_keys(['taskflow_dag']) retrieved from /opt/airflow/dags/5_taskflow_api/taskflowoo.py
[2023-08-09T03:52:19.601+0000] {logging_mixin.py:150} INFO - [2023-08-09T03:52:19.601+0000] {dag.py:2742} INFO - Sync 1 DAGs
[2023-08-09T03:52:19.619+0000] {logging_mixin.py:150} INFO - [2023-08-09T03:52:19.619+0000] {dag.py:3508} INFO - Setting next_dagrun for taskflow_dag to 2023-08-09T00:00:00+00:00, run_after=2023-08-10T00:00:00+00:00
[2023-08-09T03:52:19.630+0000] {processor.py:179} INFO - Processing /opt/airflow/dags/5_taskflow_api/taskflowoo.py took 0.080 seconds
[2023-08-09T03:52:50.180+0000] {processor.py:157} INFO - Started process (PID=7973) to work on /opt/airflow/dags/5_taskflow_api/taskflowoo.py
[2023-08-09T03:52:50.182+0000] {processor.py:826} INFO - Processing file /opt/airflow/dags/5_taskflow_api/taskflowoo.py for tasks to queue
[2023-08-09T03:52:50.184+0000] {logging_mixin.py:150} INFO - [2023-08-09T03:52:50.183+0000] {dagbag.py:541} INFO - Filling up the DagBag from /opt/airflow/dags/5_taskflow_api/taskflowoo.py
[2023-08-09T03:52:50.200+0000] {processor.py:836} INFO - DAG(s) dict_keys(['taskflow_dag']) retrieved from /opt/airflow/dags/5_taskflow_api/taskflowoo.py
[2023-08-09T03:52:50.232+0000] {logging_mixin.py:150} INFO - [2023-08-09T03:52:50.232+0000] {dag.py:2742} INFO - Sync 1 DAGs
[2023-08-09T03:52:50.249+0000] {logging_mixin.py:150} INFO - [2023-08-09T03:52:50.249+0000] {dag.py:3508} INFO - Setting next_dagrun for taskflow_dag to 2023-08-09T00:00:00+00:00, run_after=2023-08-10T00:00:00+00:00
[2023-08-09T03:52:50.261+0000] {processor.py:179} INFO - Processing /opt/airflow/dags/5_taskflow_api/taskflowoo.py took 0.086 seconds
[2023-08-09T03:53:20.842+0000] {processor.py:157} INFO - Started process (PID=7988) to work on /opt/airflow/dags/5_taskflow_api/taskflowoo.py
[2023-08-09T03:53:20.844+0000] {processor.py:826} INFO - Processing file /opt/airflow/dags/5_taskflow_api/taskflowoo.py for tasks to queue
[2023-08-09T03:53:20.845+0000] {logging_mixin.py:150} INFO - [2023-08-09T03:53:20.845+0000] {dagbag.py:541} INFO - Filling up the DagBag from /opt/airflow/dags/5_taskflow_api/taskflowoo.py
[2023-08-09T03:53:20.863+0000] {processor.py:836} INFO - DAG(s) dict_keys(['taskflow_dag']) retrieved from /opt/airflow/dags/5_taskflow_api/taskflowoo.py
[2023-08-09T03:53:20.892+0000] {logging_mixin.py:150} INFO - [2023-08-09T03:53:20.892+0000] {dag.py:2742} INFO - Sync 1 DAGs
[2023-08-09T03:53:20.911+0000] {logging_mixin.py:150} INFO - [2023-08-09T03:53:20.910+0000] {dag.py:3508} INFO - Setting next_dagrun for taskflow_dag to 2023-08-09T00:00:00+00:00, run_after=2023-08-10T00:00:00+00:00
[2023-08-09T03:53:20.922+0000] {processor.py:179} INFO - Processing /opt/airflow/dags/5_taskflow_api/taskflowoo.py took 0.084 seconds
[2023-08-09T03:53:51.470+0000] {processor.py:157} INFO - Started process (PID=8003) to work on /opt/airflow/dags/5_taskflow_api/taskflowoo.py
[2023-08-09T03:53:51.471+0000] {processor.py:826} INFO - Processing file /opt/airflow/dags/5_taskflow_api/taskflowoo.py for tasks to queue
[2023-08-09T03:53:51.473+0000] {logging_mixin.py:150} INFO - [2023-08-09T03:53:51.472+0000] {dagbag.py:541} INFO - Filling up the DagBag from /opt/airflow/dags/5_taskflow_api/taskflowoo.py
[2023-08-09T03:53:51.488+0000] {processor.py:836} INFO - DAG(s) dict_keys(['taskflow_dag']) retrieved from /opt/airflow/dags/5_taskflow_api/taskflowoo.py
[2023-08-09T03:53:51.517+0000] {logging_mixin.py:150} INFO - [2023-08-09T03:53:51.517+0000] {dag.py:2742} INFO - Sync 1 DAGs
[2023-08-09T03:53:51.534+0000] {logging_mixin.py:150} INFO - [2023-08-09T03:53:51.534+0000] {dag.py:3508} INFO - Setting next_dagrun for taskflow_dag to 2023-08-09T00:00:00+00:00, run_after=2023-08-10T00:00:00+00:00
[2023-08-09T03:53:51.546+0000] {processor.py:179} INFO - Processing /opt/airflow/dags/5_taskflow_api/taskflowoo.py took 0.080 seconds
[2023-08-09T03:54:22.245+0000] {processor.py:157} INFO - Started process (PID=8018) to work on /opt/airflow/dags/5_taskflow_api/taskflowoo.py
[2023-08-09T03:54:22.246+0000] {processor.py:826} INFO - Processing file /opt/airflow/dags/5_taskflow_api/taskflowoo.py for tasks to queue
[2023-08-09T03:54:22.247+0000] {logging_mixin.py:150} INFO - [2023-08-09T03:54:22.247+0000] {dagbag.py:541} INFO - Filling up the DagBag from /opt/airflow/dags/5_taskflow_api/taskflowoo.py
[2023-08-09T03:54:22.260+0000] {processor.py:836} INFO - DAG(s) dict_keys(['taskflow_dag']) retrieved from /opt/airflow/dags/5_taskflow_api/taskflowoo.py
[2023-08-09T03:54:22.288+0000] {logging_mixin.py:150} INFO - [2023-08-09T03:54:22.287+0000] {dag.py:2742} INFO - Sync 1 DAGs
[2023-08-09T03:54:22.305+0000] {logging_mixin.py:150} INFO - [2023-08-09T03:54:22.305+0000] {dag.py:3508} INFO - Setting next_dagrun for taskflow_dag to 2023-08-09T00:00:00+00:00, run_after=2023-08-10T00:00:00+00:00
[2023-08-09T03:54:22.316+0000] {processor.py:179} INFO - Processing /opt/airflow/dags/5_taskflow_api/taskflowoo.py took 0.073 seconds
[2023-08-09T03:54:52.871+0000] {processor.py:157} INFO - Started process (PID=8033) to work on /opt/airflow/dags/5_taskflow_api/taskflowoo.py
[2023-08-09T03:54:52.873+0000] {processor.py:826} INFO - Processing file /opt/airflow/dags/5_taskflow_api/taskflowoo.py for tasks to queue
[2023-08-09T03:54:52.874+0000] {logging_mixin.py:150} INFO - [2023-08-09T03:54:52.874+0000] {dagbag.py:541} INFO - Filling up the DagBag from /opt/airflow/dags/5_taskflow_api/taskflowoo.py
[2023-08-09T03:54:52.891+0000] {processor.py:836} INFO - DAG(s) dict_keys(['taskflow_dag']) retrieved from /opt/airflow/dags/5_taskflow_api/taskflowoo.py
[2023-08-09T03:54:52.926+0000] {logging_mixin.py:150} INFO - [2023-08-09T03:54:52.926+0000] {dag.py:2742} INFO - Sync 1 DAGs
[2023-08-09T03:54:52.950+0000] {logging_mixin.py:150} INFO - [2023-08-09T03:54:52.950+0000] {dag.py:3508} INFO - Setting next_dagrun for taskflow_dag to 2023-08-09T00:00:00+00:00, run_after=2023-08-10T00:00:00+00:00
[2023-08-09T03:54:52.963+0000] {processor.py:179} INFO - Processing /opt/airflow/dags/5_taskflow_api/taskflowoo.py took 0.097 seconds
[2023-08-09T03:55:23.451+0000] {processor.py:157} INFO - Started process (PID=8048) to work on /opt/airflow/dags/5_taskflow_api/taskflowoo.py
[2023-08-09T03:55:23.453+0000] {processor.py:826} INFO - Processing file /opt/airflow/dags/5_taskflow_api/taskflowoo.py for tasks to queue
[2023-08-09T03:55:23.454+0000] {logging_mixin.py:150} INFO - [2023-08-09T03:55:23.454+0000] {dagbag.py:541} INFO - Filling up the DagBag from /opt/airflow/dags/5_taskflow_api/taskflowoo.py
[2023-08-09T03:55:23.467+0000] {processor.py:836} INFO - DAG(s) dict_keys(['taskflow_dag']) retrieved from /opt/airflow/dags/5_taskflow_api/taskflowoo.py
[2023-08-09T03:55:23.494+0000] {logging_mixin.py:150} INFO - [2023-08-09T03:55:23.494+0000] {dag.py:2742} INFO - Sync 1 DAGs
[2023-08-09T03:55:23.511+0000] {logging_mixin.py:150} INFO - [2023-08-09T03:55:23.510+0000] {dag.py:3508} INFO - Setting next_dagrun for taskflow_dag to 2023-08-09T00:00:00+00:00, run_after=2023-08-10T00:00:00+00:00
[2023-08-09T03:55:23.522+0000] {processor.py:179} INFO - Processing /opt/airflow/dags/5_taskflow_api/taskflowoo.py took 0.074 seconds
[2023-08-09T03:55:54.127+0000] {processor.py:157} INFO - Started process (PID=8063) to work on /opt/airflow/dags/5_taskflow_api/taskflowoo.py
[2023-08-09T03:55:54.129+0000] {processor.py:826} INFO - Processing file /opt/airflow/dags/5_taskflow_api/taskflowoo.py for tasks to queue
[2023-08-09T03:55:54.130+0000] {logging_mixin.py:150} INFO - [2023-08-09T03:55:54.130+0000] {dagbag.py:541} INFO - Filling up the DagBag from /opt/airflow/dags/5_taskflow_api/taskflowoo.py
[2023-08-09T03:55:54.148+0000] {processor.py:836} INFO - DAG(s) dict_keys(['taskflow_dag']) retrieved from /opt/airflow/dags/5_taskflow_api/taskflowoo.py
[2023-08-09T03:55:54.179+0000] {logging_mixin.py:150} INFO - [2023-08-09T03:55:54.179+0000] {dag.py:2742} INFO - Sync 1 DAGs
[2023-08-09T03:55:54.197+0000] {logging_mixin.py:150} INFO - [2023-08-09T03:55:54.197+0000] {dag.py:3508} INFO - Setting next_dagrun for taskflow_dag to 2023-08-09T00:00:00+00:00, run_after=2023-08-10T00:00:00+00:00
[2023-08-09T03:55:54.209+0000] {processor.py:179} INFO - Processing /opt/airflow/dags/5_taskflow_api/taskflowoo.py took 0.085 seconds
[2023-08-09T03:56:24.728+0000] {processor.py:157} INFO - Started process (PID=8078) to work on /opt/airflow/dags/5_taskflow_api/taskflowoo.py
[2023-08-09T03:56:24.730+0000] {processor.py:826} INFO - Processing file /opt/airflow/dags/5_taskflow_api/taskflowoo.py for tasks to queue
[2023-08-09T03:56:24.731+0000] {logging_mixin.py:150} INFO - [2023-08-09T03:56:24.731+0000] {dagbag.py:541} INFO - Filling up the DagBag from /opt/airflow/dags/5_taskflow_api/taskflowoo.py
[2023-08-09T03:56:24.745+0000] {processor.py:836} INFO - DAG(s) dict_keys(['taskflow_dag']) retrieved from /opt/airflow/dags/5_taskflow_api/taskflowoo.py
[2023-08-09T03:56:24.772+0000] {logging_mixin.py:150} INFO - [2023-08-09T03:56:24.772+0000] {dag.py:2742} INFO - Sync 1 DAGs
[2023-08-09T03:56:24.789+0000] {logging_mixin.py:150} INFO - [2023-08-09T03:56:24.789+0000] {dag.py:3508} INFO - Setting next_dagrun for taskflow_dag to 2023-08-09T00:00:00+00:00, run_after=2023-08-10T00:00:00+00:00
[2023-08-09T03:56:24.801+0000] {processor.py:179} INFO - Processing /opt/airflow/dags/5_taskflow_api/taskflowoo.py took 0.076 seconds
[2023-08-09T03:56:55.377+0000] {processor.py:157} INFO - Started process (PID=8093) to work on /opt/airflow/dags/5_taskflow_api/taskflowoo.py
[2023-08-09T03:56:55.379+0000] {processor.py:826} INFO - Processing file /opt/airflow/dags/5_taskflow_api/taskflowoo.py for tasks to queue
[2023-08-09T03:56:55.381+0000] {logging_mixin.py:150} INFO - [2023-08-09T03:56:55.380+0000] {dagbag.py:541} INFO - Filling up the DagBag from /opt/airflow/dags/5_taskflow_api/taskflowoo.py
[2023-08-09T03:56:55.397+0000] {processor.py:836} INFO - DAG(s) dict_keys(['taskflow_dag']) retrieved from /opt/airflow/dags/5_taskflow_api/taskflowoo.py
[2023-08-09T03:56:55.425+0000] {logging_mixin.py:150} INFO - [2023-08-09T03:56:55.425+0000] {dag.py:2742} INFO - Sync 1 DAGs
[2023-08-09T03:56:55.442+0000] {logging_mixin.py:150} INFO - [2023-08-09T03:56:55.442+0000] {dag.py:3508} INFO - Setting next_dagrun for taskflow_dag to 2023-08-09T00:00:00+00:00, run_after=2023-08-10T00:00:00+00:00
[2023-08-09T03:56:55.453+0000] {processor.py:179} INFO - Processing /opt/airflow/dags/5_taskflow_api/taskflowoo.py took 0.082 seconds
[2023-08-09T03:57:26.056+0000] {processor.py:157} INFO - Started process (PID=8108) to work on /opt/airflow/dags/5_taskflow_api/taskflowoo.py
[2023-08-09T03:57:26.058+0000] {processor.py:826} INFO - Processing file /opt/airflow/dags/5_taskflow_api/taskflowoo.py for tasks to queue
[2023-08-09T03:57:26.059+0000] {logging_mixin.py:150} INFO - [2023-08-09T03:57:26.059+0000] {dagbag.py:541} INFO - Filling up the DagBag from /opt/airflow/dags/5_taskflow_api/taskflowoo.py
[2023-08-09T03:57:26.073+0000] {processor.py:836} INFO - DAG(s) dict_keys(['taskflow_dag']) retrieved from /opt/airflow/dags/5_taskflow_api/taskflowoo.py
[2023-08-09T03:57:26.099+0000] {logging_mixin.py:150} INFO - [2023-08-09T03:57:26.099+0000] {dag.py:2742} INFO - Sync 1 DAGs
[2023-08-09T03:57:26.116+0000] {logging_mixin.py:150} INFO - [2023-08-09T03:57:26.116+0000] {dag.py:3508} INFO - Setting next_dagrun for taskflow_dag to 2023-08-09T00:00:00+00:00, run_after=2023-08-10T00:00:00+00:00
[2023-08-09T03:57:26.128+0000] {processor.py:179} INFO - Processing /opt/airflow/dags/5_taskflow_api/taskflowoo.py took 0.075 seconds
[2023-08-09T03:57:56.696+0000] {processor.py:157} INFO - Started process (PID=8123) to work on /opt/airflow/dags/5_taskflow_api/taskflowoo.py
[2023-08-09T03:57:56.697+0000] {processor.py:826} INFO - Processing file /opt/airflow/dags/5_taskflow_api/taskflowoo.py for tasks to queue
[2023-08-09T03:57:56.699+0000] {logging_mixin.py:150} INFO - [2023-08-09T03:57:56.698+0000] {dagbag.py:541} INFO - Filling up the DagBag from /opt/airflow/dags/5_taskflow_api/taskflowoo.py
[2023-08-09T03:57:56.716+0000] {processor.py:836} INFO - DAG(s) dict_keys(['taskflow_dag']) retrieved from /opt/airflow/dags/5_taskflow_api/taskflowoo.py
[2023-08-09T03:57:56.746+0000] {logging_mixin.py:150} INFO - [2023-08-09T03:57:56.746+0000] {dag.py:2742} INFO - Sync 1 DAGs
[2023-08-09T03:57:56.764+0000] {logging_mixin.py:150} INFO - [2023-08-09T03:57:56.764+0000] {dag.py:3508} INFO - Setting next_dagrun for taskflow_dag to 2023-08-09T00:00:00+00:00, run_after=2023-08-10T00:00:00+00:00
[2023-08-09T03:57:56.776+0000] {processor.py:179} INFO - Processing /opt/airflow/dags/5_taskflow_api/taskflowoo.py took 0.084 seconds
[2023-08-09T03:58:27.444+0000] {processor.py:157} INFO - Started process (PID=8138) to work on /opt/airflow/dags/5_taskflow_api/taskflowoo.py
[2023-08-09T03:58:27.446+0000] {processor.py:826} INFO - Processing file /opt/airflow/dags/5_taskflow_api/taskflowoo.py for tasks to queue
[2023-08-09T03:58:27.447+0000] {logging_mixin.py:150} INFO - [2023-08-09T03:58:27.446+0000] {dagbag.py:541} INFO - Filling up the DagBag from /opt/airflow/dags/5_taskflow_api/taskflowoo.py
[2023-08-09T03:58:27.460+0000] {processor.py:836} INFO - DAG(s) dict_keys(['taskflow_dag']) retrieved from /opt/airflow/dags/5_taskflow_api/taskflowoo.py
[2023-08-09T03:58:27.488+0000] {logging_mixin.py:150} INFO - [2023-08-09T03:58:27.488+0000] {dag.py:2742} INFO - Sync 1 DAGs
[2023-08-09T03:58:27.505+0000] {logging_mixin.py:150} INFO - [2023-08-09T03:58:27.505+0000] {dag.py:3508} INFO - Setting next_dagrun for taskflow_dag to 2023-08-09T00:00:00+00:00, run_after=2023-08-10T00:00:00+00:00
[2023-08-09T03:58:27.519+0000] {processor.py:179} INFO - Processing /opt/airflow/dags/5_taskflow_api/taskflowoo.py took 0.079 seconds
[2023-08-09T03:58:58.059+0000] {processor.py:157} INFO - Started process (PID=8153) to work on /opt/airflow/dags/5_taskflow_api/taskflowoo.py
[2023-08-09T03:58:58.061+0000] {processor.py:826} INFO - Processing file /opt/airflow/dags/5_taskflow_api/taskflowoo.py for tasks to queue
[2023-08-09T03:58:58.062+0000] {logging_mixin.py:150} INFO - [2023-08-09T03:58:58.062+0000] {dagbag.py:541} INFO - Filling up the DagBag from /opt/airflow/dags/5_taskflow_api/taskflowoo.py
[2023-08-09T03:58:58.074+0000] {processor.py:836} INFO - DAG(s) dict_keys(['taskflow_dag']) retrieved from /opt/airflow/dags/5_taskflow_api/taskflowoo.py
[2023-08-09T03:58:58.101+0000] {logging_mixin.py:150} INFO - [2023-08-09T03:58:58.101+0000] {dag.py:2742} INFO - Sync 1 DAGs
[2023-08-09T03:58:58.119+0000] {logging_mixin.py:150} INFO - [2023-08-09T03:58:58.119+0000] {dag.py:3508} INFO - Setting next_dagrun for taskflow_dag to 2023-08-09T00:00:00+00:00, run_after=2023-08-10T00:00:00+00:00
[2023-08-09T03:58:58.132+0000] {processor.py:179} INFO - Processing /opt/airflow/dags/5_taskflow_api/taskflowoo.py took 0.076 seconds
[2023-08-09T03:59:28.867+0000] {processor.py:157} INFO - Started process (PID=8168) to work on /opt/airflow/dags/5_taskflow_api/taskflowoo.py
[2023-08-09T03:59:28.869+0000] {processor.py:826} INFO - Processing file /opt/airflow/dags/5_taskflow_api/taskflowoo.py for tasks to queue
[2023-08-09T03:59:28.870+0000] {logging_mixin.py:150} INFO - [2023-08-09T03:59:28.870+0000] {dagbag.py:541} INFO - Filling up the DagBag from /opt/airflow/dags/5_taskflow_api/taskflowoo.py
[2023-08-09T03:59:28.885+0000] {processor.py:836} INFO - DAG(s) dict_keys(['taskflow_dag']) retrieved from /opt/airflow/dags/5_taskflow_api/taskflowoo.py
[2023-08-09T03:59:28.914+0000] {logging_mixin.py:150} INFO - [2023-08-09T03:59:28.914+0000] {dag.py:2742} INFO - Sync 1 DAGs
[2023-08-09T03:59:28.932+0000] {logging_mixin.py:150} INFO - [2023-08-09T03:59:28.932+0000] {dag.py:3508} INFO - Setting next_dagrun for taskflow_dag to 2023-08-09T00:00:00+00:00, run_after=2023-08-10T00:00:00+00:00
[2023-08-09T03:59:28.944+0000] {processor.py:179} INFO - Processing /opt/airflow/dags/5_taskflow_api/taskflowoo.py took 0.080 seconds
[2023-08-09T03:59:59.486+0000] {processor.py:157} INFO - Started process (PID=8183) to work on /opt/airflow/dags/5_taskflow_api/taskflowoo.py
[2023-08-09T03:59:59.489+0000] {processor.py:826} INFO - Processing file /opt/airflow/dags/5_taskflow_api/taskflowoo.py for tasks to queue
[2023-08-09T03:59:59.490+0000] {logging_mixin.py:150} INFO - [2023-08-09T03:59:59.490+0000] {dagbag.py:541} INFO - Filling up the DagBag from /opt/airflow/dags/5_taskflow_api/taskflowoo.py
[2023-08-09T03:59:59.511+0000] {processor.py:836} INFO - DAG(s) dict_keys(['taskflow_dag']) retrieved from /opt/airflow/dags/5_taskflow_api/taskflowoo.py
[2023-08-09T03:59:59.543+0000] {logging_mixin.py:150} INFO - [2023-08-09T03:59:59.543+0000] {dag.py:2742} INFO - Sync 1 DAGs
[2023-08-09T03:59:59.562+0000] {logging_mixin.py:150} INFO - [2023-08-09T03:59:59.562+0000] {dag.py:3508} INFO - Setting next_dagrun for taskflow_dag to 2023-08-09T00:00:00+00:00, run_after=2023-08-10T00:00:00+00:00
[2023-08-09T03:59:59.575+0000] {processor.py:179} INFO - Processing /opt/airflow/dags/5_taskflow_api/taskflowoo.py took 0.093 seconds
[2023-08-09T04:00:30.219+0000] {processor.py:157} INFO - Started process (PID=8198) to work on /opt/airflow/dags/5_taskflow_api/taskflowoo.py
[2023-08-09T04:00:30.222+0000] {processor.py:826} INFO - Processing file /opt/airflow/dags/5_taskflow_api/taskflowoo.py for tasks to queue
[2023-08-09T04:00:30.223+0000] {logging_mixin.py:150} INFO - [2023-08-09T04:00:30.222+0000] {dagbag.py:541} INFO - Filling up the DagBag from /opt/airflow/dags/5_taskflow_api/taskflowoo.py
[2023-08-09T04:00:30.237+0000] {processor.py:836} INFO - DAG(s) dict_keys(['taskflow_dag']) retrieved from /opt/airflow/dags/5_taskflow_api/taskflowoo.py
[2023-08-09T04:00:30.264+0000] {logging_mixin.py:150} INFO - [2023-08-09T04:00:30.264+0000] {dag.py:2742} INFO - Sync 1 DAGs
[2023-08-09T04:00:30.281+0000] {logging_mixin.py:150} INFO - [2023-08-09T04:00:30.281+0000] {dag.py:3508} INFO - Setting next_dagrun for taskflow_dag to 2023-08-09T00:00:00+00:00, run_after=2023-08-10T00:00:00+00:00
[2023-08-09T04:00:30.292+0000] {processor.py:179} INFO - Processing /opt/airflow/dags/5_taskflow_api/taskflowoo.py took 0.076 seconds
[2023-08-09T04:01:00.847+0000] {processor.py:157} INFO - Started process (PID=8213) to work on /opt/airflow/dags/5_taskflow_api/taskflowoo.py
[2023-08-09T04:01:00.848+0000] {processor.py:826} INFO - Processing file /opt/airflow/dags/5_taskflow_api/taskflowoo.py for tasks to queue
[2023-08-09T04:01:00.849+0000] {logging_mixin.py:150} INFO - [2023-08-09T04:01:00.849+0000] {dagbag.py:541} INFO - Filling up the DagBag from /opt/airflow/dags/5_taskflow_api/taskflowoo.py
[2023-08-09T04:01:00.861+0000] {processor.py:836} INFO - DAG(s) dict_keys(['taskflow_dag']) retrieved from /opt/airflow/dags/5_taskflow_api/taskflowoo.py
[2023-08-09T04:01:00.890+0000] {logging_mixin.py:150} INFO - [2023-08-09T04:01:00.890+0000] {dag.py:2742} INFO - Sync 1 DAGs
[2023-08-09T04:01:00.906+0000] {logging_mixin.py:150} INFO - [2023-08-09T04:01:00.906+0000] {dag.py:3508} INFO - Setting next_dagrun for taskflow_dag to 2023-08-09T00:00:00+00:00, run_after=2023-08-10T00:00:00+00:00
[2023-08-09T04:01:00.918+0000] {processor.py:179} INFO - Processing /opt/airflow/dags/5_taskflow_api/taskflowoo.py took 0.074 seconds
[2023-08-09T04:01:31.445+0000] {processor.py:157} INFO - Started process (PID=8228) to work on /opt/airflow/dags/5_taskflow_api/taskflowoo.py
[2023-08-09T04:01:31.447+0000] {processor.py:826} INFO - Processing file /opt/airflow/dags/5_taskflow_api/taskflowoo.py for tasks to queue
[2023-08-09T04:01:31.448+0000] {logging_mixin.py:150} INFO - [2023-08-09T04:01:31.448+0000] {dagbag.py:541} INFO - Filling up the DagBag from /opt/airflow/dags/5_taskflow_api/taskflowoo.py
[2023-08-09T04:01:31.461+0000] {processor.py:836} INFO - DAG(s) dict_keys(['taskflow_dag']) retrieved from /opt/airflow/dags/5_taskflow_api/taskflowoo.py
[2023-08-09T04:01:31.488+0000] {logging_mixin.py:150} INFO - [2023-08-09T04:01:31.488+0000] {dag.py:2742} INFO - Sync 1 DAGs
[2023-08-09T04:01:31.505+0000] {logging_mixin.py:150} INFO - [2023-08-09T04:01:31.505+0000] {dag.py:3508} INFO - Setting next_dagrun for taskflow_dag to 2023-08-09T00:00:00+00:00, run_after=2023-08-10T00:00:00+00:00
[2023-08-09T04:01:31.516+0000] {processor.py:179} INFO - Processing /opt/airflow/dags/5_taskflow_api/taskflowoo.py took 0.074 seconds
[2023-08-09T04:02:02.090+0000] {processor.py:157} INFO - Started process (PID=8243) to work on /opt/airflow/dags/5_taskflow_api/taskflowoo.py
[2023-08-09T04:02:02.092+0000] {processor.py:826} INFO - Processing file /opt/airflow/dags/5_taskflow_api/taskflowoo.py for tasks to queue
[2023-08-09T04:02:02.093+0000] {logging_mixin.py:150} INFO - [2023-08-09T04:02:02.093+0000] {dagbag.py:541} INFO - Filling up the DagBag from /opt/airflow/dags/5_taskflow_api/taskflowoo.py
[2023-08-09T04:02:02.106+0000] {processor.py:836} INFO - DAG(s) dict_keys(['taskflow_dag']) retrieved from /opt/airflow/dags/5_taskflow_api/taskflowoo.py
[2023-08-09T04:02:02.134+0000] {logging_mixin.py:150} INFO - [2023-08-09T04:02:02.134+0000] {dag.py:2742} INFO - Sync 1 DAGs
[2023-08-09T04:02:02.151+0000] {logging_mixin.py:150} INFO - [2023-08-09T04:02:02.151+0000] {dag.py:3508} INFO - Setting next_dagrun for taskflow_dag to 2023-08-09T00:00:00+00:00, run_after=2023-08-10T00:00:00+00:00
[2023-08-09T04:02:02.162+0000] {processor.py:179} INFO - Processing /opt/airflow/dags/5_taskflow_api/taskflowoo.py took 0.075 seconds
[2023-08-09T04:02:32.762+0000] {processor.py:157} INFO - Started process (PID=8258) to work on /opt/airflow/dags/5_taskflow_api/taskflowoo.py
[2023-08-09T04:02:32.765+0000] {processor.py:826} INFO - Processing file /opt/airflow/dags/5_taskflow_api/taskflowoo.py for tasks to queue
[2023-08-09T04:02:32.766+0000] {logging_mixin.py:150} INFO - [2023-08-09T04:02:32.766+0000] {dagbag.py:541} INFO - Filling up the DagBag from /opt/airflow/dags/5_taskflow_api/taskflowoo.py
[2023-08-09T04:02:32.784+0000] {processor.py:836} INFO - DAG(s) dict_keys(['taskflow_dag']) retrieved from /opt/airflow/dags/5_taskflow_api/taskflowoo.py
[2023-08-09T04:02:32.814+0000] {logging_mixin.py:150} INFO - [2023-08-09T04:02:32.814+0000] {dag.py:2742} INFO - Sync 1 DAGs
[2023-08-09T04:02:32.832+0000] {logging_mixin.py:150} INFO - [2023-08-09T04:02:32.832+0000] {dag.py:3508} INFO - Setting next_dagrun for taskflow_dag to 2023-08-09T00:00:00+00:00, run_after=2023-08-10T00:00:00+00:00
[2023-08-09T04:02:32.844+0000] {processor.py:179} INFO - Processing /opt/airflow/dags/5_taskflow_api/taskflowoo.py took 0.087 seconds
[2023-08-09T04:03:03.373+0000] {processor.py:157} INFO - Started process (PID=8273) to work on /opt/airflow/dags/5_taskflow_api/taskflowoo.py
[2023-08-09T04:03:03.376+0000] {processor.py:826} INFO - Processing file /opt/airflow/dags/5_taskflow_api/taskflowoo.py for tasks to queue
[2023-08-09T04:03:03.377+0000] {logging_mixin.py:150} INFO - [2023-08-09T04:03:03.377+0000] {dagbag.py:541} INFO - Filling up the DagBag from /opt/airflow/dags/5_taskflow_api/taskflowoo.py
[2023-08-09T04:03:03.395+0000] {processor.py:836} INFO - DAG(s) dict_keys(['taskflow_dag']) retrieved from /opt/airflow/dags/5_taskflow_api/taskflowoo.py
[2023-08-09T04:03:03.425+0000] {logging_mixin.py:150} INFO - [2023-08-09T04:03:03.425+0000] {dag.py:2742} INFO - Sync 1 DAGs
[2023-08-09T04:03:03.443+0000] {logging_mixin.py:150} INFO - [2023-08-09T04:03:03.443+0000] {dag.py:3508} INFO - Setting next_dagrun for taskflow_dag to 2023-08-09T00:00:00+00:00, run_after=2023-08-10T00:00:00+00:00
[2023-08-09T04:03:03.455+0000] {processor.py:179} INFO - Processing /opt/airflow/dags/5_taskflow_api/taskflowoo.py took 0.086 seconds
[2023-08-09T04:03:34.078+0000] {processor.py:157} INFO - Started process (PID=8289) to work on /opt/airflow/dags/5_taskflow_api/taskflowoo.py
[2023-08-09T04:03:34.081+0000] {processor.py:826} INFO - Processing file /opt/airflow/dags/5_taskflow_api/taskflowoo.py for tasks to queue
[2023-08-09T04:03:34.082+0000] {logging_mixin.py:150} INFO - [2023-08-09T04:03:34.082+0000] {dagbag.py:541} INFO - Filling up the DagBag from /opt/airflow/dags/5_taskflow_api/taskflowoo.py
[2023-08-09T04:03:34.097+0000] {processor.py:836} INFO - DAG(s) dict_keys(['taskflow_dag']) retrieved from /opt/airflow/dags/5_taskflow_api/taskflowoo.py
[2023-08-09T04:03:34.125+0000] {logging_mixin.py:150} INFO - [2023-08-09T04:03:34.125+0000] {dag.py:2742} INFO - Sync 1 DAGs
[2023-08-09T04:03:34.142+0000] {logging_mixin.py:150} INFO - [2023-08-09T04:03:34.142+0000] {dag.py:3508} INFO - Setting next_dagrun for taskflow_dag to 2023-08-09T00:00:00+00:00, run_after=2023-08-10T00:00:00+00:00
[2023-08-09T04:03:34.153+0000] {processor.py:179} INFO - Processing /opt/airflow/dags/5_taskflow_api/taskflowoo.py took 0.078 seconds
[2023-08-09T04:04:04.662+0000] {processor.py:157} INFO - Started process (PID=8304) to work on /opt/airflow/dags/5_taskflow_api/taskflowoo.py
[2023-08-09T04:04:04.664+0000] {processor.py:826} INFO - Processing file /opt/airflow/dags/5_taskflow_api/taskflowoo.py for tasks to queue
[2023-08-09T04:04:04.665+0000] {logging_mixin.py:150} INFO - [2023-08-09T04:04:04.665+0000] {dagbag.py:541} INFO - Filling up the DagBag from /opt/airflow/dags/5_taskflow_api/taskflowoo.py
[2023-08-09T04:04:04.680+0000] {processor.py:836} INFO - DAG(s) dict_keys(['taskflow_dag']) retrieved from /opt/airflow/dags/5_taskflow_api/taskflowoo.py
[2023-08-09T04:04:04.706+0000] {logging_mixin.py:150} INFO - [2023-08-09T04:04:04.706+0000] {dag.py:2742} INFO - Sync 1 DAGs
[2023-08-09T04:04:04.723+0000] {logging_mixin.py:150} INFO - [2023-08-09T04:04:04.722+0000] {dag.py:3508} INFO - Setting next_dagrun for taskflow_dag to 2023-08-09T00:00:00+00:00, run_after=2023-08-10T00:00:00+00:00
[2023-08-09T04:04:04.734+0000] {processor.py:179} INFO - Processing /opt/airflow/dags/5_taskflow_api/taskflowoo.py took 0.075 seconds
[2023-08-09T04:04:35.351+0000] {processor.py:157} INFO - Started process (PID=8319) to work on /opt/airflow/dags/5_taskflow_api/taskflowoo.py
[2023-08-09T04:04:35.353+0000] {processor.py:826} INFO - Processing file /opt/airflow/dags/5_taskflow_api/taskflowoo.py for tasks to queue
[2023-08-09T04:04:35.354+0000] {logging_mixin.py:150} INFO - [2023-08-09T04:04:35.354+0000] {dagbag.py:541} INFO - Filling up the DagBag from /opt/airflow/dags/5_taskflow_api/taskflowoo.py
[2023-08-09T04:04:35.368+0000] {processor.py:836} INFO - DAG(s) dict_keys(['taskflow_dag']) retrieved from /opt/airflow/dags/5_taskflow_api/taskflowoo.py
[2023-08-09T04:04:35.396+0000] {logging_mixin.py:150} INFO - [2023-08-09T04:04:35.396+0000] {dag.py:2742} INFO - Sync 1 DAGs
[2023-08-09T04:04:35.413+0000] {logging_mixin.py:150} INFO - [2023-08-09T04:04:35.413+0000] {dag.py:3508} INFO - Setting next_dagrun for taskflow_dag to 2023-08-09T00:00:00+00:00, run_after=2023-08-10T00:00:00+00:00
[2023-08-09T04:04:35.425+0000] {processor.py:179} INFO - Processing /opt/airflow/dags/5_taskflow_api/taskflowoo.py took 0.078 seconds
[2023-08-09T04:05:06.082+0000] {processor.py:157} INFO - Started process (PID=8334) to work on /opt/airflow/dags/5_taskflow_api/taskflowoo.py
[2023-08-09T04:05:06.083+0000] {processor.py:826} INFO - Processing file /opt/airflow/dags/5_taskflow_api/taskflowoo.py for tasks to queue
[2023-08-09T04:05:06.084+0000] {logging_mixin.py:150} INFO - [2023-08-09T04:05:06.084+0000] {dagbag.py:541} INFO - Filling up the DagBag from /opt/airflow/dags/5_taskflow_api/taskflowoo.py
[2023-08-09T04:05:06.096+0000] {processor.py:836} INFO - DAG(s) dict_keys(['taskflow_dag']) retrieved from /opt/airflow/dags/5_taskflow_api/taskflowoo.py
[2023-08-09T04:05:06.119+0000] {logging_mixin.py:150} INFO - [2023-08-09T04:05:06.119+0000] {dag.py:2742} INFO - Sync 1 DAGs
[2023-08-09T04:05:06.137+0000] {logging_mixin.py:150} INFO - [2023-08-09T04:05:06.137+0000] {dag.py:3508} INFO - Setting next_dagrun for taskflow_dag to 2023-08-09T00:00:00+00:00, run_after=2023-08-10T00:00:00+00:00
[2023-08-09T04:05:06.147+0000] {processor.py:179} INFO - Processing /opt/airflow/dags/5_taskflow_api/taskflowoo.py took 0.068 seconds
[2023-08-09T04:05:36.717+0000] {processor.py:157} INFO - Started process (PID=8349) to work on /opt/airflow/dags/5_taskflow_api/taskflowoo.py
[2023-08-09T04:05:36.719+0000] {processor.py:826} INFO - Processing file /opt/airflow/dags/5_taskflow_api/taskflowoo.py for tasks to queue
[2023-08-09T04:05:36.720+0000] {logging_mixin.py:150} INFO - [2023-08-09T04:05:36.720+0000] {dagbag.py:541} INFO - Filling up the DagBag from /opt/airflow/dags/5_taskflow_api/taskflowoo.py
[2023-08-09T04:05:36.738+0000] {processor.py:836} INFO - DAG(s) dict_keys(['taskflow_dag']) retrieved from /opt/airflow/dags/5_taskflow_api/taskflowoo.py
[2023-08-09T04:05:36.769+0000] {logging_mixin.py:150} INFO - [2023-08-09T04:05:36.769+0000] {dag.py:2742} INFO - Sync 1 DAGs
[2023-08-09T04:05:36.788+0000] {logging_mixin.py:150} INFO - [2023-08-09T04:05:36.788+0000] {dag.py:3508} INFO - Setting next_dagrun for taskflow_dag to 2023-08-09T00:00:00+00:00, run_after=2023-08-10T00:00:00+00:00
[2023-08-09T04:05:36.801+0000] {processor.py:179} INFO - Processing /opt/airflow/dags/5_taskflow_api/taskflowoo.py took 0.087 seconds
[2023-08-09T04:06:07.194+0000] {processor.py:157} INFO - Started process (PID=8364) to work on /opt/airflow/dags/5_taskflow_api/taskflowoo.py
[2023-08-09T04:06:07.195+0000] {processor.py:826} INFO - Processing file /opt/airflow/dags/5_taskflow_api/taskflowoo.py for tasks to queue
[2023-08-09T04:06:07.196+0000] {logging_mixin.py:150} INFO - [2023-08-09T04:06:07.196+0000] {dagbag.py:541} INFO - Filling up the DagBag from /opt/airflow/dags/5_taskflow_api/taskflowoo.py
[2023-08-09T04:06:07.209+0000] {processor.py:836} INFO - DAG(s) dict_keys(['taskflow_dag']) retrieved from /opt/airflow/dags/5_taskflow_api/taskflowoo.py
[2023-08-09T04:06:07.237+0000] {logging_mixin.py:150} INFO - [2023-08-09T04:06:07.237+0000] {dag.py:2742} INFO - Sync 1 DAGs
[2023-08-09T04:06:07.256+0000] {logging_mixin.py:150} INFO - [2023-08-09T04:06:07.256+0000] {dag.py:3508} INFO - Setting next_dagrun for taskflow_dag to 2023-08-09T00:00:00+00:00, run_after=2023-08-10T00:00:00+00:00
[2023-08-09T04:06:07.269+0000] {processor.py:179} INFO - Processing /opt/airflow/dags/5_taskflow_api/taskflowoo.py took 0.079 seconds
[2023-08-09T04:06:37.896+0000] {processor.py:157} INFO - Started process (PID=8379) to work on /opt/airflow/dags/5_taskflow_api/taskflowoo.py
[2023-08-09T04:06:37.898+0000] {processor.py:826} INFO - Processing file /opt/airflow/dags/5_taskflow_api/taskflowoo.py for tasks to queue
[2023-08-09T04:06:37.900+0000] {logging_mixin.py:150} INFO - [2023-08-09T04:06:37.899+0000] {dagbag.py:541} INFO - Filling up the DagBag from /opt/airflow/dags/5_taskflow_api/taskflowoo.py
[2023-08-09T04:06:37.914+0000] {processor.py:836} INFO - DAG(s) dict_keys(['taskflow_dag']) retrieved from /opt/airflow/dags/5_taskflow_api/taskflowoo.py
[2023-08-09T04:06:37.943+0000] {logging_mixin.py:150} INFO - [2023-08-09T04:06:37.942+0000] {dag.py:2742} INFO - Sync 1 DAGs
[2023-08-09T04:06:37.960+0000] {logging_mixin.py:150} INFO - [2023-08-09T04:06:37.960+0000] {dag.py:3508} INFO - Setting next_dagrun for taskflow_dag to 2023-08-09T00:00:00+00:00, run_after=2023-08-10T00:00:00+00:00
[2023-08-09T04:06:37.972+0000] {processor.py:179} INFO - Processing /opt/airflow/dags/5_taskflow_api/taskflowoo.py took 0.079 seconds
[2023-08-09T04:07:08.503+0000] {processor.py:157} INFO - Started process (PID=8394) to work on /opt/airflow/dags/5_taskflow_api/taskflowoo.py
[2023-08-09T04:07:08.505+0000] {processor.py:826} INFO - Processing file /opt/airflow/dags/5_taskflow_api/taskflowoo.py for tasks to queue
[2023-08-09T04:07:08.506+0000] {logging_mixin.py:150} INFO - [2023-08-09T04:07:08.505+0000] {dagbag.py:541} INFO - Filling up the DagBag from /opt/airflow/dags/5_taskflow_api/taskflowoo.py
[2023-08-09T04:07:08.519+0000] {processor.py:836} INFO - DAG(s) dict_keys(['taskflow_dag']) retrieved from /opt/airflow/dags/5_taskflow_api/taskflowoo.py
[2023-08-09T04:07:08.546+0000] {logging_mixin.py:150} INFO - [2023-08-09T04:07:08.546+0000] {dag.py:2742} INFO - Sync 1 DAGs
[2023-08-09T04:07:08.563+0000] {logging_mixin.py:150} INFO - [2023-08-09T04:07:08.563+0000] {dag.py:3508} INFO - Setting next_dagrun for taskflow_dag to 2023-08-09T00:00:00+00:00, run_after=2023-08-10T00:00:00+00:00
[2023-08-09T04:07:08.573+0000] {processor.py:179} INFO - Processing /opt/airflow/dags/5_taskflow_api/taskflowoo.py took 0.073 seconds
[2023-08-09T04:07:39.173+0000] {processor.py:157} INFO - Started process (PID=8409) to work on /opt/airflow/dags/5_taskflow_api/taskflowoo.py
[2023-08-09T04:07:39.174+0000] {processor.py:826} INFO - Processing file /opt/airflow/dags/5_taskflow_api/taskflowoo.py for tasks to queue
[2023-08-09T04:07:39.176+0000] {logging_mixin.py:150} INFO - [2023-08-09T04:07:39.175+0000] {dagbag.py:541} INFO - Filling up the DagBag from /opt/airflow/dags/5_taskflow_api/taskflowoo.py
[2023-08-09T04:07:39.190+0000] {processor.py:836} INFO - DAG(s) dict_keys(['taskflow_dag']) retrieved from /opt/airflow/dags/5_taskflow_api/taskflowoo.py
[2023-08-09T04:07:39.217+0000] {logging_mixin.py:150} INFO - [2023-08-09T04:07:39.217+0000] {dag.py:2742} INFO - Sync 1 DAGs
[2023-08-09T04:07:39.234+0000] {logging_mixin.py:150} INFO - [2023-08-09T04:07:39.234+0000] {dag.py:3508} INFO - Setting next_dagrun for taskflow_dag to 2023-08-09T00:00:00+00:00, run_after=2023-08-10T00:00:00+00:00
[2023-08-09T04:07:39.246+0000] {processor.py:179} INFO - Processing /opt/airflow/dags/5_taskflow_api/taskflowoo.py took 0.076 seconds
[2023-08-09T04:08:09.773+0000] {processor.py:157} INFO - Started process (PID=8424) to work on /opt/airflow/dags/5_taskflow_api/taskflowoo.py
[2023-08-09T04:08:09.775+0000] {processor.py:826} INFO - Processing file /opt/airflow/dags/5_taskflow_api/taskflowoo.py for tasks to queue
[2023-08-09T04:08:09.777+0000] {logging_mixin.py:150} INFO - [2023-08-09T04:08:09.776+0000] {dagbag.py:541} INFO - Filling up the DagBag from /opt/airflow/dags/5_taskflow_api/taskflowoo.py
[2023-08-09T04:08:09.793+0000] {processor.py:836} INFO - DAG(s) dict_keys(['taskflow_dag']) retrieved from /opt/airflow/dags/5_taskflow_api/taskflowoo.py
[2023-08-09T04:08:09.823+0000] {logging_mixin.py:150} INFO - [2023-08-09T04:08:09.823+0000] {dag.py:2742} INFO - Sync 1 DAGs
[2023-08-09T04:08:09.842+0000] {logging_mixin.py:150} INFO - [2023-08-09T04:08:09.842+0000] {dag.py:3508} INFO - Setting next_dagrun for taskflow_dag to 2023-08-09T00:00:00+00:00, run_after=2023-08-10T00:00:00+00:00
[2023-08-09T04:08:09.853+0000] {processor.py:179} INFO - Processing /opt/airflow/dags/5_taskflow_api/taskflowoo.py took 0.084 seconds
[2023-08-09T04:08:40.398+0000] {processor.py:157} INFO - Started process (PID=8439) to work on /opt/airflow/dags/5_taskflow_api/taskflowoo.py
[2023-08-09T04:08:40.400+0000] {processor.py:826} INFO - Processing file /opt/airflow/dags/5_taskflow_api/taskflowoo.py for tasks to queue
[2023-08-09T04:08:40.401+0000] {logging_mixin.py:150} INFO - [2023-08-09T04:08:40.401+0000] {dagbag.py:541} INFO - Filling up the DagBag from /opt/airflow/dags/5_taskflow_api/taskflowoo.py
[2023-08-09T04:08:40.415+0000] {processor.py:836} INFO - DAG(s) dict_keys(['taskflow_dag']) retrieved from /opt/airflow/dags/5_taskflow_api/taskflowoo.py
[2023-08-09T04:08:40.443+0000] {logging_mixin.py:150} INFO - [2023-08-09T04:08:40.443+0000] {dag.py:2742} INFO - Sync 1 DAGs
[2023-08-09T04:08:40.461+0000] {logging_mixin.py:150} INFO - [2023-08-09T04:08:40.461+0000] {dag.py:3508} INFO - Setting next_dagrun for taskflow_dag to 2023-08-09T00:00:00+00:00, run_after=2023-08-10T00:00:00+00:00
[2023-08-09T04:08:40.472+0000] {processor.py:179} INFO - Processing /opt/airflow/dags/5_taskflow_api/taskflowoo.py took 0.078 seconds
[2023-08-09T04:09:11.148+0000] {processor.py:157} INFO - Started process (PID=8454) to work on /opt/airflow/dags/5_taskflow_api/taskflowoo.py
[2023-08-09T04:09:11.151+0000] {processor.py:826} INFO - Processing file /opt/airflow/dags/5_taskflow_api/taskflowoo.py for tasks to queue
[2023-08-09T04:09:11.152+0000] {logging_mixin.py:150} INFO - [2023-08-09T04:09:11.152+0000] {dagbag.py:541} INFO - Filling up the DagBag from /opt/airflow/dags/5_taskflow_api/taskflowoo.py
[2023-08-09T04:09:11.169+0000] {processor.py:836} INFO - DAG(s) dict_keys(['taskflow_dag']) retrieved from /opt/airflow/dags/5_taskflow_api/taskflowoo.py
[2023-08-09T04:09:11.204+0000] {logging_mixin.py:150} INFO - [2023-08-09T04:09:11.204+0000] {dag.py:2742} INFO - Sync 1 DAGs
[2023-08-09T04:09:11.226+0000] {logging_mixin.py:150} INFO - [2023-08-09T04:09:11.226+0000] {dag.py:3508} INFO - Setting next_dagrun for taskflow_dag to 2023-08-09T00:00:00+00:00, run_after=2023-08-10T00:00:00+00:00
[2023-08-09T04:09:11.238+0000] {processor.py:179} INFO - Processing /opt/airflow/dags/5_taskflow_api/taskflowoo.py took 0.093 seconds
[2023-08-09T04:09:41.874+0000] {processor.py:157} INFO - Started process (PID=8469) to work on /opt/airflow/dags/5_taskflow_api/taskflowoo.py
[2023-08-09T04:09:41.877+0000] {processor.py:826} INFO - Processing file /opt/airflow/dags/5_taskflow_api/taskflowoo.py for tasks to queue
[2023-08-09T04:09:41.878+0000] {logging_mixin.py:150} INFO - [2023-08-09T04:09:41.877+0000] {dagbag.py:541} INFO - Filling up the DagBag from /opt/airflow/dags/5_taskflow_api/taskflowoo.py
[2023-08-09T04:09:41.891+0000] {processor.py:836} INFO - DAG(s) dict_keys(['taskflow_dag']) retrieved from /opt/airflow/dags/5_taskflow_api/taskflowoo.py
[2023-08-09T04:09:41.918+0000] {logging_mixin.py:150} INFO - [2023-08-09T04:09:41.918+0000] {dag.py:2742} INFO - Sync 1 DAGs
[2023-08-09T04:09:41.934+0000] {logging_mixin.py:150} INFO - [2023-08-09T04:09:41.934+0000] {dag.py:3508} INFO - Setting next_dagrun for taskflow_dag to 2023-08-09T00:00:00+00:00, run_after=2023-08-10T00:00:00+00:00
[2023-08-09T04:09:41.945+0000] {processor.py:179} INFO - Processing /opt/airflow/dags/5_taskflow_api/taskflowoo.py took 0.074 seconds
[2023-08-09T04:10:12.590+0000] {processor.py:157} INFO - Started process (PID=8484) to work on /opt/airflow/dags/5_taskflow_api/taskflowoo.py
[2023-08-09T04:10:12.592+0000] {processor.py:826} INFO - Processing file /opt/airflow/dags/5_taskflow_api/taskflowoo.py for tasks to queue
[2023-08-09T04:10:12.593+0000] {logging_mixin.py:150} INFO - [2023-08-09T04:10:12.592+0000] {dagbag.py:541} INFO - Filling up the DagBag from /opt/airflow/dags/5_taskflow_api/taskflowoo.py
[2023-08-09T04:10:12.606+0000] {processor.py:836} INFO - DAG(s) dict_keys(['taskflow_dag']) retrieved from /opt/airflow/dags/5_taskflow_api/taskflowoo.py
[2023-08-09T04:10:12.633+0000] {logging_mixin.py:150} INFO - [2023-08-09T04:10:12.633+0000] {dag.py:2742} INFO - Sync 1 DAGs
[2023-08-09T04:10:12.650+0000] {logging_mixin.py:150} INFO - [2023-08-09T04:10:12.650+0000] {dag.py:3508} INFO - Setting next_dagrun for taskflow_dag to 2023-08-09T00:00:00+00:00, run_after=2023-08-10T00:00:00+00:00
[2023-08-09T04:10:12.660+0000] {processor.py:179} INFO - Processing /opt/airflow/dags/5_taskflow_api/taskflowoo.py took 0.073 seconds
[2023-08-09T04:10:43.222+0000] {processor.py:157} INFO - Started process (PID=8499) to work on /opt/airflow/dags/5_taskflow_api/taskflowoo.py
[2023-08-09T04:10:43.223+0000] {processor.py:826} INFO - Processing file /opt/airflow/dags/5_taskflow_api/taskflowoo.py for tasks to queue
[2023-08-09T04:10:43.224+0000] {logging_mixin.py:150} INFO - [2023-08-09T04:10:43.224+0000] {dagbag.py:541} INFO - Filling up the DagBag from /opt/airflow/dags/5_taskflow_api/taskflowoo.py
[2023-08-09T04:10:43.238+0000] {processor.py:836} INFO - DAG(s) dict_keys(['taskflow_dag']) retrieved from /opt/airflow/dags/5_taskflow_api/taskflowoo.py
[2023-08-09T04:10:43.264+0000] {logging_mixin.py:150} INFO - [2023-08-09T04:10:43.264+0000] {dag.py:2742} INFO - Sync 1 DAGs
[2023-08-09T04:10:43.282+0000] {logging_mixin.py:150} INFO - [2023-08-09T04:10:43.281+0000] {dag.py:3508} INFO - Setting next_dagrun for taskflow_dag to 2023-08-09T00:00:00+00:00, run_after=2023-08-10T00:00:00+00:00
[2023-08-09T04:10:43.293+0000] {processor.py:179} INFO - Processing /opt/airflow/dags/5_taskflow_api/taskflowoo.py took 0.075 seconds
[2023-08-09T04:11:13.797+0000] {processor.py:157} INFO - Started process (PID=8514) to work on /opt/airflow/dags/5_taskflow_api/taskflowoo.py
[2023-08-09T04:11:13.799+0000] {processor.py:826} INFO - Processing file /opt/airflow/dags/5_taskflow_api/taskflowoo.py for tasks to queue
[2023-08-09T04:11:13.800+0000] {logging_mixin.py:150} INFO - [2023-08-09T04:11:13.800+0000] {dagbag.py:541} INFO - Filling up the DagBag from /opt/airflow/dags/5_taskflow_api/taskflowoo.py
[2023-08-09T04:11:13.813+0000] {processor.py:836} INFO - DAG(s) dict_keys(['taskflow_dag']) retrieved from /opt/airflow/dags/5_taskflow_api/taskflowoo.py
[2023-08-09T04:11:13.839+0000] {logging_mixin.py:150} INFO - [2023-08-09T04:11:13.839+0000] {dag.py:2742} INFO - Sync 1 DAGs
[2023-08-09T04:11:13.854+0000] {logging_mixin.py:150} INFO - [2023-08-09T04:11:13.854+0000] {dag.py:3508} INFO - Setting next_dagrun for taskflow_dag to 2023-08-09T00:00:00+00:00, run_after=2023-08-10T00:00:00+00:00
[2023-08-09T04:11:13.866+0000] {processor.py:179} INFO - Processing /opt/airflow/dags/5_taskflow_api/taskflowoo.py took 0.072 seconds
[2023-08-09T04:11:44.421+0000] {processor.py:157} INFO - Started process (PID=8528) to work on /opt/airflow/dags/5_taskflow_api/taskflowoo.py
[2023-08-09T04:11:44.423+0000] {processor.py:826} INFO - Processing file /opt/airflow/dags/5_taskflow_api/taskflowoo.py for tasks to queue
[2023-08-09T04:11:44.424+0000] {logging_mixin.py:150} INFO - [2023-08-09T04:11:44.424+0000] {dagbag.py:541} INFO - Filling up the DagBag from /opt/airflow/dags/5_taskflow_api/taskflowoo.py
[2023-08-09T04:11:44.439+0000] {processor.py:836} INFO - DAG(s) dict_keys(['taskflow_dag']) retrieved from /opt/airflow/dags/5_taskflow_api/taskflowoo.py
[2023-08-09T04:11:44.466+0000] {logging_mixin.py:150} INFO - [2023-08-09T04:11:44.466+0000] {dag.py:2742} INFO - Sync 1 DAGs
[2023-08-09T04:11:44.483+0000] {logging_mixin.py:150} INFO - [2023-08-09T04:11:44.483+0000] {dag.py:3508} INFO - Setting next_dagrun for taskflow_dag to 2023-08-09T00:00:00+00:00, run_after=2023-08-10T00:00:00+00:00
[2023-08-09T04:11:44.494+0000] {processor.py:179} INFO - Processing /opt/airflow/dags/5_taskflow_api/taskflowoo.py took 0.077 seconds
[2023-08-09T04:12:05.225+0000] {processor.py:157} INFO - Started process (PID=8544) to work on /opt/airflow/dags/5_taskflow_api/taskflowoo.py
[2023-08-09T04:12:05.227+0000] {processor.py:826} INFO - Processing file /opt/airflow/dags/5_taskflow_api/taskflowoo.py for tasks to queue
[2023-08-09T04:12:05.229+0000] {logging_mixin.py:150} INFO - [2023-08-09T04:12:05.228+0000] {dagbag.py:541} INFO - Filling up the DagBag from /opt/airflow/dags/5_taskflow_api/taskflowoo.py
[2023-08-09T04:12:05.248+0000] {processor.py:836} INFO - DAG(s) dict_keys(['taskflow_dag']) retrieved from /opt/airflow/dags/5_taskflow_api/taskflowoo.py
[2023-08-09T04:12:05.263+0000] {logging_mixin.py:150} INFO - [2023-08-09T04:12:05.263+0000] {dag.py:2742} INFO - Sync 1 DAGs
[2023-08-09T04:12:05.284+0000] {logging_mixin.py:150} INFO - [2023-08-09T04:12:05.284+0000] {dag.py:3508} INFO - Setting next_dagrun for taskflow_dag to 2023-08-09T00:00:00+00:00, run_after=2023-08-10T00:00:00+00:00
[2023-08-09T04:12:05.299+0000] {processor.py:179} INFO - Processing /opt/airflow/dags/5_taskflow_api/taskflowoo.py took 0.078 seconds
