[2023-08-09T03:29:14.839+0000] {processor.py:157} INFO - Started process (PID=7268) to work on /opt/airflow/dags/5_taskflow_api/taskflow copy.py
[2023-08-09T03:29:14.840+0000] {processor.py:826} INFO - Processing file /opt/airflow/dags/5_taskflow_api/taskflow copy.py for tasks to queue
[2023-08-09T03:29:14.841+0000] {logging_mixin.py:150} INFO - [2023-08-09T03:29:14.841+0000] {dagbag.py:541} INFO - Filling up the DagBag from /opt/airflow/dags/5_taskflow_api/taskflow copy.py
[2023-08-09T03:29:14.851+0000] {processor.py:838} WARNING - No viable dags retrieved from /opt/airflow/dags/5_taskflow_api/taskflow copy.py
[2023-08-09T03:29:14.865+0000] {processor.py:179} INFO - Processing /opt/airflow/dags/5_taskflow_api/taskflow copy.py took 0.028 seconds
[2023-08-09T03:29:45.387+0000] {processor.py:157} INFO - Started process (PID=7283) to work on /opt/airflow/dags/5_taskflow_api/taskflow copy.py
[2023-08-09T03:29:45.388+0000] {processor.py:826} INFO - Processing file /opt/airflow/dags/5_taskflow_api/taskflow copy.py for tasks to queue
[2023-08-09T03:29:45.390+0000] {logging_mixin.py:150} INFO - [2023-08-09T03:29:45.389+0000] {dagbag.py:541} INFO - Filling up the DagBag from /opt/airflow/dags/5_taskflow_api/taskflow copy.py
[2023-08-09T03:29:45.398+0000] {processor.py:838} WARNING - No viable dags retrieved from /opt/airflow/dags/5_taskflow_api/taskflow copy.py
[2023-08-09T03:29:45.413+0000] {processor.py:179} INFO - Processing /opt/airflow/dags/5_taskflow_api/taskflow copy.py took 0.030 seconds
[2023-08-09T03:30:15.927+0000] {processor.py:157} INFO - Started process (PID=7298) to work on /opt/airflow/dags/5_taskflow_api/taskflow copy.py
[2023-08-09T03:30:15.929+0000] {processor.py:826} INFO - Processing file /opt/airflow/dags/5_taskflow_api/taskflow copy.py for tasks to queue
[2023-08-09T03:30:15.930+0000] {logging_mixin.py:150} INFO - [2023-08-09T03:30:15.930+0000] {dagbag.py:541} INFO - Filling up the DagBag from /opt/airflow/dags/5_taskflow_api/taskflow copy.py
[2023-08-09T03:30:15.938+0000] {processor.py:838} WARNING - No viable dags retrieved from /opt/airflow/dags/5_taskflow_api/taskflow copy.py
[2023-08-09T03:30:15.954+0000] {processor.py:179} INFO - Processing /opt/airflow/dags/5_taskflow_api/taskflow copy.py took 0.031 seconds
[2023-08-09T03:30:46.425+0000] {processor.py:157} INFO - Started process (PID=7313) to work on /opt/airflow/dags/5_taskflow_api/taskflow copy.py
[2023-08-09T03:30:46.427+0000] {processor.py:826} INFO - Processing file /opt/airflow/dags/5_taskflow_api/taskflow copy.py for tasks to queue
[2023-08-09T03:30:46.428+0000] {logging_mixin.py:150} INFO - [2023-08-09T03:30:46.428+0000] {dagbag.py:541} INFO - Filling up the DagBag from /opt/airflow/dags/5_taskflow_api/taskflow copy.py
[2023-08-09T03:30:46.435+0000] {processor.py:838} WARNING - No viable dags retrieved from /opt/airflow/dags/5_taskflow_api/taskflow copy.py
[2023-08-09T03:30:46.449+0000] {processor.py:179} INFO - Processing /opt/airflow/dags/5_taskflow_api/taskflow copy.py took 0.027 seconds
[2023-08-09T03:31:16.964+0000] {processor.py:157} INFO - Started process (PID=7328) to work on /opt/airflow/dags/5_taskflow_api/taskflow copy.py
[2023-08-09T03:31:16.966+0000] {processor.py:826} INFO - Processing file /opt/airflow/dags/5_taskflow_api/taskflow copy.py for tasks to queue
[2023-08-09T03:31:16.967+0000] {logging_mixin.py:150} INFO - [2023-08-09T03:31:16.967+0000] {dagbag.py:541} INFO - Filling up the DagBag from /opt/airflow/dags/5_taskflow_api/taskflow copy.py
[2023-08-09T03:31:16.974+0000] {processor.py:838} WARNING - No viable dags retrieved from /opt/airflow/dags/5_taskflow_api/taskflow copy.py
[2023-08-09T03:31:16.988+0000] {processor.py:179} INFO - Processing /opt/airflow/dags/5_taskflow_api/taskflow copy.py took 0.027 seconds
[2023-08-09T03:31:47.403+0000] {processor.py:157} INFO - Started process (PID=7343) to work on /opt/airflow/dags/5_taskflow_api/taskflow copy.py
[2023-08-09T03:31:47.404+0000] {processor.py:826} INFO - Processing file /opt/airflow/dags/5_taskflow_api/taskflow copy.py for tasks to queue
[2023-08-09T03:31:47.405+0000] {logging_mixin.py:150} INFO - [2023-08-09T03:31:47.405+0000] {dagbag.py:541} INFO - Filling up the DagBag from /opt/airflow/dags/5_taskflow_api/taskflow copy.py
[2023-08-09T03:31:47.413+0000] {processor.py:838} WARNING - No viable dags retrieved from /opt/airflow/dags/5_taskflow_api/taskflow copy.py
[2023-08-09T03:31:47.429+0000] {processor.py:179} INFO - Processing /opt/airflow/dags/5_taskflow_api/taskflow copy.py took 0.030 seconds
[2023-08-09T03:32:17.837+0000] {processor.py:157} INFO - Started process (PID=7358) to work on /opt/airflow/dags/5_taskflow_api/taskflow copy.py
[2023-08-09T03:32:17.838+0000] {processor.py:826} INFO - Processing file /opt/airflow/dags/5_taskflow_api/taskflow copy.py for tasks to queue
[2023-08-09T03:32:17.839+0000] {logging_mixin.py:150} INFO - [2023-08-09T03:32:17.839+0000] {dagbag.py:541} INFO - Filling up the DagBag from /opt/airflow/dags/5_taskflow_api/taskflow copy.py
[2023-08-09T03:32:17.845+0000] {processor.py:838} WARNING - No viable dags retrieved from /opt/airflow/dags/5_taskflow_api/taskflow copy.py
[2023-08-09T03:32:17.860+0000] {processor.py:179} INFO - Processing /opt/airflow/dags/5_taskflow_api/taskflow copy.py took 0.026 seconds
[2023-08-09T03:32:48.284+0000] {processor.py:157} INFO - Started process (PID=7373) to work on /opt/airflow/dags/5_taskflow_api/taskflow copy.py
[2023-08-09T03:32:48.287+0000] {processor.py:826} INFO - Processing file /opt/airflow/dags/5_taskflow_api/taskflow copy.py for tasks to queue
[2023-08-09T03:32:48.288+0000] {logging_mixin.py:150} INFO - [2023-08-09T03:32:48.288+0000] {dagbag.py:541} INFO - Filling up the DagBag from /opt/airflow/dags/5_taskflow_api/taskflow copy.py
[2023-08-09T03:32:48.295+0000] {processor.py:838} WARNING - No viable dags retrieved from /opt/airflow/dags/5_taskflow_api/taskflow copy.py
[2023-08-09T03:32:48.311+0000] {processor.py:179} INFO - Processing /opt/airflow/dags/5_taskflow_api/taskflow copy.py took 0.031 seconds
[2023-08-09T03:33:18.783+0000] {processor.py:157} INFO - Started process (PID=7388) to work on /opt/airflow/dags/5_taskflow_api/taskflow copy.py
[2023-08-09T03:33:18.785+0000] {processor.py:826} INFO - Processing file /opt/airflow/dags/5_taskflow_api/taskflow copy.py for tasks to queue
[2023-08-09T03:33:18.787+0000] {logging_mixin.py:150} INFO - [2023-08-09T03:33:18.786+0000] {dagbag.py:541} INFO - Filling up the DagBag from /opt/airflow/dags/5_taskflow_api/taskflow copy.py
[2023-08-09T03:33:18.795+0000] {processor.py:838} WARNING - No viable dags retrieved from /opt/airflow/dags/5_taskflow_api/taskflow copy.py
[2023-08-09T03:33:18.810+0000] {processor.py:179} INFO - Processing /opt/airflow/dags/5_taskflow_api/taskflow copy.py took 0.031 seconds
[2023-08-09T03:33:49.444+0000] {processor.py:157} INFO - Started process (PID=7403) to work on /opt/airflow/dags/5_taskflow_api/taskflow copy.py
[2023-08-09T03:33:49.446+0000] {processor.py:826} INFO - Processing file /opt/airflow/dags/5_taskflow_api/taskflow copy.py for tasks to queue
[2023-08-09T03:33:49.448+0000] {logging_mixin.py:150} INFO - [2023-08-09T03:33:49.447+0000] {dagbag.py:541} INFO - Filling up the DagBag from /opt/airflow/dags/5_taskflow_api/taskflow copy.py
[2023-08-09T03:33:49.455+0000] {processor.py:838} WARNING - No viable dags retrieved from /opt/airflow/dags/5_taskflow_api/taskflow copy.py
[2023-08-09T03:33:49.472+0000] {processor.py:179} INFO - Processing /opt/airflow/dags/5_taskflow_api/taskflow copy.py took 0.032 seconds
[2023-08-09T03:34:20.102+0000] {processor.py:157} INFO - Started process (PID=7418) to work on /opt/airflow/dags/5_taskflow_api/taskflow copy.py
[2023-08-09T03:34:20.104+0000] {processor.py:826} INFO - Processing file /opt/airflow/dags/5_taskflow_api/taskflow copy.py for tasks to queue
[2023-08-09T03:34:20.105+0000] {logging_mixin.py:150} INFO - [2023-08-09T03:34:20.104+0000] {dagbag.py:541} INFO - Filling up the DagBag from /opt/airflow/dags/5_taskflow_api/taskflow copy.py
[2023-08-09T03:34:20.112+0000] {processor.py:838} WARNING - No viable dags retrieved from /opt/airflow/dags/5_taskflow_api/taskflow copy.py
[2023-08-09T03:34:20.128+0000] {processor.py:179} INFO - Processing /opt/airflow/dags/5_taskflow_api/taskflow copy.py took 0.030 seconds
[2023-08-09T03:34:50.722+0000] {processor.py:157} INFO - Started process (PID=7433) to work on /opt/airflow/dags/5_taskflow_api/taskflow copy.py
[2023-08-09T03:34:50.723+0000] {processor.py:826} INFO - Processing file /opt/airflow/dags/5_taskflow_api/taskflow copy.py for tasks to queue
[2023-08-09T03:34:50.725+0000] {logging_mixin.py:150} INFO - [2023-08-09T03:34:50.724+0000] {dagbag.py:541} INFO - Filling up the DagBag from /opt/airflow/dags/5_taskflow_api/taskflow copy.py
[2023-08-09T03:34:50.731+0000] {processor.py:838} WARNING - No viable dags retrieved from /opt/airflow/dags/5_taskflow_api/taskflow copy.py
[2023-08-09T03:34:50.747+0000] {processor.py:179} INFO - Processing /opt/airflow/dags/5_taskflow_api/taskflow copy.py took 0.029 seconds
[2023-08-09T03:35:21.294+0000] {processor.py:157} INFO - Started process (PID=7448) to work on /opt/airflow/dags/5_taskflow_api/taskflow copy.py
[2023-08-09T03:35:21.296+0000] {processor.py:826} INFO - Processing file /opt/airflow/dags/5_taskflow_api/taskflow copy.py for tasks to queue
[2023-08-09T03:35:21.297+0000] {logging_mixin.py:150} INFO - [2023-08-09T03:35:21.297+0000] {dagbag.py:541} INFO - Filling up the DagBag from /opt/airflow/dags/5_taskflow_api/taskflow copy.py
[2023-08-09T03:35:21.305+0000] {processor.py:838} WARNING - No viable dags retrieved from /opt/airflow/dags/5_taskflow_api/taskflow copy.py
[2023-08-09T03:35:21.322+0000] {processor.py:179} INFO - Processing /opt/airflow/dags/5_taskflow_api/taskflow copy.py took 0.033 seconds
[2023-08-09T03:35:51.899+0000] {processor.py:157} INFO - Started process (PID=7463) to work on /opt/airflow/dags/5_taskflow_api/taskflow copy.py
[2023-08-09T03:35:51.902+0000] {processor.py:826} INFO - Processing file /opt/airflow/dags/5_taskflow_api/taskflow copy.py for tasks to queue
[2023-08-09T03:35:51.902+0000] {logging_mixin.py:150} INFO - [2023-08-09T03:35:51.902+0000] {dagbag.py:541} INFO - Filling up the DagBag from /opt/airflow/dags/5_taskflow_api/taskflow copy.py
[2023-08-09T03:35:51.908+0000] {processor.py:838} WARNING - No viable dags retrieved from /opt/airflow/dags/5_taskflow_api/taskflow copy.py
[2023-08-09T03:35:51.921+0000] {processor.py:179} INFO - Processing /opt/airflow/dags/5_taskflow_api/taskflow copy.py took 0.025 seconds
[2023-08-09T03:36:22.502+0000] {processor.py:157} INFO - Started process (PID=7478) to work on /opt/airflow/dags/5_taskflow_api/taskflow copy.py
[2023-08-09T03:36:22.504+0000] {processor.py:826} INFO - Processing file /opt/airflow/dags/5_taskflow_api/taskflow copy.py for tasks to queue
[2023-08-09T03:36:22.505+0000] {logging_mixin.py:150} INFO - [2023-08-09T03:36:22.505+0000] {dagbag.py:541} INFO - Filling up the DagBag from /opt/airflow/dags/5_taskflow_api/taskflow copy.py
[2023-08-09T03:36:22.511+0000] {processor.py:838} WARNING - No viable dags retrieved from /opt/airflow/dags/5_taskflow_api/taskflow copy.py
[2023-08-09T03:36:22.525+0000] {processor.py:179} INFO - Processing /opt/airflow/dags/5_taskflow_api/taskflow copy.py took 0.026 seconds
[2023-08-09T03:36:53.139+0000] {processor.py:157} INFO - Started process (PID=7493) to work on /opt/airflow/dags/5_taskflow_api/taskflow copy.py
[2023-08-09T03:36:53.141+0000] {processor.py:826} INFO - Processing file /opt/airflow/dags/5_taskflow_api/taskflow copy.py for tasks to queue
[2023-08-09T03:36:53.142+0000] {logging_mixin.py:150} INFO - [2023-08-09T03:36:53.142+0000] {dagbag.py:541} INFO - Filling up the DagBag from /opt/airflow/dags/5_taskflow_api/taskflow copy.py
[2023-08-09T03:36:53.149+0000] {processor.py:838} WARNING - No viable dags retrieved from /opt/airflow/dags/5_taskflow_api/taskflow copy.py
[2023-08-09T03:36:53.164+0000] {processor.py:179} INFO - Processing /opt/airflow/dags/5_taskflow_api/taskflow copy.py took 0.028 seconds
[2023-08-09T03:37:23.514+0000] {processor.py:157} INFO - Started process (PID=7508) to work on /opt/airflow/dags/5_taskflow_api/taskflow copy.py
[2023-08-09T03:37:23.516+0000] {processor.py:826} INFO - Processing file /opt/airflow/dags/5_taskflow_api/taskflow copy.py for tasks to queue
[2023-08-09T03:37:23.517+0000] {logging_mixin.py:150} INFO - [2023-08-09T03:37:23.517+0000] {dagbag.py:541} INFO - Filling up the DagBag from /opt/airflow/dags/5_taskflow_api/taskflow copy.py
[2023-08-09T03:37:23.523+0000] {processor.py:838} WARNING - No viable dags retrieved from /opt/airflow/dags/5_taskflow_api/taskflow copy.py
[2023-08-09T03:37:23.537+0000] {processor.py:179} INFO - Processing /opt/airflow/dags/5_taskflow_api/taskflow copy.py took 0.026 seconds
[2023-08-09T03:37:54.006+0000] {processor.py:157} INFO - Started process (PID=7523) to work on /opt/airflow/dags/5_taskflow_api/taskflow copy.py
[2023-08-09T03:37:54.008+0000] {processor.py:826} INFO - Processing file /opt/airflow/dags/5_taskflow_api/taskflow copy.py for tasks to queue
[2023-08-09T03:37:54.009+0000] {logging_mixin.py:150} INFO - [2023-08-09T03:37:54.008+0000] {dagbag.py:541} INFO - Filling up the DagBag from /opt/airflow/dags/5_taskflow_api/taskflow copy.py
[2023-08-09T03:37:54.016+0000] {processor.py:838} WARNING - No viable dags retrieved from /opt/airflow/dags/5_taskflow_api/taskflow copy.py
[2023-08-09T03:37:54.032+0000] {processor.py:179} INFO - Processing /opt/airflow/dags/5_taskflow_api/taskflow copy.py took 0.030 seconds
