[2023-08-09T03:04:12.908+0000] {processor.py:157} INFO - Started process (PID=6495) to work on /opt/airflow/dags/5_taskflow_api/taskflow3.py
[2023-08-09T03:04:12.909+0000] {processor.py:826} INFO - Processing file /opt/airflow/dags/5_taskflow_api/taskflow3.py for tasks to queue
[2023-08-09T03:04:12.910+0000] {logging_mixin.py:150} INFO - [2023-08-09T03:04:12.910+0000] {dagbag.py:541} INFO - Filling up the DagBag from /opt/airflow/dags/5_taskflow_api/taskflow3.py
[2023-08-09T03:04:12.924+0000] {logging_mixin.py:150} INFO - [2023-08-09T03:04:12.923+0000] {dagbag.py:350} ERROR - Failed to import: /opt/airflow/dags/5_taskflow_api/taskflow3.py
Traceback (most recent call last):
  File "/home/airflow/.local/lib/python3.7/site-packages/airflow/models/dagbag.py", line 346, in parse
    loader.exec_module(new_module)
  File "<frozen importlib._bootstrap_external>", line 728, in exec_module
  File "<frozen importlib._bootstrap>", line 219, in _call_with_frames_removed
  File "/opt/airflow/dags/5_taskflow_api/taskflow3.py", line 53, in <module>
    task1 >> [task2, task3]    # task1 followed by task2 and task3
NameError: name 'task1' is not defined
[2023-08-09T03:04:12.925+0000] {processor.py:838} WARNING - No viable dags retrieved from /opt/airflow/dags/5_taskflow_api/taskflow3.py
[2023-08-09T03:04:12.942+0000] {processor.py:179} INFO - Processing /opt/airflow/dags/5_taskflow_api/taskflow3.py took 0.037 seconds
[2023-08-09T03:04:27.265+0000] {processor.py:157} INFO - Started process (PID=6499) to work on /opt/airflow/dags/5_taskflow_api/taskflow3.py
[2023-08-09T03:04:27.267+0000] {processor.py:826} INFO - Processing file /opt/airflow/dags/5_taskflow_api/taskflow3.py for tasks to queue
[2023-08-09T03:04:27.268+0000] {logging_mixin.py:150} INFO - [2023-08-09T03:04:27.268+0000] {dagbag.py:541} INFO - Filling up the DagBag from /opt/airflow/dags/5_taskflow_api/taskflow3.py
[2023-08-09T03:04:27.287+0000] {processor.py:836} INFO - DAG(s) dict_keys(['taskflow']) retrieved from /opt/airflow/dags/5_taskflow_api/taskflow3.py
[2023-08-09T03:04:27.448+0000] {logging_mixin.py:150} INFO - [2023-08-09T03:04:27.448+0000] {dag.py:2742} INFO - Sync 1 DAGs
[2023-08-09T03:04:27.461+0000] {logging_mixin.py:150} INFO - [2023-08-09T03:04:27.461+0000] {dag.py:3508} INFO - Setting next_dagrun for taskflow to 2023-08-08T00:00:00+00:00, run_after=2023-08-09T00:00:00+00:00
[2023-08-09T03:04:27.510+0000] {processor.py:179} INFO - Processing /opt/airflow/dags/5_taskflow_api/taskflow3.py took 0.248 seconds
[2023-08-09T03:04:57.623+0000] {processor.py:157} INFO - Started process (PID=6516) to work on /opt/airflow/dags/5_taskflow_api/taskflow3.py
[2023-08-09T03:04:57.625+0000] {processor.py:826} INFO - Processing file /opt/airflow/dags/5_taskflow_api/taskflow3.py for tasks to queue
[2023-08-09T03:04:57.626+0000] {logging_mixin.py:150} INFO - [2023-08-09T03:04:57.626+0000] {dagbag.py:541} INFO - Filling up the DagBag from /opt/airflow/dags/5_taskflow_api/taskflow3.py
[2023-08-09T03:04:57.640+0000] {processor.py:836} INFO - DAG(s) dict_keys(['taskflow']) retrieved from /opt/airflow/dags/5_taskflow_api/taskflow3.py
[2023-08-09T03:04:57.665+0000] {logging_mixin.py:150} INFO - [2023-08-09T03:04:57.665+0000] {dag.py:2742} INFO - Sync 1 DAGs
[2023-08-09T03:04:57.761+0000] {logging_mixin.py:150} INFO - [2023-08-09T03:04:57.761+0000] {dag.py:3508} INFO - Setting next_dagrun for taskflow to 2023-08-08T00:00:00+00:00, run_after=2023-08-09T00:00:00+00:00
[2023-08-09T03:04:57.772+0000] {processor.py:179} INFO - Processing /opt/airflow/dags/5_taskflow_api/taskflow3.py took 0.152 seconds
[2023-08-09T03:05:27.919+0000] {processor.py:157} INFO - Started process (PID=6532) to work on /opt/airflow/dags/5_taskflow_api/taskflow3.py
[2023-08-09T03:05:27.922+0000] {processor.py:826} INFO - Processing file /opt/airflow/dags/5_taskflow_api/taskflow3.py for tasks to queue
[2023-08-09T03:05:27.924+0000] {logging_mixin.py:150} INFO - [2023-08-09T03:05:27.924+0000] {dagbag.py:541} INFO - Filling up the DagBag from /opt/airflow/dags/5_taskflow_api/taskflow3.py
[2023-08-09T03:05:27.939+0000] {processor.py:836} INFO - DAG(s) dict_keys(['taskflow']) retrieved from /opt/airflow/dags/5_taskflow_api/taskflow3.py
[2023-08-09T03:05:27.962+0000] {logging_mixin.py:150} INFO - [2023-08-09T03:05:27.961+0000] {dag.py:2742} INFO - Sync 1 DAGs
[2023-08-09T03:05:28.051+0000] {logging_mixin.py:150} INFO - [2023-08-09T03:05:28.051+0000] {dag.py:3508} INFO - Setting next_dagrun for taskflow to 2023-08-08T00:00:00+00:00, run_after=2023-08-09T00:00:00+00:00
[2023-08-09T03:05:28.061+0000] {processor.py:179} INFO - Processing /opt/airflow/dags/5_taskflow_api/taskflow3.py took 0.148 seconds
[2023-08-09T03:05:58.107+0000] {processor.py:157} INFO - Started process (PID=6548) to work on /opt/airflow/dags/5_taskflow_api/taskflow3.py
[2023-08-09T03:05:58.109+0000] {processor.py:826} INFO - Processing file /opt/airflow/dags/5_taskflow_api/taskflow3.py for tasks to queue
[2023-08-09T03:05:58.110+0000] {logging_mixin.py:150} INFO - [2023-08-09T03:05:58.110+0000] {dagbag.py:541} INFO - Filling up the DagBag from /opt/airflow/dags/5_taskflow_api/taskflow3.py
[2023-08-09T03:05:58.122+0000] {processor.py:836} INFO - DAG(s) dict_keys(['taskflow']) retrieved from /opt/airflow/dags/5_taskflow_api/taskflow3.py
[2023-08-09T03:05:58.144+0000] {logging_mixin.py:150} INFO - [2023-08-09T03:05:58.143+0000] {dag.py:2742} INFO - Sync 1 DAGs
[2023-08-09T03:05:58.159+0000] {logging_mixin.py:150} INFO - [2023-08-09T03:05:58.159+0000] {dag.py:3508} INFO - Setting next_dagrun for taskflow to 2023-08-08T00:00:00+00:00, run_after=2023-08-09T00:00:00+00:00
[2023-08-09T03:05:58.170+0000] {processor.py:179} INFO - Processing /opt/airflow/dags/5_taskflow_api/taskflow3.py took 0.066 seconds
[2023-08-09T03:06:15.758+0000] {processor.py:157} INFO - Started process (PID=6562) to work on /opt/airflow/dags/5_taskflow_api/taskflow3.py
[2023-08-09T03:06:15.759+0000] {processor.py:826} INFO - Processing file /opt/airflow/dags/5_taskflow_api/taskflow3.py for tasks to queue
[2023-08-09T03:06:15.760+0000] {logging_mixin.py:150} INFO - [2023-08-09T03:06:15.760+0000] {dagbag.py:541} INFO - Filling up the DagBag from /opt/airflow/dags/5_taskflow_api/taskflow3.py
[2023-08-09T03:06:15.779+0000] {processor.py:836} INFO - DAG(s) dict_keys(['taskflow']) retrieved from /opt/airflow/dags/5_taskflow_api/taskflow3.py
[2023-08-09T03:06:15.948+0000] {logging_mixin.py:150} INFO - [2023-08-09T03:06:15.948+0000] {dag.py:2742} INFO - Sync 1 DAGs
[2023-08-09T03:06:15.963+0000] {logging_mixin.py:150} INFO - [2023-08-09T03:06:15.963+0000] {dag.py:3508} INFO - Setting next_dagrun for taskflow to 2023-08-08T00:00:00+00:00, run_after=2023-08-09T00:00:00+00:00
[2023-08-09T03:06:16.014+0000] {processor.py:179} INFO - Processing /opt/airflow/dags/5_taskflow_api/taskflow3.py took 0.260 seconds
[2023-08-09T03:06:46.160+0000] {processor.py:157} INFO - Started process (PID=6578) to work on /opt/airflow/dags/5_taskflow_api/taskflow3.py
[2023-08-09T03:06:46.162+0000] {processor.py:826} INFO - Processing file /opt/airflow/dags/5_taskflow_api/taskflow3.py for tasks to queue
[2023-08-09T03:06:46.164+0000] {logging_mixin.py:150} INFO - [2023-08-09T03:06:46.163+0000] {dagbag.py:541} INFO - Filling up the DagBag from /opt/airflow/dags/5_taskflow_api/taskflow3.py
[2023-08-09T03:06:46.180+0000] {processor.py:836} INFO - DAG(s) dict_keys(['taskflow']) retrieved from /opt/airflow/dags/5_taskflow_api/taskflow3.py
[2023-08-09T03:06:46.207+0000] {logging_mixin.py:150} INFO - [2023-08-09T03:06:46.207+0000] {dag.py:2742} INFO - Sync 1 DAGs
[2023-08-09T03:06:46.224+0000] {logging_mixin.py:150} INFO - [2023-08-09T03:06:46.224+0000] {dag.py:3508} INFO - Setting next_dagrun for taskflow to 2023-08-08T00:00:00+00:00, run_after=2023-08-09T00:00:00+00:00
[2023-08-09T03:06:46.312+0000] {processor.py:179} INFO - Processing /opt/airflow/dags/5_taskflow_api/taskflow3.py took 0.157 seconds
[2023-08-09T03:06:53.508+0000] {processor.py:157} INFO - Started process (PID=6579) to work on /opt/airflow/dags/5_taskflow_api/taskflow3.py
[2023-08-09T03:06:53.511+0000] {processor.py:826} INFO - Processing file /opt/airflow/dags/5_taskflow_api/taskflow3.py for tasks to queue
[2023-08-09T03:06:53.514+0000] {logging_mixin.py:150} INFO - [2023-08-09T03:06:53.513+0000] {dagbag.py:541} INFO - Filling up the DagBag from /opt/airflow/dags/5_taskflow_api/taskflow3.py
[2023-08-09T03:06:53.537+0000] {processor.py:836} INFO - DAG(s) dict_keys(['taskflow_test11']) retrieved from /opt/airflow/dags/5_taskflow_api/taskflow3.py
[2023-08-09T03:06:53.695+0000] {logging_mixin.py:150} INFO - [2023-08-09T03:06:53.694+0000] {dag.py:2742} INFO - Sync 1 DAGs
[2023-08-09T03:06:53.709+0000] {logging_mixin.py:150} INFO - [2023-08-09T03:06:53.709+0000] {dag.py:3508} INFO - Setting next_dagrun for taskflow_test11 to 2023-08-09T00:00:00+00:00, run_after=2023-08-10T00:00:00+00:00
[2023-08-09T03:06:53.751+0000] {processor.py:179} INFO - Processing /opt/airflow/dags/5_taskflow_api/taskflow3.py took 0.251 seconds
[2023-08-09T03:06:55.580+0000] {processor.py:157} INFO - Started process (PID=6580) to work on /opt/airflow/dags/5_taskflow_api/taskflow3.py
[2023-08-09T03:06:55.581+0000] {processor.py:826} INFO - Processing file /opt/airflow/dags/5_taskflow_api/taskflow3.py for tasks to queue
[2023-08-09T03:06:55.582+0000] {logging_mixin.py:150} INFO - [2023-08-09T03:06:55.582+0000] {dagbag.py:541} INFO - Filling up the DagBag from /opt/airflow/dags/5_taskflow_api/taskflow3.py
[2023-08-09T03:06:55.600+0000] {processor.py:836} INFO - DAG(s) dict_keys(['taskflow_test1ede1']) retrieved from /opt/airflow/dags/5_taskflow_api/taskflow3.py
[2023-08-09T03:06:55.759+0000] {logging_mixin.py:150} INFO - [2023-08-09T03:06:55.759+0000] {manager.py:504} INFO - Created Permission View: can delete on DAG:taskflow_test1ede1
[2023-08-09T03:06:55.766+0000] {logging_mixin.py:150} INFO - [2023-08-09T03:06:55.766+0000] {manager.py:504} INFO - Created Permission View: can read on DAG:taskflow_test1ede1
[2023-08-09T03:06:55.770+0000] {logging_mixin.py:150} INFO - [2023-08-09T03:06:55.770+0000] {manager.py:504} INFO - Created Permission View: can edit on DAG:taskflow_test1ede1
[2023-08-09T03:06:55.780+0000] {logging_mixin.py:150} INFO - [2023-08-09T03:06:55.780+0000] {dag.py:2742} INFO - Sync 1 DAGs
[2023-08-09T03:06:55.788+0000] {logging_mixin.py:150} INFO - [2023-08-09T03:06:55.788+0000] {dag.py:2763} INFO - Creating ORM DAG for taskflow_test1ede1
[2023-08-09T03:06:55.797+0000] {logging_mixin.py:150} INFO - [2023-08-09T03:06:55.796+0000] {dag.py:3508} INFO - Setting next_dagrun for taskflow_test1ede1 to 2023-08-08T00:00:00+00:00, run_after=2023-08-09T00:00:00+00:00
[2023-08-09T03:06:55.840+0000] {processor.py:179} INFO - Processing /opt/airflow/dags/5_taskflow_api/taskflow3.py took 0.264 seconds
[2023-08-09T03:07:26.841+0000] {processor.py:157} INFO - Started process (PID=6596) to work on /opt/airflow/dags/5_taskflow_api/taskflow3.py
[2023-08-09T03:07:26.844+0000] {processor.py:826} INFO - Processing file /opt/airflow/dags/5_taskflow_api/taskflow3.py for tasks to queue
[2023-08-09T03:07:26.845+0000] {logging_mixin.py:150} INFO - [2023-08-09T03:07:26.845+0000] {dagbag.py:541} INFO - Filling up the DagBag from /opt/airflow/dags/5_taskflow_api/taskflow3.py
[2023-08-09T03:07:26.861+0000] {processor.py:836} INFO - DAG(s) dict_keys(['taskflow_test1ede1']) retrieved from /opt/airflow/dags/5_taskflow_api/taskflow3.py
[2023-08-09T03:07:26.887+0000] {logging_mixin.py:150} INFO - [2023-08-09T03:07:26.887+0000] {dag.py:2742} INFO - Sync 1 DAGs
[2023-08-09T03:07:26.979+0000] {logging_mixin.py:150} INFO - [2023-08-09T03:07:26.979+0000] {dag.py:3508} INFO - Setting next_dagrun for taskflow_test1ede1 to 2023-08-08T00:00:00+00:00, run_after=2023-08-09T00:00:00+00:00
[2023-08-09T03:07:26.989+0000] {processor.py:179} INFO - Processing /opt/airflow/dags/5_taskflow_api/taskflow3.py took 0.151 seconds
[2023-08-09T03:07:40.948+0000] {processor.py:157} INFO - Started process (PID=6612) to work on /opt/airflow/dags/5_taskflow_api/taskflow3.py
[2023-08-09T03:07:40.950+0000] {processor.py:826} INFO - Processing file /opt/airflow/dags/5_taskflow_api/taskflow3.py for tasks to queue
[2023-08-09T03:07:40.952+0000] {logging_mixin.py:150} INFO - [2023-08-09T03:07:40.952+0000] {dagbag.py:541} INFO - Filling up the DagBag from /opt/airflow/dags/5_taskflow_api/taskflow3.py
[2023-08-09T03:07:40.971+0000] {logging_mixin.py:150} INFO - [2023-08-09T03:07:40.968+0000] {dagbag.py:350} ERROR - Failed to import: /opt/airflow/dags/5_taskflow_api/taskflow3.py
Traceback (most recent call last):
  File "/home/airflow/.local/lib/python3.7/site-packages/airflow/models/dagbag.py", line 346, in parse
    loader.exec_module(new_module)
  File "<frozen importlib._bootstrap_external>", line 728, in exec_module
  File "<frozen importlib._bootstrap>", line 219, in _call_with_frames_removed
  File "/opt/airflow/dags/5_taskflow_api/taskflow3.py", line 53, in <module>
    task4_output = execute_task4(task2_output, task3_output)
  File "/home/airflow/.local/lib/python3.7/site-packages/airflow/decorators/base.py", line 345, in __call__
    **self.kwargs,
  File "/home/airflow/.local/lib/python3.7/site-packages/airflow/models/baseoperator.py", line 437, in apply_defaults
    self.set_xcomargs_dependencies()
  File "/home/airflow/.local/lib/python3.7/site-packages/airflow/models/baseoperator.py", line 1173, in set_xcomargs_dependencies
    XComArg.apply_upstream_relationship(self, arg)
  File "/home/airflow/.local/lib/python3.7/site-packages/airflow/models/xcom_arg.py", line 124, in apply_upstream_relationship
    op.set_upstream(operator)
  File "/home/airflow/.local/lib/python3.7/site-packages/airflow/models/taskmixin.py", line 237, in set_upstream
    self._set_relatives(task_or_task_list, upstream=True, edge_modifier=edge_modifier)
  File "/home/airflow/.local/lib/python3.7/site-packages/airflow/models/taskmixin.py", line 200, in _set_relatives
    f"Tried to create relationships between tasks that don't have DAGs yet. "
airflow.exceptions.AirflowException: Tried to create relationships between tasks that don't have DAGs yet. Set the DAG for at least one task and try again: [<Task(_PythonDecoratedOperator): execute_task4>, <Task(_PythonDecoratedOperator): execute_task2>]
[2023-08-09T03:07:40.971+0000] {processor.py:838} WARNING - No viable dags retrieved from /opt/airflow/dags/5_taskflow_api/taskflow3.py
[2023-08-09T03:07:40.990+0000] {processor.py:179} INFO - Processing /opt/airflow/dags/5_taskflow_api/taskflow3.py took 0.048 seconds
[2023-08-09T03:08:03.395+0000] {processor.py:157} INFO - Started process (PID=6615) to work on /opt/airflow/dags/5_taskflow_api/taskflow3.py
[2023-08-09T03:08:03.398+0000] {processor.py:826} INFO - Processing file /opt/airflow/dags/5_taskflow_api/taskflow3.py for tasks to queue
[2023-08-09T03:08:03.400+0000] {logging_mixin.py:150} INFO - [2023-08-09T03:08:03.399+0000] {dagbag.py:541} INFO - Filling up the DagBag from /opt/airflow/dags/5_taskflow_api/taskflow3.py
[2023-08-09T03:08:03.412+0000] {processor.py:838} WARNING - No viable dags retrieved from /opt/airflow/dags/5_taskflow_api/taskflow3.py
[2023-08-09T03:08:03.429+0000] {processor.py:179} INFO - Processing /opt/airflow/dags/5_taskflow_api/taskflow3.py took 0.040 seconds
[2023-08-09T03:08:34.379+0000] {processor.py:157} INFO - Started process (PID=6631) to work on /opt/airflow/dags/5_taskflow_api/taskflow3.py
[2023-08-09T03:08:34.380+0000] {processor.py:826} INFO - Processing file /opt/airflow/dags/5_taskflow_api/taskflow3.py for tasks to queue
[2023-08-09T03:08:34.381+0000] {logging_mixin.py:150} INFO - [2023-08-09T03:08:34.381+0000] {dagbag.py:541} INFO - Filling up the DagBag from /opt/airflow/dags/5_taskflow_api/taskflow3.py
[2023-08-09T03:08:34.393+0000] {processor.py:838} WARNING - No viable dags retrieved from /opt/airflow/dags/5_taskflow_api/taskflow3.py
[2023-08-09T03:08:34.405+0000] {processor.py:179} INFO - Processing /opt/airflow/dags/5_taskflow_api/taskflow3.py took 0.029 seconds
[2023-08-09T03:08:52.201+0000] {processor.py:157} INFO - Started process (PID=6645) to work on /opt/airflow/dags/5_taskflow_api/taskflow3.py
[2023-08-09T03:08:52.203+0000] {processor.py:826} INFO - Processing file /opt/airflow/dags/5_taskflow_api/taskflow3.py for tasks to queue
[2023-08-09T03:08:52.205+0000] {logging_mixin.py:150} INFO - [2023-08-09T03:08:52.205+0000] {dagbag.py:541} INFO - Filling up the DagBag from /opt/airflow/dags/5_taskflow_api/taskflow3.py
[2023-08-09T03:08:52.220+0000] {processor.py:838} WARNING - No viable dags retrieved from /opt/airflow/dags/5_taskflow_api/taskflow3.py
[2023-08-09T03:08:52.236+0000] {processor.py:179} INFO - Processing /opt/airflow/dags/5_taskflow_api/taskflow3.py took 0.041 seconds
[2023-08-09T03:09:22.595+0000] {processor.py:157} INFO - Started process (PID=6661) to work on /opt/airflow/dags/5_taskflow_api/taskflow3.py
[2023-08-09T03:09:22.597+0000] {processor.py:826} INFO - Processing file /opt/airflow/dags/5_taskflow_api/taskflow3.py for tasks to queue
[2023-08-09T03:09:22.599+0000] {logging_mixin.py:150} INFO - [2023-08-09T03:09:22.598+0000] {dagbag.py:541} INFO - Filling up the DagBag from /opt/airflow/dags/5_taskflow_api/taskflow3.py
[2023-08-09T03:09:22.606+0000] {processor.py:838} WARNING - No viable dags retrieved from /opt/airflow/dags/5_taskflow_api/taskflow3.py
[2023-08-09T03:09:22.621+0000] {processor.py:179} INFO - Processing /opt/airflow/dags/5_taskflow_api/taskflow3.py took 0.031 seconds
[2023-08-09T03:09:52.804+0000] {processor.py:157} INFO - Started process (PID=6677) to work on /opt/airflow/dags/5_taskflow_api/taskflow3.py
[2023-08-09T03:09:52.806+0000] {processor.py:826} INFO - Processing file /opt/airflow/dags/5_taskflow_api/taskflow3.py for tasks to queue
[2023-08-09T03:09:52.808+0000] {logging_mixin.py:150} INFO - [2023-08-09T03:09:52.807+0000] {dagbag.py:541} INFO - Filling up the DagBag from /opt/airflow/dags/5_taskflow_api/taskflow3.py
[2023-08-09T03:09:52.816+0000] {processor.py:838} WARNING - No viable dags retrieved from /opt/airflow/dags/5_taskflow_api/taskflow3.py
[2023-08-09T03:09:52.840+0000] {processor.py:179} INFO - Processing /opt/airflow/dags/5_taskflow_api/taskflow3.py took 0.043 seconds
[2023-08-09T03:10:13.582+0000] {processor.py:157} INFO - Started process (PID=6693) to work on /opt/airflow/dags/5_taskflow_api/taskflow3.py
[2023-08-09T03:10:13.586+0000] {processor.py:826} INFO - Processing file /opt/airflow/dags/5_taskflow_api/taskflow3.py for tasks to queue
[2023-08-09T03:10:13.588+0000] {logging_mixin.py:150} INFO - [2023-08-09T03:10:13.587+0000] {dagbag.py:541} INFO - Filling up the DagBag from /opt/airflow/dags/5_taskflow_api/taskflow3.py
[2023-08-09T03:10:13.601+0000] {processor.py:838} WARNING - No viable dags retrieved from /opt/airflow/dags/5_taskflow_api/taskflow3.py
[2023-08-09T03:10:13.615+0000] {processor.py:179} INFO - Processing /opt/airflow/dags/5_taskflow_api/taskflow3.py took 0.038 seconds
[2023-08-09T03:10:15.700+0000] {processor.py:157} INFO - Started process (PID=6694) to work on /opt/airflow/dags/5_taskflow_api/taskflow3.py
[2023-08-09T03:10:15.703+0000] {processor.py:826} INFO - Processing file /opt/airflow/dags/5_taskflow_api/taskflow3.py for tasks to queue
[2023-08-09T03:10:15.705+0000] {logging_mixin.py:150} INFO - [2023-08-09T03:10:15.704+0000] {dagbag.py:541} INFO - Filling up the DagBag from /opt/airflow/dags/5_taskflow_api/taskflow3.py
[2023-08-09T03:10:15.717+0000] {processor.py:838} WARNING - No viable dags retrieved from /opt/airflow/dags/5_taskflow_api/taskflow3.py
[2023-08-09T03:10:15.731+0000] {processor.py:179} INFO - Processing /opt/airflow/dags/5_taskflow_api/taskflow3.py took 0.036 seconds
[2023-08-09T03:10:40.200+0000] {processor.py:157} INFO - Started process (PID=6699) to work on /opt/airflow/dags/5_taskflow_api/taskflow3.py
[2023-08-09T03:10:40.202+0000] {processor.py:826} INFO - Processing file /opt/airflow/dags/5_taskflow_api/taskflow3.py for tasks to queue
[2023-08-09T03:10:40.203+0000] {logging_mixin.py:150} INFO - [2023-08-09T03:10:40.202+0000] {dagbag.py:541} INFO - Filling up the DagBag from /opt/airflow/dags/5_taskflow_api/taskflow3.py
[2023-08-09T03:10:40.213+0000] {processor.py:838} WARNING - No viable dags retrieved from /opt/airflow/dags/5_taskflow_api/taskflow3.py
[2023-08-09T03:10:40.228+0000] {processor.py:179} INFO - Processing /opt/airflow/dags/5_taskflow_api/taskflow3.py took 0.031 seconds
[2023-08-09T03:11:10.422+0000] {processor.py:157} INFO - Started process (PID=6715) to work on /opt/airflow/dags/5_taskflow_api/taskflow3.py
[2023-08-09T03:11:10.424+0000] {processor.py:826} INFO - Processing file /opt/airflow/dags/5_taskflow_api/taskflow3.py for tasks to queue
[2023-08-09T03:11:10.426+0000] {logging_mixin.py:150} INFO - [2023-08-09T03:11:10.425+0000] {dagbag.py:541} INFO - Filling up the DagBag from /opt/airflow/dags/5_taskflow_api/taskflow3.py
[2023-08-09T03:11:10.434+0000] {processor.py:838} WARNING - No viable dags retrieved from /opt/airflow/dags/5_taskflow_api/taskflow3.py
[2023-08-09T03:11:10.450+0000] {processor.py:179} INFO - Processing /opt/airflow/dags/5_taskflow_api/taskflow3.py took 0.033 seconds
[2023-08-09T03:11:17.118+0000] {processor.py:157} INFO - Started process (PID=6727) to work on /opt/airflow/dags/5_taskflow_api/taskflow3.py
[2023-08-09T03:11:17.120+0000] {processor.py:826} INFO - Processing file /opt/airflow/dags/5_taskflow_api/taskflow3.py for tasks to queue
[2023-08-09T03:11:17.122+0000] {logging_mixin.py:150} INFO - [2023-08-09T03:11:17.122+0000] {dagbag.py:541} INFO - Filling up the DagBag from /opt/airflow/dags/5_taskflow_api/taskflow3.py
[2023-08-09T03:11:17.140+0000] {processor.py:838} WARNING - No viable dags retrieved from /opt/airflow/dags/5_taskflow_api/taskflow3.py
[2023-08-09T03:11:17.164+0000] {processor.py:179} INFO - Processing /opt/airflow/dags/5_taskflow_api/taskflow3.py took 0.053 seconds
[2023-08-09T03:11:47.344+0000] {processor.py:157} INFO - Started process (PID=6744) to work on /opt/airflow/dags/5_taskflow_api/taskflow3.py
[2023-08-09T03:11:47.347+0000] {processor.py:826} INFO - Processing file /opt/airflow/dags/5_taskflow_api/taskflow3.py for tasks to queue
[2023-08-09T03:11:47.349+0000] {logging_mixin.py:150} INFO - [2023-08-09T03:11:47.349+0000] {dagbag.py:541} INFO - Filling up the DagBag from /opt/airflow/dags/5_taskflow_api/taskflow3.py
[2023-08-09T03:11:47.360+0000] {processor.py:838} WARNING - No viable dags retrieved from /opt/airflow/dags/5_taskflow_api/taskflow3.py
[2023-08-09T03:11:47.376+0000] {processor.py:179} INFO - Processing /opt/airflow/dags/5_taskflow_api/taskflow3.py took 0.039 seconds
[2023-08-09T03:12:17.448+0000] {processor.py:157} INFO - Started process (PID=6760) to work on /opt/airflow/dags/5_taskflow_api/taskflow3.py
[2023-08-09T03:12:17.453+0000] {processor.py:826} INFO - Processing file /opt/airflow/dags/5_taskflow_api/taskflow3.py for tasks to queue
[2023-08-09T03:12:17.455+0000] {logging_mixin.py:150} INFO - [2023-08-09T03:12:17.455+0000] {dagbag.py:541} INFO - Filling up the DagBag from /opt/airflow/dags/5_taskflow_api/taskflow3.py
[2023-08-09T03:12:17.463+0000] {processor.py:838} WARNING - No viable dags retrieved from /opt/airflow/dags/5_taskflow_api/taskflow3.py
[2023-08-09T03:12:17.481+0000] {processor.py:179} INFO - Processing /opt/airflow/dags/5_taskflow_api/taskflow3.py took 0.040 seconds
[2023-08-09T03:12:18.537+0000] {processor.py:157} INFO - Started process (PID=6761) to work on /opt/airflow/dags/5_taskflow_api/taskflow3.py
[2023-08-09T03:12:18.538+0000] {processor.py:826} INFO - Processing file /opt/airflow/dags/5_taskflow_api/taskflow3.py for tasks to queue
[2023-08-09T03:12:18.539+0000] {logging_mixin.py:150} INFO - [2023-08-09T03:12:18.538+0000] {dagbag.py:541} INFO - Filling up the DagBag from /opt/airflow/dags/5_taskflow_api/taskflow3.py
[2023-08-09T03:12:18.556+0000] {processor.py:836} INFO - DAG(s) dict_keys(['dag_taskfloww']) retrieved from /opt/airflow/dags/5_taskflow_api/taskflow3.py
[2023-08-09T03:12:18.707+0000] {logging_mixin.py:150} INFO - [2023-08-09T03:12:18.707+0000] {manager.py:504} INFO - Created Permission View: can delete on DAG:dag_taskfloww
[2023-08-09T03:12:18.713+0000] {logging_mixin.py:150} INFO - [2023-08-09T03:12:18.713+0000] {manager.py:504} INFO - Created Permission View: can read on DAG:dag_taskfloww
[2023-08-09T03:12:18.717+0000] {logging_mixin.py:150} INFO - [2023-08-09T03:12:18.717+0000] {manager.py:504} INFO - Created Permission View: can edit on DAG:dag_taskfloww
[2023-08-09T03:12:18.726+0000] {logging_mixin.py:150} INFO - [2023-08-09T03:12:18.726+0000] {dag.py:2742} INFO - Sync 1 DAGs
[2023-08-09T03:12:18.733+0000] {logging_mixin.py:150} INFO - [2023-08-09T03:12:18.733+0000] {dag.py:2763} INFO - Creating ORM DAG for dag_taskfloww
[2023-08-09T03:12:18.740+0000] {logging_mixin.py:150} INFO - [2023-08-09T03:12:18.740+0000] {dag.py:3508} INFO - Setting next_dagrun for dag_taskfloww to 2023-08-08T00:00:00+00:00, run_after=2023-08-09T00:00:00+00:00
[2023-08-09T03:12:18.786+0000] {processor.py:179} INFO - Processing /opt/airflow/dags/5_taskflow_api/taskflow3.py took 0.252 seconds
[2023-08-09T03:12:33.089+0000] {processor.py:157} INFO - Started process (PID=6762) to work on /opt/airflow/dags/5_taskflow_api/taskflow3.py
[2023-08-09T03:12:33.092+0000] {processor.py:826} INFO - Processing file /opt/airflow/dags/5_taskflow_api/taskflow3.py for tasks to queue
[2023-08-09T03:12:33.094+0000] {logging_mixin.py:150} INFO - [2023-08-09T03:12:33.094+0000] {dagbag.py:541} INFO - Filling up the DagBag from /opt/airflow/dags/5_taskflow_api/taskflow3.py
[2023-08-09T03:12:33.109+0000] {processor.py:838} WARNING - No viable dags retrieved from /opt/airflow/dags/5_taskflow_api/taskflow3.py
[2023-08-09T03:12:33.126+0000] {processor.py:179} INFO - Processing /opt/airflow/dags/5_taskflow_api/taskflow3.py took 0.044 seconds
[2023-08-09T03:13:04.017+0000] {processor.py:157} INFO - Started process (PID=6778) to work on /opt/airflow/dags/5_taskflow_api/taskflow3.py
[2023-08-09T03:13:04.023+0000] {processor.py:826} INFO - Processing file /opt/airflow/dags/5_taskflow_api/taskflow3.py for tasks to queue
[2023-08-09T03:13:04.025+0000] {logging_mixin.py:150} INFO - [2023-08-09T03:13:04.024+0000] {dagbag.py:541} INFO - Filling up the DagBag from /opt/airflow/dags/5_taskflow_api/taskflow3.py
[2023-08-09T03:13:04.035+0000] {processor.py:838} WARNING - No viable dags retrieved from /opt/airflow/dags/5_taskflow_api/taskflow3.py
[2023-08-09T03:13:04.052+0000] {processor.py:179} INFO - Processing /opt/airflow/dags/5_taskflow_api/taskflow3.py took 0.041 seconds
[2023-08-09T03:13:25.978+0000] {processor.py:157} INFO - Started process (PID=6794) to work on /opt/airflow/dags/5_taskflow_api/taskflow3.py
[2023-08-09T03:13:25.980+0000] {processor.py:826} INFO - Processing file /opt/airflow/dags/5_taskflow_api/taskflow3.py for tasks to queue
[2023-08-09T03:13:25.982+0000] {logging_mixin.py:150} INFO - [2023-08-09T03:13:25.981+0000] {dagbag.py:541} INFO - Filling up the DagBag from /opt/airflow/dags/5_taskflow_api/taskflow3.py
[2023-08-09T03:13:26.001+0000] {processor.py:838} WARNING - No viable dags retrieved from /opt/airflow/dags/5_taskflow_api/taskflow3.py
[2023-08-09T03:13:26.018+0000] {processor.py:179} INFO - Processing /opt/airflow/dags/5_taskflow_api/taskflow3.py took 0.047 seconds
[2023-08-09T03:13:50.143+0000] {processor.py:157} INFO - Started process (PID=6809) to work on /opt/airflow/dags/5_taskflow_api/taskflow3.py
[2023-08-09T03:13:50.145+0000] {processor.py:826} INFO - Processing file /opt/airflow/dags/5_taskflow_api/taskflow3.py for tasks to queue
[2023-08-09T03:13:50.147+0000] {logging_mixin.py:150} INFO - [2023-08-09T03:13:50.146+0000] {dagbag.py:541} INFO - Filling up the DagBag from /opt/airflow/dags/5_taskflow_api/taskflow3.py
[2023-08-09T03:13:50.156+0000] {processor.py:838} WARNING - No viable dags retrieved from /opt/airflow/dags/5_taskflow_api/taskflow3.py
[2023-08-09T03:13:50.169+0000] {processor.py:179} INFO - Processing /opt/airflow/dags/5_taskflow_api/taskflow3.py took 0.031 seconds
[2023-08-09T03:14:18.108+0000] {processor.py:157} INFO - Started process (PID=6824) to work on /opt/airflow/dags/5_taskflow_api/taskflow3.py
[2023-08-09T03:14:18.109+0000] {processor.py:826} INFO - Processing file /opt/airflow/dags/5_taskflow_api/taskflow3.py for tasks to queue
[2023-08-09T03:14:18.114+0000] {logging_mixin.py:150} INFO - [2023-08-09T03:14:18.113+0000] {dagbag.py:541} INFO - Filling up the DagBag from /opt/airflow/dags/5_taskflow_api/taskflow3.py
[2023-08-09T03:14:18.126+0000] {processor.py:838} WARNING - No viable dags retrieved from /opt/airflow/dags/5_taskflow_api/taskflow3.py
[2023-08-09T03:14:18.140+0000] {processor.py:179} INFO - Processing /opt/airflow/dags/5_taskflow_api/taskflow3.py took 0.036 seconds
[2023-08-09T03:14:28.300+0000] {processor.py:157} INFO - Started process (PID=6825) to work on /opt/airflow/dags/5_taskflow_api/taskflow3.py
[2023-08-09T03:14:28.302+0000] {processor.py:826} INFO - Processing file /opt/airflow/dags/5_taskflow_api/taskflow3.py for tasks to queue
[2023-08-09T03:14:28.303+0000] {logging_mixin.py:150} INFO - [2023-08-09T03:14:28.303+0000] {dagbag.py:541} INFO - Filling up the DagBag from /opt/airflow/dags/5_taskflow_api/taskflow3.py
[2023-08-09T03:14:28.315+0000] {processor.py:838} WARNING - No viable dags retrieved from /opt/airflow/dags/5_taskflow_api/taskflow3.py
[2023-08-09T03:14:28.332+0000] {processor.py:179} INFO - Processing /opt/airflow/dags/5_taskflow_api/taskflow3.py took 0.035 seconds
[2023-08-09T03:14:49.908+0000] {processor.py:157} INFO - Started process (PID=6840) to work on /opt/airflow/dags/5_taskflow_api/taskflow3.py
[2023-08-09T03:14:49.910+0000] {processor.py:826} INFO - Processing file /opt/airflow/dags/5_taskflow_api/taskflow3.py for tasks to queue
[2023-08-09T03:14:49.912+0000] {logging_mixin.py:150} INFO - [2023-08-09T03:14:49.911+0000] {dagbag.py:541} INFO - Filling up the DagBag from /opt/airflow/dags/5_taskflow_api/taskflow3.py
[2023-08-09T03:14:49.925+0000] {processor.py:838} WARNING - No viable dags retrieved from /opt/airflow/dags/5_taskflow_api/taskflow3.py
[2023-08-09T03:14:49.942+0000] {processor.py:179} INFO - Processing /opt/airflow/dags/5_taskflow_api/taskflow3.py took 0.039 seconds
[2023-08-09T03:15:20.052+0000] {processor.py:157} INFO - Started process (PID=6856) to work on /opt/airflow/dags/5_taskflow_api/taskflow3.py
[2023-08-09T03:15:20.055+0000] {processor.py:826} INFO - Processing file /opt/airflow/dags/5_taskflow_api/taskflow3.py for tasks to queue
[2023-08-09T03:15:20.057+0000] {logging_mixin.py:150} INFO - [2023-08-09T03:15:20.056+0000] {dagbag.py:541} INFO - Filling up the DagBag from /opt/airflow/dags/5_taskflow_api/taskflow3.py
[2023-08-09T03:15:20.065+0000] {processor.py:838} WARNING - No viable dags retrieved from /opt/airflow/dags/5_taskflow_api/taskflow3.py
[2023-08-09T03:15:20.079+0000] {processor.py:179} INFO - Processing /opt/airflow/dags/5_taskflow_api/taskflow3.py took 0.033 seconds
[2023-08-09T03:15:50.833+0000] {processor.py:157} INFO - Started process (PID=6871) to work on /opt/airflow/dags/5_taskflow_api/taskflow3.py
[2023-08-09T03:15:50.835+0000] {processor.py:826} INFO - Processing file /opt/airflow/dags/5_taskflow_api/taskflow3.py for tasks to queue
[2023-08-09T03:15:50.836+0000] {logging_mixin.py:150} INFO - [2023-08-09T03:15:50.836+0000] {dagbag.py:541} INFO - Filling up the DagBag from /opt/airflow/dags/5_taskflow_api/taskflow3.py
[2023-08-09T03:15:50.847+0000] {processor.py:838} WARNING - No viable dags retrieved from /opt/airflow/dags/5_taskflow_api/taskflow3.py
[2023-08-09T03:15:50.861+0000] {processor.py:179} INFO - Processing /opt/airflow/dags/5_taskflow_api/taskflow3.py took 0.031 seconds
[2023-08-09T03:15:53.950+0000] {processor.py:157} INFO - Started process (PID=6872) to work on /opt/airflow/dags/5_taskflow_api/taskflow3.py
[2023-08-09T03:15:53.952+0000] {processor.py:826} INFO - Processing file /opt/airflow/dags/5_taskflow_api/taskflow3.py for tasks to queue
[2023-08-09T03:15:53.954+0000] {logging_mixin.py:150} INFO - [2023-08-09T03:15:53.954+0000] {dagbag.py:541} INFO - Filling up the DagBag from /opt/airflow/dags/5_taskflow_api/taskflow3.py
[2023-08-09T03:15:53.967+0000] {processor.py:838} WARNING - No viable dags retrieved from /opt/airflow/dags/5_taskflow_api/taskflow3.py
[2023-08-09T03:15:53.983+0000] {processor.py:179} INFO - Processing /opt/airflow/dags/5_taskflow_api/taskflow3.py took 0.039 seconds
[2023-08-09T03:16:24.777+0000] {processor.py:157} INFO - Started process (PID=6887) to work on /opt/airflow/dags/5_taskflow_api/taskflow3.py
[2023-08-09T03:16:24.779+0000] {processor.py:826} INFO - Processing file /opt/airflow/dags/5_taskflow_api/taskflow3.py for tasks to queue
[2023-08-09T03:16:24.781+0000] {logging_mixin.py:150} INFO - [2023-08-09T03:16:24.781+0000] {dagbag.py:541} INFO - Filling up the DagBag from /opt/airflow/dags/5_taskflow_api/taskflow3.py
[2023-08-09T03:16:24.789+0000] {processor.py:838} WARNING - No viable dags retrieved from /opt/airflow/dags/5_taskflow_api/taskflow3.py
[2023-08-09T03:16:24.804+0000] {processor.py:179} INFO - Processing /opt/airflow/dags/5_taskflow_api/taskflow3.py took 0.032 seconds
[2023-08-09T03:16:43.024+0000] {processor.py:157} INFO - Started process (PID=6895) to work on /opt/airflow/dags/5_taskflow_api/taskflow3.py
[2023-08-09T03:16:43.025+0000] {processor.py:826} INFO - Processing file /opt/airflow/dags/5_taskflow_api/taskflow3.py for tasks to queue
[2023-08-09T03:16:43.027+0000] {logging_mixin.py:150} INFO - [2023-08-09T03:16:43.026+0000] {dagbag.py:541} INFO - Filling up the DagBag from /opt/airflow/dags/5_taskflow_api/taskflow3.py
[2023-08-09T03:16:43.045+0000] {processor.py:838} WARNING - No viable dags retrieved from /opt/airflow/dags/5_taskflow_api/taskflow3.py
[2023-08-09T03:16:43.066+0000] {processor.py:179} INFO - Processing /opt/airflow/dags/5_taskflow_api/taskflow3.py took 0.046 seconds
[2023-08-09T03:16:56.708+0000] {processor.py:157} INFO - Started process (PID=6903) to work on /opt/airflow/dags/5_taskflow_api/taskflow3.py
[2023-08-09T03:16:56.710+0000] {processor.py:826} INFO - Processing file /opt/airflow/dags/5_taskflow_api/taskflow3.py for tasks to queue
[2023-08-09T03:16:56.712+0000] {logging_mixin.py:150} INFO - [2023-08-09T03:16:56.711+0000] {dagbag.py:541} INFO - Filling up the DagBag from /opt/airflow/dags/5_taskflow_api/taskflow3.py
[2023-08-09T03:16:56.726+0000] {processor.py:838} WARNING - No viable dags retrieved from /opt/airflow/dags/5_taskflow_api/taskflow3.py
[2023-08-09T03:16:56.743+0000] {processor.py:179} INFO - Processing /opt/airflow/dags/5_taskflow_api/taskflow3.py took 0.041 seconds
[2023-08-09T03:17:22.805+0000] {processor.py:157} INFO - Started process (PID=6918) to work on /opt/airflow/dags/5_taskflow_api/taskflow3.py
[2023-08-09T03:17:22.808+0000] {processor.py:826} INFO - Processing file /opt/airflow/dags/5_taskflow_api/taskflow3.py for tasks to queue
[2023-08-09T03:17:22.810+0000] {logging_mixin.py:150} INFO - [2023-08-09T03:17:22.810+0000] {dagbag.py:541} INFO - Filling up the DagBag from /opt/airflow/dags/5_taskflow_api/taskflow3.py
[2023-08-09T03:17:22.825+0000] {processor.py:838} WARNING - No viable dags retrieved from /opt/airflow/dags/5_taskflow_api/taskflow3.py
[2023-08-09T03:17:22.840+0000] {processor.py:179} INFO - Processing /opt/airflow/dags/5_taskflow_api/taskflow3.py took 0.042 seconds
[2023-08-09T03:17:24.897+0000] {processor.py:157} INFO - Started process (PID=6919) to work on /opt/airflow/dags/5_taskflow_api/taskflow3.py
[2023-08-09T03:17:24.899+0000] {processor.py:826} INFO - Processing file /opt/airflow/dags/5_taskflow_api/taskflow3.py for tasks to queue
[2023-08-09T03:17:24.901+0000] {logging_mixin.py:150} INFO - [2023-08-09T03:17:24.900+0000] {dagbag.py:541} INFO - Filling up the DagBag from /opt/airflow/dags/5_taskflow_api/taskflow3.py
[2023-08-09T03:17:24.913+0000] {processor.py:838} WARNING - No viable dags retrieved from /opt/airflow/dags/5_taskflow_api/taskflow3.py
[2023-08-09T03:17:24.929+0000] {processor.py:179} INFO - Processing /opt/airflow/dags/5_taskflow_api/taskflow3.py took 0.037 seconds
[2023-08-09T03:17:55.091+0000] {processor.py:157} INFO - Started process (PID=6934) to work on /opt/airflow/dags/5_taskflow_api/taskflow3.py
[2023-08-09T03:17:55.093+0000] {processor.py:826} INFO - Processing file /opt/airflow/dags/5_taskflow_api/taskflow3.py for tasks to queue
[2023-08-09T03:17:55.095+0000] {logging_mixin.py:150} INFO - [2023-08-09T03:17:55.094+0000] {dagbag.py:541} INFO - Filling up the DagBag from /opt/airflow/dags/5_taskflow_api/taskflow3.py
[2023-08-09T03:17:55.101+0000] {processor.py:838} WARNING - No viable dags retrieved from /opt/airflow/dags/5_taskflow_api/taskflow3.py
[2023-08-09T03:17:55.116+0000] {processor.py:179} INFO - Processing /opt/airflow/dags/5_taskflow_api/taskflow3.py took 0.028 seconds
[2023-08-09T03:18:25.962+0000] {processor.py:157} INFO - Started process (PID=6949) to work on /opt/airflow/dags/5_taskflow_api/taskflow3.py
[2023-08-09T03:18:25.964+0000] {processor.py:826} INFO - Processing file /opt/airflow/dags/5_taskflow_api/taskflow3.py for tasks to queue
[2023-08-09T03:18:25.965+0000] {logging_mixin.py:150} INFO - [2023-08-09T03:18:25.965+0000] {dagbag.py:541} INFO - Filling up the DagBag from /opt/airflow/dags/5_taskflow_api/taskflow3.py
[2023-08-09T03:18:25.971+0000] {processor.py:838} WARNING - No viable dags retrieved from /opt/airflow/dags/5_taskflow_api/taskflow3.py
[2023-08-09T03:18:25.990+0000] {processor.py:179} INFO - Processing /opt/airflow/dags/5_taskflow_api/taskflow3.py took 0.032 seconds
[2023-08-09T03:18:56.585+0000] {processor.py:157} INFO - Started process (PID=6964) to work on /opt/airflow/dags/5_taskflow_api/taskflow3.py
[2023-08-09T03:18:56.588+0000] {processor.py:826} INFO - Processing file /opt/airflow/dags/5_taskflow_api/taskflow3.py for tasks to queue
[2023-08-09T03:18:56.591+0000] {logging_mixin.py:150} INFO - [2023-08-09T03:18:56.590+0000] {dagbag.py:541} INFO - Filling up the DagBag from /opt/airflow/dags/5_taskflow_api/taskflow3.py
[2023-08-09T03:18:56.601+0000] {processor.py:838} WARNING - No viable dags retrieved from /opt/airflow/dags/5_taskflow_api/taskflow3.py
[2023-08-09T03:18:56.620+0000] {processor.py:179} INFO - Processing /opt/airflow/dags/5_taskflow_api/taskflow3.py took 0.042 seconds
