[2023-08-26T11:34:20.348+0000] {taskinstance.py:1159} INFO - Dependencies all met for dep_context=non-requeueable deps ti=<TaskInstance: jinja_sql_dag.incremental_insert_task scheduled__2023-08-25T11:02:20.801885+00:00 [queued]>
[2023-08-26T11:34:20.356+0000] {taskinstance.py:1159} INFO - Dependencies all met for dep_context=requeueable deps ti=<TaskInstance: jinja_sql_dag.incremental_insert_task scheduled__2023-08-25T11:02:20.801885+00:00 [queued]>
[2023-08-26T11:34:20.357+0000] {taskinstance.py:1361} INFO - Starting attempt 2 of 2
[2023-08-26T11:34:20.373+0000] {taskinstance.py:1382} INFO - Executing <Task(PostgresOperator): incremental_insert_task> on 2023-08-25 11:02:20.801885+00:00
[2023-08-26T11:34:20.378+0000] {standard_task_runner.py:57} INFO - Started process 6869 to run task
[2023-08-26T11:34:20.389+0000] {standard_task_runner.py:84} INFO - Running: ['***', 'tasks', 'run', 'jinja_sql_dag', 'incremental_insert_task', 'scheduled__2023-08-25T11:02:20.801885+00:00', '--job-id', '72', '--raw', '--subdir', 'DAGS_FOLDER/6_jinja/jinja_dev.py', '--cfg-path', '/tmp/tmpc8fa6zdd']
[2023-08-26T11:34:20.391+0000] {standard_task_runner.py:85} INFO - Job 72: Subtask incremental_insert_task
[2023-08-26T11:34:20.475+0000] {task_command.py:415} INFO - Running <TaskInstance: jinja_sql_dag.incremental_insert_task scheduled__2023-08-25T11:02:20.801885+00:00 [running]> on host 83fdf19a2df8
[2023-08-26T11:34:20.526+0000] {warnings.py:109} WARNING - /home/***/.local/lib/python3.8/site-packages/***/utils/context.py:206: AirflowContextDeprecationWarning: Accessing 'yesterday_ds' from the template is deprecated and will be removed in a future version.
  warnings.warn(_create_deprecation_warning(key, self._deprecation_replacements[key]))

[2023-08-26T11:34:20.559+0000] {taskinstance.py:1660} INFO - Exporting env vars: AIRFLOW_CTX_DAG_OWNER='***' AIRFLOW_CTX_DAG_ID='jinja_sql_dag' AIRFLOW_CTX_TASK_ID='incremental_insert_task' AIRFLOW_CTX_EXECUTION_DATE='2023-08-25T11:02:20.801885+00:00' AIRFLOW_CTX_TRY_NUMBER='2' AIRFLOW_CTX_DAG_RUN_ID='scheduled__2023-08-25T11:02:20.801885+00:00'
[2023-08-26T11:34:20.560+0000] {sql.py:274} INFO - Executing: 
        INSERT INTO final_destination
        SELECT * FROM public.sales
        WHERE load_date between 2023-08-24 and 2023-08-25;
    
[2023-08-26T11:34:20.571+0000] {base.py:73} INFO - Using connection ID 'postgresql_connection' for task execution.
[2023-08-26T11:34:20.584+0000] {base.py:73} INFO - Using connection ID 'postgresql_connection' for task execution.
[2023-08-26T11:34:20.591+0000] {sql.py:418} INFO - Running statement: 
        INSERT INTO final_destination
        SELECT * FROM public.sales
        WHERE load_date between 2023-08-24 and 2023-08-25;
    , parameters: None
[2023-08-26T11:34:20.594+0000] {taskinstance.py:1943} ERROR - Task failed with exception
Traceback (most recent call last):
  File "/home/airflow/.local/lib/python3.8/site-packages/airflow/providers/common/sql/operators/sql.py", line 280, in execute
    output = hook.run(
  File "/home/airflow/.local/lib/python3.8/site-packages/airflow/providers/common/sql/hooks/sql.py", line 392, in run
    self._run_command(cur, sql_statement, parameters)
  File "/home/airflow/.local/lib/python3.8/site-packages/airflow/providers/common/sql/hooks/sql.py", line 423, in _run_command
    cur.execute(sql_statement)
psycopg2.errors.UndefinedFunction: operator does not exist: date >= integer
LINE 4:         WHERE load_date between 2023-08-24 and 2023-08-25;
                                ^
HINT:  No operator matches the given name and argument types. You might need to add explicit type casts.

[2023-08-26T11:34:20.604+0000] {taskinstance.py:1400} INFO - Marking task as FAILED. dag_id=jinja_sql_dag, task_id=incremental_insert_task, execution_date=20230825T110220, start_date=20230826T113420, end_date=20230826T113420
[2023-08-26T11:34:20.615+0000] {standard_task_runner.py:104} ERROR - Failed to execute job 72 for task incremental_insert_task (operator does not exist: date >= integer
LINE 4:         WHERE load_date between 2023-08-24 and 2023-08-25;
                                ^
HINT:  No operator matches the given name and argument types. You might need to add explicit type casts.
; 6869)
[2023-08-26T11:34:20.635+0000] {local_task_job_runner.py:228} INFO - Task exited with return code 1
[2023-08-26T11:34:20.656+0000] {taskinstance.py:2784} INFO - 0 downstream tasks scheduled from follow-on schedule check
