[2023-08-26T11:02:22.137+0000] {taskinstance.py:1159} INFO - Dependencies all met for dep_context=non-requeueable deps ti=<TaskInstance: jinja_sql_dag.clean_destination_postgresql scheduled__2023-08-25T11:02:20.801885+00:00 [queued]>
[2023-08-26T11:02:22.144+0000] {taskinstance.py:1159} INFO - Dependencies all met for dep_context=requeueable deps ti=<TaskInstance: jinja_sql_dag.clean_destination_postgresql scheduled__2023-08-25T11:02:20.801885+00:00 [queued]>
[2023-08-26T11:02:22.144+0000] {taskinstance.py:1361} INFO - Starting attempt 1 of 2
[2023-08-26T11:02:22.152+0000] {taskinstance.py:1382} INFO - Executing <Task(PostgresOperator): clean_destination_postgresql> on 2023-08-25 11:02:20.801885+00:00
[2023-08-26T11:02:22.156+0000] {standard_task_runner.py:57} INFO - Started process 6855 to run task
[2023-08-26T11:02:22.169+0000] {standard_task_runner.py:84} INFO - Running: ['***', 'tasks', 'run', 'jinja_sql_dag', 'clean_destination_postgresql', 'scheduled__2023-08-25T11:02:20.801885+00:00', '--job-id', '70', '--raw', '--subdir', 'DAGS_FOLDER/6_jinja/jinja_dev.py', '--cfg-path', '/tmp/tmpp6hqrv0v']
[2023-08-26T11:02:22.173+0000] {standard_task_runner.py:85} INFO - Job 70: Subtask clean_destination_postgresql
[2023-08-26T11:02:22.234+0000] {task_command.py:415} INFO - Running <TaskInstance: jinja_sql_dag.clean_destination_postgresql scheduled__2023-08-25T11:02:20.801885+00:00 [running]> on host 83fdf19a2df8
[2023-08-26T11:02:22.310+0000] {taskinstance.py:1660} INFO - Exporting env vars: AIRFLOW_CTX_DAG_OWNER='***' AIRFLOW_CTX_DAG_ID='jinja_sql_dag' AIRFLOW_CTX_TASK_ID='clean_destination_postgresql' AIRFLOW_CTX_EXECUTION_DATE='2023-08-25T11:02:20.801885+00:00' AIRFLOW_CTX_TRY_NUMBER='1' AIRFLOW_CTX_DAG_RUN_ID='scheduled__2023-08-25T11:02:20.801885+00:00'
[2023-08-26T11:02:22.311+0000] {sql.py:274} INFO - Executing: 
        CREATE TABLE IF NOT EXISTS final_destination (
            rank_game int, 
            name_game varchar(132), 
            platform varchar(4), 
            year_game varchar(4), 
            genre_game varchar(12), 
            publisher varchar(38), 
            NA_Sales decimal(4, 2), 
            EU_Sales decimal(4, 2), 
            JP_Sales decimal(4, 2), 
            Other_Sales decimal(4, 2), 
            Global_Sales decimal(4, 2), 
            load_date date
            );
    
[2023-08-26T11:02:22.320+0000] {base.py:73} INFO - Using connection ID 'postgresql_connection' for task execution.
[2023-08-26T11:02:22.333+0000] {base.py:73} INFO - Using connection ID 'postgresql_connection' for task execution.
[2023-08-26T11:02:22.342+0000] {sql.py:418} INFO - Running statement: 
        CREATE TABLE IF NOT EXISTS final_destination (
            rank_game int, 
            name_game varchar(132), 
            platform varchar(4), 
            year_game varchar(4), 
            genre_game varchar(12), 
            publisher varchar(38), 
            NA_Sales decimal(4, 2), 
            EU_Sales decimal(4, 2), 
            JP_Sales decimal(4, 2), 
            Other_Sales decimal(4, 2), 
            Global_Sales decimal(4, 2), 
            load_date date
            );
    , parameters: None
[2023-08-26T11:02:22.355+0000] {taskinstance.py:1400} INFO - Marking task as SUCCESS. dag_id=jinja_sql_dag, task_id=clean_destination_postgresql, execution_date=20230825T110220, start_date=20230826T110222, end_date=20230826T110222
[2023-08-26T11:02:22.377+0000] {local_task_job_runner.py:228} INFO - Task exited with return code 0
[2023-08-26T11:02:22.400+0000] {taskinstance.py:2784} INFO - 1 downstream tasks scheduled from follow-on schedule check
