[2023-08-24T03:25:34.558+0000] {taskinstance.py:1159} INFO - Dependencies all met for dep_context=non-requeueable deps ti=<TaskInstance: your_first_dag.task2 scheduled__2023-08-23T00:00:00+00:00 [queued]>
[2023-08-24T03:25:34.574+0000] {taskinstance.py:1159} INFO - Dependencies all met for dep_context=requeueable deps ti=<TaskInstance: your_first_dag.task2 scheduled__2023-08-23T00:00:00+00:00 [queued]>
[2023-08-24T03:25:34.575+0000] {taskinstance.py:1361} INFO - Starting attempt 1 of 1
[2023-08-24T03:25:34.594+0000] {taskinstance.py:1382} INFO - Executing <Task(BashOperator): task2> on 2023-08-23 00:00:00+00:00
[2023-08-24T03:25:34.604+0000] {standard_task_runner.py:57} INFO - Started process 75 to run task
[2023-08-24T03:25:34.623+0000] {standard_task_runner.py:84} INFO - Running: ['***', 'tasks', 'run', 'your_first_dag', 'task2', 'scheduled__2023-08-23T00:00:00+00:00', '--job-id', '7', '--raw', '--subdir', 'DAGS_FOLDER/1_first_dag/first_dag.py', '--cfg-path', '/tmp/tmpk609ie1z']
[2023-08-24T03:25:34.626+0000] {standard_task_runner.py:85} INFO - Job 7: Subtask task2
[2023-08-24T03:25:34.700+0000] {task_command.py:415} INFO - Running <TaskInstance: your_first_dag.task2 scheduled__2023-08-23T00:00:00+00:00 [running]> on host 60ae1308fad5
[2023-08-24T03:25:34.819+0000] {taskinstance.py:1660} INFO - Exporting env vars: AIRFLOW_CTX_DAG_OWNER='Willis' AIRFLOW_CTX_DAG_ID='your_first_dag' AIRFLOW_CTX_TASK_ID='task2' AIRFLOW_CTX_EXECUTION_DATE='2023-08-23T00:00:00+00:00' AIRFLOW_CTX_TRY_NUMBER='1' AIRFLOW_CTX_DAG_RUN_ID='scheduled__2023-08-23T00:00:00+00:00'
[2023-08-24T03:25:34.824+0000] {subprocess.py:63} INFO - Tmp dir root location: /tmp
[2023-08-24T03:25:34.825+0000] {subprocess.py:75} INFO - Running command: ['/bin/bash', '-c', 'echo "Task 2"']
[2023-08-24T03:25:34.848+0000] {subprocess.py:86} INFO - Output:
[2023-08-24T03:25:34.850+0000] {subprocess.py:93} INFO - Task 2
[2023-08-24T03:25:34.851+0000] {subprocess.py:97} INFO - Command exited with return code 0
[2023-08-24T03:25:34.894+0000] {taskinstance.py:1400} INFO - Marking task as SUCCESS. dag_id=your_first_dag, task_id=task2, execution_date=20230823T000000, start_date=20230824T032534, end_date=20230824T032534
[2023-08-24T03:25:34.947+0000] {local_task_job_runner.py:228} INFO - Task exited with return code 0
[2023-08-24T03:25:34.970+0000] {taskinstance.py:2784} INFO - 0 downstream tasks scheduled from follow-on schedule check
[2023-08-24T04:58:29.677+0000] {taskinstance.py:1159} INFO - Dependencies all met for dep_context=non-requeueable deps ti=<TaskInstance: your_first_dag.task2 scheduled__2023-08-23T00:00:00+00:00 [queued]>
[2023-08-24T04:58:29.683+0000] {taskinstance.py:1159} INFO - Dependencies all met for dep_context=requeueable deps ti=<TaskInstance: your_first_dag.task2 scheduled__2023-08-23T00:00:00+00:00 [queued]>
[2023-08-24T04:58:29.684+0000] {taskinstance.py:1361} INFO - Starting attempt 1 of 1
[2023-08-24T04:58:29.692+0000] {taskinstance.py:1382} INFO - Executing <Task(BashOperator): task2> on 2023-08-23 00:00:00+00:00
[2023-08-24T04:58:29.696+0000] {standard_task_runner.py:57} INFO - Started process 126 to run task
[2023-08-24T04:58:29.706+0000] {standard_task_runner.py:84} INFO - Running: ['***', 'tasks', 'run', 'your_first_dag', 'task2', 'scheduled__2023-08-23T00:00:00+00:00', '--job-id', '8', '--raw', '--subdir', 'DAGS_FOLDER/1_first_dag/first_dag.py', '--cfg-path', '/tmp/tmpgnk22mfm']
[2023-08-24T04:58:29.708+0000] {standard_task_runner.py:85} INFO - Job 8: Subtask task2
[2023-08-24T04:58:29.789+0000] {task_command.py:415} INFO - Running <TaskInstance: your_first_dag.task2 scheduled__2023-08-23T00:00:00+00:00 [running]> on host 4059ad9a5b0d
[2023-08-24T04:58:29.853+0000] {taskinstance.py:1660} INFO - Exporting env vars: AIRFLOW_CTX_DAG_OWNER='Willis' AIRFLOW_CTX_DAG_ID='your_first_dag' AIRFLOW_CTX_TASK_ID='task2' AIRFLOW_CTX_EXECUTION_DATE='2023-08-23T00:00:00+00:00' AIRFLOW_CTX_TRY_NUMBER='1' AIRFLOW_CTX_DAG_RUN_ID='scheduled__2023-08-23T00:00:00+00:00'
[2023-08-24T04:58:29.855+0000] {subprocess.py:63} INFO - Tmp dir root location: /tmp
[2023-08-24T04:58:29.855+0000] {subprocess.py:75} INFO - Running command: ['/bin/bash', '-c', 'echo "Task 2"']
[2023-08-24T04:58:29.864+0000] {subprocess.py:86} INFO - Output:
[2023-08-24T04:58:29.866+0000] {subprocess.py:93} INFO - Task 2
[2023-08-24T04:58:29.867+0000] {subprocess.py:97} INFO - Command exited with return code 0
[2023-08-24T04:58:29.902+0000] {taskinstance.py:1400} INFO - Marking task as SUCCESS. dag_id=your_first_dag, task_id=task2, execution_date=20230823T000000, start_date=20230824T045829, end_date=20230824T045829
[2023-08-24T04:58:29.957+0000] {local_task_job_runner.py:228} INFO - Task exited with return code 0
[2023-08-24T04:58:29.975+0000] {taskinstance.py:2784} INFO - 1 downstream tasks scheduled from follow-on schedule check
